{
	"configuration":{
		"server": "10.0.0.4"
		,"port": 11212
		,"unix socket": "(null)"
		,"protocol": "memcache_text"
		,"out_file": "(null)"
		,"client_stats": "(null)"
		,"run_count": 1
		,"debug": 0
		,"requests": 0
		,"clients": 2
		,"threads": 1
		,"test_time": 60
		,"ratio": "1:9"
		,"pipeline": 1
		,"data_size": 4096
		,"data_offset": 0
		,"random_data": "false"
		,"data_size_range": "0:0"
		,"data_size_list": ""
		,"data_size_pattern": "R"
		,"expiry_range": "9999:10000"
		,"data_import": "(null)"
		,"data_verify": "false"
		,"verify_only": "false"
		,"generate_keys": "false"
		,"key_prefix": "memtier-"
		,"key_minimum":           0
		,"key_maximum":        1000
		,"key_pattern": "R:R"
		,"key_stddev": 0.000000
		,"key_median": 0.000000
		,"reconnect_interval": 0
		,"multi_key_get": 9
		,"authenticate": ""
		,"select-db": 0
		,"no-expiry": "false"
		,"wait-ratio": "0:0"
		,"num-slaves": "0:0"
		,"wait-timeout": "0-0"
		}
	,"run information":{
		"Threads": 1
		,"Connections per thread": 2
		,"Seconds": 60
		}
	,"ALL STATS":{
		"Sets":{
			"Ops/sec": 163.16
			,"Hits/sec": 0.00
			,"Misses/sec": 0.00
			,"Latency": 6.62
			,"KB/sec": 658.93
			}
		,"Gets":{
			"Ops/sec": 163.15
			,"Hits/sec": 1468.33
			,"Misses/sec": 0.00
			,"Latency": 5.61
			,"KB/sec": 5931.95
			}
		,"Waits":{
			"Ops/sec": 0.00
			,"Hits/sec": 0.00
			,"Misses/sec": 0.00
			,"Latency": 0.00
			,"KB/sec": 0.00
			}
		,"Totals":{
			"Ops/sec": 326.31
			,"Hits/sec": 1468.33
			,"Misses/sec": 0.00
			,"Latency": 6.12
			,"KB/sec": 6590.88
			}
		,"SET":[
			{
				"<=msec": 1.200
				,"percent": 0.03
				}
			,{
				"<=msec": 1.300
				,"percent": 0.26
				}
			,{
				"<=msec": 1.400
				,"percent": 1.14
				}
			,{
				"<=msec": 1.500
				,"percent": 3.13
				}
			,{
				"<=msec": 1.600
				,"percent": 6.52
				}
			,{
				"<=msec": 1.700
				,"percent": 10.56
				}
			,{
				"<=msec": 1.800
				,"percent": 14.81
				}
			,{
				"<=msec": 1.900
				,"percent": 19.13
				}
			,{
				"<=msec": 2.000
				,"percent": 23.20
				}
			,{
				"<=msec": 2.100
				,"percent": 26.83
				}
			,{
				"<=msec": 2.200
				,"percent": 29.90
				}
			,{
				"<=msec": 2.300
				,"percent": 32.53
				}
			,{
				"<=msec": 2.400
				,"percent": 34.58
				}
			,{
				"<=msec": 2.500
				,"percent": 36.22
				}
			,{
				"<=msec": 2.600
				,"percent": 37.82
				}
			,{
				"<=msec": 2.700
				,"percent": 39.00
				}
			,{
				"<=msec": 2.800
				,"percent": 39.82
				}
			,{
				"<=msec": 2.900
				,"percent": 40.54
				}
			,{
				"<=msec": 3.000
				,"percent": 41.29
				}
			,{
				"<=msec": 3.100
				,"percent": 41.87
				}
			,{
				"<=msec": 3.200
				,"percent": 42.42
				}
			,{
				"<=msec": 3.300
				,"percent": 42.90
				}
			,{
				"<=msec": 3.400
				,"percent": 43.30
				}
			,{
				"<=msec": 3.500
				,"percent": 43.75
				}
			,{
				"<=msec": 3.600
				,"percent": 44.21
				}
			,{
				"<=msec": 3.700
				,"percent": 44.69
				}
			,{
				"<=msec": 3.800
				,"percent": 45.06
				}
			,{
				"<=msec": 3.900
				,"percent": 45.45
				}
			,{
				"<=msec": 4.000
				,"percent": 45.85
				}
			,{
				"<=msec": 4.100
				,"percent": 46.28
				}
			,{
				"<=msec": 4.200
				,"percent": 46.69
				}
			,{
				"<=msec": 4.300
				,"percent": 47.15
				}
			,{
				"<=msec": 4.400
				,"percent": 47.49
				}
			,{
				"<=msec": 4.500
				,"percent": 47.87
				}
			,{
				"<=msec": 4.600
				,"percent": 48.26
				}
			,{
				"<=msec": 4.700
				,"percent": 48.68
				}
			,{
				"<=msec": 4.800
				,"percent": 49.06
				}
			,{
				"<=msec": 4.900
				,"percent": 49.45
				}
			,{
				"<=msec": 5.000
				,"percent": 49.64
				}
			,{
				"<=msec": 5.100
				,"percent": 49.92
				}
			,{
				"<=msec": 5.200
				,"percent": 50.13
				}
			,{
				"<=msec": 5.300
				,"percent": 50.50
				}
			,{
				"<=msec": 5.400
				,"percent": 50.89
				}
			,{
				"<=msec": 5.500
				,"percent": 51.22
				}
			,{
				"<=msec": 5.600
				,"percent": 51.54
				}
			,{
				"<=msec": 5.700
				,"percent": 51.90
				}
			,{
				"<=msec": 5.800
				,"percent": 52.24
				}
			,{
				"<=msec": 5.900
				,"percent": 52.56
				}
			,{
				"<=msec": 6.000
				,"percent": 52.88
				}
			,{
				"<=msec": 6.100
				,"percent": 53.20
				}
			,{
				"<=msec": 6.200
				,"percent": 53.43
				}
			,{
				"<=msec": 6.300
				,"percent": 53.78
				}
			,{
				"<=msec": 6.400
				,"percent": 54.19
				}
			,{
				"<=msec": 6.500
				,"percent": 54.59
				}
			,{
				"<=msec": 6.600
				,"percent": 54.98
				}
			,{
				"<=msec": 6.700
				,"percent": 55.32
				}
			,{
				"<=msec": 6.800
				,"percent": 55.72
				}
			,{
				"<=msec": 6.900
				,"percent": 56.16
				}
			,{
				"<=msec": 7.000
				,"percent": 56.60
				}
			,{
				"<=msec": 7.100
				,"percent": 57.04
				}
			,{
				"<=msec": 7.200
				,"percent": 57.39
				}
			,{
				"<=msec": 7.300
				,"percent": 57.78
				}
			,{
				"<=msec": 7.400
				,"percent": 58.10
				}
			,{
				"<=msec": 7.500
				,"percent": 58.67
				}
			,{
				"<=msec": 7.600
				,"percent": 59.05
				}
			,{
				"<=msec": 7.700
				,"percent": 59.56
				}
			,{
				"<=msec": 7.800
				,"percent": 59.95
				}
			,{
				"<=msec": 7.900
				,"percent": 60.55
				}
			,{
				"<=msec": 8.000
				,"percent": 61.07
				}
			,{
				"<=msec": 8.100
				,"percent": 61.60
				}
			,{
				"<=msec": 8.200
				,"percent": 62.08
				}
			,{
				"<=msec": 8.300
				,"percent": 62.56
				}
			,{
				"<=msec": 8.400
				,"percent": 63.15
				}
			,{
				"<=msec": 8.500
				,"percent": 63.71
				}
			,{
				"<=msec": 8.600
				,"percent": 64.19
				}
			,{
				"<=msec": 8.700
				,"percent": 64.65
				}
			,{
				"<=msec": 8.800
				,"percent": 65.17
				}
			,{
				"<=msec": 8.900
				,"percent": 65.67
				}
			,{
				"<=msec": 9.000
				,"percent": 66.19
				}
			,{
				"<=msec": 9.100
				,"percent": 66.81
				}
			,{
				"<=msec": 9.200
				,"percent": 67.29
				}
			,{
				"<=msec": 9.300
				,"percent": 67.89
				}
			,{
				"<=msec": 9.400
				,"percent": 68.31
				}
			,{
				"<=msec": 9.500
				,"percent": 68.73
				}
			,{
				"<=msec": 9.600
				,"percent": 69.16
				}
			,{
				"<=msec": 9.700
				,"percent": 69.61
				}
			,{
				"<=msec": 9.800
				,"percent": 69.98
				}
			,{
				"<=msec": 9.900
				,"percent": 70.40
				}
			,{
				"<=msec": 10.000
				,"percent": 72.63
				}
			,{
				"<=msec": 11.000
				,"percent": 76.21
				}
			,{
				"<=msec": 12.000
				,"percent": 81.90
				}
			,{
				"<=msec": 13.000
				,"percent": 89.68
				}
			,{
				"<=msec": 14.000
				,"percent": 94.40
				}
			,{
				"<=msec": 15.000
				,"percent": 98.87
				}
			,{
				"<=msec": 16.000
				,"percent": 99.49
				}
			,{
				"<=msec": 17.000
				,"percent": 99.65
				}
			,{
				"<=msec": 18.000
				,"percent": 99.73
				}
			,{
				"<=msec": 19.000
				,"percent": 99.77
				}
			,{
				"<=msec": 20.000
				,"percent": 99.84
				}
			,{
				"<=msec": 21.000
				,"percent": 99.86
				}
			,{
				"<=msec": 22.000
				,"percent": 99.88
				}
			,{
				"<=msec": 23.000
				,"percent": 99.91
				}
			,{
				"<=msec": 25.000
				,"percent": 99.93
				}
			,{
				"<=msec": 28.000
				,"percent": 99.94
				}
			,{
				"<=msec": 29.000
				,"percent": 99.96
				}
			,{
				"<=msec": 30.000
				,"percent": 99.97
				}
			,{
				"<=msec": 31.000
				,"percent": 99.98
				}
			,{
				"<=msec": 33.000
				,"percent": 99.99
				}
			,{
				"<=msec": 34.000
				,"percent": 100.00
				}
			]
		,"GET":[
			{
				"<=msec": 1.600
				,"percent": 0.17
				}
			,{
				"<=msec": 1.700
				,"percent": 0.73
				}
			,{
				"<=msec": 1.800
				,"percent": 2.53
				}
			,{
				"<=msec": 1.900
				,"percent": 5.32
				}
			,{
				"<=msec": 2.000
				,"percent": 8.87
				}
			,{
				"<=msec": 2.100
				,"percent": 13.40
				}
			,{
				"<=msec": 2.200
				,"percent": 17.63
				}
			,{
				"<=msec": 2.300
				,"percent": 21.96
				}
			,{
				"<=msec": 2.400
				,"percent": 25.88
				}
			,{
				"<=msec": 2.500
				,"percent": 29.91
				}
			,{
				"<=msec": 2.600
				,"percent": 33.96
				}
			,{
				"<=msec": 2.700
				,"percent": 37.97
				}
			,{
				"<=msec": 2.800
				,"percent": 41.89
				}
			,{
				"<=msec": 2.900
				,"percent": 45.57
				}
			,{
				"<=msec": 3.000
				,"percent": 48.95
				}
			,{
				"<=msec": 3.100
				,"percent": 51.98
				}
			,{
				"<=msec": 3.200
				,"percent": 54.80
				}
			,{
				"<=msec": 3.300
				,"percent": 56.89
				}
			,{
				"<=msec": 3.400
				,"percent": 58.97
				}
			,{
				"<=msec": 3.500
				,"percent": 60.78
				}
			,{
				"<=msec": 3.600
				,"percent": 62.20
				}
			,{
				"<=msec": 3.700
				,"percent": 63.08
				}
			,{
				"<=msec": 3.800
				,"percent": 64.14
				}
			,{
				"<=msec": 3.900
				,"percent": 64.89
				}
			,{
				"<=msec": 4.000
				,"percent": 65.69
				}
			,{
				"<=msec": 4.100
				,"percent": 66.42
				}
			,{
				"<=msec": 4.200
				,"percent": 67.00
				}
			,{
				"<=msec": 4.300
				,"percent": 67.48
				}
			,{
				"<=msec": 4.400
				,"percent": 68.02
				}
			,{
				"<=msec": 4.500
				,"percent": 68.52
				}
			,{
				"<=msec": 4.600
				,"percent": 68.86
				}
			,{
				"<=msec": 4.700
				,"percent": 69.23
				}
			,{
				"<=msec": 4.800
				,"percent": 69.63
				}
			,{
				"<=msec": 4.900
				,"percent": 69.92
				}
			,{
				"<=msec": 5.000
				,"percent": 70.17
				}
			,{
				"<=msec": 5.100
				,"percent": 70.45
				}
			,{
				"<=msec": 5.200
				,"percent": 70.78
				}
			,{
				"<=msec": 5.300
				,"percent": 71.00
				}
			,{
				"<=msec": 5.400
				,"percent": 71.16
				}
			,{
				"<=msec": 5.500
				,"percent": 71.45
				}
			,{
				"<=msec": 5.600
				,"percent": 71.63
				}
			,{
				"<=msec": 5.700
				,"percent": 71.75
				}
			,{
				"<=msec": 5.800
				,"percent": 72.03
				}
			,{
				"<=msec": 5.900
				,"percent": 72.21
				}
			,{
				"<=msec": 6.000
				,"percent": 72.36
				}
			,{
				"<=msec": 6.100
				,"percent": 72.49
				}
			,{
				"<=msec": 6.200
				,"percent": 72.80
				}
			,{
				"<=msec": 6.300
				,"percent": 73.04
				}
			,{
				"<=msec": 6.400
				,"percent": 73.27
				}
			,{
				"<=msec": 6.500
				,"percent": 73.54
				}
			,{
				"<=msec": 6.600
				,"percent": 73.76
				}
			,{
				"<=msec": 6.700
				,"percent": 73.95
				}
			,{
				"<=msec": 6.800
				,"percent": 74.22
				}
			,{
				"<=msec": 6.900
				,"percent": 74.46
				}
			,{
				"<=msec": 7.000
				,"percent": 74.63
				}
			,{
				"<=msec": 7.100
				,"percent": 74.85
				}
			,{
				"<=msec": 7.200
				,"percent": 75.04
				}
			,{
				"<=msec": 7.300
				,"percent": 75.24
				}
			,{
				"<=msec": 7.400
				,"percent": 75.39
				}
			,{
				"<=msec": 7.500
				,"percent": 75.71
				}
			,{
				"<=msec": 7.600
				,"percent": 75.97
				}
			,{
				"<=msec": 7.700
				,"percent": 76.14
				}
			,{
				"<=msec": 7.800
				,"percent": 76.33
				}
			,{
				"<=msec": 7.900
				,"percent": 76.48
				}
			,{
				"<=msec": 8.000
				,"percent": 76.73
				}
			,{
				"<=msec": 8.100
				,"percent": 76.85
				}
			,{
				"<=msec": 8.200
				,"percent": 77.00
				}
			,{
				"<=msec": 8.300
				,"percent": 77.22
				}
			,{
				"<=msec": 8.400
				,"percent": 77.36
				}
			,{
				"<=msec": 8.500
				,"percent": 77.54
				}
			,{
				"<=msec": 8.600
				,"percent": 77.72
				}
			,{
				"<=msec": 8.700
				,"percent": 77.92
				}
			,{
				"<=msec": 8.800
				,"percent": 78.07
				}
			,{
				"<=msec": 8.900
				,"percent": 78.35
				}
			,{
				"<=msec": 9.000
				,"percent": 78.52
				}
			,{
				"<=msec": 9.100
				,"percent": 78.74
				}
			,{
				"<=msec": 9.200
				,"percent": 78.84
				}
			,{
				"<=msec": 9.300
				,"percent": 78.98
				}
			,{
				"<=msec": 9.400
				,"percent": 79.16
				}
			,{
				"<=msec": 9.500
				,"percent": 79.29
				}
			,{
				"<=msec": 9.600
				,"percent": 79.47
				}
			,{
				"<=msec": 9.700
				,"percent": 79.58
				}
			,{
				"<=msec": 9.800
				,"percent": 79.68
				}
			,{
				"<=msec": 9.900
				,"percent": 79.81
				}
			,{
				"<=msec": 10.000
				,"percent": 80.67
				}
			,{
				"<=msec": 11.000
				,"percent": 82.90
				}
			,{
				"<=msec": 12.000
				,"percent": 85.85
				}
			,{
				"<=msec": 13.000
				,"percent": 88.56
				}
			,{
				"<=msec": 14.000
				,"percent": 90.61
				}
			,{
				"<=msec": 15.000
				,"percent": 91.89
				}
			,{
				"<=msec": 16.000
				,"percent": 96.70
				}
			,{
				"<=msec": 17.000
				,"percent": 98.37
				}
			,{
				"<=msec": 18.000
				,"percent": 98.73
				}
			,{
				"<=msec": 19.000
				,"percent": 98.94
				}
			,{
				"<=msec": 20.000
				,"percent": 99.06
				}
			,{
				"<=msec": 21.000
				,"percent": 99.09
				}
			,{
				"<=msec": 22.000
				,"percent": 99.20
				}
			,{
				"<=msec": 23.000
				,"percent": 99.24
				}
			,{
				"<=msec": 24.000
				,"percent": 99.27
				}
			,{
				"<=msec": 25.000
				,"percent": 99.34
				}
			,{
				"<=msec": 26.000
				,"percent": 99.40
				}
			,{
				"<=msec": 27.000
				,"percent": 99.56
				}
			,{
				"<=msec": 28.000
				,"percent": 99.84
				}
			,{
				"<=msec": 29.000
				,"percent": 99.90
				}
			,{
				"<=msec": 30.000
				,"percent": 99.92
				}
			,{
				"<=msec": 31.000
				,"percent": 99.96
				}
			,{
				"<=msec": 32.000
				,"percent": 100.00
				}
			]
		,"WAIT":[
		]
		}
	}
