{
	"configuration":{
		"server": "10.0.0.4"
		,"port": 11212
		,"unix socket": "(null)"
		,"protocol": "memcache_text"
		,"out_file": "(null)"
		,"client_stats": "(null)"
		,"run_count": 1
		,"debug": 0
		,"requests": 0
		,"clients": 2
		,"threads": 1
		,"test_time": 60
		,"ratio": "1:3"
		,"pipeline": 1
		,"data_size": 4096
		,"data_offset": 0
		,"random_data": "false"
		,"data_size_range": "0:0"
		,"data_size_list": ""
		,"data_size_pattern": "R"
		,"expiry_range": "9999:10000"
		,"data_import": "(null)"
		,"data_verify": "false"
		,"verify_only": "false"
		,"generate_keys": "false"
		,"key_prefix": "memtier-"
		,"key_minimum":           0
		,"key_maximum":        1000
		,"key_pattern": "R:R"
		,"key_stddev": 0.000000
		,"key_median": 0.000000
		,"reconnect_interval": 0
		,"multi_key_get": 3
		,"authenticate": ""
		,"select-db": 0
		,"no-expiry": "false"
		,"wait-ratio": "0:0"
		,"num-slaves": "0:0"
		,"wait-timeout": "0-0"
		}
	,"run information":{
		"Threads": 1
		,"Connections per thread": 2
		,"Seconds": 60
		}
	,"ALL STATS":{
		"Sets":{
			"Ops/sec": 371.18
			,"Hits/sec": 0.00
			,"Misses/sec": 0.00
			,"Latency": 2.85
			,"KB/sec": 1499.00
			}
		,"Gets":{
			"Ops/sec": 371.16
			,"Hits/sec": 1113.49
			,"Misses/sec": 0.00
			,"Latency": 2.52
			,"KB/sec": 4500.85
			}
		,"Waits":{
			"Ops/sec": 0.00
			,"Hits/sec": 0.00
			,"Misses/sec": 0.00
			,"Latency": 0.00
			,"KB/sec": 0.00
			}
		,"Totals":{
			"Ops/sec": 742.35
			,"Hits/sec": 1113.49
			,"Misses/sec": 0.00
			,"Latency": 2.68
			,"KB/sec": 5999.85
			}
		,"SET":[
			{
				"<=msec": 1.100
				,"percent": 0.00
				}
			,{
				"<=msec": 1.200
				,"percent": 0.12
				}
			,{
				"<=msec": 1.300
				,"percent": 1.27
				}
			,{
				"<=msec": 1.400
				,"percent": 5.24
				}
			,{
				"<=msec": 1.500
				,"percent": 12.57
				}
			,{
				"<=msec": 1.600
				,"percent": 22.16
				}
			,{
				"<=msec": 1.700
				,"percent": 31.73
				}
			,{
				"<=msec": 1.800
				,"percent": 40.76
				}
			,{
				"<=msec": 1.900
				,"percent": 48.47
				}
			,{
				"<=msec": 2.000
				,"percent": 54.93
				}
			,{
				"<=msec": 2.100
				,"percent": 60.13
				}
			,{
				"<=msec": 2.200
				,"percent": 64.26
				}
			,{
				"<=msec": 2.300
				,"percent": 67.47
				}
			,{
				"<=msec": 2.400
				,"percent": 70.19
				}
			,{
				"<=msec": 2.500
				,"percent": 72.25
				}
			,{
				"<=msec": 2.600
				,"percent": 74.10
				}
			,{
				"<=msec": 2.700
				,"percent": 75.65
				}
			,{
				"<=msec": 2.800
				,"percent": 76.94
				}
			,{
				"<=msec": 2.900
				,"percent": 78.10
				}
			,{
				"<=msec": 3.000
				,"percent": 79.04
				}
			,{
				"<=msec": 3.100
				,"percent": 80.04
				}
			,{
				"<=msec": 3.200
				,"percent": 80.81
				}
			,{
				"<=msec": 3.300
				,"percent": 81.56
				}
			,{
				"<=msec": 3.400
				,"percent": 82.21
				}
			,{
				"<=msec": 3.500
				,"percent": 82.81
				}
			,{
				"<=msec": 3.600
				,"percent": 83.38
				}
			,{
				"<=msec": 3.700
				,"percent": 83.98
				}
			,{
				"<=msec": 3.800
				,"percent": 84.49
				}
			,{
				"<=msec": 3.900
				,"percent": 84.99
				}
			,{
				"<=msec": 4.000
				,"percent": 85.43
				}
			,{
				"<=msec": 4.100
				,"percent": 85.92
				}
			,{
				"<=msec": 4.200
				,"percent": 86.34
				}
			,{
				"<=msec": 4.300
				,"percent": 86.78
				}
			,{
				"<=msec": 4.400
				,"percent": 87.22
				}
			,{
				"<=msec": 4.500
				,"percent": 87.57
				}
			,{
				"<=msec": 4.600
				,"percent": 87.99
				}
			,{
				"<=msec": 4.700
				,"percent": 88.36
				}
			,{
				"<=msec": 4.800
				,"percent": 88.66
				}
			,{
				"<=msec": 4.900
				,"percent": 88.97
				}
			,{
				"<=msec": 5.000
				,"percent": 89.24
				}
			,{
				"<=msec": 5.100
				,"percent": 89.60
				}
			,{
				"<=msec": 5.200
				,"percent": 89.95
				}
			,{
				"<=msec": 5.300
				,"percent": 90.37
				}
			,{
				"<=msec": 5.400
				,"percent": 90.62
				}
			,{
				"<=msec": 5.500
				,"percent": 90.92
				}
			,{
				"<=msec": 5.600
				,"percent": 91.29
				}
			,{
				"<=msec": 5.700
				,"percent": 91.61
				}
			,{
				"<=msec": 5.800
				,"percent": 91.88
				}
			,{
				"<=msec": 5.900
				,"percent": 92.20
				}
			,{
				"<=msec": 6.000
				,"percent": 92.48
				}
			,{
				"<=msec": 6.100
				,"percent": 92.77
				}
			,{
				"<=msec": 6.200
				,"percent": 93.04
				}
			,{
				"<=msec": 6.300
				,"percent": 93.32
				}
			,{
				"<=msec": 6.400
				,"percent": 93.58
				}
			,{
				"<=msec": 6.500
				,"percent": 93.83
				}
			,{
				"<=msec": 6.600
				,"percent": 94.11
				}
			,{
				"<=msec": 6.700
				,"percent": 94.35
				}
			,{
				"<=msec": 6.800
				,"percent": 94.64
				}
			,{
				"<=msec": 6.900
				,"percent": 94.97
				}
			,{
				"<=msec": 7.000
				,"percent": 95.27
				}
			,{
				"<=msec": 7.100
				,"percent": 95.54
				}
			,{
				"<=msec": 7.200
				,"percent": 95.80
				}
			,{
				"<=msec": 7.300
				,"percent": 96.02
				}
			,{
				"<=msec": 7.400
				,"percent": 96.23
				}
			,{
				"<=msec": 7.500
				,"percent": 96.46
				}
			,{
				"<=msec": 7.600
				,"percent": 96.72
				}
			,{
				"<=msec": 7.700
				,"percent": 96.85
				}
			,{
				"<=msec": 7.800
				,"percent": 97.02
				}
			,{
				"<=msec": 7.900
				,"percent": 97.25
				}
			,{
				"<=msec": 8.000
				,"percent": 97.43
				}
			,{
				"<=msec": 8.100
				,"percent": 97.60
				}
			,{
				"<=msec": 8.200
				,"percent": 97.79
				}
			,{
				"<=msec": 8.300
				,"percent": 97.91
				}
			,{
				"<=msec": 8.400
				,"percent": 98.03
				}
			,{
				"<=msec": 8.500
				,"percent": 98.13
				}
			,{
				"<=msec": 8.600
				,"percent": 98.25
				}
			,{
				"<=msec": 8.700
				,"percent": 98.37
				}
			,{
				"<=msec": 8.800
				,"percent": 98.46
				}
			,{
				"<=msec": 8.900
				,"percent": 98.56
				}
			,{
				"<=msec": 9.000
				,"percent": 98.60
				}
			,{
				"<=msec": 9.100
				,"percent": 98.66
				}
			,{
				"<=msec": 9.200
				,"percent": 98.72
				}
			,{
				"<=msec": 9.300
				,"percent": 98.79
				}
			,{
				"<=msec": 9.400
				,"percent": 98.85
				}
			,{
				"<=msec": 9.500
				,"percent": 98.90
				}
			,{
				"<=msec": 9.600
				,"percent": 98.95
				}
			,{
				"<=msec": 9.700
				,"percent": 99.01
				}
			,{
				"<=msec": 9.800
				,"percent": 99.06
				}
			,{
				"<=msec": 9.900
				,"percent": 99.11
				}
			,{
				"<=msec": 10.000
				,"percent": 99.34
				}
			,{
				"<=msec": 11.000
				,"percent": 99.61
				}
			,{
				"<=msec": 12.000
				,"percent": 99.73
				}
			,{
				"<=msec": 13.000
				,"percent": 99.78
				}
			,{
				"<=msec": 14.000
				,"percent": 99.81
				}
			,{
				"<=msec": 15.000
				,"percent": 99.83
				}
			,{
				"<=msec": 16.000
				,"percent": 99.88
				}
			,{
				"<=msec": 17.000
				,"percent": 99.90
				}
			,{
				"<=msec": 18.000
				,"percent": 99.91
				}
			,{
				"<=msec": 19.000
				,"percent": 99.92
				}
			,{
				"<=msec": 22.000
				,"percent": 99.93
				}
			,{
				"<=msec": 23.000
				,"percent": 99.93
				}
			,{
				"<=msec": 31.000
				,"percent": 99.94
				}
			,{
				"<=msec": 37.000
				,"percent": 99.95
				}
			,{
				"<=msec": 60.000
				,"percent": 99.95
				}
			,{
				"<=msec": 74.000
				,"percent": 99.96
				}
			,{
				"<=msec": 79.000
				,"percent": 99.96
				}
			,{
				"<=msec": 81.000
				,"percent": 99.97
				}
			,{
				"<=msec": 150.000
				,"percent": 99.97
				}
			,{
				"<=msec": 160.000
				,"percent": 99.98
				}
			,{
				"<=msec": 400.000
				,"percent": 99.99
				}
			,{
				"<=msec": 640.000
				,"percent": 99.99
				}
			,{
				"<=msec": 870.000
				,"percent": 100.00
				}
			,{
				"<=msec": 1000.000
				,"percent": 100.00
				}
			]
		,"GET":[
			{
				"<=msec": 1.100
				,"percent": 0.01
				}
			,{
				"<=msec": 1.200
				,"percent": 0.12
				}
			,{
				"<=msec": 1.300
				,"percent": 0.79
				}
			,{
				"<=msec": 1.400
				,"percent": 3.16
				}
			,{
				"<=msec": 1.500
				,"percent": 7.72
				}
			,{
				"<=msec": 1.600
				,"percent": 15.02
				}
			,{
				"<=msec": 1.700
				,"percent": 24.40
				}
			,{
				"<=msec": 1.800
				,"percent": 34.04
				}
			,{
				"<=msec": 1.900
				,"percent": 43.65
				}
			,{
				"<=msec": 2.000
				,"percent": 52.30
				}
			,{
				"<=msec": 2.100
				,"percent": 59.88
				}
			,{
				"<=msec": 2.200
				,"percent": 65.83
				}
			,{
				"<=msec": 2.300
				,"percent": 70.80
				}
			,{
				"<=msec": 2.400
				,"percent": 74.75
				}
			,{
				"<=msec": 2.500
				,"percent": 77.59
				}
			,{
				"<=msec": 2.600
				,"percent": 80.00
				}
			,{
				"<=msec": 2.700
				,"percent": 82.05
				}
			,{
				"<=msec": 2.800
				,"percent": 83.65
				}
			,{
				"<=msec": 2.900
				,"percent": 84.81
				}
			,{
				"<=msec": 3.000
				,"percent": 86.00
				}
			,{
				"<=msec": 3.100
				,"percent": 86.88
				}
			,{
				"<=msec": 3.200
				,"percent": 87.68
				}
			,{
				"<=msec": 3.300
				,"percent": 88.35
				}
			,{
				"<=msec": 3.400
				,"percent": 88.97
				}
			,{
				"<=msec": 3.500
				,"percent": 89.58
				}
			,{
				"<=msec": 3.600
				,"percent": 90.13
				}
			,{
				"<=msec": 3.700
				,"percent": 90.56
				}
			,{
				"<=msec": 3.800
				,"percent": 90.99
				}
			,{
				"<=msec": 3.900
				,"percent": 91.32
				}
			,{
				"<=msec": 4.000
				,"percent": 91.64
				}
			,{
				"<=msec": 4.100
				,"percent": 92.00
				}
			,{
				"<=msec": 4.200
				,"percent": 92.29
				}
			,{
				"<=msec": 4.300
				,"percent": 92.64
				}
			,{
				"<=msec": 4.400
				,"percent": 92.96
				}
			,{
				"<=msec": 4.500
				,"percent": 93.26
				}
			,{
				"<=msec": 4.600
				,"percent": 93.48
				}
			,{
				"<=msec": 4.700
				,"percent": 93.72
				}
			,{
				"<=msec": 4.800
				,"percent": 93.91
				}
			,{
				"<=msec": 4.900
				,"percent": 94.09
				}
			,{
				"<=msec": 5.000
				,"percent": 94.40
				}
			,{
				"<=msec": 5.100
				,"percent": 94.57
				}
			,{
				"<=msec": 5.200
				,"percent": 94.74
				}
			,{
				"<=msec": 5.300
				,"percent": 94.93
				}
			,{
				"<=msec": 5.400
				,"percent": 95.11
				}
			,{
				"<=msec": 5.500
				,"percent": 95.33
				}
			,{
				"<=msec": 5.600
				,"percent": 95.49
				}
			,{
				"<=msec": 5.700
				,"percent": 95.65
				}
			,{
				"<=msec": 5.800
				,"percent": 95.87
				}
			,{
				"<=msec": 5.900
				,"percent": 96.03
				}
			,{
				"<=msec": 6.000
				,"percent": 96.19
				}
			,{
				"<=msec": 6.100
				,"percent": 96.32
				}
			,{
				"<=msec": 6.200
				,"percent": 96.50
				}
			,{
				"<=msec": 6.300
				,"percent": 96.61
				}
			,{
				"<=msec": 6.400
				,"percent": 96.81
				}
			,{
				"<=msec": 6.500
				,"percent": 96.94
				}
			,{
				"<=msec": 6.600
				,"percent": 97.10
				}
			,{
				"<=msec": 6.700
				,"percent": 97.20
				}
			,{
				"<=msec": 6.800
				,"percent": 97.34
				}
			,{
				"<=msec": 6.900
				,"percent": 97.47
				}
			,{
				"<=msec": 7.000
				,"percent": 97.59
				}
			,{
				"<=msec": 7.100
				,"percent": 97.72
				}
			,{
				"<=msec": 7.200
				,"percent": 97.86
				}
			,{
				"<=msec": 7.300
				,"percent": 97.98
				}
			,{
				"<=msec": 7.400
				,"percent": 98.08
				}
			,{
				"<=msec": 7.500
				,"percent": 98.18
				}
			,{
				"<=msec": 7.600
				,"percent": 98.28
				}
			,{
				"<=msec": 7.700
				,"percent": 98.42
				}
			,{
				"<=msec": 7.800
				,"percent": 98.49
				}
			,{
				"<=msec": 7.900
				,"percent": 98.59
				}
			,{
				"<=msec": 8.000
				,"percent": 98.68
				}
			,{
				"<=msec": 8.100
				,"percent": 98.78
				}
			,{
				"<=msec": 8.200
				,"percent": 98.84
				}
			,{
				"<=msec": 8.300
				,"percent": 98.92
				}
			,{
				"<=msec": 8.400
				,"percent": 98.96
				}
			,{
				"<=msec": 8.500
				,"percent": 99.02
				}
			,{
				"<=msec": 8.600
				,"percent": 99.08
				}
			,{
				"<=msec": 8.700
				,"percent": 99.13
				}
			,{
				"<=msec": 8.800
				,"percent": 99.19
				}
			,{
				"<=msec": 8.900
				,"percent": 99.21
				}
			,{
				"<=msec": 9.000
				,"percent": 99.25
				}
			,{
				"<=msec": 9.100
				,"percent": 99.27
				}
			,{
				"<=msec": 9.200
				,"percent": 99.31
				}
			,{
				"<=msec": 9.300
				,"percent": 99.34
				}
			,{
				"<=msec": 9.400
				,"percent": 99.36
				}
			,{
				"<=msec": 9.500
				,"percent": 99.40
				}
			,{
				"<=msec": 9.600
				,"percent": 99.43
				}
			,{
				"<=msec": 9.700
				,"percent": 99.46
				}
			,{
				"<=msec": 9.800
				,"percent": 99.49
				}
			,{
				"<=msec": 9.900
				,"percent": 99.52
				}
			,{
				"<=msec": 10.000
				,"percent": 99.64
				}
			,{
				"<=msec": 11.000
				,"percent": 99.76
				}
			,{
				"<=msec": 12.000
				,"percent": 99.87
				}
			,{
				"<=msec": 13.000
				,"percent": 99.89
				}
			,{
				"<=msec": 14.000
				,"percent": 99.90
				}
			,{
				"<=msec": 15.000
				,"percent": 99.90
				}
			,{
				"<=msec": 16.000
				,"percent": 99.91
				}
			,{
				"<=msec": 17.000
				,"percent": 99.93
				}
			,{
				"<=msec": 19.000
				,"percent": 99.94
				}
			,{
				"<=msec": 21.000
				,"percent": 99.95
				}
			,{
				"<=msec": 22.000
				,"percent": 99.95
				}
			,{
				"<=msec": 31.000
				,"percent": 99.96
				}
			,{
				"<=msec": 32.000
				,"percent": 99.96
				}
			,{
				"<=msec": 33.000
				,"percent": 99.96
				}
			,{
				"<=msec": 37.000
				,"percent": 99.97
				}
			,{
				"<=msec": 55.000
				,"percent": 99.97
				}
			,{
				"<=msec": 74.000
				,"percent": 99.98
				}
			,{
				"<=msec": 150.000
				,"percent": 99.98
				}
			,{
				"<=msec": 260.000
				,"percent": 99.99
				}
			,{
				"<=msec": 290.000
				,"percent": 99.99
				}
			,{
				"<=msec": 370.000
				,"percent": 100.00
				}
			,{
				"<=msec": 450.000
				,"percent": 100.00
				}
			]
		,"WAIT":[
		]
		}
	}
