{
	"configuration":{
		"server": "10.0.0.4"
		,"port": 11212
		,"unix socket": "(null)"
		,"protocol": "memcache_text"
		,"out_file": "(null)"
		,"client_stats": "(null)"
		,"run_count": 1
		,"debug": 0
		,"requests": 0
		,"clients": 2
		,"threads": 1
		,"test_time": 60
		,"ratio": "1:3"
		,"pipeline": 1
		,"data_size": 4096
		,"data_offset": 0
		,"random_data": "false"
		,"data_size_range": "0:0"
		,"data_size_list": ""
		,"data_size_pattern": "R"
		,"expiry_range": "9999:10000"
		,"data_import": "(null)"
		,"data_verify": "false"
		,"verify_only": "false"
		,"generate_keys": "false"
		,"key_prefix": "memtier-"
		,"key_minimum":           0
		,"key_maximum":        1000
		,"key_pattern": "R:R"
		,"key_stddev": 0.000000
		,"key_median": 0.000000
		,"reconnect_interval": 0
		,"multi_key_get": 3
		,"authenticate": ""
		,"select-db": 0
		,"no-expiry": "false"
		,"wait-ratio": "0:0"
		,"num-slaves": "0:0"
		,"wait-timeout": "0-0"
		}
	,"run information":{
		"Threads": 1
		,"Connections per thread": 2
		,"Seconds": 60
		}
	,"ALL STATS":{
		"Sets":{
			"Ops/sec": 390.86
			,"Hits/sec": 0.00
			,"Misses/sec": 0.00
			,"Latency": 2.67
			,"KB/sec": 1578.47
			}
		,"Gets":{
			"Ops/sec": 390.82
			,"Hits/sec": 1172.47
			,"Misses/sec": 0.00
			,"Latency": 2.43
			,"KB/sec": 4739.25
			}
		,"Waits":{
			"Ops/sec": 0.00
			,"Hits/sec": 0.00
			,"Misses/sec": 0.00
			,"Latency": 0.00
			,"KB/sec": 0.00
			}
		,"Totals":{
			"Ops/sec": 781.68
			,"Hits/sec": 1172.47
			,"Misses/sec": 0.00
			,"Latency": 2.55
			,"KB/sec": 6317.71
			}
		,"SET":[
			{
				"<=msec": 1.100
				,"percent": 0.01
				}
			,{
				"<=msec": 1.200
				,"percent": 0.20
				}
			,{
				"<=msec": 1.300
				,"percent": 1.51
				}
			,{
				"<=msec": 1.400
				,"percent": 5.16
				}
			,{
				"<=msec": 1.500
				,"percent": 12.49
				}
			,{
				"<=msec": 1.600
				,"percent": 21.61
				}
			,{
				"<=msec": 1.700
				,"percent": 31.59
				}
			,{
				"<=msec": 1.800
				,"percent": 40.76
				}
			,{
				"<=msec": 1.900
				,"percent": 48.48
				}
			,{
				"<=msec": 2.000
				,"percent": 55.15
				}
			,{
				"<=msec": 2.100
				,"percent": 60.66
				}
			,{
				"<=msec": 2.200
				,"percent": 64.43
				}
			,{
				"<=msec": 2.300
				,"percent": 67.84
				}
			,{
				"<=msec": 2.400
				,"percent": 70.60
				}
			,{
				"<=msec": 2.500
				,"percent": 72.82
				}
			,{
				"<=msec": 2.600
				,"percent": 74.65
				}
			,{
				"<=msec": 2.700
				,"percent": 76.32
				}
			,{
				"<=msec": 2.800
				,"percent": 77.69
				}
			,{
				"<=msec": 2.900
				,"percent": 78.89
				}
			,{
				"<=msec": 3.000
				,"percent": 79.87
				}
			,{
				"<=msec": 3.100
				,"percent": 80.71
				}
			,{
				"<=msec": 3.200
				,"percent": 81.49
				}
			,{
				"<=msec": 3.300
				,"percent": 82.21
				}
			,{
				"<=msec": 3.400
				,"percent": 82.81
				}
			,{
				"<=msec": 3.500
				,"percent": 83.48
				}
			,{
				"<=msec": 3.600
				,"percent": 84.07
				}
			,{
				"<=msec": 3.700
				,"percent": 84.62
				}
			,{
				"<=msec": 3.800
				,"percent": 85.12
				}
			,{
				"<=msec": 3.900
				,"percent": 85.58
				}
			,{
				"<=msec": 4.000
				,"percent": 86.04
				}
			,{
				"<=msec": 4.100
				,"percent": 86.44
				}
			,{
				"<=msec": 4.200
				,"percent": 86.90
				}
			,{
				"<=msec": 4.300
				,"percent": 87.28
				}
			,{
				"<=msec": 4.400
				,"percent": 87.63
				}
			,{
				"<=msec": 4.500
				,"percent": 87.99
				}
			,{
				"<=msec": 4.600
				,"percent": 88.29
				}
			,{
				"<=msec": 4.700
				,"percent": 88.63
				}
			,{
				"<=msec": 4.800
				,"percent": 88.96
				}
			,{
				"<=msec": 4.900
				,"percent": 89.34
				}
			,{
				"<=msec": 5.000
				,"percent": 89.68
				}
			,{
				"<=msec": 5.100
				,"percent": 90.00
				}
			,{
				"<=msec": 5.200
				,"percent": 90.35
				}
			,{
				"<=msec": 5.300
				,"percent": 90.65
				}
			,{
				"<=msec": 5.400
				,"percent": 90.97
				}
			,{
				"<=msec": 5.500
				,"percent": 91.28
				}
			,{
				"<=msec": 5.600
				,"percent": 91.54
				}
			,{
				"<=msec": 5.700
				,"percent": 91.83
				}
			,{
				"<=msec": 5.800
				,"percent": 92.17
				}
			,{
				"<=msec": 5.900
				,"percent": 92.52
				}
			,{
				"<=msec": 6.000
				,"percent": 92.74
				}
			,{
				"<=msec": 6.100
				,"percent": 92.99
				}
			,{
				"<=msec": 6.200
				,"percent": 93.24
				}
			,{
				"<=msec": 6.300
				,"percent": 93.53
				}
			,{
				"<=msec": 6.400
				,"percent": 93.85
				}
			,{
				"<=msec": 6.500
				,"percent": 94.11
				}
			,{
				"<=msec": 6.600
				,"percent": 94.42
				}
			,{
				"<=msec": 6.700
				,"percent": 94.69
				}
			,{
				"<=msec": 6.800
				,"percent": 94.90
				}
			,{
				"<=msec": 6.900
				,"percent": 95.13
				}
			,{
				"<=msec": 7.000
				,"percent": 95.42
				}
			,{
				"<=msec": 7.100
				,"percent": 95.65
				}
			,{
				"<=msec": 7.200
				,"percent": 95.88
				}
			,{
				"<=msec": 7.300
				,"percent": 96.15
				}
			,{
				"<=msec": 7.400
				,"percent": 96.37
				}
			,{
				"<=msec": 7.500
				,"percent": 96.67
				}
			,{
				"<=msec": 7.600
				,"percent": 96.90
				}
			,{
				"<=msec": 7.700
				,"percent": 97.06
				}
			,{
				"<=msec": 7.800
				,"percent": 97.28
				}
			,{
				"<=msec": 7.900
				,"percent": 97.48
				}
			,{
				"<=msec": 8.000
				,"percent": 97.66
				}
			,{
				"<=msec": 8.100
				,"percent": 97.79
				}
			,{
				"<=msec": 8.200
				,"percent": 97.90
				}
			,{
				"<=msec": 8.300
				,"percent": 98.01
				}
			,{
				"<=msec": 8.400
				,"percent": 98.06
				}
			,{
				"<=msec": 8.500
				,"percent": 98.14
				}
			,{
				"<=msec": 8.600
				,"percent": 98.21
				}
			,{
				"<=msec": 8.700
				,"percent": 98.32
				}
			,{
				"<=msec": 8.800
				,"percent": 98.41
				}
			,{
				"<=msec": 8.900
				,"percent": 98.48
				}
			,{
				"<=msec": 9.000
				,"percent": 98.58
				}
			,{
				"<=msec": 9.100
				,"percent": 98.67
				}
			,{
				"<=msec": 9.200
				,"percent": 98.74
				}
			,{
				"<=msec": 9.300
				,"percent": 98.81
				}
			,{
				"<=msec": 9.400
				,"percent": 98.89
				}
			,{
				"<=msec": 9.500
				,"percent": 98.96
				}
			,{
				"<=msec": 9.600
				,"percent": 99.02
				}
			,{
				"<=msec": 9.700
				,"percent": 99.06
				}
			,{
				"<=msec": 9.800
				,"percent": 99.09
				}
			,{
				"<=msec": 9.900
				,"percent": 99.16
				}
			,{
				"<=msec": 10.000
				,"percent": 99.38
				}
			,{
				"<=msec": 11.000
				,"percent": 99.65
				}
			,{
				"<=msec": 12.000
				,"percent": 99.78
				}
			,{
				"<=msec": 13.000
				,"percent": 99.86
				}
			,{
				"<=msec": 14.000
				,"percent": 99.89
				}
			,{
				"<=msec": 15.000
				,"percent": 99.91
				}
			,{
				"<=msec": 16.000
				,"percent": 99.94
				}
			,{
				"<=msec": 17.000
				,"percent": 99.95
				}
			,{
				"<=msec": 18.000
				,"percent": 99.96
				}
			,{
				"<=msec": 22.000
				,"percent": 99.97
				}
			,{
				"<=msec": 23.000
				,"percent": 99.97
				}
			,{
				"<=msec": 25.000
				,"percent": 99.98
				}
			,{
				"<=msec": 27.000
				,"percent": 99.98
				}
			,{
				"<=msec": 29.000
				,"percent": 99.99
				}
			,{
				"<=msec": 35.000
				,"percent": 99.99
				}
			,{
				"<=msec": 75.000
				,"percent": 100.00
				}
			,{
				"<=msec": 76.000
				,"percent": 100.00
				}
			]
		,"GET":[
			{
				"<=msec": 1.100
				,"percent": 0.01
				}
			,{
				"<=msec": 1.200
				,"percent": 0.20
				}
			,{
				"<=msec": 1.300
				,"percent": 1.22
				}
			,{
				"<=msec": 1.400
				,"percent": 4.13
				}
			,{
				"<=msec": 1.500
				,"percent": 9.56
				}
			,{
				"<=msec": 1.600
				,"percent": 17.70
				}
			,{
				"<=msec": 1.700
				,"percent": 27.02
				}
			,{
				"<=msec": 1.800
				,"percent": 36.64
				}
			,{
				"<=msec": 1.900
				,"percent": 45.78
				}
			,{
				"<=msec": 2.000
				,"percent": 54.00
				}
			,{
				"<=msec": 2.100
				,"percent": 61.04
				}
			,{
				"<=msec": 2.200
				,"percent": 66.78
				}
			,{
				"<=msec": 2.300
				,"percent": 71.42
				}
			,{
				"<=msec": 2.400
				,"percent": 74.99
				}
			,{
				"<=msec": 2.500
				,"percent": 77.94
				}
			,{
				"<=msec": 2.600
				,"percent": 80.42
				}
			,{
				"<=msec": 2.700
				,"percent": 82.44
				}
			,{
				"<=msec": 2.800
				,"percent": 83.97
				}
			,{
				"<=msec": 2.900
				,"percent": 85.26
				}
			,{
				"<=msec": 3.000
				,"percent": 86.30
				}
			,{
				"<=msec": 3.100
				,"percent": 87.16
				}
			,{
				"<=msec": 3.200
				,"percent": 87.83
				}
			,{
				"<=msec": 3.300
				,"percent": 88.51
				}
			,{
				"<=msec": 3.400
				,"percent": 89.08
				}
			,{
				"<=msec": 3.500
				,"percent": 89.57
				}
			,{
				"<=msec": 3.600
				,"percent": 89.97
				}
			,{
				"<=msec": 3.700
				,"percent": 90.46
				}
			,{
				"<=msec": 3.800
				,"percent": 90.93
				}
			,{
				"<=msec": 3.900
				,"percent": 91.30
				}
			,{
				"<=msec": 4.000
				,"percent": 91.70
				}
			,{
				"<=msec": 4.100
				,"percent": 92.03
				}
			,{
				"<=msec": 4.200
				,"percent": 92.33
				}
			,{
				"<=msec": 4.300
				,"percent": 92.61
				}
			,{
				"<=msec": 4.400
				,"percent": 92.84
				}
			,{
				"<=msec": 4.500
				,"percent": 93.10
				}
			,{
				"<=msec": 4.600
				,"percent": 93.27
				}
			,{
				"<=msec": 4.700
				,"percent": 93.50
				}
			,{
				"<=msec": 4.800
				,"percent": 93.71
				}
			,{
				"<=msec": 4.900
				,"percent": 93.92
				}
			,{
				"<=msec": 5.000
				,"percent": 94.12
				}
			,{
				"<=msec": 5.100
				,"percent": 94.35
				}
			,{
				"<=msec": 5.200
				,"percent": 94.54
				}
			,{
				"<=msec": 5.300
				,"percent": 94.70
				}
			,{
				"<=msec": 5.400
				,"percent": 94.90
				}
			,{
				"<=msec": 5.500
				,"percent": 95.07
				}
			,{
				"<=msec": 5.600
				,"percent": 95.30
				}
			,{
				"<=msec": 5.700
				,"percent": 95.51
				}
			,{
				"<=msec": 5.800
				,"percent": 95.65
				}
			,{
				"<=msec": 5.900
				,"percent": 95.81
				}
			,{
				"<=msec": 6.000
				,"percent": 95.96
				}
			,{
				"<=msec": 6.100
				,"percent": 96.11
				}
			,{
				"<=msec": 6.200
				,"percent": 96.31
				}
			,{
				"<=msec": 6.300
				,"percent": 96.46
				}
			,{
				"<=msec": 6.400
				,"percent": 96.59
				}
			,{
				"<=msec": 6.500
				,"percent": 96.77
				}
			,{
				"<=msec": 6.600
				,"percent": 96.93
				}
			,{
				"<=msec": 6.700
				,"percent": 97.10
				}
			,{
				"<=msec": 6.800
				,"percent": 97.28
				}
			,{
				"<=msec": 6.900
				,"percent": 97.43
				}
			,{
				"<=msec": 7.000
				,"percent": 97.56
				}
			,{
				"<=msec": 7.100
				,"percent": 97.70
				}
			,{
				"<=msec": 7.200
				,"percent": 97.80
				}
			,{
				"<=msec": 7.300
				,"percent": 97.94
				}
			,{
				"<=msec": 7.400
				,"percent": 98.06
				}
			,{
				"<=msec": 7.500
				,"percent": 98.20
				}
			,{
				"<=msec": 7.600
				,"percent": 98.31
				}
			,{
				"<=msec": 7.700
				,"percent": 98.42
				}
			,{
				"<=msec": 7.800
				,"percent": 98.51
				}
			,{
				"<=msec": 7.900
				,"percent": 98.60
				}
			,{
				"<=msec": 8.000
				,"percent": 98.67
				}
			,{
				"<=msec": 8.100
				,"percent": 98.77
				}
			,{
				"<=msec": 8.200
				,"percent": 98.82
				}
			,{
				"<=msec": 8.300
				,"percent": 98.89
				}
			,{
				"<=msec": 8.400
				,"percent": 98.94
				}
			,{
				"<=msec": 8.500
				,"percent": 99.01
				}
			,{
				"<=msec": 8.600
				,"percent": 99.08
				}
			,{
				"<=msec": 8.700
				,"percent": 99.13
				}
			,{
				"<=msec": 8.800
				,"percent": 99.14
				}
			,{
				"<=msec": 8.900
				,"percent": 99.20
				}
			,{
				"<=msec": 9.000
				,"percent": 99.24
				}
			,{
				"<=msec": 9.100
				,"percent": 99.27
				}
			,{
				"<=msec": 9.200
				,"percent": 99.30
				}
			,{
				"<=msec": 9.300
				,"percent": 99.32
				}
			,{
				"<=msec": 9.400
				,"percent": 99.33
				}
			,{
				"<=msec": 9.500
				,"percent": 99.36
				}
			,{
				"<=msec": 9.600
				,"percent": 99.42
				}
			,{
				"<=msec": 9.700
				,"percent": 99.44
				}
			,{
				"<=msec": 9.800
				,"percent": 99.46
				}
			,{
				"<=msec": 9.900
				,"percent": 99.50
				}
			,{
				"<=msec": 10.000
				,"percent": 99.59
				}
			,{
				"<=msec": 11.000
				,"percent": 99.78
				}
			,{
				"<=msec": 12.000
				,"percent": 99.87
				}
			,{
				"<=msec": 13.000
				,"percent": 99.92
				}
			,{
				"<=msec": 14.000
				,"percent": 99.95
				}
			,{
				"<=msec": 15.000
				,"percent": 99.95
				}
			,{
				"<=msec": 16.000
				,"percent": 99.98
				}
			,{
				"<=msec": 18.000
				,"percent": 99.99
				}
			,{
				"<=msec": 28.000
				,"percent": 100.00
				}
			,{
				"<=msec": 29.000
				,"percent": 100.00
				}
			]
		,"WAIT":[
		]
		}
	}
