{
	"configuration":{
		"server": "10.0.0.4"
		,"port": 11212
		,"unix socket": "(null)"
		,"protocol": "memcache_text"
		,"out_file": "(null)"
		,"client_stats": "(null)"
		,"run_count": 1
		,"debug": 0
		,"requests": 0
		,"clients": 2
		,"threads": 1
		,"test_time": 60
		,"ratio": "1:1"
		,"pipeline": 1
		,"data_size": 4096
		,"data_offset": 0
		,"random_data": "false"
		,"data_size_range": "0:0"
		,"data_size_list": ""
		,"data_size_pattern": "R"
		,"expiry_range": "9999:10000"
		,"data_import": "(null)"
		,"data_verify": "false"
		,"verify_only": "false"
		,"generate_keys": "false"
		,"key_prefix": "memtier-"
		,"key_minimum":           0
		,"key_maximum":        1000
		,"key_pattern": "R:R"
		,"key_stddev": 0.000000
		,"key_median": 0.000000
		,"reconnect_interval": 0
		,"multi_key_get": 1
		,"authenticate": ""
		,"select-db": 0
		,"no-expiry": "false"
		,"wait-ratio": "0:0"
		,"num-slaves": "0:0"
		,"wait-timeout": "0-0"
		}
	,"run information":{
		"Threads": 1
		,"Connections per thread": 2
		,"Seconds": 60
		}
	,"ALL STATS":{
		"Sets":{
			"Ops/sec": 411.06
			,"Hits/sec": 0.00
			,"Misses/sec": 0.00
			,"Latency": 2.78
			,"KB/sec": 1660.04
			}
		,"Gets":{
			"Ops/sec": 411.04
			,"Hits/sec": 411.04
			,"Misses/sec": 0.00
			,"Latency": 2.06
			,"KB/sec": 1664.14
			}
		,"Waits":{
			"Ops/sec": 0.00
			,"Hits/sec": 0.00
			,"Misses/sec": 0.00
			,"Latency": 0.00
			,"KB/sec": 0.00
			}
		,"Totals":{
			"Ops/sec": 822.10
			,"Hits/sec": 411.04
			,"Misses/sec": 0.00
			,"Latency": 2.42
			,"KB/sec": 3324.18
			}
		,"SET":[
			{
				"<=msec": 1.100
				,"percent": 0.00
				}
			,{
				"<=msec": 1.200
				,"percent": 0.30
				}
			,{
				"<=msec": 1.300
				,"percent": 2.25
				}
			,{
				"<=msec": 1.400
				,"percent": 7.27
				}
			,{
				"<=msec": 1.500
				,"percent": 15.84
				}
			,{
				"<=msec": 1.600
				,"percent": 25.91
				}
			,{
				"<=msec": 1.700
				,"percent": 35.89
				}
			,{
				"<=msec": 1.800
				,"percent": 44.69
				}
			,{
				"<=msec": 1.900
				,"percent": 52.04
				}
			,{
				"<=msec": 2.000
				,"percent": 58.15
				}
			,{
				"<=msec": 2.100
				,"percent": 62.97
				}
			,{
				"<=msec": 2.200
				,"percent": 66.53
				}
			,{
				"<=msec": 2.300
				,"percent": 69.39
				}
			,{
				"<=msec": 2.400
				,"percent": 71.79
				}
			,{
				"<=msec": 2.500
				,"percent": 73.59
				}
			,{
				"<=msec": 2.600
				,"percent": 75.27
				}
			,{
				"<=msec": 2.700
				,"percent": 76.71
				}
			,{
				"<=msec": 2.800
				,"percent": 77.79
				}
			,{
				"<=msec": 2.900
				,"percent": 78.75
				}
			,{
				"<=msec": 3.000
				,"percent": 79.65
				}
			,{
				"<=msec": 3.100
				,"percent": 80.35
				}
			,{
				"<=msec": 3.200
				,"percent": 81.03
				}
			,{
				"<=msec": 3.300
				,"percent": 81.61
				}
			,{
				"<=msec": 3.400
				,"percent": 82.18
				}
			,{
				"<=msec": 3.500
				,"percent": 82.72
				}
			,{
				"<=msec": 3.600
				,"percent": 83.25
				}
			,{
				"<=msec": 3.700
				,"percent": 83.81
				}
			,{
				"<=msec": 3.800
				,"percent": 84.29
				}
			,{
				"<=msec": 3.900
				,"percent": 84.74
				}
			,{
				"<=msec": 4.000
				,"percent": 85.27
				}
			,{
				"<=msec": 4.100
				,"percent": 85.70
				}
			,{
				"<=msec": 4.200
				,"percent": 86.10
				}
			,{
				"<=msec": 4.300
				,"percent": 86.51
				}
			,{
				"<=msec": 4.400
				,"percent": 86.92
				}
			,{
				"<=msec": 4.500
				,"percent": 87.43
				}
			,{
				"<=msec": 4.600
				,"percent": 87.72
				}
			,{
				"<=msec": 4.700
				,"percent": 88.08
				}
			,{
				"<=msec": 4.800
				,"percent": 88.44
				}
			,{
				"<=msec": 4.900
				,"percent": 88.73
				}
			,{
				"<=msec": 5.000
				,"percent": 89.07
				}
			,{
				"<=msec": 5.100
				,"percent": 89.37
				}
			,{
				"<=msec": 5.200
				,"percent": 89.66
				}
			,{
				"<=msec": 5.300
				,"percent": 89.97
				}
			,{
				"<=msec": 5.400
				,"percent": 90.23
				}
			,{
				"<=msec": 5.500
				,"percent": 90.50
				}
			,{
				"<=msec": 5.600
				,"percent": 90.84
				}
			,{
				"<=msec": 5.700
				,"percent": 91.24
				}
			,{
				"<=msec": 5.800
				,"percent": 91.48
				}
			,{
				"<=msec": 5.900
				,"percent": 91.85
				}
			,{
				"<=msec": 6.000
				,"percent": 92.18
				}
			,{
				"<=msec": 6.100
				,"percent": 92.48
				}
			,{
				"<=msec": 6.200
				,"percent": 92.80
				}
			,{
				"<=msec": 6.300
				,"percent": 93.10
				}
			,{
				"<=msec": 6.400
				,"percent": 93.41
				}
			,{
				"<=msec": 6.500
				,"percent": 93.77
				}
			,{
				"<=msec": 6.600
				,"percent": 94.06
				}
			,{
				"<=msec": 6.700
				,"percent": 94.40
				}
			,{
				"<=msec": 6.800
				,"percent": 94.68
				}
			,{
				"<=msec": 6.900
				,"percent": 94.94
				}
			,{
				"<=msec": 7.000
				,"percent": 95.20
				}
			,{
				"<=msec": 7.100
				,"percent": 95.40
				}
			,{
				"<=msec": 7.200
				,"percent": 95.73
				}
			,{
				"<=msec": 7.300
				,"percent": 96.02
				}
			,{
				"<=msec": 7.400
				,"percent": 96.26
				}
			,{
				"<=msec": 7.500
				,"percent": 96.43
				}
			,{
				"<=msec": 7.600
				,"percent": 96.58
				}
			,{
				"<=msec": 7.700
				,"percent": 96.74
				}
			,{
				"<=msec": 7.800
				,"percent": 96.94
				}
			,{
				"<=msec": 7.900
				,"percent": 97.11
				}
			,{
				"<=msec": 8.000
				,"percent": 97.30
				}
			,{
				"<=msec": 8.100
				,"percent": 97.48
				}
			,{
				"<=msec": 8.200
				,"percent": 97.63
				}
			,{
				"<=msec": 8.300
				,"percent": 97.79
				}
			,{
				"<=msec": 8.400
				,"percent": 97.92
				}
			,{
				"<=msec": 8.500
				,"percent": 98.03
				}
			,{
				"<=msec": 8.600
				,"percent": 98.18
				}
			,{
				"<=msec": 8.700
				,"percent": 98.28
				}
			,{
				"<=msec": 8.800
				,"percent": 98.39
				}
			,{
				"<=msec": 8.900
				,"percent": 98.46
				}
			,{
				"<=msec": 9.000
				,"percent": 98.51
				}
			,{
				"<=msec": 9.100
				,"percent": 98.58
				}
			,{
				"<=msec": 9.200
				,"percent": 98.65
				}
			,{
				"<=msec": 9.300
				,"percent": 98.72
				}
			,{
				"<=msec": 9.400
				,"percent": 98.78
				}
			,{
				"<=msec": 9.500
				,"percent": 98.83
				}
			,{
				"<=msec": 9.600
				,"percent": 98.87
				}
			,{
				"<=msec": 9.700
				,"percent": 98.93
				}
			,{
				"<=msec": 9.800
				,"percent": 98.97
				}
			,{
				"<=msec": 9.900
				,"percent": 99.01
				}
			,{
				"<=msec": 10.000
				,"percent": 99.25
				}
			,{
				"<=msec": 11.000
				,"percent": 99.53
				}
			,{
				"<=msec": 12.000
				,"percent": 99.71
				}
			,{
				"<=msec": 13.000
				,"percent": 99.79
				}
			,{
				"<=msec": 14.000
				,"percent": 99.82
				}
			,{
				"<=msec": 15.000
				,"percent": 99.87
				}
			,{
				"<=msec": 16.000
				,"percent": 99.89
				}
			,{
				"<=msec": 17.000
				,"percent": 99.90
				}
			,{
				"<=msec": 18.000
				,"percent": 99.91
				}
			,{
				"<=msec": 19.000
				,"percent": 99.91
				}
			,{
				"<=msec": 20.000
				,"percent": 99.92
				}
			,{
				"<=msec": 21.000
				,"percent": 99.94
				}
			,{
				"<=msec": 22.000
				,"percent": 99.94
				}
			,{
				"<=msec": 24.000
				,"percent": 99.94
				}
			,{
				"<=msec": 25.000
				,"percent": 99.95
				}
			,{
				"<=msec": 26.000
				,"percent": 99.95
				}
			,{
				"<=msec": 29.000
				,"percent": 99.96
				}
			,{
				"<=msec": 35.000
				,"percent": 99.96
				}
			,{
				"<=msec": 62.000
				,"percent": 99.96
				}
			,{
				"<=msec": 76.000
				,"percent": 99.97
				}
			,{
				"<=msec": 77.000
				,"percent": 99.97
				}
			,{
				"<=msec": 120.000
				,"percent": 99.98
				}
			,{
				"<=msec": 170.000
				,"percent": 99.98
				}
			,{
				"<=msec": 370.000
				,"percent": 99.98
				}
			,{
				"<=msec": 430.000
				,"percent": 99.99
				}
			,{
				"<=msec": 540.000
				,"percent": 99.99
				}
			,{
				"<=msec": 610.000
				,"percent": 100.00
				}
			,{
				"<=msec": 670.000
				,"percent": 100.00
				}
			]
		,"GET":[
			{
				"<=msec": 0.920
				,"percent": 0.00
				}
			,{
				"<=msec": 0.930
				,"percent": 0.01
				}
			,{
				"<=msec": 0.970
				,"percent": 0.02
				}
			,{
				"<=msec": 0.980
				,"percent": 0.03
				}
			,{
				"<=msec": 0.990
				,"percent": 0.04
				}
			,{
				"<=msec": 1.000
				,"percent": 0.19
				}
			,{
				"<=msec": 1.100
				,"percent": 2.55
				}
			,{
				"<=msec": 1.200
				,"percent": 9.52
				}
			,{
				"<=msec": 1.300
				,"percent": 21.41
				}
			,{
				"<=msec": 1.400
				,"percent": 35.10
				}
			,{
				"<=msec": 1.500
				,"percent": 47.47
				}
			,{
				"<=msec": 1.600
				,"percent": 57.67
				}
			,{
				"<=msec": 1.700
				,"percent": 65.36
				}
			,{
				"<=msec": 1.800
				,"percent": 71.21
				}
			,{
				"<=msec": 1.900
				,"percent": 75.70
				}
			,{
				"<=msec": 2.000
				,"percent": 79.00
				}
			,{
				"<=msec": 2.100
				,"percent": 81.49
				}
			,{
				"<=msec": 2.200
				,"percent": 83.34
				}
			,{
				"<=msec": 2.300
				,"percent": 84.80
				}
			,{
				"<=msec": 2.400
				,"percent": 85.88
				}
			,{
				"<=msec": 2.500
				,"percent": 86.77
				}
			,{
				"<=msec": 2.600
				,"percent": 87.60
				}
			,{
				"<=msec": 2.700
				,"percent": 88.31
				}
			,{
				"<=msec": 2.800
				,"percent": 88.98
				}
			,{
				"<=msec": 2.900
				,"percent": 89.51
				}
			,{
				"<=msec": 3.000
				,"percent": 89.99
				}
			,{
				"<=msec": 3.100
				,"percent": 90.35
				}
			,{
				"<=msec": 3.200
				,"percent": 90.72
				}
			,{
				"<=msec": 3.300
				,"percent": 91.12
				}
			,{
				"<=msec": 3.400
				,"percent": 91.43
				}
			,{
				"<=msec": 3.500
				,"percent": 91.71
				}
			,{
				"<=msec": 3.600
				,"percent": 91.99
				}
			,{
				"<=msec": 3.700
				,"percent": 92.27
				}
			,{
				"<=msec": 3.800
				,"percent": 92.54
				}
			,{
				"<=msec": 3.900
				,"percent": 92.77
				}
			,{
				"<=msec": 4.000
				,"percent": 93.01
				}
			,{
				"<=msec": 4.100
				,"percent": 93.24
				}
			,{
				"<=msec": 4.200
				,"percent": 93.46
				}
			,{
				"<=msec": 4.300
				,"percent": 93.70
				}
			,{
				"<=msec": 4.400
				,"percent": 93.89
				}
			,{
				"<=msec": 4.500
				,"percent": 94.07
				}
			,{
				"<=msec": 4.600
				,"percent": 94.24
				}
			,{
				"<=msec": 4.700
				,"percent": 94.37
				}
			,{
				"<=msec": 4.800
				,"percent": 94.53
				}
			,{
				"<=msec": 4.900
				,"percent": 94.72
				}
			,{
				"<=msec": 5.000
				,"percent": 94.90
				}
			,{
				"<=msec": 5.100
				,"percent": 95.03
				}
			,{
				"<=msec": 5.200
				,"percent": 95.17
				}
			,{
				"<=msec": 5.300
				,"percent": 95.36
				}
			,{
				"<=msec": 5.400
				,"percent": 95.53
				}
			,{
				"<=msec": 5.500
				,"percent": 95.68
				}
			,{
				"<=msec": 5.600
				,"percent": 95.87
				}
			,{
				"<=msec": 5.700
				,"percent": 96.03
				}
			,{
				"<=msec": 5.800
				,"percent": 96.21
				}
			,{
				"<=msec": 5.900
				,"percent": 96.40
				}
			,{
				"<=msec": 6.000
				,"percent": 96.55
				}
			,{
				"<=msec": 6.100
				,"percent": 96.76
				}
			,{
				"<=msec": 6.200
				,"percent": 96.91
				}
			,{
				"<=msec": 6.300
				,"percent": 97.07
				}
			,{
				"<=msec": 6.400
				,"percent": 97.25
				}
			,{
				"<=msec": 6.500
				,"percent": 97.44
				}
			,{
				"<=msec": 6.600
				,"percent": 97.62
				}
			,{
				"<=msec": 6.700
				,"percent": 97.76
				}
			,{
				"<=msec": 6.800
				,"percent": 97.96
				}
			,{
				"<=msec": 6.900
				,"percent": 98.11
				}
			,{
				"<=msec": 7.000
				,"percent": 98.23
				}
			,{
				"<=msec": 7.100
				,"percent": 98.37
				}
			,{
				"<=msec": 7.200
				,"percent": 98.47
				}
			,{
				"<=msec": 7.300
				,"percent": 98.58
				}
			,{
				"<=msec": 7.400
				,"percent": 98.69
				}
			,{
				"<=msec": 7.500
				,"percent": 98.80
				}
			,{
				"<=msec": 7.600
				,"percent": 98.88
				}
			,{
				"<=msec": 7.700
				,"percent": 98.94
				}
			,{
				"<=msec": 7.800
				,"percent": 98.98
				}
			,{
				"<=msec": 7.900
				,"percent": 99.03
				}
			,{
				"<=msec": 8.000
				,"percent": 99.05
				}
			,{
				"<=msec": 8.100
				,"percent": 99.09
				}
			,{
				"<=msec": 8.200
				,"percent": 99.16
				}
			,{
				"<=msec": 8.300
				,"percent": 99.19
				}
			,{
				"<=msec": 8.400
				,"percent": 99.22
				}
			,{
				"<=msec": 8.500
				,"percent": 99.24
				}
			,{
				"<=msec": 8.600
				,"percent": 99.28
				}
			,{
				"<=msec": 8.700
				,"percent": 99.31
				}
			,{
				"<=msec": 8.800
				,"percent": 99.34
				}
			,{
				"<=msec": 8.900
				,"percent": 99.37
				}
			,{
				"<=msec": 9.000
				,"percent": 99.39
				}
			,{
				"<=msec": 9.100
				,"percent": 99.42
				}
			,{
				"<=msec": 9.200
				,"percent": 99.43
				}
			,{
				"<=msec": 9.300
				,"percent": 99.46
				}
			,{
				"<=msec": 9.400
				,"percent": 99.49
				}
			,{
				"<=msec": 9.500
				,"percent": 99.51
				}
			,{
				"<=msec": 9.600
				,"percent": 99.52
				}
			,{
				"<=msec": 9.700
				,"percent": 99.57
				}
			,{
				"<=msec": 9.800
				,"percent": 99.59
				}
			,{
				"<=msec": 9.900
				,"percent": 99.60
				}
			,{
				"<=msec": 10.000
				,"percent": 99.72
				}
			,{
				"<=msec": 11.000
				,"percent": 99.81
				}
			,{
				"<=msec": 12.000
				,"percent": 99.89
				}
			,{
				"<=msec": 13.000
				,"percent": 99.93
				}
			,{
				"<=msec": 14.000
				,"percent": 99.94
				}
			,{
				"<=msec": 15.000
				,"percent": 99.94
				}
			,{
				"<=msec": 16.000
				,"percent": 99.95
				}
			,{
				"<=msec": 17.000
				,"percent": 99.96
				}
			,{
				"<=msec": 19.000
				,"percent": 99.97
				}
			,{
				"<=msec": 22.000
				,"percent": 99.97
				}
			,{
				"<=msec": 67.000
				,"percent": 99.98
				}
			,{
				"<=msec": 70.000
				,"percent": 99.98
				}
			,{
				"<=msec": 75.000
				,"percent": 99.98
				}
			,{
				"<=msec": 93.000
				,"percent": 99.99
				}
			,{
				"<=msec": 140.000
				,"percent": 99.99
				}
			,{
				"<=msec": 150.000
				,"percent": 100.00
				}
			,{
				"<=msec": 920.000
				,"percent": 100.00
				}
			]
		,"WAIT":[
		]
		}
	}
