{
	"configuration":{
		"server": "10.0.0.4"
		,"port": 11212
		,"unix socket": "(null)"
		,"protocol": "memcache_text"
		,"out_file": "(null)"
		,"client_stats": "(null)"
		,"run_count": 1
		,"debug": 0
		,"requests": 0
		,"clients": 2
		,"threads": 1
		,"test_time": 60
		,"ratio": "1:9"
		,"pipeline": 1
		,"data_size": 4096
		,"data_offset": 0
		,"random_data": "false"
		,"data_size_range": "0:0"
		,"data_size_list": ""
		,"data_size_pattern": "R"
		,"expiry_range": "9999:10000"
		,"data_import": "(null)"
		,"data_verify": "false"
		,"verify_only": "false"
		,"generate_keys": "false"
		,"key_prefix": "memtier-"
		,"key_minimum":           0
		,"key_maximum":        1000
		,"key_pattern": "R:R"
		,"key_stddev": 0.000000
		,"key_median": 0.000000
		,"reconnect_interval": 0
		,"multi_key_get": 9
		,"authenticate": ""
		,"select-db": 0
		,"no-expiry": "false"
		,"wait-ratio": "0:0"
		,"num-slaves": "0:0"
		,"wait-timeout": "0-0"
		}
	,"run information":{
		"Threads": 1
		,"Connections per thread": 2
		,"Seconds": 60
		}
	,"ALL STATS":{
		"Sets":{
			"Ops/sec": 164.81
			,"Hits/sec": 0.00
			,"Misses/sec": 0.00
			,"Latency": 6.58
			,"KB/sec": 665.57
			}
		,"Gets":{
			"Ops/sec": 164.77
			,"Hits/sec": 1482.96
			,"Misses/sec": 0.00
			,"Latency": 5.53
			,"KB/sec": 5991.05
			}
		,"Waits":{
			"Ops/sec": 0.00
			,"Hits/sec": 0.00
			,"Misses/sec": 0.00
			,"Latency": 0.00
			,"KB/sec": 0.00
			}
		,"Totals":{
			"Ops/sec": 329.58
			,"Hits/sec": 1482.96
			,"Misses/sec": 0.00
			,"Latency": 6.05
			,"KB/sec": 6656.62
			}
		,"SET":[
			{
				"<=msec": 1.200
				,"percent": 0.02
				}
			,{
				"<=msec": 1.300
				,"percent": 0.32
				}
			,{
				"<=msec": 1.400
				,"percent": 1.85
				}
			,{
				"<=msec": 1.500
				,"percent": 4.81
				}
			,{
				"<=msec": 1.600
				,"percent": 9.03
				}
			,{
				"<=msec": 1.700
				,"percent": 14.25
				}
			,{
				"<=msec": 1.800
				,"percent": 19.52
				}
			,{
				"<=msec": 1.900
				,"percent": 24.66
				}
			,{
				"<=msec": 2.000
				,"percent": 28.42
				}
			,{
				"<=msec": 2.100
				,"percent": 31.52
				}
			,{
				"<=msec": 2.200
				,"percent": 34.23
				}
			,{
				"<=msec": 2.300
				,"percent": 36.16
				}
			,{
				"<=msec": 2.400
				,"percent": 37.71
				}
			,{
				"<=msec": 2.500
				,"percent": 39.08
				}
			,{
				"<=msec": 2.600
				,"percent": 40.24
				}
			,{
				"<=msec": 2.700
				,"percent": 41.23
				}
			,{
				"<=msec": 2.800
				,"percent": 41.93
				}
			,{
				"<=msec": 2.900
				,"percent": 42.53
				}
			,{
				"<=msec": 3.000
				,"percent": 42.97
				}
			,{
				"<=msec": 3.100
				,"percent": 43.60
				}
			,{
				"<=msec": 3.200
				,"percent": 44.08
				}
			,{
				"<=msec": 3.300
				,"percent": 44.60
				}
			,{
				"<=msec": 3.400
				,"percent": 44.96
				}
			,{
				"<=msec": 3.500
				,"percent": 45.42
				}
			,{
				"<=msec": 3.600
				,"percent": 45.81
				}
			,{
				"<=msec": 3.700
				,"percent": 46.20
				}
			,{
				"<=msec": 3.800
				,"percent": 46.59
				}
			,{
				"<=msec": 3.900
				,"percent": 46.85
				}
			,{
				"<=msec": 4.000
				,"percent": 47.14
				}
			,{
				"<=msec": 4.100
				,"percent": 47.51
				}
			,{
				"<=msec": 4.200
				,"percent": 47.83
				}
			,{
				"<=msec": 4.300
				,"percent": 48.24
				}
			,{
				"<=msec": 4.400
				,"percent": 48.59
				}
			,{
				"<=msec": 4.500
				,"percent": 48.90
				}
			,{
				"<=msec": 4.600
				,"percent": 49.19
				}
			,{
				"<=msec": 4.700
				,"percent": 49.58
				}
			,{
				"<=msec": 4.800
				,"percent": 49.88
				}
			,{
				"<=msec": 4.900
				,"percent": 50.17
				}
			,{
				"<=msec": 5.000
				,"percent": 50.43
				}
			,{
				"<=msec": 5.100
				,"percent": 50.67
				}
			,{
				"<=msec": 5.200
				,"percent": 50.99
				}
			,{
				"<=msec": 5.300
				,"percent": 51.33
				}
			,{
				"<=msec": 5.400
				,"percent": 51.68
				}
			,{
				"<=msec": 5.500
				,"percent": 51.98
				}
			,{
				"<=msec": 5.600
				,"percent": 52.38
				}
			,{
				"<=msec": 5.700
				,"percent": 52.64
				}
			,{
				"<=msec": 5.800
				,"percent": 52.95
				}
			,{
				"<=msec": 5.900
				,"percent": 53.23
				}
			,{
				"<=msec": 6.000
				,"percent": 53.47
				}
			,{
				"<=msec": 6.100
				,"percent": 53.65
				}
			,{
				"<=msec": 6.200
				,"percent": 53.95
				}
			,{
				"<=msec": 6.300
				,"percent": 54.36
				}
			,{
				"<=msec": 6.400
				,"percent": 54.62
				}
			,{
				"<=msec": 6.500
				,"percent": 54.90
				}
			,{
				"<=msec": 6.600
				,"percent": 55.38
				}
			,{
				"<=msec": 6.700
				,"percent": 55.71
				}
			,{
				"<=msec": 6.800
				,"percent": 55.92
				}
			,{
				"<=msec": 6.900
				,"percent": 56.20
				}
			,{
				"<=msec": 7.000
				,"percent": 56.50
				}
			,{
				"<=msec": 7.100
				,"percent": 56.77
				}
			,{
				"<=msec": 7.200
				,"percent": 57.25
				}
			,{
				"<=msec": 7.300
				,"percent": 57.52
				}
			,{
				"<=msec": 7.400
				,"percent": 57.96
				}
			,{
				"<=msec": 7.500
				,"percent": 58.45
				}
			,{
				"<=msec": 7.600
				,"percent": 58.90
				}
			,{
				"<=msec": 7.700
				,"percent": 59.31
				}
			,{
				"<=msec": 7.800
				,"percent": 59.66
				}
			,{
				"<=msec": 7.900
				,"percent": 60.07
				}
			,{
				"<=msec": 8.000
				,"percent": 60.51
				}
			,{
				"<=msec": 8.100
				,"percent": 61.06
				}
			,{
				"<=msec": 8.200
				,"percent": 61.55
				}
			,{
				"<=msec": 8.300
				,"percent": 61.89
				}
			,{
				"<=msec": 8.400
				,"percent": 62.35
				}
			,{
				"<=msec": 8.500
				,"percent": 62.91
				}
			,{
				"<=msec": 8.600
				,"percent": 63.31
				}
			,{
				"<=msec": 8.700
				,"percent": 63.85
				}
			,{
				"<=msec": 8.800
				,"percent": 64.39
				}
			,{
				"<=msec": 8.900
				,"percent": 64.91
				}
			,{
				"<=msec": 9.000
				,"percent": 65.52
				}
			,{
				"<=msec": 9.100
				,"percent": 66.02
				}
			,{
				"<=msec": 9.200
				,"percent": 66.52
				}
			,{
				"<=msec": 9.300
				,"percent": 66.99
				}
			,{
				"<=msec": 9.400
				,"percent": 67.32
				}
			,{
				"<=msec": 9.500
				,"percent": 67.84
				}
			,{
				"<=msec": 9.600
				,"percent": 68.41
				}
			,{
				"<=msec": 9.700
				,"percent": 69.03
				}
			,{
				"<=msec": 9.800
				,"percent": 69.33
				}
			,{
				"<=msec": 9.900
				,"percent": 69.88
				}
			,{
				"<=msec": 10.000
				,"percent": 72.62
				}
			,{
				"<=msec": 11.000
				,"percent": 76.17
				}
			,{
				"<=msec": 12.000
				,"percent": 80.78
				}
			,{
				"<=msec": 13.000
				,"percent": 88.35
				}
			,{
				"<=msec": 14.000
				,"percent": 93.60
				}
			,{
				"<=msec": 15.000
				,"percent": 98.69
				}
			,{
				"<=msec": 16.000
				,"percent": 99.56
				}
			,{
				"<=msec": 17.000
				,"percent": 99.73
				}
			,{
				"<=msec": 18.000
				,"percent": 99.80
				}
			,{
				"<=msec": 19.000
				,"percent": 99.88
				}
			,{
				"<=msec": 20.000
				,"percent": 99.92
				}
			,{
				"<=msec": 21.000
				,"percent": 99.93
				}
			,{
				"<=msec": 25.000
				,"percent": 99.94
				}
			,{
				"<=msec": 26.000
				,"percent": 99.95
				}
			,{
				"<=msec": 27.000
				,"percent": 99.97
				}
			,{
				"<=msec": 29.000
				,"percent": 99.98
				}
			,{
				"<=msec": 46.000
				,"percent": 99.99
				}
			,{
				"<=msec": 49.000
				,"percent": 100.00
				}
			]
		,"GET":[
			{
				"<=msec": 1.500
				,"percent": 0.02
				}
			,{
				"<=msec": 1.600
				,"percent": 0.27
				}
			,{
				"<=msec": 1.700
				,"percent": 1.32
				}
			,{
				"<=msec": 1.800
				,"percent": 4.16
				}
			,{
				"<=msec": 1.900
				,"percent": 8.48
				}
			,{
				"<=msec": 2.000
				,"percent": 13.31
				}
			,{
				"<=msec": 2.100
				,"percent": 18.09
				}
			,{
				"<=msec": 2.200
				,"percent": 22.74
				}
			,{
				"<=msec": 2.300
				,"percent": 27.28
				}
			,{
				"<=msec": 2.400
				,"percent": 31.56
				}
			,{
				"<=msec": 2.500
				,"percent": 35.64
				}
			,{
				"<=msec": 2.600
				,"percent": 40.32
				}
			,{
				"<=msec": 2.700
				,"percent": 44.15
				}
			,{
				"<=msec": 2.800
				,"percent": 48.17
				}
			,{
				"<=msec": 2.900
				,"percent": 51.47
				}
			,{
				"<=msec": 3.000
				,"percent": 54.35
				}
			,{
				"<=msec": 3.100
				,"percent": 57.26
				}
			,{
				"<=msec": 3.200
				,"percent": 59.39
				}
			,{
				"<=msec": 3.300
				,"percent": 61.25
				}
			,{
				"<=msec": 3.400
				,"percent": 62.79
				}
			,{
				"<=msec": 3.500
				,"percent": 64.10
				}
			,{
				"<=msec": 3.600
				,"percent": 65.39
				}
			,{
				"<=msec": 3.700
				,"percent": 66.36
				}
			,{
				"<=msec": 3.800
				,"percent": 67.11
				}
			,{
				"<=msec": 3.900
				,"percent": 67.76
				}
			,{
				"<=msec": 4.000
				,"percent": 68.36
				}
			,{
				"<=msec": 4.100
				,"percent": 68.74
				}
			,{
				"<=msec": 4.200
				,"percent": 69.17
				}
			,{
				"<=msec": 4.300
				,"percent": 69.57
				}
			,{
				"<=msec": 4.400
				,"percent": 69.92
				}
			,{
				"<=msec": 4.500
				,"percent": 70.25
				}
			,{
				"<=msec": 4.600
				,"percent": 70.58
				}
			,{
				"<=msec": 4.700
				,"percent": 70.81
				}
			,{
				"<=msec": 4.800
				,"percent": 71.07
				}
			,{
				"<=msec": 4.900
				,"percent": 71.31
				}
			,{
				"<=msec": 5.000
				,"percent": 71.52
				}
			,{
				"<=msec": 5.100
				,"percent": 71.74
				}
			,{
				"<=msec": 5.200
				,"percent": 71.94
				}
			,{
				"<=msec": 5.300
				,"percent": 72.14
				}
			,{
				"<=msec": 5.400
				,"percent": 72.37
				}
			,{
				"<=msec": 5.500
				,"percent": 72.56
				}
			,{
				"<=msec": 5.600
				,"percent": 72.72
				}
			,{
				"<=msec": 5.700
				,"percent": 72.88
				}
			,{
				"<=msec": 5.800
				,"percent": 73.06
				}
			,{
				"<=msec": 5.900
				,"percent": 73.29
				}
			,{
				"<=msec": 6.000
				,"percent": 73.42
				}
			,{
				"<=msec": 6.100
				,"percent": 73.67
				}
			,{
				"<=msec": 6.200
				,"percent": 73.84
				}
			,{
				"<=msec": 6.300
				,"percent": 74.04
				}
			,{
				"<=msec": 6.400
				,"percent": 74.31
				}
			,{
				"<=msec": 6.500
				,"percent": 74.47
				}
			,{
				"<=msec": 6.600
				,"percent": 74.58
				}
			,{
				"<=msec": 6.700
				,"percent": 74.75
				}
			,{
				"<=msec": 6.800
				,"percent": 74.92
				}
			,{
				"<=msec": 6.900
				,"percent": 75.11
				}
			,{
				"<=msec": 7.000
				,"percent": 75.23
				}
			,{
				"<=msec": 7.100
				,"percent": 75.41
				}
			,{
				"<=msec": 7.200
				,"percent": 75.57
				}
			,{
				"<=msec": 7.300
				,"percent": 75.69
				}
			,{
				"<=msec": 7.400
				,"percent": 75.79
				}
			,{
				"<=msec": 7.500
				,"percent": 75.90
				}
			,{
				"<=msec": 7.600
				,"percent": 76.05
				}
			,{
				"<=msec": 7.700
				,"percent": 76.22
				}
			,{
				"<=msec": 7.800
				,"percent": 76.35
				}
			,{
				"<=msec": 7.900
				,"percent": 76.52
				}
			,{
				"<=msec": 8.000
				,"percent": 76.65
				}
			,{
				"<=msec": 8.100
				,"percent": 76.81
				}
			,{
				"<=msec": 8.200
				,"percent": 77.02
				}
			,{
				"<=msec": 8.300
				,"percent": 77.21
				}
			,{
				"<=msec": 8.400
				,"percent": 77.37
				}
			,{
				"<=msec": 8.500
				,"percent": 77.52
				}
			,{
				"<=msec": 8.600
				,"percent": 77.68
				}
			,{
				"<=msec": 8.700
				,"percent": 77.87
				}
			,{
				"<=msec": 8.800
				,"percent": 78.00
				}
			,{
				"<=msec": 8.900
				,"percent": 78.13
				}
			,{
				"<=msec": 9.000
				,"percent": 78.26
				}
			,{
				"<=msec": 9.100
				,"percent": 78.38
				}
			,{
				"<=msec": 9.200
				,"percent": 78.53
				}
			,{
				"<=msec": 9.300
				,"percent": 78.70
				}
			,{
				"<=msec": 9.400
				,"percent": 78.85
				}
			,{
				"<=msec": 9.500
				,"percent": 78.95
				}
			,{
				"<=msec": 9.600
				,"percent": 79.07
				}
			,{
				"<=msec": 9.700
				,"percent": 79.21
				}
			,{
				"<=msec": 9.800
				,"percent": 79.30
				}
			,{
				"<=msec": 9.900
				,"percent": 79.45
				}
			,{
				"<=msec": 10.000
				,"percent": 80.25
				}
			,{
				"<=msec": 11.000
				,"percent": 82.31
				}
			,{
				"<=msec": 12.000
				,"percent": 85.51
				}
			,{
				"<=msec": 13.000
				,"percent": 88.04
				}
			,{
				"<=msec": 14.000
				,"percent": 90.26
				}
			,{
				"<=msec": 15.000
				,"percent": 91.60
				}
			,{
				"<=msec": 16.000
				,"percent": 96.51
				}
			,{
				"<=msec": 17.000
				,"percent": 98.07
				}
			,{
				"<=msec": 18.000
				,"percent": 98.38
				}
			,{
				"<=msec": 19.000
				,"percent": 98.65
				}
			,{
				"<=msec": 20.000
				,"percent": 98.78
				}
			,{
				"<=msec": 21.000
				,"percent": 98.83
				}
			,{
				"<=msec": 22.000
				,"percent": 98.96
				}
			,{
				"<=msec": 23.000
				,"percent": 99.01
				}
			,{
				"<=msec": 24.000
				,"percent": 99.09
				}
			,{
				"<=msec": 25.000
				,"percent": 99.17
				}
			,{
				"<=msec": 26.000
				,"percent": 99.27
				}
			,{
				"<=msec": 27.000
				,"percent": 99.52
				}
			,{
				"<=msec": 28.000
				,"percent": 99.67
				}
			,{
				"<=msec": 29.000
				,"percent": 99.78
				}
			,{
				"<=msec": 30.000
				,"percent": 99.82
				}
			,{
				"<=msec": 31.000
				,"percent": 99.88
				}
			,{
				"<=msec": 32.000
				,"percent": 99.96
				}
			,{
				"<=msec": 33.000
				,"percent": 99.97
				}
			,{
				"<=msec": 36.000
				,"percent": 99.98
				}
			,{
				"<=msec": 42.000
				,"percent": 99.99
				}
			,{
				"<=msec": 50.000
				,"percent": 100.00
				}
			]
		,"WAIT":[
		]
		}
	}
