{
	"configuration":{
		"server": "10.0.0.4"
		,"port": 11212
		,"unix socket": "(null)"
		,"protocol": "memcache_text"
		,"out_file": "(null)"
		,"client_stats": "(null)"
		,"run_count": 1
		,"debug": 0
		,"requests": 0
		,"clients": 2
		,"threads": 1
		,"test_time": 60
		,"ratio": "1:6"
		,"pipeline": 1
		,"data_size": 4096
		,"data_offset": 0
		,"random_data": "false"
		,"data_size_range": "0:0"
		,"data_size_list": ""
		,"data_size_pattern": "R"
		,"expiry_range": "9999:10000"
		,"data_import": "(null)"
		,"data_verify": "false"
		,"verify_only": "false"
		,"generate_keys": "false"
		,"key_prefix": "memtier-"
		,"key_minimum":           0
		,"key_maximum":        1000
		,"key_pattern": "R:R"
		,"key_stddev": 0.000000
		,"key_median": 0.000000
		,"reconnect_interval": 0
		,"multi_key_get": 6
		,"authenticate": ""
		,"select-db": 0
		,"no-expiry": "false"
		,"wait-ratio": "0:0"
		,"num-slaves": "0:0"
		,"wait-timeout": "0-0"
		}
	,"run information":{
		"Threads": 1
		,"Connections per thread": 2
		,"Seconds": 60
		}
	,"ALL STATS":{
		"Sets":{
			"Ops/sec": 235.97
			,"Hits/sec": 0.00
			,"Misses/sec": 0.00
			,"Latency": 4.37
			,"KB/sec": 952.94
			}
		,"Gets":{
			"Ops/sec": 235.95
			,"Hits/sec": 1415.70
			,"Misses/sec": 0.00
			,"Latency": 4.08
			,"KB/sec": 5720.09
			}
		,"Waits":{
			"Ops/sec": 0.00
			,"Hits/sec": 0.00
			,"Misses/sec": 0.00
			,"Latency": 0.00
			,"KB/sec": 0.00
			}
		,"Totals":{
			"Ops/sec": 471.92
			,"Hits/sec": 1415.70
			,"Misses/sec": 0.00
			,"Latency": 4.22
			,"KB/sec": 6673.03
			}
		,"SET":[
			{
				"<=msec": 1.200
				,"percent": 0.02
				}
			,{
				"<=msec": 1.300
				,"percent": 0.37
				}
			,{
				"<=msec": 1.400
				,"percent": 1.84
				}
			,{
				"<=msec": 1.500
				,"percent": 5.20
				}
			,{
				"<=msec": 1.600
				,"percent": 9.91
				}
			,{
				"<=msec": 1.700
				,"percent": 15.84
				}
			,{
				"<=msec": 1.800
				,"percent": 21.83
				}
			,{
				"<=msec": 1.900
				,"percent": 27.94
				}
			,{
				"<=msec": 2.000
				,"percent": 33.28
				}
			,{
				"<=msec": 2.100
				,"percent": 37.59
				}
			,{
				"<=msec": 2.200
				,"percent": 41.35
				}
			,{
				"<=msec": 2.300
				,"percent": 44.36
				}
			,{
				"<=msec": 2.400
				,"percent": 46.52
				}
			,{
				"<=msec": 2.500
				,"percent": 48.46
				}
			,{
				"<=msec": 2.600
				,"percent": 49.96
				}
			,{
				"<=msec": 2.700
				,"percent": 51.55
				}
			,{
				"<=msec": 2.800
				,"percent": 52.90
				}
			,{
				"<=msec": 2.900
				,"percent": 53.95
				}
			,{
				"<=msec": 3.000
				,"percent": 54.97
				}
			,{
				"<=msec": 3.100
				,"percent": 55.95
				}
			,{
				"<=msec": 3.200
				,"percent": 56.86
				}
			,{
				"<=msec": 3.300
				,"percent": 57.61
				}
			,{
				"<=msec": 3.400
				,"percent": 58.43
				}
			,{
				"<=msec": 3.500
				,"percent": 59.24
				}
			,{
				"<=msec": 3.600
				,"percent": 59.96
				}
			,{
				"<=msec": 3.700
				,"percent": 60.51
				}
			,{
				"<=msec": 3.800
				,"percent": 61.24
				}
			,{
				"<=msec": 3.900
				,"percent": 61.80
				}
			,{
				"<=msec": 4.000
				,"percent": 62.33
				}
			,{
				"<=msec": 4.100
				,"percent": 62.85
				}
			,{
				"<=msec": 4.200
				,"percent": 63.29
				}
			,{
				"<=msec": 4.300
				,"percent": 63.84
				}
			,{
				"<=msec": 4.400
				,"percent": 64.35
				}
			,{
				"<=msec": 4.500
				,"percent": 64.76
				}
			,{
				"<=msec": 4.600
				,"percent": 65.26
				}
			,{
				"<=msec": 4.700
				,"percent": 65.74
				}
			,{
				"<=msec": 4.800
				,"percent": 66.17
				}
			,{
				"<=msec": 4.900
				,"percent": 66.71
				}
			,{
				"<=msec": 5.000
				,"percent": 67.14
				}
			,{
				"<=msec": 5.100
				,"percent": 67.62
				}
			,{
				"<=msec": 5.200
				,"percent": 68.18
				}
			,{
				"<=msec": 5.300
				,"percent": 68.66
				}
			,{
				"<=msec": 5.400
				,"percent": 69.26
				}
			,{
				"<=msec": 5.500
				,"percent": 69.72
				}
			,{
				"<=msec": 5.600
				,"percent": 70.29
				}
			,{
				"<=msec": 5.700
				,"percent": 70.65
				}
			,{
				"<=msec": 5.800
				,"percent": 71.08
				}
			,{
				"<=msec": 5.900
				,"percent": 71.60
				}
			,{
				"<=msec": 6.000
				,"percent": 72.18
				}
			,{
				"<=msec": 6.100
				,"percent": 72.72
				}
			,{
				"<=msec": 6.200
				,"percent": 73.15
				}
			,{
				"<=msec": 6.300
				,"percent": 73.63
				}
			,{
				"<=msec": 6.400
				,"percent": 74.20
				}
			,{
				"<=msec": 6.500
				,"percent": 74.78
				}
			,{
				"<=msec": 6.600
				,"percent": 75.22
				}
			,{
				"<=msec": 6.700
				,"percent": 75.68
				}
			,{
				"<=msec": 6.800
				,"percent": 76.17
				}
			,{
				"<=msec": 6.900
				,"percent": 76.75
				}
			,{
				"<=msec": 7.000
				,"percent": 77.40
				}
			,{
				"<=msec": 7.100
				,"percent": 77.98
				}
			,{
				"<=msec": 7.200
				,"percent": 78.49
				}
			,{
				"<=msec": 7.300
				,"percent": 78.94
				}
			,{
				"<=msec": 7.400
				,"percent": 79.42
				}
			,{
				"<=msec": 7.500
				,"percent": 80.03
				}
			,{
				"<=msec": 7.600
				,"percent": 80.63
				}
			,{
				"<=msec": 7.700
				,"percent": 81.15
				}
			,{
				"<=msec": 7.800
				,"percent": 81.66
				}
			,{
				"<=msec": 7.900
				,"percent": 82.18
				}
			,{
				"<=msec": 8.000
				,"percent": 82.65
				}
			,{
				"<=msec": 8.100
				,"percent": 83.19
				}
			,{
				"<=msec": 8.200
				,"percent": 83.78
				}
			,{
				"<=msec": 8.300
				,"percent": 84.39
				}
			,{
				"<=msec": 8.400
				,"percent": 84.86
				}
			,{
				"<=msec": 8.500
				,"percent": 85.41
				}
			,{
				"<=msec": 8.600
				,"percent": 85.89
				}
			,{
				"<=msec": 8.700
				,"percent": 86.33
				}
			,{
				"<=msec": 8.800
				,"percent": 87.00
				}
			,{
				"<=msec": 8.900
				,"percent": 87.45
				}
			,{
				"<=msec": 9.000
				,"percent": 88.00
				}
			,{
				"<=msec": 9.100
				,"percent": 88.48
				}
			,{
				"<=msec": 9.200
				,"percent": 89.00
				}
			,{
				"<=msec": 9.300
				,"percent": 89.50
				}
			,{
				"<=msec": 9.400
				,"percent": 89.94
				}
			,{
				"<=msec": 9.500
				,"percent": 90.40
				}
			,{
				"<=msec": 9.600
				,"percent": 90.84
				}
			,{
				"<=msec": 9.700
				,"percent": 91.29
				}
			,{
				"<=msec": 9.800
				,"percent": 91.81
				}
			,{
				"<=msec": 9.900
				,"percent": 92.30
				}
			,{
				"<=msec": 10.000
				,"percent": 94.62
				}
			,{
				"<=msec": 11.000
				,"percent": 97.13
				}
			,{
				"<=msec": 12.000
				,"percent": 98.35
				}
			,{
				"<=msec": 13.000
				,"percent": 99.19
				}
			,{
				"<=msec": 14.000
				,"percent": 99.56
				}
			,{
				"<=msec": 15.000
				,"percent": 99.72
				}
			,{
				"<=msec": 16.000
				,"percent": 99.82
				}
			,{
				"<=msec": 17.000
				,"percent": 99.87
				}
			,{
				"<=msec": 18.000
				,"percent": 99.91
				}
			,{
				"<=msec": 19.000
				,"percent": 99.93
				}
			,{
				"<=msec": 20.000
				,"percent": 99.95
				}
			,{
				"<=msec": 21.000
				,"percent": 99.96
				}
			,{
				"<=msec": 24.000
				,"percent": 99.96
				}
			,{
				"<=msec": 27.000
				,"percent": 99.97
				}
			,{
				"<=msec": 31.000
				,"percent": 99.98
				}
			,{
				"<=msec": 36.000
				,"percent": 99.99
				}
			,{
				"<=msec": 60.000
				,"percent": 99.99
				}
			,{
				"<=msec": 61.000
				,"percent": 100.00
				}
			]
		,"GET":[
			{
				"<=msec": 1.400
				,"percent": 0.07
				}
			,{
				"<=msec": 1.500
				,"percent": 0.50
				}
			,{
				"<=msec": 1.600
				,"percent": 2.06
				}
			,{
				"<=msec": 1.700
				,"percent": 4.89
				}
			,{
				"<=msec": 1.800
				,"percent": 8.84
				}
			,{
				"<=msec": 1.900
				,"percent": 13.34
				}
			,{
				"<=msec": 2.000
				,"percent": 18.46
				}
			,{
				"<=msec": 2.100
				,"percent": 23.84
				}
			,{
				"<=msec": 2.200
				,"percent": 28.98
				}
			,{
				"<=msec": 2.300
				,"percent": 33.91
				}
			,{
				"<=msec": 2.400
				,"percent": 39.13
				}
			,{
				"<=msec": 2.500
				,"percent": 43.45
				}
			,{
				"<=msec": 2.600
				,"percent": 48.02
				}
			,{
				"<=msec": 2.700
				,"percent": 52.06
				}
			,{
				"<=msec": 2.800
				,"percent": 55.58
				}
			,{
				"<=msec": 2.900
				,"percent": 58.64
				}
			,{
				"<=msec": 3.000
				,"percent": 61.49
				}
			,{
				"<=msec": 3.100
				,"percent": 64.01
				}
			,{
				"<=msec": 3.200
				,"percent": 66.12
				}
			,{
				"<=msec": 3.300
				,"percent": 67.84
				}
			,{
				"<=msec": 3.400
				,"percent": 69.16
				}
			,{
				"<=msec": 3.500
				,"percent": 70.35
				}
			,{
				"<=msec": 3.600
				,"percent": 71.51
				}
			,{
				"<=msec": 3.700
				,"percent": 72.47
				}
			,{
				"<=msec": 3.800
				,"percent": 73.22
				}
			,{
				"<=msec": 3.900
				,"percent": 73.85
				}
			,{
				"<=msec": 4.000
				,"percent": 74.46
				}
			,{
				"<=msec": 4.100
				,"percent": 74.99
				}
			,{
				"<=msec": 4.200
				,"percent": 75.56
				}
			,{
				"<=msec": 4.300
				,"percent": 76.05
				}
			,{
				"<=msec": 4.400
				,"percent": 76.41
				}
			,{
				"<=msec": 4.500
				,"percent": 76.82
				}
			,{
				"<=msec": 4.600
				,"percent": 77.20
				}
			,{
				"<=msec": 4.700
				,"percent": 77.61
				}
			,{
				"<=msec": 4.800
				,"percent": 77.94
				}
			,{
				"<=msec": 4.900
				,"percent": 78.23
				}
			,{
				"<=msec": 5.000
				,"percent": 78.48
				}
			,{
				"<=msec": 5.100
				,"percent": 78.87
				}
			,{
				"<=msec": 5.200
				,"percent": 79.20
				}
			,{
				"<=msec": 5.300
				,"percent": 79.54
				}
			,{
				"<=msec": 5.400
				,"percent": 79.78
				}
			,{
				"<=msec": 5.500
				,"percent": 80.05
				}
			,{
				"<=msec": 5.600
				,"percent": 80.34
				}
			,{
				"<=msec": 5.700
				,"percent": 80.72
				}
			,{
				"<=msec": 5.800
				,"percent": 80.91
				}
			,{
				"<=msec": 5.900
				,"percent": 81.20
				}
			,{
				"<=msec": 6.000
				,"percent": 81.50
				}
			,{
				"<=msec": 6.100
				,"percent": 81.84
				}
			,{
				"<=msec": 6.200
				,"percent": 82.10
				}
			,{
				"<=msec": 6.300
				,"percent": 82.38
				}
			,{
				"<=msec": 6.400
				,"percent": 82.60
				}
			,{
				"<=msec": 6.500
				,"percent": 82.82
				}
			,{
				"<=msec": 6.600
				,"percent": 83.06
				}
			,{
				"<=msec": 6.700
				,"percent": 83.30
				}
			,{
				"<=msec": 6.800
				,"percent": 83.56
				}
			,{
				"<=msec": 6.900
				,"percent": 83.82
				}
			,{
				"<=msec": 7.000
				,"percent": 84.01
				}
			,{
				"<=msec": 7.100
				,"percent": 84.22
				}
			,{
				"<=msec": 7.200
				,"percent": 84.48
				}
			,{
				"<=msec": 7.300
				,"percent": 84.68
				}
			,{
				"<=msec": 7.400
				,"percent": 84.88
				}
			,{
				"<=msec": 7.500
				,"percent": 85.14
				}
			,{
				"<=msec": 7.600
				,"percent": 85.47
				}
			,{
				"<=msec": 7.700
				,"percent": 85.70
				}
			,{
				"<=msec": 7.800
				,"percent": 85.88
				}
			,{
				"<=msec": 7.900
				,"percent": 86.14
				}
			,{
				"<=msec": 8.000
				,"percent": 86.41
				}
			,{
				"<=msec": 8.100
				,"percent": 86.54
				}
			,{
				"<=msec": 8.200
				,"percent": 86.73
				}
			,{
				"<=msec": 8.300
				,"percent": 86.97
				}
			,{
				"<=msec": 8.400
				,"percent": 87.20
				}
			,{
				"<=msec": 8.500
				,"percent": 87.42
				}
			,{
				"<=msec": 8.600
				,"percent": 87.60
				}
			,{
				"<=msec": 8.700
				,"percent": 87.83
				}
			,{
				"<=msec": 8.800
				,"percent": 88.10
				}
			,{
				"<=msec": 8.900
				,"percent": 88.25
				}
			,{
				"<=msec": 9.000
				,"percent": 88.39
				}
			,{
				"<=msec": 9.100
				,"percent": 88.66
				}
			,{
				"<=msec": 9.200
				,"percent": 88.80
				}
			,{
				"<=msec": 9.300
				,"percent": 89.01
				}
			,{
				"<=msec": 9.400
				,"percent": 89.20
				}
			,{
				"<=msec": 9.500
				,"percent": 89.38
				}
			,{
				"<=msec": 9.600
				,"percent": 89.60
				}
			,{
				"<=msec": 9.700
				,"percent": 89.78
				}
			,{
				"<=msec": 9.800
				,"percent": 89.98
				}
			,{
				"<=msec": 9.900
				,"percent": 90.18
				}
			,{
				"<=msec": 10.000
				,"percent": 91.28
				}
			,{
				"<=msec": 11.000
				,"percent": 93.88
				}
			,{
				"<=msec": 12.000
				,"percent": 96.84
				}
			,{
				"<=msec": 13.000
				,"percent": 98.70
				}
			,{
				"<=msec": 14.000
				,"percent": 99.34
				}
			,{
				"<=msec": 15.000
				,"percent": 99.61
				}
			,{
				"<=msec": 16.000
				,"percent": 99.72
				}
			,{
				"<=msec": 17.000
				,"percent": 99.84
				}
			,{
				"<=msec": 18.000
				,"percent": 99.91
				}
			,{
				"<=msec": 19.000
				,"percent": 99.94
				}
			,{
				"<=msec": 20.000
				,"percent": 99.95
				}
			,{
				"<=msec": 21.000
				,"percent": 99.96
				}
			,{
				"<=msec": 22.000
				,"percent": 99.96
				}
			,{
				"<=msec": 23.000
				,"percent": 99.98
				}
			,{
				"<=msec": 25.000
				,"percent": 99.99
				}
			,{
				"<=msec": 27.000
				,"percent": 99.99
				}
			,{
				"<=msec": 33.000
				,"percent": 100.00
				}
			]
		,"WAIT":[
		]
		}
	}
