{
	"configuration":{
		"server": "10.0.0.4"
		,"port": 11212
		,"unix socket": "(null)"
		,"protocol": "memcache_text"
		,"out_file": "(null)"
		,"client_stats": "(null)"
		,"run_count": 1
		,"debug": 0
		,"requests": 0
		,"clients": 2
		,"threads": 1
		,"test_time": 60
		,"ratio": "1:6"
		,"pipeline": 1
		,"data_size": 4096
		,"data_offset": 0
		,"random_data": "false"
		,"data_size_range": "0:0"
		,"data_size_list": ""
		,"data_size_pattern": "R"
		,"expiry_range": "9999:10000"
		,"data_import": "(null)"
		,"data_verify": "false"
		,"verify_only": "false"
		,"generate_keys": "false"
		,"key_prefix": "memtier-"
		,"key_minimum":           0
		,"key_maximum":        1000
		,"key_pattern": "R:R"
		,"key_stddev": 0.000000
		,"key_median": 0.000000
		,"reconnect_interval": 0
		,"multi_key_get": 6
		,"authenticate": ""
		,"select-db": 0
		,"no-expiry": "false"
		,"wait-ratio": "0:0"
		,"num-slaves": "0:0"
		,"wait-timeout": "0-0"
		}
	,"run information":{
		"Threads": 1
		,"Connections per thread": 2
		,"Seconds": 60
		}
	,"ALL STATS":{
		"Sets":{
			"Ops/sec": 238.86
			,"Hits/sec": 0.00
			,"Misses/sec": 0.00
			,"Latency": 4.35
			,"KB/sec": 964.64
			}
		,"Gets":{
			"Ops/sec": 238.83
			,"Hits/sec": 1432.98
			,"Misses/sec": 0.00
			,"Latency": 4.00
			,"KB/sec": 5789.90
			}
		,"Waits":{
			"Ops/sec": 0.00
			,"Hits/sec": 0.00
			,"Misses/sec": 0.00
			,"Latency": 0.00
			,"KB/sec": 0.00
			}
		,"Totals":{
			"Ops/sec": 477.69
			,"Hits/sec": 1432.98
			,"Misses/sec": 0.00
			,"Latency": 4.17
			,"KB/sec": 6754.54
			}
		,"SET":[
			{
				"<=msec": 1.200
				,"percent": 0.11
				}
			,{
				"<=msec": 1.300
				,"percent": 0.80
				}
			,{
				"<=msec": 1.400
				,"percent": 3.13
				}
			,{
				"<=msec": 1.500
				,"percent": 7.51
				}
			,{
				"<=msec": 1.600
				,"percent": 13.14
				}
			,{
				"<=msec": 1.700
				,"percent": 19.65
				}
			,{
				"<=msec": 1.800
				,"percent": 25.84
				}
			,{
				"<=msec": 1.900
				,"percent": 31.51
				}
			,{
				"<=msec": 2.000
				,"percent": 36.34
				}
			,{
				"<=msec": 2.100
				,"percent": 40.40
				}
			,{
				"<=msec": 2.200
				,"percent": 43.56
				}
			,{
				"<=msec": 2.300
				,"percent": 46.36
				}
			,{
				"<=msec": 2.400
				,"percent": 48.52
				}
			,{
				"<=msec": 2.500
				,"percent": 50.18
				}
			,{
				"<=msec": 2.600
				,"percent": 51.55
				}
			,{
				"<=msec": 2.700
				,"percent": 52.86
				}
			,{
				"<=msec": 2.800
				,"percent": 53.95
				}
			,{
				"<=msec": 2.900
				,"percent": 54.90
				}
			,{
				"<=msec": 3.000
				,"percent": 55.75
				}
			,{
				"<=msec": 3.100
				,"percent": 56.49
				}
			,{
				"<=msec": 3.200
				,"percent": 57.20
				}
			,{
				"<=msec": 3.300
				,"percent": 57.81
				}
			,{
				"<=msec": 3.400
				,"percent": 58.51
				}
			,{
				"<=msec": 3.500
				,"percent": 59.14
				}
			,{
				"<=msec": 3.600
				,"percent": 59.74
				}
			,{
				"<=msec": 3.700
				,"percent": 60.20
				}
			,{
				"<=msec": 3.800
				,"percent": 60.59
				}
			,{
				"<=msec": 3.900
				,"percent": 61.14
				}
			,{
				"<=msec": 4.000
				,"percent": 61.67
				}
			,{
				"<=msec": 4.100
				,"percent": 62.16
				}
			,{
				"<=msec": 4.200
				,"percent": 62.67
				}
			,{
				"<=msec": 4.300
				,"percent": 63.19
				}
			,{
				"<=msec": 4.400
				,"percent": 63.58
				}
			,{
				"<=msec": 4.500
				,"percent": 64.15
				}
			,{
				"<=msec": 4.600
				,"percent": 64.74
				}
			,{
				"<=msec": 4.700
				,"percent": 65.38
				}
			,{
				"<=msec": 4.800
				,"percent": 65.84
				}
			,{
				"<=msec": 4.900
				,"percent": 66.30
				}
			,{
				"<=msec": 5.000
				,"percent": 66.78
				}
			,{
				"<=msec": 5.100
				,"percent": 67.24
				}
			,{
				"<=msec": 5.200
				,"percent": 67.74
				}
			,{
				"<=msec": 5.300
				,"percent": 68.23
				}
			,{
				"<=msec": 5.400
				,"percent": 68.72
				}
			,{
				"<=msec": 5.500
				,"percent": 69.20
				}
			,{
				"<=msec": 5.600
				,"percent": 69.72
				}
			,{
				"<=msec": 5.700
				,"percent": 70.20
				}
			,{
				"<=msec": 5.800
				,"percent": 70.70
				}
			,{
				"<=msec": 5.900
				,"percent": 71.19
				}
			,{
				"<=msec": 6.000
				,"percent": 71.82
				}
			,{
				"<=msec": 6.100
				,"percent": 72.32
				}
			,{
				"<=msec": 6.200
				,"percent": 72.87
				}
			,{
				"<=msec": 6.300
				,"percent": 73.42
				}
			,{
				"<=msec": 6.400
				,"percent": 73.87
				}
			,{
				"<=msec": 6.500
				,"percent": 74.44
				}
			,{
				"<=msec": 6.600
				,"percent": 74.97
				}
			,{
				"<=msec": 6.700
				,"percent": 75.52
				}
			,{
				"<=msec": 6.800
				,"percent": 76.13
				}
			,{
				"<=msec": 6.900
				,"percent": 76.64
				}
			,{
				"<=msec": 7.000
				,"percent": 77.17
				}
			,{
				"<=msec": 7.100
				,"percent": 77.83
				}
			,{
				"<=msec": 7.200
				,"percent": 78.39
				}
			,{
				"<=msec": 7.300
				,"percent": 78.87
				}
			,{
				"<=msec": 7.400
				,"percent": 79.50
				}
			,{
				"<=msec": 7.500
				,"percent": 80.03
				}
			,{
				"<=msec": 7.600
				,"percent": 80.58
				}
			,{
				"<=msec": 7.700
				,"percent": 81.09
				}
			,{
				"<=msec": 7.800
				,"percent": 81.57
				}
			,{
				"<=msec": 7.900
				,"percent": 82.09
				}
			,{
				"<=msec": 8.000
				,"percent": 82.70
				}
			,{
				"<=msec": 8.100
				,"percent": 83.21
				}
			,{
				"<=msec": 8.200
				,"percent": 83.64
				}
			,{
				"<=msec": 8.300
				,"percent": 84.06
				}
			,{
				"<=msec": 8.400
				,"percent": 84.53
				}
			,{
				"<=msec": 8.500
				,"percent": 84.95
				}
			,{
				"<=msec": 8.600
				,"percent": 85.47
				}
			,{
				"<=msec": 8.700
				,"percent": 86.08
				}
			,{
				"<=msec": 8.800
				,"percent": 86.66
				}
			,{
				"<=msec": 8.900
				,"percent": 87.19
				}
			,{
				"<=msec": 9.000
				,"percent": 87.73
				}
			,{
				"<=msec": 9.100
				,"percent": 88.22
				}
			,{
				"<=msec": 9.200
				,"percent": 88.72
				}
			,{
				"<=msec": 9.300
				,"percent": 89.26
				}
			,{
				"<=msec": 9.400
				,"percent": 89.72
				}
			,{
				"<=msec": 9.500
				,"percent": 90.14
				}
			,{
				"<=msec": 9.600
				,"percent": 90.63
				}
			,{
				"<=msec": 9.700
				,"percent": 91.16
				}
			,{
				"<=msec": 9.800
				,"percent": 91.58
				}
			,{
				"<=msec": 9.900
				,"percent": 92.00
				}
			,{
				"<=msec": 10.000
				,"percent": 94.24
				}
			,{
				"<=msec": 11.000
				,"percent": 97.13
				}
			,{
				"<=msec": 12.000
				,"percent": 98.36
				}
			,{
				"<=msec": 13.000
				,"percent": 99.10
				}
			,{
				"<=msec": 14.000
				,"percent": 99.58
				}
			,{
				"<=msec": 15.000
				,"percent": 99.71
				}
			,{
				"<=msec": 16.000
				,"percent": 99.76
				}
			,{
				"<=msec": 17.000
				,"percent": 99.85
				}
			,{
				"<=msec": 18.000
				,"percent": 99.89
				}
			,{
				"<=msec": 19.000
				,"percent": 99.90
				}
			,{
				"<=msec": 20.000
				,"percent": 99.92
				}
			,{
				"<=msec": 21.000
				,"percent": 99.94
				}
			,{
				"<=msec": 22.000
				,"percent": 99.95
				}
			,{
				"<=msec": 24.000
				,"percent": 99.97
				}
			,{
				"<=msec": 25.000
				,"percent": 99.99
				}
			,{
				"<=msec": 26.000
				,"percent": 99.99
				}
			,{
				"<=msec": 32.000
				,"percent": 100.00
				}
			]
		,"GET":[
			{
				"<=msec": 1.400
				,"percent": 0.18
				}
			,{
				"<=msec": 1.500
				,"percent": 1.18
				}
			,{
				"<=msec": 1.600
				,"percent": 3.62
				}
			,{
				"<=msec": 1.700
				,"percent": 7.08
				}
			,{
				"<=msec": 1.800
				,"percent": 11.44
				}
			,{
				"<=msec": 1.900
				,"percent": 16.94
				}
			,{
				"<=msec": 2.000
				,"percent": 22.66
				}
			,{
				"<=msec": 2.100
				,"percent": 27.84
				}
			,{
				"<=msec": 2.200
				,"percent": 33.10
				}
			,{
				"<=msec": 2.300
				,"percent": 38.12
				}
			,{
				"<=msec": 2.400
				,"percent": 42.85
				}
			,{
				"<=msec": 2.500
				,"percent": 47.33
				}
			,{
				"<=msec": 2.600
				,"percent": 51.78
				}
			,{
				"<=msec": 2.700
				,"percent": 55.59
				}
			,{
				"<=msec": 2.800
				,"percent": 59.02
				}
			,{
				"<=msec": 2.900
				,"percent": 61.67
				}
			,{
				"<=msec": 3.000
				,"percent": 63.99
				}
			,{
				"<=msec": 3.100
				,"percent": 66.05
				}
			,{
				"<=msec": 3.200
				,"percent": 67.88
				}
			,{
				"<=msec": 3.300
				,"percent": 69.35
				}
			,{
				"<=msec": 3.400
				,"percent": 70.38
				}
			,{
				"<=msec": 3.500
				,"percent": 71.58
				}
			,{
				"<=msec": 3.600
				,"percent": 72.56
				}
			,{
				"<=msec": 3.700
				,"percent": 73.33
				}
			,{
				"<=msec": 3.800
				,"percent": 74.02
				}
			,{
				"<=msec": 3.900
				,"percent": 74.62
				}
			,{
				"<=msec": 4.000
				,"percent": 75.17
				}
			,{
				"<=msec": 4.100
				,"percent": 75.87
				}
			,{
				"<=msec": 4.200
				,"percent": 76.34
				}
			,{
				"<=msec": 4.300
				,"percent": 76.88
				}
			,{
				"<=msec": 4.400
				,"percent": 77.29
				}
			,{
				"<=msec": 4.500
				,"percent": 77.70
				}
			,{
				"<=msec": 4.600
				,"percent": 78.01
				}
			,{
				"<=msec": 4.700
				,"percent": 78.31
				}
			,{
				"<=msec": 4.800
				,"percent": 78.63
				}
			,{
				"<=msec": 4.900
				,"percent": 78.96
				}
			,{
				"<=msec": 5.000
				,"percent": 79.24
				}
			,{
				"<=msec": 5.100
				,"percent": 79.58
				}
			,{
				"<=msec": 5.200
				,"percent": 79.92
				}
			,{
				"<=msec": 5.300
				,"percent": 80.17
				}
			,{
				"<=msec": 5.400
				,"percent": 80.43
				}
			,{
				"<=msec": 5.500
				,"percent": 80.71
				}
			,{
				"<=msec": 5.600
				,"percent": 81.02
				}
			,{
				"<=msec": 5.700
				,"percent": 81.19
				}
			,{
				"<=msec": 5.800
				,"percent": 81.45
				}
			,{
				"<=msec": 5.900
				,"percent": 81.65
				}
			,{
				"<=msec": 6.000
				,"percent": 81.85
				}
			,{
				"<=msec": 6.100
				,"percent": 82.09
				}
			,{
				"<=msec": 6.200
				,"percent": 82.33
				}
			,{
				"<=msec": 6.300
				,"percent": 82.48
				}
			,{
				"<=msec": 6.400
				,"percent": 82.71
				}
			,{
				"<=msec": 6.500
				,"percent": 82.90
				}
			,{
				"<=msec": 6.600
				,"percent": 83.10
				}
			,{
				"<=msec": 6.700
				,"percent": 83.34
				}
			,{
				"<=msec": 6.800
				,"percent": 83.55
				}
			,{
				"<=msec": 6.900
				,"percent": 83.76
				}
			,{
				"<=msec": 7.000
				,"percent": 84.04
				}
			,{
				"<=msec": 7.100
				,"percent": 84.33
				}
			,{
				"<=msec": 7.200
				,"percent": 84.52
				}
			,{
				"<=msec": 7.300
				,"percent": 84.76
				}
			,{
				"<=msec": 7.400
				,"percent": 85.01
				}
			,{
				"<=msec": 7.500
				,"percent": 85.20
				}
			,{
				"<=msec": 7.600
				,"percent": 85.49
				}
			,{
				"<=msec": 7.700
				,"percent": 85.72
				}
			,{
				"<=msec": 7.800
				,"percent": 85.95
				}
			,{
				"<=msec": 7.900
				,"percent": 86.20
				}
			,{
				"<=msec": 8.000
				,"percent": 86.43
				}
			,{
				"<=msec": 8.100
				,"percent": 86.64
				}
			,{
				"<=msec": 8.200
				,"percent": 86.81
				}
			,{
				"<=msec": 8.300
				,"percent": 87.02
				}
			,{
				"<=msec": 8.400
				,"percent": 87.26
				}
			,{
				"<=msec": 8.500
				,"percent": 87.49
				}
			,{
				"<=msec": 8.600
				,"percent": 87.67
				}
			,{
				"<=msec": 8.700
				,"percent": 87.86
				}
			,{
				"<=msec": 8.800
				,"percent": 88.06
				}
			,{
				"<=msec": 8.900
				,"percent": 88.30
				}
			,{
				"<=msec": 9.000
				,"percent": 88.54
				}
			,{
				"<=msec": 9.100
				,"percent": 88.72
				}
			,{
				"<=msec": 9.200
				,"percent": 88.97
				}
			,{
				"<=msec": 9.300
				,"percent": 89.18
				}
			,{
				"<=msec": 9.400
				,"percent": 89.36
				}
			,{
				"<=msec": 9.500
				,"percent": 89.54
				}
			,{
				"<=msec": 9.600
				,"percent": 89.75
				}
			,{
				"<=msec": 9.700
				,"percent": 89.94
				}
			,{
				"<=msec": 9.800
				,"percent": 90.11
				}
			,{
				"<=msec": 9.900
				,"percent": 90.31
				}
			,{
				"<=msec": 10.000
				,"percent": 91.40
				}
			,{
				"<=msec": 11.000
				,"percent": 93.75
				}
			,{
				"<=msec": 12.000
				,"percent": 96.73
				}
			,{
				"<=msec": 13.000
				,"percent": 98.72
				}
			,{
				"<=msec": 14.000
				,"percent": 99.38
				}
			,{
				"<=msec": 15.000
				,"percent": 99.55
				}
			,{
				"<=msec": 16.000
				,"percent": 99.75
				}
			,{
				"<=msec": 17.000
				,"percent": 99.85
				}
			,{
				"<=msec": 18.000
				,"percent": 99.88
				}
			,{
				"<=msec": 19.000
				,"percent": 99.91
				}
			,{
				"<=msec": 20.000
				,"percent": 99.92
				}
			,{
				"<=msec": 21.000
				,"percent": 99.94
				}
			,{
				"<=msec": 22.000
				,"percent": 99.98
				}
			,{
				"<=msec": 24.000
				,"percent": 99.99
				}
			,{
				"<=msec": 26.000
				,"percent": 99.99
				}
			,{
				"<=msec": 28.000
				,"percent": 100.00
				}
			]
		,"WAIT":[
		]
		}
	}
