{
	"configuration":{
		"server": "10.0.0.4"
		,"port": 11212
		,"unix socket": "(null)"
		,"protocol": "memcache_text"
		,"out_file": "(null)"
		,"client_stats": "(null)"
		,"run_count": 1
		,"debug": 0
		,"requests": 0
		,"clients": 2
		,"threads": 1
		,"test_time": 60
		,"ratio": "1:1"
		,"pipeline": 1
		,"data_size": 4096
		,"data_offset": 0
		,"random_data": "false"
		,"data_size_range": "0:0"
		,"data_size_list": ""
		,"data_size_pattern": "R"
		,"expiry_range": "9999:10000"
		,"data_import": "(null)"
		,"data_verify": "false"
		,"verify_only": "false"
		,"generate_keys": "false"
		,"key_prefix": "memtier-"
		,"key_minimum":           0
		,"key_maximum":        1000
		,"key_pattern": "R:R"
		,"key_stddev": 0.000000
		,"key_median": 0.000000
		,"reconnect_interval": 0
		,"multi_key_get": 1
		,"authenticate": ""
		,"select-db": 0
		,"no-expiry": "false"
		,"wait-ratio": "0:0"
		,"num-slaves": "0:0"
		,"wait-timeout": "0-0"
		}
	,"run information":{
		"Threads": 1
		,"Connections per thread": 2
		,"Seconds": 60
		}
	,"ALL STATS":{
		"Sets":{
			"Ops/sec": 430.31
			,"Hits/sec": 0.00
			,"Misses/sec": 0.00
			,"Latency": 2.62
			,"KB/sec": 1737.81
			}
		,"Gets":{
			"Ops/sec": 430.31
			,"Hits/sec": 430.31
			,"Misses/sec": 0.00
			,"Latency": 2.02
			,"KB/sec": 1742.17
			}
		,"Waits":{
			"Ops/sec": 0.00
			,"Hits/sec": 0.00
			,"Misses/sec": 0.00
			,"Latency": 0.00
			,"KB/sec": 0.00
			}
		,"Totals":{
			"Ops/sec": 860.63
			,"Hits/sec": 430.31
			,"Misses/sec": 0.00
			,"Latency": 2.31
			,"KB/sec": 3479.99
			}
		,"SET":[
			{
				"<=msec": 1.100
				,"percent": 0.00
				}
			,{
				"<=msec": 1.200
				,"percent": 0.16
				}
			,{
				"<=msec": 1.300
				,"percent": 1.48
				}
			,{
				"<=msec": 1.400
				,"percent": 5.50
				}
			,{
				"<=msec": 1.500
				,"percent": 12.99
				}
			,{
				"<=msec": 1.600
				,"percent": 22.37
				}
			,{
				"<=msec": 1.700
				,"percent": 32.64
				}
			,{
				"<=msec": 1.800
				,"percent": 42.66
				}
			,{
				"<=msec": 1.900
				,"percent": 50.99
				}
			,{
				"<=msec": 2.000
				,"percent": 57.69
				}
			,{
				"<=msec": 2.100
				,"percent": 62.90
				}
			,{
				"<=msec": 2.200
				,"percent": 67.27
				}
			,{
				"<=msec": 2.300
				,"percent": 70.74
				}
			,{
				"<=msec": 2.400
				,"percent": 73.47
				}
			,{
				"<=msec": 2.500
				,"percent": 75.68
				}
			,{
				"<=msec": 2.600
				,"percent": 77.49
				}
			,{
				"<=msec": 2.700
				,"percent": 78.96
				}
			,{
				"<=msec": 2.800
				,"percent": 80.16
				}
			,{
				"<=msec": 2.900
				,"percent": 81.25
				}
			,{
				"<=msec": 3.000
				,"percent": 82.13
				}
			,{
				"<=msec": 3.100
				,"percent": 82.95
				}
			,{
				"<=msec": 3.200
				,"percent": 83.72
				}
			,{
				"<=msec": 3.300
				,"percent": 84.48
				}
			,{
				"<=msec": 3.400
				,"percent": 85.12
				}
			,{
				"<=msec": 3.500
				,"percent": 85.72
				}
			,{
				"<=msec": 3.600
				,"percent": 86.25
				}
			,{
				"<=msec": 3.700
				,"percent": 86.77
				}
			,{
				"<=msec": 3.800
				,"percent": 87.21
				}
			,{
				"<=msec": 3.900
				,"percent": 87.62
				}
			,{
				"<=msec": 4.000
				,"percent": 88.03
				}
			,{
				"<=msec": 4.100
				,"percent": 88.43
				}
			,{
				"<=msec": 4.200
				,"percent": 88.77
				}
			,{
				"<=msec": 4.300
				,"percent": 89.12
				}
			,{
				"<=msec": 4.400
				,"percent": 89.40
				}
			,{
				"<=msec": 4.500
				,"percent": 89.75
				}
			,{
				"<=msec": 4.600
				,"percent": 90.03
				}
			,{
				"<=msec": 4.700
				,"percent": 90.32
				}
			,{
				"<=msec": 4.800
				,"percent": 90.61
				}
			,{
				"<=msec": 4.900
				,"percent": 90.91
				}
			,{
				"<=msec": 5.000
				,"percent": 91.18
				}
			,{
				"<=msec": 5.100
				,"percent": 91.45
				}
			,{
				"<=msec": 5.200
				,"percent": 91.68
				}
			,{
				"<=msec": 5.300
				,"percent": 91.99
				}
			,{
				"<=msec": 5.400
				,"percent": 92.21
				}
			,{
				"<=msec": 5.500
				,"percent": 92.35
				}
			,{
				"<=msec": 5.600
				,"percent": 92.57
				}
			,{
				"<=msec": 5.700
				,"percent": 92.80
				}
			,{
				"<=msec": 5.800
				,"percent": 93.01
				}
			,{
				"<=msec": 5.900
				,"percent": 93.26
				}
			,{
				"<=msec": 6.000
				,"percent": 93.56
				}
			,{
				"<=msec": 6.100
				,"percent": 93.69
				}
			,{
				"<=msec": 6.200
				,"percent": 93.93
				}
			,{
				"<=msec": 6.300
				,"percent": 94.11
				}
			,{
				"<=msec": 6.400
				,"percent": 94.31
				}
			,{
				"<=msec": 6.500
				,"percent": 94.55
				}
			,{
				"<=msec": 6.600
				,"percent": 94.82
				}
			,{
				"<=msec": 6.700
				,"percent": 95.09
				}
			,{
				"<=msec": 6.800
				,"percent": 95.27
				}
			,{
				"<=msec": 6.900
				,"percent": 95.46
				}
			,{
				"<=msec": 7.000
				,"percent": 95.69
				}
			,{
				"<=msec": 7.100
				,"percent": 95.92
				}
			,{
				"<=msec": 7.200
				,"percent": 96.13
				}
			,{
				"<=msec": 7.300
				,"percent": 96.32
				}
			,{
				"<=msec": 7.400
				,"percent": 96.54
				}
			,{
				"<=msec": 7.500
				,"percent": 96.70
				}
			,{
				"<=msec": 7.600
				,"percent": 96.86
				}
			,{
				"<=msec": 7.700
				,"percent": 97.07
				}
			,{
				"<=msec": 7.800
				,"percent": 97.23
				}
			,{
				"<=msec": 7.900
				,"percent": 97.40
				}
			,{
				"<=msec": 8.000
				,"percent": 97.58
				}
			,{
				"<=msec": 8.100
				,"percent": 97.71
				}
			,{
				"<=msec": 8.200
				,"percent": 97.87
				}
			,{
				"<=msec": 8.300
				,"percent": 97.97
				}
			,{
				"<=msec": 8.400
				,"percent": 98.08
				}
			,{
				"<=msec": 8.500
				,"percent": 98.21
				}
			,{
				"<=msec": 8.600
				,"percent": 98.33
				}
			,{
				"<=msec": 8.700
				,"percent": 98.43
				}
			,{
				"<=msec": 8.800
				,"percent": 98.54
				}
			,{
				"<=msec": 8.900
				,"percent": 98.57
				}
			,{
				"<=msec": 9.000
				,"percent": 98.64
				}
			,{
				"<=msec": 9.100
				,"percent": 98.70
				}
			,{
				"<=msec": 9.200
				,"percent": 98.79
				}
			,{
				"<=msec": 9.300
				,"percent": 98.85
				}
			,{
				"<=msec": 9.400
				,"percent": 98.91
				}
			,{
				"<=msec": 9.500
				,"percent": 98.99
				}
			,{
				"<=msec": 9.600
				,"percent": 99.06
				}
			,{
				"<=msec": 9.700
				,"percent": 99.11
				}
			,{
				"<=msec": 9.800
				,"percent": 99.16
				}
			,{
				"<=msec": 9.900
				,"percent": 99.19
				}
			,{
				"<=msec": 10.000
				,"percent": 99.39
				}
			,{
				"<=msec": 11.000
				,"percent": 99.56
				}
			,{
				"<=msec": 12.000
				,"percent": 99.69
				}
			,{
				"<=msec": 13.000
				,"percent": 99.75
				}
			,{
				"<=msec": 14.000
				,"percent": 99.81
				}
			,{
				"<=msec": 15.000
				,"percent": 99.84
				}
			,{
				"<=msec": 16.000
				,"percent": 99.88
				}
			,{
				"<=msec": 17.000
				,"percent": 99.91
				}
			,{
				"<=msec": 18.000
				,"percent": 99.93
				}
			,{
				"<=msec": 19.000
				,"percent": 99.93
				}
			,{
				"<=msec": 20.000
				,"percent": 99.94
				}
			,{
				"<=msec": 21.000
				,"percent": 99.94
				}
			,{
				"<=msec": 22.000
				,"percent": 99.96
				}
			,{
				"<=msec": 25.000
				,"percent": 99.96
				}
			,{
				"<=msec": 49.000
				,"percent": 99.97
				}
			,{
				"<=msec": 68.000
				,"percent": 99.97
				}
			,{
				"<=msec": 72.000
				,"percent": 99.97
				}
			,{
				"<=msec": 77.000
				,"percent": 99.98
				}
			,{
				"<=msec": 120.000
				,"percent": 99.98
				}
			,{
				"<=msec": 130.000
				,"percent": 99.98
				}
			,{
				"<=msec": 140.000
				,"percent": 99.99
				}
			,{
				"<=msec": 150.000
				,"percent": 99.99
				}
			,{
				"<=msec": 160.000
				,"percent": 100.00
				}
			,{
				"<=msec": 210.000
				,"percent": 100.00
				}
			]
		,"GET":[
			{
				"<=msec": 0.940
				,"percent": 0.00
				}
			,{
				"<=msec": 0.960
				,"percent": 0.01
				}
			,{
				"<=msec": 0.970
				,"percent": 0.01
				}
			,{
				"<=msec": 0.980
				,"percent": 0.02
				}
			,{
				"<=msec": 0.990
				,"percent": 0.02
				}
			,{
				"<=msec": 1.000
				,"percent": 0.11
				}
			,{
				"<=msec": 1.100
				,"percent": 1.47
				}
			,{
				"<=msec": 1.200
				,"percent": 6.86
				}
			,{
				"<=msec": 1.300
				,"percent": 17.15
				}
			,{
				"<=msec": 1.400
				,"percent": 29.90
				}
			,{
				"<=msec": 1.500
				,"percent": 43.26
				}
			,{
				"<=msec": 1.600
				,"percent": 54.49
				}
			,{
				"<=msec": 1.700
				,"percent": 63.51
				}
			,{
				"<=msec": 1.800
				,"percent": 70.32
				}
			,{
				"<=msec": 1.900
				,"percent": 75.32
				}
			,{
				"<=msec": 2.000
				,"percent": 79.41
				}
			,{
				"<=msec": 2.100
				,"percent": 82.11
				}
			,{
				"<=msec": 2.200
				,"percent": 84.29
				}
			,{
				"<=msec": 2.300
				,"percent": 85.89
				}
			,{
				"<=msec": 2.400
				,"percent": 87.22
				}
			,{
				"<=msec": 2.500
				,"percent": 88.28
				}
			,{
				"<=msec": 2.600
				,"percent": 89.23
				}
			,{
				"<=msec": 2.700
				,"percent": 90.06
				}
			,{
				"<=msec": 2.800
				,"percent": 90.66
				}
			,{
				"<=msec": 2.900
				,"percent": 91.12
				}
			,{
				"<=msec": 3.000
				,"percent": 91.62
				}
			,{
				"<=msec": 3.100
				,"percent": 92.06
				}
			,{
				"<=msec": 3.200
				,"percent": 92.56
				}
			,{
				"<=msec": 3.300
				,"percent": 92.88
				}
			,{
				"<=msec": 3.400
				,"percent": 93.30
				}
			,{
				"<=msec": 3.500
				,"percent": 93.58
				}
			,{
				"<=msec": 3.600
				,"percent": 93.92
				}
			,{
				"<=msec": 3.700
				,"percent": 94.20
				}
			,{
				"<=msec": 3.800
				,"percent": 94.42
				}
			,{
				"<=msec": 3.900
				,"percent": 94.67
				}
			,{
				"<=msec": 4.000
				,"percent": 94.86
				}
			,{
				"<=msec": 4.100
				,"percent": 95.06
				}
			,{
				"<=msec": 4.200
				,"percent": 95.22
				}
			,{
				"<=msec": 4.300
				,"percent": 95.37
				}
			,{
				"<=msec": 4.400
				,"percent": 95.51
				}
			,{
				"<=msec": 4.500
				,"percent": 95.63
				}
			,{
				"<=msec": 4.600
				,"percent": 95.78
				}
			,{
				"<=msec": 4.700
				,"percent": 95.90
				}
			,{
				"<=msec": 4.800
				,"percent": 96.03
				}
			,{
				"<=msec": 4.900
				,"percent": 96.15
				}
			,{
				"<=msec": 5.000
				,"percent": 96.31
				}
			,{
				"<=msec": 5.100
				,"percent": 96.43
				}
			,{
				"<=msec": 5.200
				,"percent": 96.55
				}
			,{
				"<=msec": 5.300
				,"percent": 96.69
				}
			,{
				"<=msec": 5.400
				,"percent": 96.82
				}
			,{
				"<=msec": 5.500
				,"percent": 96.94
				}
			,{
				"<=msec": 5.600
				,"percent": 97.05
				}
			,{
				"<=msec": 5.700
				,"percent": 97.15
				}
			,{
				"<=msec": 5.800
				,"percent": 97.27
				}
			,{
				"<=msec": 5.900
				,"percent": 97.39
				}
			,{
				"<=msec": 6.000
				,"percent": 97.51
				}
			,{
				"<=msec": 6.100
				,"percent": 97.66
				}
			,{
				"<=msec": 6.200
				,"percent": 97.77
				}
			,{
				"<=msec": 6.300
				,"percent": 97.86
				}
			,{
				"<=msec": 6.400
				,"percent": 97.97
				}
			,{
				"<=msec": 6.500
				,"percent": 98.06
				}
			,{
				"<=msec": 6.600
				,"percent": 98.22
				}
			,{
				"<=msec": 6.700
				,"percent": 98.32
				}
			,{
				"<=msec": 6.800
				,"percent": 98.44
				}
			,{
				"<=msec": 6.900
				,"percent": 98.49
				}
			,{
				"<=msec": 7.000
				,"percent": 98.63
				}
			,{
				"<=msec": 7.100
				,"percent": 98.69
				}
			,{
				"<=msec": 7.200
				,"percent": 98.76
				}
			,{
				"<=msec": 7.300
				,"percent": 98.83
				}
			,{
				"<=msec": 7.400
				,"percent": 98.90
				}
			,{
				"<=msec": 7.500
				,"percent": 98.97
				}
			,{
				"<=msec": 7.600
				,"percent": 99.01
				}
			,{
				"<=msec": 7.700
				,"percent": 99.10
				}
			,{
				"<=msec": 7.800
				,"percent": 99.13
				}
			,{
				"<=msec": 7.900
				,"percent": 99.18
				}
			,{
				"<=msec": 8.000
				,"percent": 99.24
				}
			,{
				"<=msec": 8.100
				,"percent": 99.28
				}
			,{
				"<=msec": 8.200
				,"percent": 99.31
				}
			,{
				"<=msec": 8.300
				,"percent": 99.34
				}
			,{
				"<=msec": 8.400
				,"percent": 99.40
				}
			,{
				"<=msec": 8.500
				,"percent": 99.42
				}
			,{
				"<=msec": 8.600
				,"percent": 99.43
				}
			,{
				"<=msec": 8.700
				,"percent": 99.46
				}
			,{
				"<=msec": 8.800
				,"percent": 99.50
				}
			,{
				"<=msec": 8.900
				,"percent": 99.50
				}
			,{
				"<=msec": 9.000
				,"percent": 99.51
				}
			,{
				"<=msec": 9.100
				,"percent": 99.54
				}
			,{
				"<=msec": 9.200
				,"percent": 99.54
				}
			,{
				"<=msec": 9.300
				,"percent": 99.56
				}
			,{
				"<=msec": 9.400
				,"percent": 99.58
				}
			,{
				"<=msec": 9.500
				,"percent": 99.60
				}
			,{
				"<=msec": 9.600
				,"percent": 99.61
				}
			,{
				"<=msec": 9.700
				,"percent": 99.62
				}
			,{
				"<=msec": 9.800
				,"percent": 99.66
				}
			,{
				"<=msec": 9.900
				,"percent": 99.68
				}
			,{
				"<=msec": 10.000
				,"percent": 99.74
				}
			,{
				"<=msec": 11.000
				,"percent": 99.82
				}
			,{
				"<=msec": 12.000
				,"percent": 99.87
				}
			,{
				"<=msec": 13.000
				,"percent": 99.89
				}
			,{
				"<=msec": 14.000
				,"percent": 99.90
				}
			,{
				"<=msec": 15.000
				,"percent": 99.90
				}
			,{
				"<=msec": 16.000
				,"percent": 99.91
				}
			,{
				"<=msec": 17.000
				,"percent": 99.92
				}
			,{
				"<=msec": 18.000
				,"percent": 99.92
				}
			,{
				"<=msec": 19.000
				,"percent": 99.93
				}
			,{
				"<=msec": 22.000
				,"percent": 99.93
				}
			,{
				"<=msec": 23.000
				,"percent": 99.93
				}
			,{
				"<=msec": 26.000
				,"percent": 99.94
				}
			,{
				"<=msec": 32.000
				,"percent": 99.95
				}
			,{
				"<=msec": 37.000
				,"percent": 99.95
				}
			,{
				"<=msec": 51.000
				,"percent": 99.96
				}
			,{
				"<=msec": 52.000
				,"percent": 99.96
				}
			,{
				"<=msec": 57.000
				,"percent": 99.97
				}
			,{
				"<=msec": 61.000
				,"percent": 99.97
				}
			,{
				"<=msec": 62.000
				,"percent": 99.97
				}
			,{
				"<=msec": 67.000
				,"percent": 99.98
				}
			,{
				"<=msec": 74.000
				,"percent": 99.98
				}
			,{
				"<=msec": 75.000
				,"percent": 99.98
				}
			,{
				"<=msec": 76.000
				,"percent": 99.99
				}
			,{
				"<=msec": 120.000
				,"percent": 99.99
				}
			,{
				"<=msec": 380.000
				,"percent": 100.00
				}
			,{
				"<=msec": 430.000
				,"percent": 100.00
				}
			]
		,"WAIT":[
		]
		}
	}
