{
	"configuration":{
		"server": "10.0.0.4"
		,"port": 11212
		,"unix socket": "(null)"
		,"protocol": "memcache_text"
		,"out_file": "(null)"
		,"client_stats": "(null)"
		,"run_count": 1
		,"debug": 0
		,"requests": 0
		,"clients": 2
		,"threads": 1
		,"test_time": 60
		,"ratio": "1:9"
		,"pipeline": 1
		,"data_size": 4096
		,"data_offset": 0
		,"random_data": "false"
		,"data_size_range": "0:0"
		,"data_size_list": ""
		,"data_size_pattern": "R"
		,"expiry_range": "9999:10000"
		,"data_import": "(null)"
		,"data_verify": "false"
		,"verify_only": "false"
		,"generate_keys": "false"
		,"key_prefix": "memtier-"
		,"key_minimum":           0
		,"key_maximum":        1000
		,"key_pattern": "R:R"
		,"key_stddev": 0.000000
		,"key_median": 0.000000
		,"reconnect_interval": 0
		,"multi_key_get": 9
		,"authenticate": ""
		,"select-db": 0
		,"no-expiry": "false"
		,"wait-ratio": "0:0"
		,"num-slaves": "0:0"
		,"wait-timeout": "0-0"
		}
	,"run information":{
		"Threads": 1
		,"Connections per thread": 2
		,"Seconds": 60
		}
	,"ALL STATS":{
		"Sets":{
			"Ops/sec": 158.91
			,"Hits/sec": 0.00
			,"Misses/sec": 0.00
			,"Latency": 6.90
			,"KB/sec": 641.76
			}
		,"Gets":{
			"Ops/sec": 158.91
			,"Hits/sec": 1430.21
			,"Misses/sec": 0.00
			,"Latency": 5.65
			,"KB/sec": 5777.94
			}
		,"Waits":{
			"Ops/sec": 0.00
			,"Hits/sec": 0.00
			,"Misses/sec": 0.00
			,"Latency": 0.00
			,"KB/sec": 0.00
			}
		,"Totals":{
			"Ops/sec": 317.82
			,"Hits/sec": 1430.21
			,"Misses/sec": 0.00
			,"Latency": 6.28
			,"KB/sec": 6419.70
			}
		,"SET":[
			{
				"<=msec": 1.200
				,"percent": 0.01
				}
			,{
				"<=msec": 1.300
				,"percent": 0.18
				}
			,{
				"<=msec": 1.400
				,"percent": 1.10
				}
			,{
				"<=msec": 1.500
				,"percent": 3.94
				}
			,{
				"<=msec": 1.600
				,"percent": 7.80
				}
			,{
				"<=msec": 1.700
				,"percent": 12.45
				}
			,{
				"<=msec": 1.800
				,"percent": 17.40
				}
			,{
				"<=msec": 1.900
				,"percent": 22.41
				}
			,{
				"<=msec": 2.000
				,"percent": 26.54
				}
			,{
				"<=msec": 2.100
				,"percent": 29.85
				}
			,{
				"<=msec": 2.200
				,"percent": 32.38
				}
			,{
				"<=msec": 2.300
				,"percent": 34.39
				}
			,{
				"<=msec": 2.400
				,"percent": 36.16
				}
			,{
				"<=msec": 2.500
				,"percent": 37.62
				}
			,{
				"<=msec": 2.600
				,"percent": 38.95
				}
			,{
				"<=msec": 2.700
				,"percent": 40.19
				}
			,{
				"<=msec": 2.800
				,"percent": 41.10
				}
			,{
				"<=msec": 2.900
				,"percent": 41.71
				}
			,{
				"<=msec": 3.000
				,"percent": 42.39
				}
			,{
				"<=msec": 3.100
				,"percent": 43.01
				}
			,{
				"<=msec": 3.200
				,"percent": 43.49
				}
			,{
				"<=msec": 3.300
				,"percent": 43.99
				}
			,{
				"<=msec": 3.400
				,"percent": 44.55
				}
			,{
				"<=msec": 3.500
				,"percent": 45.08
				}
			,{
				"<=msec": 3.600
				,"percent": 45.51
				}
			,{
				"<=msec": 3.700
				,"percent": 45.90
				}
			,{
				"<=msec": 3.800
				,"percent": 46.27
				}
			,{
				"<=msec": 3.900
				,"percent": 46.73
				}
			,{
				"<=msec": 4.000
				,"percent": 47.18
				}
			,{
				"<=msec": 4.100
				,"percent": 47.53
				}
			,{
				"<=msec": 4.200
				,"percent": 47.90
				}
			,{
				"<=msec": 4.300
				,"percent": 48.30
				}
			,{
				"<=msec": 4.400
				,"percent": 48.76
				}
			,{
				"<=msec": 4.500
				,"percent": 48.99
				}
			,{
				"<=msec": 4.600
				,"percent": 49.36
				}
			,{
				"<=msec": 4.700
				,"percent": 49.63
				}
			,{
				"<=msec": 4.800
				,"percent": 49.92
				}
			,{
				"<=msec": 4.900
				,"percent": 50.21
				}
			,{
				"<=msec": 5.000
				,"percent": 50.52
				}
			,{
				"<=msec": 5.100
				,"percent": 50.75
				}
			,{
				"<=msec": 5.200
				,"percent": 51.09
				}
			,{
				"<=msec": 5.300
				,"percent": 51.52
				}
			,{
				"<=msec": 5.400
				,"percent": 51.95
				}
			,{
				"<=msec": 5.500
				,"percent": 52.21
				}
			,{
				"<=msec": 5.600
				,"percent": 52.70
				}
			,{
				"<=msec": 5.700
				,"percent": 53.05
				}
			,{
				"<=msec": 5.800
				,"percent": 53.35
				}
			,{
				"<=msec": 5.900
				,"percent": 53.83
				}
			,{
				"<=msec": 6.000
				,"percent": 54.15
				}
			,{
				"<=msec": 6.100
				,"percent": 54.45
				}
			,{
				"<=msec": 6.200
				,"percent": 54.78
				}
			,{
				"<=msec": 6.300
				,"percent": 55.06
				}
			,{
				"<=msec": 6.400
				,"percent": 55.41
				}
			,{
				"<=msec": 6.500
				,"percent": 55.72
				}
			,{
				"<=msec": 6.600
				,"percent": 56.10
				}
			,{
				"<=msec": 6.700
				,"percent": 56.47
				}
			,{
				"<=msec": 6.800
				,"percent": 56.81
				}
			,{
				"<=msec": 6.900
				,"percent": 57.20
				}
			,{
				"<=msec": 7.000
				,"percent": 57.60
				}
			,{
				"<=msec": 7.100
				,"percent": 57.93
				}
			,{
				"<=msec": 7.200
				,"percent": 58.32
				}
			,{
				"<=msec": 7.300
				,"percent": 58.73
				}
			,{
				"<=msec": 7.400
				,"percent": 59.17
				}
			,{
				"<=msec": 7.500
				,"percent": 59.56
				}
			,{
				"<=msec": 7.600
				,"percent": 60.00
				}
			,{
				"<=msec": 7.700
				,"percent": 60.41
				}
			,{
				"<=msec": 7.800
				,"percent": 60.81
				}
			,{
				"<=msec": 7.900
				,"percent": 61.29
				}
			,{
				"<=msec": 8.000
				,"percent": 61.75
				}
			,{
				"<=msec": 8.100
				,"percent": 62.23
				}
			,{
				"<=msec": 8.200
				,"percent": 62.60
				}
			,{
				"<=msec": 8.300
				,"percent": 63.05
				}
			,{
				"<=msec": 8.400
				,"percent": 63.47
				}
			,{
				"<=msec": 8.500
				,"percent": 64.08
				}
			,{
				"<=msec": 8.600
				,"percent": 64.61
				}
			,{
				"<=msec": 8.700
				,"percent": 65.18
				}
			,{
				"<=msec": 8.800
				,"percent": 65.60
				}
			,{
				"<=msec": 8.900
				,"percent": 66.10
				}
			,{
				"<=msec": 9.000
				,"percent": 66.51
				}
			,{
				"<=msec": 9.100
				,"percent": 67.07
				}
			,{
				"<=msec": 9.200
				,"percent": 67.54
				}
			,{
				"<=msec": 9.300
				,"percent": 68.09
				}
			,{
				"<=msec": 9.400
				,"percent": 68.55
				}
			,{
				"<=msec": 9.500
				,"percent": 68.99
				}
			,{
				"<=msec": 9.600
				,"percent": 69.31
				}
			,{
				"<=msec": 9.700
				,"percent": 69.86
				}
			,{
				"<=msec": 9.800
				,"percent": 70.31
				}
			,{
				"<=msec": 9.900
				,"percent": 70.76
				}
			,{
				"<=msec": 10.000
				,"percent": 72.92
				}
			,{
				"<=msec": 11.000
				,"percent": 76.40
				}
			,{
				"<=msec": 12.000
				,"percent": 81.07
				}
			,{
				"<=msec": 13.000
				,"percent": 88.84
				}
			,{
				"<=msec": 14.000
				,"percent": 94.12
				}
			,{
				"<=msec": 15.000
				,"percent": 98.62
				}
			,{
				"<=msec": 16.000
				,"percent": 99.26
				}
			,{
				"<=msec": 17.000
				,"percent": 99.45
				}
			,{
				"<=msec": 18.000
				,"percent": 99.61
				}
			,{
				"<=msec": 19.000
				,"percent": 99.64
				}
			,{
				"<=msec": 20.000
				,"percent": 99.69
				}
			,{
				"<=msec": 21.000
				,"percent": 99.70
				}
			,{
				"<=msec": 22.000
				,"percent": 99.72
				}
			,{
				"<=msec": 23.000
				,"percent": 99.76
				}
			,{
				"<=msec": 25.000
				,"percent": 99.77
				}
			,{
				"<=msec": 28.000
				,"percent": 99.78
				}
			,{
				"<=msec": 35.000
				,"percent": 99.79
				}
			,{
				"<=msec": 46.000
				,"percent": 99.80
				}
			,{
				"<=msec": 48.000
				,"percent": 99.81
				}
			,{
				"<=msec": 64.000
				,"percent": 99.83
				}
			,{
				"<=msec": 69.000
				,"percent": 99.85
				}
			,{
				"<=msec": 75.000
				,"percent": 99.86
				}
			,{
				"<=msec": 76.000
				,"percent": 99.87
				}
			,{
				"<=msec": 77.000
				,"percent": 99.88
				}
			,{
				"<=msec": 80.000
				,"percent": 99.90
				}
			,{
				"<=msec": 81.000
				,"percent": 99.91
				}
			,{
				"<=msec": 96.000
				,"percent": 99.92
				}
			,{
				"<=msec": 120.000
				,"percent": 99.93
				}
			,{
				"<=msec": 140.000
				,"percent": 99.94
				}
			,{
				"<=msec": 250.000
				,"percent": 99.95
				}
			,{
				"<=msec": 360.000
				,"percent": 99.96
				}
			,{
				"<=msec": 380.000
				,"percent": 99.97
				}
			,{
				"<=msec": 390.000
				,"percent": 99.98
				}
			,{
				"<=msec": 570.000
				,"percent": 99.99
				}
			,{
				"<=msec": 710.000
				,"percent": 100.00
				}
			]
		,"GET":[
			{
				"<=msec": 1.500
				,"percent": 0.01
				}
			,{
				"<=msec": 1.600
				,"percent": 0.22
				}
			,{
				"<=msec": 1.700
				,"percent": 1.27
				}
			,{
				"<=msec": 1.800
				,"percent": 3.57
				}
			,{
				"<=msec": 1.900
				,"percent": 7.32
				}
			,{
				"<=msec": 2.000
				,"percent": 11.89
				}
			,{
				"<=msec": 2.100
				,"percent": 16.98
				}
			,{
				"<=msec": 2.200
				,"percent": 21.75
				}
			,{
				"<=msec": 2.300
				,"percent": 26.66
				}
			,{
				"<=msec": 2.400
				,"percent": 31.53
				}
			,{
				"<=msec": 2.500
				,"percent": 35.74
				}
			,{
				"<=msec": 2.600
				,"percent": 39.76
				}
			,{
				"<=msec": 2.700
				,"percent": 43.57
				}
			,{
				"<=msec": 2.800
				,"percent": 47.29
				}
			,{
				"<=msec": 2.900
				,"percent": 50.85
				}
			,{
				"<=msec": 3.000
				,"percent": 54.14
				}
			,{
				"<=msec": 3.100
				,"percent": 56.64
				}
			,{
				"<=msec": 3.200
				,"percent": 58.93
				}
			,{
				"<=msec": 3.300
				,"percent": 61.07
				}
			,{
				"<=msec": 3.400
				,"percent": 62.76
				}
			,{
				"<=msec": 3.500
				,"percent": 64.16
				}
			,{
				"<=msec": 3.600
				,"percent": 65.35
				}
			,{
				"<=msec": 3.700
				,"percent": 66.20
				}
			,{
				"<=msec": 3.800
				,"percent": 66.95
				}
			,{
				"<=msec": 3.900
				,"percent": 67.71
				}
			,{
				"<=msec": 4.000
				,"percent": 68.25
				}
			,{
				"<=msec": 4.100
				,"percent": 68.78
				}
			,{
				"<=msec": 4.200
				,"percent": 69.12
				}
			,{
				"<=msec": 4.300
				,"percent": 69.56
				}
			,{
				"<=msec": 4.400
				,"percent": 70.04
				}
			,{
				"<=msec": 4.500
				,"percent": 70.38
				}
			,{
				"<=msec": 4.600
				,"percent": 70.63
				}
			,{
				"<=msec": 4.700
				,"percent": 70.98
				}
			,{
				"<=msec": 4.800
				,"percent": 71.31
				}
			,{
				"<=msec": 4.900
				,"percent": 71.58
				}
			,{
				"<=msec": 5.000
				,"percent": 71.75
				}
			,{
				"<=msec": 5.100
				,"percent": 71.91
				}
			,{
				"<=msec": 5.200
				,"percent": 72.13
				}
			,{
				"<=msec": 5.300
				,"percent": 72.25
				}
			,{
				"<=msec": 5.400
				,"percent": 72.51
				}
			,{
				"<=msec": 5.500
				,"percent": 72.68
				}
			,{
				"<=msec": 5.600
				,"percent": 72.89
				}
			,{
				"<=msec": 5.700
				,"percent": 73.10
				}
			,{
				"<=msec": 5.800
				,"percent": 73.28
				}
			,{
				"<=msec": 5.900
				,"percent": 73.46
				}
			,{
				"<=msec": 6.000
				,"percent": 73.63
				}
			,{
				"<=msec": 6.100
				,"percent": 73.76
				}
			,{
				"<=msec": 6.200
				,"percent": 73.92
				}
			,{
				"<=msec": 6.300
				,"percent": 74.18
				}
			,{
				"<=msec": 6.400
				,"percent": 74.29
				}
			,{
				"<=msec": 6.500
				,"percent": 74.48
				}
			,{
				"<=msec": 6.600
				,"percent": 74.63
				}
			,{
				"<=msec": 6.700
				,"percent": 74.85
				}
			,{
				"<=msec": 6.800
				,"percent": 75.09
				}
			,{
				"<=msec": 6.900
				,"percent": 75.24
				}
			,{
				"<=msec": 7.000
				,"percent": 75.41
				}
			,{
				"<=msec": 7.100
				,"percent": 75.64
				}
			,{
				"<=msec": 7.200
				,"percent": 75.84
				}
			,{
				"<=msec": 7.300
				,"percent": 76.05
				}
			,{
				"<=msec": 7.400
				,"percent": 76.21
				}
			,{
				"<=msec": 7.500
				,"percent": 76.41
				}
			,{
				"<=msec": 7.600
				,"percent": 76.58
				}
			,{
				"<=msec": 7.700
				,"percent": 76.76
				}
			,{
				"<=msec": 7.800
				,"percent": 76.93
				}
			,{
				"<=msec": 7.900
				,"percent": 77.12
				}
			,{
				"<=msec": 8.000
				,"percent": 77.26
				}
			,{
				"<=msec": 8.100
				,"percent": 77.38
				}
			,{
				"<=msec": 8.200
				,"percent": 77.48
				}
			,{
				"<=msec": 8.300
				,"percent": 77.63
				}
			,{
				"<=msec": 8.400
				,"percent": 77.77
				}
			,{
				"<=msec": 8.500
				,"percent": 77.90
				}
			,{
				"<=msec": 8.600
				,"percent": 78.01
				}
			,{
				"<=msec": 8.700
				,"percent": 78.19
				}
			,{
				"<=msec": 8.800
				,"percent": 78.31
				}
			,{
				"<=msec": 8.900
				,"percent": 78.49
				}
			,{
				"<=msec": 9.000
				,"percent": 78.59
				}
			,{
				"<=msec": 9.100
				,"percent": 78.79
				}
			,{
				"<=msec": 9.200
				,"percent": 78.94
				}
			,{
				"<=msec": 9.300
				,"percent": 79.08
				}
			,{
				"<=msec": 9.400
				,"percent": 79.20
				}
			,{
				"<=msec": 9.500
				,"percent": 79.39
				}
			,{
				"<=msec": 9.600
				,"percent": 79.51
				}
			,{
				"<=msec": 9.700
				,"percent": 79.65
				}
			,{
				"<=msec": 9.800
				,"percent": 79.84
				}
			,{
				"<=msec": 9.900
				,"percent": 80.04
				}
			,{
				"<=msec": 10.000
				,"percent": 80.90
				}
			,{
				"<=msec": 11.000
				,"percent": 82.88
				}
			,{
				"<=msec": 12.000
				,"percent": 86.19
				}
			,{
				"<=msec": 13.000
				,"percent": 89.22
				}
			,{
				"<=msec": 14.000
				,"percent": 91.13
				}
			,{
				"<=msec": 15.000
				,"percent": 92.36
				}
			,{
				"<=msec": 16.000
				,"percent": 96.71
				}
			,{
				"<=msec": 17.000
				,"percent": 98.26
				}
			,{
				"<=msec": 18.000
				,"percent": 98.67
				}
			,{
				"<=msec": 19.000
				,"percent": 98.77
				}
			,{
				"<=msec": 20.000
				,"percent": 98.88
				}
			,{
				"<=msec": 21.000
				,"percent": 98.91
				}
			,{
				"<=msec": 22.000
				,"percent": 98.97
				}
			,{
				"<=msec": 23.000
				,"percent": 99.15
				}
			,{
				"<=msec": 24.000
				,"percent": 99.21
				}
			,{
				"<=msec": 25.000
				,"percent": 99.28
				}
			,{
				"<=msec": 26.000
				,"percent": 99.33
				}
			,{
				"<=msec": 27.000
				,"percent": 99.48
				}
			,{
				"<=msec": 28.000
				,"percent": 99.62
				}
			,{
				"<=msec": 29.000
				,"percent": 99.71
				}
			,{
				"<=msec": 30.000
				,"percent": 99.79
				}
			,{
				"<=msec": 31.000
				,"percent": 99.82
				}
			,{
				"<=msec": 32.000
				,"percent": 99.86
				}
			,{
				"<=msec": 33.000
				,"percent": 99.87
				}
			,{
				"<=msec": 42.000
				,"percent": 99.88
				}
			,{
				"<=msec": 66.000
				,"percent": 99.90
				}
			,{
				"<=msec": 71.000
				,"percent": 99.91
				}
			,{
				"<=msec": 73.000
				,"percent": 99.92
				}
			,{
				"<=msec": 75.000
				,"percent": 99.94
				}
			,{
				"<=msec": 78.000
				,"percent": 99.95
				}
			,{
				"<=msec": 94.000
				,"percent": 99.96
				}
			,{
				"<=msec": 140.000
				,"percent": 99.97
				}
			,{
				"<=msec": 150.000
				,"percent": 99.98
				}
			,{
				"<=msec": 570.000
				,"percent": 99.99
				}
			,{
				"<=msec": 780.000
				,"percent": 100.00
				}
			]
		,"WAIT":[
		]
		}
	}
