{
	"configuration":{
		"server": "10.0.0.4"
		,"port": 11212
		,"unix socket": "(null)"
		,"protocol": "memcache_text"
		,"out_file": "(null)"
		,"client_stats": "(null)"
		,"run_count": 1
		,"debug": 0
		,"requests": 0
		,"clients": 32
		,"threads": 1
		,"test_time": 60
		,"ratio": "0:1"
		,"pipeline": 1
		,"data_size": 4096
		,"data_offset": 0
		,"random_data": "false"
		,"data_size_range": "0:0"
		,"data_size_list": ""
		,"data_size_pattern": "R"
		,"expiry_range": "9999:10000"
		,"data_import": "(null)"
		,"data_verify": "false"
		,"verify_only": "false"
		,"generate_keys": "false"
		,"key_prefix": "memtier-"
		,"key_minimum":           0
		,"key_maximum":        1000
		,"key_pattern": "R:R"
		,"key_stddev": 0.000000
		,"key_median": 0.000000
		,"reconnect_interval": 0
		,"multi_key_get": 0
		,"authenticate": ""
		,"select-db": 0
		,"no-expiry": "false"
		,"wait-ratio": "0:0"
		,"num-slaves": "0:0"
		,"wait-timeout": "0-0"
		}
	,"run information":{
		"Threads": 1
		,"Connections per thread": 32
		,"Seconds": 60
		}
	,"ALL STATS":{
		"Sets":{
			"Ops/sec": 0.00
			,"Hits/sec": 0.00
			,"Misses/sec": 0.00
			,"Latency": 0.00
			,"KB/sec": 0.00
			}
		,"Gets":{
			"Ops/sec": 1497.60
			,"Hits/sec": 1477.30
			,"Misses/sec": 20.30
			,"Latency": 21.36
			,"KB/sec": 5981.44
			}
		,"Waits":{
			"Ops/sec": 0.00
			,"Hits/sec": 0.00
			,"Misses/sec": 0.00
			,"Latency": 0.00
			,"KB/sec": 0.00
			}
		,"Totals":{
			"Ops/sec": 1497.60
			,"Hits/sec": 1477.30
			,"Misses/sec": 20.30
			,"Latency": 21.36
			,"KB/sec": 5981.44
			}
		,"SET":[
		]
		,"GET":[
			{
				"<=msec": 3.000
				,"percent": 0.00
				}
			,{
				"<=msec": 3.300
				,"percent": 0.00
				}
			,{
				"<=msec": 3.400
				,"percent": 0.00
				}
			,{
				"<=msec": 3.500
				,"percent": 0.01
				}
			,{
				"<=msec": 3.600
				,"percent": 0.01
				}
			,{
				"<=msec": 3.900
				,"percent": 0.01
				}
			,{
				"<=msec": 4.000
				,"percent": 0.01
				}
			,{
				"<=msec": 4.400
				,"percent": 0.02
				}
			,{
				"<=msec": 4.600
				,"percent": 0.02
				}
			,{
				"<=msec": 4.700
				,"percent": 0.02
				}
			,{
				"<=msec": 4.800
				,"percent": 0.02
				}
			,{
				"<=msec": 5.100
				,"percent": 0.02
				}
			,{
				"<=msec": 5.200
				,"percent": 0.03
				}
			,{
				"<=msec": 5.400
				,"percent": 0.03
				}
			,{
				"<=msec": 5.700
				,"percent": 0.03
				}
			,{
				"<=msec": 5.800
				,"percent": 0.03
				}
			,{
				"<=msec": 6.000
				,"percent": 0.03
				}
			,{
				"<=msec": 6.200
				,"percent": 0.04
				}
			,{
				"<=msec": 6.300
				,"percent": 0.04
				}
			,{
				"<=msec": 6.500
				,"percent": 0.04
				}
			,{
				"<=msec": 6.600
				,"percent": 0.05
				}
			,{
				"<=msec": 6.700
				,"percent": 0.05
				}
			,{
				"<=msec": 6.800
				,"percent": 0.05
				}
			,{
				"<=msec": 6.900
				,"percent": 0.05
				}
			,{
				"<=msec": 7.000
				,"percent": 0.06
				}
			,{
				"<=msec": 7.100
				,"percent": 0.06
				}
			,{
				"<=msec": 7.200
				,"percent": 0.07
				}
			,{
				"<=msec": 7.300
				,"percent": 0.08
				}
			,{
				"<=msec": 7.400
				,"percent": 0.09
				}
			,{
				"<=msec": 7.500
				,"percent": 0.10
				}
			,{
				"<=msec": 7.600
				,"percent": 0.12
				}
			,{
				"<=msec": 7.700
				,"percent": 0.14
				}
			,{
				"<=msec": 7.800
				,"percent": 0.15
				}
			,{
				"<=msec": 7.900
				,"percent": 0.17
				}
			,{
				"<=msec": 8.000
				,"percent": 0.20
				}
			,{
				"<=msec": 8.100
				,"percent": 0.21
				}
			,{
				"<=msec": 8.200
				,"percent": 0.22
				}
			,{
				"<=msec": 8.300
				,"percent": 0.25
				}
			,{
				"<=msec": 8.400
				,"percent": 0.28
				}
			,{
				"<=msec": 8.500
				,"percent": 0.30
				}
			,{
				"<=msec": 8.600
				,"percent": 0.33
				}
			,{
				"<=msec": 8.700
				,"percent": 0.35
				}
			,{
				"<=msec": 8.800
				,"percent": 0.37
				}
			,{
				"<=msec": 8.900
				,"percent": 0.39
				}
			,{
				"<=msec": 9.000
				,"percent": 0.42
				}
			,{
				"<=msec": 9.100
				,"percent": 0.44
				}
			,{
				"<=msec": 9.200
				,"percent": 0.48
				}
			,{
				"<=msec": 9.300
				,"percent": 0.50
				}
			,{
				"<=msec": 9.400
				,"percent": 0.54
				}
			,{
				"<=msec": 9.500
				,"percent": 0.56
				}
			,{
				"<=msec": 9.600
				,"percent": 0.59
				}
			,{
				"<=msec": 9.700
				,"percent": 0.63
				}
			,{
				"<=msec": 9.800
				,"percent": 0.68
				}
			,{
				"<=msec": 9.900
				,"percent": 0.73
				}
			,{
				"<=msec": 10.000
				,"percent": 0.92
				}
			,{
				"<=msec": 11.000
				,"percent": 1.29
				}
			,{
				"<=msec": 12.000
				,"percent": 1.86
				}
			,{
				"<=msec": 13.000
				,"percent": 2.59
				}
			,{
				"<=msec": 14.000
				,"percent": 3.87
				}
			,{
				"<=msec": 15.000
				,"percent": 5.55
				}
			,{
				"<=msec": 16.000
				,"percent": 8.87
				}
			,{
				"<=msec": 17.000
				,"percent": 17.93
				}
			,{
				"<=msec": 18.000
				,"percent": 36.53
				}
			,{
				"<=msec": 19.000
				,"percent": 48.26
				}
			,{
				"<=msec": 20.000
				,"percent": 54.50
				}
			,{
				"<=msec": 21.000
				,"percent": 58.87
				}
			,{
				"<=msec": 22.000
				,"percent": 62.43
				}
			,{
				"<=msec": 23.000
				,"percent": 65.93
				}
			,{
				"<=msec": 24.000
				,"percent": 69.45
				}
			,{
				"<=msec": 25.000
				,"percent": 73.74
				}
			,{
				"<=msec": 26.000
				,"percent": 79.81
				}
			,{
				"<=msec": 27.000
				,"percent": 87.89
				}
			,{
				"<=msec": 28.000
				,"percent": 94.07
				}
			,{
				"<=msec": 29.000
				,"percent": 96.77
				}
			,{
				"<=msec": 30.000
				,"percent": 97.86
				}
			,{
				"<=msec": 31.000
				,"percent": 98.49
				}
			,{
				"<=msec": 32.000
				,"percent": 98.92
				}
			,{
				"<=msec": 33.000
				,"percent": 99.26
				}
			,{
				"<=msec": 34.000
				,"percent": 99.48
				}
			,{
				"<=msec": 35.000
				,"percent": 99.58
				}
			,{
				"<=msec": 36.000
				,"percent": 99.66
				}
			,{
				"<=msec": 37.000
				,"percent": 99.72
				}
			,{
				"<=msec": 38.000
				,"percent": 99.75
				}
			,{
				"<=msec": 39.000
				,"percent": 99.79
				}
			,{
				"<=msec": 40.000
				,"percent": 99.84
				}
			,{
				"<=msec": 41.000
				,"percent": 99.86
				}
			,{
				"<=msec": 42.000
				,"percent": 99.91
				}
			,{
				"<=msec": 43.000
				,"percent": 99.95
				}
			,{
				"<=msec": 44.000
				,"percent": 99.98
				}
			,{
				"<=msec": 45.000
				,"percent": 99.99
				}
			,{
				"<=msec": 46.000
				,"percent": 99.99
				}
			,{
				"<=msec": 47.000
				,"percent": 100.00
				}
			,{
				"<=msec": 48.000
				,"percent": 100.00
				}
			,{
				"<=msec": 49.000
				,"percent": 100.00
				}
			,{
				"<=msec": 50.000
				,"percent": 100.00
				}
			,{
				"<=msec": 51.000
				,"percent": 100.00
				}
			]
		,"WAIT":[
		]
		}
	}
