{
	"configuration":{
		"server": "10.0.0.4"
		,"port": 11212
		,"unix socket": "(null)"
		,"protocol": "memcache_text"
		,"out_file": "(null)"
		,"client_stats": "(null)"
		,"run_count": 1
		,"debug": 0
		,"requests": 0
		,"clients": 2
		,"threads": 1
		,"test_time": 60
		,"ratio": "1:1"
		,"pipeline": 1
		,"data_size": 4096
		,"data_offset": 0
		,"random_data": "false"
		,"data_size_range": "0:0"
		,"data_size_list": ""
		,"data_size_pattern": "R"
		,"expiry_range": "9999:10000"
		,"data_import": "(null)"
		,"data_verify": "false"
		,"verify_only": "false"
		,"generate_keys": "false"
		,"key_prefix": "memtier-"
		,"key_minimum":           0
		,"key_maximum":        1000
		,"key_pattern": "R:R"
		,"key_stddev": 0.000000
		,"key_median": 0.000000
		,"reconnect_interval": 0
		,"multi_key_get": 1
		,"authenticate": ""
		,"select-db": 0
		,"no-expiry": "false"
		,"wait-ratio": "0:0"
		,"num-slaves": "0:0"
		,"wait-timeout": "0-0"
		}
	,"run information":{
		"Threads": 1
		,"Connections per thread": 2
		,"Seconds": 60
		}
	,"ALL STATS":{
		"Sets":{
			"Ops/sec": 439.37
			,"Hits/sec": 0.00
			,"Misses/sec": 0.00
			,"Latency": 2.57
			,"KB/sec": 1774.38
			}
		,"Gets":{
			"Ops/sec": 439.35
			,"Hits/sec": 439.35
			,"Misses/sec": 0.00
			,"Latency": 1.97
			,"KB/sec": 1778.77
			}
		,"Waits":{
			"Ops/sec": 0.00
			,"Hits/sec": 0.00
			,"Misses/sec": 0.00
			,"Latency": 0.00
			,"KB/sec": 0.00
			}
		,"Totals":{
			"Ops/sec": 878.72
			,"Hits/sec": 439.35
			,"Misses/sec": 0.00
			,"Latency": 2.27
			,"KB/sec": 3553.15
			}
		,"SET":[
			{
				"<=msec": 1.100
				,"percent": 0.01
				}
			,{
				"<=msec": 1.200
				,"percent": 0.32
				}
			,{
				"<=msec": 1.300
				,"percent": 1.94
				}
			,{
				"<=msec": 1.400
				,"percent": 6.65
				}
			,{
				"<=msec": 1.500
				,"percent": 15.55
				}
			,{
				"<=msec": 1.600
				,"percent": 25.92
				}
			,{
				"<=msec": 1.700
				,"percent": 36.09
				}
			,{
				"<=msec": 1.800
				,"percent": 45.06
				}
			,{
				"<=msec": 1.900
				,"percent": 52.55
				}
			,{
				"<=msec": 2.000
				,"percent": 58.24
				}
			,{
				"<=msec": 2.100
				,"percent": 62.99
				}
			,{
				"<=msec": 2.200
				,"percent": 67.03
				}
			,{
				"<=msec": 2.300
				,"percent": 70.14
				}
			,{
				"<=msec": 2.400
				,"percent": 72.51
				}
			,{
				"<=msec": 2.500
				,"percent": 74.70
				}
			,{
				"<=msec": 2.600
				,"percent": 76.39
				}
			,{
				"<=msec": 2.700
				,"percent": 77.84
				}
			,{
				"<=msec": 2.800
				,"percent": 79.21
				}
			,{
				"<=msec": 2.900
				,"percent": 80.34
				}
			,{
				"<=msec": 3.000
				,"percent": 81.49
				}
			,{
				"<=msec": 3.100
				,"percent": 82.48
				}
			,{
				"<=msec": 3.200
				,"percent": 83.26
				}
			,{
				"<=msec": 3.300
				,"percent": 83.99
				}
			,{
				"<=msec": 3.400
				,"percent": 84.61
				}
			,{
				"<=msec": 3.500
				,"percent": 85.15
				}
			,{
				"<=msec": 3.600
				,"percent": 85.75
				}
			,{
				"<=msec": 3.700
				,"percent": 86.31
				}
			,{
				"<=msec": 3.800
				,"percent": 86.74
				}
			,{
				"<=msec": 3.900
				,"percent": 87.21
				}
			,{
				"<=msec": 4.000
				,"percent": 87.67
				}
			,{
				"<=msec": 4.100
				,"percent": 88.01
				}
			,{
				"<=msec": 4.200
				,"percent": 88.37
				}
			,{
				"<=msec": 4.300
				,"percent": 88.80
				}
			,{
				"<=msec": 4.400
				,"percent": 89.14
				}
			,{
				"<=msec": 4.500
				,"percent": 89.47
				}
			,{
				"<=msec": 4.600
				,"percent": 89.80
				}
			,{
				"<=msec": 4.700
				,"percent": 90.12
				}
			,{
				"<=msec": 4.800
				,"percent": 90.44
				}
			,{
				"<=msec": 4.900
				,"percent": 90.74
				}
			,{
				"<=msec": 5.000
				,"percent": 91.03
				}
			,{
				"<=msec": 5.100
				,"percent": 91.27
				}
			,{
				"<=msec": 5.200
				,"percent": 91.51
				}
			,{
				"<=msec": 5.300
				,"percent": 91.76
				}
			,{
				"<=msec": 5.400
				,"percent": 92.00
				}
			,{
				"<=msec": 5.500
				,"percent": 92.26
				}
			,{
				"<=msec": 5.600
				,"percent": 92.46
				}
			,{
				"<=msec": 5.700
				,"percent": 92.74
				}
			,{
				"<=msec": 5.800
				,"percent": 92.98
				}
			,{
				"<=msec": 5.900
				,"percent": 93.19
				}
			,{
				"<=msec": 6.000
				,"percent": 93.46
				}
			,{
				"<=msec": 6.100
				,"percent": 93.68
				}
			,{
				"<=msec": 6.200
				,"percent": 93.94
				}
			,{
				"<=msec": 6.300
				,"percent": 94.21
				}
			,{
				"<=msec": 6.400
				,"percent": 94.45
				}
			,{
				"<=msec": 6.500
				,"percent": 94.64
				}
			,{
				"<=msec": 6.600
				,"percent": 94.93
				}
			,{
				"<=msec": 6.700
				,"percent": 95.18
				}
			,{
				"<=msec": 6.800
				,"percent": 95.43
				}
			,{
				"<=msec": 6.900
				,"percent": 95.66
				}
			,{
				"<=msec": 7.000
				,"percent": 95.88
				}
			,{
				"<=msec": 7.100
				,"percent": 96.14
				}
			,{
				"<=msec": 7.200
				,"percent": 96.35
				}
			,{
				"<=msec": 7.300
				,"percent": 96.53
				}
			,{
				"<=msec": 7.400
				,"percent": 96.74
				}
			,{
				"<=msec": 7.500
				,"percent": 96.92
				}
			,{
				"<=msec": 7.600
				,"percent": 97.08
				}
			,{
				"<=msec": 7.700
				,"percent": 97.21
				}
			,{
				"<=msec": 7.800
				,"percent": 97.40
				}
			,{
				"<=msec": 7.900
				,"percent": 97.54
				}
			,{
				"<=msec": 8.000
				,"percent": 97.71
				}
			,{
				"<=msec": 8.100
				,"percent": 97.86
				}
			,{
				"<=msec": 8.200
				,"percent": 98.01
				}
			,{
				"<=msec": 8.300
				,"percent": 98.13
				}
			,{
				"<=msec": 8.400
				,"percent": 98.24
				}
			,{
				"<=msec": 8.500
				,"percent": 98.32
				}
			,{
				"<=msec": 8.600
				,"percent": 98.39
				}
			,{
				"<=msec": 8.700
				,"percent": 98.45
				}
			,{
				"<=msec": 8.800
				,"percent": 98.50
				}
			,{
				"<=msec": 8.900
				,"percent": 98.54
				}
			,{
				"<=msec": 9.000
				,"percent": 98.65
				}
			,{
				"<=msec": 9.100
				,"percent": 98.74
				}
			,{
				"<=msec": 9.200
				,"percent": 98.81
				}
			,{
				"<=msec": 9.300
				,"percent": 98.89
				}
			,{
				"<=msec": 9.400
				,"percent": 98.93
				}
			,{
				"<=msec": 9.500
				,"percent": 99.01
				}
			,{
				"<=msec": 9.600
				,"percent": 99.06
				}
			,{
				"<=msec": 9.700
				,"percent": 99.12
				}
			,{
				"<=msec": 9.800
				,"percent": 99.16
				}
			,{
				"<=msec": 9.900
				,"percent": 99.22
				}
			,{
				"<=msec": 10.000
				,"percent": 99.39
				}
			,{
				"<=msec": 11.000
				,"percent": 99.64
				}
			,{
				"<=msec": 12.000
				,"percent": 99.75
				}
			,{
				"<=msec": 13.000
				,"percent": 99.82
				}
			,{
				"<=msec": 14.000
				,"percent": 99.87
				}
			,{
				"<=msec": 15.000
				,"percent": 99.90
				}
			,{
				"<=msec": 16.000
				,"percent": 99.92
				}
			,{
				"<=msec": 17.000
				,"percent": 99.93
				}
			,{
				"<=msec": 18.000
				,"percent": 99.94
				}
			,{
				"<=msec": 19.000
				,"percent": 99.95
				}
			,{
				"<=msec": 20.000
				,"percent": 99.96
				}
			,{
				"<=msec": 21.000
				,"percent": 99.97
				}
			,{
				"<=msec": 22.000
				,"percent": 99.98
				}
			,{
				"<=msec": 23.000
				,"percent": 99.99
				}
			,{
				"<=msec": 25.000
				,"percent": 99.99
				}
			,{
				"<=msec": 35.000
				,"percent": 100.00
				}
			,{
				"<=msec": 37.000
				,"percent": 100.00
				}
			]
		,"GET":[
			{
				"<=msec": 0.910
				,"percent": 0.00
				}
			,{
				"<=msec": 0.970
				,"percent": 0.01
				}
			,{
				"<=msec": 0.990
				,"percent": 0.01
				}
			,{
				"<=msec": 1.000
				,"percent": 0.14
				}
			,{
				"<=msec": 1.100
				,"percent": 1.95
				}
			,{
				"<=msec": 1.200
				,"percent": 8.42
				}
			,{
				"<=msec": 1.300
				,"percent": 20.36
				}
			,{
				"<=msec": 1.400
				,"percent": 33.87
				}
			,{
				"<=msec": 1.500
				,"percent": 46.52
				}
			,{
				"<=msec": 1.600
				,"percent": 56.58
				}
			,{
				"<=msec": 1.700
				,"percent": 64.16
				}
			,{
				"<=msec": 1.800
				,"percent": 69.92
				}
			,{
				"<=msec": 1.900
				,"percent": 74.36
				}
			,{
				"<=msec": 2.000
				,"percent": 77.92
				}
			,{
				"<=msec": 2.100
				,"percent": 80.72
				}
			,{
				"<=msec": 2.200
				,"percent": 82.85
				}
			,{
				"<=msec": 2.300
				,"percent": 84.66
				}
			,{
				"<=msec": 2.400
				,"percent": 86.18
				}
			,{
				"<=msec": 2.500
				,"percent": 87.30
				}
			,{
				"<=msec": 2.600
				,"percent": 88.35
				}
			,{
				"<=msec": 2.700
				,"percent": 89.23
				}
			,{
				"<=msec": 2.800
				,"percent": 89.96
				}
			,{
				"<=msec": 2.900
				,"percent": 90.57
				}
			,{
				"<=msec": 3.000
				,"percent": 91.10
				}
			,{
				"<=msec": 3.100
				,"percent": 91.57
				}
			,{
				"<=msec": 3.200
				,"percent": 92.04
				}
			,{
				"<=msec": 3.300
				,"percent": 92.45
				}
			,{
				"<=msec": 3.400
				,"percent": 92.85
				}
			,{
				"<=msec": 3.500
				,"percent": 93.13
				}
			,{
				"<=msec": 3.600
				,"percent": 93.45
				}
			,{
				"<=msec": 3.700
				,"percent": 93.73
				}
			,{
				"<=msec": 3.800
				,"percent": 93.98
				}
			,{
				"<=msec": 3.900
				,"percent": 94.20
				}
			,{
				"<=msec": 4.000
				,"percent": 94.42
				}
			,{
				"<=msec": 4.100
				,"percent": 94.64
				}
			,{
				"<=msec": 4.200
				,"percent": 94.85
				}
			,{
				"<=msec": 4.300
				,"percent": 95.02
				}
			,{
				"<=msec": 4.400
				,"percent": 95.21
				}
			,{
				"<=msec": 4.500
				,"percent": 95.41
				}
			,{
				"<=msec": 4.600
				,"percent": 95.57
				}
			,{
				"<=msec": 4.700
				,"percent": 95.69
				}
			,{
				"<=msec": 4.800
				,"percent": 95.82
				}
			,{
				"<=msec": 4.900
				,"percent": 95.98
				}
			,{
				"<=msec": 5.000
				,"percent": 96.10
				}
			,{
				"<=msec": 5.100
				,"percent": 96.20
				}
			,{
				"<=msec": 5.200
				,"percent": 96.36
				}
			,{
				"<=msec": 5.300
				,"percent": 96.50
				}
			,{
				"<=msec": 5.400
				,"percent": 96.67
				}
			,{
				"<=msec": 5.500
				,"percent": 96.79
				}
			,{
				"<=msec": 5.600
				,"percent": 96.90
				}
			,{
				"<=msec": 5.700
				,"percent": 97.00
				}
			,{
				"<=msec": 5.800
				,"percent": 97.13
				}
			,{
				"<=msec": 5.900
				,"percent": 97.25
				}
			,{
				"<=msec": 6.000
				,"percent": 97.38
				}
			,{
				"<=msec": 6.100
				,"percent": 97.46
				}
			,{
				"<=msec": 6.200
				,"percent": 97.60
				}
			,{
				"<=msec": 6.300
				,"percent": 97.67
				}
			,{
				"<=msec": 6.400
				,"percent": 97.78
				}
			,{
				"<=msec": 6.500
				,"percent": 97.96
				}
			,{
				"<=msec": 6.600
				,"percent": 98.08
				}
			,{
				"<=msec": 6.700
				,"percent": 98.21
				}
			,{
				"<=msec": 6.800
				,"percent": 98.30
				}
			,{
				"<=msec": 6.900
				,"percent": 98.40
				}
			,{
				"<=msec": 7.000
				,"percent": 98.50
				}
			,{
				"<=msec": 7.100
				,"percent": 98.60
				}
			,{
				"<=msec": 7.200
				,"percent": 98.67
				}
			,{
				"<=msec": 7.300
				,"percent": 98.76
				}
			,{
				"<=msec": 7.400
				,"percent": 98.81
				}
			,{
				"<=msec": 7.500
				,"percent": 98.91
				}
			,{
				"<=msec": 7.600
				,"percent": 98.99
				}
			,{
				"<=msec": 7.700
				,"percent": 99.05
				}
			,{
				"<=msec": 7.800
				,"percent": 99.08
				}
			,{
				"<=msec": 7.900
				,"percent": 99.17
				}
			,{
				"<=msec": 8.000
				,"percent": 99.22
				}
			,{
				"<=msec": 8.100
				,"percent": 99.26
				}
			,{
				"<=msec": 8.200
				,"percent": 99.31
				}
			,{
				"<=msec": 8.300
				,"percent": 99.36
				}
			,{
				"<=msec": 8.400
				,"percent": 99.39
				}
			,{
				"<=msec": 8.500
				,"percent": 99.42
				}
			,{
				"<=msec": 8.600
				,"percent": 99.44
				}
			,{
				"<=msec": 8.700
				,"percent": 99.48
				}
			,{
				"<=msec": 8.800
				,"percent": 99.50
				}
			,{
				"<=msec": 8.900
				,"percent": 99.53
				}
			,{
				"<=msec": 9.000
				,"percent": 99.53
				}
			,{
				"<=msec": 9.100
				,"percent": 99.57
				}
			,{
				"<=msec": 9.200
				,"percent": 99.59
				}
			,{
				"<=msec": 9.300
				,"percent": 99.61
				}
			,{
				"<=msec": 9.400
				,"percent": 99.64
				}
			,{
				"<=msec": 9.500
				,"percent": 99.66
				}
			,{
				"<=msec": 9.600
				,"percent": 99.68
				}
			,{
				"<=msec": 9.700
				,"percent": 99.70
				}
			,{
				"<=msec": 9.800
				,"percent": 99.72
				}
			,{
				"<=msec": 9.900
				,"percent": 99.73
				}
			,{
				"<=msec": 10.000
				,"percent": 99.79
				}
			,{
				"<=msec": 11.000
				,"percent": 99.88
				}
			,{
				"<=msec": 12.000
				,"percent": 99.92
				}
			,{
				"<=msec": 13.000
				,"percent": 99.94
				}
			,{
				"<=msec": 14.000
				,"percent": 99.97
				}
			,{
				"<=msec": 15.000
				,"percent": 99.97
				}
			,{
				"<=msec": 17.000
				,"percent": 99.98
				}
			,{
				"<=msec": 20.000
				,"percent": 99.98
				}
			,{
				"<=msec": 21.000
				,"percent": 99.99
				}
			,{
				"<=msec": 25.000
				,"percent": 99.99
				}
			,{
				"<=msec": 26.000
				,"percent": 100.00
				}
			,{
				"<=msec": 37.000
				,"percent": 100.00
				}
			]
		,"WAIT":[
		]
		}
	}
