{
	"configuration":{
		"server": "10.0.0.4"
		,"port": 11212
		,"unix socket": "(null)"
		,"protocol": "memcache_text"
		,"out_file": "(null)"
		,"client_stats": "(null)"
		,"run_count": 1
		,"debug": 0
		,"requests": 0
		,"clients": 2
		,"threads": 1
		,"test_time": 60
		,"ratio": "1:1"
		,"pipeline": 1
		,"data_size": 4096
		,"data_offset": 0
		,"random_data": "false"
		,"data_size_range": "0:0"
		,"data_size_list": ""
		,"data_size_pattern": "R"
		,"expiry_range": "9999:10000"
		,"data_import": "(null)"
		,"data_verify": "false"
		,"verify_only": "false"
		,"generate_keys": "false"
		,"key_prefix": "memtier-"
		,"key_minimum":           0
		,"key_maximum":        1000
		,"key_pattern": "R:R"
		,"key_stddev": 0.000000
		,"key_median": 0.000000
		,"reconnect_interval": 0
		,"multi_key_get": 1
		,"authenticate": ""
		,"select-db": 0
		,"no-expiry": "false"
		,"wait-ratio": "0:0"
		,"num-slaves": "0:0"
		,"wait-timeout": "0-0"
		}
	,"run information":{
		"Threads": 1
		,"Connections per thread": 2
		,"Seconds": 60
		}
	,"ALL STATS":{
		"Sets":{
			"Ops/sec": 431.62
			,"Hits/sec": 0.00
			,"Misses/sec": 0.00
			,"Latency": 2.60
			,"KB/sec": 1743.09
			}
		,"Gets":{
			"Ops/sec": 431.59
			,"Hits/sec": 431.59
			,"Misses/sec": 0.00
			,"Latency": 2.02
			,"KB/sec": 1747.34
			}
		,"Waits":{
			"Ops/sec": 0.00
			,"Hits/sec": 0.00
			,"Misses/sec": 0.00
			,"Latency": 0.00
			,"KB/sec": 0.00
			}
		,"Totals":{
			"Ops/sec": 863.21
			,"Hits/sec": 431.59
			,"Misses/sec": 0.00
			,"Latency": 2.31
			,"KB/sec": 3490.43
			}
		,"SET":[
			{
				"<=msec": 1.200
				,"percent": 0.09
				}
			,{
				"<=msec": 1.300
				,"percent": 1.15
				}
			,{
				"<=msec": 1.400
				,"percent": 4.75
				}
			,{
				"<=msec": 1.500
				,"percent": 11.97
				}
			,{
				"<=msec": 1.600
				,"percent": 21.07
				}
			,{
				"<=msec": 1.700
				,"percent": 30.64
				}
			,{
				"<=msec": 1.800
				,"percent": 39.45
				}
			,{
				"<=msec": 1.900
				,"percent": 47.19
				}
			,{
				"<=msec": 2.000
				,"percent": 53.73
				}
			,{
				"<=msec": 2.100
				,"percent": 59.44
				}
			,{
				"<=msec": 2.200
				,"percent": 63.81
				}
			,{
				"<=msec": 2.300
				,"percent": 67.54
				}
			,{
				"<=msec": 2.400
				,"percent": 70.50
				}
			,{
				"<=msec": 2.500
				,"percent": 73.14
				}
			,{
				"<=msec": 2.600
				,"percent": 75.07
				}
			,{
				"<=msec": 2.700
				,"percent": 76.94
				}
			,{
				"<=msec": 2.800
				,"percent": 78.47
				}
			,{
				"<=msec": 2.900
				,"percent": 79.75
				}
			,{
				"<=msec": 3.000
				,"percent": 80.97
				}
			,{
				"<=msec": 3.100
				,"percent": 81.99
				}
			,{
				"<=msec": 3.200
				,"percent": 82.98
				}
			,{
				"<=msec": 3.300
				,"percent": 83.80
				}
			,{
				"<=msec": 3.400
				,"percent": 84.62
				}
			,{
				"<=msec": 3.500
				,"percent": 85.32
				}
			,{
				"<=msec": 3.600
				,"percent": 85.92
				}
			,{
				"<=msec": 3.700
				,"percent": 86.43
				}
			,{
				"<=msec": 3.800
				,"percent": 86.99
				}
			,{
				"<=msec": 3.900
				,"percent": 87.47
				}
			,{
				"<=msec": 4.000
				,"percent": 87.83
				}
			,{
				"<=msec": 4.100
				,"percent": 88.27
				}
			,{
				"<=msec": 4.200
				,"percent": 88.70
				}
			,{
				"<=msec": 4.300
				,"percent": 89.09
				}
			,{
				"<=msec": 4.400
				,"percent": 89.46
				}
			,{
				"<=msec": 4.500
				,"percent": 89.78
				}
			,{
				"<=msec": 4.600
				,"percent": 90.10
				}
			,{
				"<=msec": 4.700
				,"percent": 90.40
				}
			,{
				"<=msec": 4.800
				,"percent": 90.69
				}
			,{
				"<=msec": 4.900
				,"percent": 91.07
				}
			,{
				"<=msec": 5.000
				,"percent": 91.37
				}
			,{
				"<=msec": 5.100
				,"percent": 91.66
				}
			,{
				"<=msec": 5.200
				,"percent": 91.87
				}
			,{
				"<=msec": 5.300
				,"percent": 92.13
				}
			,{
				"<=msec": 5.400
				,"percent": 92.40
				}
			,{
				"<=msec": 5.500
				,"percent": 92.60
				}
			,{
				"<=msec": 5.600
				,"percent": 92.86
				}
			,{
				"<=msec": 5.700
				,"percent": 93.08
				}
			,{
				"<=msec": 5.800
				,"percent": 93.32
				}
			,{
				"<=msec": 5.900
				,"percent": 93.56
				}
			,{
				"<=msec": 6.000
				,"percent": 93.77
				}
			,{
				"<=msec": 6.100
				,"percent": 93.99
				}
			,{
				"<=msec": 6.200
				,"percent": 94.20
				}
			,{
				"<=msec": 6.300
				,"percent": 94.43
				}
			,{
				"<=msec": 6.400
				,"percent": 94.65
				}
			,{
				"<=msec": 6.500
				,"percent": 94.84
				}
			,{
				"<=msec": 6.600
				,"percent": 95.06
				}
			,{
				"<=msec": 6.700
				,"percent": 95.29
				}
			,{
				"<=msec": 6.800
				,"percent": 95.53
				}
			,{
				"<=msec": 6.900
				,"percent": 95.73
				}
			,{
				"<=msec": 7.000
				,"percent": 95.90
				}
			,{
				"<=msec": 7.100
				,"percent": 96.13
				}
			,{
				"<=msec": 7.200
				,"percent": 96.39
				}
			,{
				"<=msec": 7.300
				,"percent": 96.60
				}
			,{
				"<=msec": 7.400
				,"percent": 96.81
				}
			,{
				"<=msec": 7.500
				,"percent": 97.03
				}
			,{
				"<=msec": 7.600
				,"percent": 97.19
				}
			,{
				"<=msec": 7.700
				,"percent": 97.38
				}
			,{
				"<=msec": 7.800
				,"percent": 97.54
				}
			,{
				"<=msec": 7.900
				,"percent": 97.71
				}
			,{
				"<=msec": 8.000
				,"percent": 97.90
				}
			,{
				"<=msec": 8.100
				,"percent": 98.03
				}
			,{
				"<=msec": 8.200
				,"percent": 98.14
				}
			,{
				"<=msec": 8.300
				,"percent": 98.29
				}
			,{
				"<=msec": 8.400
				,"percent": 98.33
				}
			,{
				"<=msec": 8.500
				,"percent": 98.43
				}
			,{
				"<=msec": 8.600
				,"percent": 98.51
				}
			,{
				"<=msec": 8.700
				,"percent": 98.59
				}
			,{
				"<=msec": 8.800
				,"percent": 98.70
				}
			,{
				"<=msec": 8.900
				,"percent": 98.78
				}
			,{
				"<=msec": 9.000
				,"percent": 98.83
				}
			,{
				"<=msec": 9.100
				,"percent": 98.89
				}
			,{
				"<=msec": 9.200
				,"percent": 98.94
				}
			,{
				"<=msec": 9.300
				,"percent": 99.00
				}
			,{
				"<=msec": 9.400
				,"percent": 99.08
				}
			,{
				"<=msec": 9.500
				,"percent": 99.14
				}
			,{
				"<=msec": 9.600
				,"percent": 99.19
				}
			,{
				"<=msec": 9.700
				,"percent": 99.24
				}
			,{
				"<=msec": 9.800
				,"percent": 99.29
				}
			,{
				"<=msec": 9.900
				,"percent": 99.32
				}
			,{
				"<=msec": 10.000
				,"percent": 99.51
				}
			,{
				"<=msec": 11.000
				,"percent": 99.66
				}
			,{
				"<=msec": 12.000
				,"percent": 99.81
				}
			,{
				"<=msec": 13.000
				,"percent": 99.86
				}
			,{
				"<=msec": 14.000
				,"percent": 99.90
				}
			,{
				"<=msec": 15.000
				,"percent": 99.91
				}
			,{
				"<=msec": 16.000
				,"percent": 99.92
				}
			,{
				"<=msec": 17.000
				,"percent": 99.94
				}
			,{
				"<=msec": 18.000
				,"percent": 99.96
				}
			,{
				"<=msec": 19.000
				,"percent": 99.97
				}
			,{
				"<=msec": 20.000
				,"percent": 99.98
				}
			,{
				"<=msec": 21.000
				,"percent": 99.98
				}
			,{
				"<=msec": 22.000
				,"percent": 99.99
				}
			,{
				"<=msec": 27.000
				,"percent": 99.99
				}
			,{
				"<=msec": 30.000
				,"percent": 100.00
				}
			,{
				"<=msec": 58.000
				,"percent": 100.00
				}
			]
		,"GET":[
			{
				"<=msec": 0.910
				,"percent": 0.00
				}
			,{
				"<=msec": 0.970
				,"percent": 0.01
				}
			,{
				"<=msec": 0.980
				,"percent": 0.01
				}
			,{
				"<=msec": 1.000
				,"percent": 0.14
				}
			,{
				"<=msec": 1.100
				,"percent": 1.43
				}
			,{
				"<=msec": 1.200
				,"percent": 7.06
				}
			,{
				"<=msec": 1.300
				,"percent": 17.41
				}
			,{
				"<=msec": 1.400
				,"percent": 29.63
				}
			,{
				"<=msec": 1.500
				,"percent": 41.15
				}
			,{
				"<=msec": 1.600
				,"percent": 51.63
				}
			,{
				"<=msec": 1.700
				,"percent": 59.66
				}
			,{
				"<=msec": 1.800
				,"percent": 66.15
				}
			,{
				"<=msec": 1.900
				,"percent": 71.21
				}
			,{
				"<=msec": 2.000
				,"percent": 75.15
				}
			,{
				"<=msec": 2.100
				,"percent": 78.40
				}
			,{
				"<=msec": 2.200
				,"percent": 80.94
				}
			,{
				"<=msec": 2.300
				,"percent": 83.10
				}
			,{
				"<=msec": 2.400
				,"percent": 84.68
				}
			,{
				"<=msec": 2.500
				,"percent": 86.09
				}
			,{
				"<=msec": 2.600
				,"percent": 87.29
				}
			,{
				"<=msec": 2.700
				,"percent": 88.42
				}
			,{
				"<=msec": 2.800
				,"percent": 89.28
				}
			,{
				"<=msec": 2.900
				,"percent": 90.08
				}
			,{
				"<=msec": 3.000
				,"percent": 90.83
				}
			,{
				"<=msec": 3.100
				,"percent": 91.39
				}
			,{
				"<=msec": 3.200
				,"percent": 91.96
				}
			,{
				"<=msec": 3.300
				,"percent": 92.45
				}
			,{
				"<=msec": 3.400
				,"percent": 92.77
				}
			,{
				"<=msec": 3.500
				,"percent": 93.15
				}
			,{
				"<=msec": 3.600
				,"percent": 93.56
				}
			,{
				"<=msec": 3.700
				,"percent": 93.91
				}
			,{
				"<=msec": 3.800
				,"percent": 94.20
				}
			,{
				"<=msec": 3.900
				,"percent": 94.43
				}
			,{
				"<=msec": 4.000
				,"percent": 94.66
				}
			,{
				"<=msec": 4.100
				,"percent": 94.85
				}
			,{
				"<=msec": 4.200
				,"percent": 95.05
				}
			,{
				"<=msec": 4.300
				,"percent": 95.27
				}
			,{
				"<=msec": 4.400
				,"percent": 95.46
				}
			,{
				"<=msec": 4.500
				,"percent": 95.63
				}
			,{
				"<=msec": 4.600
				,"percent": 95.73
				}
			,{
				"<=msec": 4.700
				,"percent": 95.91
				}
			,{
				"<=msec": 4.800
				,"percent": 96.04
				}
			,{
				"<=msec": 4.900
				,"percent": 96.19
				}
			,{
				"<=msec": 5.000
				,"percent": 96.32
				}
			,{
				"<=msec": 5.100
				,"percent": 96.43
				}
			,{
				"<=msec": 5.200
				,"percent": 96.52
				}
			,{
				"<=msec": 5.300
				,"percent": 96.65
				}
			,{
				"<=msec": 5.400
				,"percent": 96.78
				}
			,{
				"<=msec": 5.500
				,"percent": 96.89
				}
			,{
				"<=msec": 5.600
				,"percent": 97.02
				}
			,{
				"<=msec": 5.700
				,"percent": 97.11
				}
			,{
				"<=msec": 5.800
				,"percent": 97.20
				}
			,{
				"<=msec": 5.900
				,"percent": 97.32
				}
			,{
				"<=msec": 6.000
				,"percent": 97.46
				}
			,{
				"<=msec": 6.100
				,"percent": 97.54
				}
			,{
				"<=msec": 6.200
				,"percent": 97.66
				}
			,{
				"<=msec": 6.300
				,"percent": 97.78
				}
			,{
				"<=msec": 6.400
				,"percent": 97.86
				}
			,{
				"<=msec": 6.500
				,"percent": 97.97
				}
			,{
				"<=msec": 6.600
				,"percent": 98.06
				}
			,{
				"<=msec": 6.700
				,"percent": 98.17
				}
			,{
				"<=msec": 6.800
				,"percent": 98.25
				}
			,{
				"<=msec": 6.900
				,"percent": 98.33
				}
			,{
				"<=msec": 7.000
				,"percent": 98.45
				}
			,{
				"<=msec": 7.100
				,"percent": 98.55
				}
			,{
				"<=msec": 7.200
				,"percent": 98.62
				}
			,{
				"<=msec": 7.300
				,"percent": 98.70
				}
			,{
				"<=msec": 7.400
				,"percent": 98.78
				}
			,{
				"<=msec": 7.500
				,"percent": 98.86
				}
			,{
				"<=msec": 7.600
				,"percent": 98.94
				}
			,{
				"<=msec": 7.700
				,"percent": 98.97
				}
			,{
				"<=msec": 7.800
				,"percent": 99.02
				}
			,{
				"<=msec": 7.900
				,"percent": 99.08
				}
			,{
				"<=msec": 8.000
				,"percent": 99.13
				}
			,{
				"<=msec": 8.100
				,"percent": 99.17
				}
			,{
				"<=msec": 8.200
				,"percent": 99.20
				}
			,{
				"<=msec": 8.300
				,"percent": 99.24
				}
			,{
				"<=msec": 8.400
				,"percent": 99.29
				}
			,{
				"<=msec": 8.500
				,"percent": 99.32
				}
			,{
				"<=msec": 8.600
				,"percent": 99.34
				}
			,{
				"<=msec": 8.700
				,"percent": 99.37
				}
			,{
				"<=msec": 8.800
				,"percent": 99.39
				}
			,{
				"<=msec": 8.900
				,"percent": 99.43
				}
			,{
				"<=msec": 9.000
				,"percent": 99.45
				}
			,{
				"<=msec": 9.100
				,"percent": 99.46
				}
			,{
				"<=msec": 9.200
				,"percent": 99.48
				}
			,{
				"<=msec": 9.300
				,"percent": 99.51
				}
			,{
				"<=msec": 9.400
				,"percent": 99.53
				}
			,{
				"<=msec": 9.500
				,"percent": 99.56
				}
			,{
				"<=msec": 9.600
				,"percent": 99.57
				}
			,{
				"<=msec": 9.700
				,"percent": 99.60
				}
			,{
				"<=msec": 9.800
				,"percent": 99.62
				}
			,{
				"<=msec": 9.900
				,"percent": 99.64
				}
			,{
				"<=msec": 10.000
				,"percent": 99.73
				}
			,{
				"<=msec": 11.000
				,"percent": 99.81
				}
			,{
				"<=msec": 12.000
				,"percent": 99.89
				}
			,{
				"<=msec": 13.000
				,"percent": 99.91
				}
			,{
				"<=msec": 14.000
				,"percent": 99.93
				}
			,{
				"<=msec": 15.000
				,"percent": 99.94
				}
			,{
				"<=msec": 16.000
				,"percent": 99.95
				}
			,{
				"<=msec": 17.000
				,"percent": 99.96
				}
			,{
				"<=msec": 18.000
				,"percent": 99.98
				}
			,{
				"<=msec": 20.000
				,"percent": 99.98
				}
			,{
				"<=msec": 21.000
				,"percent": 99.99
				}
			,{
				"<=msec": 22.000
				,"percent": 99.99
				}
			,{
				"<=msec": 25.000
				,"percent": 100.00
				}
			,{
				"<=msec": 63.000
				,"percent": 100.00
				}
			]
		,"WAIT":[
		]
		}
	}
