{
	"configuration":{
		"server": "10.0.0.4"
		,"port": 11212
		,"unix socket": "(null)"
		,"protocol": "memcache_text"
		,"out_file": "(null)"
		,"client_stats": "(null)"
		,"run_count": 1
		,"debug": 0
		,"requests": 0
		,"clients": 2
		,"threads": 1
		,"test_time": 60
		,"ratio": "1:6"
		,"pipeline": 1
		,"data_size": 4096
		,"data_offset": 0
		,"random_data": "false"
		,"data_size_range": "0:0"
		,"data_size_list": ""
		,"data_size_pattern": "R"
		,"expiry_range": "9999:10000"
		,"data_import": "(null)"
		,"data_verify": "false"
		,"verify_only": "false"
		,"generate_keys": "false"
		,"key_prefix": "memtier-"
		,"key_minimum":           0
		,"key_maximum":        1000
		,"key_pattern": "R:R"
		,"key_stddev": 0.000000
		,"key_median": 0.000000
		,"reconnect_interval": 0
		,"multi_key_get": 6
		,"authenticate": ""
		,"select-db": 0
		,"no-expiry": "false"
		,"wait-ratio": "0:0"
		,"num-slaves": "0:0"
		,"wait-timeout": "0-0"
		}
	,"run information":{
		"Threads": 1
		,"Connections per thread": 2
		,"Seconds": 60
		}
	,"ALL STATS":{
		"Sets":{
			"Ops/sec": 235.73
			,"Hits/sec": 0.00
			,"Misses/sec": 0.00
			,"Latency": 4.37
			,"KB/sec": 952.00
			}
		,"Gets":{
			"Ops/sec": 235.70
			,"Hits/sec": 1414.21
			,"Misses/sec": 0.00
			,"Latency": 4.09
			,"KB/sec": 5714.06
			}
		,"Waits":{
			"Ops/sec": 0.00
			,"Hits/sec": 0.00
			,"Misses/sec": 0.00
			,"Latency": 0.00
			,"KB/sec": 0.00
			}
		,"Totals":{
			"Ops/sec": 471.44
			,"Hits/sec": 1414.21
			,"Misses/sec": 0.00
			,"Latency": 4.23
			,"KB/sec": 6666.07
			}
		,"SET":[
			{
				"<=msec": 1.200
				,"percent": 0.04
				}
			,{
				"<=msec": 1.300
				,"percent": 0.42
				}
			,{
				"<=msec": 1.400
				,"percent": 2.05
				}
			,{
				"<=msec": 1.500
				,"percent": 5.13
				}
			,{
				"<=msec": 1.600
				,"percent": 9.86
				}
			,{
				"<=msec": 1.700
				,"percent": 15.70
				}
			,{
				"<=msec": 1.800
				,"percent": 21.58
				}
			,{
				"<=msec": 1.900
				,"percent": 27.14
				}
			,{
				"<=msec": 2.000
				,"percent": 31.76
				}
			,{
				"<=msec": 2.100
				,"percent": 35.73
				}
			,{
				"<=msec": 2.200
				,"percent": 39.31
				}
			,{
				"<=msec": 2.300
				,"percent": 42.09
				}
			,{
				"<=msec": 2.400
				,"percent": 44.65
				}
			,{
				"<=msec": 2.500
				,"percent": 46.65
				}
			,{
				"<=msec": 2.600
				,"percent": 48.48
				}
			,{
				"<=msec": 2.700
				,"percent": 50.11
				}
			,{
				"<=msec": 2.800
				,"percent": 51.70
				}
			,{
				"<=msec": 2.900
				,"percent": 52.94
				}
			,{
				"<=msec": 3.000
				,"percent": 54.05
				}
			,{
				"<=msec": 3.100
				,"percent": 55.19
				}
			,{
				"<=msec": 3.200
				,"percent": 56.19
				}
			,{
				"<=msec": 3.300
				,"percent": 57.02
				}
			,{
				"<=msec": 3.400
				,"percent": 57.83
				}
			,{
				"<=msec": 3.500
				,"percent": 58.60
				}
			,{
				"<=msec": 3.600
				,"percent": 59.41
				}
			,{
				"<=msec": 3.700
				,"percent": 60.17
				}
			,{
				"<=msec": 3.800
				,"percent": 60.92
				}
			,{
				"<=msec": 3.900
				,"percent": 61.56
				}
			,{
				"<=msec": 4.000
				,"percent": 62.26
				}
			,{
				"<=msec": 4.100
				,"percent": 62.79
				}
			,{
				"<=msec": 4.200
				,"percent": 63.32
				}
			,{
				"<=msec": 4.300
				,"percent": 63.81
				}
			,{
				"<=msec": 4.400
				,"percent": 64.31
				}
			,{
				"<=msec": 4.500
				,"percent": 64.91
				}
			,{
				"<=msec": 4.600
				,"percent": 65.44
				}
			,{
				"<=msec": 4.700
				,"percent": 65.97
				}
			,{
				"<=msec": 4.800
				,"percent": 66.51
				}
			,{
				"<=msec": 4.900
				,"percent": 66.95
				}
			,{
				"<=msec": 5.000
				,"percent": 67.48
				}
			,{
				"<=msec": 5.100
				,"percent": 67.99
				}
			,{
				"<=msec": 5.200
				,"percent": 68.60
				}
			,{
				"<=msec": 5.300
				,"percent": 69.04
				}
			,{
				"<=msec": 5.400
				,"percent": 69.54
				}
			,{
				"<=msec": 5.500
				,"percent": 69.97
				}
			,{
				"<=msec": 5.600
				,"percent": 70.54
				}
			,{
				"<=msec": 5.700
				,"percent": 71.09
				}
			,{
				"<=msec": 5.800
				,"percent": 71.62
				}
			,{
				"<=msec": 5.900
				,"percent": 72.15
				}
			,{
				"<=msec": 6.000
				,"percent": 72.55
				}
			,{
				"<=msec": 6.100
				,"percent": 73.08
				}
			,{
				"<=msec": 6.200
				,"percent": 73.61
				}
			,{
				"<=msec": 6.300
				,"percent": 74.09
				}
			,{
				"<=msec": 6.400
				,"percent": 74.46
				}
			,{
				"<=msec": 6.500
				,"percent": 74.95
				}
			,{
				"<=msec": 6.600
				,"percent": 75.41
				}
			,{
				"<=msec": 6.700
				,"percent": 75.93
				}
			,{
				"<=msec": 6.800
				,"percent": 76.38
				}
			,{
				"<=msec": 6.900
				,"percent": 76.86
				}
			,{
				"<=msec": 7.000
				,"percent": 77.31
				}
			,{
				"<=msec": 7.100
				,"percent": 77.86
				}
			,{
				"<=msec": 7.200
				,"percent": 78.35
				}
			,{
				"<=msec": 7.300
				,"percent": 78.95
				}
			,{
				"<=msec": 7.400
				,"percent": 79.53
				}
			,{
				"<=msec": 7.500
				,"percent": 80.11
				}
			,{
				"<=msec": 7.600
				,"percent": 80.75
				}
			,{
				"<=msec": 7.700
				,"percent": 81.29
				}
			,{
				"<=msec": 7.800
				,"percent": 81.75
				}
			,{
				"<=msec": 7.900
				,"percent": 82.23
				}
			,{
				"<=msec": 8.000
				,"percent": 82.78
				}
			,{
				"<=msec": 8.100
				,"percent": 83.32
				}
			,{
				"<=msec": 8.200
				,"percent": 83.89
				}
			,{
				"<=msec": 8.300
				,"percent": 84.42
				}
			,{
				"<=msec": 8.400
				,"percent": 84.89
				}
			,{
				"<=msec": 8.500
				,"percent": 85.51
				}
			,{
				"<=msec": 8.600
				,"percent": 86.02
				}
			,{
				"<=msec": 8.700
				,"percent": 86.60
				}
			,{
				"<=msec": 8.800
				,"percent": 87.05
				}
			,{
				"<=msec": 8.900
				,"percent": 87.65
				}
			,{
				"<=msec": 9.000
				,"percent": 88.19
				}
			,{
				"<=msec": 9.100
				,"percent": 88.67
				}
			,{
				"<=msec": 9.200
				,"percent": 89.25
				}
			,{
				"<=msec": 9.300
				,"percent": 89.69
				}
			,{
				"<=msec": 9.400
				,"percent": 90.22
				}
			,{
				"<=msec": 9.500
				,"percent": 90.70
				}
			,{
				"<=msec": 9.600
				,"percent": 91.13
				}
			,{
				"<=msec": 9.700
				,"percent": 91.51
				}
			,{
				"<=msec": 9.800
				,"percent": 92.02
				}
			,{
				"<=msec": 9.900
				,"percent": 92.52
				}
			,{
				"<=msec": 10.000
				,"percent": 94.66
				}
			,{
				"<=msec": 11.000
				,"percent": 97.19
				}
			,{
				"<=msec": 12.000
				,"percent": 98.42
				}
			,{
				"<=msec": 13.000
				,"percent": 99.28
				}
			,{
				"<=msec": 14.000
				,"percent": 99.66
				}
			,{
				"<=msec": 15.000
				,"percent": 99.77
				}
			,{
				"<=msec": 16.000
				,"percent": 99.80
				}
			,{
				"<=msec": 17.000
				,"percent": 99.85
				}
			,{
				"<=msec": 18.000
				,"percent": 99.88
				}
			,{
				"<=msec": 19.000
				,"percent": 99.93
				}
			,{
				"<=msec": 20.000
				,"percent": 99.95
				}
			,{
				"<=msec": 21.000
				,"percent": 99.96
				}
			,{
				"<=msec": 25.000
				,"percent": 99.96
				}
			,{
				"<=msec": 26.000
				,"percent": 99.97
				}
			,{
				"<=msec": 30.000
				,"percent": 99.98
				}
			,{
				"<=msec": 34.000
				,"percent": 99.99
				}
			,{
				"<=msec": 58.000
				,"percent": 100.00
				}
			]
		,"GET":[
			{
				"<=msec": 1.400
				,"percent": 0.11
				}
			,{
				"<=msec": 1.500
				,"percent": 0.57
				}
			,{
				"<=msec": 1.600
				,"percent": 1.91
				}
			,{
				"<=msec": 1.700
				,"percent": 4.64
				}
			,{
				"<=msec": 1.800
				,"percent": 8.58
				}
			,{
				"<=msec": 1.900
				,"percent": 12.79
				}
			,{
				"<=msec": 2.000
				,"percent": 17.57
				}
			,{
				"<=msec": 2.100
				,"percent": 22.34
				}
			,{
				"<=msec": 2.200
				,"percent": 27.23
				}
			,{
				"<=msec": 2.300
				,"percent": 32.57
				}
			,{
				"<=msec": 2.400
				,"percent": 37.41
				}
			,{
				"<=msec": 2.500
				,"percent": 41.77
				}
			,{
				"<=msec": 2.600
				,"percent": 46.28
				}
			,{
				"<=msec": 2.700
				,"percent": 50.34
				}
			,{
				"<=msec": 2.800
				,"percent": 53.82
				}
			,{
				"<=msec": 2.900
				,"percent": 57.08
				}
			,{
				"<=msec": 3.000
				,"percent": 59.68
				}
			,{
				"<=msec": 3.100
				,"percent": 62.22
				}
			,{
				"<=msec": 3.200
				,"percent": 64.26
				}
			,{
				"<=msec": 3.300
				,"percent": 66.16
				}
			,{
				"<=msec": 3.400
				,"percent": 67.76
				}
			,{
				"<=msec": 3.500
				,"percent": 69.06
				}
			,{
				"<=msec": 3.600
				,"percent": 70.16
				}
			,{
				"<=msec": 3.700
				,"percent": 71.26
				}
			,{
				"<=msec": 3.800
				,"percent": 72.38
				}
			,{
				"<=msec": 3.900
				,"percent": 73.20
				}
			,{
				"<=msec": 4.000
				,"percent": 73.92
				}
			,{
				"<=msec": 4.100
				,"percent": 74.62
				}
			,{
				"<=msec": 4.200
				,"percent": 75.40
				}
			,{
				"<=msec": 4.300
				,"percent": 76.05
				}
			,{
				"<=msec": 4.400
				,"percent": 76.60
				}
			,{
				"<=msec": 4.500
				,"percent": 77.03
				}
			,{
				"<=msec": 4.600
				,"percent": 77.53
				}
			,{
				"<=msec": 4.700
				,"percent": 78.03
				}
			,{
				"<=msec": 4.800
				,"percent": 78.41
				}
			,{
				"<=msec": 4.900
				,"percent": 78.82
				}
			,{
				"<=msec": 5.000
				,"percent": 79.14
				}
			,{
				"<=msec": 5.100
				,"percent": 79.55
				}
			,{
				"<=msec": 5.200
				,"percent": 79.83
				}
			,{
				"<=msec": 5.300
				,"percent": 80.16
				}
			,{
				"<=msec": 5.400
				,"percent": 80.42
				}
			,{
				"<=msec": 5.500
				,"percent": 80.71
				}
			,{
				"<=msec": 5.600
				,"percent": 80.97
				}
			,{
				"<=msec": 5.700
				,"percent": 81.34
				}
			,{
				"<=msec": 5.800
				,"percent": 81.67
				}
			,{
				"<=msec": 5.900
				,"percent": 81.89
				}
			,{
				"<=msec": 6.000
				,"percent": 82.22
				}
			,{
				"<=msec": 6.100
				,"percent": 82.49
				}
			,{
				"<=msec": 6.200
				,"percent": 82.71
				}
			,{
				"<=msec": 6.300
				,"percent": 83.00
				}
			,{
				"<=msec": 6.400
				,"percent": 83.21
				}
			,{
				"<=msec": 6.500
				,"percent": 83.41
				}
			,{
				"<=msec": 6.600
				,"percent": 83.65
				}
			,{
				"<=msec": 6.700
				,"percent": 83.89
				}
			,{
				"<=msec": 6.800
				,"percent": 84.15
				}
			,{
				"<=msec": 6.900
				,"percent": 84.33
				}
			,{
				"<=msec": 7.000
				,"percent": 84.58
				}
			,{
				"<=msec": 7.100
				,"percent": 84.77
				}
			,{
				"<=msec": 7.200
				,"percent": 85.00
				}
			,{
				"<=msec": 7.300
				,"percent": 85.23
				}
			,{
				"<=msec": 7.400
				,"percent": 85.50
				}
			,{
				"<=msec": 7.500
				,"percent": 85.67
				}
			,{
				"<=msec": 7.600
				,"percent": 85.82
				}
			,{
				"<=msec": 7.700
				,"percent": 86.03
				}
			,{
				"<=msec": 7.800
				,"percent": 86.27
				}
			,{
				"<=msec": 7.900
				,"percent": 86.47
				}
			,{
				"<=msec": 8.000
				,"percent": 86.71
				}
			,{
				"<=msec": 8.100
				,"percent": 86.84
				}
			,{
				"<=msec": 8.200
				,"percent": 87.07
				}
			,{
				"<=msec": 8.300
				,"percent": 87.35
				}
			,{
				"<=msec": 8.400
				,"percent": 87.55
				}
			,{
				"<=msec": 8.500
				,"percent": 87.73
				}
			,{
				"<=msec": 8.600
				,"percent": 87.91
				}
			,{
				"<=msec": 8.700
				,"percent": 88.06
				}
			,{
				"<=msec": 8.800
				,"percent": 88.21
				}
			,{
				"<=msec": 8.900
				,"percent": 88.45
				}
			,{
				"<=msec": 9.000
				,"percent": 88.63
				}
			,{
				"<=msec": 9.100
				,"percent": 88.88
				}
			,{
				"<=msec": 9.200
				,"percent": 88.98
				}
			,{
				"<=msec": 9.300
				,"percent": 89.16
				}
			,{
				"<=msec": 9.400
				,"percent": 89.35
				}
			,{
				"<=msec": 9.500
				,"percent": 89.54
				}
			,{
				"<=msec": 9.600
				,"percent": 89.71
				}
			,{
				"<=msec": 9.700
				,"percent": 89.92
				}
			,{
				"<=msec": 9.800
				,"percent": 90.16
				}
			,{
				"<=msec": 9.900
				,"percent": 90.33
				}
			,{
				"<=msec": 10.000
				,"percent": 91.47
				}
			,{
				"<=msec": 11.000
				,"percent": 94.10
				}
			,{
				"<=msec": 12.000
				,"percent": 96.97
				}
			,{
				"<=msec": 13.000
				,"percent": 98.57
				}
			,{
				"<=msec": 14.000
				,"percent": 99.31
				}
			,{
				"<=msec": 15.000
				,"percent": 99.50
				}
			,{
				"<=msec": 16.000
				,"percent": 99.67
				}
			,{
				"<=msec": 17.000
				,"percent": 99.79
				}
			,{
				"<=msec": 18.000
				,"percent": 99.88
				}
			,{
				"<=msec": 19.000
				,"percent": 99.93
				}
			,{
				"<=msec": 20.000
				,"percent": 99.96
				}
			,{
				"<=msec": 22.000
				,"percent": 99.96
				}
			,{
				"<=msec": 24.000
				,"percent": 99.97
				}
			,{
				"<=msec": 25.000
				,"percent": 99.98
				}
			,{
				"<=msec": 27.000
				,"percent": 99.99
				}
			,{
				"<=msec": 34.000
				,"percent": 99.99
				}
			,{
				"<=msec": 65.000
				,"percent": 100.00
				}
			]
		,"WAIT":[
		]
		}
	}
