{
	"configuration":{
		"server": "10.0.0.4"
		,"port": 11212
		,"unix socket": "(null)"
		,"protocol": "memcache_text"
		,"out_file": "(null)"
		,"client_stats": "(null)"
		,"run_count": 1
		,"debug": 0
		,"requests": 0
		,"clients": 2
		,"threads": 1
		,"test_time": 60
		,"ratio": "1:3"
		,"pipeline": 1
		,"data_size": 4096
		,"data_offset": 0
		,"random_data": "false"
		,"data_size_range": "0:0"
		,"data_size_list": ""
		,"data_size_pattern": "R"
		,"expiry_range": "9999:10000"
		,"data_import": "(null)"
		,"data_verify": "false"
		,"verify_only": "false"
		,"generate_keys": "false"
		,"key_prefix": "memtier-"
		,"key_minimum":           0
		,"key_maximum":        1000
		,"key_pattern": "R:R"
		,"key_stddev": 0.000000
		,"key_median": 0.000000
		,"reconnect_interval": 0
		,"multi_key_get": 3
		,"authenticate": ""
		,"select-db": 0
		,"no-expiry": "false"
		,"wait-ratio": "0:0"
		,"num-slaves": "0:0"
		,"wait-timeout": "0-0"
		}
	,"run information":{
		"Threads": 1
		,"Connections per thread": 2
		,"Seconds": 60
		}
	,"ALL STATS":{
		"Sets":{
			"Ops/sec": 386.85
			,"Hits/sec": 0.00
			,"Misses/sec": 0.00
			,"Latency": 2.70
			,"KB/sec": 1562.28
			}
		,"Gets":{
			"Ops/sec": 386.82
			,"Hits/sec": 1160.45
			,"Misses/sec": 0.00
			,"Latency": 2.45
			,"KB/sec": 4690.64
			}
		,"Waits":{
			"Ops/sec": 0.00
			,"Hits/sec": 0.00
			,"Misses/sec": 0.00
			,"Latency": 0.00
			,"KB/sec": 0.00
			}
		,"Totals":{
			"Ops/sec": 773.67
			,"Hits/sec": 1160.45
			,"Misses/sec": 0.00
			,"Latency": 2.58
			,"KB/sec": 6252.92
			}
		,"SET":[
			{
				"<=msec": 1.100
				,"percent": 0.00
				}
			,{
				"<=msec": 1.200
				,"percent": 0.17
				}
			,{
				"<=msec": 1.300
				,"percent": 1.47
				}
			,{
				"<=msec": 1.400
				,"percent": 5.17
				}
			,{
				"<=msec": 1.500
				,"percent": 12.13
				}
			,{
				"<=msec": 1.600
				,"percent": 20.62
				}
			,{
				"<=msec": 1.700
				,"percent": 29.88
				}
			,{
				"<=msec": 1.800
				,"percent": 38.28
				}
			,{
				"<=msec": 1.900
				,"percent": 45.96
				}
			,{
				"<=msec": 2.000
				,"percent": 52.19
				}
			,{
				"<=msec": 2.100
				,"percent": 57.39
				}
			,{
				"<=msec": 2.200
				,"percent": 61.86
				}
			,{
				"<=msec": 2.300
				,"percent": 65.46
				}
			,{
				"<=msec": 2.400
				,"percent": 68.34
				}
			,{
				"<=msec": 2.500
				,"percent": 70.75
				}
			,{
				"<=msec": 2.600
				,"percent": 72.89
				}
			,{
				"<=msec": 2.700
				,"percent": 74.77
				}
			,{
				"<=msec": 2.800
				,"percent": 76.10
				}
			,{
				"<=msec": 2.900
				,"percent": 77.58
				}
			,{
				"<=msec": 3.000
				,"percent": 78.72
				}
			,{
				"<=msec": 3.100
				,"percent": 79.75
				}
			,{
				"<=msec": 3.200
				,"percent": 80.69
				}
			,{
				"<=msec": 3.300
				,"percent": 81.52
				}
			,{
				"<=msec": 3.400
				,"percent": 82.25
				}
			,{
				"<=msec": 3.500
				,"percent": 83.00
				}
			,{
				"<=msec": 3.600
				,"percent": 83.72
				}
			,{
				"<=msec": 3.700
				,"percent": 84.35
				}
			,{
				"<=msec": 3.800
				,"percent": 84.90
				}
			,{
				"<=msec": 3.900
				,"percent": 85.43
				}
			,{
				"<=msec": 4.000
				,"percent": 85.93
				}
			,{
				"<=msec": 4.100
				,"percent": 86.43
				}
			,{
				"<=msec": 4.200
				,"percent": 86.84
				}
			,{
				"<=msec": 4.300
				,"percent": 87.22
				}
			,{
				"<=msec": 4.400
				,"percent": 87.60
				}
			,{
				"<=msec": 4.500
				,"percent": 88.02
				}
			,{
				"<=msec": 4.600
				,"percent": 88.38
				}
			,{
				"<=msec": 4.700
				,"percent": 88.64
				}
			,{
				"<=msec": 4.800
				,"percent": 88.99
				}
			,{
				"<=msec": 4.900
				,"percent": 89.28
				}
			,{
				"<=msec": 5.000
				,"percent": 89.65
				}
			,{
				"<=msec": 5.100
				,"percent": 89.94
				}
			,{
				"<=msec": 5.200
				,"percent": 90.28
				}
			,{
				"<=msec": 5.300
				,"percent": 90.63
				}
			,{
				"<=msec": 5.400
				,"percent": 90.91
				}
			,{
				"<=msec": 5.500
				,"percent": 91.16
				}
			,{
				"<=msec": 5.600
				,"percent": 91.44
				}
			,{
				"<=msec": 5.700
				,"percent": 91.74
				}
			,{
				"<=msec": 5.800
				,"percent": 92.02
				}
			,{
				"<=msec": 5.900
				,"percent": 92.25
				}
			,{
				"<=msec": 6.000
				,"percent": 92.55
				}
			,{
				"<=msec": 6.100
				,"percent": 92.81
				}
			,{
				"<=msec": 6.200
				,"percent": 93.07
				}
			,{
				"<=msec": 6.300
				,"percent": 93.39
				}
			,{
				"<=msec": 6.400
				,"percent": 93.66
				}
			,{
				"<=msec": 6.500
				,"percent": 93.97
				}
			,{
				"<=msec": 6.600
				,"percent": 94.23
				}
			,{
				"<=msec": 6.700
				,"percent": 94.50
				}
			,{
				"<=msec": 6.800
				,"percent": 94.69
				}
			,{
				"<=msec": 6.900
				,"percent": 94.92
				}
			,{
				"<=msec": 7.000
				,"percent": 95.15
				}
			,{
				"<=msec": 7.100
				,"percent": 95.42
				}
			,{
				"<=msec": 7.200
				,"percent": 95.76
				}
			,{
				"<=msec": 7.300
				,"percent": 95.95
				}
			,{
				"<=msec": 7.400
				,"percent": 96.23
				}
			,{
				"<=msec": 7.500
				,"percent": 96.48
				}
			,{
				"<=msec": 7.600
				,"percent": 96.73
				}
			,{
				"<=msec": 7.700
				,"percent": 96.95
				}
			,{
				"<=msec": 7.800
				,"percent": 97.13
				}
			,{
				"<=msec": 7.900
				,"percent": 97.34
				}
			,{
				"<=msec": 8.000
				,"percent": 97.51
				}
			,{
				"<=msec": 8.100
				,"percent": 97.63
				}
			,{
				"<=msec": 8.200
				,"percent": 97.76
				}
			,{
				"<=msec": 8.300
				,"percent": 97.89
				}
			,{
				"<=msec": 8.400
				,"percent": 98.02
				}
			,{
				"<=msec": 8.500
				,"percent": 98.12
				}
			,{
				"<=msec": 8.600
				,"percent": 98.25
				}
			,{
				"<=msec": 8.700
				,"percent": 98.35
				}
			,{
				"<=msec": 8.800
				,"percent": 98.43
				}
			,{
				"<=msec": 8.900
				,"percent": 98.49
				}
			,{
				"<=msec": 9.000
				,"percent": 98.57
				}
			,{
				"<=msec": 9.100
				,"percent": 98.63
				}
			,{
				"<=msec": 9.200
				,"percent": 98.72
				}
			,{
				"<=msec": 9.300
				,"percent": 98.78
				}
			,{
				"<=msec": 9.400
				,"percent": 98.83
				}
			,{
				"<=msec": 9.500
				,"percent": 98.88
				}
			,{
				"<=msec": 9.600
				,"percent": 98.95
				}
			,{
				"<=msec": 9.700
				,"percent": 99.02
				}
			,{
				"<=msec": 9.800
				,"percent": 99.07
				}
			,{
				"<=msec": 9.900
				,"percent": 99.13
				}
			,{
				"<=msec": 10.000
				,"percent": 99.36
				}
			,{
				"<=msec": 11.000
				,"percent": 99.64
				}
			,{
				"<=msec": 12.000
				,"percent": 99.78
				}
			,{
				"<=msec": 13.000
				,"percent": 99.86
				}
			,{
				"<=msec": 14.000
				,"percent": 99.88
				}
			,{
				"<=msec": 15.000
				,"percent": 99.91
				}
			,{
				"<=msec": 16.000
				,"percent": 99.94
				}
			,{
				"<=msec": 17.000
				,"percent": 99.96
				}
			,{
				"<=msec": 18.000
				,"percent": 99.97
				}
			,{
				"<=msec": 19.000
				,"percent": 99.97
				}
			,{
				"<=msec": 20.000
				,"percent": 99.99
				}
			,{
				"<=msec": 21.000
				,"percent": 99.99
				}
			,{
				"<=msec": 23.000
				,"percent": 100.00
				}
			,{
				"<=msec": 28.000
				,"percent": 100.00
				}
			]
		,"GET":[
			{
				"<=msec": 1.100
				,"percent": 0.01
				}
			,{
				"<=msec": 1.200
				,"percent": 0.16
				}
			,{
				"<=msec": 1.300
				,"percent": 1.13
				}
			,{
				"<=msec": 1.400
				,"percent": 3.90
				}
			,{
				"<=msec": 1.500
				,"percent": 9.32
				}
			,{
				"<=msec": 1.600
				,"percent": 16.85
				}
			,{
				"<=msec": 1.700
				,"percent": 25.96
				}
			,{
				"<=msec": 1.800
				,"percent": 34.97
				}
			,{
				"<=msec": 1.900
				,"percent": 44.01
				}
			,{
				"<=msec": 2.000
				,"percent": 51.62
				}
			,{
				"<=msec": 2.100
				,"percent": 58.10
				}
			,{
				"<=msec": 2.200
				,"percent": 63.85
				}
			,{
				"<=msec": 2.300
				,"percent": 68.69
				}
			,{
				"<=msec": 2.400
				,"percent": 72.72
				}
			,{
				"<=msec": 2.500
				,"percent": 75.72
				}
			,{
				"<=msec": 2.600
				,"percent": 78.19
				}
			,{
				"<=msec": 2.700
				,"percent": 80.33
				}
			,{
				"<=msec": 2.800
				,"percent": 82.09
				}
			,{
				"<=msec": 2.900
				,"percent": 83.64
				}
			,{
				"<=msec": 3.000
				,"percent": 85.02
				}
			,{
				"<=msec": 3.100
				,"percent": 86.11
				}
			,{
				"<=msec": 3.200
				,"percent": 87.01
				}
			,{
				"<=msec": 3.300
				,"percent": 87.78
				}
			,{
				"<=msec": 3.400
				,"percent": 88.59
				}
			,{
				"<=msec": 3.500
				,"percent": 89.28
				}
			,{
				"<=msec": 3.600
				,"percent": 89.94
				}
			,{
				"<=msec": 3.700
				,"percent": 90.50
				}
			,{
				"<=msec": 3.800
				,"percent": 90.97
				}
			,{
				"<=msec": 3.900
				,"percent": 91.47
				}
			,{
				"<=msec": 4.000
				,"percent": 91.92
				}
			,{
				"<=msec": 4.100
				,"percent": 92.33
				}
			,{
				"<=msec": 4.200
				,"percent": 92.71
				}
			,{
				"<=msec": 4.300
				,"percent": 93.02
				}
			,{
				"<=msec": 4.400
				,"percent": 93.31
				}
			,{
				"<=msec": 4.500
				,"percent": 93.57
				}
			,{
				"<=msec": 4.600
				,"percent": 93.82
				}
			,{
				"<=msec": 4.700
				,"percent": 94.08
				}
			,{
				"<=msec": 4.800
				,"percent": 94.27
				}
			,{
				"<=msec": 4.900
				,"percent": 94.48
				}
			,{
				"<=msec": 5.000
				,"percent": 94.67
				}
			,{
				"<=msec": 5.100
				,"percent": 94.87
				}
			,{
				"<=msec": 5.200
				,"percent": 95.11
				}
			,{
				"<=msec": 5.300
				,"percent": 95.27
				}
			,{
				"<=msec": 5.400
				,"percent": 95.46
				}
			,{
				"<=msec": 5.500
				,"percent": 95.56
				}
			,{
				"<=msec": 5.600
				,"percent": 95.71
				}
			,{
				"<=msec": 5.700
				,"percent": 95.83
				}
			,{
				"<=msec": 5.800
				,"percent": 96.01
				}
			,{
				"<=msec": 5.900
				,"percent": 96.14
				}
			,{
				"<=msec": 6.000
				,"percent": 96.27
				}
			,{
				"<=msec": 6.100
				,"percent": 96.46
				}
			,{
				"<=msec": 6.200
				,"percent": 96.60
				}
			,{
				"<=msec": 6.300
				,"percent": 96.76
				}
			,{
				"<=msec": 6.400
				,"percent": 96.90
				}
			,{
				"<=msec": 6.500
				,"percent": 97.02
				}
			,{
				"<=msec": 6.600
				,"percent": 97.20
				}
			,{
				"<=msec": 6.700
				,"percent": 97.31
				}
			,{
				"<=msec": 6.800
				,"percent": 97.44
				}
			,{
				"<=msec": 6.900
				,"percent": 97.60
				}
			,{
				"<=msec": 7.000
				,"percent": 97.69
				}
			,{
				"<=msec": 7.100
				,"percent": 97.84
				}
			,{
				"<=msec": 7.200
				,"percent": 97.98
				}
			,{
				"<=msec": 7.300
				,"percent": 98.08
				}
			,{
				"<=msec": 7.400
				,"percent": 98.17
				}
			,{
				"<=msec": 7.500
				,"percent": 98.26
				}
			,{
				"<=msec": 7.600
				,"percent": 98.36
				}
			,{
				"<=msec": 7.700
				,"percent": 98.47
				}
			,{
				"<=msec": 7.800
				,"percent": 98.56
				}
			,{
				"<=msec": 7.900
				,"percent": 98.63
				}
			,{
				"<=msec": 8.000
				,"percent": 98.72
				}
			,{
				"<=msec": 8.100
				,"percent": 98.79
				}
			,{
				"<=msec": 8.200
				,"percent": 98.84
				}
			,{
				"<=msec": 8.300
				,"percent": 98.91
				}
			,{
				"<=msec": 8.400
				,"percent": 98.95
				}
			,{
				"<=msec": 8.500
				,"percent": 99.01
				}
			,{
				"<=msec": 8.600
				,"percent": 99.06
				}
			,{
				"<=msec": 8.700
				,"percent": 99.10
				}
			,{
				"<=msec": 8.800
				,"percent": 99.16
				}
			,{
				"<=msec": 8.900
				,"percent": 99.21
				}
			,{
				"<=msec": 9.000
				,"percent": 99.25
				}
			,{
				"<=msec": 9.100
				,"percent": 99.27
				}
			,{
				"<=msec": 9.200
				,"percent": 99.29
				}
			,{
				"<=msec": 9.300
				,"percent": 99.33
				}
			,{
				"<=msec": 9.400
				,"percent": 99.36
				}
			,{
				"<=msec": 9.500
				,"percent": 99.38
				}
			,{
				"<=msec": 9.600
				,"percent": 99.41
				}
			,{
				"<=msec": 9.700
				,"percent": 99.43
				}
			,{
				"<=msec": 9.800
				,"percent": 99.45
				}
			,{
				"<=msec": 9.900
				,"percent": 99.48
				}
			,{
				"<=msec": 10.000
				,"percent": 99.59
				}
			,{
				"<=msec": 11.000
				,"percent": 99.79
				}
			,{
				"<=msec": 12.000
				,"percent": 99.90
				}
			,{
				"<=msec": 13.000
				,"percent": 99.92
				}
			,{
				"<=msec": 14.000
				,"percent": 99.94
				}
			,{
				"<=msec": 15.000
				,"percent": 99.95
				}
			,{
				"<=msec": 17.000
				,"percent": 99.96
				}
			,{
				"<=msec": 18.000
				,"percent": 99.97
				}
			,{
				"<=msec": 19.000
				,"percent": 99.98
				}
			,{
				"<=msec": 20.000
				,"percent": 99.99
				}
			,{
				"<=msec": 23.000
				,"percent": 100.00
				}
			,{
				"<=msec": 27.000
				,"percent": 100.00
				}
			]
		,"WAIT":[
		]
		}
	}
