{
	"configuration":{
		"server": "10.0.0.4"
		,"port": 11212
		,"unix socket": "(null)"
		,"protocol": "memcache_text"
		,"out_file": "(null)"
		,"client_stats": "(null)"
		,"run_count": 1
		,"debug": 0
		,"requests": 0
		,"clients": 2
		,"threads": 1
		,"test_time": 60
		,"ratio": "1:9"
		,"pipeline": 1
		,"data_size": 4096
		,"data_offset": 0
		,"random_data": "false"
		,"data_size_range": "0:0"
		,"data_size_list": ""
		,"data_size_pattern": "R"
		,"expiry_range": "9999:10000"
		,"data_import": "(null)"
		,"data_verify": "false"
		,"verify_only": "false"
		,"generate_keys": "false"
		,"key_prefix": "memtier-"
		,"key_minimum":           0
		,"key_maximum":        1000
		,"key_pattern": "R:R"
		,"key_stddev": 0.000000
		,"key_median": 0.000000
		,"reconnect_interval": 0
		,"multi_key_get": 9
		,"authenticate": ""
		,"select-db": 0
		,"no-expiry": "false"
		,"wait-ratio": "0:0"
		,"num-slaves": "0:0"
		,"wait-timeout": "0-0"
		}
	,"run information":{
		"Threads": 1
		,"Connections per thread": 2
		,"Seconds": 60
		}
	,"ALL STATS":{
		"Sets":{
			"Ops/sec": 166.27
			,"Hits/sec": 0.00
			,"Misses/sec": 0.00
			,"Latency": 6.47
			,"KB/sec": 671.46
			}
		,"Gets":{
			"Ops/sec": 166.23
			,"Hits/sec": 1496.09
			,"Misses/sec": 0.00
			,"Latency": 5.54
			,"KB/sec": 6044.12
			}
		,"Waits":{
			"Ops/sec": 0.00
			,"Hits/sec": 0.00
			,"Misses/sec": 0.00
			,"Latency": 0.00
			,"KB/sec": 0.00
			}
		,"Totals":{
			"Ops/sec": 332.50
			,"Hits/sec": 1496.09
			,"Misses/sec": 0.00
			,"Latency": 6.00
			,"KB/sec": 6715.57
			}
		,"SET":[
			{
				"<=msec": 1.300
				,"percent": 0.15
				}
			,{
				"<=msec": 1.400
				,"percent": 1.10
				}
			,{
				"<=msec": 1.500
				,"percent": 3.17
				}
			,{
				"<=msec": 1.600
				,"percent": 6.53
				}
			,{
				"<=msec": 1.700
				,"percent": 10.96
				}
			,{
				"<=msec": 1.800
				,"percent": 15.59
				}
			,{
				"<=msec": 1.900
				,"percent": 20.17
				}
			,{
				"<=msec": 2.000
				,"percent": 24.26
				}
			,{
				"<=msec": 2.100
				,"percent": 27.73
				}
			,{
				"<=msec": 2.200
				,"percent": 30.75
				}
			,{
				"<=msec": 2.300
				,"percent": 33.07
				}
			,{
				"<=msec": 2.400
				,"percent": 34.92
				}
			,{
				"<=msec": 2.500
				,"percent": 36.43
				}
			,{
				"<=msec": 2.600
				,"percent": 37.83
				}
			,{
				"<=msec": 2.700
				,"percent": 39.15
				}
			,{
				"<=msec": 2.800
				,"percent": 40.39
				}
			,{
				"<=msec": 2.900
				,"percent": 41.26
				}
			,{
				"<=msec": 3.000
				,"percent": 42.07
				}
			,{
				"<=msec": 3.100
				,"percent": 42.77
				}
			,{
				"<=msec": 3.200
				,"percent": 43.48
				}
			,{
				"<=msec": 3.300
				,"percent": 44.31
				}
			,{
				"<=msec": 3.400
				,"percent": 44.97
				}
			,{
				"<=msec": 3.500
				,"percent": 45.49
				}
			,{
				"<=msec": 3.600
				,"percent": 45.90
				}
			,{
				"<=msec": 3.700
				,"percent": 46.39
				}
			,{
				"<=msec": 3.800
				,"percent": 46.87
				}
			,{
				"<=msec": 3.900
				,"percent": 47.34
				}
			,{
				"<=msec": 4.000
				,"percent": 47.73
				}
			,{
				"<=msec": 4.100
				,"percent": 48.12
				}
			,{
				"<=msec": 4.200
				,"percent": 48.44
				}
			,{
				"<=msec": 4.300
				,"percent": 48.73
				}
			,{
				"<=msec": 4.400
				,"percent": 49.12
				}
			,{
				"<=msec": 4.500
				,"percent": 49.54
				}
			,{
				"<=msec": 4.600
				,"percent": 49.79
				}
			,{
				"<=msec": 4.700
				,"percent": 50.14
				}
			,{
				"<=msec": 4.800
				,"percent": 50.54
				}
			,{
				"<=msec": 4.900
				,"percent": 50.88
				}
			,{
				"<=msec": 5.000
				,"percent": 51.16
				}
			,{
				"<=msec": 5.100
				,"percent": 51.48
				}
			,{
				"<=msec": 5.200
				,"percent": 51.78
				}
			,{
				"<=msec": 5.300
				,"percent": 52.19
				}
			,{
				"<=msec": 5.400
				,"percent": 52.53
				}
			,{
				"<=msec": 5.500
				,"percent": 52.89
				}
			,{
				"<=msec": 5.600
				,"percent": 53.24
				}
			,{
				"<=msec": 5.700
				,"percent": 53.61
				}
			,{
				"<=msec": 5.800
				,"percent": 53.99
				}
			,{
				"<=msec": 5.900
				,"percent": 54.40
				}
			,{
				"<=msec": 6.000
				,"percent": 54.79
				}
			,{
				"<=msec": 6.100
				,"percent": 55.19
				}
			,{
				"<=msec": 6.200
				,"percent": 55.64
				}
			,{
				"<=msec": 6.300
				,"percent": 56.00
				}
			,{
				"<=msec": 6.400
				,"percent": 56.45
				}
			,{
				"<=msec": 6.500
				,"percent": 56.82
				}
			,{
				"<=msec": 6.600
				,"percent": 57.22
				}
			,{
				"<=msec": 6.700
				,"percent": 57.70
				}
			,{
				"<=msec": 6.800
				,"percent": 58.20
				}
			,{
				"<=msec": 6.900
				,"percent": 58.66
				}
			,{
				"<=msec": 7.000
				,"percent": 59.02
				}
			,{
				"<=msec": 7.100
				,"percent": 59.62
				}
			,{
				"<=msec": 7.200
				,"percent": 60.03
				}
			,{
				"<=msec": 7.300
				,"percent": 60.44
				}
			,{
				"<=msec": 7.400
				,"percent": 60.80
				}
			,{
				"<=msec": 7.500
				,"percent": 61.20
				}
			,{
				"<=msec": 7.600
				,"percent": 61.66
				}
			,{
				"<=msec": 7.700
				,"percent": 62.11
				}
			,{
				"<=msec": 7.800
				,"percent": 62.49
				}
			,{
				"<=msec": 7.900
				,"percent": 62.97
				}
			,{
				"<=msec": 8.000
				,"percent": 63.36
				}
			,{
				"<=msec": 8.100
				,"percent": 63.87
				}
			,{
				"<=msec": 8.200
				,"percent": 64.27
				}
			,{
				"<=msec": 8.300
				,"percent": 64.68
				}
			,{
				"<=msec": 8.400
				,"percent": 65.09
				}
			,{
				"<=msec": 8.500
				,"percent": 65.63
				}
			,{
				"<=msec": 8.600
				,"percent": 66.14
				}
			,{
				"<=msec": 8.700
				,"percent": 66.50
				}
			,{
				"<=msec": 8.800
				,"percent": 66.93
				}
			,{
				"<=msec": 8.900
				,"percent": 67.41
				}
			,{
				"<=msec": 9.000
				,"percent": 67.85
				}
			,{
				"<=msec": 9.100
				,"percent": 68.27
				}
			,{
				"<=msec": 9.200
				,"percent": 68.84
				}
			,{
				"<=msec": 9.300
				,"percent": 69.27
				}
			,{
				"<=msec": 9.400
				,"percent": 69.82
				}
			,{
				"<=msec": 9.500
				,"percent": 70.23
				}
			,{
				"<=msec": 9.600
				,"percent": 70.70
				}
			,{
				"<=msec": 9.700
				,"percent": 71.12
				}
			,{
				"<=msec": 9.800
				,"percent": 71.52
				}
			,{
				"<=msec": 9.900
				,"percent": 72.00
				}
			,{
				"<=msec": 10.000
				,"percent": 74.10
				}
			,{
				"<=msec": 11.000
				,"percent": 77.29
				}
			,{
				"<=msec": 12.000
				,"percent": 82.01
				}
			,{
				"<=msec": 13.000
				,"percent": 89.44
				}
			,{
				"<=msec": 14.000
				,"percent": 93.99
				}
			,{
				"<=msec": 15.000
				,"percent": 98.50
				}
			,{
				"<=msec": 16.000
				,"percent": 99.40
				}
			,{
				"<=msec": 17.000
				,"percent": 99.62
				}
			,{
				"<=msec": 18.000
				,"percent": 99.79
				}
			,{
				"<=msec": 19.000
				,"percent": 99.82
				}
			,{
				"<=msec": 21.000
				,"percent": 99.87
				}
			,{
				"<=msec": 22.000
				,"percent": 99.88
				}
			,{
				"<=msec": 23.000
				,"percent": 99.89
				}
			,{
				"<=msec": 24.000
				,"percent": 99.92
				}
			,{
				"<=msec": 25.000
				,"percent": 99.95
				}
			,{
				"<=msec": 27.000
				,"percent": 99.96
				}
			,{
				"<=msec": 28.000
				,"percent": 99.97
				}
			,{
				"<=msec": 29.000
				,"percent": 99.98
				}
			,{
				"<=msec": 34.000
				,"percent": 99.99
				}
			,{
				"<=msec": 43.000
				,"percent": 100.00
				}
			]
		,"GET":[
			{
				"<=msec": 1.500
				,"percent": 0.01
				}
			,{
				"<=msec": 1.600
				,"percent": 0.12
				}
			,{
				"<=msec": 1.700
				,"percent": 0.68
				}
			,{
				"<=msec": 1.800
				,"percent": 2.57
				}
			,{
				"<=msec": 1.900
				,"percent": 5.42
				}
			,{
				"<=msec": 2.000
				,"percent": 9.54
				}
			,{
				"<=msec": 2.100
				,"percent": 13.87
				}
			,{
				"<=msec": 2.200
				,"percent": 18.84
				}
			,{
				"<=msec": 2.300
				,"percent": 23.43
				}
			,{
				"<=msec": 2.400
				,"percent": 27.56
				}
			,{
				"<=msec": 2.500
				,"percent": 32.03
				}
			,{
				"<=msec": 2.600
				,"percent": 36.42
				}
			,{
				"<=msec": 2.700
				,"percent": 40.41
				}
			,{
				"<=msec": 2.800
				,"percent": 44.17
				}
			,{
				"<=msec": 2.900
				,"percent": 47.62
				}
			,{
				"<=msec": 3.000
				,"percent": 50.87
				}
			,{
				"<=msec": 3.100
				,"percent": 53.47
				}
			,{
				"<=msec": 3.200
				,"percent": 56.10
				}
			,{
				"<=msec": 3.300
				,"percent": 58.55
				}
			,{
				"<=msec": 3.400
				,"percent": 60.30
				}
			,{
				"<=msec": 3.500
				,"percent": 61.88
				}
			,{
				"<=msec": 3.600
				,"percent": 63.39
				}
			,{
				"<=msec": 3.700
				,"percent": 64.62
				}
			,{
				"<=msec": 3.800
				,"percent": 65.64
				}
			,{
				"<=msec": 3.900
				,"percent": 66.45
				}
			,{
				"<=msec": 4.000
				,"percent": 67.20
				}
			,{
				"<=msec": 4.100
				,"percent": 67.79
				}
			,{
				"<=msec": 4.200
				,"percent": 68.41
				}
			,{
				"<=msec": 4.300
				,"percent": 68.93
				}
			,{
				"<=msec": 4.400
				,"percent": 69.35
				}
			,{
				"<=msec": 4.500
				,"percent": 69.66
				}
			,{
				"<=msec": 4.600
				,"percent": 70.05
				}
			,{
				"<=msec": 4.700
				,"percent": 70.42
				}
			,{
				"<=msec": 4.800
				,"percent": 70.81
				}
			,{
				"<=msec": 4.900
				,"percent": 71.08
				}
			,{
				"<=msec": 5.000
				,"percent": 71.32
				}
			,{
				"<=msec": 5.100
				,"percent": 71.58
				}
			,{
				"<=msec": 5.200
				,"percent": 71.85
				}
			,{
				"<=msec": 5.300
				,"percent": 72.08
				}
			,{
				"<=msec": 5.400
				,"percent": 72.25
				}
			,{
				"<=msec": 5.500
				,"percent": 72.45
				}
			,{
				"<=msec": 5.600
				,"percent": 72.61
				}
			,{
				"<=msec": 5.700
				,"percent": 72.76
				}
			,{
				"<=msec": 5.800
				,"percent": 72.96
				}
			,{
				"<=msec": 5.900
				,"percent": 73.19
				}
			,{
				"<=msec": 6.000
				,"percent": 73.32
				}
			,{
				"<=msec": 6.100
				,"percent": 73.55
				}
			,{
				"<=msec": 6.200
				,"percent": 73.70
				}
			,{
				"<=msec": 6.300
				,"percent": 73.91
				}
			,{
				"<=msec": 6.400
				,"percent": 74.07
				}
			,{
				"<=msec": 6.500
				,"percent": 74.24
				}
			,{
				"<=msec": 6.600
				,"percent": 74.42
				}
			,{
				"<=msec": 6.700
				,"percent": 74.55
				}
			,{
				"<=msec": 6.800
				,"percent": 74.64
				}
			,{
				"<=msec": 6.900
				,"percent": 74.81
				}
			,{
				"<=msec": 7.000
				,"percent": 74.98
				}
			,{
				"<=msec": 7.100
				,"percent": 75.23
				}
			,{
				"<=msec": 7.200
				,"percent": 75.45
				}
			,{
				"<=msec": 7.300
				,"percent": 75.65
				}
			,{
				"<=msec": 7.400
				,"percent": 75.84
				}
			,{
				"<=msec": 7.500
				,"percent": 76.01
				}
			,{
				"<=msec": 7.600
				,"percent": 76.25
				}
			,{
				"<=msec": 7.700
				,"percent": 76.38
				}
			,{
				"<=msec": 7.800
				,"percent": 76.58
				}
			,{
				"<=msec": 7.900
				,"percent": 76.78
				}
			,{
				"<=msec": 8.000
				,"percent": 76.94
				}
			,{
				"<=msec": 8.100
				,"percent": 77.15
				}
			,{
				"<=msec": 8.200
				,"percent": 77.33
				}
			,{
				"<=msec": 8.300
				,"percent": 77.46
				}
			,{
				"<=msec": 8.400
				,"percent": 77.58
				}
			,{
				"<=msec": 8.500
				,"percent": 77.73
				}
			,{
				"<=msec": 8.600
				,"percent": 77.88
				}
			,{
				"<=msec": 8.700
				,"percent": 78.06
				}
			,{
				"<=msec": 8.800
				,"percent": 78.15
				}
			,{
				"<=msec": 8.900
				,"percent": 78.29
				}
			,{
				"<=msec": 9.000
				,"percent": 78.42
				}
			,{
				"<=msec": 9.100
				,"percent": 78.55
				}
			,{
				"<=msec": 9.200
				,"percent": 78.68
				}
			,{
				"<=msec": 9.300
				,"percent": 78.86
				}
			,{
				"<=msec": 9.400
				,"percent": 79.01
				}
			,{
				"<=msec": 9.500
				,"percent": 79.15
				}
			,{
				"<=msec": 9.600
				,"percent": 79.34
				}
			,{
				"<=msec": 9.700
				,"percent": 79.43
				}
			,{
				"<=msec": 9.800
				,"percent": 79.58
				}
			,{
				"<=msec": 9.900
				,"percent": 79.81
				}
			,{
				"<=msec": 10.000
				,"percent": 80.75
				}
			,{
				"<=msec": 11.000
				,"percent": 83.12
				}
			,{
				"<=msec": 12.000
				,"percent": 86.19
				}
			,{
				"<=msec": 13.000
				,"percent": 88.86
				}
			,{
				"<=msec": 14.000
				,"percent": 90.98
				}
			,{
				"<=msec": 15.000
				,"percent": 92.35
				}
			,{
				"<=msec": 16.000
				,"percent": 96.65
				}
			,{
				"<=msec": 17.000
				,"percent": 98.18
				}
			,{
				"<=msec": 18.000
				,"percent": 98.54
				}
			,{
				"<=msec": 19.000
				,"percent": 98.79
				}
			,{
				"<=msec": 20.000
				,"percent": 98.86
				}
			,{
				"<=msec": 21.000
				,"percent": 98.97
				}
			,{
				"<=msec": 22.000
				,"percent": 99.04
				}
			,{
				"<=msec": 23.000
				,"percent": 99.17
				}
			,{
				"<=msec": 24.000
				,"percent": 99.25
				}
			,{
				"<=msec": 25.000
				,"percent": 99.33
				}
			,{
				"<=msec": 26.000
				,"percent": 99.41
				}
			,{
				"<=msec": 27.000
				,"percent": 99.61
				}
			,{
				"<=msec": 28.000
				,"percent": 99.70
				}
			,{
				"<=msec": 29.000
				,"percent": 99.83
				}
			,{
				"<=msec": 30.000
				,"percent": 99.90
				}
			,{
				"<=msec": 31.000
				,"percent": 99.93
				}
			,{
				"<=msec": 32.000
				,"percent": 99.99
				}
			,{
				"<=msec": 41.000
				,"percent": 100.00
				}
			]
		,"WAIT":[
		]
		}
	}
