{
	"configuration":{
		"server": "10.0.0.4"
		,"port": 11212
		,"unix socket": "(null)"
		,"protocol": "memcache_text"
		,"out_file": "(null)"
		,"client_stats": "(null)"
		,"run_count": 1
		,"debug": 0
		,"requests": 0
		,"clients": 2
		,"threads": 1
		,"test_time": 60
		,"ratio": "1:3"
		,"pipeline": 1
		,"data_size": 4096
		,"data_offset": 0
		,"random_data": "false"
		,"data_size_range": "0:0"
		,"data_size_list": ""
		,"data_size_pattern": "R"
		,"expiry_range": "9999:10000"
		,"data_import": "(null)"
		,"data_verify": "false"
		,"verify_only": "false"
		,"generate_keys": "false"
		,"key_prefix": "memtier-"
		,"key_minimum":           0
		,"key_maximum":        1000
		,"key_pattern": "R:R"
		,"key_stddev": 0.000000
		,"key_median": 0.000000
		,"reconnect_interval": 0
		,"multi_key_get": 3
		,"authenticate": ""
		,"select-db": 0
		,"no-expiry": "false"
		,"wait-ratio": "0:0"
		,"num-slaves": "0:0"
		,"wait-timeout": "0-0"
		}
	,"run information":{
		"Threads": 1
		,"Connections per thread": 2
		,"Seconds": 60
		}
	,"ALL STATS":{
		"Sets":{
			"Ops/sec": 384.13
			,"Hits/sec": 0.00
			,"Misses/sec": 0.00
			,"Latency": 2.71
			,"KB/sec": 1551.29
			}
		,"Gets":{
			"Ops/sec": 384.09
			,"Hits/sec": 1152.28
			,"Misses/sec": 0.00
			,"Latency": 2.48
			,"KB/sec": 4657.64
			}
		,"Waits":{
			"Ops/sec": 0.00
			,"Hits/sec": 0.00
			,"Misses/sec": 0.00
			,"Latency": 0.00
			,"KB/sec": 0.00
			}
		,"Totals":{
			"Ops/sec": 768.22
			,"Hits/sec": 1152.28
			,"Misses/sec": 0.00
			,"Latency": 2.60
			,"KB/sec": 6208.92
			}
		,"SET":[
			{
				"<=msec": 1.100
				,"percent": 0.00
				}
			,{
				"<=msec": 1.200
				,"percent": 0.21
				}
			,{
				"<=msec": 1.300
				,"percent": 1.43
				}
			,{
				"<=msec": 1.400
				,"percent": 4.94
				}
			,{
				"<=msec": 1.500
				,"percent": 11.65
				}
			,{
				"<=msec": 1.600
				,"percent": 20.11
				}
			,{
				"<=msec": 1.700
				,"percent": 29.32
				}
			,{
				"<=msec": 1.800
				,"percent": 37.88
				}
			,{
				"<=msec": 1.900
				,"percent": 45.30
				}
			,{
				"<=msec": 2.000
				,"percent": 51.50
				}
			,{
				"<=msec": 2.100
				,"percent": 56.76
				}
			,{
				"<=msec": 2.200
				,"percent": 60.88
				}
			,{
				"<=msec": 2.300
				,"percent": 64.70
				}
			,{
				"<=msec": 2.400
				,"percent": 67.88
				}
			,{
				"<=msec": 2.500
				,"percent": 70.26
				}
			,{
				"<=msec": 2.600
				,"percent": 72.34
				}
			,{
				"<=msec": 2.700
				,"percent": 74.20
				}
			,{
				"<=msec": 2.800
				,"percent": 75.72
				}
			,{
				"<=msec": 2.900
				,"percent": 77.18
				}
			,{
				"<=msec": 3.000
				,"percent": 78.32
				}
			,{
				"<=msec": 3.100
				,"percent": 79.47
				}
			,{
				"<=msec": 3.200
				,"percent": 80.45
				}
			,{
				"<=msec": 3.300
				,"percent": 81.39
				}
			,{
				"<=msec": 3.400
				,"percent": 82.25
				}
			,{
				"<=msec": 3.500
				,"percent": 83.05
				}
			,{
				"<=msec": 3.600
				,"percent": 83.78
				}
			,{
				"<=msec": 3.700
				,"percent": 84.48
				}
			,{
				"<=msec": 3.800
				,"percent": 85.05
				}
			,{
				"<=msec": 3.900
				,"percent": 85.66
				}
			,{
				"<=msec": 4.000
				,"percent": 86.19
				}
			,{
				"<=msec": 4.100
				,"percent": 86.71
				}
			,{
				"<=msec": 4.200
				,"percent": 87.15
				}
			,{
				"<=msec": 4.300
				,"percent": 87.56
				}
			,{
				"<=msec": 4.400
				,"percent": 87.99
				}
			,{
				"<=msec": 4.500
				,"percent": 88.34
				}
			,{
				"<=msec": 4.600
				,"percent": 88.65
				}
			,{
				"<=msec": 4.700
				,"percent": 89.01
				}
			,{
				"<=msec": 4.800
				,"percent": 89.35
				}
			,{
				"<=msec": 4.900
				,"percent": 89.73
				}
			,{
				"<=msec": 5.000
				,"percent": 90.15
				}
			,{
				"<=msec": 5.100
				,"percent": 90.41
				}
			,{
				"<=msec": 5.200
				,"percent": 90.71
				}
			,{
				"<=msec": 5.300
				,"percent": 90.99
				}
			,{
				"<=msec": 5.400
				,"percent": 91.24
				}
			,{
				"<=msec": 5.500
				,"percent": 91.49
				}
			,{
				"<=msec": 5.600
				,"percent": 91.77
				}
			,{
				"<=msec": 5.700
				,"percent": 92.01
				}
			,{
				"<=msec": 5.800
				,"percent": 92.27
				}
			,{
				"<=msec": 5.900
				,"percent": 92.58
				}
			,{
				"<=msec": 6.000
				,"percent": 92.84
				}
			,{
				"<=msec": 6.100
				,"percent": 93.09
				}
			,{
				"<=msec": 6.200
				,"percent": 93.36
				}
			,{
				"<=msec": 6.300
				,"percent": 93.60
				}
			,{
				"<=msec": 6.400
				,"percent": 93.83
				}
			,{
				"<=msec": 6.500
				,"percent": 94.03
				}
			,{
				"<=msec": 6.600
				,"percent": 94.30
				}
			,{
				"<=msec": 6.700
				,"percent": 94.53
				}
			,{
				"<=msec": 6.800
				,"percent": 94.80
				}
			,{
				"<=msec": 6.900
				,"percent": 95.05
				}
			,{
				"<=msec": 7.000
				,"percent": 95.31
				}
			,{
				"<=msec": 7.100
				,"percent": 95.60
				}
			,{
				"<=msec": 7.200
				,"percent": 95.80
				}
			,{
				"<=msec": 7.300
				,"percent": 96.10
				}
			,{
				"<=msec": 7.400
				,"percent": 96.31
				}
			,{
				"<=msec": 7.500
				,"percent": 96.53
				}
			,{
				"<=msec": 7.600
				,"percent": 96.76
				}
			,{
				"<=msec": 7.700
				,"percent": 96.95
				}
			,{
				"<=msec": 7.800
				,"percent": 97.17
				}
			,{
				"<=msec": 7.900
				,"percent": 97.36
				}
			,{
				"<=msec": 8.000
				,"percent": 97.58
				}
			,{
				"<=msec": 8.100
				,"percent": 97.72
				}
			,{
				"<=msec": 8.200
				,"percent": 97.90
				}
			,{
				"<=msec": 8.300
				,"percent": 97.99
				}
			,{
				"<=msec": 8.400
				,"percent": 98.10
				}
			,{
				"<=msec": 8.500
				,"percent": 98.21
				}
			,{
				"<=msec": 8.600
				,"percent": 98.29
				}
			,{
				"<=msec": 8.700
				,"percent": 98.41
				}
			,{
				"<=msec": 8.800
				,"percent": 98.49
				}
			,{
				"<=msec": 8.900
				,"percent": 98.55
				}
			,{
				"<=msec": 9.000
				,"percent": 98.63
				}
			,{
				"<=msec": 9.100
				,"percent": 98.71
				}
			,{
				"<=msec": 9.200
				,"percent": 98.75
				}
			,{
				"<=msec": 9.300
				,"percent": 98.83
				}
			,{
				"<=msec": 9.400
				,"percent": 98.90
				}
			,{
				"<=msec": 9.500
				,"percent": 98.97
				}
			,{
				"<=msec": 9.600
				,"percent": 99.05
				}
			,{
				"<=msec": 9.700
				,"percent": 99.09
				}
			,{
				"<=msec": 9.800
				,"percent": 99.14
				}
			,{
				"<=msec": 9.900
				,"percent": 99.17
				}
			,{
				"<=msec": 10.000
				,"percent": 99.38
				}
			,{
				"<=msec": 11.000
				,"percent": 99.61
				}
			,{
				"<=msec": 12.000
				,"percent": 99.77
				}
			,{
				"<=msec": 13.000
				,"percent": 99.85
				}
			,{
				"<=msec": 14.000
				,"percent": 99.87
				}
			,{
				"<=msec": 15.000
				,"percent": 99.89
				}
			,{
				"<=msec": 16.000
				,"percent": 99.91
				}
			,{
				"<=msec": 17.000
				,"percent": 99.94
				}
			,{
				"<=msec": 18.000
				,"percent": 99.96
				}
			,{
				"<=msec": 19.000
				,"percent": 99.97
				}
			,{
				"<=msec": 23.000
				,"percent": 99.98
				}
			,{
				"<=msec": 26.000
				,"percent": 99.99
				}
			,{
				"<=msec": 31.000
				,"percent": 99.99
				}
			,{
				"<=msec": 34.000
				,"percent": 100.00
				}
			,{
				"<=msec": 210.000
				,"percent": 100.00
				}
			]
		,"GET":[
			{
				"<=msec": 1.100
				,"percent": 0.00
				}
			,{
				"<=msec": 1.200
				,"percent": 0.15
				}
			,{
				"<=msec": 1.300
				,"percent": 0.85
				}
			,{
				"<=msec": 1.400
				,"percent": 3.06
				}
			,{
				"<=msec": 1.500
				,"percent": 7.51
				}
			,{
				"<=msec": 1.600
				,"percent": 14.34
				}
			,{
				"<=msec": 1.700
				,"percent": 22.78
				}
			,{
				"<=msec": 1.800
				,"percent": 31.73
				}
			,{
				"<=msec": 1.900
				,"percent": 40.84
				}
			,{
				"<=msec": 2.000
				,"percent": 48.99
				}
			,{
				"<=msec": 2.100
				,"percent": 55.88
				}
			,{
				"<=msec": 2.200
				,"percent": 62.14
				}
			,{
				"<=msec": 2.300
				,"percent": 67.34
				}
			,{
				"<=msec": 2.400
				,"percent": 71.45
				}
			,{
				"<=msec": 2.500
				,"percent": 74.96
				}
			,{
				"<=msec": 2.600
				,"percent": 77.63
				}
			,{
				"<=msec": 2.700
				,"percent": 79.82
				}
			,{
				"<=msec": 2.800
				,"percent": 81.87
				}
			,{
				"<=msec": 2.900
				,"percent": 83.52
				}
			,{
				"<=msec": 3.000
				,"percent": 84.97
				}
			,{
				"<=msec": 3.100
				,"percent": 86.03
				}
			,{
				"<=msec": 3.200
				,"percent": 86.93
				}
			,{
				"<=msec": 3.300
				,"percent": 87.85
				}
			,{
				"<=msec": 3.400
				,"percent": 88.66
				}
			,{
				"<=msec": 3.500
				,"percent": 89.36
				}
			,{
				"<=msec": 3.600
				,"percent": 90.02
				}
			,{
				"<=msec": 3.700
				,"percent": 90.64
				}
			,{
				"<=msec": 3.800
				,"percent": 91.14
				}
			,{
				"<=msec": 3.900
				,"percent": 91.64
				}
			,{
				"<=msec": 4.000
				,"percent": 92.02
				}
			,{
				"<=msec": 4.100
				,"percent": 92.40
				}
			,{
				"<=msec": 4.200
				,"percent": 92.74
				}
			,{
				"<=msec": 4.300
				,"percent": 93.11
				}
			,{
				"<=msec": 4.400
				,"percent": 93.41
				}
			,{
				"<=msec": 4.500
				,"percent": 93.63
				}
			,{
				"<=msec": 4.600
				,"percent": 93.84
				}
			,{
				"<=msec": 4.700
				,"percent": 94.07
				}
			,{
				"<=msec": 4.800
				,"percent": 94.26
				}
			,{
				"<=msec": 4.900
				,"percent": 94.45
				}
			,{
				"<=msec": 5.000
				,"percent": 94.65
				}
			,{
				"<=msec": 5.100
				,"percent": 94.88
				}
			,{
				"<=msec": 5.200
				,"percent": 95.09
				}
			,{
				"<=msec": 5.300
				,"percent": 95.30
				}
			,{
				"<=msec": 5.400
				,"percent": 95.47
				}
			,{
				"<=msec": 5.500
				,"percent": 95.66
				}
			,{
				"<=msec": 5.600
				,"percent": 95.83
				}
			,{
				"<=msec": 5.700
				,"percent": 95.99
				}
			,{
				"<=msec": 5.800
				,"percent": 96.12
				}
			,{
				"<=msec": 5.900
				,"percent": 96.27
				}
			,{
				"<=msec": 6.000
				,"percent": 96.40
				}
			,{
				"<=msec": 6.100
				,"percent": 96.58
				}
			,{
				"<=msec": 6.200
				,"percent": 96.71
				}
			,{
				"<=msec": 6.300
				,"percent": 96.86
				}
			,{
				"<=msec": 6.400
				,"percent": 96.99
				}
			,{
				"<=msec": 6.500
				,"percent": 97.12
				}
			,{
				"<=msec": 6.600
				,"percent": 97.24
				}
			,{
				"<=msec": 6.700
				,"percent": 97.40
				}
			,{
				"<=msec": 6.800
				,"percent": 97.50
				}
			,{
				"<=msec": 6.900
				,"percent": 97.59
				}
			,{
				"<=msec": 7.000
				,"percent": 97.71
				}
			,{
				"<=msec": 7.100
				,"percent": 97.85
				}
			,{
				"<=msec": 7.200
				,"percent": 97.94
				}
			,{
				"<=msec": 7.300
				,"percent": 98.06
				}
			,{
				"<=msec": 7.400
				,"percent": 98.14
				}
			,{
				"<=msec": 7.500
				,"percent": 98.26
				}
			,{
				"<=msec": 7.600
				,"percent": 98.37
				}
			,{
				"<=msec": 7.700
				,"percent": 98.42
				}
			,{
				"<=msec": 7.800
				,"percent": 98.49
				}
			,{
				"<=msec": 7.900
				,"percent": 98.58
				}
			,{
				"<=msec": 8.000
				,"percent": 98.66
				}
			,{
				"<=msec": 8.100
				,"percent": 98.72
				}
			,{
				"<=msec": 8.200
				,"percent": 98.77
				}
			,{
				"<=msec": 8.300
				,"percent": 98.83
				}
			,{
				"<=msec": 8.400
				,"percent": 98.88
				}
			,{
				"<=msec": 8.500
				,"percent": 98.92
				}
			,{
				"<=msec": 8.600
				,"percent": 98.98
				}
			,{
				"<=msec": 8.700
				,"percent": 99.02
				}
			,{
				"<=msec": 8.800
				,"percent": 99.07
				}
			,{
				"<=msec": 8.900
				,"percent": 99.12
				}
			,{
				"<=msec": 9.000
				,"percent": 99.15
				}
			,{
				"<=msec": 9.100
				,"percent": 99.19
				}
			,{
				"<=msec": 9.200
				,"percent": 99.22
				}
			,{
				"<=msec": 9.300
				,"percent": 99.28
				}
			,{
				"<=msec": 9.400
				,"percent": 99.32
				}
			,{
				"<=msec": 9.500
				,"percent": 99.34
				}
			,{
				"<=msec": 9.600
				,"percent": 99.37
				}
			,{
				"<=msec": 9.700
				,"percent": 99.40
				}
			,{
				"<=msec": 9.800
				,"percent": 99.41
				}
			,{
				"<=msec": 9.900
				,"percent": 99.44
				}
			,{
				"<=msec": 10.000
				,"percent": 99.57
				}
			,{
				"<=msec": 11.000
				,"percent": 99.72
				}
			,{
				"<=msec": 12.000
				,"percent": 99.85
				}
			,{
				"<=msec": 13.000
				,"percent": 99.91
				}
			,{
				"<=msec": 14.000
				,"percent": 99.94
				}
			,{
				"<=msec": 15.000
				,"percent": 99.96
				}
			,{
				"<=msec": 16.000
				,"percent": 99.98
				}
			,{
				"<=msec": 17.000
				,"percent": 99.98
				}
			,{
				"<=msec": 20.000
				,"percent": 99.99
				}
			,{
				"<=msec": 23.000
				,"percent": 99.99
				}
			,{
				"<=msec": 38.000
				,"percent": 100.00
				}
			,{
				"<=msec": 43.000
				,"percent": 100.00
				}
			]
		,"WAIT":[
		]
		}
	}
