{
	"configuration":{
		"server": "10.0.0.4"
		,"port": 11212
		,"unix socket": "(null)"
		,"protocol": "memcache_text"
		,"out_file": "(null)"
		,"client_stats": "(null)"
		,"run_count": 1
		,"debug": 0
		,"requests": 0
		,"clients": 2
		,"threads": 1
		,"test_time": 60
		,"ratio": "1:3"
		,"pipeline": 1
		,"data_size": 4096
		,"data_offset": 0
		,"random_data": "false"
		,"data_size_range": "0:0"
		,"data_size_list": ""
		,"data_size_pattern": "R"
		,"expiry_range": "9999:10000"
		,"data_import": "(null)"
		,"data_verify": "false"
		,"verify_only": "false"
		,"generate_keys": "false"
		,"key_prefix": "memtier-"
		,"key_minimum":           0
		,"key_maximum":        1000
		,"key_pattern": "R:R"
		,"key_stddev": 0.000000
		,"key_median": 0.000000
		,"reconnect_interval": 0
		,"multi_key_get": 3
		,"authenticate": ""
		,"select-db": 0
		,"no-expiry": "false"
		,"wait-ratio": "0:0"
		,"num-slaves": "0:0"
		,"wait-timeout": "0-0"
		}
	,"run information":{
		"Threads": 1
		,"Connections per thread": 2
		,"Seconds": 60
		}
	,"ALL STATS":{
		"Sets":{
			"Ops/sec": 402.06
			,"Hits/sec": 0.00
			,"Misses/sec": 0.00
			,"Latency": 2.58
			,"KB/sec": 1623.70
			}
		,"Gets":{
			"Ops/sec": 402.04
			,"Hits/sec": 1206.13
			,"Misses/sec": 0.00
			,"Latency": 2.38
			,"KB/sec": 4875.28
			}
		,"Waits":{
			"Ops/sec": 0.00
			,"Hits/sec": 0.00
			,"Misses/sec": 0.00
			,"Latency": 0.00
			,"KB/sec": 0.00
			}
		,"Totals":{
			"Ops/sec": 804.10
			,"Hits/sec": 1206.13
			,"Misses/sec": 0.00
			,"Latency": 2.48
			,"KB/sec": 6498.98
			}
		,"SET":[
			{
				"<=msec": 1.100
				,"percent": 0.00
				}
			,{
				"<=msec": 1.200
				,"percent": 0.18
				}
			,{
				"<=msec": 1.300
				,"percent": 1.54
				}
			,{
				"<=msec": 1.400
				,"percent": 5.58
				}
			,{
				"<=msec": 1.500
				,"percent": 12.98
				}
			,{
				"<=msec": 1.600
				,"percent": 21.87
				}
			,{
				"<=msec": 1.700
				,"percent": 31.60
				}
			,{
				"<=msec": 1.800
				,"percent": 41.27
				}
			,{
				"<=msec": 1.900
				,"percent": 49.63
				}
			,{
				"<=msec": 2.000
				,"percent": 56.52
				}
			,{
				"<=msec": 2.100
				,"percent": 62.15
				}
			,{
				"<=msec": 2.200
				,"percent": 66.44
				}
			,{
				"<=msec": 2.300
				,"percent": 69.96
				}
			,{
				"<=msec": 2.400
				,"percent": 72.73
				}
			,{
				"<=msec": 2.500
				,"percent": 75.01
				}
			,{
				"<=msec": 2.600
				,"percent": 76.84
				}
			,{
				"<=msec": 2.700
				,"percent": 78.37
				}
			,{
				"<=msec": 2.800
				,"percent": 79.70
				}
			,{
				"<=msec": 2.900
				,"percent": 80.80
				}
			,{
				"<=msec": 3.000
				,"percent": 81.78
				}
			,{
				"<=msec": 3.100
				,"percent": 82.72
				}
			,{
				"<=msec": 3.200
				,"percent": 83.40
				}
			,{
				"<=msec": 3.300
				,"percent": 83.96
				}
			,{
				"<=msec": 3.400
				,"percent": 84.65
				}
			,{
				"<=msec": 3.500
				,"percent": 85.30
				}
			,{
				"<=msec": 3.600
				,"percent": 85.88
				}
			,{
				"<=msec": 3.700
				,"percent": 86.39
				}
			,{
				"<=msec": 3.800
				,"percent": 86.86
				}
			,{
				"<=msec": 3.900
				,"percent": 87.36
				}
			,{
				"<=msec": 4.000
				,"percent": 87.94
				}
			,{
				"<=msec": 4.100
				,"percent": 88.38
				}
			,{
				"<=msec": 4.200
				,"percent": 88.75
				}
			,{
				"<=msec": 4.300
				,"percent": 89.08
				}
			,{
				"<=msec": 4.400
				,"percent": 89.43
				}
			,{
				"<=msec": 4.500
				,"percent": 89.72
				}
			,{
				"<=msec": 4.600
				,"percent": 90.06
				}
			,{
				"<=msec": 4.700
				,"percent": 90.33
				}
			,{
				"<=msec": 4.800
				,"percent": 90.65
				}
			,{
				"<=msec": 4.900
				,"percent": 90.88
				}
			,{
				"<=msec": 5.000
				,"percent": 91.13
				}
			,{
				"<=msec": 5.100
				,"percent": 91.38
				}
			,{
				"<=msec": 5.200
				,"percent": 91.66
				}
			,{
				"<=msec": 5.300
				,"percent": 91.93
				}
			,{
				"<=msec": 5.400
				,"percent": 92.16
				}
			,{
				"<=msec": 5.500
				,"percent": 92.41
				}
			,{
				"<=msec": 5.600
				,"percent": 92.65
				}
			,{
				"<=msec": 5.700
				,"percent": 92.85
				}
			,{
				"<=msec": 5.800
				,"percent": 93.12
				}
			,{
				"<=msec": 5.900
				,"percent": 93.36
				}
			,{
				"<=msec": 6.000
				,"percent": 93.67
				}
			,{
				"<=msec": 6.100
				,"percent": 93.89
				}
			,{
				"<=msec": 6.200
				,"percent": 94.09
				}
			,{
				"<=msec": 6.300
				,"percent": 94.30
				}
			,{
				"<=msec": 6.400
				,"percent": 94.54
				}
			,{
				"<=msec": 6.500
				,"percent": 94.80
				}
			,{
				"<=msec": 6.600
				,"percent": 95.01
				}
			,{
				"<=msec": 6.700
				,"percent": 95.25
				}
			,{
				"<=msec": 6.800
				,"percent": 95.51
				}
			,{
				"<=msec": 6.900
				,"percent": 95.71
				}
			,{
				"<=msec": 7.000
				,"percent": 95.94
				}
			,{
				"<=msec": 7.100
				,"percent": 96.15
				}
			,{
				"<=msec": 7.200
				,"percent": 96.36
				}
			,{
				"<=msec": 7.300
				,"percent": 96.57
				}
			,{
				"<=msec": 7.400
				,"percent": 96.80
				}
			,{
				"<=msec": 7.500
				,"percent": 97.01
				}
			,{
				"<=msec": 7.600
				,"percent": 97.20
				}
			,{
				"<=msec": 7.700
				,"percent": 97.45
				}
			,{
				"<=msec": 7.800
				,"percent": 97.55
				}
			,{
				"<=msec": 7.900
				,"percent": 97.70
				}
			,{
				"<=msec": 8.000
				,"percent": 97.86
				}
			,{
				"<=msec": 8.100
				,"percent": 97.98
				}
			,{
				"<=msec": 8.200
				,"percent": 98.11
				}
			,{
				"<=msec": 8.300
				,"percent": 98.20
				}
			,{
				"<=msec": 8.400
				,"percent": 98.31
				}
			,{
				"<=msec": 8.500
				,"percent": 98.39
				}
			,{
				"<=msec": 8.600
				,"percent": 98.47
				}
			,{
				"<=msec": 8.700
				,"percent": 98.52
				}
			,{
				"<=msec": 8.800
				,"percent": 98.60
				}
			,{
				"<=msec": 8.900
				,"percent": 98.69
				}
			,{
				"<=msec": 9.000
				,"percent": 98.74
				}
			,{
				"<=msec": 9.100
				,"percent": 98.79
				}
			,{
				"<=msec": 9.200
				,"percent": 98.87
				}
			,{
				"<=msec": 9.300
				,"percent": 98.93
				}
			,{
				"<=msec": 9.400
				,"percent": 98.97
				}
			,{
				"<=msec": 9.500
				,"percent": 99.03
				}
			,{
				"<=msec": 9.600
				,"percent": 99.07
				}
			,{
				"<=msec": 9.700
				,"percent": 99.11
				}
			,{
				"<=msec": 9.800
				,"percent": 99.15
				}
			,{
				"<=msec": 9.900
				,"percent": 99.18
				}
			,{
				"<=msec": 10.000
				,"percent": 99.37
				}
			,{
				"<=msec": 11.000
				,"percent": 99.66
				}
			,{
				"<=msec": 12.000
				,"percent": 99.79
				}
			,{
				"<=msec": 13.000
				,"percent": 99.84
				}
			,{
				"<=msec": 14.000
				,"percent": 99.89
				}
			,{
				"<=msec": 15.000
				,"percent": 99.93
				}
			,{
				"<=msec": 16.000
				,"percent": 99.95
				}
			,{
				"<=msec": 17.000
				,"percent": 99.96
				}
			,{
				"<=msec": 18.000
				,"percent": 99.98
				}
			,{
				"<=msec": 19.000
				,"percent": 99.98
				}
			,{
				"<=msec": 20.000
				,"percent": 99.99
				}
			,{
				"<=msec": 21.000
				,"percent": 100.00
				}
			,{
				"<=msec": 38.000
				,"percent": 100.00
				}
			]
		,"GET":[
			{
				"<=msec": 1.200
				,"percent": 0.16
				}
			,{
				"<=msec": 1.300
				,"percent": 0.92
				}
			,{
				"<=msec": 1.400
				,"percent": 3.35
				}
			,{
				"<=msec": 1.500
				,"percent": 8.20
				}
			,{
				"<=msec": 1.600
				,"percent": 15.85
				}
			,{
				"<=msec": 1.700
				,"percent": 25.25
				}
			,{
				"<=msec": 1.800
				,"percent": 35.08
				}
			,{
				"<=msec": 1.900
				,"percent": 44.93
				}
			,{
				"<=msec": 2.000
				,"percent": 54.18
				}
			,{
				"<=msec": 2.100
				,"percent": 61.64
				}
			,{
				"<=msec": 2.200
				,"percent": 67.77
				}
			,{
				"<=msec": 2.300
				,"percent": 72.83
				}
			,{
				"<=msec": 2.400
				,"percent": 76.72
				}
			,{
				"<=msec": 2.500
				,"percent": 79.86
				}
			,{
				"<=msec": 2.600
				,"percent": 82.31
				}
			,{
				"<=msec": 2.700
				,"percent": 84.19
				}
			,{
				"<=msec": 2.800
				,"percent": 85.86
				}
			,{
				"<=msec": 2.900
				,"percent": 87.03
				}
			,{
				"<=msec": 3.000
				,"percent": 88.03
				}
			,{
				"<=msec": 3.100
				,"percent": 89.04
				}
			,{
				"<=msec": 3.200
				,"percent": 89.83
				}
			,{
				"<=msec": 3.300
				,"percent": 90.43
				}
			,{
				"<=msec": 3.400
				,"percent": 90.98
				}
			,{
				"<=msec": 3.500
				,"percent": 91.42
				}
			,{
				"<=msec": 3.600
				,"percent": 91.87
				}
			,{
				"<=msec": 3.700
				,"percent": 92.19
				}
			,{
				"<=msec": 3.800
				,"percent": 92.53
				}
			,{
				"<=msec": 3.900
				,"percent": 92.88
				}
			,{
				"<=msec": 4.000
				,"percent": 93.15
				}
			,{
				"<=msec": 4.100
				,"percent": 93.44
				}
			,{
				"<=msec": 4.200
				,"percent": 93.66
				}
			,{
				"<=msec": 4.300
				,"percent": 93.91
				}
			,{
				"<=msec": 4.400
				,"percent": 94.16
				}
			,{
				"<=msec": 4.500
				,"percent": 94.40
				}
			,{
				"<=msec": 4.600
				,"percent": 94.61
				}
			,{
				"<=msec": 4.700
				,"percent": 94.83
				}
			,{
				"<=msec": 4.800
				,"percent": 95.00
				}
			,{
				"<=msec": 4.900
				,"percent": 95.19
				}
			,{
				"<=msec": 5.000
				,"percent": 95.30
				}
			,{
				"<=msec": 5.100
				,"percent": 95.49
				}
			,{
				"<=msec": 5.200
				,"percent": 95.61
				}
			,{
				"<=msec": 5.300
				,"percent": 95.74
				}
			,{
				"<=msec": 5.400
				,"percent": 95.92
				}
			,{
				"<=msec": 5.500
				,"percent": 96.05
				}
			,{
				"<=msec": 5.600
				,"percent": 96.17
				}
			,{
				"<=msec": 5.700
				,"percent": 96.31
				}
			,{
				"<=msec": 5.800
				,"percent": 96.46
				}
			,{
				"<=msec": 5.900
				,"percent": 96.58
				}
			,{
				"<=msec": 6.000
				,"percent": 96.71
				}
			,{
				"<=msec": 6.100
				,"percent": 96.86
				}
			,{
				"<=msec": 6.200
				,"percent": 96.96
				}
			,{
				"<=msec": 6.300
				,"percent": 97.10
				}
			,{
				"<=msec": 6.400
				,"percent": 97.25
				}
			,{
				"<=msec": 6.500
				,"percent": 97.35
				}
			,{
				"<=msec": 6.600
				,"percent": 97.44
				}
			,{
				"<=msec": 6.700
				,"percent": 97.57
				}
			,{
				"<=msec": 6.800
				,"percent": 97.65
				}
			,{
				"<=msec": 6.900
				,"percent": 97.75
				}
			,{
				"<=msec": 7.000
				,"percent": 97.85
				}
			,{
				"<=msec": 7.100
				,"percent": 97.97
				}
			,{
				"<=msec": 7.200
				,"percent": 98.09
				}
			,{
				"<=msec": 7.300
				,"percent": 98.22
				}
			,{
				"<=msec": 7.400
				,"percent": 98.32
				}
			,{
				"<=msec": 7.500
				,"percent": 98.42
				}
			,{
				"<=msec": 7.600
				,"percent": 98.47
				}
			,{
				"<=msec": 7.700
				,"percent": 98.54
				}
			,{
				"<=msec": 7.800
				,"percent": 98.63
				}
			,{
				"<=msec": 7.900
				,"percent": 98.71
				}
			,{
				"<=msec": 8.000
				,"percent": 98.76
				}
			,{
				"<=msec": 8.100
				,"percent": 98.85
				}
			,{
				"<=msec": 8.200
				,"percent": 98.90
				}
			,{
				"<=msec": 8.300
				,"percent": 98.96
				}
			,{
				"<=msec": 8.400
				,"percent": 99.01
				}
			,{
				"<=msec": 8.500
				,"percent": 99.05
				}
			,{
				"<=msec": 8.600
				,"percent": 99.09
				}
			,{
				"<=msec": 8.700
				,"percent": 99.14
				}
			,{
				"<=msec": 8.800
				,"percent": 99.18
				}
			,{
				"<=msec": 8.900
				,"percent": 99.22
				}
			,{
				"<=msec": 9.000
				,"percent": 99.25
				}
			,{
				"<=msec": 9.100
				,"percent": 99.32
				}
			,{
				"<=msec": 9.200
				,"percent": 99.34
				}
			,{
				"<=msec": 9.300
				,"percent": 99.36
				}
			,{
				"<=msec": 9.400
				,"percent": 99.37
				}
			,{
				"<=msec": 9.500
				,"percent": 99.41
				}
			,{
				"<=msec": 9.600
				,"percent": 99.44
				}
			,{
				"<=msec": 9.700
				,"percent": 99.47
				}
			,{
				"<=msec": 9.800
				,"percent": 99.50
				}
			,{
				"<=msec": 9.900
				,"percent": 99.51
				}
			,{
				"<=msec": 10.000
				,"percent": 99.61
				}
			,{
				"<=msec": 11.000
				,"percent": 99.76
				}
			,{
				"<=msec": 12.000
				,"percent": 99.85
				}
			,{
				"<=msec": 13.000
				,"percent": 99.89
				}
			,{
				"<=msec": 14.000
				,"percent": 99.91
				}
			,{
				"<=msec": 15.000
				,"percent": 99.94
				}
			,{
				"<=msec": 16.000
				,"percent": 99.97
				}
			,{
				"<=msec": 17.000
				,"percent": 99.97
				}
			,{
				"<=msec": 18.000
				,"percent": 99.98
				}
			,{
				"<=msec": 19.000
				,"percent": 99.98
				}
			,{
				"<=msec": 24.000
				,"percent": 99.99
				}
			,{
				"<=msec": 27.000
				,"percent": 99.99
				}
			,{
				"<=msec": 30.000
				,"percent": 100.00
				}
			,{
				"<=msec": 42.000
				,"percent": 100.00
				}
			]
		,"WAIT":[
		]
		}
	}
