{
	"configuration":{
		"server": "10.0.0.4"
		,"port": 11212
		,"unix socket": "(null)"
		,"protocol": "memcache_text"
		,"out_file": "(null)"
		,"client_stats": "(null)"
		,"run_count": 1
		,"debug": 0
		,"requests": 0
		,"clients": 2
		,"threads": 1
		,"test_time": 60
		,"ratio": "1:1"
		,"pipeline": 1
		,"data_size": 4096
		,"data_offset": 0
		,"random_data": "false"
		,"data_size_range": "0:0"
		,"data_size_list": ""
		,"data_size_pattern": "R"
		,"expiry_range": "9999:10000"
		,"data_import": "(null)"
		,"data_verify": "false"
		,"verify_only": "false"
		,"generate_keys": "false"
		,"key_prefix": "memtier-"
		,"key_minimum":           0
		,"key_maximum":        1000
		,"key_pattern": "R:R"
		,"key_stddev": 0.000000
		,"key_median": 0.000000
		,"reconnect_interval": 0
		,"multi_key_get": 1
		,"authenticate": ""
		,"select-db": 0
		,"no-expiry": "false"
		,"wait-ratio": "0:0"
		,"num-slaves": "0:0"
		,"wait-timeout": "0-0"
		}
	,"run information":{
		"Threads": 1
		,"Connections per thread": 2
		,"Seconds": 60
		}
	,"ALL STATS":{
		"Sets":{
			"Ops/sec": 392.36
			,"Hits/sec": 0.00
			,"Misses/sec": 0.00
			,"Latency": 2.85
			,"KB/sec": 1584.54
			}
		,"Gets":{
			"Ops/sec": 392.34
			,"Hits/sec": 392.34
			,"Misses/sec": 0.00
			,"Latency": 2.23
			,"KB/sec": 1588.45
			}
		,"Waits":{
			"Ops/sec": 0.00
			,"Hits/sec": 0.00
			,"Misses/sec": 0.00
			,"Latency": 0.00
			,"KB/sec": 0.00
			}
		,"Totals":{
			"Ops/sec": 784.71
			,"Hits/sec": 392.34
			,"Misses/sec": 0.00
			,"Latency": 2.54
			,"KB/sec": 3172.99
			}
		,"SET":[
			{
				"<=msec": 1.100
				,"percent": 0.03
				}
			,{
				"<=msec": 1.200
				,"percent": 0.30
				}
			,{
				"<=msec": 1.300
				,"percent": 2.13
				}
			,{
				"<=msec": 1.400
				,"percent": 7.27
				}
			,{
				"<=msec": 1.500
				,"percent": 15.67
				}
			,{
				"<=msec": 1.600
				,"percent": 25.83
				}
			,{
				"<=msec": 1.700
				,"percent": 35.94
				}
			,{
				"<=msec": 1.800
				,"percent": 44.49
				}
			,{
				"<=msec": 1.900
				,"percent": 51.51
				}
			,{
				"<=msec": 2.000
				,"percent": 57.67
				}
			,{
				"<=msec": 2.100
				,"percent": 62.41
				}
			,{
				"<=msec": 2.200
				,"percent": 66.27
				}
			,{
				"<=msec": 2.300
				,"percent": 69.13
				}
			,{
				"<=msec": 2.400
				,"percent": 71.60
				}
			,{
				"<=msec": 2.500
				,"percent": 73.59
				}
			,{
				"<=msec": 2.600
				,"percent": 75.19
				}
			,{
				"<=msec": 2.700
				,"percent": 76.56
				}
			,{
				"<=msec": 2.800
				,"percent": 77.73
				}
			,{
				"<=msec": 2.900
				,"percent": 78.60
				}
			,{
				"<=msec": 3.000
				,"percent": 79.58
				}
			,{
				"<=msec": 3.100
				,"percent": 80.48
				}
			,{
				"<=msec": 3.200
				,"percent": 81.21
				}
			,{
				"<=msec": 3.300
				,"percent": 81.88
				}
			,{
				"<=msec": 3.400
				,"percent": 82.56
				}
			,{
				"<=msec": 3.500
				,"percent": 83.18
				}
			,{
				"<=msec": 3.600
				,"percent": 83.76
				}
			,{
				"<=msec": 3.700
				,"percent": 84.27
				}
			,{
				"<=msec": 3.800
				,"percent": 84.81
				}
			,{
				"<=msec": 3.900
				,"percent": 85.26
				}
			,{
				"<=msec": 4.000
				,"percent": 85.80
				}
			,{
				"<=msec": 4.100
				,"percent": 86.22
				}
			,{
				"<=msec": 4.200
				,"percent": 86.69
				}
			,{
				"<=msec": 4.300
				,"percent": 87.13
				}
			,{
				"<=msec": 4.400
				,"percent": 87.57
				}
			,{
				"<=msec": 4.500
				,"percent": 87.91
				}
			,{
				"<=msec": 4.600
				,"percent": 88.31
				}
			,{
				"<=msec": 4.700
				,"percent": 88.72
				}
			,{
				"<=msec": 4.800
				,"percent": 89.11
				}
			,{
				"<=msec": 4.900
				,"percent": 89.55
				}
			,{
				"<=msec": 5.000
				,"percent": 89.92
				}
			,{
				"<=msec": 5.100
				,"percent": 90.29
				}
			,{
				"<=msec": 5.200
				,"percent": 90.58
				}
			,{
				"<=msec": 5.300
				,"percent": 90.88
				}
			,{
				"<=msec": 5.400
				,"percent": 91.20
				}
			,{
				"<=msec": 5.500
				,"percent": 91.48
				}
			,{
				"<=msec": 5.600
				,"percent": 91.74
				}
			,{
				"<=msec": 5.700
				,"percent": 91.99
				}
			,{
				"<=msec": 5.800
				,"percent": 92.23
				}
			,{
				"<=msec": 5.900
				,"percent": 92.56
				}
			,{
				"<=msec": 6.000
				,"percent": 92.82
				}
			,{
				"<=msec": 6.100
				,"percent": 93.16
				}
			,{
				"<=msec": 6.200
				,"percent": 93.42
				}
			,{
				"<=msec": 6.300
				,"percent": 93.67
				}
			,{
				"<=msec": 6.400
				,"percent": 93.91
				}
			,{
				"<=msec": 6.500
				,"percent": 94.19
				}
			,{
				"<=msec": 6.600
				,"percent": 94.52
				}
			,{
				"<=msec": 6.700
				,"percent": 94.79
				}
			,{
				"<=msec": 6.800
				,"percent": 95.08
				}
			,{
				"<=msec": 6.900
				,"percent": 95.38
				}
			,{
				"<=msec": 7.000
				,"percent": 95.60
				}
			,{
				"<=msec": 7.100
				,"percent": 95.82
				}
			,{
				"<=msec": 7.200
				,"percent": 96.02
				}
			,{
				"<=msec": 7.300
				,"percent": 96.20
				}
			,{
				"<=msec": 7.400
				,"percent": 96.35
				}
			,{
				"<=msec": 7.500
				,"percent": 96.52
				}
			,{
				"<=msec": 7.600
				,"percent": 96.68
				}
			,{
				"<=msec": 7.700
				,"percent": 96.86
				}
			,{
				"<=msec": 7.800
				,"percent": 96.97
				}
			,{
				"<=msec": 7.900
				,"percent": 97.12
				}
			,{
				"<=msec": 8.000
				,"percent": 97.25
				}
			,{
				"<=msec": 8.100
				,"percent": 97.43
				}
			,{
				"<=msec": 8.200
				,"percent": 97.60
				}
			,{
				"<=msec": 8.300
				,"percent": 97.73
				}
			,{
				"<=msec": 8.400
				,"percent": 97.86
				}
			,{
				"<=msec": 8.500
				,"percent": 97.98
				}
			,{
				"<=msec": 8.600
				,"percent": 98.11
				}
			,{
				"<=msec": 8.700
				,"percent": 98.21
				}
			,{
				"<=msec": 8.800
				,"percent": 98.27
				}
			,{
				"<=msec": 8.900
				,"percent": 98.39
				}
			,{
				"<=msec": 9.000
				,"percent": 98.50
				}
			,{
				"<=msec": 9.100
				,"percent": 98.57
				}
			,{
				"<=msec": 9.200
				,"percent": 98.65
				}
			,{
				"<=msec": 9.300
				,"percent": 98.71
				}
			,{
				"<=msec": 9.400
				,"percent": 98.76
				}
			,{
				"<=msec": 9.500
				,"percent": 98.81
				}
			,{
				"<=msec": 9.600
				,"percent": 98.85
				}
			,{
				"<=msec": 9.700
				,"percent": 98.90
				}
			,{
				"<=msec": 9.800
				,"percent": 98.94
				}
			,{
				"<=msec": 9.900
				,"percent": 98.98
				}
			,{
				"<=msec": 10.000
				,"percent": 99.21
				}
			,{
				"<=msec": 11.000
				,"percent": 99.46
				}
			,{
				"<=msec": 12.000
				,"percent": 99.62
				}
			,{
				"<=msec": 13.000
				,"percent": 99.70
				}
			,{
				"<=msec": 14.000
				,"percent": 99.77
				}
			,{
				"<=msec": 15.000
				,"percent": 99.80
				}
			,{
				"<=msec": 16.000
				,"percent": 99.82
				}
			,{
				"<=msec": 17.000
				,"percent": 99.83
				}
			,{
				"<=msec": 18.000
				,"percent": 99.84
				}
			,{
				"<=msec": 19.000
				,"percent": 99.86
				}
			,{
				"<=msec": 20.000
				,"percent": 99.86
				}
			,{
				"<=msec": 21.000
				,"percent": 99.87
				}
			,{
				"<=msec": 22.000
				,"percent": 99.89
				}
			,{
				"<=msec": 23.000
				,"percent": 99.90
				}
			,{
				"<=msec": 24.000
				,"percent": 99.91
				}
			,{
				"<=msec": 28.000
				,"percent": 99.91
				}
			,{
				"<=msec": 35.000
				,"percent": 99.92
				}
			,{
				"<=msec": 52.000
				,"percent": 99.92
				}
			,{
				"<=msec": 69.000
				,"percent": 99.92
				}
			,{
				"<=msec": 70.000
				,"percent": 99.93
				}
			,{
				"<=msec": 71.000
				,"percent": 99.93
				}
			,{
				"<=msec": 76.000
				,"percent": 99.94
				}
			,{
				"<=msec": 89.000
				,"percent": 99.94
				}
			,{
				"<=msec": 93.000
				,"percent": 99.94
				}
			,{
				"<=msec": 130.000
				,"percent": 99.95
				}
			,{
				"<=msec": 140.000
				,"percent": 99.95
				}
			,{
				"<=msec": 150.000
				,"percent": 99.96
				}
			,{
				"<=msec": 160.000
				,"percent": 99.96
				}
			,{
				"<=msec": 190.000
				,"percent": 99.97
				}
			,{
				"<=msec": 230.000
				,"percent": 99.97
				}
			,{
				"<=msec": 240.000
				,"percent": 99.97
				}
			,{
				"<=msec": 380.000
				,"percent": 99.98
				}
			,{
				"<=msec": 430.000
				,"percent": 99.98
				}
			,{
				"<=msec": 520.000
				,"percent": 99.99
				}
			,{
				"<=msec": 600.000
				,"percent": 99.99
				}
			,{
				"<=msec": 700.000
				,"percent": 100.00
				}
			,{
				"<=msec": 720.000
				,"percent": 100.00
				}
			]
		,"GET":[
			{
				"<=msec": 0.940
				,"percent": 0.00
				}
			,{
				"<=msec": 0.980
				,"percent": 0.01
				}
			,{
				"<=msec": 0.990
				,"percent": 0.03
				}
			,{
				"<=msec": 1.000
				,"percent": 0.24
				}
			,{
				"<=msec": 1.100
				,"percent": 2.11
				}
			,{
				"<=msec": 1.200
				,"percent": 8.87
				}
			,{
				"<=msec": 1.300
				,"percent": 20.49
				}
			,{
				"<=msec": 1.400
				,"percent": 33.95
				}
			,{
				"<=msec": 1.500
				,"percent": 46.40
				}
			,{
				"<=msec": 1.600
				,"percent": 56.44
				}
			,{
				"<=msec": 1.700
				,"percent": 63.94
				}
			,{
				"<=msec": 1.800
				,"percent": 69.84
				}
			,{
				"<=msec": 1.900
				,"percent": 74.24
				}
			,{
				"<=msec": 2.000
				,"percent": 77.57
				}
			,{
				"<=msec": 2.100
				,"percent": 80.11
				}
			,{
				"<=msec": 2.200
				,"percent": 81.95
				}
			,{
				"<=msec": 2.300
				,"percent": 83.50
				}
			,{
				"<=msec": 2.400
				,"percent": 84.73
				}
			,{
				"<=msec": 2.500
				,"percent": 85.73
				}
			,{
				"<=msec": 2.600
				,"percent": 86.46
				}
			,{
				"<=msec": 2.700
				,"percent": 87.22
				}
			,{
				"<=msec": 2.800
				,"percent": 88.00
				}
			,{
				"<=msec": 2.900
				,"percent": 88.64
				}
			,{
				"<=msec": 3.000
				,"percent": 89.21
				}
			,{
				"<=msec": 3.100
				,"percent": 89.66
				}
			,{
				"<=msec": 3.200
				,"percent": 90.13
				}
			,{
				"<=msec": 3.300
				,"percent": 90.60
				}
			,{
				"<=msec": 3.400
				,"percent": 90.98
				}
			,{
				"<=msec": 3.500
				,"percent": 91.38
				}
			,{
				"<=msec": 3.600
				,"percent": 91.70
				}
			,{
				"<=msec": 3.700
				,"percent": 92.05
				}
			,{
				"<=msec": 3.800
				,"percent": 92.37
				}
			,{
				"<=msec": 3.900
				,"percent": 92.65
				}
			,{
				"<=msec": 4.000
				,"percent": 92.97
				}
			,{
				"<=msec": 4.100
				,"percent": 93.19
				}
			,{
				"<=msec": 4.200
				,"percent": 93.43
				}
			,{
				"<=msec": 4.300
				,"percent": 93.65
				}
			,{
				"<=msec": 4.400
				,"percent": 93.90
				}
			,{
				"<=msec": 4.500
				,"percent": 94.15
				}
			,{
				"<=msec": 4.600
				,"percent": 94.35
				}
			,{
				"<=msec": 4.700
				,"percent": 94.58
				}
			,{
				"<=msec": 4.800
				,"percent": 94.79
				}
			,{
				"<=msec": 4.900
				,"percent": 94.97
				}
			,{
				"<=msec": 5.000
				,"percent": 95.18
				}
			,{
				"<=msec": 5.100
				,"percent": 95.35
				}
			,{
				"<=msec": 5.200
				,"percent": 95.57
				}
			,{
				"<=msec": 5.300
				,"percent": 95.75
				}
			,{
				"<=msec": 5.400
				,"percent": 95.95
				}
			,{
				"<=msec": 5.500
				,"percent": 96.08
				}
			,{
				"<=msec": 5.600
				,"percent": 96.20
				}
			,{
				"<=msec": 5.700
				,"percent": 96.33
				}
			,{
				"<=msec": 5.800
				,"percent": 96.50
				}
			,{
				"<=msec": 5.900
				,"percent": 96.63
				}
			,{
				"<=msec": 6.000
				,"percent": 96.79
				}
			,{
				"<=msec": 6.100
				,"percent": 96.92
				}
			,{
				"<=msec": 6.200
				,"percent": 97.04
				}
			,{
				"<=msec": 6.300
				,"percent": 97.18
				}
			,{
				"<=msec": 6.400
				,"percent": 97.31
				}
			,{
				"<=msec": 6.500
				,"percent": 97.47
				}
			,{
				"<=msec": 6.600
				,"percent": 97.67
				}
			,{
				"<=msec": 6.700
				,"percent": 97.83
				}
			,{
				"<=msec": 6.800
				,"percent": 98.02
				}
			,{
				"<=msec": 6.900
				,"percent": 98.18
				}
			,{
				"<=msec": 7.000
				,"percent": 98.30
				}
			,{
				"<=msec": 7.100
				,"percent": 98.40
				}
			,{
				"<=msec": 7.200
				,"percent": 98.47
				}
			,{
				"<=msec": 7.300
				,"percent": 98.55
				}
			,{
				"<=msec": 7.400
				,"percent": 98.63
				}
			,{
				"<=msec": 7.500
				,"percent": 98.69
				}
			,{
				"<=msec": 7.600
				,"percent": 98.76
				}
			,{
				"<=msec": 7.700
				,"percent": 98.81
				}
			,{
				"<=msec": 7.800
				,"percent": 98.85
				}
			,{
				"<=msec": 7.900
				,"percent": 98.89
				}
			,{
				"<=msec": 8.000
				,"percent": 98.95
				}
			,{
				"<=msec": 8.100
				,"percent": 99.02
				}
			,{
				"<=msec": 8.200
				,"percent": 99.07
				}
			,{
				"<=msec": 8.300
				,"percent": 99.12
				}
			,{
				"<=msec": 8.400
				,"percent": 99.17
				}
			,{
				"<=msec": 8.500
				,"percent": 99.21
				}
			,{
				"<=msec": 8.600
				,"percent": 99.22
				}
			,{
				"<=msec": 8.700
				,"percent": 99.27
				}
			,{
				"<=msec": 8.800
				,"percent": 99.29
				}
			,{
				"<=msec": 8.900
				,"percent": 99.33
				}
			,{
				"<=msec": 9.000
				,"percent": 99.36
				}
			,{
				"<=msec": 9.100
				,"percent": 99.38
				}
			,{
				"<=msec": 9.200
				,"percent": 99.41
				}
			,{
				"<=msec": 9.300
				,"percent": 99.43
				}
			,{
				"<=msec": 9.400
				,"percent": 99.43
				}
			,{
				"<=msec": 9.500
				,"percent": 99.46
				}
			,{
				"<=msec": 9.600
				,"percent": 99.50
				}
			,{
				"<=msec": 9.700
				,"percent": 99.52
				}
			,{
				"<=msec": 9.800
				,"percent": 99.53
				}
			,{
				"<=msec": 9.900
				,"percent": 99.56
				}
			,{
				"<=msec": 10.000
				,"percent": 99.66
				}
			,{
				"<=msec": 11.000
				,"percent": 99.76
				}
			,{
				"<=msec": 12.000
				,"percent": 99.84
				}
			,{
				"<=msec": 13.000
				,"percent": 99.86
				}
			,{
				"<=msec": 14.000
				,"percent": 99.86
				}
			,{
				"<=msec": 15.000
				,"percent": 99.88
				}
			,{
				"<=msec": 16.000
				,"percent": 99.89
				}
			,{
				"<=msec": 17.000
				,"percent": 99.90
				}
			,{
				"<=msec": 19.000
				,"percent": 99.91
				}
			,{
				"<=msec": 34.000
				,"percent": 99.91
				}
			,{
				"<=msec": 40.000
				,"percent": 99.92
				}
			,{
				"<=msec": 41.000
				,"percent": 99.92
				}
			,{
				"<=msec": 67.000
				,"percent": 99.93
				}
			,{
				"<=msec": 71.000
				,"percent": 99.93
				}
			,{
				"<=msec": 72.000
				,"percent": 99.94
				}
			,{
				"<=msec": 81.000
				,"percent": 99.94
				}
			,{
				"<=msec": 100.000
				,"percent": 99.94
				}
			,{
				"<=msec": 140.000
				,"percent": 99.96
				}
			,{
				"<=msec": 150.000
				,"percent": 99.96
				}
			,{
				"<=msec": 200.000
				,"percent": 99.97
				}
			,{
				"<=msec": 220.000
				,"percent": 99.97
				}
			,{
				"<=msec": 390.000
				,"percent": 99.97
				}
			,{
				"<=msec": 410.000
				,"percent": 99.98
				}
			,{
				"<=msec": 460.000
				,"percent": 99.98
				}
			,{
				"<=msec": 480.000
				,"percent": 99.99
				}
			,{
				"<=msec": 510.000
				,"percent": 99.99
				}
			,{
				"<=msec": 540.000
				,"percent": 100.00
				}
			,{
				"<=msec": 570.000
				,"percent": 100.00
				}
			]
		,"WAIT":[
		]
		}
	}
