{
	"configuration":{
		"server": "10.0.0.4"
		,"port": 11212
		,"unix socket": "(null)"
		,"protocol": "memcache_text"
		,"out_file": "(null)"
		,"client_stats": "(null)"
		,"run_count": 1
		,"debug": 0
		,"requests": 0
		,"clients": 2
		,"threads": 1
		,"test_time": 60
		,"ratio": "1:6"
		,"pipeline": 1
		,"data_size": 4096
		,"data_offset": 0
		,"random_data": "false"
		,"data_size_range": "0:0"
		,"data_size_list": ""
		,"data_size_pattern": "R"
		,"expiry_range": "9999:10000"
		,"data_import": "(null)"
		,"data_verify": "false"
		,"verify_only": "false"
		,"generate_keys": "false"
		,"key_prefix": "memtier-"
		,"key_minimum":           0
		,"key_maximum":        1000
		,"key_pattern": "R:R"
		,"key_stddev": 0.000000
		,"key_median": 0.000000
		,"reconnect_interval": 0
		,"multi_key_get": 6
		,"authenticate": ""
		,"select-db": 0
		,"no-expiry": "false"
		,"wait-ratio": "0:0"
		,"num-slaves": "0:0"
		,"wait-timeout": "0-0"
		}
	,"run information":{
		"Threads": 1
		,"Connections per thread": 2
		,"Seconds": 60
		}
	,"ALL STATS":{
		"Sets":{
			"Ops/sec": 241.49
			,"Hits/sec": 0.00
			,"Misses/sec": 0.00
			,"Latency": 4.24
			,"KB/sec": 975.26
			}
		,"Gets":{
			"Ops/sec": 241.49
			,"Hits/sec": 1448.96
			,"Misses/sec": 0.00
			,"Latency": 4.02
			,"KB/sec": 5854.47
			}
		,"Waits":{
			"Ops/sec": 0.00
			,"Hits/sec": 0.00
			,"Misses/sec": 0.00
			,"Latency": 0.00
			,"KB/sec": 0.00
			}
		,"Totals":{
			"Ops/sec": 482.99
			,"Hits/sec": 1448.96
			,"Misses/sec": 0.00
			,"Latency": 4.13
			,"KB/sec": 6829.73
			}
		,"SET":[
			{
				"<=msec": 1.100
				,"percent": 0.01
				}
			,{
				"<=msec": 1.200
				,"percent": 0.08
				}
			,{
				"<=msec": 1.300
				,"percent": 0.72
				}
			,{
				"<=msec": 1.400
				,"percent": 2.89
				}
			,{
				"<=msec": 1.500
				,"percent": 7.62
				}
			,{
				"<=msec": 1.600
				,"percent": 14.04
				}
			,{
				"<=msec": 1.700
				,"percent": 21.17
				}
			,{
				"<=msec": 1.800
				,"percent": 27.90
				}
			,{
				"<=msec": 1.900
				,"percent": 34.44
				}
			,{
				"<=msec": 2.000
				,"percent": 39.70
				}
			,{
				"<=msec": 2.100
				,"percent": 43.80
				}
			,{
				"<=msec": 2.200
				,"percent": 46.99
				}
			,{
				"<=msec": 2.300
				,"percent": 49.61
				}
			,{
				"<=msec": 2.400
				,"percent": 51.79
				}
			,{
				"<=msec": 2.500
				,"percent": 53.35
				}
			,{
				"<=msec": 2.600
				,"percent": 54.83
				}
			,{
				"<=msec": 2.700
				,"percent": 56.01
				}
			,{
				"<=msec": 2.800
				,"percent": 57.02
				}
			,{
				"<=msec": 2.900
				,"percent": 58.07
				}
			,{
				"<=msec": 3.000
				,"percent": 59.03
				}
			,{
				"<=msec": 3.100
				,"percent": 59.63
				}
			,{
				"<=msec": 3.200
				,"percent": 60.30
				}
			,{
				"<=msec": 3.300
				,"percent": 60.90
				}
			,{
				"<=msec": 3.400
				,"percent": 61.52
				}
			,{
				"<=msec": 3.500
				,"percent": 62.04
				}
			,{
				"<=msec": 3.600
				,"percent": 62.48
				}
			,{
				"<=msec": 3.700
				,"percent": 63.04
				}
			,{
				"<=msec": 3.800
				,"percent": 63.50
				}
			,{
				"<=msec": 3.900
				,"percent": 63.90
				}
			,{
				"<=msec": 4.000
				,"percent": 64.34
				}
			,{
				"<=msec": 4.100
				,"percent": 64.71
				}
			,{
				"<=msec": 4.200
				,"percent": 65.16
				}
			,{
				"<=msec": 4.300
				,"percent": 65.53
				}
			,{
				"<=msec": 4.400
				,"percent": 66.05
				}
			,{
				"<=msec": 4.500
				,"percent": 66.46
				}
			,{
				"<=msec": 4.600
				,"percent": 66.88
				}
			,{
				"<=msec": 4.700
				,"percent": 67.27
				}
			,{
				"<=msec": 4.800
				,"percent": 67.69
				}
			,{
				"<=msec": 4.900
				,"percent": 68.14
				}
			,{
				"<=msec": 5.000
				,"percent": 68.55
				}
			,{
				"<=msec": 5.100
				,"percent": 68.97
				}
			,{
				"<=msec": 5.200
				,"percent": 69.39
				}
			,{
				"<=msec": 5.300
				,"percent": 69.83
				}
			,{
				"<=msec": 5.400
				,"percent": 70.17
				}
			,{
				"<=msec": 5.500
				,"percent": 70.55
				}
			,{
				"<=msec": 5.600
				,"percent": 70.92
				}
			,{
				"<=msec": 5.700
				,"percent": 71.28
				}
			,{
				"<=msec": 5.800
				,"percent": 71.71
				}
			,{
				"<=msec": 5.900
				,"percent": 72.13
				}
			,{
				"<=msec": 6.000
				,"percent": 72.57
				}
			,{
				"<=msec": 6.100
				,"percent": 72.91
				}
			,{
				"<=msec": 6.200
				,"percent": 73.33
				}
			,{
				"<=msec": 6.300
				,"percent": 73.77
				}
			,{
				"<=msec": 6.400
				,"percent": 74.22
				}
			,{
				"<=msec": 6.500
				,"percent": 74.67
				}
			,{
				"<=msec": 6.600
				,"percent": 75.03
				}
			,{
				"<=msec": 6.700
				,"percent": 75.40
				}
			,{
				"<=msec": 6.800
				,"percent": 75.87
				}
			,{
				"<=msec": 6.900
				,"percent": 76.29
				}
			,{
				"<=msec": 7.000
				,"percent": 76.72
				}
			,{
				"<=msec": 7.100
				,"percent": 77.27
				}
			,{
				"<=msec": 7.200
				,"percent": 77.70
				}
			,{
				"<=msec": 7.300
				,"percent": 78.19
				}
			,{
				"<=msec": 7.400
				,"percent": 78.71
				}
			,{
				"<=msec": 7.500
				,"percent": 79.14
				}
			,{
				"<=msec": 7.600
				,"percent": 79.58
				}
			,{
				"<=msec": 7.700
				,"percent": 80.09
				}
			,{
				"<=msec": 7.800
				,"percent": 80.52
				}
			,{
				"<=msec": 7.900
				,"percent": 80.98
				}
			,{
				"<=msec": 8.000
				,"percent": 81.54
				}
			,{
				"<=msec": 8.100
				,"percent": 82.15
				}
			,{
				"<=msec": 8.200
				,"percent": 82.66
				}
			,{
				"<=msec": 8.300
				,"percent": 83.24
				}
			,{
				"<=msec": 8.400
				,"percent": 83.75
				}
			,{
				"<=msec": 8.500
				,"percent": 84.33
				}
			,{
				"<=msec": 8.600
				,"percent": 84.78
				}
			,{
				"<=msec": 8.700
				,"percent": 85.34
				}
			,{
				"<=msec": 8.800
				,"percent": 85.90
				}
			,{
				"<=msec": 8.900
				,"percent": 86.51
				}
			,{
				"<=msec": 9.000
				,"percent": 87.08
				}
			,{
				"<=msec": 9.100
				,"percent": 87.65
				}
			,{
				"<=msec": 9.200
				,"percent": 88.23
				}
			,{
				"<=msec": 9.300
				,"percent": 88.83
				}
			,{
				"<=msec": 9.400
				,"percent": 89.48
				}
			,{
				"<=msec": 9.500
				,"percent": 90.01
				}
			,{
				"<=msec": 9.600
				,"percent": 90.61
				}
			,{
				"<=msec": 9.700
				,"percent": 91.22
				}
			,{
				"<=msec": 9.800
				,"percent": 91.66
				}
			,{
				"<=msec": 9.900
				,"percent": 92.16
				}
			,{
				"<=msec": 10.000
				,"percent": 94.53
				}
			,{
				"<=msec": 11.000
				,"percent": 97.63
				}
			,{
				"<=msec": 12.000
				,"percent": 98.90
				}
			,{
				"<=msec": 13.000
				,"percent": 99.48
				}
			,{
				"<=msec": 14.000
				,"percent": 99.74
				}
			,{
				"<=msec": 15.000
				,"percent": 99.79
				}
			,{
				"<=msec": 16.000
				,"percent": 99.83
				}
			,{
				"<=msec": 17.000
				,"percent": 99.86
				}
			,{
				"<=msec": 18.000
				,"percent": 99.90
				}
			,{
				"<=msec": 19.000
				,"percent": 99.92
				}
			,{
				"<=msec": 20.000
				,"percent": 99.93
				}
			,{
				"<=msec": 21.000
				,"percent": 99.94
				}
			,{
				"<=msec": 22.000
				,"percent": 99.94
				}
			,{
				"<=msec": 23.000
				,"percent": 99.95
				}
			,{
				"<=msec": 26.000
				,"percent": 99.96
				}
			,{
				"<=msec": 27.000
				,"percent": 99.97
				}
			,{
				"<=msec": 29.000
				,"percent": 99.99
				}
			,{
				"<=msec": 32.000
				,"percent": 99.99
				}
			,{
				"<=msec": 35.000
				,"percent": 100.00
				}
			]
		,"GET":[
			{
				"<=msec": 1.400
				,"percent": 0.09
				}
			,{
				"<=msec": 1.500
				,"percent": 0.75
				}
			,{
				"<=msec": 1.600
				,"percent": 2.65
				}
			,{
				"<=msec": 1.700
				,"percent": 5.94
				}
			,{
				"<=msec": 1.800
				,"percent": 10.32
				}
			,{
				"<=msec": 1.900
				,"percent": 15.49
				}
			,{
				"<=msec": 2.000
				,"percent": 20.65
				}
			,{
				"<=msec": 2.100
				,"percent": 26.35
				}
			,{
				"<=msec": 2.200
				,"percent": 31.28
				}
			,{
				"<=msec": 2.300
				,"percent": 36.63
				}
			,{
				"<=msec": 2.400
				,"percent": 42.19
				}
			,{
				"<=msec": 2.500
				,"percent": 47.08
				}
			,{
				"<=msec": 2.600
				,"percent": 51.45
				}
			,{
				"<=msec": 2.700
				,"percent": 55.35
				}
			,{
				"<=msec": 2.800
				,"percent": 58.88
				}
			,{
				"<=msec": 2.900
				,"percent": 62.02
				}
			,{
				"<=msec": 3.000
				,"percent": 64.56
				}
			,{
				"<=msec": 3.100
				,"percent": 66.72
				}
			,{
				"<=msec": 3.200
				,"percent": 68.52
				}
			,{
				"<=msec": 3.300
				,"percent": 70.13
				}
			,{
				"<=msec": 3.400
				,"percent": 71.45
				}
			,{
				"<=msec": 3.500
				,"percent": 72.59
				}
			,{
				"<=msec": 3.600
				,"percent": 73.47
				}
			,{
				"<=msec": 3.700
				,"percent": 74.25
				}
			,{
				"<=msec": 3.800
				,"percent": 74.93
				}
			,{
				"<=msec": 3.900
				,"percent": 75.47
				}
			,{
				"<=msec": 4.000
				,"percent": 75.98
				}
			,{
				"<=msec": 4.100
				,"percent": 76.44
				}
			,{
				"<=msec": 4.200
				,"percent": 76.86
				}
			,{
				"<=msec": 4.300
				,"percent": 77.34
				}
			,{
				"<=msec": 4.400
				,"percent": 77.66
				}
			,{
				"<=msec": 4.500
				,"percent": 77.94
				}
			,{
				"<=msec": 4.600
				,"percent": 78.23
				}
			,{
				"<=msec": 4.700
				,"percent": 78.59
				}
			,{
				"<=msec": 4.800
				,"percent": 78.92
				}
			,{
				"<=msec": 4.900
				,"percent": 79.19
				}
			,{
				"<=msec": 5.000
				,"percent": 79.50
				}
			,{
				"<=msec": 5.100
				,"percent": 79.78
				}
			,{
				"<=msec": 5.200
				,"percent": 79.92
				}
			,{
				"<=msec": 5.300
				,"percent": 80.14
				}
			,{
				"<=msec": 5.400
				,"percent": 80.27
				}
			,{
				"<=msec": 5.500
				,"percent": 80.50
				}
			,{
				"<=msec": 5.600
				,"percent": 80.74
				}
			,{
				"<=msec": 5.700
				,"percent": 81.01
				}
			,{
				"<=msec": 5.800
				,"percent": 81.21
				}
			,{
				"<=msec": 5.900
				,"percent": 81.41
				}
			,{
				"<=msec": 6.000
				,"percent": 81.65
				}
			,{
				"<=msec": 6.100
				,"percent": 81.89
				}
			,{
				"<=msec": 6.200
				,"percent": 82.08
				}
			,{
				"<=msec": 6.300
				,"percent": 82.30
				}
			,{
				"<=msec": 6.400
				,"percent": 82.48
				}
			,{
				"<=msec": 6.500
				,"percent": 82.67
				}
			,{
				"<=msec": 6.600
				,"percent": 82.88
				}
			,{
				"<=msec": 6.700
				,"percent": 83.11
				}
			,{
				"<=msec": 6.800
				,"percent": 83.31
				}
			,{
				"<=msec": 6.900
				,"percent": 83.47
				}
			,{
				"<=msec": 7.000
				,"percent": 83.73
				}
			,{
				"<=msec": 7.100
				,"percent": 83.97
				}
			,{
				"<=msec": 7.200
				,"percent": 84.19
				}
			,{
				"<=msec": 7.300
				,"percent": 84.46
				}
			,{
				"<=msec": 7.400
				,"percent": 84.65
				}
			,{
				"<=msec": 7.500
				,"percent": 84.86
				}
			,{
				"<=msec": 7.600
				,"percent": 85.15
				}
			,{
				"<=msec": 7.700
				,"percent": 85.38
				}
			,{
				"<=msec": 7.800
				,"percent": 85.67
				}
			,{
				"<=msec": 7.900
				,"percent": 85.89
				}
			,{
				"<=msec": 8.000
				,"percent": 86.11
				}
			,{
				"<=msec": 8.100
				,"percent": 86.30
				}
			,{
				"<=msec": 8.200
				,"percent": 86.47
				}
			,{
				"<=msec": 8.300
				,"percent": 86.69
				}
			,{
				"<=msec": 8.400
				,"percent": 86.92
				}
			,{
				"<=msec": 8.500
				,"percent": 87.12
				}
			,{
				"<=msec": 8.600
				,"percent": 87.40
				}
			,{
				"<=msec": 8.700
				,"percent": 87.60
				}
			,{
				"<=msec": 8.800
				,"percent": 87.78
				}
			,{
				"<=msec": 8.900
				,"percent": 88.01
				}
			,{
				"<=msec": 9.000
				,"percent": 88.21
				}
			,{
				"<=msec": 9.100
				,"percent": 88.44
				}
			,{
				"<=msec": 9.200
				,"percent": 88.65
				}
			,{
				"<=msec": 9.300
				,"percent": 88.85
				}
			,{
				"<=msec": 9.400
				,"percent": 89.03
				}
			,{
				"<=msec": 9.500
				,"percent": 89.26
				}
			,{
				"<=msec": 9.600
				,"percent": 89.42
				}
			,{
				"<=msec": 9.700
				,"percent": 89.63
				}
			,{
				"<=msec": 9.800
				,"percent": 89.79
				}
			,{
				"<=msec": 9.900
				,"percent": 90.01
				}
			,{
				"<=msec": 10.000
				,"percent": 91.08
				}
			,{
				"<=msec": 11.000
				,"percent": 93.56
				}
			,{
				"<=msec": 12.000
				,"percent": 96.81
				}
			,{
				"<=msec": 13.000
				,"percent": 98.76
				}
			,{
				"<=msec": 14.000
				,"percent": 99.50
				}
			,{
				"<=msec": 15.000
				,"percent": 99.68
				}
			,{
				"<=msec": 16.000
				,"percent": 99.79
				}
			,{
				"<=msec": 17.000
				,"percent": 99.86
				}
			,{
				"<=msec": 18.000
				,"percent": 99.90
				}
			,{
				"<=msec": 19.000
				,"percent": 99.92
				}
			,{
				"<=msec": 20.000
				,"percent": 99.93
				}
			,{
				"<=msec": 21.000
				,"percent": 99.94
				}
			,{
				"<=msec": 22.000
				,"percent": 99.95
				}
			,{
				"<=msec": 24.000
				,"percent": 99.96
				}
			,{
				"<=msec": 26.000
				,"percent": 99.97
				}
			,{
				"<=msec": 29.000
				,"percent": 99.97
				}
			,{
				"<=msec": 32.000
				,"percent": 99.98
				}
			,{
				"<=msec": 34.000
				,"percent": 99.99
				}
			,{
				"<=msec": 35.000
				,"percent": 100.00
				}
			]
		,"WAIT":[
		]
		}
	}
