{
	"configuration":{
		"server": "10.0.0.9"
		,"port": 11212
		,"unix socket": "(null)"
		,"protocol": "memcache_text"
		,"out_file": "(null)"
		,"client_stats": "(null)"
		,"run_count": 1
		,"debug": 0
		,"requests": 0
		,"clients": 2
		,"threads": 1
		,"test_time": 60
		,"ratio": "1:1"
		,"pipeline": 1
		,"data_size": 4096
		,"data_offset": 0
		,"random_data": "false"
		,"data_size_range": "0:0"
		,"data_size_list": ""
		,"data_size_pattern": "R"
		,"expiry_range": "9999:10000"
		,"data_import": "(null)"
		,"data_verify": "false"
		,"verify_only": "false"
		,"generate_keys": "false"
		,"key_prefix": "memtier-"
		,"key_minimum":           0
		,"key_maximum":        1000
		,"key_pattern": "R:R"
		,"key_stddev": 0.000000
		,"key_median": 0.000000
		,"reconnect_interval": 0
		,"multi_key_get": 1
		,"authenticate": ""
		,"select-db": 0
		,"no-expiry": "false"
		,"wait-ratio": "0:0"
		,"num-slaves": "0:0"
		,"wait-timeout": "0-0"
		}
	,"run information":{
		"Threads": 1
		,"Connections per thread": 2
		,"Seconds": 60
		}
	,"ALL STATS":{
		"Sets":{
			"Ops/sec": 411.18
			,"Hits/sec": 0.00
			,"Misses/sec": 0.00
			,"Latency": 2.75
			,"KB/sec": 1660.52
			}
		,"Gets":{
			"Ops/sec": 411.14
			,"Hits/sec": 411.14
			,"Misses/sec": 0.00
			,"Latency": 2.10
			,"KB/sec": 1664.56
			}
		,"Waits":{
			"Ops/sec": 0.00
			,"Hits/sec": 0.00
			,"Misses/sec": 0.00
			,"Latency": 0.00
			,"KB/sec": 0.00
			}
		,"Totals":{
			"Ops/sec": 822.32
			,"Hits/sec": 411.14
			,"Misses/sec": 0.00
			,"Latency": 2.42
			,"KB/sec": 3325.08
			}
		,"SET":[
			{
				"<=msec": 1.200
				,"percent": 0.05
				}
			,{
				"<=msec": 1.300
				,"percent": 0.71
				}
			,{
				"<=msec": 1.400
				,"percent": 2.92
				}
			,{
				"<=msec": 1.500
				,"percent": 8.35
				}
			,{
				"<=msec": 1.600
				,"percent": 16.13
				}
			,{
				"<=msec": 1.700
				,"percent": 25.58
				}
			,{
				"<=msec": 1.800
				,"percent": 34.75
				}
			,{
				"<=msec": 1.900
				,"percent": 43.10
				}
			,{
				"<=msec": 2.000
				,"percent": 50.24
				}
			,{
				"<=msec": 2.100
				,"percent": 56.26
				}
			,{
				"<=msec": 2.200
				,"percent": 61.09
				}
			,{
				"<=msec": 2.300
				,"percent": 65.21
				}
			,{
				"<=msec": 2.400
				,"percent": 68.25
				}
			,{
				"<=msec": 2.500
				,"percent": 70.76
				}
			,{
				"<=msec": 2.600
				,"percent": 72.80
				}
			,{
				"<=msec": 2.700
				,"percent": 74.59
				}
			,{
				"<=msec": 2.800
				,"percent": 76.12
				}
			,{
				"<=msec": 2.900
				,"percent": 77.25
				}
			,{
				"<=msec": 3.000
				,"percent": 78.41
				}
			,{
				"<=msec": 3.100
				,"percent": 79.32
				}
			,{
				"<=msec": 3.200
				,"percent": 80.16
				}
			,{
				"<=msec": 3.300
				,"percent": 81.02
				}
			,{
				"<=msec": 3.400
				,"percent": 81.69
				}
			,{
				"<=msec": 3.500
				,"percent": 82.28
				}
			,{
				"<=msec": 3.600
				,"percent": 82.92
				}
			,{
				"<=msec": 3.700
				,"percent": 83.47
				}
			,{
				"<=msec": 3.800
				,"percent": 84.01
				}
			,{
				"<=msec": 3.900
				,"percent": 84.56
				}
			,{
				"<=msec": 4.000
				,"percent": 85.12
				}
			,{
				"<=msec": 4.100
				,"percent": 85.61
				}
			,{
				"<=msec": 4.200
				,"percent": 86.02
				}
			,{
				"<=msec": 4.300
				,"percent": 86.52
				}
			,{
				"<=msec": 4.400
				,"percent": 86.97
				}
			,{
				"<=msec": 4.500
				,"percent": 87.42
				}
			,{
				"<=msec": 4.600
				,"percent": 87.71
				}
			,{
				"<=msec": 4.700
				,"percent": 88.04
				}
			,{
				"<=msec": 4.800
				,"percent": 88.44
				}
			,{
				"<=msec": 4.900
				,"percent": 88.73
				}
			,{
				"<=msec": 5.000
				,"percent": 89.09
				}
			,{
				"<=msec": 5.100
				,"percent": 89.44
				}
			,{
				"<=msec": 5.200
				,"percent": 89.75
				}
			,{
				"<=msec": 5.300
				,"percent": 90.08
				}
			,{
				"<=msec": 5.400
				,"percent": 90.42
				}
			,{
				"<=msec": 5.500
				,"percent": 90.69
				}
			,{
				"<=msec": 5.600
				,"percent": 91.06
				}
			,{
				"<=msec": 5.700
				,"percent": 91.43
				}
			,{
				"<=msec": 5.800
				,"percent": 91.78
				}
			,{
				"<=msec": 5.900
				,"percent": 92.14
				}
			,{
				"<=msec": 6.000
				,"percent": 92.48
				}
			,{
				"<=msec": 6.100
				,"percent": 92.84
				}
			,{
				"<=msec": 6.200
				,"percent": 93.20
				}
			,{
				"<=msec": 6.300
				,"percent": 93.60
				}
			,{
				"<=msec": 6.400
				,"percent": 93.94
				}
			,{
				"<=msec": 6.500
				,"percent": 94.36
				}
			,{
				"<=msec": 6.600
				,"percent": 94.61
				}
			,{
				"<=msec": 6.700
				,"percent": 94.92
				}
			,{
				"<=msec": 6.800
				,"percent": 95.20
				}
			,{
				"<=msec": 6.900
				,"percent": 95.42
				}
			,{
				"<=msec": 7.000
				,"percent": 95.71
				}
			,{
				"<=msec": 7.100
				,"percent": 95.91
				}
			,{
				"<=msec": 7.200
				,"percent": 96.15
				}
			,{
				"<=msec": 7.300
				,"percent": 96.34
				}
			,{
				"<=msec": 7.400
				,"percent": 96.58
				}
			,{
				"<=msec": 7.500
				,"percent": 96.85
				}
			,{
				"<=msec": 7.600
				,"percent": 97.09
				}
			,{
				"<=msec": 7.700
				,"percent": 97.24
				}
			,{
				"<=msec": 7.800
				,"percent": 97.38
				}
			,{
				"<=msec": 7.900
				,"percent": 97.52
				}
			,{
				"<=msec": 8.000
				,"percent": 97.66
				}
			,{
				"<=msec": 8.100
				,"percent": 97.81
				}
			,{
				"<=msec": 8.200
				,"percent": 97.92
				}
			,{
				"<=msec": 8.300
				,"percent": 98.05
				}
			,{
				"<=msec": 8.400
				,"percent": 98.13
				}
			,{
				"<=msec": 8.500
				,"percent": 98.20
				}
			,{
				"<=msec": 8.600
				,"percent": 98.32
				}
			,{
				"<=msec": 8.700
				,"percent": 98.40
				}
			,{
				"<=msec": 8.800
				,"percent": 98.49
				}
			,{
				"<=msec": 8.900
				,"percent": 98.58
				}
			,{
				"<=msec": 9.000
				,"percent": 98.64
				}
			,{
				"<=msec": 9.100
				,"percent": 98.72
				}
			,{
				"<=msec": 9.200
				,"percent": 98.81
				}
			,{
				"<=msec": 9.300
				,"percent": 98.86
				}
			,{
				"<=msec": 9.400
				,"percent": 98.90
				}
			,{
				"<=msec": 9.500
				,"percent": 98.94
				}
			,{
				"<=msec": 9.600
				,"percent": 98.98
				}
			,{
				"<=msec": 9.700
				,"percent": 99.03
				}
			,{
				"<=msec": 9.800
				,"percent": 99.08
				}
			,{
				"<=msec": 9.900
				,"percent": 99.10
				}
			,{
				"<=msec": 10.000
				,"percent": 99.29
				}
			,{
				"<=msec": 11.000
				,"percent": 99.56
				}
			,{
				"<=msec": 12.000
				,"percent": 99.71
				}
			,{
				"<=msec": 13.000
				,"percent": 99.78
				}
			,{
				"<=msec": 14.000
				,"percent": 99.85
				}
			,{
				"<=msec": 15.000
				,"percent": 99.89
				}
			,{
				"<=msec": 16.000
				,"percent": 99.92
				}
			,{
				"<=msec": 17.000
				,"percent": 99.93
				}
			,{
				"<=msec": 18.000
				,"percent": 99.93
				}
			,{
				"<=msec": 19.000
				,"percent": 99.94
				}
			,{
				"<=msec": 20.000
				,"percent": 99.96
				}
			,{
				"<=msec": 21.000
				,"percent": 99.96
				}
			,{
				"<=msec": 22.000
				,"percent": 99.97
				}
			,{
				"<=msec": 23.000
				,"percent": 99.97
				}
			,{
				"<=msec": 27.000
				,"percent": 99.99
				}
			,{
				"<=msec": 28.000
				,"percent": 100.00
				}
			,{
				"<=msec": 110.000
				,"percent": 100.00
				}
			]
		,"GET":[
			{
				"<=msec": 1.000
				,"percent": 0.01
				}
			,{
				"<=msec": 1.100
				,"percent": 0.49
				}
			,{
				"<=msec": 1.200
				,"percent": 4.00
				}
			,{
				"<=msec": 1.300
				,"percent": 13.09
				}
			,{
				"<=msec": 1.400
				,"percent": 25.56
				}
			,{
				"<=msec": 1.500
				,"percent": 38.90
				}
			,{
				"<=msec": 1.600
				,"percent": 50.09
				}
			,{
				"<=msec": 1.700
				,"percent": 59.24
				}
			,{
				"<=msec": 1.800
				,"percent": 66.52
				}
			,{
				"<=msec": 1.900
				,"percent": 71.83
				}
			,{
				"<=msec": 2.000
				,"percent": 75.47
				}
			,{
				"<=msec": 2.100
				,"percent": 78.40
				}
			,{
				"<=msec": 2.200
				,"percent": 80.80
				}
			,{
				"<=msec": 2.300
				,"percent": 82.65
				}
			,{
				"<=msec": 2.400
				,"percent": 84.06
				}
			,{
				"<=msec": 2.500
				,"percent": 85.35
				}
			,{
				"<=msec": 2.600
				,"percent": 86.39
				}
			,{
				"<=msec": 2.700
				,"percent": 87.29
				}
			,{
				"<=msec": 2.800
				,"percent": 88.08
				}
			,{
				"<=msec": 2.900
				,"percent": 88.71
				}
			,{
				"<=msec": 3.000
				,"percent": 89.29
				}
			,{
				"<=msec": 3.100
				,"percent": 89.85
				}
			,{
				"<=msec": 3.200
				,"percent": 90.21
				}
			,{
				"<=msec": 3.300
				,"percent": 90.61
				}
			,{
				"<=msec": 3.400
				,"percent": 90.98
				}
			,{
				"<=msec": 3.500
				,"percent": 91.30
				}
			,{
				"<=msec": 3.600
				,"percent": 91.64
				}
			,{
				"<=msec": 3.700
				,"percent": 91.92
				}
			,{
				"<=msec": 3.800
				,"percent": 92.22
				}
			,{
				"<=msec": 3.900
				,"percent": 92.41
				}
			,{
				"<=msec": 4.000
				,"percent": 92.68
				}
			,{
				"<=msec": 4.100
				,"percent": 92.89
				}
			,{
				"<=msec": 4.200
				,"percent": 93.12
				}
			,{
				"<=msec": 4.300
				,"percent": 93.38
				}
			,{
				"<=msec": 4.400
				,"percent": 93.56
				}
			,{
				"<=msec": 4.500
				,"percent": 93.75
				}
			,{
				"<=msec": 4.600
				,"percent": 93.93
				}
			,{
				"<=msec": 4.700
				,"percent": 94.10
				}
			,{
				"<=msec": 4.800
				,"percent": 94.26
				}
			,{
				"<=msec": 4.900
				,"percent": 94.49
				}
			,{
				"<=msec": 5.000
				,"percent": 94.66
				}
			,{
				"<=msec": 5.100
				,"percent": 94.86
				}
			,{
				"<=msec": 5.200
				,"percent": 95.03
				}
			,{
				"<=msec": 5.300
				,"percent": 95.21
				}
			,{
				"<=msec": 5.400
				,"percent": 95.38
				}
			,{
				"<=msec": 5.500
				,"percent": 95.56
				}
			,{
				"<=msec": 5.600
				,"percent": 95.71
				}
			,{
				"<=msec": 5.700
				,"percent": 95.91
				}
			,{
				"<=msec": 5.800
				,"percent": 96.08
				}
			,{
				"<=msec": 5.900
				,"percent": 96.32
				}
			,{
				"<=msec": 6.000
				,"percent": 96.54
				}
			,{
				"<=msec": 6.100
				,"percent": 96.80
				}
			,{
				"<=msec": 6.200
				,"percent": 97.07
				}
			,{
				"<=msec": 6.300
				,"percent": 97.33
				}
			,{
				"<=msec": 6.400
				,"percent": 97.50
				}
			,{
				"<=msec": 6.500
				,"percent": 97.71
				}
			,{
				"<=msec": 6.600
				,"percent": 97.90
				}
			,{
				"<=msec": 6.700
				,"percent": 98.07
				}
			,{
				"<=msec": 6.800
				,"percent": 98.18
				}
			,{
				"<=msec": 6.900
				,"percent": 98.28
				}
			,{
				"<=msec": 7.000
				,"percent": 98.39
				}
			,{
				"<=msec": 7.100
				,"percent": 98.49
				}
			,{
				"<=msec": 7.200
				,"percent": 98.59
				}
			,{
				"<=msec": 7.300
				,"percent": 98.67
				}
			,{
				"<=msec": 7.400
				,"percent": 98.79
				}
			,{
				"<=msec": 7.500
				,"percent": 98.87
				}
			,{
				"<=msec": 7.600
				,"percent": 98.92
				}
			,{
				"<=msec": 7.700
				,"percent": 98.98
				}
			,{
				"<=msec": 7.800
				,"percent": 99.04
				}
			,{
				"<=msec": 7.900
				,"percent": 99.08
				}
			,{
				"<=msec": 8.000
				,"percent": 99.12
				}
			,{
				"<=msec": 8.100
				,"percent": 99.17
				}
			,{
				"<=msec": 8.200
				,"percent": 99.21
				}
			,{
				"<=msec": 8.300
				,"percent": 99.23
				}
			,{
				"<=msec": 8.400
				,"percent": 99.26
				}
			,{
				"<=msec": 8.500
				,"percent": 99.30
				}
			,{
				"<=msec": 8.600
				,"percent": 99.33
				}
			,{
				"<=msec": 8.700
				,"percent": 99.35
				}
			,{
				"<=msec": 8.800
				,"percent": 99.38
				}
			,{
				"<=msec": 8.900
				,"percent": 99.40
				}
			,{
				"<=msec": 9.000
				,"percent": 99.43
				}
			,{
				"<=msec": 9.100
				,"percent": 99.46
				}
			,{
				"<=msec": 9.200
				,"percent": 99.48
				}
			,{
				"<=msec": 9.300
				,"percent": 99.52
				}
			,{
				"<=msec": 9.400
				,"percent": 99.53
				}
			,{
				"<=msec": 9.500
				,"percent": 99.55
				}
			,{
				"<=msec": 9.600
				,"percent": 99.56
				}
			,{
				"<=msec": 9.700
				,"percent": 99.59
				}
			,{
				"<=msec": 9.800
				,"percent": 99.61
				}
			,{
				"<=msec": 9.900
				,"percent": 99.63
				}
			,{
				"<=msec": 10.000
				,"percent": 99.70
				}
			,{
				"<=msec": 11.000
				,"percent": 99.76
				}
			,{
				"<=msec": 12.000
				,"percent": 99.85
				}
			,{
				"<=msec": 13.000
				,"percent": 99.87
				}
			,{
				"<=msec": 14.000
				,"percent": 99.90
				}
			,{
				"<=msec": 15.000
				,"percent": 99.95
				}
			,{
				"<=msec": 17.000
				,"percent": 99.96
				}
			,{
				"<=msec": 18.000
				,"percent": 99.97
				}
			,{
				"<=msec": 19.000
				,"percent": 99.97
				}
			,{
				"<=msec": 20.000
				,"percent": 99.98
				}
			,{
				"<=msec": 22.000
				,"percent": 99.98
				}
			,{
				"<=msec": 30.000
				,"percent": 99.98
				}
			,{
				"<=msec": 41.000
				,"percent": 99.99
				}
			,{
				"<=msec": 44.000
				,"percent": 100.00
				}
			,{
				"<=msec": 110.000
				,"percent": 100.00
				}
			]
		,"WAIT":[
		]
		}
	}
