{
	"configuration":{
		"server": "10.0.0.9"
		,"port": 11212
		,"unix socket": "(null)"
		,"protocol": "memcache_text"
		,"out_file": "(null)"
		,"client_stats": "(null)"
		,"run_count": 1
		,"debug": 0
		,"requests": 0
		,"clients": 2
		,"threads": 1
		,"test_time": 60
		,"ratio": "1:9"
		,"pipeline": 1
		,"data_size": 4096
		,"data_offset": 0
		,"random_data": "false"
		,"data_size_range": "0:0"
		,"data_size_list": ""
		,"data_size_pattern": "R"
		,"expiry_range": "9999:10000"
		,"data_import": "(null)"
		,"data_verify": "false"
		,"verify_only": "false"
		,"generate_keys": "false"
		,"key_prefix": "memtier-"
		,"key_minimum":           0
		,"key_maximum":        1000
		,"key_pattern": "R:R"
		,"key_stddev": 0.000000
		,"key_median": 0.000000
		,"reconnect_interval": 0
		,"multi_key_get": 9
		,"authenticate": ""
		,"select-db": 0
		,"no-expiry": "false"
		,"wait-ratio": "0:0"
		,"num-slaves": "0:0"
		,"wait-timeout": "0-0"
		}
	,"run information":{
		"Threads": 1
		,"Connections per thread": 2
		,"Seconds": 60
		}
	,"ALL STATS":{
		"Sets":{
			"Ops/sec": 167.87
			,"Hits/sec": 0.00
			,"Misses/sec": 0.00
			,"Latency": 4.87
			,"KB/sec": 677.94
			}
		,"Gets":{
			"Ops/sec": 167.85
			,"Hits/sec": 1510.68
			,"Misses/sec": 0.00
			,"Latency": 7.01
			,"KB/sec": 6103.03
			}
		,"Waits":{
			"Ops/sec": 0.00
			,"Hits/sec": 0.00
			,"Misses/sec": 0.00
			,"Latency": 0.00
			,"KB/sec": 0.00
			}
		,"Totals":{
			"Ops/sec": 335.72
			,"Hits/sec": 1510.68
			,"Misses/sec": 0.00
			,"Latency": 5.94
			,"KB/sec": 6780.97
			}
		,"SET":[
			{
				"<=msec": 1.300
				,"percent": 0.02
				}
			,{
				"<=msec": 1.400
				,"percent": 0.20
				}
			,{
				"<=msec": 1.500
				,"percent": 0.86
				}
			,{
				"<=msec": 1.600
				,"percent": 2.64
				}
			,{
				"<=msec": 1.700
				,"percent": 5.94
				}
			,{
				"<=msec": 1.800
				,"percent": 10.47
				}
			,{
				"<=msec": 1.900
				,"percent": 16.39
				}
			,{
				"<=msec": 2.000
				,"percent": 22.79
				}
			,{
				"<=msec": 2.100
				,"percent": 28.55
				}
			,{
				"<=msec": 2.200
				,"percent": 34.05
				}
			,{
				"<=msec": 2.300
				,"percent": 38.53
				}
			,{
				"<=msec": 2.400
				,"percent": 42.24
				}
			,{
				"<=msec": 2.500
				,"percent": 45.46
				}
			,{
				"<=msec": 2.600
				,"percent": 48.04
				}
			,{
				"<=msec": 2.700
				,"percent": 50.21
				}
			,{
				"<=msec": 2.800
				,"percent": 52.06
				}
			,{
				"<=msec": 2.900
				,"percent": 53.45
				}
			,{
				"<=msec": 3.000
				,"percent": 54.65
				}
			,{
				"<=msec": 3.100
				,"percent": 55.88
				}
			,{
				"<=msec": 3.200
				,"percent": 56.78
				}
			,{
				"<=msec": 3.300
				,"percent": 57.73
				}
			,{
				"<=msec": 3.400
				,"percent": 58.55
				}
			,{
				"<=msec": 3.500
				,"percent": 59.23
				}
			,{
				"<=msec": 3.600
				,"percent": 59.91
				}
			,{
				"<=msec": 3.700
				,"percent": 60.47
				}
			,{
				"<=msec": 3.800
				,"percent": 61.00
				}
			,{
				"<=msec": 3.900
				,"percent": 61.58
				}
			,{
				"<=msec": 4.000
				,"percent": 62.14
				}
			,{
				"<=msec": 4.100
				,"percent": 62.72
				}
			,{
				"<=msec": 4.200
				,"percent": 63.12
				}
			,{
				"<=msec": 4.300
				,"percent": 63.42
				}
			,{
				"<=msec": 4.400
				,"percent": 63.82
				}
			,{
				"<=msec": 4.500
				,"percent": 64.26
				}
			,{
				"<=msec": 4.600
				,"percent": 64.49
				}
			,{
				"<=msec": 4.700
				,"percent": 64.84
				}
			,{
				"<=msec": 4.800
				,"percent": 65.25
				}
			,{
				"<=msec": 4.900
				,"percent": 65.70
				}
			,{
				"<=msec": 5.000
				,"percent": 66.05
				}
			,{
				"<=msec": 5.100
				,"percent": 66.42
				}
			,{
				"<=msec": 5.200
				,"percent": 66.71
				}
			,{
				"<=msec": 5.300
				,"percent": 67.14
				}
			,{
				"<=msec": 5.400
				,"percent": 67.45
				}
			,{
				"<=msec": 5.500
				,"percent": 67.75
				}
			,{
				"<=msec": 5.600
				,"percent": 68.10
				}
			,{
				"<=msec": 5.700
				,"percent": 68.39
				}
			,{
				"<=msec": 5.800
				,"percent": 68.70
				}
			,{
				"<=msec": 5.900
				,"percent": 69.10
				}
			,{
				"<=msec": 6.000
				,"percent": 69.56
				}
			,{
				"<=msec": 6.100
				,"percent": 69.83
				}
			,{
				"<=msec": 6.200
				,"percent": 70.18
				}
			,{
				"<=msec": 6.300
				,"percent": 70.51
				}
			,{
				"<=msec": 6.400
				,"percent": 70.88
				}
			,{
				"<=msec": 6.500
				,"percent": 71.25
				}
			,{
				"<=msec": 6.600
				,"percent": 71.64
				}
			,{
				"<=msec": 6.700
				,"percent": 71.92
				}
			,{
				"<=msec": 6.800
				,"percent": 72.24
				}
			,{
				"<=msec": 6.900
				,"percent": 72.55
				}
			,{
				"<=msec": 7.000
				,"percent": 72.85
				}
			,{
				"<=msec": 7.100
				,"percent": 73.15
				}
			,{
				"<=msec": 7.200
				,"percent": 73.40
				}
			,{
				"<=msec": 7.300
				,"percent": 73.64
				}
			,{
				"<=msec": 7.400
				,"percent": 73.95
				}
			,{
				"<=msec": 7.500
				,"percent": 74.20
				}
			,{
				"<=msec": 7.600
				,"percent": 74.56
				}
			,{
				"<=msec": 7.700
				,"percent": 74.78
				}
			,{
				"<=msec": 7.800
				,"percent": 75.08
				}
			,{
				"<=msec": 7.900
				,"percent": 75.40
				}
			,{
				"<=msec": 8.000
				,"percent": 75.76
				}
			,{
				"<=msec": 8.100
				,"percent": 76.03
				}
			,{
				"<=msec": 8.200
				,"percent": 76.34
				}
			,{
				"<=msec": 8.300
				,"percent": 76.68
				}
			,{
				"<=msec": 8.400
				,"percent": 77.01
				}
			,{
				"<=msec": 8.500
				,"percent": 77.29
				}
			,{
				"<=msec": 8.600
				,"percent": 77.56
				}
			,{
				"<=msec": 8.700
				,"percent": 77.95
				}
			,{
				"<=msec": 8.800
				,"percent": 78.34
				}
			,{
				"<=msec": 8.900
				,"percent": 78.70
				}
			,{
				"<=msec": 9.000
				,"percent": 79.06
				}
			,{
				"<=msec": 9.100
				,"percent": 79.40
				}
			,{
				"<=msec": 9.200
				,"percent": 79.80
				}
			,{
				"<=msec": 9.300
				,"percent": 80.17
				}
			,{
				"<=msec": 9.400
				,"percent": 80.63
				}
			,{
				"<=msec": 9.500
				,"percent": 81.03
				}
			,{
				"<=msec": 9.600
				,"percent": 81.52
				}
			,{
				"<=msec": 9.700
				,"percent": 82.17
				}
			,{
				"<=msec": 9.800
				,"percent": 82.86
				}
			,{
				"<=msec": 9.900
				,"percent": 83.50
				}
			,{
				"<=msec": 10.000
				,"percent": 88.29
				}
			,{
				"<=msec": 11.000
				,"percent": 93.79
				}
			,{
				"<=msec": 12.000
				,"percent": 96.76
				}
			,{
				"<=msec": 13.000
				,"percent": 99.06
				}
			,{
				"<=msec": 14.000
				,"percent": 99.39
				}
			,{
				"<=msec": 15.000
				,"percent": 99.62
				}
			,{
				"<=msec": 16.000
				,"percent": 99.71
				}
			,{
				"<=msec": 17.000
				,"percent": 99.77
				}
			,{
				"<=msec": 18.000
				,"percent": 99.81
				}
			,{
				"<=msec": 19.000
				,"percent": 99.84
				}
			,{
				"<=msec": 20.000
				,"percent": 99.86
				}
			,{
				"<=msec": 21.000
				,"percent": 99.90
				}
			,{
				"<=msec": 24.000
				,"percent": 99.91
				}
			,{
				"<=msec": 25.000
				,"percent": 99.94
				}
			,{
				"<=msec": 26.000
				,"percent": 99.96
				}
			,{
				"<=msec": 28.000
				,"percent": 99.97
				}
			,{
				"<=msec": 39.000
				,"percent": 99.98
				}
			,{
				"<=msec": 42.000
				,"percent": 99.99
				}
			,{
				"<=msec": 110.000
				,"percent": 100.00
				}
			]
		,"GET":[
			{
				"<=msec": 1.800
				,"percent": 0.04
				}
			,{
				"<=msec": 1.900
				,"percent": 0.18
				}
			,{
				"<=msec": 2.000
				,"percent": 0.82
				}
			,{
				"<=msec": 2.100
				,"percent": 2.12
				}
			,{
				"<=msec": 2.200
				,"percent": 4.27
				}
			,{
				"<=msec": 2.300
				,"percent": 7.45
				}
			,{
				"<=msec": 2.400
				,"percent": 11.12
				}
			,{
				"<=msec": 2.500
				,"percent": 15.36
				}
			,{
				"<=msec": 2.600
				,"percent": 19.56
				}
			,{
				"<=msec": 2.700
				,"percent": 23.29
				}
			,{
				"<=msec": 2.800
				,"percent": 26.47
				}
			,{
				"<=msec": 2.900
				,"percent": 29.59
				}
			,{
				"<=msec": 3.000
				,"percent": 32.21
				}
			,{
				"<=msec": 3.100
				,"percent": 34.46
				}
			,{
				"<=msec": 3.200
				,"percent": 36.35
				}
			,{
				"<=msec": 3.300
				,"percent": 37.88
				}
			,{
				"<=msec": 3.400
				,"percent": 39.04
				}
			,{
				"<=msec": 3.500
				,"percent": 40.02
				}
			,{
				"<=msec": 3.600
				,"percent": 41.13
				}
			,{
				"<=msec": 3.700
				,"percent": 41.96
				}
			,{
				"<=msec": 3.800
				,"percent": 42.69
				}
			,{
				"<=msec": 3.900
				,"percent": 43.30
				}
			,{
				"<=msec": 4.000
				,"percent": 43.75
				}
			,{
				"<=msec": 4.100
				,"percent": 44.26
				}
			,{
				"<=msec": 4.200
				,"percent": 44.78
				}
			,{
				"<=msec": 4.300
				,"percent": 45.21
				}
			,{
				"<=msec": 4.400
				,"percent": 45.61
				}
			,{
				"<=msec": 4.500
				,"percent": 46.11
				}
			,{
				"<=msec": 4.600
				,"percent": 46.59
				}
			,{
				"<=msec": 4.700
				,"percent": 46.96
				}
			,{
				"<=msec": 4.800
				,"percent": 47.40
				}
			,{
				"<=msec": 4.900
				,"percent": 47.70
				}
			,{
				"<=msec": 5.000
				,"percent": 48.04
				}
			,{
				"<=msec": 5.100
				,"percent": 48.44
				}
			,{
				"<=msec": 5.200
				,"percent": 48.79
				}
			,{
				"<=msec": 5.300
				,"percent": 49.03
				}
			,{
				"<=msec": 5.400
				,"percent": 49.29
				}
			,{
				"<=msec": 5.500
				,"percent": 49.54
				}
			,{
				"<=msec": 5.600
				,"percent": 49.73
				}
			,{
				"<=msec": 5.700
				,"percent": 50.12
				}
			,{
				"<=msec": 5.800
				,"percent": 50.43
				}
			,{
				"<=msec": 5.900
				,"percent": 50.72
				}
			,{
				"<=msec": 6.000
				,"percent": 50.97
				}
			,{
				"<=msec": 6.100
				,"percent": 51.21
				}
			,{
				"<=msec": 6.200
				,"percent": 51.49
				}
			,{
				"<=msec": 6.300
				,"percent": 51.82
				}
			,{
				"<=msec": 6.400
				,"percent": 52.04
				}
			,{
				"<=msec": 6.500
				,"percent": 52.36
				}
			,{
				"<=msec": 6.600
				,"percent": 52.61
				}
			,{
				"<=msec": 6.700
				,"percent": 52.91
				}
			,{
				"<=msec": 6.800
				,"percent": 53.34
				}
			,{
				"<=msec": 6.900
				,"percent": 53.59
				}
			,{
				"<=msec": 7.000
				,"percent": 53.99
				}
			,{
				"<=msec": 7.100
				,"percent": 54.36
				}
			,{
				"<=msec": 7.200
				,"percent": 54.66
				}
			,{
				"<=msec": 7.300
				,"percent": 54.95
				}
			,{
				"<=msec": 7.400
				,"percent": 55.42
				}
			,{
				"<=msec": 7.500
				,"percent": 55.85
				}
			,{
				"<=msec": 7.600
				,"percent": 56.30
				}
			,{
				"<=msec": 7.700
				,"percent": 56.66
				}
			,{
				"<=msec": 7.800
				,"percent": 57.04
				}
			,{
				"<=msec": 7.900
				,"percent": 57.37
				}
			,{
				"<=msec": 8.000
				,"percent": 57.78
				}
			,{
				"<=msec": 8.100
				,"percent": 58.18
				}
			,{
				"<=msec": 8.200
				,"percent": 58.56
				}
			,{
				"<=msec": 8.300
				,"percent": 58.99
				}
			,{
				"<=msec": 8.400
				,"percent": 59.31
				}
			,{
				"<=msec": 8.500
				,"percent": 59.82
				}
			,{
				"<=msec": 8.600
				,"percent": 60.29
				}
			,{
				"<=msec": 8.700
				,"percent": 60.82
				}
			,{
				"<=msec": 8.800
				,"percent": 61.29
				}
			,{
				"<=msec": 8.900
				,"percent": 61.84
				}
			,{
				"<=msec": 9.000
				,"percent": 62.26
				}
			,{
				"<=msec": 9.100
				,"percent": 62.69
				}
			,{
				"<=msec": 9.200
				,"percent": 63.10
				}
			,{
				"<=msec": 9.300
				,"percent": 63.53
				}
			,{
				"<=msec": 9.400
				,"percent": 64.01
				}
			,{
				"<=msec": 9.500
				,"percent": 64.45
				}
			,{
				"<=msec": 9.600
				,"percent": 64.81
				}
			,{
				"<=msec": 9.700
				,"percent": 65.32
				}
			,{
				"<=msec": 9.800
				,"percent": 65.88
				}
			,{
				"<=msec": 9.900
				,"percent": 66.38
				}
			,{
				"<=msec": 10.000
				,"percent": 69.29
				}
			,{
				"<=msec": 11.000
				,"percent": 76.98
				}
			,{
				"<=msec": 12.000
				,"percent": 85.93
				}
			,{
				"<=msec": 13.000
				,"percent": 95.13
				}
			,{
				"<=msec": 14.000
				,"percent": 98.36
				}
			,{
				"<=msec": 15.000
				,"percent": 98.77
				}
			,{
				"<=msec": 16.000
				,"percent": 99.07
				}
			,{
				"<=msec": 17.000
				,"percent": 99.30
				}
			,{
				"<=msec": 18.000
				,"percent": 99.45
				}
			,{
				"<=msec": 19.000
				,"percent": 99.57
				}
			,{
				"<=msec": 20.000
				,"percent": 99.66
				}
			,{
				"<=msec": 21.000
				,"percent": 99.67
				}
			,{
				"<=msec": 22.000
				,"percent": 99.74
				}
			,{
				"<=msec": 23.000
				,"percent": 99.78
				}
			,{
				"<=msec": 24.000
				,"percent": 99.81
				}
			,{
				"<=msec": 25.000
				,"percent": 99.85
				}
			,{
				"<=msec": 26.000
				,"percent": 99.87
				}
			,{
				"<=msec": 27.000
				,"percent": 99.90
				}
			,{
				"<=msec": 28.000
				,"percent": 99.96
				}
			,{
				"<=msec": 30.000
				,"percent": 99.97
				}
			,{
				"<=msec": 31.000
				,"percent": 99.98
				}
			,{
				"<=msec": 34.000
				,"percent": 99.99
				}
			,{
				"<=msec": 110.000
				,"percent": 100.00
				}
			]
		,"WAIT":[
		]
		}
	}
