{
	"configuration":{
		"server": "10.0.0.9"
		,"port": 11212
		,"unix socket": "(null)"
		,"protocol": "memcache_text"
		,"out_file": "(null)"
		,"client_stats": "(null)"
		,"run_count": 1
		,"debug": 0
		,"requests": 0
		,"clients": 2
		,"threads": 1
		,"test_time": 60
		,"ratio": "1:9"
		,"pipeline": 1
		,"data_size": 4096
		,"data_offset": 0
		,"random_data": "false"
		,"data_size_range": "0:0"
		,"data_size_list": ""
		,"data_size_pattern": "R"
		,"expiry_range": "9999:10000"
		,"data_import": "(null)"
		,"data_verify": "false"
		,"verify_only": "false"
		,"generate_keys": "false"
		,"key_prefix": "memtier-"
		,"key_minimum":           0
		,"key_maximum":        1000
		,"key_pattern": "R:R"
		,"key_stddev": 0.000000
		,"key_median": 0.000000
		,"reconnect_interval": 0
		,"multi_key_get": 9
		,"authenticate": ""
		,"select-db": 0
		,"no-expiry": "false"
		,"wait-ratio": "0:0"
		,"num-slaves": "0:0"
		,"wait-timeout": "0-0"
		}
	,"run information":{
		"Threads": 1
		,"Connections per thread": 2
		,"Seconds": 60
		}
	,"ALL STATS":{
		"Sets":{
			"Ops/sec": 171.16
			,"Hits/sec": 0.00
			,"Misses/sec": 0.00
			,"Latency": 4.80
			,"KB/sec": 691.24
			}
		,"Gets":{
			"Ops/sec": 171.13
			,"Hits/sec": 1540.18
			,"Misses/sec": 0.00
			,"Latency": 6.85
			,"KB/sec": 6222.22
			}
		,"Waits":{
			"Ops/sec": 0.00
			,"Hits/sec": 0.00
			,"Misses/sec": 0.00
			,"Latency": 0.00
			,"KB/sec": 0.00
			}
		,"Totals":{
			"Ops/sec": 342.30
			,"Hits/sec": 1540.18
			,"Misses/sec": 0.00
			,"Latency": 5.83
			,"KB/sec": 6913.47
			}
		,"SET":[
			{
				"<=msec": 1.200
				,"percent": 0.01
				}
			,{
				"<=msec": 1.300
				,"percent": 0.02
				}
			,{
				"<=msec": 1.400
				,"percent": 0.20
				}
			,{
				"<=msec": 1.500
				,"percent": 0.95
				}
			,{
				"<=msec": 1.600
				,"percent": 3.21
				}
			,{
				"<=msec": 1.700
				,"percent": 7.08
				}
			,{
				"<=msec": 1.800
				,"percent": 12.78
				}
			,{
				"<=msec": 1.900
				,"percent": 18.94
				}
			,{
				"<=msec": 2.000
				,"percent": 25.63
				}
			,{
				"<=msec": 2.100
				,"percent": 31.96
				}
			,{
				"<=msec": 2.200
				,"percent": 37.22
				}
			,{
				"<=msec": 2.300
				,"percent": 41.69
				}
			,{
				"<=msec": 2.400
				,"percent": 45.32
				}
			,{
				"<=msec": 2.500
				,"percent": 48.47
				}
			,{
				"<=msec": 2.600
				,"percent": 50.56
				}
			,{
				"<=msec": 2.700
				,"percent": 52.54
				}
			,{
				"<=msec": 2.800
				,"percent": 54.09
				}
			,{
				"<=msec": 2.900
				,"percent": 55.48
				}
			,{
				"<=msec": 3.000
				,"percent": 56.57
				}
			,{
				"<=msec": 3.100
				,"percent": 57.58
				}
			,{
				"<=msec": 3.200
				,"percent": 58.39
				}
			,{
				"<=msec": 3.300
				,"percent": 59.10
				}
			,{
				"<=msec": 3.400
				,"percent": 59.70
				}
			,{
				"<=msec": 3.500
				,"percent": 60.34
				}
			,{
				"<=msec": 3.600
				,"percent": 60.79
				}
			,{
				"<=msec": 3.700
				,"percent": 61.21
				}
			,{
				"<=msec": 3.800
				,"percent": 61.74
				}
			,{
				"<=msec": 3.900
				,"percent": 62.27
				}
			,{
				"<=msec": 4.000
				,"percent": 62.76
				}
			,{
				"<=msec": 4.100
				,"percent": 63.04
				}
			,{
				"<=msec": 4.200
				,"percent": 63.38
				}
			,{
				"<=msec": 4.300
				,"percent": 63.69
				}
			,{
				"<=msec": 4.400
				,"percent": 64.01
				}
			,{
				"<=msec": 4.500
				,"percent": 64.50
				}
			,{
				"<=msec": 4.600
				,"percent": 64.86
				}
			,{
				"<=msec": 4.700
				,"percent": 65.30
				}
			,{
				"<=msec": 4.800
				,"percent": 65.57
				}
			,{
				"<=msec": 4.900
				,"percent": 65.85
				}
			,{
				"<=msec": 5.000
				,"percent": 66.11
				}
			,{
				"<=msec": 5.100
				,"percent": 66.49
				}
			,{
				"<=msec": 5.200
				,"percent": 66.82
				}
			,{
				"<=msec": 5.300
				,"percent": 67.15
				}
			,{
				"<=msec": 5.400
				,"percent": 67.49
				}
			,{
				"<=msec": 5.500
				,"percent": 67.75
				}
			,{
				"<=msec": 5.600
				,"percent": 68.04
				}
			,{
				"<=msec": 5.700
				,"percent": 68.36
				}
			,{
				"<=msec": 5.800
				,"percent": 68.72
				}
			,{
				"<=msec": 5.900
				,"percent": 68.92
				}
			,{
				"<=msec": 6.000
				,"percent": 69.20
				}
			,{
				"<=msec": 6.100
				,"percent": 69.54
				}
			,{
				"<=msec": 6.200
				,"percent": 69.90
				}
			,{
				"<=msec": 6.300
				,"percent": 70.30
				}
			,{
				"<=msec": 6.400
				,"percent": 70.76
				}
			,{
				"<=msec": 6.500
				,"percent": 71.05
				}
			,{
				"<=msec": 6.600
				,"percent": 71.37
				}
			,{
				"<=msec": 6.700
				,"percent": 71.67
				}
			,{
				"<=msec": 6.800
				,"percent": 72.01
				}
			,{
				"<=msec": 6.900
				,"percent": 72.41
				}
			,{
				"<=msec": 7.000
				,"percent": 72.82
				}
			,{
				"<=msec": 7.100
				,"percent": 73.37
				}
			,{
				"<=msec": 7.200
				,"percent": 73.69
				}
			,{
				"<=msec": 7.300
				,"percent": 74.00
				}
			,{
				"<=msec": 7.400
				,"percent": 74.27
				}
			,{
				"<=msec": 7.500
				,"percent": 74.66
				}
			,{
				"<=msec": 7.600
				,"percent": 74.93
				}
			,{
				"<=msec": 7.700
				,"percent": 75.24
				}
			,{
				"<=msec": 7.800
				,"percent": 75.64
				}
			,{
				"<=msec": 7.900
				,"percent": 75.88
				}
			,{
				"<=msec": 8.000
				,"percent": 76.34
				}
			,{
				"<=msec": 8.100
				,"percent": 76.60
				}
			,{
				"<=msec": 8.200
				,"percent": 76.85
				}
			,{
				"<=msec": 8.300
				,"percent": 77.08
				}
			,{
				"<=msec": 8.400
				,"percent": 77.40
				}
			,{
				"<=msec": 8.500
				,"percent": 77.64
				}
			,{
				"<=msec": 8.600
				,"percent": 77.87
				}
			,{
				"<=msec": 8.700
				,"percent": 78.28
				}
			,{
				"<=msec": 8.800
				,"percent": 78.53
				}
			,{
				"<=msec": 8.900
				,"percent": 78.83
				}
			,{
				"<=msec": 9.000
				,"percent": 79.11
				}
			,{
				"<=msec": 9.100
				,"percent": 79.42
				}
			,{
				"<=msec": 9.200
				,"percent": 79.73
				}
			,{
				"<=msec": 9.300
				,"percent": 80.12
				}
			,{
				"<=msec": 9.400
				,"percent": 80.54
				}
			,{
				"<=msec": 9.500
				,"percent": 81.14
				}
			,{
				"<=msec": 9.600
				,"percent": 81.64
				}
			,{
				"<=msec": 9.700
				,"percent": 82.19
				}
			,{
				"<=msec": 9.800
				,"percent": 82.91
				}
			,{
				"<=msec": 9.900
				,"percent": 83.60
				}
			,{
				"<=msec": 10.000
				,"percent": 88.45
				}
			,{
				"<=msec": 11.000
				,"percent": 94.46
				}
			,{
				"<=msec": 12.000
				,"percent": 97.15
				}
			,{
				"<=msec": 13.000
				,"percent": 98.97
				}
			,{
				"<=msec": 14.000
				,"percent": 99.34
				}
			,{
				"<=msec": 15.000
				,"percent": 99.64
				}
			,{
				"<=msec": 16.000
				,"percent": 99.72
				}
			,{
				"<=msec": 17.000
				,"percent": 99.79
				}
			,{
				"<=msec": 18.000
				,"percent": 99.81
				}
			,{
				"<=msec": 19.000
				,"percent": 99.83
				}
			,{
				"<=msec": 20.000
				,"percent": 99.86
				}
			,{
				"<=msec": 21.000
				,"percent": 99.88
				}
			,{
				"<=msec": 22.000
				,"percent": 99.90
				}
			,{
				"<=msec": 23.000
				,"percent": 99.92
				}
			,{
				"<=msec": 24.000
				,"percent": 99.94
				}
			,{
				"<=msec": 26.000
				,"percent": 99.95
				}
			,{
				"<=msec": 28.000
				,"percent": 99.98
				}
			,{
				"<=msec": 29.000
				,"percent": 99.99
				}
			,{
				"<=msec": 110.000
				,"percent": 100.00
				}
			]
		,"GET":[
			{
				"<=msec": 1.700
				,"percent": 0.01
				}
			,{
				"<=msec": 1.800
				,"percent": 0.07
				}
			,{
				"<=msec": 1.900
				,"percent": 0.32
				}
			,{
				"<=msec": 2.000
				,"percent": 1.03
				}
			,{
				"<=msec": 2.100
				,"percent": 2.54
				}
			,{
				"<=msec": 2.200
				,"percent": 4.98
				}
			,{
				"<=msec": 2.300
				,"percent": 8.52
				}
			,{
				"<=msec": 2.400
				,"percent": 12.37
				}
			,{
				"<=msec": 2.500
				,"percent": 16.84
				}
			,{
				"<=msec": 2.600
				,"percent": 21.25
				}
			,{
				"<=msec": 2.700
				,"percent": 25.77
				}
			,{
				"<=msec": 2.800
				,"percent": 29.09
				}
			,{
				"<=msec": 2.900
				,"percent": 32.06
				}
			,{
				"<=msec": 3.000
				,"percent": 34.64
				}
			,{
				"<=msec": 3.100
				,"percent": 36.56
				}
			,{
				"<=msec": 3.200
				,"percent": 38.39
				}
			,{
				"<=msec": 3.300
				,"percent": 39.83
				}
			,{
				"<=msec": 3.400
				,"percent": 41.08
				}
			,{
				"<=msec": 3.500
				,"percent": 42.10
				}
			,{
				"<=msec": 3.600
				,"percent": 42.89
				}
			,{
				"<=msec": 3.700
				,"percent": 43.57
				}
			,{
				"<=msec": 3.800
				,"percent": 44.29
				}
			,{
				"<=msec": 3.900
				,"percent": 44.91
				}
			,{
				"<=msec": 4.000
				,"percent": 45.43
				}
			,{
				"<=msec": 4.100
				,"percent": 45.96
				}
			,{
				"<=msec": 4.200
				,"percent": 46.38
				}
			,{
				"<=msec": 4.300
				,"percent": 46.76
				}
			,{
				"<=msec": 4.400
				,"percent": 47.24
				}
			,{
				"<=msec": 4.500
				,"percent": 47.60
				}
			,{
				"<=msec": 4.600
				,"percent": 47.98
				}
			,{
				"<=msec": 4.700
				,"percent": 48.41
				}
			,{
				"<=msec": 4.800
				,"percent": 48.73
				}
			,{
				"<=msec": 4.900
				,"percent": 49.03
				}
			,{
				"<=msec": 5.000
				,"percent": 49.32
				}
			,{
				"<=msec": 5.100
				,"percent": 49.60
				}
			,{
				"<=msec": 5.200
				,"percent": 50.00
				}
			,{
				"<=msec": 5.300
				,"percent": 50.23
				}
			,{
				"<=msec": 5.400
				,"percent": 50.44
				}
			,{
				"<=msec": 5.500
				,"percent": 50.79
				}
			,{
				"<=msec": 5.600
				,"percent": 51.06
				}
			,{
				"<=msec": 5.700
				,"percent": 51.47
				}
			,{
				"<=msec": 5.800
				,"percent": 51.75
				}
			,{
				"<=msec": 5.900
				,"percent": 52.01
				}
			,{
				"<=msec": 6.000
				,"percent": 52.20
				}
			,{
				"<=msec": 6.100
				,"percent": 52.42
				}
			,{
				"<=msec": 6.200
				,"percent": 52.67
				}
			,{
				"<=msec": 6.300
				,"percent": 53.00
				}
			,{
				"<=msec": 6.400
				,"percent": 53.39
				}
			,{
				"<=msec": 6.500
				,"percent": 53.64
				}
			,{
				"<=msec": 6.600
				,"percent": 53.95
				}
			,{
				"<=msec": 6.700
				,"percent": 54.29
				}
			,{
				"<=msec": 6.800
				,"percent": 54.67
				}
			,{
				"<=msec": 6.900
				,"percent": 55.01
				}
			,{
				"<=msec": 7.000
				,"percent": 55.39
				}
			,{
				"<=msec": 7.100
				,"percent": 55.77
				}
			,{
				"<=msec": 7.200
				,"percent": 56.11
				}
			,{
				"<=msec": 7.300
				,"percent": 56.39
				}
			,{
				"<=msec": 7.400
				,"percent": 56.80
				}
			,{
				"<=msec": 7.500
				,"percent": 57.17
				}
			,{
				"<=msec": 7.600
				,"percent": 57.60
				}
			,{
				"<=msec": 7.700
				,"percent": 58.00
				}
			,{
				"<=msec": 7.800
				,"percent": 58.36
				}
			,{
				"<=msec": 7.900
				,"percent": 58.77
				}
			,{
				"<=msec": 8.000
				,"percent": 59.24
				}
			,{
				"<=msec": 8.100
				,"percent": 59.69
				}
			,{
				"<=msec": 8.200
				,"percent": 60.02
				}
			,{
				"<=msec": 8.300
				,"percent": 60.55
				}
			,{
				"<=msec": 8.400
				,"percent": 61.01
				}
			,{
				"<=msec": 8.500
				,"percent": 61.50
				}
			,{
				"<=msec": 8.600
				,"percent": 62.06
				}
			,{
				"<=msec": 8.700
				,"percent": 62.48
				}
			,{
				"<=msec": 8.800
				,"percent": 62.93
				}
			,{
				"<=msec": 8.900
				,"percent": 63.28
				}
			,{
				"<=msec": 9.000
				,"percent": 63.72
				}
			,{
				"<=msec": 9.100
				,"percent": 64.26
				}
			,{
				"<=msec": 9.200
				,"percent": 64.77
				}
			,{
				"<=msec": 9.300
				,"percent": 65.32
				}
			,{
				"<=msec": 9.400
				,"percent": 65.83
				}
			,{
				"<=msec": 9.500
				,"percent": 66.38
				}
			,{
				"<=msec": 9.600
				,"percent": 66.73
				}
			,{
				"<=msec": 9.700
				,"percent": 67.24
				}
			,{
				"<=msec": 9.800
				,"percent": 67.72
				}
			,{
				"<=msec": 9.900
				,"percent": 68.08
				}
			,{
				"<=msec": 10.000
				,"percent": 70.32
				}
			,{
				"<=msec": 11.000
				,"percent": 78.45
				}
			,{
				"<=msec": 12.000
				,"percent": 87.25
				}
			,{
				"<=msec": 13.000
				,"percent": 95.59
				}
			,{
				"<=msec": 14.000
				,"percent": 98.50
				}
			,{
				"<=msec": 15.000
				,"percent": 98.91
				}
			,{
				"<=msec": 16.000
				,"percent": 99.28
				}
			,{
				"<=msec": 17.000
				,"percent": 99.42
				}
			,{
				"<=msec": 18.000
				,"percent": 99.55
				}
			,{
				"<=msec": 19.000
				,"percent": 99.66
				}
			,{
				"<=msec": 20.000
				,"percent": 99.71
				}
			,{
				"<=msec": 21.000
				,"percent": 99.77
				}
			,{
				"<=msec": 22.000
				,"percent": 99.79
				}
			,{
				"<=msec": 23.000
				,"percent": 99.82
				}
			,{
				"<=msec": 24.000
				,"percent": 99.85
				}
			,{
				"<=msec": 25.000
				,"percent": 99.90
				}
			,{
				"<=msec": 27.000
				,"percent": 99.92
				}
			,{
				"<=msec": 28.000
				,"percent": 99.93
				}
			,{
				"<=msec": 29.000
				,"percent": 99.94
				}
			,{
				"<=msec": 32.000
				,"percent": 99.96
				}
			,{
				"<=msec": 33.000
				,"percent": 99.97
				}
			,{
				"<=msec": 110.000
				,"percent": 100.00
				}
			]
		,"WAIT":[
		]
		}
	}
