{
	"configuration":{
		"server": "10.0.0.9"
		,"port": 11212
		,"unix socket": "(null)"
		,"protocol": "memcache_text"
		,"out_file": "(null)"
		,"client_stats": "(null)"
		,"run_count": 1
		,"debug": 0
		,"requests": 0
		,"clients": 2
		,"threads": 1
		,"test_time": 60
		,"ratio": "1:3"
		,"pipeline": 1
		,"data_size": 4096
		,"data_offset": 0
		,"random_data": "false"
		,"data_size_range": "0:0"
		,"data_size_list": ""
		,"data_size_pattern": "R"
		,"expiry_range": "9999:10000"
		,"data_import": "(null)"
		,"data_verify": "false"
		,"verify_only": "false"
		,"generate_keys": "false"
		,"key_prefix": "memtier-"
		,"key_minimum":           0
		,"key_maximum":        1000
		,"key_pattern": "R:R"
		,"key_stddev": 0.000000
		,"key_median": 0.000000
		,"reconnect_interval": 0
		,"multi_key_get": 3
		,"authenticate": ""
		,"select-db": 0
		,"no-expiry": "false"
		,"wait-ratio": "0:0"
		,"num-slaves": "0:0"
		,"wait-timeout": "0-0"
		}
	,"run information":{
		"Threads": 1
		,"Connections per thread": 2
		,"Seconds": 60
		}
	,"ALL STATS":{
		"Sets":{
			"Ops/sec": 349.25
			,"Hits/sec": 0.00
			,"Misses/sec": 0.00
			,"Latency": 2.83
			,"KB/sec": 1410.42
			}
		,"Gets":{
			"Ops/sec": 349.21
			,"Hits/sec": 1047.64
			,"Misses/sec": 0.00
			,"Latency": 2.88
			,"KB/sec": 4234.65
			}
		,"Waits":{
			"Ops/sec": 0.00
			,"Hits/sec": 0.00
			,"Misses/sec": 0.00
			,"Latency": 0.00
			,"KB/sec": 0.00
			}
		,"Totals":{
			"Ops/sec": 698.46
			,"Hits/sec": 1047.64
			,"Misses/sec": 0.00
			,"Latency": 2.85
			,"KB/sec": 5645.06
			}
		,"SET":[
			{
				"<=msec": 1.300
				,"percent": 0.08
				}
			,{
				"<=msec": 1.400
				,"percent": 0.98
				}
			,{
				"<=msec": 1.500
				,"percent": 3.35
				}
			,{
				"<=msec": 1.600
				,"percent": 8.09
				}
			,{
				"<=msec": 1.700
				,"percent": 15.44
				}
			,{
				"<=msec": 1.800
				,"percent": 24.42
				}
			,{
				"<=msec": 1.900
				,"percent": 33.79
				}
			,{
				"<=msec": 2.000
				,"percent": 42.58
				}
			,{
				"<=msec": 2.100
				,"percent": 49.97
				}
			,{
				"<=msec": 2.200
				,"percent": 56.36
				}
			,{
				"<=msec": 2.300
				,"percent": 61.55
				}
			,{
				"<=msec": 2.400
				,"percent": 65.78
				}
			,{
				"<=msec": 2.500
				,"percent": 68.82
				}
			,{
				"<=msec": 2.600
				,"percent": 71.49
				}
			,{
				"<=msec": 2.700
				,"percent": 73.77
				}
			,{
				"<=msec": 2.800
				,"percent": 75.63
				}
			,{
				"<=msec": 2.900
				,"percent": 77.26
				}
			,{
				"<=msec": 3.000
				,"percent": 78.48
				}
			,{
				"<=msec": 3.100
				,"percent": 79.55
				}
			,{
				"<=msec": 3.200
				,"percent": 80.53
				}
			,{
				"<=msec": 3.300
				,"percent": 81.44
				}
			,{
				"<=msec": 3.400
				,"percent": 82.22
				}
			,{
				"<=msec": 3.500
				,"percent": 83.08
				}
			,{
				"<=msec": 3.600
				,"percent": 83.67
				}
			,{
				"<=msec": 3.700
				,"percent": 84.25
				}
			,{
				"<=msec": 3.800
				,"percent": 84.78
				}
			,{
				"<=msec": 3.900
				,"percent": 85.33
				}
			,{
				"<=msec": 4.000
				,"percent": 85.80
				}
			,{
				"<=msec": 4.100
				,"percent": 86.30
				}
			,{
				"<=msec": 4.200
				,"percent": 86.69
				}
			,{
				"<=msec": 4.300
				,"percent": 87.05
				}
			,{
				"<=msec": 4.400
				,"percent": 87.40
				}
			,{
				"<=msec": 4.500
				,"percent": 87.71
				}
			,{
				"<=msec": 4.600
				,"percent": 87.98
				}
			,{
				"<=msec": 4.700
				,"percent": 88.35
				}
			,{
				"<=msec": 4.800
				,"percent": 88.73
				}
			,{
				"<=msec": 4.900
				,"percent": 89.10
				}
			,{
				"<=msec": 5.000
				,"percent": 89.38
				}
			,{
				"<=msec": 5.100
				,"percent": 89.69
				}
			,{
				"<=msec": 5.200
				,"percent": 89.99
				}
			,{
				"<=msec": 5.300
				,"percent": 90.29
				}
			,{
				"<=msec": 5.400
				,"percent": 90.67
				}
			,{
				"<=msec": 5.500
				,"percent": 91.04
				}
			,{
				"<=msec": 5.600
				,"percent": 91.28
				}
			,{
				"<=msec": 5.700
				,"percent": 91.60
				}
			,{
				"<=msec": 5.800
				,"percent": 91.91
				}
			,{
				"<=msec": 5.900
				,"percent": 92.25
				}
			,{
				"<=msec": 6.000
				,"percent": 92.57
				}
			,{
				"<=msec": 6.100
				,"percent": 92.92
				}
			,{
				"<=msec": 6.200
				,"percent": 93.23
				}
			,{
				"<=msec": 6.300
				,"percent": 93.49
				}
			,{
				"<=msec": 6.400
				,"percent": 93.84
				}
			,{
				"<=msec": 6.500
				,"percent": 94.09
				}
			,{
				"<=msec": 6.600
				,"percent": 94.39
				}
			,{
				"<=msec": 6.700
				,"percent": 94.66
				}
			,{
				"<=msec": 6.800
				,"percent": 94.97
				}
			,{
				"<=msec": 6.900
				,"percent": 95.18
				}
			,{
				"<=msec": 7.000
				,"percent": 95.47
				}
			,{
				"<=msec": 7.100
				,"percent": 95.74
				}
			,{
				"<=msec": 7.200
				,"percent": 96.08
				}
			,{
				"<=msec": 7.300
				,"percent": 96.39
				}
			,{
				"<=msec": 7.400
				,"percent": 96.60
				}
			,{
				"<=msec": 7.500
				,"percent": 96.81
				}
			,{
				"<=msec": 7.600
				,"percent": 97.04
				}
			,{
				"<=msec": 7.700
				,"percent": 97.25
				}
			,{
				"<=msec": 7.800
				,"percent": 97.41
				}
			,{
				"<=msec": 7.900
				,"percent": 97.54
				}
			,{
				"<=msec": 8.000
				,"percent": 97.73
				}
			,{
				"<=msec": 8.100
				,"percent": 97.89
				}
			,{
				"<=msec": 8.200
				,"percent": 97.97
				}
			,{
				"<=msec": 8.300
				,"percent": 98.06
				}
			,{
				"<=msec": 8.400
				,"percent": 98.11
				}
			,{
				"<=msec": 8.500
				,"percent": 98.18
				}
			,{
				"<=msec": 8.600
				,"percent": 98.29
				}
			,{
				"<=msec": 8.700
				,"percent": 98.36
				}
			,{
				"<=msec": 8.800
				,"percent": 98.45
				}
			,{
				"<=msec": 8.900
				,"percent": 98.51
				}
			,{
				"<=msec": 9.000
				,"percent": 98.55
				}
			,{
				"<=msec": 9.100
				,"percent": 98.62
				}
			,{
				"<=msec": 9.200
				,"percent": 98.66
				}
			,{
				"<=msec": 9.300
				,"percent": 98.71
				}
			,{
				"<=msec": 9.400
				,"percent": 98.79
				}
			,{
				"<=msec": 9.500
				,"percent": 98.85
				}
			,{
				"<=msec": 9.600
				,"percent": 98.89
				}
			,{
				"<=msec": 9.700
				,"percent": 98.95
				}
			,{
				"<=msec": 9.800
				,"percent": 99.02
				}
			,{
				"<=msec": 9.900
				,"percent": 99.06
				}
			,{
				"<=msec": 10.000
				,"percent": 99.29
				}
			,{
				"<=msec": 11.000
				,"percent": 99.59
				}
			,{
				"<=msec": 12.000
				,"percent": 99.70
				}
			,{
				"<=msec": 13.000
				,"percent": 99.76
				}
			,{
				"<=msec": 14.000
				,"percent": 99.80
				}
			,{
				"<=msec": 15.000
				,"percent": 99.84
				}
			,{
				"<=msec": 16.000
				,"percent": 99.87
				}
			,{
				"<=msec": 17.000
				,"percent": 99.91
				}
			,{
				"<=msec": 18.000
				,"percent": 99.92
				}
			,{
				"<=msec": 21.000
				,"percent": 99.93
				}
			,{
				"<=msec": 23.000
				,"percent": 99.94
				}
			,{
				"<=msec": 24.000
				,"percent": 99.95
				}
			,{
				"<=msec": 25.000
				,"percent": 99.96
				}
			,{
				"<=msec": 26.000
				,"percent": 99.96
				}
			,{
				"<=msec": 27.000
				,"percent": 99.97
				}
			,{
				"<=msec": 30.000
				,"percent": 99.98
				}
			,{
				"<=msec": 31.000
				,"percent": 99.98
				}
			,{
				"<=msec": 40.000
				,"percent": 99.99
				}
			,{
				"<=msec": 41.000
				,"percent": 99.99
				}
			,{
				"<=msec": 100.000
				,"percent": 100.00
				}
			,{
				"<=msec": 110.000
				,"percent": 100.00
				}
			]
		,"GET":[
			{
				"<=msec": 1.300
				,"percent": 0.02
				}
			,{
				"<=msec": 1.400
				,"percent": 0.25
				}
			,{
				"<=msec": 1.500
				,"percent": 1.26
				}
			,{
				"<=msec": 1.600
				,"percent": 4.19
				}
			,{
				"<=msec": 1.700
				,"percent": 9.64
				}
			,{
				"<=msec": 1.800
				,"percent": 17.14
				}
			,{
				"<=msec": 1.900
				,"percent": 26.50
				}
			,{
				"<=msec": 2.000
				,"percent": 35.77
				}
			,{
				"<=msec": 2.100
				,"percent": 44.27
				}
			,{
				"<=msec": 2.200
				,"percent": 51.58
				}
			,{
				"<=msec": 2.300
				,"percent": 57.77
				}
			,{
				"<=msec": 2.400
				,"percent": 62.70
				}
			,{
				"<=msec": 2.500
				,"percent": 66.70
				}
			,{
				"<=msec": 2.600
				,"percent": 69.82
				}
			,{
				"<=msec": 2.700
				,"percent": 72.67
				}
			,{
				"<=msec": 2.800
				,"percent": 74.66
				}
			,{
				"<=msec": 2.900
				,"percent": 76.50
				}
			,{
				"<=msec": 3.000
				,"percent": 78.02
				}
			,{
				"<=msec": 3.100
				,"percent": 79.29
				}
			,{
				"<=msec": 3.200
				,"percent": 80.27
				}
			,{
				"<=msec": 3.300
				,"percent": 81.22
				}
			,{
				"<=msec": 3.400
				,"percent": 81.90
				}
			,{
				"<=msec": 3.500
				,"percent": 82.69
				}
			,{
				"<=msec": 3.600
				,"percent": 83.48
				}
			,{
				"<=msec": 3.700
				,"percent": 84.24
				}
			,{
				"<=msec": 3.800
				,"percent": 84.78
				}
			,{
				"<=msec": 3.900
				,"percent": 85.24
				}
			,{
				"<=msec": 4.000
				,"percent": 85.83
				}
			,{
				"<=msec": 4.100
				,"percent": 86.25
				}
			,{
				"<=msec": 4.200
				,"percent": 86.71
				}
			,{
				"<=msec": 4.300
				,"percent": 87.10
				}
			,{
				"<=msec": 4.400
				,"percent": 87.52
				}
			,{
				"<=msec": 4.500
				,"percent": 87.89
				}
			,{
				"<=msec": 4.600
				,"percent": 88.28
				}
			,{
				"<=msec": 4.700
				,"percent": 88.62
				}
			,{
				"<=msec": 4.800
				,"percent": 88.94
				}
			,{
				"<=msec": 4.900
				,"percent": 89.26
				}
			,{
				"<=msec": 5.000
				,"percent": 89.61
				}
			,{
				"<=msec": 5.100
				,"percent": 89.93
				}
			,{
				"<=msec": 5.200
				,"percent": 90.23
				}
			,{
				"<=msec": 5.300
				,"percent": 90.52
				}
			,{
				"<=msec": 5.400
				,"percent": 90.84
				}
			,{
				"<=msec": 5.500
				,"percent": 91.16
				}
			,{
				"<=msec": 5.600
				,"percent": 91.47
				}
			,{
				"<=msec": 5.700
				,"percent": 91.66
				}
			,{
				"<=msec": 5.800
				,"percent": 91.95
				}
			,{
				"<=msec": 5.900
				,"percent": 92.20
				}
			,{
				"<=msec": 6.000
				,"percent": 92.55
				}
			,{
				"<=msec": 6.100
				,"percent": 92.84
				}
			,{
				"<=msec": 6.200
				,"percent": 93.17
				}
			,{
				"<=msec": 6.300
				,"percent": 93.49
				}
			,{
				"<=msec": 6.400
				,"percent": 93.77
				}
			,{
				"<=msec": 6.500
				,"percent": 94.06
				}
			,{
				"<=msec": 6.600
				,"percent": 94.38
				}
			,{
				"<=msec": 6.700
				,"percent": 94.65
				}
			,{
				"<=msec": 6.800
				,"percent": 94.93
				}
			,{
				"<=msec": 6.900
				,"percent": 95.17
				}
			,{
				"<=msec": 7.000
				,"percent": 95.46
				}
			,{
				"<=msec": 7.100
				,"percent": 95.73
				}
			,{
				"<=msec": 7.200
				,"percent": 95.96
				}
			,{
				"<=msec": 7.300
				,"percent": 96.22
				}
			,{
				"<=msec": 7.400
				,"percent": 96.44
				}
			,{
				"<=msec": 7.500
				,"percent": 96.66
				}
			,{
				"<=msec": 7.600
				,"percent": 96.87
				}
			,{
				"<=msec": 7.700
				,"percent": 97.08
				}
			,{
				"<=msec": 7.800
				,"percent": 97.27
				}
			,{
				"<=msec": 7.900
				,"percent": 97.45
				}
			,{
				"<=msec": 8.000
				,"percent": 97.56
				}
			,{
				"<=msec": 8.100
				,"percent": 97.72
				}
			,{
				"<=msec": 8.200
				,"percent": 97.84
				}
			,{
				"<=msec": 8.300
				,"percent": 97.90
				}
			,{
				"<=msec": 8.400
				,"percent": 97.98
				}
			,{
				"<=msec": 8.500
				,"percent": 98.06
				}
			,{
				"<=msec": 8.600
				,"percent": 98.13
				}
			,{
				"<=msec": 8.700
				,"percent": 98.24
				}
			,{
				"<=msec": 8.800
				,"percent": 98.32
				}
			,{
				"<=msec": 8.900
				,"percent": 98.40
				}
			,{
				"<=msec": 9.000
				,"percent": 98.48
				}
			,{
				"<=msec": 9.100
				,"percent": 98.55
				}
			,{
				"<=msec": 9.200
				,"percent": 98.63
				}
			,{
				"<=msec": 9.300
				,"percent": 98.67
				}
			,{
				"<=msec": 9.400
				,"percent": 98.73
				}
			,{
				"<=msec": 9.500
				,"percent": 98.77
				}
			,{
				"<=msec": 9.600
				,"percent": 98.83
				}
			,{
				"<=msec": 9.700
				,"percent": 98.88
				}
			,{
				"<=msec": 9.800
				,"percent": 98.93
				}
			,{
				"<=msec": 9.900
				,"percent": 98.98
				}
			,{
				"<=msec": 10.000
				,"percent": 99.30
				}
			,{
				"<=msec": 11.000
				,"percent": 99.64
				}
			,{
				"<=msec": 12.000
				,"percent": 99.75
				}
			,{
				"<=msec": 13.000
				,"percent": 99.82
				}
			,{
				"<=msec": 14.000
				,"percent": 99.85
				}
			,{
				"<=msec": 15.000
				,"percent": 99.89
				}
			,{
				"<=msec": 16.000
				,"percent": 99.90
				}
			,{
				"<=msec": 17.000
				,"percent": 99.92
				}
			,{
				"<=msec": 18.000
				,"percent": 99.94
				}
			,{
				"<=msec": 19.000
				,"percent": 99.95
				}
			,{
				"<=msec": 20.000
				,"percent": 99.96
				}
			,{
				"<=msec": 23.000
				,"percent": 99.96
				}
			,{
				"<=msec": 27.000
				,"percent": 99.97
				}
			,{
				"<=msec": 28.000
				,"percent": 99.97
				}
			,{
				"<=msec": 31.000
				,"percent": 99.98
				}
			,{
				"<=msec": 34.000
				,"percent": 99.98
				}
			,{
				"<=msec": 41.000
				,"percent": 99.99
				}
			,{
				"<=msec": 42.000
				,"percent": 99.99
				}
			,{
				"<=msec": 100.000
				,"percent": 100.00
				}
			,{
				"<=msec": 110.000
				,"percent": 100.00
				}
			]
		,"WAIT":[
		]
		}
	}
