{
	"configuration":{
		"server": "10.0.0.9"
		,"port": 11212
		,"unix socket": "(null)"
		,"protocol": "memcache_text"
		,"out_file": "(null)"
		,"client_stats": "(null)"
		,"run_count": 1
		,"debug": 0
		,"requests": 0
		,"clients": 2
		,"threads": 1
		,"test_time": 60
		,"ratio": "1:6"
		,"pipeline": 1
		,"data_size": 4096
		,"data_offset": 0
		,"random_data": "false"
		,"data_size_range": "0:0"
		,"data_size_list": ""
		,"data_size_pattern": "R"
		,"expiry_range": "9999:10000"
		,"data_import": "(null)"
		,"data_verify": "false"
		,"verify_only": "false"
		,"generate_keys": "false"
		,"key_prefix": "memtier-"
		,"key_minimum":           0
		,"key_maximum":        1000
		,"key_pattern": "R:R"
		,"key_stddev": 0.000000
		,"key_median": 0.000000
		,"reconnect_interval": 0
		,"multi_key_get": 6
		,"authenticate": ""
		,"select-db": 0
		,"no-expiry": "false"
		,"wait-ratio": "0:0"
		,"num-slaves": "0:0"
		,"wait-timeout": "0-0"
		}
	,"run information":{
		"Threads": 1
		,"Connections per thread": 2
		,"Seconds": 60
		}
	,"ALL STATS":{
		"Sets":{
			"Ops/sec": 235.63
			,"Hits/sec": 0.00
			,"Misses/sec": 0.00
			,"Latency": 3.75
			,"KB/sec": 951.58
			}
		,"Gets":{
			"Ops/sec": 235.61
			,"Hits/sec": 1413.68
			,"Misses/sec": 0.00
			,"Latency": 4.72
			,"KB/sec": 5711.94
			}
		,"Waits":{
			"Ops/sec": 0.00
			,"Hits/sec": 0.00
			,"Misses/sec": 0.00
			,"Latency": 0.00
			,"KB/sec": 0.00
			}
		,"Totals":{
			"Ops/sec": 471.24
			,"Hits/sec": 1413.68
			,"Misses/sec": 0.00
			,"Latency": 4.23
			,"KB/sec": 6663.53
			}
		,"SET":[
			{
				"<=msec": 1.300
				,"percent": 0.04
				}
			,{
				"<=msec": 1.400
				,"percent": 0.40
				}
			,{
				"<=msec": 1.500
				,"percent": 1.65
				}
			,{
				"<=msec": 1.600
				,"percent": 4.35
				}
			,{
				"<=msec": 1.700
				,"percent": 8.72
				}
			,{
				"<=msec": 1.800
				,"percent": 15.16
				}
			,{
				"<=msec": 1.900
				,"percent": 21.81
				}
			,{
				"<=msec": 2.000
				,"percent": 29.16
				}
			,{
				"<=msec": 2.100
				,"percent": 35.83
				}
			,{
				"<=msec": 2.200
				,"percent": 41.33
				}
			,{
				"<=msec": 2.300
				,"percent": 46.41
				}
			,{
				"<=msec": 2.400
				,"percent": 50.04
				}
			,{
				"<=msec": 2.500
				,"percent": 52.96
				}
			,{
				"<=msec": 2.600
				,"percent": 55.71
				}
			,{
				"<=msec": 2.700
				,"percent": 57.89
				}
			,{
				"<=msec": 2.800
				,"percent": 59.56
				}
			,{
				"<=msec": 2.900
				,"percent": 61.15
				}
			,{
				"<=msec": 3.000
				,"percent": 62.44
				}
			,{
				"<=msec": 3.100
				,"percent": 63.60
				}
			,{
				"<=msec": 3.200
				,"percent": 64.51
				}
			,{
				"<=msec": 3.300
				,"percent": 65.41
				}
			,{
				"<=msec": 3.400
				,"percent": 66.31
				}
			,{
				"<=msec": 3.500
				,"percent": 67.07
				}
			,{
				"<=msec": 3.600
				,"percent": 67.87
				}
			,{
				"<=msec": 3.700
				,"percent": 68.51
				}
			,{
				"<=msec": 3.800
				,"percent": 69.05
				}
			,{
				"<=msec": 3.900
				,"percent": 69.64
				}
			,{
				"<=msec": 4.000
				,"percent": 70.29
				}
			,{
				"<=msec": 4.100
				,"percent": 70.77
				}
			,{
				"<=msec": 4.200
				,"percent": 71.31
				}
			,{
				"<=msec": 4.300
				,"percent": 71.81
				}
			,{
				"<=msec": 4.400
				,"percent": 72.37
				}
			,{
				"<=msec": 4.500
				,"percent": 72.83
				}
			,{
				"<=msec": 4.600
				,"percent": 73.29
				}
			,{
				"<=msec": 4.700
				,"percent": 73.80
				}
			,{
				"<=msec": 4.800
				,"percent": 74.35
				}
			,{
				"<=msec": 4.900
				,"percent": 74.84
				}
			,{
				"<=msec": 5.000
				,"percent": 75.26
				}
			,{
				"<=msec": 5.100
				,"percent": 75.79
				}
			,{
				"<=msec": 5.200
				,"percent": 76.25
				}
			,{
				"<=msec": 5.300
				,"percent": 76.69
				}
			,{
				"<=msec": 5.400
				,"percent": 77.17
				}
			,{
				"<=msec": 5.500
				,"percent": 77.60
				}
			,{
				"<=msec": 5.600
				,"percent": 78.14
				}
			,{
				"<=msec": 5.700
				,"percent": 78.56
				}
			,{
				"<=msec": 5.800
				,"percent": 79.06
				}
			,{
				"<=msec": 5.900
				,"percent": 79.72
				}
			,{
				"<=msec": 6.000
				,"percent": 80.17
				}
			,{
				"<=msec": 6.100
				,"percent": 80.71
				}
			,{
				"<=msec": 6.200
				,"percent": 81.26
				}
			,{
				"<=msec": 6.300
				,"percent": 81.82
				}
			,{
				"<=msec": 6.400
				,"percent": 82.32
				}
			,{
				"<=msec": 6.500
				,"percent": 82.77
				}
			,{
				"<=msec": 6.600
				,"percent": 83.30
				}
			,{
				"<=msec": 6.700
				,"percent": 83.77
				}
			,{
				"<=msec": 6.800
				,"percent": 84.26
				}
			,{
				"<=msec": 6.900
				,"percent": 84.88
				}
			,{
				"<=msec": 7.000
				,"percent": 85.51
				}
			,{
				"<=msec": 7.100
				,"percent": 86.11
				}
			,{
				"<=msec": 7.200
				,"percent": 86.70
				}
			,{
				"<=msec": 7.300
				,"percent": 87.28
				}
			,{
				"<=msec": 7.400
				,"percent": 87.92
				}
			,{
				"<=msec": 7.500
				,"percent": 88.52
				}
			,{
				"<=msec": 7.600
				,"percent": 89.02
				}
			,{
				"<=msec": 7.700
				,"percent": 89.57
				}
			,{
				"<=msec": 7.800
				,"percent": 90.03
				}
			,{
				"<=msec": 7.900
				,"percent": 90.59
				}
			,{
				"<=msec": 8.000
				,"percent": 91.02
				}
			,{
				"<=msec": 8.100
				,"percent": 91.43
				}
			,{
				"<=msec": 8.200
				,"percent": 91.89
				}
			,{
				"<=msec": 8.300
				,"percent": 92.34
				}
			,{
				"<=msec": 8.400
				,"percent": 92.80
				}
			,{
				"<=msec": 8.500
				,"percent": 93.27
				}
			,{
				"<=msec": 8.600
				,"percent": 93.65
				}
			,{
				"<=msec": 8.700
				,"percent": 93.93
				}
			,{
				"<=msec": 8.800
				,"percent": 94.31
				}
			,{
				"<=msec": 8.900
				,"percent": 94.62
				}
			,{
				"<=msec": 9.000
				,"percent": 94.95
				}
			,{
				"<=msec": 9.100
				,"percent": 95.30
				}
			,{
				"<=msec": 9.200
				,"percent": 95.59
				}
			,{
				"<=msec": 9.300
				,"percent": 95.83
				}
			,{
				"<=msec": 9.400
				,"percent": 96.09
				}
			,{
				"<=msec": 9.500
				,"percent": 96.49
				}
			,{
				"<=msec": 9.600
				,"percent": 96.72
				}
			,{
				"<=msec": 9.700
				,"percent": 96.98
				}
			,{
				"<=msec": 9.800
				,"percent": 97.28
				}
			,{
				"<=msec": 9.900
				,"percent": 97.62
				}
			,{
				"<=msec": 10.000
				,"percent": 98.63
				}
			,{
				"<=msec": 11.000
				,"percent": 99.25
				}
			,{
				"<=msec": 12.000
				,"percent": 99.57
				}
			,{
				"<=msec": 13.000
				,"percent": 99.68
				}
			,{
				"<=msec": 14.000
				,"percent": 99.75
				}
			,{
				"<=msec": 15.000
				,"percent": 99.78
				}
			,{
				"<=msec": 16.000
				,"percent": 99.83
				}
			,{
				"<=msec": 17.000
				,"percent": 99.86
				}
			,{
				"<=msec": 18.000
				,"percent": 99.88
				}
			,{
				"<=msec": 19.000
				,"percent": 99.89
				}
			,{
				"<=msec": 20.000
				,"percent": 99.90
				}
			,{
				"<=msec": 21.000
				,"percent": 99.93
				}
			,{
				"<=msec": 22.000
				,"percent": 99.94
				}
			,{
				"<=msec": 24.000
				,"percent": 99.95
				}
			,{
				"<=msec": 25.000
				,"percent": 99.97
				}
			,{
				"<=msec": 27.000
				,"percent": 99.98
				}
			,{
				"<=msec": 36.000
				,"percent": 99.99
				}
			,{
				"<=msec": 42.000
				,"percent": 99.99
				}
			,{
				"<=msec": 150.000
				,"percent": 100.00
				}
			]
		,"GET":[
			{
				"<=msec": 1.600
				,"percent": 0.01
				}
			,{
				"<=msec": 1.700
				,"percent": 0.07
				}
			,{
				"<=msec": 1.800
				,"percent": 0.28
				}
			,{
				"<=msec": 1.900
				,"percent": 0.81
				}
			,{
				"<=msec": 2.000
				,"percent": 1.99
				}
			,{
				"<=msec": 2.100
				,"percent": 3.86
				}
			,{
				"<=msec": 2.200
				,"percent": 6.85
				}
			,{
				"<=msec": 2.300
				,"percent": 10.91
				}
			,{
				"<=msec": 2.400
				,"percent": 15.11
				}
			,{
				"<=msec": 2.500
				,"percent": 19.82
				}
			,{
				"<=msec": 2.600
				,"percent": 24.89
				}
			,{
				"<=msec": 2.700
				,"percent": 29.73
				}
			,{
				"<=msec": 2.800
				,"percent": 34.14
				}
			,{
				"<=msec": 2.900
				,"percent": 38.02
				}
			,{
				"<=msec": 3.000
				,"percent": 41.46
				}
			,{
				"<=msec": 3.100
				,"percent": 44.71
				}
			,{
				"<=msec": 3.200
				,"percent": 47.32
				}
			,{
				"<=msec": 3.300
				,"percent": 49.74
				}
			,{
				"<=msec": 3.400
				,"percent": 51.60
				}
			,{
				"<=msec": 3.500
				,"percent": 53.43
				}
			,{
				"<=msec": 3.600
				,"percent": 54.94
				}
			,{
				"<=msec": 3.700
				,"percent": 56.38
				}
			,{
				"<=msec": 3.800
				,"percent": 57.66
				}
			,{
				"<=msec": 3.900
				,"percent": 58.69
				}
			,{
				"<=msec": 4.000
				,"percent": 59.86
				}
			,{
				"<=msec": 4.100
				,"percent": 60.74
				}
			,{
				"<=msec": 4.200
				,"percent": 61.64
				}
			,{
				"<=msec": 4.300
				,"percent": 62.41
				}
			,{
				"<=msec": 4.400
				,"percent": 63.09
				}
			,{
				"<=msec": 4.500
				,"percent": 63.70
				}
			,{
				"<=msec": 4.600
				,"percent": 64.38
				}
			,{
				"<=msec": 4.700
				,"percent": 65.05
				}
			,{
				"<=msec": 4.800
				,"percent": 65.75
				}
			,{
				"<=msec": 4.900
				,"percent": 66.35
				}
			,{
				"<=msec": 5.000
				,"percent": 66.97
				}
			,{
				"<=msec": 5.100
				,"percent": 67.47
				}
			,{
				"<=msec": 5.200
				,"percent": 67.99
				}
			,{
				"<=msec": 5.300
				,"percent": 68.66
				}
			,{
				"<=msec": 5.400
				,"percent": 69.19
				}
			,{
				"<=msec": 5.500
				,"percent": 69.71
				}
			,{
				"<=msec": 5.600
				,"percent": 70.36
				}
			,{
				"<=msec": 5.700
				,"percent": 70.94
				}
			,{
				"<=msec": 5.800
				,"percent": 71.54
				}
			,{
				"<=msec": 5.900
				,"percent": 72.07
				}
			,{
				"<=msec": 6.000
				,"percent": 72.58
				}
			,{
				"<=msec": 6.100
				,"percent": 73.04
				}
			,{
				"<=msec": 6.200
				,"percent": 73.61
				}
			,{
				"<=msec": 6.300
				,"percent": 74.15
				}
			,{
				"<=msec": 6.400
				,"percent": 74.74
				}
			,{
				"<=msec": 6.500
				,"percent": 75.31
				}
			,{
				"<=msec": 6.600
				,"percent": 75.81
				}
			,{
				"<=msec": 6.700
				,"percent": 76.30
				}
			,{
				"<=msec": 6.800
				,"percent": 76.88
				}
			,{
				"<=msec": 6.900
				,"percent": 77.41
				}
			,{
				"<=msec": 7.000
				,"percent": 78.09
				}
			,{
				"<=msec": 7.100
				,"percent": 78.66
				}
			,{
				"<=msec": 7.200
				,"percent": 79.25
				}
			,{
				"<=msec": 7.300
				,"percent": 79.95
				}
			,{
				"<=msec": 7.400
				,"percent": 80.59
				}
			,{
				"<=msec": 7.500
				,"percent": 81.29
				}
			,{
				"<=msec": 7.600
				,"percent": 81.98
				}
			,{
				"<=msec": 7.700
				,"percent": 82.85
				}
			,{
				"<=msec": 7.800
				,"percent": 83.66
				}
			,{
				"<=msec": 7.900
				,"percent": 84.30
				}
			,{
				"<=msec": 8.000
				,"percent": 84.98
				}
			,{
				"<=msec": 8.100
				,"percent": 85.63
				}
			,{
				"<=msec": 8.200
				,"percent": 86.33
				}
			,{
				"<=msec": 8.300
				,"percent": 87.07
				}
			,{
				"<=msec": 8.400
				,"percent": 87.66
				}
			,{
				"<=msec": 8.500
				,"percent": 88.38
				}
			,{
				"<=msec": 8.600
				,"percent": 89.04
				}
			,{
				"<=msec": 8.700
				,"percent": 89.81
				}
			,{
				"<=msec": 8.800
				,"percent": 90.37
				}
			,{
				"<=msec": 8.900
				,"percent": 90.95
				}
			,{
				"<=msec": 9.000
				,"percent": 91.43
				}
			,{
				"<=msec": 9.100
				,"percent": 91.98
				}
			,{
				"<=msec": 9.200
				,"percent": 92.49
				}
			,{
				"<=msec": 9.300
				,"percent": 93.08
				}
			,{
				"<=msec": 9.400
				,"percent": 93.63
				}
			,{
				"<=msec": 9.500
				,"percent": 94.09
				}
			,{
				"<=msec": 9.600
				,"percent": 94.48
				}
			,{
				"<=msec": 9.700
				,"percent": 94.82
				}
			,{
				"<=msec": 9.800
				,"percent": 95.20
				}
			,{
				"<=msec": 9.900
				,"percent": 95.46
				}
			,{
				"<=msec": 10.000
				,"percent": 96.87
				}
			,{
				"<=msec": 11.000
				,"percent": 98.44
				}
			,{
				"<=msec": 12.000
				,"percent": 98.98
				}
			,{
				"<=msec": 13.000
				,"percent": 99.34
				}
			,{
				"<=msec": 14.000
				,"percent": 99.48
				}
			,{
				"<=msec": 15.000
				,"percent": 99.58
				}
			,{
				"<=msec": 16.000
				,"percent": 99.63
				}
			,{
				"<=msec": 17.000
				,"percent": 99.70
				}
			,{
				"<=msec": 18.000
				,"percent": 99.72
				}
			,{
				"<=msec": 19.000
				,"percent": 99.78
				}
			,{
				"<=msec": 20.000
				,"percent": 99.83
				}
			,{
				"<=msec": 21.000
				,"percent": 99.86
				}
			,{
				"<=msec": 22.000
				,"percent": 99.90
				}
			,{
				"<=msec": 23.000
				,"percent": 99.92
				}
			,{
				"<=msec": 24.000
				,"percent": 99.93
				}
			,{
				"<=msec": 25.000
				,"percent": 99.94
				}
			,{
				"<=msec": 28.000
				,"percent": 99.94
				}
			,{
				"<=msec": 37.000
				,"percent": 99.95
				}
			,{
				"<=msec": 41.000
				,"percent": 99.96
				}
			,{
				"<=msec": 42.000
				,"percent": 99.96
				}
			,{
				"<=msec": 84.000
				,"percent": 99.97
				}
			,{
				"<=msec": 110.000
				,"percent": 99.99
				}
			,{
				"<=msec": 130.000
				,"percent": 100.00
				}
			]
		,"WAIT":[
		]
		}
	}
