{
	"configuration":{
		"server": "10.0.0.9"
		,"port": 11212
		,"unix socket": "(null)"
		,"protocol": "memcache_text"
		,"out_file": "(null)"
		,"client_stats": "(null)"
		,"run_count": 1
		,"debug": 0
		,"requests": 0
		,"clients": 2
		,"threads": 1
		,"test_time": 60
		,"ratio": "1:6"
		,"pipeline": 1
		,"data_size": 4096
		,"data_offset": 0
		,"random_data": "false"
		,"data_size_range": "0:0"
		,"data_size_list": ""
		,"data_size_pattern": "R"
		,"expiry_range": "9999:10000"
		,"data_import": "(null)"
		,"data_verify": "false"
		,"verify_only": "false"
		,"generate_keys": "false"
		,"key_prefix": "memtier-"
		,"key_minimum":           0
		,"key_maximum":        1000
		,"key_pattern": "R:R"
		,"key_stddev": 0.000000
		,"key_median": 0.000000
		,"reconnect_interval": 0
		,"multi_key_get": 6
		,"authenticate": ""
		,"select-db": 0
		,"no-expiry": "false"
		,"wait-ratio": "0:0"
		,"num-slaves": "0:0"
		,"wait-timeout": "0-0"
		}
	,"run information":{
		"Threads": 1
		,"Connections per thread": 2
		,"Seconds": 60
		}
	,"ALL STATS":{
		"Sets":{
			"Ops/sec": 235.72
			,"Hits/sec": 0.00
			,"Misses/sec": 0.00
			,"Latency": 3.78
			,"KB/sec": 951.96
			}
		,"Gets":{
			"Ops/sec": 235.69
			,"Hits/sec": 1414.14
			,"Misses/sec": 0.00
			,"Latency": 4.68
			,"KB/sec": 5713.79
			}
		,"Waits":{
			"Ops/sec": 0.00
			,"Hits/sec": 0.00
			,"Misses/sec": 0.00
			,"Latency": 0.00
			,"KB/sec": 0.00
			}
		,"Totals":{
			"Ops/sec": 471.41
			,"Hits/sec": 1414.14
			,"Misses/sec": 0.00
			,"Latency": 4.23
			,"KB/sec": 6665.74
			}
		,"SET":[
			{
				"<=msec": 1.200
				,"percent": 0.01
				}
			,{
				"<=msec": 1.300
				,"percent": 0.01
				}
			,{
				"<=msec": 1.400
				,"percent": 0.25
				}
			,{
				"<=msec": 1.500
				,"percent": 1.04
				}
			,{
				"<=msec": 1.600
				,"percent": 3.03
				}
			,{
				"<=msec": 1.700
				,"percent": 6.66
				}
			,{
				"<=msec": 1.800
				,"percent": 12.58
				}
			,{
				"<=msec": 1.900
				,"percent": 19.74
				}
			,{
				"<=msec": 2.000
				,"percent": 27.07
				}
			,{
				"<=msec": 2.100
				,"percent": 33.96
				}
			,{
				"<=msec": 2.200
				,"percent": 39.97
				}
			,{
				"<=msec": 2.300
				,"percent": 45.32
				}
			,{
				"<=msec": 2.400
				,"percent": 49.43
				}
			,{
				"<=msec": 2.500
				,"percent": 52.62
				}
			,{
				"<=msec": 2.600
				,"percent": 55.35
				}
			,{
				"<=msec": 2.700
				,"percent": 57.73
				}
			,{
				"<=msec": 2.800
				,"percent": 59.62
				}
			,{
				"<=msec": 2.900
				,"percent": 61.18
				}
			,{
				"<=msec": 3.000
				,"percent": 62.42
				}
			,{
				"<=msec": 3.100
				,"percent": 63.53
				}
			,{
				"<=msec": 3.200
				,"percent": 64.50
				}
			,{
				"<=msec": 3.300
				,"percent": 65.27
				}
			,{
				"<=msec": 3.400
				,"percent": 66.20
				}
			,{
				"<=msec": 3.500
				,"percent": 66.98
				}
			,{
				"<=msec": 3.600
				,"percent": 67.72
				}
			,{
				"<=msec": 3.700
				,"percent": 68.48
				}
			,{
				"<=msec": 3.800
				,"percent": 69.08
				}
			,{
				"<=msec": 3.900
				,"percent": 69.71
				}
			,{
				"<=msec": 4.000
				,"percent": 70.20
				}
			,{
				"<=msec": 4.100
				,"percent": 70.72
				}
			,{
				"<=msec": 4.200
				,"percent": 71.29
				}
			,{
				"<=msec": 4.300
				,"percent": 71.79
				}
			,{
				"<=msec": 4.400
				,"percent": 72.28
				}
			,{
				"<=msec": 4.500
				,"percent": 72.70
				}
			,{
				"<=msec": 4.600
				,"percent": 73.23
				}
			,{
				"<=msec": 4.700
				,"percent": 73.76
				}
			,{
				"<=msec": 4.800
				,"percent": 74.24
				}
			,{
				"<=msec": 4.900
				,"percent": 74.63
				}
			,{
				"<=msec": 5.000
				,"percent": 74.98
				}
			,{
				"<=msec": 5.100
				,"percent": 75.39
				}
			,{
				"<=msec": 5.200
				,"percent": 75.86
				}
			,{
				"<=msec": 5.300
				,"percent": 76.41
				}
			,{
				"<=msec": 5.400
				,"percent": 77.01
				}
			,{
				"<=msec": 5.500
				,"percent": 77.40
				}
			,{
				"<=msec": 5.600
				,"percent": 77.88
				}
			,{
				"<=msec": 5.700
				,"percent": 78.53
				}
			,{
				"<=msec": 5.800
				,"percent": 79.12
				}
			,{
				"<=msec": 5.900
				,"percent": 79.57
				}
			,{
				"<=msec": 6.000
				,"percent": 80.07
				}
			,{
				"<=msec": 6.100
				,"percent": 80.70
				}
			,{
				"<=msec": 6.200
				,"percent": 81.29
				}
			,{
				"<=msec": 6.300
				,"percent": 81.91
				}
			,{
				"<=msec": 6.400
				,"percent": 82.42
				}
			,{
				"<=msec": 6.500
				,"percent": 82.91
				}
			,{
				"<=msec": 6.600
				,"percent": 83.53
				}
			,{
				"<=msec": 6.700
				,"percent": 83.99
				}
			,{
				"<=msec": 6.800
				,"percent": 84.55
				}
			,{
				"<=msec": 6.900
				,"percent": 85.11
				}
			,{
				"<=msec": 7.000
				,"percent": 85.65
				}
			,{
				"<=msec": 7.100
				,"percent": 86.14
				}
			,{
				"<=msec": 7.200
				,"percent": 86.63
				}
			,{
				"<=msec": 7.300
				,"percent": 87.05
				}
			,{
				"<=msec": 7.400
				,"percent": 87.44
				}
			,{
				"<=msec": 7.500
				,"percent": 87.90
				}
			,{
				"<=msec": 7.600
				,"percent": 88.44
				}
			,{
				"<=msec": 7.700
				,"percent": 88.89
				}
			,{
				"<=msec": 7.800
				,"percent": 89.30
				}
			,{
				"<=msec": 7.900
				,"percent": 89.71
				}
			,{
				"<=msec": 8.000
				,"percent": 90.16
				}
			,{
				"<=msec": 8.100
				,"percent": 90.71
				}
			,{
				"<=msec": 8.200
				,"percent": 91.20
				}
			,{
				"<=msec": 8.300
				,"percent": 91.66
				}
			,{
				"<=msec": 8.400
				,"percent": 92.11
				}
			,{
				"<=msec": 8.500
				,"percent": 92.50
				}
			,{
				"<=msec": 8.600
				,"percent": 93.01
				}
			,{
				"<=msec": 8.700
				,"percent": 93.42
				}
			,{
				"<=msec": 8.800
				,"percent": 93.82
				}
			,{
				"<=msec": 8.900
				,"percent": 94.22
				}
			,{
				"<=msec": 9.000
				,"percent": 94.56
				}
			,{
				"<=msec": 9.100
				,"percent": 94.90
				}
			,{
				"<=msec": 9.200
				,"percent": 95.15
				}
			,{
				"<=msec": 9.300
				,"percent": 95.48
				}
			,{
				"<=msec": 9.400
				,"percent": 95.74
				}
			,{
				"<=msec": 9.500
				,"percent": 96.01
				}
			,{
				"<=msec": 9.600
				,"percent": 96.27
				}
			,{
				"<=msec": 9.700
				,"percent": 96.56
				}
			,{
				"<=msec": 9.800
				,"percent": 96.80
				}
			,{
				"<=msec": 9.900
				,"percent": 97.02
				}
			,{
				"<=msec": 10.000
				,"percent": 98.42
				}
			,{
				"<=msec": 11.000
				,"percent": 99.22
				}
			,{
				"<=msec": 12.000
				,"percent": 99.51
				}
			,{
				"<=msec": 13.000
				,"percent": 99.66
				}
			,{
				"<=msec": 14.000
				,"percent": 99.74
				}
			,{
				"<=msec": 15.000
				,"percent": 99.77
				}
			,{
				"<=msec": 16.000
				,"percent": 99.81
				}
			,{
				"<=msec": 17.000
				,"percent": 99.83
				}
			,{
				"<=msec": 18.000
				,"percent": 99.86
				}
			,{
				"<=msec": 19.000
				,"percent": 99.89
				}
			,{
				"<=msec": 21.000
				,"percent": 99.92
				}
			,{
				"<=msec": 22.000
				,"percent": 99.96
				}
			,{
				"<=msec": 23.000
				,"percent": 99.97
				}
			,{
				"<=msec": 25.000
				,"percent": 99.98
				}
			,{
				"<=msec": 33.000
				,"percent": 99.99
				}
			,{
				"<=msec": 41.000
				,"percent": 99.99
				}
			,{
				"<=msec": 42.000
				,"percent": 100.00
				}
			]
		,"GET":[
			{
				"<=msec": 1.700
				,"percent": 0.04
				}
			,{
				"<=msec": 1.800
				,"percent": 0.13
				}
			,{
				"<=msec": 1.900
				,"percent": 0.54
				}
			,{
				"<=msec": 2.000
				,"percent": 1.51
				}
			,{
				"<=msec": 2.100
				,"percent": 3.44
				}
			,{
				"<=msec": 2.200
				,"percent": 6.36
				}
			,{
				"<=msec": 2.300
				,"percent": 10.20
				}
			,{
				"<=msec": 2.400
				,"percent": 14.74
				}
			,{
				"<=msec": 2.500
				,"percent": 19.95
				}
			,{
				"<=msec": 2.600
				,"percent": 24.97
				}
			,{
				"<=msec": 2.700
				,"percent": 29.89
				}
			,{
				"<=msec": 2.800
				,"percent": 34.30
				}
			,{
				"<=msec": 2.900
				,"percent": 38.26
				}
			,{
				"<=msec": 3.000
				,"percent": 41.71
				}
			,{
				"<=msec": 3.100
				,"percent": 45.08
				}
			,{
				"<=msec": 3.200
				,"percent": 47.97
				}
			,{
				"<=msec": 3.300
				,"percent": 50.42
				}
			,{
				"<=msec": 3.400
				,"percent": 52.47
				}
			,{
				"<=msec": 3.500
				,"percent": 54.37
				}
			,{
				"<=msec": 3.600
				,"percent": 55.97
				}
			,{
				"<=msec": 3.700
				,"percent": 57.27
				}
			,{
				"<=msec": 3.800
				,"percent": 58.51
				}
			,{
				"<=msec": 3.900
				,"percent": 59.69
				}
			,{
				"<=msec": 4.000
				,"percent": 60.66
				}
			,{
				"<=msec": 4.100
				,"percent": 61.52
				}
			,{
				"<=msec": 4.200
				,"percent": 62.36
				}
			,{
				"<=msec": 4.300
				,"percent": 63.10
				}
			,{
				"<=msec": 4.400
				,"percent": 63.69
				}
			,{
				"<=msec": 4.500
				,"percent": 64.28
				}
			,{
				"<=msec": 4.600
				,"percent": 64.80
				}
			,{
				"<=msec": 4.700
				,"percent": 65.32
				}
			,{
				"<=msec": 4.800
				,"percent": 65.87
				}
			,{
				"<=msec": 4.900
				,"percent": 66.37
				}
			,{
				"<=msec": 5.000
				,"percent": 66.93
				}
			,{
				"<=msec": 5.100
				,"percent": 67.39
				}
			,{
				"<=msec": 5.200
				,"percent": 67.88
				}
			,{
				"<=msec": 5.300
				,"percent": 68.33
				}
			,{
				"<=msec": 5.400
				,"percent": 68.74
				}
			,{
				"<=msec": 5.500
				,"percent": 69.21
				}
			,{
				"<=msec": 5.600
				,"percent": 69.76
				}
			,{
				"<=msec": 5.700
				,"percent": 70.29
				}
			,{
				"<=msec": 5.800
				,"percent": 70.74
				}
			,{
				"<=msec": 5.900
				,"percent": 71.26
				}
			,{
				"<=msec": 6.000
				,"percent": 71.75
				}
			,{
				"<=msec": 6.100
				,"percent": 72.22
				}
			,{
				"<=msec": 6.200
				,"percent": 72.78
				}
			,{
				"<=msec": 6.300
				,"percent": 73.43
				}
			,{
				"<=msec": 6.400
				,"percent": 73.99
				}
			,{
				"<=msec": 6.500
				,"percent": 74.58
				}
			,{
				"<=msec": 6.600
				,"percent": 75.25
				}
			,{
				"<=msec": 6.700
				,"percent": 75.96
				}
			,{
				"<=msec": 6.800
				,"percent": 76.64
				}
			,{
				"<=msec": 6.900
				,"percent": 77.32
				}
			,{
				"<=msec": 7.000
				,"percent": 77.96
				}
			,{
				"<=msec": 7.100
				,"percent": 78.72
				}
			,{
				"<=msec": 7.200
				,"percent": 79.37
				}
			,{
				"<=msec": 7.300
				,"percent": 80.06
				}
			,{
				"<=msec": 7.400
				,"percent": 80.87
				}
			,{
				"<=msec": 7.500
				,"percent": 81.72
				}
			,{
				"<=msec": 7.600
				,"percent": 82.42
				}
			,{
				"<=msec": 7.700
				,"percent": 83.18
				}
			,{
				"<=msec": 7.800
				,"percent": 83.97
				}
			,{
				"<=msec": 7.900
				,"percent": 84.61
				}
			,{
				"<=msec": 8.000
				,"percent": 85.24
				}
			,{
				"<=msec": 8.100
				,"percent": 85.91
				}
			,{
				"<=msec": 8.200
				,"percent": 86.54
				}
			,{
				"<=msec": 8.300
				,"percent": 87.26
				}
			,{
				"<=msec": 8.400
				,"percent": 87.90
				}
			,{
				"<=msec": 8.500
				,"percent": 88.47
				}
			,{
				"<=msec": 8.600
				,"percent": 89.22
				}
			,{
				"<=msec": 8.700
				,"percent": 89.85
				}
			,{
				"<=msec": 8.800
				,"percent": 90.46
				}
			,{
				"<=msec": 8.900
				,"percent": 91.09
				}
			,{
				"<=msec": 9.000
				,"percent": 91.66
				}
			,{
				"<=msec": 9.100
				,"percent": 92.29
				}
			,{
				"<=msec": 9.200
				,"percent": 92.72
				}
			,{
				"<=msec": 9.300
				,"percent": 93.21
				}
			,{
				"<=msec": 9.400
				,"percent": 93.66
				}
			,{
				"<=msec": 9.500
				,"percent": 94.06
				}
			,{
				"<=msec": 9.600
				,"percent": 94.56
				}
			,{
				"<=msec": 9.700
				,"percent": 94.87
				}
			,{
				"<=msec": 9.800
				,"percent": 95.18
				}
			,{
				"<=msec": 9.900
				,"percent": 95.51
				}
			,{
				"<=msec": 10.000
				,"percent": 97.00
				}
			,{
				"<=msec": 11.000
				,"percent": 98.63
				}
			,{
				"<=msec": 12.000
				,"percent": 99.17
				}
			,{
				"<=msec": 13.000
				,"percent": 99.45
				}
			,{
				"<=msec": 14.000
				,"percent": 99.57
				}
			,{
				"<=msec": 15.000
				,"percent": 99.65
				}
			,{
				"<=msec": 16.000
				,"percent": 99.72
				}
			,{
				"<=msec": 17.000
				,"percent": 99.75
				}
			,{
				"<=msec": 18.000
				,"percent": 99.77
				}
			,{
				"<=msec": 19.000
				,"percent": 99.82
				}
			,{
				"<=msec": 20.000
				,"percent": 99.85
				}
			,{
				"<=msec": 21.000
				,"percent": 99.89
				}
			,{
				"<=msec": 22.000
				,"percent": 99.92
				}
			,{
				"<=msec": 23.000
				,"percent": 99.93
				}
			,{
				"<=msec": 24.000
				,"percent": 99.94
				}
			,{
				"<=msec": 25.000
				,"percent": 99.95
				}
			,{
				"<=msec": 26.000
				,"percent": 99.96
				}
			,{
				"<=msec": 29.000
				,"percent": 99.96
				}
			,{
				"<=msec": 31.000
				,"percent": 99.97
				}
			,{
				"<=msec": 42.000
				,"percent": 99.99
				}
			,{
				"<=msec": 110.000
				,"percent": 100.00
				}
			]
		,"WAIT":[
		]
		}
	}
