{
	"configuration":{
		"server": "10.0.0.9"
		,"port": 11212
		,"unix socket": "(null)"
		,"protocol": "memcache_text"
		,"out_file": "(null)"
		,"client_stats": "(null)"
		,"run_count": 1
		,"debug": 0
		,"requests": 0
		,"clients": 2
		,"threads": 1
		,"test_time": 60
		,"ratio": "1:9"
		,"pipeline": 1
		,"data_size": 4096
		,"data_offset": 0
		,"random_data": "false"
		,"data_size_range": "0:0"
		,"data_size_list": ""
		,"data_size_pattern": "R"
		,"expiry_range": "9999:10000"
		,"data_import": "(null)"
		,"data_verify": "false"
		,"verify_only": "false"
		,"generate_keys": "false"
		,"key_prefix": "memtier-"
		,"key_minimum":           0
		,"key_maximum":        1000
		,"key_pattern": "R:R"
		,"key_stddev": 0.000000
		,"key_median": 0.000000
		,"reconnect_interval": 0
		,"multi_key_get": 9
		,"authenticate": ""
		,"select-db": 0
		,"no-expiry": "false"
		,"wait-ratio": "0:0"
		,"num-slaves": "0:0"
		,"wait-timeout": "0-0"
		}
	,"run information":{
		"Threads": 1
		,"Connections per thread": 2
		,"Seconds": 60
		}
	,"ALL STATS":{
		"Sets":{
			"Ops/sec": 197.33
			,"Hits/sec": 0.00
			,"Misses/sec": 0.00
			,"Latency": 4.53
			,"KB/sec": 796.90
			}
		,"Gets":{
			"Ops/sec": 197.33
			,"Hits/sec": 1775.95
			,"Misses/sec": 0.00
			,"Latency": 5.58
			,"KB/sec": 7174.72
			}
		,"Waits":{
			"Ops/sec": 0.00
			,"Hits/sec": 0.00
			,"Misses/sec": 0.00
			,"Latency": 0.00
			,"KB/sec": 0.00
			}
		,"Totals":{
			"Ops/sec": 394.66
			,"Hits/sec": 1775.95
			,"Misses/sec": 0.00
			,"Latency": 5.05
			,"KB/sec": 7971.62
			}
		,"SET":[
			{
				"<=msec": 0.920
				,"percent": 0.01
				}
			,{
				"<=msec": 0.980
				,"percent": 0.02
				}
			,{
				"<=msec": 0.990
				,"percent": 0.03
				}
			,{
				"<=msec": 1.000
				,"percent": 0.10
				}
			,{
				"<=msec": 1.100
				,"percent": 0.73
				}
			,{
				"<=msec": 1.200
				,"percent": 2.43
				}
			,{
				"<=msec": 1.300
				,"percent": 6.22
				}
			,{
				"<=msec": 1.400
				,"percent": 11.53
				}
			,{
				"<=msec": 1.500
				,"percent": 18.20
				}
			,{
				"<=msec": 1.600
				,"percent": 24.84
				}
			,{
				"<=msec": 1.700
				,"percent": 31.39
				}
			,{
				"<=msec": 1.800
				,"percent": 36.59
				}
			,{
				"<=msec": 1.900
				,"percent": 41.55
				}
			,{
				"<=msec": 2.000
				,"percent": 45.08
				}
			,{
				"<=msec": 2.100
				,"percent": 48.09
				}
			,{
				"<=msec": 2.200
				,"percent": 50.50
				}
			,{
				"<=msec": 2.300
				,"percent": 52.39
				}
			,{
				"<=msec": 2.400
				,"percent": 53.95
				}
			,{
				"<=msec": 2.500
				,"percent": 55.39
				}
			,{
				"<=msec": 2.600
				,"percent": 56.49
				}
			,{
				"<=msec": 2.700
				,"percent": 57.53
				}
			,{
				"<=msec": 2.800
				,"percent": 58.49
				}
			,{
				"<=msec": 2.900
				,"percent": 59.20
				}
			,{
				"<=msec": 3.000
				,"percent": 59.81
				}
			,{
				"<=msec": 3.100
				,"percent": 60.40
				}
			,{
				"<=msec": 3.200
				,"percent": 60.96
				}
			,{
				"<=msec": 3.300
				,"percent": 61.48
				}
			,{
				"<=msec": 3.400
				,"percent": 61.88
				}
			,{
				"<=msec": 3.500
				,"percent": 62.36
				}
			,{
				"<=msec": 3.600
				,"percent": 62.77
				}
			,{
				"<=msec": 3.700
				,"percent": 63.09
				}
			,{
				"<=msec": 3.800
				,"percent": 63.45
				}
			,{
				"<=msec": 3.900
				,"percent": 63.88
				}
			,{
				"<=msec": 4.000
				,"percent": 64.29
				}
			,{
				"<=msec": 4.100
				,"percent": 64.65
				}
			,{
				"<=msec": 4.200
				,"percent": 65.07
				}
			,{
				"<=msec": 4.300
				,"percent": 65.33
				}
			,{
				"<=msec": 4.400
				,"percent": 65.66
				}
			,{
				"<=msec": 4.500
				,"percent": 66.01
				}
			,{
				"<=msec": 4.600
				,"percent": 66.34
				}
			,{
				"<=msec": 4.700
				,"percent": 66.63
				}
			,{
				"<=msec": 4.800
				,"percent": 66.93
				}
			,{
				"<=msec": 4.900
				,"percent": 67.36
				}
			,{
				"<=msec": 5.000
				,"percent": 67.62
				}
			,{
				"<=msec": 5.100
				,"percent": 67.94
				}
			,{
				"<=msec": 5.200
				,"percent": 68.30
				}
			,{
				"<=msec": 5.300
				,"percent": 68.52
				}
			,{
				"<=msec": 5.400
				,"percent": 68.83
				}
			,{
				"<=msec": 5.500
				,"percent": 69.13
				}
			,{
				"<=msec": 5.600
				,"percent": 69.43
				}
			,{
				"<=msec": 5.700
				,"percent": 69.80
				}
			,{
				"<=msec": 5.800
				,"percent": 69.99
				}
			,{
				"<=msec": 5.900
				,"percent": 70.34
				}
			,{
				"<=msec": 6.000
				,"percent": 70.65
				}
			,{
				"<=msec": 6.100
				,"percent": 70.94
				}
			,{
				"<=msec": 6.200
				,"percent": 71.24
				}
			,{
				"<=msec": 6.300
				,"percent": 71.50
				}
			,{
				"<=msec": 6.400
				,"percent": 71.75
				}
			,{
				"<=msec": 6.500
				,"percent": 72.04
				}
			,{
				"<=msec": 6.600
				,"percent": 72.32
				}
			,{
				"<=msec": 6.700
				,"percent": 72.62
				}
			,{
				"<=msec": 6.800
				,"percent": 72.96
				}
			,{
				"<=msec": 6.900
				,"percent": 73.21
				}
			,{
				"<=msec": 7.000
				,"percent": 73.48
				}
			,{
				"<=msec": 7.100
				,"percent": 73.71
				}
			,{
				"<=msec": 7.200
				,"percent": 74.01
				}
			,{
				"<=msec": 7.300
				,"percent": 74.24
				}
			,{
				"<=msec": 7.400
				,"percent": 74.48
				}
			,{
				"<=msec": 7.500
				,"percent": 74.72
				}
			,{
				"<=msec": 7.600
				,"percent": 74.92
				}
			,{
				"<=msec": 7.700
				,"percent": 75.16
				}
			,{
				"<=msec": 7.800
				,"percent": 75.41
				}
			,{
				"<=msec": 7.900
				,"percent": 75.59
				}
			,{
				"<=msec": 8.000
				,"percent": 75.81
				}
			,{
				"<=msec": 8.100
				,"percent": 76.01
				}
			,{
				"<=msec": 8.200
				,"percent": 76.21
				}
			,{
				"<=msec": 8.300
				,"percent": 76.36
				}
			,{
				"<=msec": 8.400
				,"percent": 76.56
				}
			,{
				"<=msec": 8.500
				,"percent": 76.91
				}
			,{
				"<=msec": 8.600
				,"percent": 77.20
				}
			,{
				"<=msec": 8.700
				,"percent": 77.49
				}
			,{
				"<=msec": 8.800
				,"percent": 77.88
				}
			,{
				"<=msec": 8.900
				,"percent": 78.22
				}
			,{
				"<=msec": 9.000
				,"percent": 78.55
				}
			,{
				"<=msec": 9.100
				,"percent": 78.94
				}
			,{
				"<=msec": 9.200
				,"percent": 79.24
				}
			,{
				"<=msec": 9.300
				,"percent": 79.75
				}
			,{
				"<=msec": 9.400
				,"percent": 80.11
				}
			,{
				"<=msec": 9.500
				,"percent": 80.61
				}
			,{
				"<=msec": 9.600
				,"percent": 81.11
				}
			,{
				"<=msec": 9.700
				,"percent": 81.63
				}
			,{
				"<=msec": 9.800
				,"percent": 82.11
				}
			,{
				"<=msec": 9.900
				,"percent": 82.57
				}
			,{
				"<=msec": 10.000
				,"percent": 86.35
				}
			,{
				"<=msec": 11.000
				,"percent": 95.62
				}
			,{
				"<=msec": 12.000
				,"percent": 98.62
				}
			,{
				"<=msec": 13.000
				,"percent": 99.27
				}
			,{
				"<=msec": 14.000
				,"percent": 99.52
				}
			,{
				"<=msec": 15.000
				,"percent": 99.66
				}
			,{
				"<=msec": 16.000
				,"percent": 99.72
				}
			,{
				"<=msec": 17.000
				,"percent": 99.77
				}
			,{
				"<=msec": 18.000
				,"percent": 99.80
				}
			,{
				"<=msec": 19.000
				,"percent": 99.81
				}
			,{
				"<=msec": 20.000
				,"percent": 99.82
				}
			,{
				"<=msec": 21.000
				,"percent": 99.84
				}
			,{
				"<=msec": 22.000
				,"percent": 99.85
				}
			,{
				"<=msec": 24.000
				,"percent": 99.86
				}
			,{
				"<=msec": 25.000
				,"percent": 99.89
				}
			,{
				"<=msec": 26.000
				,"percent": 99.95
				}
			,{
				"<=msec": 27.000
				,"percent": 99.96
				}
			,{
				"<=msec": 51.000
				,"percent": 99.97
				}
			,{
				"<=msec": 71.000
				,"percent": 99.97
				}
			,{
				"<=msec": 73.000
				,"percent": 99.98
				}
			,{
				"<=msec": 85.000
				,"percent": 99.99
				}
			,{
				"<=msec": 110.000
				,"percent": 100.00
				}
			]
		,"GET":[
			{
				"<=msec": 1.400
				,"percent": 0.02
				}
			,{
				"<=msec": 1.500
				,"percent": 0.29
				}
			,{
				"<=msec": 1.600
				,"percent": 1.11
				}
			,{
				"<=msec": 1.700
				,"percent": 2.98
				}
			,{
				"<=msec": 1.800
				,"percent": 6.14
				}
			,{
				"<=msec": 1.900
				,"percent": 10.40
				}
			,{
				"<=msec": 2.000
				,"percent": 15.30
				}
			,{
				"<=msec": 2.100
				,"percent": 21.22
				}
			,{
				"<=msec": 2.200
				,"percent": 26.69
				}
			,{
				"<=msec": 2.300
				,"percent": 31.63
				}
			,{
				"<=msec": 2.400
				,"percent": 35.92
				}
			,{
				"<=msec": 2.500
				,"percent": 39.28
				}
			,{
				"<=msec": 2.600
				,"percent": 42.38
				}
			,{
				"<=msec": 2.700
				,"percent": 44.81
				}
			,{
				"<=msec": 2.800
				,"percent": 46.93
				}
			,{
				"<=msec": 2.900
				,"percent": 48.71
				}
			,{
				"<=msec": 3.000
				,"percent": 50.19
				}
			,{
				"<=msec": 3.100
				,"percent": 51.45
				}
			,{
				"<=msec": 3.200
				,"percent": 52.48
				}
			,{
				"<=msec": 3.300
				,"percent": 53.34
				}
			,{
				"<=msec": 3.400
				,"percent": 54.10
				}
			,{
				"<=msec": 3.500
				,"percent": 54.73
				}
			,{
				"<=msec": 3.600
				,"percent": 55.28
				}
			,{
				"<=msec": 3.700
				,"percent": 55.79
				}
			,{
				"<=msec": 3.800
				,"percent": 56.29
				}
			,{
				"<=msec": 3.900
				,"percent": 56.70
				}
			,{
				"<=msec": 4.000
				,"percent": 57.15
				}
			,{
				"<=msec": 4.100
				,"percent": 57.62
				}
			,{
				"<=msec": 4.200
				,"percent": 57.89
				}
			,{
				"<=msec": 4.300
				,"percent": 58.19
				}
			,{
				"<=msec": 4.400
				,"percent": 58.58
				}
			,{
				"<=msec": 4.500
				,"percent": 58.78
				}
			,{
				"<=msec": 4.600
				,"percent": 59.14
				}
			,{
				"<=msec": 4.700
				,"percent": 59.48
				}
			,{
				"<=msec": 4.800
				,"percent": 59.88
				}
			,{
				"<=msec": 4.900
				,"percent": 60.24
				}
			,{
				"<=msec": 5.000
				,"percent": 60.56
				}
			,{
				"<=msec": 5.100
				,"percent": 60.86
				}
			,{
				"<=msec": 5.200
				,"percent": 61.23
				}
			,{
				"<=msec": 5.300
				,"percent": 61.54
				}
			,{
				"<=msec": 5.400
				,"percent": 61.84
				}
			,{
				"<=msec": 5.500
				,"percent": 62.09
				}
			,{
				"<=msec": 5.600
				,"percent": 62.35
				}
			,{
				"<=msec": 5.700
				,"percent": 62.58
				}
			,{
				"<=msec": 5.800
				,"percent": 62.80
				}
			,{
				"<=msec": 5.900
				,"percent": 63.03
				}
			,{
				"<=msec": 6.000
				,"percent": 63.35
				}
			,{
				"<=msec": 6.100
				,"percent": 63.65
				}
			,{
				"<=msec": 6.200
				,"percent": 63.91
				}
			,{
				"<=msec": 6.300
				,"percent": 64.12
				}
			,{
				"<=msec": 6.400
				,"percent": 64.36
				}
			,{
				"<=msec": 6.500
				,"percent": 64.69
				}
			,{
				"<=msec": 6.600
				,"percent": 64.92
				}
			,{
				"<=msec": 6.700
				,"percent": 65.19
				}
			,{
				"<=msec": 6.800
				,"percent": 65.60
				}
			,{
				"<=msec": 6.900
				,"percent": 65.94
				}
			,{
				"<=msec": 7.000
				,"percent": 66.20
				}
			,{
				"<=msec": 7.100
				,"percent": 66.55
				}
			,{
				"<=msec": 7.200
				,"percent": 66.90
				}
			,{
				"<=msec": 7.300
				,"percent": 67.28
				}
			,{
				"<=msec": 7.400
				,"percent": 67.55
				}
			,{
				"<=msec": 7.500
				,"percent": 67.93
				}
			,{
				"<=msec": 7.600
				,"percent": 68.38
				}
			,{
				"<=msec": 7.700
				,"percent": 68.77
				}
			,{
				"<=msec": 7.800
				,"percent": 69.04
				}
			,{
				"<=msec": 7.900
				,"percent": 69.29
				}
			,{
				"<=msec": 8.000
				,"percent": 69.60
				}
			,{
				"<=msec": 8.100
				,"percent": 69.86
				}
			,{
				"<=msec": 8.200
				,"percent": 70.12
				}
			,{
				"<=msec": 8.300
				,"percent": 70.45
				}
			,{
				"<=msec": 8.400
				,"percent": 70.75
				}
			,{
				"<=msec": 8.500
				,"percent": 71.01
				}
			,{
				"<=msec": 8.600
				,"percent": 71.34
				}
			,{
				"<=msec": 8.700
				,"percent": 71.73
				}
			,{
				"<=msec": 8.800
				,"percent": 72.06
				}
			,{
				"<=msec": 8.900
				,"percent": 72.37
				}
			,{
				"<=msec": 9.000
				,"percent": 72.82
				}
			,{
				"<=msec": 9.100
				,"percent": 73.24
				}
			,{
				"<=msec": 9.200
				,"percent": 73.57
				}
			,{
				"<=msec": 9.300
				,"percent": 74.04
				}
			,{
				"<=msec": 9.400
				,"percent": 74.50
				}
			,{
				"<=msec": 9.500
				,"percent": 74.93
				}
			,{
				"<=msec": 9.600
				,"percent": 75.53
				}
			,{
				"<=msec": 9.700
				,"percent": 76.19
				}
			,{
				"<=msec": 9.800
				,"percent": 76.61
				}
			,{
				"<=msec": 9.900
				,"percent": 77.20
				}
			,{
				"<=msec": 10.000
				,"percent": 80.01
				}
			,{
				"<=msec": 11.000
				,"percent": 85.63
				}
			,{
				"<=msec": 12.000
				,"percent": 93.76
				}
			,{
				"<=msec": 13.000
				,"percent": 98.12
				}
			,{
				"<=msec": 14.000
				,"percent": 99.25
				}
			,{
				"<=msec": 15.000
				,"percent": 99.37
				}
			,{
				"<=msec": 16.000
				,"percent": 99.54
				}
			,{
				"<=msec": 17.000
				,"percent": 99.62
				}
			,{
				"<=msec": 18.000
				,"percent": 99.68
				}
			,{
				"<=msec": 19.000
				,"percent": 99.73
				}
			,{
				"<=msec": 20.000
				,"percent": 99.76
				}
			,{
				"<=msec": 21.000
				,"percent": 99.78
				}
			,{
				"<=msec": 22.000
				,"percent": 99.82
				}
			,{
				"<=msec": 23.000
				,"percent": 99.85
				}
			,{
				"<=msec": 24.000
				,"percent": 99.86
				}
			,{
				"<=msec": 25.000
				,"percent": 99.88
				}
			,{
				"<=msec": 26.000
				,"percent": 99.92
				}
			,{
				"<=msec": 27.000
				,"percent": 99.97
				}
			,{
				"<=msec": 28.000
				,"percent": 99.98
				}
			,{
				"<=msec": 91.000
				,"percent": 99.99
				}
			,{
				"<=msec": 110.000
				,"percent": 100.00
				}
			]
		,"WAIT":[
		]
		}
	}
