{
	"configuration":{
		"server": "10.0.0.9"
		,"port": 11212
		,"unix socket": "(null)"
		,"protocol": "memcache_text"
		,"out_file": "(null)"
		,"client_stats": "(null)"
		,"run_count": 1
		,"debug": 0
		,"requests": 0
		,"clients": 2
		,"threads": 1
		,"test_time": 60
		,"ratio": "1:6"
		,"pipeline": 1
		,"data_size": 4096
		,"data_offset": 0
		,"random_data": "false"
		,"data_size_range": "0:0"
		,"data_size_list": ""
		,"data_size_pattern": "R"
		,"expiry_range": "9999:10000"
		,"data_import": "(null)"
		,"data_verify": "false"
		,"verify_only": "false"
		,"generate_keys": "false"
		,"key_prefix": "memtier-"
		,"key_minimum":           0
		,"key_maximum":        1000
		,"key_pattern": "R:R"
		,"key_stddev": 0.000000
		,"key_median": 0.000000
		,"reconnect_interval": 0
		,"multi_key_get": 6
		,"authenticate": ""
		,"select-db": 0
		,"no-expiry": "false"
		,"wait-ratio": "0:0"
		,"num-slaves": "0:0"
		,"wait-timeout": "0-0"
		}
	,"run information":{
		"Threads": 1
		,"Connections per thread": 2
		,"Seconds": 60
		}
	,"ALL STATS":{
		"Sets":{
			"Ops/sec": 244.53
			,"Hits/sec": 0.00
			,"Misses/sec": 0.00
			,"Latency": 3.53
			,"KB/sec": 987.52
			}
		,"Gets":{
			"Ops/sec": 244.50
			,"Hits/sec": 1466.97
			,"Misses/sec": 0.00
			,"Latency": 4.63
			,"KB/sec": 5927.26
			}
		,"Waits":{
			"Ops/sec": 0.00
			,"Hits/sec": 0.00
			,"Misses/sec": 0.00
			,"Latency": 0.00
			,"KB/sec": 0.00
			}
		,"Totals":{
			"Ops/sec": 489.02
			,"Hits/sec": 1466.97
			,"Misses/sec": 0.00
			,"Latency": 4.08
			,"KB/sec": 6914.78
			}
		,"SET":[
			{
				"<=msec": 0.970
				,"percent": 0.01
				}
			,{
				"<=msec": 0.980
				,"percent": 0.02
				}
			,{
				"<=msec": 0.990
				,"percent": 0.03
				}
			,{
				"<=msec": 1.000
				,"percent": 0.09
				}
			,{
				"<=msec": 1.100
				,"percent": 0.82
				}
			,{
				"<=msec": 1.200
				,"percent": 2.64
				}
			,{
				"<=msec": 1.300
				,"percent": 6.47
				}
			,{
				"<=msec": 1.400
				,"percent": 12.23
				}
			,{
				"<=msec": 1.500
				,"percent": 19.19
				}
			,{
				"<=msec": 1.600
				,"percent": 26.59
				}
			,{
				"<=msec": 1.700
				,"percent": 33.77
				}
			,{
				"<=msec": 1.800
				,"percent": 40.59
				}
			,{
				"<=msec": 1.900
				,"percent": 45.71
				}
			,{
				"<=msec": 2.000
				,"percent": 50.38
				}
			,{
				"<=msec": 2.100
				,"percent": 54.34
				}
			,{
				"<=msec": 2.200
				,"percent": 57.42
				}
			,{
				"<=msec": 2.300
				,"percent": 59.90
				}
			,{
				"<=msec": 2.400
				,"percent": 61.88
				}
			,{
				"<=msec": 2.500
				,"percent": 63.77
				}
			,{
				"<=msec": 2.600
				,"percent": 65.15
				}
			,{
				"<=msec": 2.700
				,"percent": 66.35
				}
			,{
				"<=msec": 2.800
				,"percent": 67.54
				}
			,{
				"<=msec": 2.900
				,"percent": 68.52
				}
			,{
				"<=msec": 3.000
				,"percent": 69.42
				}
			,{
				"<=msec": 3.100
				,"percent": 70.15
				}
			,{
				"<=msec": 3.200
				,"percent": 70.99
				}
			,{
				"<=msec": 3.300
				,"percent": 71.71
				}
			,{
				"<=msec": 3.400
				,"percent": 72.23
				}
			,{
				"<=msec": 3.500
				,"percent": 73.00
				}
			,{
				"<=msec": 3.600
				,"percent": 73.62
				}
			,{
				"<=msec": 3.700
				,"percent": 74.20
				}
			,{
				"<=msec": 3.800
				,"percent": 74.72
				}
			,{
				"<=msec": 3.900
				,"percent": 75.29
				}
			,{
				"<=msec": 4.000
				,"percent": 75.80
				}
			,{
				"<=msec": 4.100
				,"percent": 76.28
				}
			,{
				"<=msec": 4.200
				,"percent": 76.86
				}
			,{
				"<=msec": 4.300
				,"percent": 77.47
				}
			,{
				"<=msec": 4.400
				,"percent": 77.92
				}
			,{
				"<=msec": 4.500
				,"percent": 78.27
				}
			,{
				"<=msec": 4.600
				,"percent": 78.69
				}
			,{
				"<=msec": 4.700
				,"percent": 79.11
				}
			,{
				"<=msec": 4.800
				,"percent": 79.61
				}
			,{
				"<=msec": 4.900
				,"percent": 79.98
				}
			,{
				"<=msec": 5.000
				,"percent": 80.37
				}
			,{
				"<=msec": 5.100
				,"percent": 80.77
				}
			,{
				"<=msec": 5.200
				,"percent": 81.26
				}
			,{
				"<=msec": 5.300
				,"percent": 81.82
				}
			,{
				"<=msec": 5.400
				,"percent": 82.32
				}
			,{
				"<=msec": 5.500
				,"percent": 82.77
				}
			,{
				"<=msec": 5.600
				,"percent": 83.24
				}
			,{
				"<=msec": 5.700
				,"percent": 83.80
				}
			,{
				"<=msec": 5.800
				,"percent": 84.32
				}
			,{
				"<=msec": 5.900
				,"percent": 84.82
				}
			,{
				"<=msec": 6.000
				,"percent": 85.26
				}
			,{
				"<=msec": 6.100
				,"percent": 85.74
				}
			,{
				"<=msec": 6.200
				,"percent": 86.18
				}
			,{
				"<=msec": 6.300
				,"percent": 86.65
				}
			,{
				"<=msec": 6.400
				,"percent": 87.15
				}
			,{
				"<=msec": 6.500
				,"percent": 87.54
				}
			,{
				"<=msec": 6.600
				,"percent": 88.01
				}
			,{
				"<=msec": 6.700
				,"percent": 88.37
				}
			,{
				"<=msec": 6.800
				,"percent": 88.76
				}
			,{
				"<=msec": 6.900
				,"percent": 89.27
				}
			,{
				"<=msec": 7.000
				,"percent": 89.84
				}
			,{
				"<=msec": 7.100
				,"percent": 90.42
				}
			,{
				"<=msec": 7.200
				,"percent": 90.97
				}
			,{
				"<=msec": 7.300
				,"percent": 91.40
				}
			,{
				"<=msec": 7.400
				,"percent": 91.74
				}
			,{
				"<=msec": 7.500
				,"percent": 92.24
				}
			,{
				"<=msec": 7.600
				,"percent": 92.62
				}
			,{
				"<=msec": 7.700
				,"percent": 93.01
				}
			,{
				"<=msec": 7.800
				,"percent": 93.38
				}
			,{
				"<=msec": 7.900
				,"percent": 93.78
				}
			,{
				"<=msec": 8.000
				,"percent": 94.08
				}
			,{
				"<=msec": 8.100
				,"percent": 94.47
				}
			,{
				"<=msec": 8.200
				,"percent": 94.77
				}
			,{
				"<=msec": 8.300
				,"percent": 95.09
				}
			,{
				"<=msec": 8.400
				,"percent": 95.40
				}
			,{
				"<=msec": 8.500
				,"percent": 95.63
				}
			,{
				"<=msec": 8.600
				,"percent": 95.84
				}
			,{
				"<=msec": 8.700
				,"percent": 96.03
				}
			,{
				"<=msec": 8.800
				,"percent": 96.35
				}
			,{
				"<=msec": 8.900
				,"percent": 96.56
				}
			,{
				"<=msec": 9.000
				,"percent": 96.76
				}
			,{
				"<=msec": 9.100
				,"percent": 97.01
				}
			,{
				"<=msec": 9.200
				,"percent": 97.15
				}
			,{
				"<=msec": 9.300
				,"percent": 97.34
				}
			,{
				"<=msec": 9.400
				,"percent": 97.51
				}
			,{
				"<=msec": 9.500
				,"percent": 97.72
				}
			,{
				"<=msec": 9.600
				,"percent": 97.88
				}
			,{
				"<=msec": 9.700
				,"percent": 98.04
				}
			,{
				"<=msec": 9.800
				,"percent": 98.17
				}
			,{
				"<=msec": 9.900
				,"percent": 98.30
				}
			,{
				"<=msec": 10.000
				,"percent": 98.78
				}
			,{
				"<=msec": 11.000
				,"percent": 99.20
				}
			,{
				"<=msec": 12.000
				,"percent": 99.38
				}
			,{
				"<=msec": 13.000
				,"percent": 99.48
				}
			,{
				"<=msec": 14.000
				,"percent": 99.54
				}
			,{
				"<=msec": 15.000
				,"percent": 99.58
				}
			,{
				"<=msec": 16.000
				,"percent": 99.63
				}
			,{
				"<=msec": 17.000
				,"percent": 99.68
				}
			,{
				"<=msec": 18.000
				,"percent": 99.71
				}
			,{
				"<=msec": 19.000
				,"percent": 99.75
				}
			,{
				"<=msec": 20.000
				,"percent": 99.79
				}
			,{
				"<=msec": 21.000
				,"percent": 99.81
				}
			,{
				"<=msec": 22.000
				,"percent": 99.83
				}
			,{
				"<=msec": 26.000
				,"percent": 99.84
				}
			,{
				"<=msec": 28.000
				,"percent": 99.84
				}
			,{
				"<=msec": 32.000
				,"percent": 99.85
				}
			,{
				"<=msec": 34.000
				,"percent": 99.86
				}
			,{
				"<=msec": 41.000
				,"percent": 99.86
				}
			,{
				"<=msec": 42.000
				,"percent": 99.87
				}
			,{
				"<=msec": 65.000
				,"percent": 99.88
				}
			,{
				"<=msec": 79.000
				,"percent": 99.88
				}
			,{
				"<=msec": 81.000
				,"percent": 99.89
				}
			,{
				"<=msec": 110.000
				,"percent": 99.90
				}
			,{
				"<=msec": 120.000
				,"percent": 99.92
				}
			,{
				"<=msec": 130.000
				,"percent": 99.93
				}
			,{
				"<=msec": 160.000
				,"percent": 99.94
				}
			,{
				"<=msec": 200.000
				,"percent": 99.95
				}
			,{
				"<=msec": 240.000
				,"percent": 99.95
				}
			,{
				"<=msec": 260.000
				,"percent": 99.97
				}
			,{
				"<=msec": 290.000
				,"percent": 99.97
				}
			,{
				"<=msec": 370.000
				,"percent": 99.98
				}
			,{
				"<=msec": 710.000
				,"percent": 99.99
				}
			,{
				"<=msec": 820.000
				,"percent": 99.99
				}
			,{
				"<=msec": 890.000
				,"percent": 100.00
				}
			]
		,"GET":[
			{
				"<=msec": 1.300
				,"percent": 0.01
				}
			,{
				"<=msec": 1.400
				,"percent": 0.11
				}
			,{
				"<=msec": 1.500
				,"percent": 0.54
				}
			,{
				"<=msec": 1.600
				,"percent": 1.53
				}
			,{
				"<=msec": 1.700
				,"percent": 3.24
				}
			,{
				"<=msec": 1.800
				,"percent": 5.78
				}
			,{
				"<=msec": 1.900
				,"percent": 9.44
				}
			,{
				"<=msec": 2.000
				,"percent": 13.74
				}
			,{
				"<=msec": 2.100
				,"percent": 18.34
				}
			,{
				"<=msec": 2.200
				,"percent": 23.23
				}
			,{
				"<=msec": 2.300
				,"percent": 28.48
				}
			,{
				"<=msec": 2.400
				,"percent": 33.20
				}
			,{
				"<=msec": 2.500
				,"percent": 37.68
				}
			,{
				"<=msec": 2.600
				,"percent": 41.57
				}
			,{
				"<=msec": 2.700
				,"percent": 45.01
				}
			,{
				"<=msec": 2.800
				,"percent": 47.93
				}
			,{
				"<=msec": 2.900
				,"percent": 50.45
				}
			,{
				"<=msec": 3.000
				,"percent": 52.41
				}
			,{
				"<=msec": 3.100
				,"percent": 54.41
				}
			,{
				"<=msec": 3.200
				,"percent": 55.82
				}
			,{
				"<=msec": 3.300
				,"percent": 57.36
				}
			,{
				"<=msec": 3.400
				,"percent": 58.51
				}
			,{
				"<=msec": 3.500
				,"percent": 59.58
				}
			,{
				"<=msec": 3.600
				,"percent": 60.60
				}
			,{
				"<=msec": 3.700
				,"percent": 61.48
				}
			,{
				"<=msec": 3.800
				,"percent": 62.31
				}
			,{
				"<=msec": 3.900
				,"percent": 62.99
				}
			,{
				"<=msec": 4.000
				,"percent": 63.85
				}
			,{
				"<=msec": 4.100
				,"percent": 64.56
				}
			,{
				"<=msec": 4.200
				,"percent": 65.33
				}
			,{
				"<=msec": 4.300
				,"percent": 65.95
				}
			,{
				"<=msec": 4.400
				,"percent": 66.62
				}
			,{
				"<=msec": 4.500
				,"percent": 67.12
				}
			,{
				"<=msec": 4.600
				,"percent": 67.67
				}
			,{
				"<=msec": 4.700
				,"percent": 68.25
				}
			,{
				"<=msec": 4.800
				,"percent": 68.74
				}
			,{
				"<=msec": 4.900
				,"percent": 69.23
				}
			,{
				"<=msec": 5.000
				,"percent": 69.62
				}
			,{
				"<=msec": 5.100
				,"percent": 70.15
				}
			,{
				"<=msec": 5.200
				,"percent": 70.58
				}
			,{
				"<=msec": 5.300
				,"percent": 70.95
				}
			,{
				"<=msec": 5.400
				,"percent": 71.47
				}
			,{
				"<=msec": 5.500
				,"percent": 71.96
				}
			,{
				"<=msec": 5.600
				,"percent": 72.39
				}
			,{
				"<=msec": 5.700
				,"percent": 72.84
				}
			,{
				"<=msec": 5.800
				,"percent": 73.31
				}
			,{
				"<=msec": 5.900
				,"percent": 73.76
				}
			,{
				"<=msec": 6.000
				,"percent": 74.28
				}
			,{
				"<=msec": 6.100
				,"percent": 74.91
				}
			,{
				"<=msec": 6.200
				,"percent": 75.42
				}
			,{
				"<=msec": 6.300
				,"percent": 75.96
				}
			,{
				"<=msec": 6.400
				,"percent": 76.60
				}
			,{
				"<=msec": 6.500
				,"percent": 77.19
				}
			,{
				"<=msec": 6.600
				,"percent": 77.76
				}
			,{
				"<=msec": 6.700
				,"percent": 78.45
				}
			,{
				"<=msec": 6.800
				,"percent": 79.13
				}
			,{
				"<=msec": 6.900
				,"percent": 79.72
				}
			,{
				"<=msec": 7.000
				,"percent": 80.35
				}
			,{
				"<=msec": 7.100
				,"percent": 80.92
				}
			,{
				"<=msec": 7.200
				,"percent": 81.59
				}
			,{
				"<=msec": 7.300
				,"percent": 82.10
				}
			,{
				"<=msec": 7.400
				,"percent": 82.72
				}
			,{
				"<=msec": 7.500
				,"percent": 83.37
				}
			,{
				"<=msec": 7.600
				,"percent": 83.98
				}
			,{
				"<=msec": 7.700
				,"percent": 84.68
				}
			,{
				"<=msec": 7.800
				,"percent": 85.34
				}
			,{
				"<=msec": 7.900
				,"percent": 85.92
				}
			,{
				"<=msec": 8.000
				,"percent": 86.63
				}
			,{
				"<=msec": 8.100
				,"percent": 87.11
				}
			,{
				"<=msec": 8.200
				,"percent": 87.63
				}
			,{
				"<=msec": 8.300
				,"percent": 88.22
				}
			,{
				"<=msec": 8.400
				,"percent": 88.74
				}
			,{
				"<=msec": 8.500
				,"percent": 89.25
				}
			,{
				"<=msec": 8.600
				,"percent": 89.76
				}
			,{
				"<=msec": 8.700
				,"percent": 90.25
				}
			,{
				"<=msec": 8.800
				,"percent": 90.76
				}
			,{
				"<=msec": 8.900
				,"percent": 91.25
				}
			,{
				"<=msec": 9.000
				,"percent": 91.69
				}
			,{
				"<=msec": 9.100
				,"percent": 92.23
				}
			,{
				"<=msec": 9.200
				,"percent": 92.76
				}
			,{
				"<=msec": 9.300
				,"percent": 93.24
				}
			,{
				"<=msec": 9.400
				,"percent": 93.72
				}
			,{
				"<=msec": 9.500
				,"percent": 94.21
				}
			,{
				"<=msec": 9.600
				,"percent": 94.67
				}
			,{
				"<=msec": 9.700
				,"percent": 95.10
				}
			,{
				"<=msec": 9.800
				,"percent": 95.54
				}
			,{
				"<=msec": 9.900
				,"percent": 95.88
				}
			,{
				"<=msec": 10.000
				,"percent": 97.45
				}
			,{
				"<=msec": 11.000
				,"percent": 98.65
				}
			,{
				"<=msec": 12.000
				,"percent": 99.07
				}
			,{
				"<=msec": 13.000
				,"percent": 99.27
				}
			,{
				"<=msec": 14.000
				,"percent": 99.48
				}
			,{
				"<=msec": 15.000
				,"percent": 99.55
				}
			,{
				"<=msec": 16.000
				,"percent": 99.67
				}
			,{
				"<=msec": 17.000
				,"percent": 99.73
				}
			,{
				"<=msec": 18.000
				,"percent": 99.78
				}
			,{
				"<=msec": 19.000
				,"percent": 99.81
				}
			,{
				"<=msec": 20.000
				,"percent": 99.86
				}
			,{
				"<=msec": 21.000
				,"percent": 99.87
				}
			,{
				"<=msec": 22.000
				,"percent": 99.88
				}
			,{
				"<=msec": 24.000
				,"percent": 99.89
				}
			,{
				"<=msec": 27.000
				,"percent": 99.90
				}
			,{
				"<=msec": 65.000
				,"percent": 99.91
				}
			,{
				"<=msec": 95.000
				,"percent": 99.92
				}
			,{
				"<=msec": 100.000
				,"percent": 99.93
				}
			,{
				"<=msec": 130.000
				,"percent": 99.95
				}
			,{
				"<=msec": 210.000
				,"percent": 99.95
				}
			,{
				"<=msec": 340.000
				,"percent": 99.96
				}
			,{
				"<=msec": 360.000
				,"percent": 99.97
				}
			,{
				"<=msec": 430.000
				,"percent": 99.97
				}
			,{
				"<=msec": 440.000
				,"percent": 99.98
				}
			,{
				"<=msec": 470.000
				,"percent": 99.99
				}
			,{
				"<=msec": 590.000
				,"percent": 99.99
				}
			,{
				"<=msec": 1400.000
				,"percent": 100.00
				}
			]
		,"WAIT":[
		]
		}
	}
