{
	"configuration":{
		"server": "10.0.0.9"
		,"port": 11212
		,"unix socket": "(null)"
		,"protocol": "memcache_text"
		,"out_file": "(null)"
		,"client_stats": "(null)"
		,"run_count": 1
		,"debug": 0
		,"requests": 0
		,"clients": 2
		,"threads": 1
		,"test_time": 60
		,"ratio": "1:3"
		,"pipeline": 1
		,"data_size": 4096
		,"data_offset": 0
		,"random_data": "false"
		,"data_size_range": "0:0"
		,"data_size_list": ""
		,"data_size_pattern": "R"
		,"expiry_range": "9999:10000"
		,"data_import": "(null)"
		,"data_verify": "false"
		,"verify_only": "false"
		,"generate_keys": "false"
		,"key_prefix": "memtier-"
		,"key_minimum":           0
		,"key_maximum":        1000
		,"key_pattern": "R:R"
		,"key_stddev": 0.000000
		,"key_median": 0.000000
		,"reconnect_interval": 0
		,"multi_key_get": 3
		,"authenticate": ""
		,"select-db": 0
		,"no-expiry": "false"
		,"wait-ratio": "0:0"
		,"num-slaves": "0:0"
		,"wait-timeout": "0-0"
		}
	,"run information":{
		"Threads": 1
		,"Connections per thread": 2
		,"Seconds": 60
		}
	,"ALL STATS":{
		"Sets":{
			"Ops/sec": 413.12
			,"Hits/sec": 0.00
			,"Misses/sec": 0.00
			,"Latency": 2.40
			,"KB/sec": 1668.35
			}
		,"Gets":{
			"Ops/sec": 413.10
			,"Hits/sec": 1239.30
			,"Misses/sec": 0.00
			,"Latency": 2.42
			,"KB/sec": 5009.36
			}
		,"Waits":{
			"Ops/sec": 0.00
			,"Hits/sec": 0.00
			,"Misses/sec": 0.00
			,"Latency": 0.00
			,"KB/sec": 0.00
			}
		,"Totals":{
			"Ops/sec": 826.21
			,"Hits/sec": 1239.30
			,"Misses/sec": 0.00
			,"Latency": 2.41
			,"KB/sec": 6677.71
			}
		,"SET":[
			{
				"<=msec": 0.940
				,"percent": 0.00
				}
			,{
				"<=msec": 0.950
				,"percent": 0.01
				}
			,{
				"<=msec": 0.970
				,"percent": 0.02
				}
			,{
				"<=msec": 0.980
				,"percent": 0.04
				}
			,{
				"<=msec": 0.990
				,"percent": 0.04
				}
			,{
				"<=msec": 1.000
				,"percent": 0.26
				}
			,{
				"<=msec": 1.100
				,"percent": 1.47
				}
			,{
				"<=msec": 1.200
				,"percent": 5.17
				}
			,{
				"<=msec": 1.300
				,"percent": 11.64
				}
			,{
				"<=msec": 1.400
				,"percent": 20.39
				}
			,{
				"<=msec": 1.500
				,"percent": 30.21
				}
			,{
				"<=msec": 1.600
				,"percent": 39.72
				}
			,{
				"<=msec": 1.700
				,"percent": 48.34
				}
			,{
				"<=msec": 1.800
				,"percent": 55.61
				}
			,{
				"<=msec": 1.900
				,"percent": 61.19
				}
			,{
				"<=msec": 2.000
				,"percent": 65.61
				}
			,{
				"<=msec": 2.100
				,"percent": 69.56
				}
			,{
				"<=msec": 2.200
				,"percent": 72.50
				}
			,{
				"<=msec": 2.300
				,"percent": 74.86
				}
			,{
				"<=msec": 2.400
				,"percent": 76.69
				}
			,{
				"<=msec": 2.500
				,"percent": 78.18
				}
			,{
				"<=msec": 2.600
				,"percent": 79.41
				}
			,{
				"<=msec": 2.700
				,"percent": 80.36
				}
			,{
				"<=msec": 2.800
				,"percent": 81.23
				}
			,{
				"<=msec": 2.900
				,"percent": 82.07
				}
			,{
				"<=msec": 3.000
				,"percent": 82.79
				}
			,{
				"<=msec": 3.100
				,"percent": 83.48
				}
			,{
				"<=msec": 3.200
				,"percent": 84.05
				}
			,{
				"<=msec": 3.300
				,"percent": 84.64
				}
			,{
				"<=msec": 3.400
				,"percent": 85.16
				}
			,{
				"<=msec": 3.500
				,"percent": 85.64
				}
			,{
				"<=msec": 3.600
				,"percent": 86.13
				}
			,{
				"<=msec": 3.700
				,"percent": 86.57
				}
			,{
				"<=msec": 3.800
				,"percent": 86.97
				}
			,{
				"<=msec": 3.900
				,"percent": 87.44
				}
			,{
				"<=msec": 4.000
				,"percent": 87.83
				}
			,{
				"<=msec": 4.100
				,"percent": 88.17
				}
			,{
				"<=msec": 4.200
				,"percent": 88.54
				}
			,{
				"<=msec": 4.300
				,"percent": 89.03
				}
			,{
				"<=msec": 4.400
				,"percent": 89.41
				}
			,{
				"<=msec": 4.500
				,"percent": 89.72
				}
			,{
				"<=msec": 4.600
				,"percent": 90.05
				}
			,{
				"<=msec": 4.700
				,"percent": 90.44
				}
			,{
				"<=msec": 4.800
				,"percent": 90.77
				}
			,{
				"<=msec": 4.900
				,"percent": 91.14
				}
			,{
				"<=msec": 5.000
				,"percent": 91.41
				}
			,{
				"<=msec": 5.100
				,"percent": 91.71
				}
			,{
				"<=msec": 5.200
				,"percent": 92.03
				}
			,{
				"<=msec": 5.300
				,"percent": 92.27
				}
			,{
				"<=msec": 5.400
				,"percent": 92.55
				}
			,{
				"<=msec": 5.500
				,"percent": 92.90
				}
			,{
				"<=msec": 5.600
				,"percent": 93.10
				}
			,{
				"<=msec": 5.700
				,"percent": 93.39
				}
			,{
				"<=msec": 5.800
				,"percent": 93.73
				}
			,{
				"<=msec": 5.900
				,"percent": 94.08
				}
			,{
				"<=msec": 6.000
				,"percent": 94.37
				}
			,{
				"<=msec": 6.100
				,"percent": 94.67
				}
			,{
				"<=msec": 6.200
				,"percent": 94.97
				}
			,{
				"<=msec": 6.300
				,"percent": 95.26
				}
			,{
				"<=msec": 6.400
				,"percent": 95.52
				}
			,{
				"<=msec": 6.500
				,"percent": 95.81
				}
			,{
				"<=msec": 6.600
				,"percent": 96.07
				}
			,{
				"<=msec": 6.700
				,"percent": 96.28
				}
			,{
				"<=msec": 6.800
				,"percent": 96.53
				}
			,{
				"<=msec": 6.900
				,"percent": 96.71
				}
			,{
				"<=msec": 7.000
				,"percent": 96.97
				}
			,{
				"<=msec": 7.100
				,"percent": 97.18
				}
			,{
				"<=msec": 7.200
				,"percent": 97.36
				}
			,{
				"<=msec": 7.300
				,"percent": 97.55
				}
			,{
				"<=msec": 7.400
				,"percent": 97.73
				}
			,{
				"<=msec": 7.500
				,"percent": 97.89
				}
			,{
				"<=msec": 7.600
				,"percent": 97.98
				}
			,{
				"<=msec": 7.700
				,"percent": 98.11
				}
			,{
				"<=msec": 7.800
				,"percent": 98.19
				}
			,{
				"<=msec": 7.900
				,"percent": 98.26
				}
			,{
				"<=msec": 8.000
				,"percent": 98.34
				}
			,{
				"<=msec": 8.100
				,"percent": 98.41
				}
			,{
				"<=msec": 8.200
				,"percent": 98.48
				}
			,{
				"<=msec": 8.300
				,"percent": 98.58
				}
			,{
				"<=msec": 8.400
				,"percent": 98.64
				}
			,{
				"<=msec": 8.500
				,"percent": 98.75
				}
			,{
				"<=msec": 8.600
				,"percent": 98.82
				}
			,{
				"<=msec": 8.700
				,"percent": 98.86
				}
			,{
				"<=msec": 8.800
				,"percent": 98.90
				}
			,{
				"<=msec": 8.900
				,"percent": 98.94
				}
			,{
				"<=msec": 9.000
				,"percent": 98.97
				}
			,{
				"<=msec": 9.100
				,"percent": 99.03
				}
			,{
				"<=msec": 9.200
				,"percent": 99.08
				}
			,{
				"<=msec": 9.300
				,"percent": 99.11
				}
			,{
				"<=msec": 9.400
				,"percent": 99.13
				}
			,{
				"<=msec": 9.500
				,"percent": 99.16
				}
			,{
				"<=msec": 9.600
				,"percent": 99.20
				}
			,{
				"<=msec": 9.700
				,"percent": 99.25
				}
			,{
				"<=msec": 9.800
				,"percent": 99.30
				}
			,{
				"<=msec": 9.900
				,"percent": 99.31
				}
			,{
				"<=msec": 10.000
				,"percent": 99.54
				}
			,{
				"<=msec": 11.000
				,"percent": 99.72
				}
			,{
				"<=msec": 12.000
				,"percent": 99.81
				}
			,{
				"<=msec": 13.000
				,"percent": 99.86
				}
			,{
				"<=msec": 14.000
				,"percent": 99.88
				}
			,{
				"<=msec": 15.000
				,"percent": 99.91
				}
			,{
				"<=msec": 16.000
				,"percent": 99.94
				}
			,{
				"<=msec": 17.000
				,"percent": 99.96
				}
			,{
				"<=msec": 18.000
				,"percent": 99.97
				}
			,{
				"<=msec": 20.000
				,"percent": 99.97
				}
			,{
				"<=msec": 21.000
				,"percent": 99.99
				}
			,{
				"<=msec": 27.000
				,"percent": 99.99
				}
			,{
				"<=msec": 31.000
				,"percent": 100.00
				}
			,{
				"<=msec": 100.000
				,"percent": 100.00
				}
			]
		,"GET":[
			{
				"<=msec": 0.990
				,"percent": 0.00
				}
			,{
				"<=msec": 1.000
				,"percent": 0.02
				}
			,{
				"<=msec": 1.100
				,"percent": 0.57
				}
			,{
				"<=msec": 1.200
				,"percent": 2.58
				}
			,{
				"<=msec": 1.300
				,"percent": 7.09
				}
			,{
				"<=msec": 1.400
				,"percent": 14.63
				}
			,{
				"<=msec": 1.500
				,"percent": 24.35
				}
			,{
				"<=msec": 1.600
				,"percent": 34.51
				}
			,{
				"<=msec": 1.700
				,"percent": 43.74
				}
			,{
				"<=msec": 1.800
				,"percent": 52.01
				}
			,{
				"<=msec": 1.900
				,"percent": 58.67
				}
			,{
				"<=msec": 2.000
				,"percent": 64.16
				}
			,{
				"<=msec": 2.100
				,"percent": 68.24
				}
			,{
				"<=msec": 2.200
				,"percent": 71.56
				}
			,{
				"<=msec": 2.300
				,"percent": 74.28
				}
			,{
				"<=msec": 2.400
				,"percent": 76.31
				}
			,{
				"<=msec": 2.500
				,"percent": 77.97
				}
			,{
				"<=msec": 2.600
				,"percent": 79.41
				}
			,{
				"<=msec": 2.700
				,"percent": 80.68
				}
			,{
				"<=msec": 2.800
				,"percent": 81.60
				}
			,{
				"<=msec": 2.900
				,"percent": 82.45
				}
			,{
				"<=msec": 3.000
				,"percent": 83.23
				}
			,{
				"<=msec": 3.100
				,"percent": 83.85
				}
			,{
				"<=msec": 3.200
				,"percent": 84.51
				}
			,{
				"<=msec": 3.300
				,"percent": 85.18
				}
			,{
				"<=msec": 3.400
				,"percent": 85.74
				}
			,{
				"<=msec": 3.500
				,"percent": 86.23
				}
			,{
				"<=msec": 3.600
				,"percent": 86.73
				}
			,{
				"<=msec": 3.700
				,"percent": 87.17
				}
			,{
				"<=msec": 3.800
				,"percent": 87.49
				}
			,{
				"<=msec": 3.900
				,"percent": 88.01
				}
			,{
				"<=msec": 4.000
				,"percent": 88.48
				}
			,{
				"<=msec": 4.100
				,"percent": 88.85
				}
			,{
				"<=msec": 4.200
				,"percent": 89.13
				}
			,{
				"<=msec": 4.300
				,"percent": 89.53
				}
			,{
				"<=msec": 4.400
				,"percent": 89.92
				}
			,{
				"<=msec": 4.500
				,"percent": 90.21
				}
			,{
				"<=msec": 4.600
				,"percent": 90.50
				}
			,{
				"<=msec": 4.700
				,"percent": 90.76
				}
			,{
				"<=msec": 4.800
				,"percent": 91.10
				}
			,{
				"<=msec": 4.900
				,"percent": 91.33
				}
			,{
				"<=msec": 5.000
				,"percent": 91.67
				}
			,{
				"<=msec": 5.100
				,"percent": 91.95
				}
			,{
				"<=msec": 5.200
				,"percent": 92.23
				}
			,{
				"<=msec": 5.300
				,"percent": 92.53
				}
			,{
				"<=msec": 5.400
				,"percent": 92.78
				}
			,{
				"<=msec": 5.500
				,"percent": 93.06
				}
			,{
				"<=msec": 5.600
				,"percent": 93.32
				}
			,{
				"<=msec": 5.700
				,"percent": 93.62
				}
			,{
				"<=msec": 5.800
				,"percent": 93.88
				}
			,{
				"<=msec": 5.900
				,"percent": 94.16
				}
			,{
				"<=msec": 6.000
				,"percent": 94.41
				}
			,{
				"<=msec": 6.100
				,"percent": 94.75
				}
			,{
				"<=msec": 6.200
				,"percent": 95.01
				}
			,{
				"<=msec": 6.300
				,"percent": 95.31
				}
			,{
				"<=msec": 6.400
				,"percent": 95.62
				}
			,{
				"<=msec": 6.500
				,"percent": 95.86
				}
			,{
				"<=msec": 6.600
				,"percent": 96.19
				}
			,{
				"<=msec": 6.700
				,"percent": 96.41
				}
			,{
				"<=msec": 6.800
				,"percent": 96.61
				}
			,{
				"<=msec": 6.900
				,"percent": 96.82
				}
			,{
				"<=msec": 7.000
				,"percent": 97.00
				}
			,{
				"<=msec": 7.100
				,"percent": 97.22
				}
			,{
				"<=msec": 7.200
				,"percent": 97.43
				}
			,{
				"<=msec": 7.300
				,"percent": 97.62
				}
			,{
				"<=msec": 7.400
				,"percent": 97.76
				}
			,{
				"<=msec": 7.500
				,"percent": 97.94
				}
			,{
				"<=msec": 7.600
				,"percent": 98.07
				}
			,{
				"<=msec": 7.700
				,"percent": 98.18
				}
			,{
				"<=msec": 7.800
				,"percent": 98.26
				}
			,{
				"<=msec": 7.900
				,"percent": 98.31
				}
			,{
				"<=msec": 8.000
				,"percent": 98.39
				}
			,{
				"<=msec": 8.100
				,"percent": 98.45
				}
			,{
				"<=msec": 8.200
				,"percent": 98.52
				}
			,{
				"<=msec": 8.300
				,"percent": 98.57
				}
			,{
				"<=msec": 8.400
				,"percent": 98.64
				}
			,{
				"<=msec": 8.500
				,"percent": 98.69
				}
			,{
				"<=msec": 8.600
				,"percent": 98.77
				}
			,{
				"<=msec": 8.700
				,"percent": 98.83
				}
			,{
				"<=msec": 8.800
				,"percent": 98.86
				}
			,{
				"<=msec": 8.900
				,"percent": 98.93
				}
			,{
				"<=msec": 9.000
				,"percent": 99.00
				}
			,{
				"<=msec": 9.100
				,"percent": 99.06
				}
			,{
				"<=msec": 9.200
				,"percent": 99.10
				}
			,{
				"<=msec": 9.300
				,"percent": 99.12
				}
			,{
				"<=msec": 9.400
				,"percent": 99.16
				}
			,{
				"<=msec": 9.500
				,"percent": 99.19
				}
			,{
				"<=msec": 9.600
				,"percent": 99.20
				}
			,{
				"<=msec": 9.700
				,"percent": 99.23
				}
			,{
				"<=msec": 9.800
				,"percent": 99.26
				}
			,{
				"<=msec": 9.900
				,"percent": 99.28
				}
			,{
				"<=msec": 10.000
				,"percent": 99.46
				}
			,{
				"<=msec": 11.000
				,"percent": 99.71
				}
			,{
				"<=msec": 12.000
				,"percent": 99.79
				}
			,{
				"<=msec": 13.000
				,"percent": 99.83
				}
			,{
				"<=msec": 14.000
				,"percent": 99.87
				}
			,{
				"<=msec": 15.000
				,"percent": 99.89
				}
			,{
				"<=msec": 16.000
				,"percent": 99.93
				}
			,{
				"<=msec": 17.000
				,"percent": 99.95
				}
			,{
				"<=msec": 18.000
				,"percent": 99.96
				}
			,{
				"<=msec": 19.000
				,"percent": 99.96
				}
			,{
				"<=msec": 20.000
				,"percent": 99.97
				}
			,{
				"<=msec": 21.000
				,"percent": 99.98
				}
			,{
				"<=msec": 23.000
				,"percent": 99.99
				}
			,{
				"<=msec": 26.000
				,"percent": 99.99
				}
			,{
				"<=msec": 27.000
				,"percent": 100.00
				}
			,{
				"<=msec": 100.000
				,"percent": 100.00
				}
			]
		,"WAIT":[
		]
		}
	}
