{
	"configuration":{
		"server": "10.0.0.9"
		,"port": 11212
		,"unix socket": "(null)"
		,"protocol": "memcache_text"
		,"out_file": "(null)"
		,"client_stats": "(null)"
		,"run_count": 1
		,"debug": 0
		,"requests": 0
		,"clients": 2
		,"threads": 1
		,"test_time": 60
		,"ratio": "1:9"
		,"pipeline": 1
		,"data_size": 4096
		,"data_offset": 0
		,"random_data": "false"
		,"data_size_range": "0:0"
		,"data_size_list": ""
		,"data_size_pattern": "R"
		,"expiry_range": "9999:10000"
		,"data_import": "(null)"
		,"data_verify": "false"
		,"verify_only": "false"
		,"generate_keys": "false"
		,"key_prefix": "memtier-"
		,"key_minimum":           0
		,"key_maximum":        1000
		,"key_pattern": "R:R"
		,"key_stddev": 0.000000
		,"key_median": 0.000000
		,"reconnect_interval": 0
		,"multi_key_get": 9
		,"authenticate": ""
		,"select-db": 0
		,"no-expiry": "false"
		,"wait-ratio": "0:0"
		,"num-slaves": "0:0"
		,"wait-timeout": "0-0"
		}
	,"run information":{
		"Threads": 1
		,"Connections per thread": 2
		,"Seconds": 60
		}
	,"ALL STATS":{
		"Sets":{
			"Ops/sec": 190.79
			,"Hits/sec": 0.00
			,"Misses/sec": 0.00
			,"Latency": 4.61
			,"KB/sec": 770.51
			}
		,"Gets":{
			"Ops/sec": 190.79
			,"Hits/sec": 1717.13
			,"Misses/sec": 0.00
			,"Latency": 5.84
			,"KB/sec": 6937.09
			}
		,"Waits":{
			"Ops/sec": 0.00
			,"Hits/sec": 0.00
			,"Misses/sec": 0.00
			,"Latency": 0.00
			,"KB/sec": 0.00
			}
		,"Totals":{
			"Ops/sec": 381.58
			,"Hits/sec": 1717.13
			,"Misses/sec": 0.00
			,"Latency": 5.23
			,"KB/sec": 7707.60
			}
		,"SET":[
			{
				"<=msec": 0.990
				,"percent": 0.01
				}
			,{
				"<=msec": 1.000
				,"percent": 0.10
				}
			,{
				"<=msec": 1.100
				,"percent": 0.62
				}
			,{
				"<=msec": 1.200
				,"percent": 2.27
				}
			,{
				"<=msec": 1.300
				,"percent": 5.77
				}
			,{
				"<=msec": 1.400
				,"percent": 10.86
				}
			,{
				"<=msec": 1.500
				,"percent": 17.49
				}
			,{
				"<=msec": 1.600
				,"percent": 24.09
				}
			,{
				"<=msec": 1.700
				,"percent": 30.31
				}
			,{
				"<=msec": 1.800
				,"percent": 35.56
				}
			,{
				"<=msec": 1.900
				,"percent": 40.00
				}
			,{
				"<=msec": 2.000
				,"percent": 43.46
				}
			,{
				"<=msec": 2.100
				,"percent": 46.03
				}
			,{
				"<=msec": 2.200
				,"percent": 48.36
				}
			,{
				"<=msec": 2.300
				,"percent": 50.29
				}
			,{
				"<=msec": 2.400
				,"percent": 51.73
				}
			,{
				"<=msec": 2.500
				,"percent": 52.83
				}
			,{
				"<=msec": 2.600
				,"percent": 53.99
				}
			,{
				"<=msec": 2.700
				,"percent": 54.92
				}
			,{
				"<=msec": 2.800
				,"percent": 55.80
				}
			,{
				"<=msec": 2.900
				,"percent": 56.53
				}
			,{
				"<=msec": 3.000
				,"percent": 57.19
				}
			,{
				"<=msec": 3.100
				,"percent": 57.98
				}
			,{
				"<=msec": 3.200
				,"percent": 58.54
				}
			,{
				"<=msec": 3.300
				,"percent": 59.10
				}
			,{
				"<=msec": 3.400
				,"percent": 59.80
				}
			,{
				"<=msec": 3.500
				,"percent": 60.19
				}
			,{
				"<=msec": 3.600
				,"percent": 60.67
				}
			,{
				"<=msec": 3.700
				,"percent": 61.13
				}
			,{
				"<=msec": 3.800
				,"percent": 61.54
				}
			,{
				"<=msec": 3.900
				,"percent": 61.84
				}
			,{
				"<=msec": 4.000
				,"percent": 62.22
				}
			,{
				"<=msec": 4.100
				,"percent": 62.52
				}
			,{
				"<=msec": 4.200
				,"percent": 62.95
				}
			,{
				"<=msec": 4.300
				,"percent": 63.43
				}
			,{
				"<=msec": 4.400
				,"percent": 63.79
				}
			,{
				"<=msec": 4.500
				,"percent": 64.05
				}
			,{
				"<=msec": 4.600
				,"percent": 64.49
				}
			,{
				"<=msec": 4.700
				,"percent": 64.85
				}
			,{
				"<=msec": 4.800
				,"percent": 65.21
				}
			,{
				"<=msec": 4.900
				,"percent": 65.57
				}
			,{
				"<=msec": 5.000
				,"percent": 65.98
				}
			,{
				"<=msec": 5.100
				,"percent": 66.39
				}
			,{
				"<=msec": 5.200
				,"percent": 66.77
				}
			,{
				"<=msec": 5.300
				,"percent": 67.24
				}
			,{
				"<=msec": 5.400
				,"percent": 67.54
				}
			,{
				"<=msec": 5.500
				,"percent": 67.81
				}
			,{
				"<=msec": 5.600
				,"percent": 68.21
				}
			,{
				"<=msec": 5.700
				,"percent": 68.59
				}
			,{
				"<=msec": 5.800
				,"percent": 68.98
				}
			,{
				"<=msec": 5.900
				,"percent": 69.33
				}
			,{
				"<=msec": 6.000
				,"percent": 69.75
				}
			,{
				"<=msec": 6.100
				,"percent": 70.26
				}
			,{
				"<=msec": 6.200
				,"percent": 70.68
				}
			,{
				"<=msec": 6.300
				,"percent": 71.10
				}
			,{
				"<=msec": 6.400
				,"percent": 71.44
				}
			,{
				"<=msec": 6.500
				,"percent": 71.79
				}
			,{
				"<=msec": 6.600
				,"percent": 72.13
				}
			,{
				"<=msec": 6.700
				,"percent": 72.46
				}
			,{
				"<=msec": 6.800
				,"percent": 72.77
				}
			,{
				"<=msec": 6.900
				,"percent": 73.14
				}
			,{
				"<=msec": 7.000
				,"percent": 73.39
				}
			,{
				"<=msec": 7.100
				,"percent": 73.65
				}
			,{
				"<=msec": 7.200
				,"percent": 73.90
				}
			,{
				"<=msec": 7.300
				,"percent": 74.16
				}
			,{
				"<=msec": 7.400
				,"percent": 74.40
				}
			,{
				"<=msec": 7.500
				,"percent": 74.55
				}
			,{
				"<=msec": 7.600
				,"percent": 74.80
				}
			,{
				"<=msec": 7.700
				,"percent": 74.98
				}
			,{
				"<=msec": 7.800
				,"percent": 75.19
				}
			,{
				"<=msec": 7.900
				,"percent": 75.44
				}
			,{
				"<=msec": 8.000
				,"percent": 75.60
				}
			,{
				"<=msec": 8.100
				,"percent": 75.89
				}
			,{
				"<=msec": 8.200
				,"percent": 76.15
				}
			,{
				"<=msec": 8.300
				,"percent": 76.42
				}
			,{
				"<=msec": 8.400
				,"percent": 76.75
				}
			,{
				"<=msec": 8.500
				,"percent": 77.11
				}
			,{
				"<=msec": 8.600
				,"percent": 77.43
				}
			,{
				"<=msec": 8.700
				,"percent": 77.71
				}
			,{
				"<=msec": 8.800
				,"percent": 78.00
				}
			,{
				"<=msec": 8.900
				,"percent": 78.40
				}
			,{
				"<=msec": 9.000
				,"percent": 78.63
				}
			,{
				"<=msec": 9.100
				,"percent": 79.04
				}
			,{
				"<=msec": 9.200
				,"percent": 79.40
				}
			,{
				"<=msec": 9.300
				,"percent": 79.75
				}
			,{
				"<=msec": 9.400
				,"percent": 80.19
				}
			,{
				"<=msec": 9.500
				,"percent": 80.58
				}
			,{
				"<=msec": 9.600
				,"percent": 81.08
				}
			,{
				"<=msec": 9.700
				,"percent": 81.59
				}
			,{
				"<=msec": 9.800
				,"percent": 82.08
				}
			,{
				"<=msec": 9.900
				,"percent": 82.59
				}
			,{
				"<=msec": 10.000
				,"percent": 86.13
				}
			,{
				"<=msec": 11.000
				,"percent": 95.11
				}
			,{
				"<=msec": 12.000
				,"percent": 98.52
				}
			,{
				"<=msec": 13.000
				,"percent": 99.23
				}
			,{
				"<=msec": 14.000
				,"percent": 99.47
				}
			,{
				"<=msec": 15.000
				,"percent": 99.62
				}
			,{
				"<=msec": 16.000
				,"percent": 99.73
				}
			,{
				"<=msec": 17.000
				,"percent": 99.79
				}
			,{
				"<=msec": 18.000
				,"percent": 99.82
				}
			,{
				"<=msec": 19.000
				,"percent": 99.85
				}
			,{
				"<=msec": 21.000
				,"percent": 99.88
				}
			,{
				"<=msec": 23.000
				,"percent": 99.90
				}
			,{
				"<=msec": 24.000
				,"percent": 99.91
				}
			,{
				"<=msec": 25.000
				,"percent": 99.95
				}
			,{
				"<=msec": 26.000
				,"percent": 99.98
				}
			,{
				"<=msec": 27.000
				,"percent": 99.99
				}
			,{
				"<=msec": 110.000
				,"percent": 100.00
				}
			]
		,"GET":[
			{
				"<=msec": 1.400
				,"percent": 0.02
				}
			,{
				"<=msec": 1.500
				,"percent": 0.23
				}
			,{
				"<=msec": 1.600
				,"percent": 0.87
				}
			,{
				"<=msec": 1.700
				,"percent": 2.45
				}
			,{
				"<=msec": 1.800
				,"percent": 5.30
				}
			,{
				"<=msec": 1.900
				,"percent": 9.52
				}
			,{
				"<=msec": 2.000
				,"percent": 14.54
				}
			,{
				"<=msec": 2.100
				,"percent": 19.23
				}
			,{
				"<=msec": 2.200
				,"percent": 24.15
				}
			,{
				"<=msec": 2.300
				,"percent": 28.72
				}
			,{
				"<=msec": 2.400
				,"percent": 33.27
				}
			,{
				"<=msec": 2.500
				,"percent": 36.60
				}
			,{
				"<=msec": 2.600
				,"percent": 39.69
				}
			,{
				"<=msec": 2.700
				,"percent": 41.83
				}
			,{
				"<=msec": 2.800
				,"percent": 43.61
				}
			,{
				"<=msec": 2.900
				,"percent": 45.10
				}
			,{
				"<=msec": 3.000
				,"percent": 46.50
				}
			,{
				"<=msec": 3.100
				,"percent": 47.62
				}
			,{
				"<=msec": 3.200
				,"percent": 48.59
				}
			,{
				"<=msec": 3.300
				,"percent": 49.57
				}
			,{
				"<=msec": 3.400
				,"percent": 50.43
				}
			,{
				"<=msec": 3.500
				,"percent": 51.15
				}
			,{
				"<=msec": 3.600
				,"percent": 51.62
				}
			,{
				"<=msec": 3.700
				,"percent": 52.34
				}
			,{
				"<=msec": 3.800
				,"percent": 52.89
				}
			,{
				"<=msec": 3.900
				,"percent": 53.42
				}
			,{
				"<=msec": 4.000
				,"percent": 53.90
				}
			,{
				"<=msec": 4.100
				,"percent": 54.36
				}
			,{
				"<=msec": 4.200
				,"percent": 54.73
				}
			,{
				"<=msec": 4.300
				,"percent": 55.10
				}
			,{
				"<=msec": 4.400
				,"percent": 55.47
				}
			,{
				"<=msec": 4.500
				,"percent": 55.89
				}
			,{
				"<=msec": 4.600
				,"percent": 56.22
				}
			,{
				"<=msec": 4.700
				,"percent": 56.49
				}
			,{
				"<=msec": 4.800
				,"percent": 56.80
				}
			,{
				"<=msec": 4.900
				,"percent": 57.12
				}
			,{
				"<=msec": 5.000
				,"percent": 57.35
				}
			,{
				"<=msec": 5.100
				,"percent": 57.63
				}
			,{
				"<=msec": 5.200
				,"percent": 57.91
				}
			,{
				"<=msec": 5.300
				,"percent": 58.18
				}
			,{
				"<=msec": 5.400
				,"percent": 58.49
				}
			,{
				"<=msec": 5.500
				,"percent": 58.79
				}
			,{
				"<=msec": 5.600
				,"percent": 59.06
				}
			,{
				"<=msec": 5.700
				,"percent": 59.36
				}
			,{
				"<=msec": 5.800
				,"percent": 59.66
				}
			,{
				"<=msec": 5.900
				,"percent": 59.98
				}
			,{
				"<=msec": 6.000
				,"percent": 60.33
				}
			,{
				"<=msec": 6.100
				,"percent": 60.60
				}
			,{
				"<=msec": 6.200
				,"percent": 61.00
				}
			,{
				"<=msec": 6.300
				,"percent": 61.35
				}
			,{
				"<=msec": 6.400
				,"percent": 61.68
				}
			,{
				"<=msec": 6.500
				,"percent": 61.95
				}
			,{
				"<=msec": 6.600
				,"percent": 62.37
				}
			,{
				"<=msec": 6.700
				,"percent": 62.64
				}
			,{
				"<=msec": 6.800
				,"percent": 62.98
				}
			,{
				"<=msec": 6.900
				,"percent": 63.36
				}
			,{
				"<=msec": 7.000
				,"percent": 63.71
				}
			,{
				"<=msec": 7.100
				,"percent": 64.07
				}
			,{
				"<=msec": 7.200
				,"percent": 64.45
				}
			,{
				"<=msec": 7.300
				,"percent": 64.91
				}
			,{
				"<=msec": 7.400
				,"percent": 65.31
				}
			,{
				"<=msec": 7.500
				,"percent": 65.79
				}
			,{
				"<=msec": 7.600
				,"percent": 66.24
				}
			,{
				"<=msec": 7.700
				,"percent": 66.60
				}
			,{
				"<=msec": 7.800
				,"percent": 66.96
				}
			,{
				"<=msec": 7.900
				,"percent": 67.23
				}
			,{
				"<=msec": 8.000
				,"percent": 67.57
				}
			,{
				"<=msec": 8.100
				,"percent": 67.89
				}
			,{
				"<=msec": 8.200
				,"percent": 68.13
				}
			,{
				"<=msec": 8.300
				,"percent": 68.49
				}
			,{
				"<=msec": 8.400
				,"percent": 68.77
				}
			,{
				"<=msec": 8.500
				,"percent": 69.01
				}
			,{
				"<=msec": 8.600
				,"percent": 69.31
				}
			,{
				"<=msec": 8.700
				,"percent": 69.54
				}
			,{
				"<=msec": 8.800
				,"percent": 69.87
				}
			,{
				"<=msec": 8.900
				,"percent": 70.29
				}
			,{
				"<=msec": 9.000
				,"percent": 70.63
				}
			,{
				"<=msec": 9.100
				,"percent": 71.04
				}
			,{
				"<=msec": 9.200
				,"percent": 71.38
				}
			,{
				"<=msec": 9.300
				,"percent": 71.75
				}
			,{
				"<=msec": 9.400
				,"percent": 72.18
				}
			,{
				"<=msec": 9.500
				,"percent": 72.69
				}
			,{
				"<=msec": 9.600
				,"percent": 73.22
				}
			,{
				"<=msec": 9.700
				,"percent": 73.72
				}
			,{
				"<=msec": 9.800
				,"percent": 74.34
				}
			,{
				"<=msec": 9.900
				,"percent": 74.82
				}
			,{
				"<=msec": 10.000
				,"percent": 78.14
				}
			,{
				"<=msec": 11.000
				,"percent": 84.08
				}
			,{
				"<=msec": 12.000
				,"percent": 92.77
				}
			,{
				"<=msec": 13.000
				,"percent": 97.86
				}
			,{
				"<=msec": 14.000
				,"percent": 98.90
				}
			,{
				"<=msec": 15.000
				,"percent": 99.23
				}
			,{
				"<=msec": 16.000
				,"percent": 99.52
				}
			,{
				"<=msec": 17.000
				,"percent": 99.63
				}
			,{
				"<=msec": 18.000
				,"percent": 99.74
				}
			,{
				"<=msec": 19.000
				,"percent": 99.76
				}
			,{
				"<=msec": 20.000
				,"percent": 99.81
				}
			,{
				"<=msec": 21.000
				,"percent": 99.83
				}
			,{
				"<=msec": 22.000
				,"percent": 99.85
				}
			,{
				"<=msec": 23.000
				,"percent": 99.86
				}
			,{
				"<=msec": 24.000
				,"percent": 99.90
				}
			,{
				"<=msec": 25.000
				,"percent": 99.90
				}
			,{
				"<=msec": 26.000
				,"percent": 99.96
				}
			,{
				"<=msec": 27.000
				,"percent": 99.97
				}
			,{
				"<=msec": 28.000
				,"percent": 99.99
				}
			,{
				"<=msec": 110.000
				,"percent": 100.00
				}
			]
		,"WAIT":[
		]
		}
	}
