{
	"configuration":{
		"server": "10.0.0.9"
		,"port": 11212
		,"unix socket": "(null)"
		,"protocol": "memcache_text"
		,"out_file": "(null)"
		,"client_stats": "(null)"
		,"run_count": 1
		,"debug": 0
		,"requests": 0
		,"clients": 2
		,"threads": 1
		,"test_time": 60
		,"ratio": "1:3"
		,"pipeline": 1
		,"data_size": 4096
		,"data_offset": 0
		,"random_data": "false"
		,"data_size_range": "0:0"
		,"data_size_list": ""
		,"data_size_pattern": "R"
		,"expiry_range": "9999:10000"
		,"data_import": "(null)"
		,"data_verify": "false"
		,"verify_only": "false"
		,"generate_keys": "false"
		,"key_prefix": "memtier-"
		,"key_minimum":           0
		,"key_maximum":        1000
		,"key_pattern": "R:R"
		,"key_stddev": 0.000000
		,"key_median": 0.000000
		,"reconnect_interval": 0
		,"multi_key_get": 3
		,"authenticate": ""
		,"select-db": 0
		,"no-expiry": "false"
		,"wait-ratio": "0:0"
		,"num-slaves": "0:0"
		,"wait-timeout": "0-0"
		}
	,"run information":{
		"Threads": 1
		,"Connections per thread": 2
		,"Seconds": 60
		}
	,"ALL STATS":{
		"Sets":{
			"Ops/sec": 417.44
			,"Hits/sec": 0.00
			,"Misses/sec": 0.00
			,"Latency": 2.36
			,"KB/sec": 1685.82
			}
		,"Gets":{
			"Ops/sec": 417.42
			,"Hits/sec": 1252.27
			,"Misses/sec": 0.00
			,"Latency": 2.41
			,"KB/sec": 5061.81
			}
		,"Waits":{
			"Ops/sec": 0.00
			,"Hits/sec": 0.00
			,"Misses/sec": 0.00
			,"Latency": 0.00
			,"KB/sec": 0.00
			}
		,"Totals":{
			"Ops/sec": 834.87
			,"Hits/sec": 1252.27
			,"Misses/sec": 0.00
			,"Latency": 2.39
			,"KB/sec": 6747.64
			}
		,"SET":[
			{
				"<=msec": 0.900
				,"percent": 0.00
				}
			,{
				"<=msec": 0.910
				,"percent": 0.01
				}
			,{
				"<=msec": 0.930
				,"percent": 0.02
				}
			,{
				"<=msec": 0.940
				,"percent": 0.03
				}
			,{
				"<=msec": 0.950
				,"percent": 0.04
				}
			,{
				"<=msec": 0.960
				,"percent": 0.05
				}
			,{
				"<=msec": 0.970
				,"percent": 0.08
				}
			,{
				"<=msec": 0.980
				,"percent": 0.10
				}
			,{
				"<=msec": 0.990
				,"percent": 0.13
				}
			,{
				"<=msec": 1.000
				,"percent": 0.42
				}
			,{
				"<=msec": 1.100
				,"percent": 2.37
				}
			,{
				"<=msec": 1.200
				,"percent": 7.21
				}
			,{
				"<=msec": 1.300
				,"percent": 15.14
				}
			,{
				"<=msec": 1.400
				,"percent": 24.85
				}
			,{
				"<=msec": 1.500
				,"percent": 35.14
				}
			,{
				"<=msec": 1.600
				,"percent": 44.58
				}
			,{
				"<=msec": 1.700
				,"percent": 52.25
				}
			,{
				"<=msec": 1.800
				,"percent": 58.76
				}
			,{
				"<=msec": 1.900
				,"percent": 64.09
				}
			,{
				"<=msec": 2.000
				,"percent": 68.24
				}
			,{
				"<=msec": 2.100
				,"percent": 71.62
				}
			,{
				"<=msec": 2.200
				,"percent": 74.06
				}
			,{
				"<=msec": 2.300
				,"percent": 75.96
				}
			,{
				"<=msec": 2.400
				,"percent": 77.68
				}
			,{
				"<=msec": 2.500
				,"percent": 79.17
				}
			,{
				"<=msec": 2.600
				,"percent": 80.33
				}
			,{
				"<=msec": 2.700
				,"percent": 81.38
				}
			,{
				"<=msec": 2.800
				,"percent": 82.32
				}
			,{
				"<=msec": 2.900
				,"percent": 83.14
				}
			,{
				"<=msec": 3.000
				,"percent": 83.86
				}
			,{
				"<=msec": 3.100
				,"percent": 84.53
				}
			,{
				"<=msec": 3.200
				,"percent": 85.16
				}
			,{
				"<=msec": 3.300
				,"percent": 85.81
				}
			,{
				"<=msec": 3.400
				,"percent": 86.29
				}
			,{
				"<=msec": 3.500
				,"percent": 86.79
				}
			,{
				"<=msec": 3.600
				,"percent": 87.25
				}
			,{
				"<=msec": 3.700
				,"percent": 87.64
				}
			,{
				"<=msec": 3.800
				,"percent": 88.07
				}
			,{
				"<=msec": 3.900
				,"percent": 88.46
				}
			,{
				"<=msec": 4.000
				,"percent": 88.79
				}
			,{
				"<=msec": 4.100
				,"percent": 89.19
				}
			,{
				"<=msec": 4.200
				,"percent": 89.54
				}
			,{
				"<=msec": 4.300
				,"percent": 89.90
				}
			,{
				"<=msec": 4.400
				,"percent": 90.17
				}
			,{
				"<=msec": 4.500
				,"percent": 90.47
				}
			,{
				"<=msec": 4.600
				,"percent": 90.75
				}
			,{
				"<=msec": 4.700
				,"percent": 91.08
				}
			,{
				"<=msec": 4.800
				,"percent": 91.39
				}
			,{
				"<=msec": 4.900
				,"percent": 91.70
				}
			,{
				"<=msec": 5.000
				,"percent": 91.91
				}
			,{
				"<=msec": 5.100
				,"percent": 92.18
				}
			,{
				"<=msec": 5.200
				,"percent": 92.44
				}
			,{
				"<=msec": 5.300
				,"percent": 92.63
				}
			,{
				"<=msec": 5.400
				,"percent": 92.99
				}
			,{
				"<=msec": 5.500
				,"percent": 93.30
				}
			,{
				"<=msec": 5.600
				,"percent": 93.62
				}
			,{
				"<=msec": 5.700
				,"percent": 93.96
				}
			,{
				"<=msec": 5.800
				,"percent": 94.31
				}
			,{
				"<=msec": 5.900
				,"percent": 94.56
				}
			,{
				"<=msec": 6.000
				,"percent": 94.84
				}
			,{
				"<=msec": 6.100
				,"percent": 95.09
				}
			,{
				"<=msec": 6.200
				,"percent": 95.34
				}
			,{
				"<=msec": 6.300
				,"percent": 95.61
				}
			,{
				"<=msec": 6.400
				,"percent": 95.87
				}
			,{
				"<=msec": 6.500
				,"percent": 96.12
				}
			,{
				"<=msec": 6.600
				,"percent": 96.33
				}
			,{
				"<=msec": 6.700
				,"percent": 96.46
				}
			,{
				"<=msec": 6.800
				,"percent": 96.63
				}
			,{
				"<=msec": 6.900
				,"percent": 96.85
				}
			,{
				"<=msec": 7.000
				,"percent": 97.02
				}
			,{
				"<=msec": 7.100
				,"percent": 97.22
				}
			,{
				"<=msec": 7.200
				,"percent": 97.38
				}
			,{
				"<=msec": 7.300
				,"percent": 97.54
				}
			,{
				"<=msec": 7.400
				,"percent": 97.67
				}
			,{
				"<=msec": 7.500
				,"percent": 97.80
				}
			,{
				"<=msec": 7.600
				,"percent": 97.94
				}
			,{
				"<=msec": 7.700
				,"percent": 98.05
				}
			,{
				"<=msec": 7.800
				,"percent": 98.16
				}
			,{
				"<=msec": 7.900
				,"percent": 98.25
				}
			,{
				"<=msec": 8.000
				,"percent": 98.32
				}
			,{
				"<=msec": 8.100
				,"percent": 98.38
				}
			,{
				"<=msec": 8.200
				,"percent": 98.46
				}
			,{
				"<=msec": 8.300
				,"percent": 98.51
				}
			,{
				"<=msec": 8.400
				,"percent": 98.56
				}
			,{
				"<=msec": 8.500
				,"percent": 98.60
				}
			,{
				"<=msec": 8.600
				,"percent": 98.65
				}
			,{
				"<=msec": 8.700
				,"percent": 98.69
				}
			,{
				"<=msec": 8.800
				,"percent": 98.73
				}
			,{
				"<=msec": 8.900
				,"percent": 98.79
				}
			,{
				"<=msec": 9.000
				,"percent": 98.85
				}
			,{
				"<=msec": 9.100
				,"percent": 98.88
				}
			,{
				"<=msec": 9.200
				,"percent": 98.94
				}
			,{
				"<=msec": 9.300
				,"percent": 99.01
				}
			,{
				"<=msec": 9.400
				,"percent": 99.07
				}
			,{
				"<=msec": 9.500
				,"percent": 99.13
				}
			,{
				"<=msec": 9.600
				,"percent": 99.17
				}
			,{
				"<=msec": 9.700
				,"percent": 99.21
				}
			,{
				"<=msec": 9.800
				,"percent": 99.25
				}
			,{
				"<=msec": 9.900
				,"percent": 99.30
				}
			,{
				"<=msec": 10.000
				,"percent": 99.48
				}
			,{
				"<=msec": 11.000
				,"percent": 99.67
				}
			,{
				"<=msec": 12.000
				,"percent": 99.79
				}
			,{
				"<=msec": 13.000
				,"percent": 99.85
				}
			,{
				"<=msec": 14.000
				,"percent": 99.87
				}
			,{
				"<=msec": 15.000
				,"percent": 99.89
				}
			,{
				"<=msec": 16.000
				,"percent": 99.92
				}
			,{
				"<=msec": 17.000
				,"percent": 99.93
				}
			,{
				"<=msec": 18.000
				,"percent": 99.94
				}
			,{
				"<=msec": 19.000
				,"percent": 99.95
				}
			,{
				"<=msec": 20.000
				,"percent": 99.96
				}
			,{
				"<=msec": 21.000
				,"percent": 99.96
				}
			,{
				"<=msec": 22.000
				,"percent": 99.97
				}
			,{
				"<=msec": 24.000
				,"percent": 99.98
				}
			,{
				"<=msec": 36.000
				,"percent": 99.98
				}
			,{
				"<=msec": 38.000
				,"percent": 99.98
				}
			,{
				"<=msec": 41.000
				,"percent": 99.99
				}
			,{
				"<=msec": 330.000
				,"percent": 100.00
				}
			,{
				"<=msec": 450.000
				,"percent": 100.00
				}
			]
		,"GET":[
			{
				"<=msec": 0.990
				,"percent": 0.01
				}
			,{
				"<=msec": 1.000
				,"percent": 0.06
				}
			,{
				"<=msec": 1.100
				,"percent": 0.67
				}
			,{
				"<=msec": 1.200
				,"percent": 3.34
				}
			,{
				"<=msec": 1.300
				,"percent": 9.12
				}
			,{
				"<=msec": 1.400
				,"percent": 17.59
				}
			,{
				"<=msec": 1.500
				,"percent": 27.60
				}
			,{
				"<=msec": 1.600
				,"percent": 37.83
				}
			,{
				"<=msec": 1.700
				,"percent": 46.90
				}
			,{
				"<=msec": 1.800
				,"percent": 55.14
				}
			,{
				"<=msec": 1.900
				,"percent": 61.50
				}
			,{
				"<=msec": 2.000
				,"percent": 66.50
				}
			,{
				"<=msec": 2.100
				,"percent": 70.49
				}
			,{
				"<=msec": 2.200
				,"percent": 73.60
				}
			,{
				"<=msec": 2.300
				,"percent": 75.92
				}
			,{
				"<=msec": 2.400
				,"percent": 77.76
				}
			,{
				"<=msec": 2.500
				,"percent": 79.43
				}
			,{
				"<=msec": 2.600
				,"percent": 80.72
				}
			,{
				"<=msec": 2.700
				,"percent": 81.85
				}
			,{
				"<=msec": 2.800
				,"percent": 82.87
				}
			,{
				"<=msec": 2.900
				,"percent": 83.65
				}
			,{
				"<=msec": 3.000
				,"percent": 84.34
				}
			,{
				"<=msec": 3.100
				,"percent": 85.05
				}
			,{
				"<=msec": 3.200
				,"percent": 85.65
				}
			,{
				"<=msec": 3.300
				,"percent": 86.24
				}
			,{
				"<=msec": 3.400
				,"percent": 86.77
				}
			,{
				"<=msec": 3.500
				,"percent": 87.32
				}
			,{
				"<=msec": 3.600
				,"percent": 87.79
				}
			,{
				"<=msec": 3.700
				,"percent": 88.23
				}
			,{
				"<=msec": 3.800
				,"percent": 88.63
				}
			,{
				"<=msec": 3.900
				,"percent": 89.02
				}
			,{
				"<=msec": 4.000
				,"percent": 89.38
				}
			,{
				"<=msec": 4.100
				,"percent": 89.72
				}
			,{
				"<=msec": 4.200
				,"percent": 90.08
				}
			,{
				"<=msec": 4.300
				,"percent": 90.41
				}
			,{
				"<=msec": 4.400
				,"percent": 90.73
				}
			,{
				"<=msec": 4.500
				,"percent": 91.04
				}
			,{
				"<=msec": 4.600
				,"percent": 91.26
				}
			,{
				"<=msec": 4.700
				,"percent": 91.62
				}
			,{
				"<=msec": 4.800
				,"percent": 91.91
				}
			,{
				"<=msec": 4.900
				,"percent": 92.17
				}
			,{
				"<=msec": 5.000
				,"percent": 92.41
				}
			,{
				"<=msec": 5.100
				,"percent": 92.66
				}
			,{
				"<=msec": 5.200
				,"percent": 92.90
				}
			,{
				"<=msec": 5.300
				,"percent": 93.19
				}
			,{
				"<=msec": 5.400
				,"percent": 93.46
				}
			,{
				"<=msec": 5.500
				,"percent": 93.72
				}
			,{
				"<=msec": 5.600
				,"percent": 93.94
				}
			,{
				"<=msec": 5.700
				,"percent": 94.23
				}
			,{
				"<=msec": 5.800
				,"percent": 94.51
				}
			,{
				"<=msec": 5.900
				,"percent": 94.77
				}
			,{
				"<=msec": 6.000
				,"percent": 95.02
				}
			,{
				"<=msec": 6.100
				,"percent": 95.28
				}
			,{
				"<=msec": 6.200
				,"percent": 95.57
				}
			,{
				"<=msec": 6.300
				,"percent": 95.84
				}
			,{
				"<=msec": 6.400
				,"percent": 96.07
				}
			,{
				"<=msec": 6.500
				,"percent": 96.25
				}
			,{
				"<=msec": 6.600
				,"percent": 96.47
				}
			,{
				"<=msec": 6.700
				,"percent": 96.70
				}
			,{
				"<=msec": 6.800
				,"percent": 96.95
				}
			,{
				"<=msec": 6.900
				,"percent": 97.17
				}
			,{
				"<=msec": 7.000
				,"percent": 97.38
				}
			,{
				"<=msec": 7.100
				,"percent": 97.54
				}
			,{
				"<=msec": 7.200
				,"percent": 97.69
				}
			,{
				"<=msec": 7.300
				,"percent": 97.82
				}
			,{
				"<=msec": 7.400
				,"percent": 97.92
				}
			,{
				"<=msec": 7.500
				,"percent": 98.00
				}
			,{
				"<=msec": 7.600
				,"percent": 98.14
				}
			,{
				"<=msec": 7.700
				,"percent": 98.23
				}
			,{
				"<=msec": 7.800
				,"percent": 98.32
				}
			,{
				"<=msec": 7.900
				,"percent": 98.45
				}
			,{
				"<=msec": 8.000
				,"percent": 98.57
				}
			,{
				"<=msec": 8.100
				,"percent": 98.63
				}
			,{
				"<=msec": 8.200
				,"percent": 98.69
				}
			,{
				"<=msec": 8.300
				,"percent": 98.75
				}
			,{
				"<=msec": 8.400
				,"percent": 98.79
				}
			,{
				"<=msec": 8.500
				,"percent": 98.85
				}
			,{
				"<=msec": 8.600
				,"percent": 98.88
				}
			,{
				"<=msec": 8.700
				,"percent": 98.91
				}
			,{
				"<=msec": 8.800
				,"percent": 98.95
				}
			,{
				"<=msec": 8.900
				,"percent": 99.01
				}
			,{
				"<=msec": 9.000
				,"percent": 99.05
				}
			,{
				"<=msec": 9.100
				,"percent": 99.09
				}
			,{
				"<=msec": 9.200
				,"percent": 99.14
				}
			,{
				"<=msec": 9.300
				,"percent": 99.18
				}
			,{
				"<=msec": 9.400
				,"percent": 99.22
				}
			,{
				"<=msec": 9.500
				,"percent": 99.24
				}
			,{
				"<=msec": 9.600
				,"percent": 99.25
				}
			,{
				"<=msec": 9.700
				,"percent": 99.27
				}
			,{
				"<=msec": 9.800
				,"percent": 99.29
				}
			,{
				"<=msec": 9.900
				,"percent": 99.31
				}
			,{
				"<=msec": 10.000
				,"percent": 99.48
				}
			,{
				"<=msec": 11.000
				,"percent": 99.72
				}
			,{
				"<=msec": 12.000
				,"percent": 99.80
				}
			,{
				"<=msec": 13.000
				,"percent": 99.85
				}
			,{
				"<=msec": 14.000
				,"percent": 99.87
				}
			,{
				"<=msec": 15.000
				,"percent": 99.90
				}
			,{
				"<=msec": 16.000
				,"percent": 99.91
				}
			,{
				"<=msec": 17.000
				,"percent": 99.92
				}
			,{
				"<=msec": 18.000
				,"percent": 99.92
				}
			,{
				"<=msec": 19.000
				,"percent": 99.92
				}
			,{
				"<=msec": 20.000
				,"percent": 99.93
				}
			,{
				"<=msec": 21.000
				,"percent": 99.94
				}
			,{
				"<=msec": 22.000
				,"percent": 99.95
				}
			,{
				"<=msec": 23.000
				,"percent": 99.95
				}
			,{
				"<=msec": 24.000
				,"percent": 99.96
				}
			,{
				"<=msec": 38.000
				,"percent": 99.96
				}
			,{
				"<=msec": 59.000
				,"percent": 99.96
				}
			,{
				"<=msec": 60.000
				,"percent": 99.97
				}
			,{
				"<=msec": 110.000
				,"percent": 99.98
				}
			,{
				"<=msec": 120.000
				,"percent": 99.98
				}
			,{
				"<=msec": 150.000
				,"percent": 99.98
				}
			,{
				"<=msec": 170.000
				,"percent": 99.99
				}
			,{
				"<=msec": 260.000
				,"percent": 99.99
				}
			,{
				"<=msec": 350.000
				,"percent": 100.00
				}
			,{
				"<=msec": 390.000
				,"percent": 100.00
				}
			]
		,"WAIT":[
		]
		}
	}
