[    0.000000] Initializing cgroup subsys cpuset
[    0.000000] Initializing cgroup subsys cpu
[    0.000000] Initializing cgroup subsys cpuacct
[    0.000000] Linux version 4.4.0-165-generic (buildd@lgw01-amd64-027) (gcc version 5.4.0 20160609 (Ubuntu 5.4.0-6ubuntu1~16.04.10) ) #193-Ubuntu SMP Tue Sep 17 17:42:52 UTC 2019 (Ubuntu 4.4.0-165.193-generic 4.4.189)
[    0.000000] Command line: BOOT_IMAGE=/boot/vmlinuz-4.4.0-165-generic root=LABEL=cloudimg-rootfs ro console=tty1 console=ttyS0
[    0.000000] KERNEL supported cpus:
[    0.000000]   Intel GenuineIntel
[    0.000000]   AMD AuthenticAMD
[    0.000000]   Centaur CentaurHauls
[    0.000000] x86/fpu: xstate_offset[2]:  576, xstate_sizes[2]:  256
[    0.000000] x86/fpu: Supporting XSAVE feature 0x01: 'x87 floating point registers'
[    0.000000] x86/fpu: Supporting XSAVE feature 0x02: 'SSE registers'
[    0.000000] x86/fpu: Supporting XSAVE feature 0x04: 'AVX registers'
[    0.000000] x86/fpu: Enabled xstate features 0x7, context size is 832 bytes, using 'standard' format.
[    0.000000] e820: BIOS-provided physical RAM map:
[    0.000000] BIOS-e820: [mem 0x0000000000000000-0x000000000009fbff] usable
[    0.000000] BIOS-e820: [mem 0x000000000009fc00-0x000000000009ffff] reserved
[    0.000000] BIOS-e820: [mem 0x00000000000f0000-0x00000000000fffff] reserved
[    0.000000] BIOS-e820: [mem 0x0000000000100000-0x000000003ffeffff] usable
[    0.000000] BIOS-e820: [mem 0x000000003fff0000-0x000000003fffffff] ACPI data
[    0.000000] BIOS-e820: [mem 0x00000000fec00000-0x00000000fec00fff] reserved
[    0.000000] BIOS-e820: [mem 0x00000000fee00000-0x00000000fee00fff] reserved
[    0.000000] BIOS-e820: [mem 0x00000000fffc0000-0x00000000ffffffff] reserved
[    0.000000] NX (Execute Disable) protection: active
[    0.000000] SMBIOS 2.5 present.
[    0.000000] Hypervisor detected: KVM
[    0.000000] e820: last_pfn = 0x3fff0 max_arch_pfn = 0x400000000
[    0.000000] MTRR: Disabled
[    0.000000] x86/PAT: MTRRs disabled, skipping PAT initialization too.
[    0.000000] CPU MTRRs all blank - virtualized system.
[    0.000000] x86/PAT: Configuration [0-7]: WB  WT  UC- UC  WB  WT  UC- UC  
[    0.000000] found SMP MP-table at [mem 0x0009fff0-0x0009ffff] mapped at [ffff88000009fff0]
[    0.000000] Scanning 1 areas for low memory corruption
[    0.000000] RAMDISK: [mem 0x362fa000-0x37174fff]
[    0.000000] ACPI: Early table checksum verification disabled
[    0.000000] ACPI: RSDP 0x00000000000E0000 000024 (v02 VBOX  )
[    0.000000] ACPI: XSDT 0x000000003FFF0030 00003C (v01 VBOX   VBOXXSDT 00000001 ASL  00000061)
[    0.000000] ACPI: FACP 0x000000003FFF00F0 0000F4 (v04 VBOX   VBOXFACP 00000001 ASL  00000061)
[    0.000000] ACPI: DSDT 0x000000003FFF0470 0022EA (v02 VBOX   VBOXBIOS 00000002 INTL 20191018)
[    0.000000] ACPI: FACS 0x000000003FFF0200 000040
[    0.000000] ACPI: FACS 0x000000003FFF0200 000040
[    0.000000] ACPI: APIC 0x000000003FFF0240 00005C (v02 VBOX   VBOXAPIC 00000001 ASL  00000061)
[    0.000000] ACPI: SSDT 0x000000003FFF02A0 0001CC (v01 VBOX   VBOXCPUT 00000002 INTL 20191018)
[    0.000000] No NUMA configuration found
[    0.000000] Faking a node at [mem 0x0000000000000000-0x000000003ffeffff]
[    0.000000] NODE_DATA(0) allocated [mem 0x3ffeb000-0x3ffeffff]
[    0.000000] kvm-clock: Using msrs 4b564d01 and 4b564d00
[    0.000000] kvm-clock: cpu 0, msr 0:3ffe3001, primary cpu clock
[    0.000000] kvm-clock: using sched offset of 3726535132 cycles
[    0.000000] clocksource: kvm-clock: mask: 0xffffffffffffffff max_cycles: 0x1cd42e4dffb, max_idle_ns: 881590591483 ns
[    0.000000] Zone ranges:
[    0.000000]   DMA      [mem 0x0000000000001000-0x0000000000ffffff]
[    0.000000]   DMA32    [mem 0x0000000001000000-0x000000003ffeffff]
[    0.000000]   Normal   empty
[    0.000000]   Device   empty
[    0.000000] Movable zone start for each node
[    0.000000] Early memory node ranges
[    0.000000]   node   0: [mem 0x0000000000001000-0x000000000009efff]
[    0.000000]   node   0: [mem 0x0000000000100000-0x000000003ffeffff]
[    0.000000] Initmem setup node 0 [mem 0x0000000000001000-0x000000003ffeffff]
[    0.000000] ACPI: PM-Timer IO Port: 0x4008
[    0.000000] IOAPIC[0]: apic_id 2, version 32, address 0xfec00000, GSI 0-23
[    0.000000] ACPI: INT_SRC_OVR (bus 0 bus_irq 0 global_irq 2 dfl dfl)
[    0.000000] ACPI: INT_SRC_OVR (bus 0 bus_irq 9 global_irq 9 low level)
[    0.000000] Using ACPI (MADT) for SMP configuration information
[    0.000000] smpboot: Allowing 2 CPUs, 0 hotplug CPUs
[    0.000000] PM: Registered nosave memory: [mem 0x00000000-0x00000fff]
[    0.000000] PM: Registered nosave memory: [mem 0x0009f000-0x0009ffff]
[    0.000000] PM: Registered nosave memory: [mem 0x000a0000-0x000effff]
[    0.000000] PM: Registered nosave memory: [mem 0x000f0000-0x000fffff]
[    0.000000] e820: [mem 0x40000000-0xfebfffff] available for PCI devices
[    0.000000] Booting paravirtualized kernel on KVM
[    0.000000] clocksource: refined-jiffies: mask: 0xffffffff max_cycles: 0xffffffff, max_idle_ns: 7645519600211568 ns
[    0.000000] setup_percpu: NR_CPUS:512 nr_cpumask_bits:512 nr_cpu_ids:2 nr_node_ids:1
[    0.000000] PERCPU: Embedded 34 pages/cpu @ffff88003fc00000 s99544 r8192 d31528 u1048576
[    0.000000] Built 1 zonelists in Node order, mobility grouping on.  Total pages: 257912
[    0.000000] Policy zone: DMA32
[    0.000000] Kernel command line: BOOT_IMAGE=/boot/vmlinuz-4.4.0-165-generic root=LABEL=cloudimg-rootfs ro console=tty1 console=ttyS0
[    0.000000] PID hash table entries: 4096 (order: 3, 32768 bytes)
[    0.000000] Memory: 997732K/1048120K available (8621K kernel code, 1335K rwdata, 4032K rodata, 1484K init, 1284K bss, 50388K reserved, 0K cma-reserved)
[    0.000000] SLUB: HWalign=64, Order=0-3, MinObjects=0, CPUs=2, Nodes=1
[    0.000000] Kernel/User page tables isolation: enabled
[    0.000000] Hierarchical RCU implementation.
[    0.000000] 	Build-time adjustment of leaf fanout to 64.
[    0.000000] 	RCU restricting CPUs from NR_CPUS=512 to nr_cpu_ids=2.
[    0.000000] RCU: Adjusting geometry for rcu_fanout_leaf=64, nr_cpu_ids=2
[    0.000000] NR_IRQS:33024 nr_irqs:440 16
[    0.000000] Console: colour VGA+ 80x25
[    0.000000] console [tty1] enabled
[    0.000000] console [ttyS0] enabled
[    0.000000] tsc: Detected 2496.056 MHz processor
[    0.157830] Calibrating delay loop (skipped) preset value.. 4992.11 BogoMIPS (lpj=9984224)
[    0.159725] pid_max: default: 32768 minimum: 301
[    0.160776] ACPI: Core revision 20150930
[    0.162907] ACPI: 2 ACPI AML tables successfully acquired and loaded
[    0.164394] Security Framework initialized
[    0.165353] Yama: becoming mindful.
[    0.166232] AppArmor: AppArmor initialized
[    0.167271] Dentry cache hash table entries: 131072 (order: 8, 1048576 bytes)
[    0.169693] Inode-cache hash table entries: 65536 (order: 7, 524288 bytes)
[    0.171196] Mount-cache hash table entries: 2048 (order: 2, 16384 bytes)
[    0.172821] Mountpoint-cache hash table entries: 2048 (order: 2, 16384 bytes)
[    0.174538] Initializing cgroup subsys io
[    0.175477] Initializing cgroup subsys memory
[    0.176504] Initializing cgroup subsys devices
[    0.177505] Initializing cgroup subsys freezer
[    0.178514] Initializing cgroup subsys net_cls
[    0.179512] Initializing cgroup subsys perf_event
[    0.180656] Initializing cgroup subsys net_prio
[    0.181693] Initializing cgroup subsys hugetlb
[    0.182720] Initializing cgroup subsys pids
[    0.185595] mce: CPU supports 0 MCE banks
[    0.186560] Last level iTLB entries: 4KB 64, 2MB 8, 4MB 8
[    0.187743] Last level dTLB entries: 4KB 64, 2MB 0, 4MB 0, 1GB 4
[    0.189063] Spectre V1 : Mitigation: usercopy/swapgs barriers and __user pointer sanitization
[    0.190906] Spectre V2 : Mitigation: Full generic retpoline
[    0.192053] Spectre V2 : Spectre v2 / SpectreRSB mitigation: Filling RSB on context switch
[    0.193900] Speculative Store Bypass: Vulnerable
[    0.195020] MDS: Vulnerable: Clear CPU buffers attempted, no microcode
[    0.199898] Freeing SMP alternatives memory: 36K
[    0.208656] ftrace: allocating 32318 entries in 127 pages
[    0.292807] smpboot: APIC(0) Converting physical 0 to logical package 0
[    0.294344] smpboot: Max logical packages: 1
[    0.295754] x2apic enabled
[    0.296861] Switched APIC routing to physical x2apic.
[    0.299413] ..TIMER: vector=0x30 apic1=0 pin1=2 apic2=-1 pin2=-1
[    0.408319] smpboot: CPU0: Intel(R) Core(TM) i5-6300U CPU @ 2.40GHz (family: 0x6, model: 0x4e, stepping: 0x3)
[    0.410787] Performance Events: unsupported p6 CPU model 78 no PMU driver, software events only.
[    0.427076] KVM setup paravirtual spinlock
[    0.428999] x86: Booting SMP configuration:
[    0.430004] .... node  #0, CPUs:      #1
[    0.431116] kvm-clock: cpu 1, msr 0:3ffe3041, secondary cpu clock
[    0.433858] mce: CPU supports 0 MCE banks
[    0.436620] x86: Booted up 1 node, 2 CPUs
[    0.437811] smpboot: Total of 2 processors activated (9984.22 BogoMIPS)
[    0.439670] devtmpfs: initialized
[    0.442084] evm: security.selinux
[    0.442957] evm: security.SMACK64
[    0.443814] evm: security.SMACK64EXEC
[    0.444761] evm: security.SMACK64TRANSMUTE
[    0.445811] evm: security.SMACK64MMAP
[    0.446736] evm: security.ima
[    0.447530] evm: security.capability
[    0.448743] clocksource: jiffies: mask: 0xffffffff max_cycles: 0xffffffff, max_idle_ns: 7645041785100000 ns
[    0.450913] futex hash table entries: 512 (order: 3, 32768 bytes)
[    0.452407] pinctrl core: initialized pinctrl subsystem
[    0.453781] RTC time:  8:47:00, date: 12/12/19
[    0.455051] NET: Registered protocol family 16
[    0.464905] cpuidle: using governor ladder
[    0.476828] cpuidle: using governor menu
[    0.478582] PCCT header not found.
[    0.480314] ACPI: bus type PCI registered
[    0.482102] acpiphp: ACPI Hot Plug PCI Controller Driver version: 0.5
[    0.484732] PCI: Using configuration type 1 for base access
[    0.502631] ACPI: Added _OSI(Module Device)
[    0.504433] ACPI: Added _OSI(Processor Device)
[    0.506330] ACPI: Added _OSI(3.0 _SCP Extensions)
[    0.508252] ACPI: Added _OSI(Processor Aggregator Device)
[    0.511916] ACPI: Executed 1 blocks of module-level executable AML code
[    0.519340] ACPI: Interpreter enabled
[    0.521099] ACPI: (supports S0 S5)
[    0.522704] ACPI: Using IOAPIC for interrupt routing
[    0.525071] PCI: Using host bridge windows from ACPI; if necessary, use "pci=nocrs" and report a bug
[    0.537014] ACPI: PCI Root Bridge [PCI0] (domain 0000 [bus 00-ff])
[    0.539434] acpi PNP0A03:00: _OSC: OS supports [ASPM ClockPM Segments MSI]
[    0.542736] acpi PNP0A03:00: _OSC: not requesting OS control; OS requires [ExtendedConfig ASPM ClockPM MSI]
[    0.546660] acpi PNP0A03:00: fail to add MMCONFIG information, can't access extended PCI configuration space under this bridge.
[    0.551526] PCI host bridge to bus 0000:00
[    0.553386] pci_bus 0000:00: root bus resource [io  0x0000-0x0cf7 window]
[    0.555940] pci_bus 0000:00: root bus resource [io  0x0d00-0xffff window]
[    0.557860] pci_bus 0000:00: root bus resource [mem 0x000a0000-0x000bffff window]
[    0.560207] pci_bus 0000:00: root bus resource [mem 0x40000000-0xfdffffff window]
[    0.562600] pci_bus 0000:00: root bus resource [bus 00-ff]
[    0.566309] pci 0000:00:01.1: legacy IDE quirk: reg 0x10: [io  0x01f0-0x01f7]
[    0.567899] pci 0000:00:01.1: legacy IDE quirk: reg 0x14: [io  0x03f6]
[    0.569379] pci 0000:00:01.1: legacy IDE quirk: reg 0x18: [io  0x0170-0x0177]
[    0.570944] pci 0000:00:01.1: legacy IDE quirk: reg 0x1c: [io  0x0376]
[    0.601760] pci 0000:00:07.0: quirk: [io  0x4000-0x403f] claimed by PIIX4 ACPI
[    0.603603] pci 0000:00:07.0: quirk: [io  0x4100-0x410f] claimed by PIIX4 SMB
[    0.619548] ACPI: PCI Interrupt Link [LNKA] (IRQs 5 9 10 *11)
[    0.621800] ACPI: PCI Interrupt Link [LNKB] (IRQs 5 9 *10 11)
[    0.623942] ACPI: PCI Interrupt Link [LNKC] (IRQs 5 *9 10 11)
[    0.626159] ACPI: PCI Interrupt Link [LNKD] (IRQs 5 9 10 *11)
[    0.628122] ACPI: Enabled 2 GPEs in block 00 to 07
[    0.629924] vgaarb: setting as boot device: PCI:0000:00:02.0
[    0.631233] vgaarb: device added: PCI:0000:00:02.0,decodes=io+mem,owns=io+mem,locks=none
[    0.633262] vgaarb: loaded
[    0.634114] vgaarb: bridge control possible 0000:00:02.0
[    0.635765] SCSI subsystem initialized
[    0.636955] ACPI: bus type USB registered
[    0.638010] usbcore: registered new interface driver usbfs
[    0.639302] usbcore: registered new interface driver hub
[    0.640621] usbcore: registered new device driver usb
[    0.642079] PCI: Using ACPI for IRQ routing
[    0.643528] NetLabel: Initializing
[    0.644478] NetLabel:  domain hash size = 128
[    0.645605] NetLabel:  protocols = UNLABELED CIPSOv4
[    0.647601] NetLabel:  unlabeled traffic allowed by default
[    0.649277] amd_nb: Cannot enumerate AMD northbridges
[    0.650602] clocksource: Switched to clocksource kvm-clock
[    0.660555] AppArmor: AppArmor Filesystem Enabled
[    0.661839] pnp: PnP ACPI init
[    0.663716] pnp: PnP ACPI: found 3 devices
[    0.674886] clocksource: acpi_pm: mask: 0xffffff max_cycles: 0xffffff, max_idle_ns: 2085701024 ns
[    0.677342] NET: Registered protocol family 2
[    0.678994] TCP established hash table entries: 8192 (order: 4, 65536 bytes)
[    0.680739] TCP bind hash table entries: 8192 (order: 5, 131072 bytes)
[    0.682350] TCP: Hash tables configured (established 8192 bind 8192)
[    0.683816] UDP hash table entries: 512 (order: 2, 16384 bytes)
[    0.685190] UDP-Lite hash table entries: 512 (order: 2, 16384 bytes)
[    0.686679] NET: Registered protocol family 1
[    0.687948] pci 0000:00:00.0: Limiting direct PCI/PCI transfers
[    0.689494] pci 0000:00:01.0: Activating ISA DMA hang workarounds
[    0.691224] Unpacking initramfs...
[    0.998349] Freeing initrd memory: 14828K
[    0.999681] clocksource: tsc: mask: 0xffffffffffffffff max_cycles: 0x23faac44e9e, max_idle_ns: 440795321616 ns
[    1.002022] platform rtc_cmos: registered platform RTC device (no PNP device found)
[    1.004071] Scanning for low memory corruption every 60 seconds
[    1.005945] audit: initializing netlink subsys (disabled)
[    1.007279] audit: type=2000 audit(1576140426.104:1): initialized
[    1.009066] Initialise system trusted keyring
[    1.010465] HugeTLB registered 2 MB page size, pre-allocated 0 pages
[    1.013807] zbud: loaded
[    1.016068] VFS: Disk quotas dquot_6.6.0
[    1.017151] VFS: Dquot-cache hash table entries: 512 (order 0, 4096 bytes)
[    1.018983] squashfs: version 4.0 (2009/01/31) Phillip Lougher
[    1.020773] fuse init (API version 7.23)
[    1.021972] Key type big_key registered
[    1.023050] Allocating IMA MOK and blacklist keyrings.
[    1.025322] Key type asymmetric registered
[    1.026376] Asymmetric key parser 'x509' registered
[    1.027664] Block layer SCSI generic (bsg) driver version 0.4 loaded (major 249)
[    1.029689] io scheduler noop registered
[    1.030721] io scheduler deadline registered (default)
[    1.032025] io scheduler cfq registered
[    1.033168] pci_hotplug: PCI Hot Plug PCI Core version: 0.5
[    1.034410] pciehp: PCI Express Hot Plug Controller Driver version: 0.4
[    1.036066] ACPI: AC Adapter [AC] (off-line)
[    1.037159] input: Power Button as /devices/LNXSYSTM:00/LNXPWRBN:00/input/input0
[    1.038944] ACPI: Power Button [PWRF]
[    1.040000] input: Sleep Button as /devices/LNXSYSTM:00/LNXSLPBN:00/input/input1
[    1.041771] ACPI: Sleep Button [SLPF]
[    1.042960] GHES: HEST is not enabled!
[    1.044719] ACPI: Battery Slot [BAT0] (battery present)
[    1.045988] Serial: 8250/16550 driver, 32 ports, IRQ sharing enabled
[    1.068117] 00:02: ttyS0 at I/O 0x3f8 (irq = 4, base_baud = 115200) is a 16550A[    1.100012] Linux agpgart interface v0.103
[    1.103143] loop: module loaded
[    1.104759] scsi host0: ata_piix
[    1.105844] scsi host1: ata_piix
[    1.106772] ata1: PATA max UDMA/33 cmd 0x1f0 ctl 0x3f6 bmdma 0xd000 irq 14
[    1.108305] ata2: PATA max UDMA/33 cmd 0x170 ctl 0x376 bmdma 0xd008 irq 15
[    1.110191] libphy: Fixed MDIO Bus: probed
[    1.111276] tun: Universal TUN/TAP device driver, 1.6
[    1.112491] tun: (C) 1999-2004 Max Krasnyansky <maxk@qualcomm.com>
[    1.113932] PPP generic driver version 2.4.2
[    1.115023] ehci_hcd: USB 2.0 'Enhanced' Host Controller (EHCI) Driver
[    1.116486] ehci-pci: EHCI PCI platform driver
[    1.117715] ehci-platform: EHCI generic platform driver
[    1.118984] ohci_hcd: USB 1.1 'Open' Host Controller (OHCI) Driver
[    1.120355] ohci-pci: OHCI PCI platform driver
[    1.121419] ohci-platform: OHCI generic platform driver
[    1.122595] uhci_hcd: USB Universal Host Controller Interface driver
[    1.124094] i8042: PNP: PS/2 Controller [PNP0303:PS2K,PNP0f03:PS2M] at 0x60,0x64 irq 1,12
[    1.126520] serio: i8042 KBD port at 0x60,0x64 irq 1
[    1.127710] serio: i8042 AUX port at 0x60,0x64 irq 12
[    1.128963] mousedev: PS/2 mouse device common for all mice
[    1.130779] input: AT Translated Set 2 keyboard as /devices/platform/i8042/serio0/input/input2
[    1.133025] rtc_cmos rtc_cmos: rtc core: registered rtc_cmos as rtc0
[    1.134447] rtc_cmos rtc_cmos: alarms up to one day, 114 bytes nvram
[    1.135864] i2c /dev entries driver
[    1.136845] device-mapper: uevent: version 1.0.3
[    1.138001] device-mapper: ioctl: 4.34.0-ioctl (2015-10-28) initialised: dm-devel@redhat.com
[    1.140038] ledtrig-cpu: registered to indicate activity on CPUs
[    1.141807] NET: Registered protocol family 10
[    1.143176] NET: Registered protocol family 17
[    1.144226] Key type dns_resolver registered
[    1.145575] registered taskstats version 1
[    1.146602] Loading compiled-in X.509 certificates
[    1.148557] Loaded X.509 cert 'Build time autogenerated kernel key: 0ed82eac04367aa6426493b1389455ebf6830eaa'
[    1.150774] zswap: loaded using pool lzo/zbud
[    1.154100] Key type trusted registered
[    1.159337] Key type encrypted registered
[    1.161539] AppArmor: AppArmor sha1 policy hashing enabled
[    1.162967] ima: No TPM chip found, activating TPM-bypass!
[    1.164517] ima: Allocated hash algorithm: sha1
[    1.165768] evm: HMAC attrs: 0x1
[    1.167161]   Magic number: 15:22:776
[    1.168340] rtc_cmos rtc_cmos: setting system clock to 2019-12-12 08:47:00 UTC (1576140420)
[    1.170769] BIOS EDD facility v0.16 2004-Jun-25, 0 devices found
[    1.172268] EDD information not available.
[    1.269011] Freeing unused kernel memory: 1484K
[    1.273767] Write protecting the kernel read-only data: 14336k
[    1.283394] Freeing unused kernel memory: 1608K
[    1.291306] Freeing unused kernel memory: 64K
Loading, please wait...
starting version 229
[    1.363311] random: systemd-udevd: uninitialized urandom read (16 bytes read, 3 bits of entropy available)
[    1.368055] random: udevadm: uninitialized urandom read (16 bytes read, 3 bits of entropy available)
[    1.368157] random: udevadm: uninitialized urandom read (16 bytes read, 3 bits of entropy available)
[    1.396631] random: systemd-udevd: uninitialized urandom read (16 bytes read, 3 bits of entropy available)
[    1.408381] random: systemd-udevd: uninitialized urandom read (16 bytes read, 3 bits of entropy available)
[    1.419003] random: systemd-udevd: uninitialized urandom read (16 bytes read, 3 bits of entropy available)
[    1.420638] random: udevadm: uninitialized urandom read (16 bytes read, 3 bits of entropy available)
[    1.420900] random: udevadm: uninitialized urandom read (16 bytes read, 3 bits of entropy available)
[    1.421726] random: udevadm: uninitialized urandom read (16 bytes read, 3 bits of entropy available)
[    1.422068] random: udevadm: uninitialized urandom read (16 bytes read, 3 bits of entropy available)
[    1.585511] e1000: Intel(R) PRO/1000 Network Driver - version 7.3.21-k8-NAPI
[    1.588418] e1000: Copyright (c) 1999-2006 Intel Corporation.
[    1.590808] Fusion MPT base driver 3.04.20
[    1.592360] Copyright (c) 1999-2008 LSI Corporation
[    1.604144] Fusion MPT SPI Host driver 3.04.20
[    1.650643] AVX2 version of gcm_enc/dec engaged.
[    1.652166] AES CTR mode by8 optimization enabled
[    1.825595] input: ImExPS/2 Generic Explorer Mouse as /devices/platform/i8042/serio1/input/input4
[    1.988361] e1000 0000:00:03.0 eth0: (PCI:33MHz:32-bit) 02:0e:9b:2d:5b:92
[    1.988369] e1000 0000:00:03.0 eth0: Intel(R) PRO/1000 Network Connection
[    1.989725] mptbase: ioc0: Initiating bringup
[    2.055757] ioc0: LSI53C1030 A0: Capabilities={Initiator}
[    3.278346] scsi host2: ioc0: LSI53C1030 A0, FwRev=00000000h, Ports=1, MaxQ=256, IRQ=20
[    4.086481] scsi 2:0:0:0: Direct-Access     VBOX     HARDDISK         1.0  PQ: 0 ANSI: 5
[    4.092090] scsi target2:0:0: Beginning Domain Validation
[    4.102067] scsi target2:0:0: Domain Validation skipping write tests
[    4.106452] scsi target2:0:0: Ending Domain Validation
[    4.110716] scsi target2:0:0: asynchronous
[    4.115113] scsi 2:0:1:0: Direct-Access     VBOX     HARDDISK         1.0  PQ: 0 ANSI: 5
[    4.120650] scsi target2:0:1: Beginning Domain Validation
[    4.134196] scsi target2:0:1: Domain Validation skipping write tests
[    4.139168] scsi target2:0:1: Ending Domain Validation
[    4.143155] scsi target2:0:1: asynchronous
[    4.197204] sd 2:0:0:0: Attached scsi generic sg0 type 0
[    4.198947] sd 2:0:0:0: [sda] 20971520 512-byte logical blocks: (10.7 GB/10.0 GiB)
[    4.199387] sd 2:0:0:0: [sda] Write Protect is off
[    4.199688] sd 2:0:0:0: [sda] Incomplete mode parameter data
[    4.199692] sd 2:0:0:0: [sda] Assuming drive cache: write through
[    4.243163] sd 2:0:1:0: Attached scsi generic sg1 type 0
[    4.244592] sd 2:0:1:0: [sdb] 20480 512-byte logical blocks: (10.5 MB/10.0 MiB)
[    4.244897] sd 2:0:1:0: [sdb] Write Protect is off
[    4.245052] sd 2:0:1:0: [sdb] Incomplete mode parameter data
[    4.245279] sd 2:0:1:0: [sdb] Assuming drive cache: write through
[    4.330680]  sda: sda1
[    4.332529] sd 2:0:0:0: [sda] Attached SCSI disk
[    4.334958] sd 2:0:1:0: [sdb] Attached SCSI disk
[    4.509482] e1000 0000:00:08.0 eth1: (PCI:33MHz:32-bit) 08:00:27:10:b1:78
[    4.511511] e1000 0000:00:08.0 eth1: Intel(R) PRO/1000 Network Connection
[    5.016401] e1000 0000:00:09.0 eth2: (PCI:33MHz:32-bit) 08:00:27:57:23:9b
[    5.020893] e1000 0000:00:09.0 eth2: Intel(R) PRO/1000 Network Connection
[    5.029605] e1000 0000:00:09.0 enp0s9: renamed from eth2
[    5.043138] e1000 0000:00:08.0 enp0s8: renamed from eth1
[    5.056327] e1000 0000:00:03.0 enp0s3: renamed from eth0
Begin: Loading essential drivers ... [    6.571066] md: linear personality registered for level -1
[    6.576407] md: multipath personality registered for level -4
[    6.581644] md: raid0 personality registered for level 0
[    6.588567] md: raid1 personality registered for level 1
[    6.662686] raid6: sse2x1   gen()  7188 MB/s
[    6.730681] raid6: sse2x1   xor()  5675 MB/s
[    6.798683] raid6: sse2x2   gen()  9226 MB/s
[    6.866681] raid6: sse2x2   xor()  6490 MB/s
[    6.936027] raid6: sse2x4   gen() 10764 MB/s
[    7.002633] raid6: sse2x4   xor()  6736 MB/s
[    7.070683] raid6: avx2x1   gen() 14689 MB/s
[    7.138685] raid6: avx2x2   gen() 17337 MB/s
[    7.206681] raid6: avx2x4   gen() 18825 MB/s
[    7.207684] raid6: using algorithm avx2x4 gen() 18825 MB/s
[    7.208847] raid6: using avx2x2 recovery algorithm
[    7.211702] xor: automatically using best checksumming function:
[    7.267831]    avx       : 40129.000 MB/sec
[    7.271110] async_tx: api initialized (async)
[    7.284603] md: raid6 personality registered for level 6
[    7.286183] md: raid5 personality registered for level 5
[    7.287590] md: raid4 personality registered for level 4
[    7.296446] md: raid10 personality registered for level 10
done.
Begin: Running /scripts/init-premount ... done.
Begin: Mounting root file system ... Begin: Running /scripts/local-top ... done.
Begin: Running /scripts/local-premount ... [    7.343618] Btrfs loaded
Scanning for Btrfs filesystems
done.
Warning: fsck not present, so skipping root file system
[    7.391375] EXT4-fs (sda1): INFO: recovery required on readonly filesystem
[    7.393635] EXT4-fs (sda1): write access will be enabled during recovery
[    7.414234] EXT4-fs (sda1): orphan cleanup on readonly fs
[    7.416052] EXT4-fs (sda1): 5 orphan inodes deleted
[    7.417519] EXT4-fs (sda1): recovery complete
[    7.420062] EXT4-fs (sda1): mounted filesystem with ordered data mode. Opts: (null)
done.
Begin: Running /scripts/local-bottom ... done.
Begin: Running /scripts/init-bottom ... done.
[    7.583686] systemd[1]: systemd 229 running in system mode. (+PAM +AUDIT +SELINUX +IMA +APPARMOR +SMACK +SYSVINIT +UTMP +LIBCRYPTSETUP +GCRYPT +GNUTLS +ACL +XZ -LZ4 +SECCOMP +BLKID +ELFUTILS +KMOD -IDN)
[    7.588941] systemd[1]: Detected virtualization oracle.
[    7.590491] systemd[1]: Detected architecture x86-64.

Welcome to [1mUbuntu 16.04.6 LTS[0m!

[    7.595763] systemd[1]: Set hostname to <database>.
[    7.793199] systemd[1]: Reached target Encrypted Volumes.
[[0;32m  OK  [0m] Reached target Encrypted Volumes.
[    7.796484] systemd[1]: Listening on LVM2 metadata daemon socket.
[[0;32m  OK  [0m] Listening on LVM2 metadata daemon socket.
[    7.800670] systemd[1]: Created slice System Slice.
[[0;32m  OK  [0m] Created slice System Slice.
[    7.803355] systemd[1]: Reached target System Time Synchronized.
[[0;32m  OK  [0m] Reached target System Time Synchronized.
[    7.806938] systemd[1]: Started Trigger resolvconf update for networkd DNS.
[[0;32m  OK  [0m] Started Trigger resolvconf update for networkd DNS.
[    7.810721] systemd[1]: Created slice system-serial\x2dgetty.slice.
[[0;32m  OK  [0m] Created slice system-serial\x2dgetty.slice.
[    7.815356] systemd[1]: Listening on LVM2 poll daemon socket.
[[0;32m  OK  [0m] Listening on LVM2 poll daemon socket.
[    7.819045] systemd[1]: Reached target Swap.
[[0;32m  OK  [0m] Reached target Swap.
[    7.821514] systemd[1]: Listening on Journal Socket.
[[0;32m  OK  [0m] Listening on Journal Socket.
[    7.838896] systemd[1]: Mounting POSIX Message Queue File System...
         Mounting POSIX Message Queue File System...
[    7.847629] systemd[1]: Starting Load Kernel Modules...
         Starting Load Kernel Modules...
[    7.851610] systemd[1]: Starting Uncomplicated firewall...
         Starting Uncomplicated firewall...
[    7.859086] systemd[1]: Starting Create list of required static device nodes for the current kernel...
         Starting Create list of required st... nodes for the current kernel...
[    7.865040] systemd[1]: Starting Set console keymap...
         Starting Set console keymap...
[    7.868601] systemd[1]: Listening on Device-mapper event daemon FIFOs.
[[0;32m  OK  [0m] Listening on Device-mapper event daemon FIFOs.
[    7.874241] systemd[1]: Starting Monitoring of LVM2 mirrors, snapshots etc. using dmeventd or progress polling...
[    7.877605] Loading iSCSI transport class v2.0-870.
         Starting Monitoring of LVM2 mirrors... dmeventd or progress polling...
[    7.885435] systemd[1]: Starting Remount Root and Kernel File Systems...
         Starting Remount Root and Kernel File Systems...
[    7.890188] systemd[1]: Listening on udev Kernel Socket.
[[0;32m  OK  [0m] Listening on udev Kernel Socket.
[    7.895523] systemd[1]: Listening on udev Control Socket.
[[0;32m  OK  [0m] Listening on udev Control Socket.
[    7.900593] systemd[1]: Listening on Journal Socket (/dev/log).
[[0;32m  OK  [[    7.902788] EXT4-fs (sda1): re-mounted. Opts: (null)
0m] Listening on Journal Socket (/dev/log).
[    7.906077] systemd[1]: Starting Nameserver information manager...
         Starting Nameserver information manager...
[    7.911467] systemd[1]: Mounting Huge Pages File System...
         Mounting Huge Pages File System...
[    7.916209] iscsi: registered transport (tcp)
[    7.916590] systemd[1]: Set up automount Arbitrary Executable File Formats File System Automount Point.
[[0;32m  OK  [0m] Set up automount Arbitrary Executab...ats File System Automount Point.
[    7.924699] systemd[1]: Mounting Debug File System...
         Mounting Debug File System...
[    7.927740] systemd[1]: Reached target User and Group Name Lookups.
[[0;32m  OK  [0m] Reached target User and Group Name Lookups.
[    7.930995] systemd[1]: Listening on Syslog Socket.
[[0;32m  OK  [0m] Listening on Syslog Socket.
[    7.934438] systemd[1]: Listening on Journal Audit Socket.
[[0;32m  OK  [0m] Listening on Journal Audit Socket.
[    7.938339] systemd[1]: Starting Journal Service...
         Starting Journal Service...
[    7.941621] systemd[1]: Started Forward Password Requests to Wall Directory Watch.
[[0;32m  OK  [0m] Started Forward Password Requests to Wall Directory Watch.
[    7.947224] systemd[1]: Created slice User and Session Slice.
[[0;32m  OK  [0m] Created slice User and Session Slice.
[    7.950833] systemd[1]: Reached target Slices.
[[0;32m  OK  [0m] Reached target Slices.
[    7.955078] systemd[1]: Listening on /dev/initctl Compatibility Named Pipe.
[[0;32m  OK  [0m] Listening on /dev/initctl Compatibility Named Pipe.
[    7.961445] systemd[1]: Mounted POSIX Message Queue File System.
[[0;32m  OK  [0m] Mounted POSIX Message Queue File System.
[    7.964800] systemd[1]: Mounted Debug File System.
[[0;32m  OK  [0m] Mounted Debug File System.
[    7.968281] systemd[1]: Mounted Huge Pages File System.
[[0;32m  OK  [0m] Mounted Huge Pages File System.
[    7.976978] systemd[1]: Started Uncomplicated firewall.
[[0;32m  OK  [0m] Started Uncomplicated firewall.
[    7.987901] systemd[1]: Started Create list of required static device nodes for the current kernel.
[[0;32m  OK  [0m] Started Create list of required sta...ce nodes for the current kernel.
[    7.997201] systemd[1]: Started Remount Root and Kernel File Systems.
[[0;32m  OK  [0m] Started Remount Root and Kernel File Systems.
[    8.011801] systemd[1]: Started Set console keymap.
[[0;32m  OK  [0m] Started Set console keymap.
[    8.017304] systemd[1]: Started Journal Service.
[[0;32m  OK  [0m] Started Journal Service.
[[0;32m  OK  [0m] Started Nameserver information manager.
[    8.036763] iscsi: registered transport (iser)
[[0;32m  OK  [0m] Started Load Kernel Modules.
         Mounting FUSE Control File System...
         Starting Apply Kernel Variables...
[[0;32m  OK  [0m] Started LVM2 metadata daemon.
         Starting udev Coldplug all Devices...
         Starting Flush Journal to Persistent Storage...
         Starting Load/Save Random Seed...
         Starting Create Static Device Nodes in /dev...
[[0;32m  OK  [0m] Mounted FUSE Control File System.
[[0;32m  OK  [0m] Started Load/Save Random Seed.
[[0;32m  OK  [0m] Started Apply Kernel Variables.
[[0;32m  OK  [0m] Started Create Static Device Nodes in /dev.
[[0;32m  OK  [0m] Started Flush Journal to Persistent Storage.
         Starting udev Kernel Device Manager...
[[0;32m  OK  [0m] Started udev Coldplug all Devices.
[[0;32m  OK  [0m] Started udev Kernel Device Manager.
[[0;32m  OK  [0m] Started Dispatch Password Requests to Console Directory Watch.
[[0;32m  OK  [0m] Started Monitoring of LVM2 mirrors,...ng dmeventd or progress polling.
[[0;32m  OK  [0m] Reached target Local File Systems (Pre).
[[0;32m  OK  [0m] Reached target Local File Systems.
         Starting Create Volatile Files and Directories...
         Starting Set console font and keymap...
         Starting Tell Plymouth To Write Out Runtime Data...
         Starting Initial cloud-init job (pre-networking)...
         Starting LSB: AppArmor initialization...
[[0;32m  OK  [0m] Started Tell Plymouth To Write Out Runtime Data.
[[0;32m  OK  [0m] Found device /dev/ttyS0.
[[0;32m  OK  [0m] Started Create Volatile Files and Directories.
         Starting Update UTMP about System Boot/Shutdown...
[[0;32m  OK  [0m] Started Update UTMP about System Boot/Shutdown.
[[0;32m  OK  [0m] Listening on Load/Save RF Kill Switch Status /dev/rfkill Watch.
[[0;32m  OK  [0m] Started LSB: AppArmor initialization.
[[0;32m  OK  [0m] Found device 82540EM Gigabit Ethern...r (PRO/1000 MT Desktop Adapter).
[[0;32m  OK  [0m] Found device 82540EM Gigabit Ethern...r (PRO/1000 MT Desktop Adapter).
[[0;32m  OK  [0m] Found device 82540EM Gigabit Ethern...r (PRO/1000 MT Desktop Adapter).
[    9.627708] cloud-init[517]: Cloud-init v. 19.2-36-g059d049c-0ubuntu1~16.04.1 running 'init-local' at Thu, 12 Dec 2019 08:47:08 +0000. Up 9.19 seconds.
[[0;32m  OK  [0m] Started Initial cloud-init job (pre-networking).
[[0;32m  OK  [0m] Reached target Network (Pre).
         Starting Raise network interfaces...
[[0;32m  OK  [0m] Started ifup for enp0s9.
[[0;32m  OK  [0m] Started ifup for enp0s8.
[[0;32m  OK  [0m] Started ifup for enp0s3.
[[0;32m  OK  [0m] Started Set console font and keymap.
[[0;32m  OK  [0m] Created slice system-getty.slice.
[[0;32m  OK  [0m] Started Raise network interfaces.
[[0;32m  OK  [0m] Reached target Network.
         Starting Initial cloud-init job (metadata service crawler)...
[   10.970298] cloud-init[1191]: Cloud-init v. 19.2-36-g059d049c-0ubuntu1~16.04.1 running 'init' at Thu, 12 Dec 2019 08:47:10 +0000. Up 10.58 seconds.
[   10.975021] cloud-init[1191]: ci-info: ++++++++++++++++++++++++++++++++++++++Net device info+++++++++++++++++++++++++++++++++++++++
[   10.979677] cloud-init[1191]: ci-info: +--------+------+-----------------------------+---------------+--------+-------------------+
[   10.984301] cloud-init[1191]: ci-info: | Device |  Up  |           Address           |      Mask     | Scope  |     Hw-Address    |
[   10.989187] cloud-init[1191]: ci-info: +--------+------+-----------------------------+---------------+--------+-------------------+
[   10.994552] cloud-init[1191]: ci-info: | enp0s3 | True |          10.0.2.15          | 255.255.255.0 | global | 02:0e:9b:2d:5b:92 |
[   10.998254] cloud-init[1191]: ci-info: | enp0s3 | True |  fe80::e:9bff:fe2d:5b92/64  |       .       |  link  | 02:0e:9b:2d:5b:92 |
[   11.001758] cloud-init[1191]: ci-info: | enp0s8 | True |          10.42.43.4         | 255.255.255.0 | global | 08:00:27:10:b1:78 |
[   11.005141] cloud-init[1191]: ci-info: | enp0s8 | True | fe80::a00:27ff:fe10:b178/64 |       .       |  link  | 08:00:27:10:b1:78 |
[   11.008524] cloud-init[1191]: ci-info: | enp0s9 | True |          10.42.44.3         | 255.255.255.0 | global | 08:00:27:57:23:9b |
[   11.011375] cloud-init[1191]: ci-info: | enp0s9 | True | fe80::a00:27ff:fe57:239b/64 |       .       |  link  | 08:00:27:57:23:9b |
[   11.015379] cloud-init[1191]: ci-info: |   lo   | True |          127.0.0.1          |   255.0.0.0   |  host  |         .         |
[   11.020643] cloud-init[1191]: ci-info: |   lo   | True |           ::1/128           |       .       |  host  |         .         |
[   11.028648] cloud-init[1191]: ci-info: +--------+------+-----------------------------+---------------+--------+-------------------+
[   11.033374] cloud-init[1191]: ci-info: +++++++++++++++++++++++++++Route IPv4 info++++++++++++++++++++++++++++
[   11.037118] cloud-init[1191]: ci-info: +-------+-------------+----------+---------------+-----------+-------+
[[0;32m  OK  [0m] Started Initial cloud-init job (metadata service crawler).
[   11.049104] cloud-init[1191]: ci-info: | Route | Destination | Gateway  |    Genmask    | Interface | Flags |
[   11.054213] cloud-init[1191]: ci-info: +-------+-------------+----------+---------------+-----------+-------+
[   11.064584] cloud-init[1191]: ci-info: |   0   |   0.0.0.0   | 10.0.2.2 |    0.0.0.0    |   enp0s3  |   UG  |
[   11.064868] cloud-init[1191]: ci-info: |   1   |   10.0.2.0  | 0.0.0.0  | 255.255.255.0 |   enp0s3  |   U   |
[   11.065379] cloud-init[1191]: ci-info: |   2   |  10.42.43.0 | 0.0.0.0  | 255.255.255.0 |   enp0s8  |   U   |
[   11.066059] cloud-init[1191]: ci-info: |   3   |  10.42.44.0 | 0.0.0.0  | 255.255.255.0 |   enp0s9  |   U   |
[   11.066621] cloud-init[1191]: ci-info: +-------+-------------+----------+---------------+-----------+-------+
[   11.067252] cloud-init[1191]: ci-info: +++++++++++++++++++Route IPv6 info+++++++++++++++++++
[   11.067912] cloud-init[1191]: ci-info: +-------+-------------+---------+-----------+-------+
[   11.068575] cloud-init[1191]: ci-info: | Route | Destination | Gateway | Interface | Flags |
[   11.069013] cloud-init[1191]: ci-info: +-------+-------------+---------+-----------+-------+
[   11.069689] cloud-init[1191]: ci-info: |   0   |  fe80::/64  |    ::   |   enp0s8  |   U   |
[   11.070339] cloud-init[1191]: ci-info: |   1   |  fe80::/64  |    ::   |   enp0s9  |   U   |
[   11.070987] cloud-init[1191]: ci-info: |   2   |  fe80::/64  |    ::   |   enp0s3  |   U   |
[   11.071627] cloud-init[1191]: ci-info: |   5   |   ff00::/8  |    ::   |   enp0s8  |   U   |
[   11.072592] cloud-init[1191]: ci-info: |   6   |   ff00::/8  |    ::   |   enp0s9  |   U   |
[   11.073526] cloud-init[1191]: ci-info: |   7   |   ff00::/8  |    ::   |   enp0s3  |   U   |
[   11.073963] cloud-init[1191]: ci-info: +-------+-------------+---------+-----------+-------+
[[0;32m  OK  [0m] Reached target Cloud-config availability.
[[0;32m  OK  [0m] Reached target Network is Online.
         Starting iSCSI initiator daemon (iscsid)...
[[0;32m  OK  [0m] Reached target System Initialization.
         Starting Socket activation for snappy daemon.
[[0;32m  OK  [0m] Started Daily apt download activities.
[[0;32m  OK  [0m] Started Daily apt upgrade and clean activities.
[[0;32m  OK  [0m] Listening on D-Bus System Message Bus Socket.
[[0;32m  OK  [0m] Started ACPI Events Check.
[[0;32m  OK  [0m] Reached target Paths.
[[0;32m  OK  [0m] Listening on UUID daemon activation socket.
[[0;32m  OK  [0m] Listening on ACPID Listen Socket.
         Starting LXD - unix socket.
[[0;32m  OK  [0m] Started Daily Cleanup of Temporary Directories.
[[0;32m  OK  [0m] Reached target Timers.
[[0;32m  OK  [0m] Listening on Socket activation for snappy daemon.
[[0;32m  OK  [0m] Listening on LXD - unix socket.
[[0;32m  OK  [0m] Started iSCSI initiator daemon (iscsid).
         Starting Login to default iSCSI targets...
[[0;32m  OK  [0m] Reached target Sockets.
[[0;32m  OK  [0m] Reached target Basic System.
         Starting Login Service...
         Starting System Logging Service...
         Starting MySQL Community Server...
[[0;32m  OK  [0m] Started FUSE filesystem for LXC.
         Starting Accounts Service...
         Starting /etc/rc.local Compatibility...
[[0;32m  OK  [0m] Started D-Bus System Message Bus.
         Starting LXD - container startup/shutdown...
         Starting Virtualbox guest utils...
[[0;32m  OK  [0m] Started ACPI event daemon.
         Starting LSB: Record successful boot for GRUB...
         Starting OpenBSD Secure Shell server...
         Starting LSB: MD monitoring daemon...
[[0;32m  OK  [0m] Started Deferred execution scheduler.
[[0;32m  OK  [0m] Started Regular background program processing daemon.
         Starting Snappy daemon...
[[0;32m  OK  [0m] Started System Logging Service.
[[0;32m  OK  [0m] Started /etc/rc.local Compatibility.
[[0;32m  OK  [0m] Started Login to default iSCSI targets.
[[0;32m  OK  [0m] Started OpenBSD Secure Shell server.
[[0;32m  OK  [0m] Started LSB: Record successful boot for GRUB.
[[0;32m  OK  [0m] Started LSB: MD monitoring daemon.
[[0;32m  OK  [0m] Started LXD - container startup/shutdown.
[[0;32m  OK  [0m] Started Login Service.
[[0;32m  OK  [0m] Started Unattended Upgrades Shutdown.
         Starting Authenticate and Authorize Users to Run Privileged Tasks...
[[0;32m  OK  [0m] Reached target Remote File Systems (Pre).
[[0;32m  OK  [0m] Reached target Remote File Systems.
         Starting LSB: automatic crash report generation...
         Starting Permit User Sessions...
         Starting LSB: Set the CPU Frequency Scaling governor to "ondemand"...
         Starting LSB: daemon to balance interrupts for SMP systems...
[[0;32m  OK  [0m] Started Permit User Sessions.
         Starting Terminate Plymouth Boot Screen...
         Starting Hold until boot process finishes up...
[[0;32m  OK  [0m] Started Terminate Plymouth Boot Screen.
[[0;32m  OK  [0m] Started Authenticate and Authorize Users to Run Privileged Tasks.
[[0;32m  OK  [0m] Started LSB: Set the CPU Frequency Scaling governor to "ondemand".
[[0;32m  OK  [0m] Started LSB: daemon to balance interrupts for SMP systems.
[[0;32m  OK  [0m] Started Hold until boot process finishes up.
[[0;32m  OK  [0m] Started Accounts Service.
[[0;32m  OK  [0m] Started Virtualbox guest utils.
[[0;32m  OK  [0m] Started Getty on tty1.
[[0;32m  OK  [0m] Started Serial Getty on ttyS0.
[[0;32m  OK  [0m] Reached target Login Prompts.
         Starting Set console scheme...
[[0;32m  OK  [0m] Started LSB: automatic crash report generation.
[[0;32m  OK  [0m] Started Set console scheme.
[[0;32m  OK  [0m] Started Snappy daemon.
         Starting Wait until snapd is fully seeded...
[[0;32m  OK  [0m] Started Wait until snapd is fully seeded.
         Starting Apply the settings specified in cloud-config...
[   12.968197] cloud-init[1475]: Cloud-init v. 19.2-36-g059d049c-0ubuntu1~16.04.1 running 'modules:config' at Thu, 12 Dec 2019 08:47:12 +0000. Up 12.82 seconds.
[[0;32m  OK  [0m] Started Apply the settings specified in cloud-config.
[[0;32m  OK  [0m] Started MySQL Community Server.
[[0;32m  OK  [0m] Reached target Multi-User System.
[[0;32m  OK  [0m] Reached target Graphical Interface.
         Starting Update UTMP about System Runlevel Changes...
         Starting Execute cloud user/final scripts...
[[0;32m  OK  [0m] Started Update UTMP about System Runlevel Changes.
[   14.340442] cloud-init[1518]: Cloud-init v. 19.2-36-g059d049c-0ubuntu1~16.04.1 running 'modules:final' at Thu, 12 Dec 2019 08:47:13 +0000. Up 14.20 seconds.
[   14.343364] cloud-init[1518]: Cloud-init v. 19.2-36-g059d049c-0ubuntu1~16.04.1 finished at Thu, 12 Dec 2019 08:47:13 +0000. Datasource DataSourceNoCloud [seed=/dev/sdb][dsmode=net].  Up 14.33 seconds
[[0;32m  OK  [0m] Started Execute cloud user/final scripts.
[[0;32m  OK  [0m] Reached target Cloud-init target.

Ubuntu 16.04.6 LTS database ttyS0

database login: 