{
	"configuration":{
		"server": "10.0.0.4"
		,"port": 11212
		,"unix socket": "(null)"
		,"protocol": "memcache_text"
		,"out_file": "(null)"
		,"client_stats": "(null)"
		,"run_count": 1
		,"debug": 0
		,"requests": 0
		,"clients": 2
		,"threads": 1
		,"test_time": 60
		,"ratio": "1:6"
		,"pipeline": 1
		,"data_size": 4096
		,"data_offset": 0
		,"random_data": "false"
		,"data_size_range": "0:0"
		,"data_size_list": ""
		,"data_size_pattern": "R"
		,"expiry_range": "9999:10000"
		,"data_import": "(null)"
		,"data_verify": "false"
		,"verify_only": "false"
		,"generate_keys": "false"
		,"key_prefix": "memtier-"
		,"key_minimum":           0
		,"key_maximum":        1000
		,"key_pattern": "R:R"
		,"key_stddev": 0.000000
		,"key_median": 0.000000
		,"reconnect_interval": 0
		,"multi_key_get": 6
		,"authenticate": ""
		,"select-db": 0
		,"no-expiry": "false"
		,"wait-ratio": "0:0"
		,"num-slaves": "0:0"
		,"wait-timeout": "0-0"
		}
	,"run information":{
		"Threads": 1
		,"Connections per thread": 2
		,"Seconds": 60
		}
	,"ALL STATS":{
		"Sets":{
			"Ops/sec": 248.30
			,"Hits/sec": 0.00
			,"Misses/sec": 0.00
			,"Latency": 3.60
			,"KB/sec": 1002.73
			}
		,"Gets":{
			"Ops/sec": 248.26
			,"Hits/sec": 1489.57
			,"Misses/sec": 0.00
			,"Latency": 4.43
			,"KB/sec": 6018.57
			}
		,"Waits":{
			"Ops/sec": 0.00
			,"Hits/sec": 0.00
			,"Misses/sec": 0.00
			,"Latency": 0.00
			,"KB/sec": 0.00
			}
		,"Totals":{
			"Ops/sec": 496.56
			,"Hits/sec": 1489.57
			,"Misses/sec": 0.00
			,"Latency": 4.02
			,"KB/sec": 7021.30
			}
		,"SET":[
			{
				"<=msec": 1.300
				,"percent": 0.06
				}
			,{
				"<=msec": 1.400
				,"percent": 0.51
				}
			,{
				"<=msec": 1.500
				,"percent": 1.93
				}
			,{
				"<=msec": 1.600
				,"percent": 4.89
				}
			,{
				"<=msec": 1.700
				,"percent": 9.36
				}
			,{
				"<=msec": 1.800
				,"percent": 15.55
				}
			,{
				"<=msec": 1.900
				,"percent": 22.45
				}
			,{
				"<=msec": 2.000
				,"percent": 29.23
				}
			,{
				"<=msec": 2.100
				,"percent": 35.76
				}
			,{
				"<=msec": 2.200
				,"percent": 41.28
				}
			,{
				"<=msec": 2.300
				,"percent": 46.03
				}
			,{
				"<=msec": 2.400
				,"percent": 50.37
				}
			,{
				"<=msec": 2.500
				,"percent": 53.73
				}
			,{
				"<=msec": 2.600
				,"percent": 56.40
				}
			,{
				"<=msec": 2.700
				,"percent": 58.71
				}
			,{
				"<=msec": 2.800
				,"percent": 60.65
				}
			,{
				"<=msec": 2.900
				,"percent": 62.37
				}
			,{
				"<=msec": 3.000
				,"percent": 64.08
				}
			,{
				"<=msec": 3.100
				,"percent": 65.57
				}
			,{
				"<=msec": 3.200
				,"percent": 66.92
				}
			,{
				"<=msec": 3.300
				,"percent": 68.02
				}
			,{
				"<=msec": 3.400
				,"percent": 69.16
				}
			,{
				"<=msec": 3.500
				,"percent": 69.98
				}
			,{
				"<=msec": 3.600
				,"percent": 70.81
				}
			,{
				"<=msec": 3.700
				,"percent": 71.50
				}
			,{
				"<=msec": 3.800
				,"percent": 72.14
				}
			,{
				"<=msec": 3.900
				,"percent": 72.78
				}
			,{
				"<=msec": 4.000
				,"percent": 73.40
				}
			,{
				"<=msec": 4.100
				,"percent": 73.83
				}
			,{
				"<=msec": 4.200
				,"percent": 74.28
				}
			,{
				"<=msec": 4.300
				,"percent": 74.69
				}
			,{
				"<=msec": 4.400
				,"percent": 75.18
				}
			,{
				"<=msec": 4.500
				,"percent": 75.61
				}
			,{
				"<=msec": 4.600
				,"percent": 76.06
				}
			,{
				"<=msec": 4.700
				,"percent": 76.45
				}
			,{
				"<=msec": 4.800
				,"percent": 76.94
				}
			,{
				"<=msec": 4.900
				,"percent": 77.40
				}
			,{
				"<=msec": 5.000
				,"percent": 77.69
				}
			,{
				"<=msec": 5.100
				,"percent": 78.10
				}
			,{
				"<=msec": 5.200
				,"percent": 78.47
				}
			,{
				"<=msec": 5.300
				,"percent": 78.90
				}
			,{
				"<=msec": 5.400
				,"percent": 79.43
				}
			,{
				"<=msec": 5.500
				,"percent": 79.88
				}
			,{
				"<=msec": 5.600
				,"percent": 80.39
				}
			,{
				"<=msec": 5.700
				,"percent": 80.88
				}
			,{
				"<=msec": 5.800
				,"percent": 81.38
				}
			,{
				"<=msec": 5.900
				,"percent": 81.86
				}
			,{
				"<=msec": 6.000
				,"percent": 82.40
				}
			,{
				"<=msec": 6.100
				,"percent": 82.82
				}
			,{
				"<=msec": 6.200
				,"percent": 83.30
				}
			,{
				"<=msec": 6.300
				,"percent": 83.82
				}
			,{
				"<=msec": 6.400
				,"percent": 84.31
				}
			,{
				"<=msec": 6.500
				,"percent": 84.82
				}
			,{
				"<=msec": 6.600
				,"percent": 85.29
				}
			,{
				"<=msec": 6.700
				,"percent": 85.90
				}
			,{
				"<=msec": 6.800
				,"percent": 86.43
				}
			,{
				"<=msec": 6.900
				,"percent": 86.92
				}
			,{
				"<=msec": 7.000
				,"percent": 87.42
				}
			,{
				"<=msec": 7.100
				,"percent": 87.84
				}
			,{
				"<=msec": 7.200
				,"percent": 88.39
				}
			,{
				"<=msec": 7.300
				,"percent": 88.91
				}
			,{
				"<=msec": 7.400
				,"percent": 89.49
				}
			,{
				"<=msec": 7.500
				,"percent": 90.07
				}
			,{
				"<=msec": 7.600
				,"percent": 90.48
				}
			,{
				"<=msec": 7.700
				,"percent": 90.90
				}
			,{
				"<=msec": 7.800
				,"percent": 91.25
				}
			,{
				"<=msec": 7.900
				,"percent": 91.72
				}
			,{
				"<=msec": 8.000
				,"percent": 92.11
				}
			,{
				"<=msec": 8.100
				,"percent": 92.59
				}
			,{
				"<=msec": 8.200
				,"percent": 93.03
				}
			,{
				"<=msec": 8.300
				,"percent": 93.32
				}
			,{
				"<=msec": 8.400
				,"percent": 93.71
				}
			,{
				"<=msec": 8.500
				,"percent": 94.06
				}
			,{
				"<=msec": 8.600
				,"percent": 94.36
				}
			,{
				"<=msec": 8.700
				,"percent": 94.69
				}
			,{
				"<=msec": 8.800
				,"percent": 95.07
				}
			,{
				"<=msec": 8.900
				,"percent": 95.41
				}
			,{
				"<=msec": 9.000
				,"percent": 95.68
				}
			,{
				"<=msec": 9.100
				,"percent": 95.97
				}
			,{
				"<=msec": 9.200
				,"percent": 96.19
				}
			,{
				"<=msec": 9.300
				,"percent": 96.55
				}
			,{
				"<=msec": 9.400
				,"percent": 96.81
				}
			,{
				"<=msec": 9.500
				,"percent": 97.01
				}
			,{
				"<=msec": 9.600
				,"percent": 97.21
				}
			,{
				"<=msec": 9.700
				,"percent": 97.38
				}
			,{
				"<=msec": 9.800
				,"percent": 97.66
				}
			,{
				"<=msec": 9.900
				,"percent": 97.85
				}
			,{
				"<=msec": 10.000
				,"percent": 98.64
				}
			,{
				"<=msec": 11.000
				,"percent": 99.37
				}
			,{
				"<=msec": 12.000
				,"percent": 99.52
				}
			,{
				"<=msec": 13.000
				,"percent": 99.64
				}
			,{
				"<=msec": 14.000
				,"percent": 99.72
				}
			,{
				"<=msec": 15.000
				,"percent": 99.78
				}
			,{
				"<=msec": 16.000
				,"percent": 99.82
				}
			,{
				"<=msec": 17.000
				,"percent": 99.83
				}
			,{
				"<=msec": 18.000
				,"percent": 99.89
				}
			,{
				"<=msec": 19.000
				,"percent": 99.93
				}
			,{
				"<=msec": 20.000
				,"percent": 99.93
				}
			,{
				"<=msec": 21.000
				,"percent": 99.94
				}
			,{
				"<=msec": 22.000
				,"percent": 99.99
				}
			,{
				"<=msec": 23.000
				,"percent": 100.00
				}
			]
		,"GET":[
			{
				"<=msec": 1.600
				,"percent": 0.03
				}
			,{
				"<=msec": 1.700
				,"percent": 0.11
				}
			,{
				"<=msec": 1.800
				,"percent": 0.64
				}
			,{
				"<=msec": 1.900
				,"percent": 1.83
				}
			,{
				"<=msec": 2.000
				,"percent": 3.91
				}
			,{
				"<=msec": 2.100
				,"percent": 6.68
				}
			,{
				"<=msec": 2.200
				,"percent": 10.32
				}
			,{
				"<=msec": 2.300
				,"percent": 14.52
				}
			,{
				"<=msec": 2.400
				,"percent": 18.82
				}
			,{
				"<=msec": 2.500
				,"percent": 23.41
				}
			,{
				"<=msec": 2.600
				,"percent": 28.03
				}
			,{
				"<=msec": 2.700
				,"percent": 32.74
				}
			,{
				"<=msec": 2.800
				,"percent": 37.09
				}
			,{
				"<=msec": 2.900
				,"percent": 40.93
				}
			,{
				"<=msec": 3.000
				,"percent": 44.77
				}
			,{
				"<=msec": 3.100
				,"percent": 47.97
				}
			,{
				"<=msec": 3.200
				,"percent": 51.00
				}
			,{
				"<=msec": 3.300
				,"percent": 53.46
				}
			,{
				"<=msec": 3.400
				,"percent": 55.54
				}
			,{
				"<=msec": 3.500
				,"percent": 57.36
				}
			,{
				"<=msec": 3.600
				,"percent": 58.89
				}
			,{
				"<=msec": 3.700
				,"percent": 60.49
				}
			,{
				"<=msec": 3.800
				,"percent": 61.88
				}
			,{
				"<=msec": 3.900
				,"percent": 63.03
				}
			,{
				"<=msec": 4.000
				,"percent": 64.10
				}
			,{
				"<=msec": 4.100
				,"percent": 65.08
				}
			,{
				"<=msec": 4.200
				,"percent": 66.00
				}
			,{
				"<=msec": 4.300
				,"percent": 66.84
				}
			,{
				"<=msec": 4.400
				,"percent": 67.53
				}
			,{
				"<=msec": 4.500
				,"percent": 68.18
				}
			,{
				"<=msec": 4.600
				,"percent": 68.77
				}
			,{
				"<=msec": 4.700
				,"percent": 69.31
				}
			,{
				"<=msec": 4.800
				,"percent": 69.88
				}
			,{
				"<=msec": 4.900
				,"percent": 70.45
				}
			,{
				"<=msec": 5.000
				,"percent": 70.87
				}
			,{
				"<=msec": 5.100
				,"percent": 71.44
				}
			,{
				"<=msec": 5.200
				,"percent": 71.95
				}
			,{
				"<=msec": 5.300
				,"percent": 72.36
				}
			,{
				"<=msec": 5.400
				,"percent": 72.80
				}
			,{
				"<=msec": 5.500
				,"percent": 73.24
				}
			,{
				"<=msec": 5.600
				,"percent": 73.76
				}
			,{
				"<=msec": 5.700
				,"percent": 74.15
				}
			,{
				"<=msec": 5.800
				,"percent": 74.51
				}
			,{
				"<=msec": 5.900
				,"percent": 74.92
				}
			,{
				"<=msec": 6.000
				,"percent": 75.42
				}
			,{
				"<=msec": 6.100
				,"percent": 75.83
				}
			,{
				"<=msec": 6.200
				,"percent": 76.30
				}
			,{
				"<=msec": 6.300
				,"percent": 76.85
				}
			,{
				"<=msec": 6.400
				,"percent": 77.38
				}
			,{
				"<=msec": 6.500
				,"percent": 77.95
				}
			,{
				"<=msec": 6.600
				,"percent": 78.51
				}
			,{
				"<=msec": 6.700
				,"percent": 79.10
				}
			,{
				"<=msec": 6.800
				,"percent": 79.77
				}
			,{
				"<=msec": 6.900
				,"percent": 80.46
				}
			,{
				"<=msec": 7.000
				,"percent": 81.15
				}
			,{
				"<=msec": 7.100
				,"percent": 81.71
				}
			,{
				"<=msec": 7.200
				,"percent": 82.50
				}
			,{
				"<=msec": 7.300
				,"percent": 83.13
				}
			,{
				"<=msec": 7.400
				,"percent": 83.84
				}
			,{
				"<=msec": 7.500
				,"percent": 84.39
				}
			,{
				"<=msec": 7.600
				,"percent": 85.09
				}
			,{
				"<=msec": 7.700
				,"percent": 85.68
				}
			,{
				"<=msec": 7.800
				,"percent": 86.30
				}
			,{
				"<=msec": 7.900
				,"percent": 86.84
				}
			,{
				"<=msec": 8.000
				,"percent": 87.35
				}
			,{
				"<=msec": 8.100
				,"percent": 87.93
				}
			,{
				"<=msec": 8.200
				,"percent": 88.46
				}
			,{
				"<=msec": 8.300
				,"percent": 88.97
				}
			,{
				"<=msec": 8.400
				,"percent": 89.57
				}
			,{
				"<=msec": 8.500
				,"percent": 90.10
				}
			,{
				"<=msec": 8.600
				,"percent": 90.74
				}
			,{
				"<=msec": 8.700
				,"percent": 91.19
				}
			,{
				"<=msec": 8.800
				,"percent": 91.69
				}
			,{
				"<=msec": 8.900
				,"percent": 92.10
				}
			,{
				"<=msec": 9.000
				,"percent": 92.53
				}
			,{
				"<=msec": 9.100
				,"percent": 92.94
				}
			,{
				"<=msec": 9.200
				,"percent": 93.36
				}
			,{
				"<=msec": 9.300
				,"percent": 93.74
				}
			,{
				"<=msec": 9.400
				,"percent": 94.10
				}
			,{
				"<=msec": 9.500
				,"percent": 94.49
				}
			,{
				"<=msec": 9.600
				,"percent": 94.91
				}
			,{
				"<=msec": 9.700
				,"percent": 95.27
				}
			,{
				"<=msec": 9.800
				,"percent": 95.56
				}
			,{
				"<=msec": 9.900
				,"percent": 95.98
				}
			,{
				"<=msec": 10.000
				,"percent": 97.33
				}
			,{
				"<=msec": 11.000
				,"percent": 98.76
				}
			,{
				"<=msec": 12.000
				,"percent": 99.22
				}
			,{
				"<=msec": 13.000
				,"percent": 99.47
				}
			,{
				"<=msec": 14.000
				,"percent": 99.65
				}
			,{
				"<=msec": 15.000
				,"percent": 99.70
				}
			,{
				"<=msec": 16.000
				,"percent": 99.74
				}
			,{
				"<=msec": 17.000
				,"percent": 99.78
				}
			,{
				"<=msec": 18.000
				,"percent": 99.80
				}
			,{
				"<=msec": 19.000
				,"percent": 99.85
				}
			,{
				"<=msec": 20.000
				,"percent": 99.89
				}
			,{
				"<=msec": 21.000
				,"percent": 99.91
				}
			,{
				"<=msec": 22.000
				,"percent": 99.95
				}
			,{
				"<=msec": 23.000
				,"percent": 99.95
				}
			,{
				"<=msec": 24.000
				,"percent": 99.97
				}
			,{
				"<=msec": 25.000
				,"percent": 99.98
				}
			,{
				"<=msec": 26.000
				,"percent": 99.99
				}
			,{
				"<=msec": 28.000
				,"percent": 99.99
				}
			,{
				"<=msec": 32.000
				,"percent": 100.00
				}
			]
		,"WAIT":[
		]
		}
	}
