{
	"configuration":{
		"server": "10.0.0.4"
		,"port": 11212
		,"unix socket": "(null)"
		,"protocol": "memcache_text"
		,"out_file": "(null)"
		,"client_stats": "(null)"
		,"run_count": 1
		,"debug": 0
		,"requests": 0
		,"clients": 2
		,"threads": 1
		,"test_time": 60
		,"ratio": "1:6"
		,"pipeline": 1
		,"data_size": 4096
		,"data_offset": 0
		,"random_data": "false"
		,"data_size_range": "0:0"
		,"data_size_list": ""
		,"data_size_pattern": "R"
		,"expiry_range": "9999:10000"
		,"data_import": "(null)"
		,"data_verify": "false"
		,"verify_only": "false"
		,"generate_keys": "false"
		,"key_prefix": "memtier-"
		,"key_minimum":           0
		,"key_maximum":        1000
		,"key_pattern": "R:R"
		,"key_stddev": 0.000000
		,"key_median": 0.000000
		,"reconnect_interval": 0
		,"multi_key_get": 6
		,"authenticate": ""
		,"select-db": 0
		,"no-expiry": "false"
		,"wait-ratio": "0:0"
		,"num-slaves": "0:0"
		,"wait-timeout": "0-0"
		}
	,"run information":{
		"Threads": 1
		,"Connections per thread": 2
		,"Seconds": 60
		}
	,"ALL STATS":{
		"Sets":{
			"Ops/sec": 241.70
			,"Hits/sec": 0.00
			,"Misses/sec": 0.00
			,"Latency": 3.67
			,"KB/sec": 976.09
			}
		,"Gets":{
			"Ops/sec": 241.68
			,"Hits/sec": 1450.09
			,"Misses/sec": 0.00
			,"Latency": 4.58
			,"KB/sec": 5859.06
			}
		,"Waits":{
			"Ops/sec": 0.00
			,"Hits/sec": 0.00
			,"Misses/sec": 0.00
			,"Latency": 0.00
			,"KB/sec": 0.00
			}
		,"Totals":{
			"Ops/sec": 483.38
			,"Hits/sec": 1450.09
			,"Misses/sec": 0.00
			,"Latency": 4.12
			,"KB/sec": 6835.15
			}
		,"SET":[
			{
				"<=msec": 1.200
				,"percent": 0.01
				}
			,{
				"<=msec": 1.300
				,"percent": 0.04
				}
			,{
				"<=msec": 1.400
				,"percent": 0.41
				}
			,{
				"<=msec": 1.500
				,"percent": 1.72
				}
			,{
				"<=msec": 1.600
				,"percent": 4.53
				}
			,{
				"<=msec": 1.700
				,"percent": 9.16
				}
			,{
				"<=msec": 1.800
				,"percent": 15.54
				}
			,{
				"<=msec": 1.900
				,"percent": 22.95
				}
			,{
				"<=msec": 2.000
				,"percent": 30.38
				}
			,{
				"<=msec": 2.100
				,"percent": 37.45
				}
			,{
				"<=msec": 2.200
				,"percent": 43.14
				}
			,{
				"<=msec": 2.300
				,"percent": 47.82
				}
			,{
				"<=msec": 2.400
				,"percent": 51.92
				}
			,{
				"<=msec": 2.500
				,"percent": 54.87
				}
			,{
				"<=msec": 2.600
				,"percent": 57.60
				}
			,{
				"<=msec": 2.700
				,"percent": 59.77
				}
			,{
				"<=msec": 2.800
				,"percent": 61.61
				}
			,{
				"<=msec": 2.900
				,"percent": 63.10
				}
			,{
				"<=msec": 3.000
				,"percent": 64.62
				}
			,{
				"<=msec": 3.100
				,"percent": 65.76
				}
			,{
				"<=msec": 3.200
				,"percent": 66.76
				}
			,{
				"<=msec": 3.300
				,"percent": 67.79
				}
			,{
				"<=msec": 3.400
				,"percent": 68.74
				}
			,{
				"<=msec": 3.500
				,"percent": 69.39
				}
			,{
				"<=msec": 3.600
				,"percent": 69.99
				}
			,{
				"<=msec": 3.700
				,"percent": 70.56
				}
			,{
				"<=msec": 3.800
				,"percent": 71.14
				}
			,{
				"<=msec": 3.900
				,"percent": 71.67
				}
			,{
				"<=msec": 4.000
				,"percent": 72.22
				}
			,{
				"<=msec": 4.100
				,"percent": 72.73
				}
			,{
				"<=msec": 4.200
				,"percent": 73.24
				}
			,{
				"<=msec": 4.300
				,"percent": 73.63
				}
			,{
				"<=msec": 4.400
				,"percent": 74.07
				}
			,{
				"<=msec": 4.500
				,"percent": 74.41
				}
			,{
				"<=msec": 4.600
				,"percent": 74.83
				}
			,{
				"<=msec": 4.700
				,"percent": 75.25
				}
			,{
				"<=msec": 4.800
				,"percent": 75.69
				}
			,{
				"<=msec": 4.900
				,"percent": 76.10
				}
			,{
				"<=msec": 5.000
				,"percent": 76.45
				}
			,{
				"<=msec": 5.100
				,"percent": 76.79
				}
			,{
				"<=msec": 5.200
				,"percent": 77.12
				}
			,{
				"<=msec": 5.300
				,"percent": 77.45
				}
			,{
				"<=msec": 5.400
				,"percent": 77.84
				}
			,{
				"<=msec": 5.500
				,"percent": 78.22
				}
			,{
				"<=msec": 5.600
				,"percent": 78.61
				}
			,{
				"<=msec": 5.700
				,"percent": 79.15
				}
			,{
				"<=msec": 5.800
				,"percent": 79.56
				}
			,{
				"<=msec": 5.900
				,"percent": 80.01
				}
			,{
				"<=msec": 6.000
				,"percent": 80.47
				}
			,{
				"<=msec": 6.100
				,"percent": 80.93
				}
			,{
				"<=msec": 6.200
				,"percent": 81.49
				}
			,{
				"<=msec": 6.300
				,"percent": 82.16
				}
			,{
				"<=msec": 6.400
				,"percent": 82.73
				}
			,{
				"<=msec": 6.500
				,"percent": 83.28
				}
			,{
				"<=msec": 6.600
				,"percent": 83.75
				}
			,{
				"<=msec": 6.700
				,"percent": 84.37
				}
			,{
				"<=msec": 6.800
				,"percent": 84.98
				}
			,{
				"<=msec": 6.900
				,"percent": 85.60
				}
			,{
				"<=msec": 7.000
				,"percent": 86.10
				}
			,{
				"<=msec": 7.100
				,"percent": 86.65
				}
			,{
				"<=msec": 7.200
				,"percent": 87.17
				}
			,{
				"<=msec": 7.300
				,"percent": 87.71
				}
			,{
				"<=msec": 7.400
				,"percent": 88.20
				}
			,{
				"<=msec": 7.500
				,"percent": 88.64
				}
			,{
				"<=msec": 7.600
				,"percent": 89.04
				}
			,{
				"<=msec": 7.700
				,"percent": 89.51
				}
			,{
				"<=msec": 7.800
				,"percent": 89.91
				}
			,{
				"<=msec": 7.900
				,"percent": 90.31
				}
			,{
				"<=msec": 8.000
				,"percent": 90.82
				}
			,{
				"<=msec": 8.100
				,"percent": 91.23
				}
			,{
				"<=msec": 8.200
				,"percent": 91.62
				}
			,{
				"<=msec": 8.300
				,"percent": 92.05
				}
			,{
				"<=msec": 8.400
				,"percent": 92.45
				}
			,{
				"<=msec": 8.500
				,"percent": 92.84
				}
			,{
				"<=msec": 8.600
				,"percent": 93.24
				}
			,{
				"<=msec": 8.700
				,"percent": 93.71
				}
			,{
				"<=msec": 8.800
				,"percent": 94.16
				}
			,{
				"<=msec": 8.900
				,"percent": 94.47
				}
			,{
				"<=msec": 9.000
				,"percent": 94.84
				}
			,{
				"<=msec": 9.100
				,"percent": 95.13
				}
			,{
				"<=msec": 9.200
				,"percent": 95.39
				}
			,{
				"<=msec": 9.300
				,"percent": 95.69
				}
			,{
				"<=msec": 9.400
				,"percent": 95.95
				}
			,{
				"<=msec": 9.500
				,"percent": 96.28
				}
			,{
				"<=msec": 9.600
				,"percent": 96.57
				}
			,{
				"<=msec": 9.700
				,"percent": 96.85
				}
			,{
				"<=msec": 9.800
				,"percent": 97.02
				}
			,{
				"<=msec": 9.900
				,"percent": 97.24
				}
			,{
				"<=msec": 10.000
				,"percent": 98.40
				}
			,{
				"<=msec": 11.000
				,"percent": 99.31
				}
			,{
				"<=msec": 12.000
				,"percent": 99.52
				}
			,{
				"<=msec": 13.000
				,"percent": 99.62
				}
			,{
				"<=msec": 14.000
				,"percent": 99.66
				}
			,{
				"<=msec": 15.000
				,"percent": 99.73
				}
			,{
				"<=msec": 16.000
				,"percent": 99.79
				}
			,{
				"<=msec": 17.000
				,"percent": 99.84
				}
			,{
				"<=msec": 18.000
				,"percent": 99.89
				}
			,{
				"<=msec": 19.000
				,"percent": 99.91
				}
			,{
				"<=msec": 20.000
				,"percent": 99.92
				}
			,{
				"<=msec": 22.000
				,"percent": 99.97
				}
			,{
				"<=msec": 23.000
				,"percent": 99.97
				}
			,{
				"<=msec": 26.000
				,"percent": 99.99
				}
			,{
				"<=msec": 37.000
				,"percent": 99.99
				}
			,{
				"<=msec": 43.000
				,"percent": 100.00
				}
			]
		,"GET":[
			{
				"<=msec": 1.600
				,"percent": 0.01
				}
			,{
				"<=msec": 1.700
				,"percent": 0.15
				}
			,{
				"<=msec": 1.800
				,"percent": 0.59
				}
			,{
				"<=msec": 1.900
				,"percent": 1.41
				}
			,{
				"<=msec": 2.000
				,"percent": 3.13
				}
			,{
				"<=msec": 2.100
				,"percent": 5.70
				}
			,{
				"<=msec": 2.200
				,"percent": 9.32
				}
			,{
				"<=msec": 2.300
				,"percent": 13.83
				}
			,{
				"<=msec": 2.400
				,"percent": 18.77
				}
			,{
				"<=msec": 2.500
				,"percent": 23.83
				}
			,{
				"<=msec": 2.600
				,"percent": 28.62
				}
			,{
				"<=msec": 2.700
				,"percent": 33.45
				}
			,{
				"<=msec": 2.800
				,"percent": 38.02
				}
			,{
				"<=msec": 2.900
				,"percent": 41.73
				}
			,{
				"<=msec": 3.000
				,"percent": 45.15
				}
			,{
				"<=msec": 3.100
				,"percent": 47.98
				}
			,{
				"<=msec": 3.200
				,"percent": 50.59
				}
			,{
				"<=msec": 3.300
				,"percent": 52.94
				}
			,{
				"<=msec": 3.400
				,"percent": 54.88
				}
			,{
				"<=msec": 3.500
				,"percent": 56.59
				}
			,{
				"<=msec": 3.600
				,"percent": 58.18
				}
			,{
				"<=msec": 3.700
				,"percent": 59.63
				}
			,{
				"<=msec": 3.800
				,"percent": 60.63
				}
			,{
				"<=msec": 3.900
				,"percent": 61.59
				}
			,{
				"<=msec": 4.000
				,"percent": 62.50
				}
			,{
				"<=msec": 4.100
				,"percent": 63.14
				}
			,{
				"<=msec": 4.200
				,"percent": 63.92
				}
			,{
				"<=msec": 4.300
				,"percent": 64.62
				}
			,{
				"<=msec": 4.400
				,"percent": 65.27
				}
			,{
				"<=msec": 4.500
				,"percent": 65.97
				}
			,{
				"<=msec": 4.600
				,"percent": 66.55
				}
			,{
				"<=msec": 4.700
				,"percent": 67.06
				}
			,{
				"<=msec": 4.800
				,"percent": 67.50
				}
			,{
				"<=msec": 4.900
				,"percent": 68.06
				}
			,{
				"<=msec": 5.000
				,"percent": 68.60
				}
			,{
				"<=msec": 5.100
				,"percent": 69.08
				}
			,{
				"<=msec": 5.200
				,"percent": 69.48
				}
			,{
				"<=msec": 5.300
				,"percent": 69.89
				}
			,{
				"<=msec": 5.400
				,"percent": 70.27
				}
			,{
				"<=msec": 5.500
				,"percent": 70.63
				}
			,{
				"<=msec": 5.600
				,"percent": 71.10
				}
			,{
				"<=msec": 5.700
				,"percent": 71.47
				}
			,{
				"<=msec": 5.800
				,"percent": 71.94
				}
			,{
				"<=msec": 5.900
				,"percent": 72.33
				}
			,{
				"<=msec": 6.000
				,"percent": 72.72
				}
			,{
				"<=msec": 6.100
				,"percent": 73.17
				}
			,{
				"<=msec": 6.200
				,"percent": 73.71
				}
			,{
				"<=msec": 6.300
				,"percent": 74.29
				}
			,{
				"<=msec": 6.400
				,"percent": 74.83
				}
			,{
				"<=msec": 6.500
				,"percent": 75.36
				}
			,{
				"<=msec": 6.600
				,"percent": 75.93
				}
			,{
				"<=msec": 6.700
				,"percent": 76.49
				}
			,{
				"<=msec": 6.800
				,"percent": 76.95
				}
			,{
				"<=msec": 6.900
				,"percent": 77.58
				}
			,{
				"<=msec": 7.000
				,"percent": 78.10
				}
			,{
				"<=msec": 7.100
				,"percent": 78.78
				}
			,{
				"<=msec": 7.200
				,"percent": 79.42
				}
			,{
				"<=msec": 7.300
				,"percent": 80.14
				}
			,{
				"<=msec": 7.400
				,"percent": 80.82
				}
			,{
				"<=msec": 7.500
				,"percent": 81.56
				}
			,{
				"<=msec": 7.600
				,"percent": 82.22
				}
			,{
				"<=msec": 7.700
				,"percent": 82.92
				}
			,{
				"<=msec": 7.800
				,"percent": 83.64
				}
			,{
				"<=msec": 7.900
				,"percent": 84.44
				}
			,{
				"<=msec": 8.000
				,"percent": 85.19
				}
			,{
				"<=msec": 8.100
				,"percent": 85.77
				}
			,{
				"<=msec": 8.200
				,"percent": 86.39
				}
			,{
				"<=msec": 8.300
				,"percent": 87.07
				}
			,{
				"<=msec": 8.400
				,"percent": 87.69
				}
			,{
				"<=msec": 8.500
				,"percent": 88.26
				}
			,{
				"<=msec": 8.600
				,"percent": 88.82
				}
			,{
				"<=msec": 8.700
				,"percent": 89.44
				}
			,{
				"<=msec": 8.800
				,"percent": 90.07
				}
			,{
				"<=msec": 8.900
				,"percent": 90.70
				}
			,{
				"<=msec": 9.000
				,"percent": 91.29
				}
			,{
				"<=msec": 9.100
				,"percent": 91.95
				}
			,{
				"<=msec": 9.200
				,"percent": 92.53
				}
			,{
				"<=msec": 9.300
				,"percent": 93.06
				}
			,{
				"<=msec": 9.400
				,"percent": 93.55
				}
			,{
				"<=msec": 9.500
				,"percent": 94.01
				}
			,{
				"<=msec": 9.600
				,"percent": 94.41
				}
			,{
				"<=msec": 9.700
				,"percent": 94.79
				}
			,{
				"<=msec": 9.800
				,"percent": 95.17
				}
			,{
				"<=msec": 9.900
				,"percent": 95.44
				}
			,{
				"<=msec": 10.000
				,"percent": 97.16
				}
			,{
				"<=msec": 11.000
				,"percent": 98.61
				}
			,{
				"<=msec": 12.000
				,"percent": 99.08
				}
			,{
				"<=msec": 13.000
				,"percent": 99.38
				}
			,{
				"<=msec": 14.000
				,"percent": 99.57
				}
			,{
				"<=msec": 15.000
				,"percent": 99.64
				}
			,{
				"<=msec": 16.000
				,"percent": 99.71
				}
			,{
				"<=msec": 17.000
				,"percent": 99.76
				}
			,{
				"<=msec": 18.000
				,"percent": 99.82
				}
			,{
				"<=msec": 19.000
				,"percent": 99.86
				}
			,{
				"<=msec": 20.000
				,"percent": 99.87
				}
			,{
				"<=msec": 21.000
				,"percent": 99.90
				}
			,{
				"<=msec": 22.000
				,"percent": 99.92
				}
			,{
				"<=msec": 23.000
				,"percent": 99.94
				}
			,{
				"<=msec": 24.000
				,"percent": 99.97
				}
			,{
				"<=msec": 25.000
				,"percent": 99.99
				}
			,{
				"<=msec": 26.000
				,"percent": 99.99
				}
			,{
				"<=msec": 31.000
				,"percent": 100.00
				}
			]
		,"WAIT":[
		]
		}
	}
