{
	"configuration":{
		"server": "10.0.0.4"
		,"port": 11212
		,"unix socket": "(null)"
		,"protocol": "memcache_text"
		,"out_file": "(null)"
		,"client_stats": "(null)"
		,"run_count": 1
		,"debug": 0
		,"requests": 0
		,"clients": 2
		,"threads": 1
		,"test_time": 60
		,"ratio": "1:9"
		,"pipeline": 1
		,"data_size": 4096
		,"data_offset": 0
		,"random_data": "false"
		,"data_size_range": "0:0"
		,"data_size_list": ""
		,"data_size_pattern": "R"
		,"expiry_range": "9999:10000"
		,"data_import": "(null)"
		,"data_verify": "false"
		,"verify_only": "false"
		,"generate_keys": "false"
		,"key_prefix": "memtier-"
		,"key_minimum":           0
		,"key_maximum":        1000
		,"key_pattern": "R:R"
		,"key_stddev": 0.000000
		,"key_median": 0.000000
		,"reconnect_interval": 0
		,"multi_key_get": 9
		,"authenticate": ""
		,"select-db": 0
		,"no-expiry": "false"
		,"wait-ratio": "0:0"
		,"num-slaves": "0:0"
		,"wait-timeout": "0-0"
		}
	,"run information":{
		"Threads": 1
		,"Connections per thread": 2
		,"Seconds": 60
		}
	,"ALL STATS":{
		"Sets":{
			"Ops/sec": 155.59
			,"Hits/sec": 0.00
			,"Misses/sec": 0.00
			,"Latency": 4.62
			,"KB/sec": 628.35
			}
		,"Gets":{
			"Ops/sec": 155.56
			,"Hits/sec": 1400.02
			,"Misses/sec": 0.00
			,"Latency": 8.20
			,"KB/sec": 5655.99
			}
		,"Waits":{
			"Ops/sec": 0.00
			,"Hits/sec": 0.00
			,"Misses/sec": 0.00
			,"Latency": 0.00
			,"KB/sec": 0.00
			}
		,"Totals":{
			"Ops/sec": 311.15
			,"Hits/sec": 1400.02
			,"Misses/sec": 0.00
			,"Latency": 6.41
			,"KB/sec": 6284.33
			}
		,"SET":[
			{
				"<=msec": 1.400
				,"percent": 0.03
				}
			,{
				"<=msec": 1.500
				,"percent": 0.24
				}
			,{
				"<=msec": 1.600
				,"percent": 1.07
				}
			,{
				"<=msec": 1.700
				,"percent": 2.84
				}
			,{
				"<=msec": 1.800
				,"percent": 6.45
				}
			,{
				"<=msec": 1.900
				,"percent": 11.72
				}
			,{
				"<=msec": 2.000
				,"percent": 17.77
				}
			,{
				"<=msec": 2.100
				,"percent": 24.81
				}
			,{
				"<=msec": 2.200
				,"percent": 31.33
				}
			,{
				"<=msec": 2.300
				,"percent": 37.45
				}
			,{
				"<=msec": 2.400
				,"percent": 42.28
				}
			,{
				"<=msec": 2.500
				,"percent": 46.18
				}
			,{
				"<=msec": 2.600
				,"percent": 49.35
				}
			,{
				"<=msec": 2.700
				,"percent": 52.07
				}
			,{
				"<=msec": 2.800
				,"percent": 54.02
				}
			,{
				"<=msec": 2.900
				,"percent": 55.63
				}
			,{
				"<=msec": 3.000
				,"percent": 56.95
				}
			,{
				"<=msec": 3.100
				,"percent": 58.19
				}
			,{
				"<=msec": 3.200
				,"percent": 59.29
				}
			,{
				"<=msec": 3.300
				,"percent": 60.20
				}
			,{
				"<=msec": 3.400
				,"percent": 61.15
				}
			,{
				"<=msec": 3.500
				,"percent": 61.95
				}
			,{
				"<=msec": 3.600
				,"percent": 62.53
				}
			,{
				"<=msec": 3.700
				,"percent": 63.09
				}
			,{
				"<=msec": 3.800
				,"percent": 63.70
				}
			,{
				"<=msec": 3.900
				,"percent": 64.25
				}
			,{
				"<=msec": 4.000
				,"percent": 64.82
				}
			,{
				"<=msec": 4.100
				,"percent": 65.32
				}
			,{
				"<=msec": 4.200
				,"percent": 65.90
				}
			,{
				"<=msec": 4.300
				,"percent": 66.28
				}
			,{
				"<=msec": 4.400
				,"percent": 66.58
				}
			,{
				"<=msec": 4.500
				,"percent": 67.00
				}
			,{
				"<=msec": 4.600
				,"percent": 67.46
				}
			,{
				"<=msec": 4.700
				,"percent": 67.75
				}
			,{
				"<=msec": 4.800
				,"percent": 68.26
				}
			,{
				"<=msec": 4.900
				,"percent": 68.69
				}
			,{
				"<=msec": 5.000
				,"percent": 69.16
				}
			,{
				"<=msec": 5.100
				,"percent": 69.54
				}
			,{
				"<=msec": 5.200
				,"percent": 70.02
				}
			,{
				"<=msec": 5.300
				,"percent": 70.54
				}
			,{
				"<=msec": 5.400
				,"percent": 70.90
				}
			,{
				"<=msec": 5.500
				,"percent": 71.29
				}
			,{
				"<=msec": 5.600
				,"percent": 71.68
				}
			,{
				"<=msec": 5.700
				,"percent": 72.20
				}
			,{
				"<=msec": 5.800
				,"percent": 72.63
				}
			,{
				"<=msec": 5.900
				,"percent": 73.05
				}
			,{
				"<=msec": 6.000
				,"percent": 73.54
				}
			,{
				"<=msec": 6.100
				,"percent": 73.93
				}
			,{
				"<=msec": 6.200
				,"percent": 74.23
				}
			,{
				"<=msec": 6.300
				,"percent": 74.56
				}
			,{
				"<=msec": 6.400
				,"percent": 74.90
				}
			,{
				"<=msec": 6.500
				,"percent": 75.18
				}
			,{
				"<=msec": 6.600
				,"percent": 75.49
				}
			,{
				"<=msec": 6.700
				,"percent": 75.84
				}
			,{
				"<=msec": 6.800
				,"percent": 76.25
				}
			,{
				"<=msec": 6.900
				,"percent": 76.53
				}
			,{
				"<=msec": 7.000
				,"percent": 76.90
				}
			,{
				"<=msec": 7.100
				,"percent": 77.24
				}
			,{
				"<=msec": 7.200
				,"percent": 77.56
				}
			,{
				"<=msec": 7.300
				,"percent": 77.81
				}
			,{
				"<=msec": 7.400
				,"percent": 78.03
				}
			,{
				"<=msec": 7.500
				,"percent": 78.30
				}
			,{
				"<=msec": 7.600
				,"percent": 78.57
				}
			,{
				"<=msec": 7.700
				,"percent": 78.91
				}
			,{
				"<=msec": 7.800
				,"percent": 79.10
				}
			,{
				"<=msec": 7.900
				,"percent": 79.28
				}
			,{
				"<=msec": 8.000
				,"percent": 79.49
				}
			,{
				"<=msec": 8.100
				,"percent": 79.69
				}
			,{
				"<=msec": 8.200
				,"percent": 79.88
				}
			,{
				"<=msec": 8.300
				,"percent": 80.16
				}
			,{
				"<=msec": 8.400
				,"percent": 80.44
				}
			,{
				"<=msec": 8.500
				,"percent": 80.88
				}
			,{
				"<=msec": 8.600
				,"percent": 81.30
				}
			,{
				"<=msec": 8.700
				,"percent": 81.63
				}
			,{
				"<=msec": 8.800
				,"percent": 81.99
				}
			,{
				"<=msec": 8.900
				,"percent": 82.33
				}
			,{
				"<=msec": 9.000
				,"percent": 82.63
				}
			,{
				"<=msec": 9.100
				,"percent": 82.90
				}
			,{
				"<=msec": 9.200
				,"percent": 83.27
				}
			,{
				"<=msec": 9.300
				,"percent": 83.69
				}
			,{
				"<=msec": 9.400
				,"percent": 84.16
				}
			,{
				"<=msec": 9.500
				,"percent": 84.68
				}
			,{
				"<=msec": 9.600
				,"percent": 85.25
				}
			,{
				"<=msec": 9.700
				,"percent": 85.70
				}
			,{
				"<=msec": 9.800
				,"percent": 86.28
				}
			,{
				"<=msec": 9.900
				,"percent": 86.92
				}
			,{
				"<=msec": 10.000
				,"percent": 90.10
				}
			,{
				"<=msec": 11.000
				,"percent": 93.13
				}
			,{
				"<=msec": 12.000
				,"percent": 96.68
				}
			,{
				"<=msec": 13.000
				,"percent": 99.26
				}
			,{
				"<=msec": 14.000
				,"percent": 99.54
				}
			,{
				"<=msec": 15.000
				,"percent": 99.67
				}
			,{
				"<=msec": 16.000
				,"percent": 99.75
				}
			,{
				"<=msec": 17.000
				,"percent": 99.82
				}
			,{
				"<=msec": 18.000
				,"percent": 99.84
				}
			,{
				"<=msec": 19.000
				,"percent": 99.87
				}
			,{
				"<=msec": 20.000
				,"percent": 99.88
				}
			,{
				"<=msec": 21.000
				,"percent": 99.89
				}
			,{
				"<=msec": 22.000
				,"percent": 99.91
				}
			,{
				"<=msec": 23.000
				,"percent": 99.96
				}
			,{
				"<=msec": 24.000
				,"percent": 99.97
				}
			,{
				"<=msec": 27.000
				,"percent": 99.98
				}
			,{
				"<=msec": 30.000
				,"percent": 99.99
				}
			,{
				"<=msec": 43.000
				,"percent": 100.00
				}
			]
		,"GET":[
			{
				"<=msec": 1.900
				,"percent": 0.02
				}
			,{
				"<=msec": 2.000
				,"percent": 0.12
				}
			,{
				"<=msec": 2.100
				,"percent": 0.43
				}
			,{
				"<=msec": 2.200
				,"percent": 1.22
				}
			,{
				"<=msec": 2.300
				,"percent": 2.56
				}
			,{
				"<=msec": 2.400
				,"percent": 4.37
				}
			,{
				"<=msec": 2.500
				,"percent": 6.64
				}
			,{
				"<=msec": 2.600
				,"percent": 9.19
				}
			,{
				"<=msec": 2.700
				,"percent": 12.26
				}
			,{
				"<=msec": 2.800
				,"percent": 15.23
				}
			,{
				"<=msec": 2.900
				,"percent": 18.03
				}
			,{
				"<=msec": 3.000
				,"percent": 20.81
				}
			,{
				"<=msec": 3.100
				,"percent": 23.04
				}
			,{
				"<=msec": 3.200
				,"percent": 25.17
				}
			,{
				"<=msec": 3.300
				,"percent": 26.72
				}
			,{
				"<=msec": 3.400
				,"percent": 28.07
				}
			,{
				"<=msec": 3.500
				,"percent": 29.48
				}
			,{
				"<=msec": 3.600
				,"percent": 30.68
				}
			,{
				"<=msec": 3.700
				,"percent": 31.67
				}
			,{
				"<=msec": 3.800
				,"percent": 32.72
				}
			,{
				"<=msec": 3.900
				,"percent": 33.39
				}
			,{
				"<=msec": 4.000
				,"percent": 34.04
				}
			,{
				"<=msec": 4.100
				,"percent": 34.55
				}
			,{
				"<=msec": 4.200
				,"percent": 35.07
				}
			,{
				"<=msec": 4.300
				,"percent": 35.49
				}
			,{
				"<=msec": 4.400
				,"percent": 35.94
				}
			,{
				"<=msec": 4.500
				,"percent": 36.25
				}
			,{
				"<=msec": 4.600
				,"percent": 36.60
				}
			,{
				"<=msec": 4.700
				,"percent": 36.94
				}
			,{
				"<=msec": 4.800
				,"percent": 37.14
				}
			,{
				"<=msec": 4.900
				,"percent": 37.37
				}
			,{
				"<=msec": 5.000
				,"percent": 37.68
				}
			,{
				"<=msec": 5.100
				,"percent": 37.97
				}
			,{
				"<=msec": 5.200
				,"percent": 38.19
				}
			,{
				"<=msec": 5.300
				,"percent": 38.46
				}
			,{
				"<=msec": 5.400
				,"percent": 38.62
				}
			,{
				"<=msec": 5.500
				,"percent": 38.85
				}
			,{
				"<=msec": 5.600
				,"percent": 39.09
				}
			,{
				"<=msec": 5.700
				,"percent": 39.32
				}
			,{
				"<=msec": 5.800
				,"percent": 39.51
				}
			,{
				"<=msec": 5.900
				,"percent": 39.87
				}
			,{
				"<=msec": 6.000
				,"percent": 40.11
				}
			,{
				"<=msec": 6.100
				,"percent": 40.38
				}
			,{
				"<=msec": 6.200
				,"percent": 40.61
				}
			,{
				"<=msec": 6.300
				,"percent": 40.94
				}
			,{
				"<=msec": 6.400
				,"percent": 41.21
				}
			,{
				"<=msec": 6.500
				,"percent": 41.47
				}
			,{
				"<=msec": 6.600
				,"percent": 41.75
				}
			,{
				"<=msec": 6.700
				,"percent": 42.13
				}
			,{
				"<=msec": 6.800
				,"percent": 42.49
				}
			,{
				"<=msec": 6.900
				,"percent": 42.90
				}
			,{
				"<=msec": 7.000
				,"percent": 43.20
				}
			,{
				"<=msec": 7.100
				,"percent": 43.73
				}
			,{
				"<=msec": 7.200
				,"percent": 44.15
				}
			,{
				"<=msec": 7.300
				,"percent": 44.62
				}
			,{
				"<=msec": 7.400
				,"percent": 45.10
				}
			,{
				"<=msec": 7.500
				,"percent": 45.63
				}
			,{
				"<=msec": 7.600
				,"percent": 46.00
				}
			,{
				"<=msec": 7.700
				,"percent": 46.37
				}
			,{
				"<=msec": 7.800
				,"percent": 46.86
				}
			,{
				"<=msec": 7.900
				,"percent": 47.13
				}
			,{
				"<=msec": 8.000
				,"percent": 47.45
				}
			,{
				"<=msec": 8.100
				,"percent": 47.91
				}
			,{
				"<=msec": 8.200
				,"percent": 48.25
				}
			,{
				"<=msec": 8.300
				,"percent": 48.65
				}
			,{
				"<=msec": 8.400
				,"percent": 49.09
				}
			,{
				"<=msec": 8.500
				,"percent": 49.45
				}
			,{
				"<=msec": 8.600
				,"percent": 49.88
				}
			,{
				"<=msec": 8.700
				,"percent": 50.29
				}
			,{
				"<=msec": 8.800
				,"percent": 50.73
				}
			,{
				"<=msec": 8.900
				,"percent": 51.14
				}
			,{
				"<=msec": 9.000
				,"percent": 51.40
				}
			,{
				"<=msec": 9.100
				,"percent": 51.76
				}
			,{
				"<=msec": 9.200
				,"percent": 52.09
				}
			,{
				"<=msec": 9.300
				,"percent": 52.57
				}
			,{
				"<=msec": 9.400
				,"percent": 53.04
				}
			,{
				"<=msec": 9.500
				,"percent": 53.56
				}
			,{
				"<=msec": 9.600
				,"percent": 54.04
				}
			,{
				"<=msec": 9.700
				,"percent": 54.56
				}
			,{
				"<=msec": 9.800
				,"percent": 54.98
				}
			,{
				"<=msec": 9.900
				,"percent": 55.46
				}
			,{
				"<=msec": 10.000
				,"percent": 58.56
				}
			,{
				"<=msec": 11.000
				,"percent": 65.62
				}
			,{
				"<=msec": 12.000
				,"percent": 73.75
				}
			,{
				"<=msec": 13.000
				,"percent": 91.14
				}
			,{
				"<=msec": 14.000
				,"percent": 97.74
				}
			,{
				"<=msec": 15.000
				,"percent": 98.61
				}
			,{
				"<=msec": 16.000
				,"percent": 99.09
				}
			,{
				"<=msec": 17.000
				,"percent": 99.36
				}
			,{
				"<=msec": 18.000
				,"percent": 99.52
				}
			,{
				"<=msec": 19.000
				,"percent": 99.61
				}
			,{
				"<=msec": 20.000
				,"percent": 99.65
				}
			,{
				"<=msec": 21.000
				,"percent": 99.68
				}
			,{
				"<=msec": 22.000
				,"percent": 99.72
				}
			,{
				"<=msec": 24.000
				,"percent": 99.75
				}
			,{
				"<=msec": 25.000
				,"percent": 99.76
				}
			,{
				"<=msec": 26.000
				,"percent": 99.83
				}
			,{
				"<=msec": 27.000
				,"percent": 99.89
				}
			,{
				"<=msec": 28.000
				,"percent": 99.97
				}
			,{
				"<=msec": 32.000
				,"percent": 99.99
				}
			,{
				"<=msec": 60.000
				,"percent": 100.00
				}
			]
		,"WAIT":[
		]
		}
	}
