{
	"configuration":{
		"server": "10.0.0.4"
		,"port": 11212
		,"unix socket": "(null)"
		,"protocol": "memcache_text"
		,"out_file": "(null)"
		,"client_stats": "(null)"
		,"run_count": 1
		,"debug": 0
		,"requests": 0
		,"clients": 2
		,"threads": 1
		,"test_time": 60
		,"ratio": "1:3"
		,"pipeline": 1
		,"data_size": 4096
		,"data_offset": 0
		,"random_data": "false"
		,"data_size_range": "0:0"
		,"data_size_list": ""
		,"data_size_pattern": "R"
		,"expiry_range": "9999:10000"
		,"data_import": "(null)"
		,"data_verify": "false"
		,"verify_only": "false"
		,"generate_keys": "false"
		,"key_prefix": "memtier-"
		,"key_minimum":           0
		,"key_maximum":        1000
		,"key_pattern": "R:R"
		,"key_stddev": 0.000000
		,"key_median": 0.000000
		,"reconnect_interval": 0
		,"multi_key_get": 3
		,"authenticate": ""
		,"select-db": 0
		,"no-expiry": "false"
		,"wait-ratio": "0:0"
		,"num-slaves": "0:0"
		,"wait-timeout": "0-0"
		}
	,"run information":{
		"Threads": 1
		,"Connections per thread": 2
		,"Seconds": 60
		}
	,"ALL STATS":{
		"Sets":{
			"Ops/sec": 361.97
			,"Hits/sec": 0.00
			,"Misses/sec": 0.00
			,"Latency": 2.71
			,"KB/sec": 1461.80
			}
		,"Gets":{
			"Ops/sec": 361.97
			,"Hits/sec": 1085.91
			,"Misses/sec": 0.00
			,"Latency": 2.79
			,"KB/sec": 4389.34
			}
		,"Waits":{
			"Ops/sec": 0.00
			,"Hits/sec": 0.00
			,"Misses/sec": 0.00
			,"Latency": 0.00
			,"KB/sec": 0.00
			}
		,"Totals":{
			"Ops/sec": 723.94
			,"Hits/sec": 1085.91
			,"Misses/sec": 0.00
			,"Latency": 2.75
			,"KB/sec": 5851.14
			}
		,"SET":[
			{
				"<=msec": 1.200
				,"percent": 0.06
				}
			,{
				"<=msec": 1.300
				,"percent": 0.51
				}
			,{
				"<=msec": 1.400
				,"percent": 2.38
				}
			,{
				"<=msec": 1.500
				,"percent": 7.11
				}
			,{
				"<=msec": 1.600
				,"percent": 14.55
				}
			,{
				"<=msec": 1.700
				,"percent": 23.27
				}
			,{
				"<=msec": 1.800
				,"percent": 33.01
				}
			,{
				"<=msec": 1.900
				,"percent": 41.77
				}
			,{
				"<=msec": 2.000
				,"percent": 49.35
				}
			,{
				"<=msec": 2.100
				,"percent": 55.73
				}
			,{
				"<=msec": 2.200
				,"percent": 60.69
				}
			,{
				"<=msec": 2.300
				,"percent": 65.14
				}
			,{
				"<=msec": 2.400
				,"percent": 68.52
				}
			,{
				"<=msec": 2.500
				,"percent": 71.29
				}
			,{
				"<=msec": 2.600
				,"percent": 73.66
				}
			,{
				"<=msec": 2.700
				,"percent": 75.65
				}
			,{
				"<=msec": 2.800
				,"percent": 77.43
				}
			,{
				"<=msec": 2.900
				,"percent": 79.08
				}
			,{
				"<=msec": 3.000
				,"percent": 80.35
				}
			,{
				"<=msec": 3.100
				,"percent": 81.62
				}
			,{
				"<=msec": 3.200
				,"percent": 82.55
				}
			,{
				"<=msec": 3.300
				,"percent": 83.34
				}
			,{
				"<=msec": 3.400
				,"percent": 84.09
				}
			,{
				"<=msec": 3.500
				,"percent": 84.73
				}
			,{
				"<=msec": 3.600
				,"percent": 85.30
				}
			,{
				"<=msec": 3.700
				,"percent": 85.81
				}
			,{
				"<=msec": 3.800
				,"percent": 86.20
				}
			,{
				"<=msec": 3.900
				,"percent": 86.67
				}
			,{
				"<=msec": 4.000
				,"percent": 87.18
				}
			,{
				"<=msec": 4.100
				,"percent": 87.60
				}
			,{
				"<=msec": 4.200
				,"percent": 87.94
				}
			,{
				"<=msec": 4.300
				,"percent": 88.34
				}
			,{
				"<=msec": 4.400
				,"percent": 88.60
				}
			,{
				"<=msec": 4.500
				,"percent": 88.91
				}
			,{
				"<=msec": 4.600
				,"percent": 89.28
				}
			,{
				"<=msec": 4.700
				,"percent": 89.61
				}
			,{
				"<=msec": 4.800
				,"percent": 89.94
				}
			,{
				"<=msec": 4.900
				,"percent": 90.16
				}
			,{
				"<=msec": 5.000
				,"percent": 90.38
				}
			,{
				"<=msec": 5.100
				,"percent": 90.64
				}
			,{
				"<=msec": 5.200
				,"percent": 90.88
				}
			,{
				"<=msec": 5.300
				,"percent": 91.21
				}
			,{
				"<=msec": 5.400
				,"percent": 91.45
				}
			,{
				"<=msec": 5.500
				,"percent": 91.70
				}
			,{
				"<=msec": 5.600
				,"percent": 91.92
				}
			,{
				"<=msec": 5.700
				,"percent": 92.14
				}
			,{
				"<=msec": 5.800
				,"percent": 92.37
				}
			,{
				"<=msec": 5.900
				,"percent": 92.62
				}
			,{
				"<=msec": 6.000
				,"percent": 92.81
				}
			,{
				"<=msec": 6.100
				,"percent": 93.06
				}
			,{
				"<=msec": 6.200
				,"percent": 93.31
				}
			,{
				"<=msec": 6.300
				,"percent": 93.59
				}
			,{
				"<=msec": 6.400
				,"percent": 93.88
				}
			,{
				"<=msec": 6.500
				,"percent": 94.17
				}
			,{
				"<=msec": 6.600
				,"percent": 94.42
				}
			,{
				"<=msec": 6.700
				,"percent": 94.65
				}
			,{
				"<=msec": 6.800
				,"percent": 94.92
				}
			,{
				"<=msec": 6.900
				,"percent": 95.22
				}
			,{
				"<=msec": 7.000
				,"percent": 95.49
				}
			,{
				"<=msec": 7.100
				,"percent": 95.72
				}
			,{
				"<=msec": 7.200
				,"percent": 95.97
				}
			,{
				"<=msec": 7.300
				,"percent": 96.26
				}
			,{
				"<=msec": 7.400
				,"percent": 96.57
				}
			,{
				"<=msec": 7.500
				,"percent": 96.82
				}
			,{
				"<=msec": 7.600
				,"percent": 97.06
				}
			,{
				"<=msec": 7.700
				,"percent": 97.20
				}
			,{
				"<=msec": 7.800
				,"percent": 97.41
				}
			,{
				"<=msec": 7.900
				,"percent": 97.59
				}
			,{
				"<=msec": 8.000
				,"percent": 97.75
				}
			,{
				"<=msec": 8.100
				,"percent": 97.88
				}
			,{
				"<=msec": 8.200
				,"percent": 98.01
				}
			,{
				"<=msec": 8.300
				,"percent": 98.07
				}
			,{
				"<=msec": 8.400
				,"percent": 98.14
				}
			,{
				"<=msec": 8.500
				,"percent": 98.22
				}
			,{
				"<=msec": 8.600
				,"percent": 98.29
				}
			,{
				"<=msec": 8.700
				,"percent": 98.35
				}
			,{
				"<=msec": 8.800
				,"percent": 98.40
				}
			,{
				"<=msec": 8.900
				,"percent": 98.47
				}
			,{
				"<=msec": 9.000
				,"percent": 98.49
				}
			,{
				"<=msec": 9.100
				,"percent": 98.54
				}
			,{
				"<=msec": 9.200
				,"percent": 98.60
				}
			,{
				"<=msec": 9.300
				,"percent": 98.67
				}
			,{
				"<=msec": 9.400
				,"percent": 98.73
				}
			,{
				"<=msec": 9.500
				,"percent": 98.77
				}
			,{
				"<=msec": 9.600
				,"percent": 98.84
				}
			,{
				"<=msec": 9.700
				,"percent": 98.91
				}
			,{
				"<=msec": 9.800
				,"percent": 98.95
				}
			,{
				"<=msec": 9.900
				,"percent": 98.98
				}
			,{
				"<=msec": 10.000
				,"percent": 99.23
				}
			,{
				"<=msec": 11.000
				,"percent": 99.51
				}
			,{
				"<=msec": 12.000
				,"percent": 99.66
				}
			,{
				"<=msec": 13.000
				,"percent": 99.75
				}
			,{
				"<=msec": 14.000
				,"percent": 99.82
				}
			,{
				"<=msec": 15.000
				,"percent": 99.84
				}
			,{
				"<=msec": 16.000
				,"percent": 99.87
				}
			,{
				"<=msec": 17.000
				,"percent": 99.90
				}
			,{
				"<=msec": 20.000
				,"percent": 99.92
				}
			,{
				"<=msec": 21.000
				,"percent": 99.94
				}
			,{
				"<=msec": 22.000
				,"percent": 99.95
				}
			,{
				"<=msec": 25.000
				,"percent": 99.96
				}
			,{
				"<=msec": 26.000
				,"percent": 99.97
				}
			,{
				"<=msec": 27.000
				,"percent": 99.97
				}
			,{
				"<=msec": 28.000
				,"percent": 99.98
				}
			,{
				"<=msec": 29.000
				,"percent": 99.98
				}
			,{
				"<=msec": 30.000
				,"percent": 99.99
				}
			,{
				"<=msec": 41.000
				,"percent": 100.00
				}
			,{
				"<=msec": 42.000
				,"percent": 100.00
				}
			]
		,"GET":[
			{
				"<=msec": 1.300
				,"percent": 0.05
				}
			,{
				"<=msec": 1.400
				,"percent": 0.51
				}
			,{
				"<=msec": 1.500
				,"percent": 2.44
				}
			,{
				"<=msec": 1.600
				,"percent": 7.64
				}
			,{
				"<=msec": 1.700
				,"percent": 15.34
				}
			,{
				"<=msec": 1.800
				,"percent": 24.45
				}
			,{
				"<=msec": 1.900
				,"percent": 33.91
				}
			,{
				"<=msec": 2.000
				,"percent": 42.63
				}
			,{
				"<=msec": 2.100
				,"percent": 49.86
				}
			,{
				"<=msec": 2.200
				,"percent": 56.31
				}
			,{
				"<=msec": 2.300
				,"percent": 61.74
				}
			,{
				"<=msec": 2.400
				,"percent": 65.95
				}
			,{
				"<=msec": 2.500
				,"percent": 69.34
				}
			,{
				"<=msec": 2.600
				,"percent": 72.12
				}
			,{
				"<=msec": 2.700
				,"percent": 74.50
				}
			,{
				"<=msec": 2.800
				,"percent": 76.60
				}
			,{
				"<=msec": 2.900
				,"percent": 78.21
				}
			,{
				"<=msec": 3.000
				,"percent": 79.76
				}
			,{
				"<=msec": 3.100
				,"percent": 81.04
				}
			,{
				"<=msec": 3.200
				,"percent": 82.07
				}
			,{
				"<=msec": 3.300
				,"percent": 82.92
				}
			,{
				"<=msec": 3.400
				,"percent": 83.86
				}
			,{
				"<=msec": 3.500
				,"percent": 84.63
				}
			,{
				"<=msec": 3.600
				,"percent": 85.32
				}
			,{
				"<=msec": 3.700
				,"percent": 85.92
				}
			,{
				"<=msec": 3.800
				,"percent": 86.41
				}
			,{
				"<=msec": 3.900
				,"percent": 86.88
				}
			,{
				"<=msec": 4.000
				,"percent": 87.32
				}
			,{
				"<=msec": 4.100
				,"percent": 87.72
				}
			,{
				"<=msec": 4.200
				,"percent": 88.13
				}
			,{
				"<=msec": 4.300
				,"percent": 88.55
				}
			,{
				"<=msec": 4.400
				,"percent": 88.88
				}
			,{
				"<=msec": 4.500
				,"percent": 89.14
				}
			,{
				"<=msec": 4.600
				,"percent": 89.42
				}
			,{
				"<=msec": 4.700
				,"percent": 89.76
				}
			,{
				"<=msec": 4.800
				,"percent": 89.99
				}
			,{
				"<=msec": 4.900
				,"percent": 90.23
				}
			,{
				"<=msec": 5.000
				,"percent": 90.41
				}
			,{
				"<=msec": 5.100
				,"percent": 90.62
				}
			,{
				"<=msec": 5.200
				,"percent": 90.83
				}
			,{
				"<=msec": 5.300
				,"percent": 91.05
				}
			,{
				"<=msec": 5.400
				,"percent": 91.33
				}
			,{
				"<=msec": 5.500
				,"percent": 91.54
				}
			,{
				"<=msec": 5.600
				,"percent": 91.75
				}
			,{
				"<=msec": 5.700
				,"percent": 91.98
				}
			,{
				"<=msec": 5.800
				,"percent": 92.25
				}
			,{
				"<=msec": 5.900
				,"percent": 92.46
				}
			,{
				"<=msec": 6.000
				,"percent": 92.77
				}
			,{
				"<=msec": 6.100
				,"percent": 92.94
				}
			,{
				"<=msec": 6.200
				,"percent": 93.21
				}
			,{
				"<=msec": 6.300
				,"percent": 93.46
				}
			,{
				"<=msec": 6.400
				,"percent": 93.70
				}
			,{
				"<=msec": 6.500
				,"percent": 93.99
				}
			,{
				"<=msec": 6.600
				,"percent": 94.21
				}
			,{
				"<=msec": 6.700
				,"percent": 94.48
				}
			,{
				"<=msec": 6.800
				,"percent": 94.70
				}
			,{
				"<=msec": 6.900
				,"percent": 94.95
				}
			,{
				"<=msec": 7.000
				,"percent": 95.22
				}
			,{
				"<=msec": 7.100
				,"percent": 95.48
				}
			,{
				"<=msec": 7.200
				,"percent": 95.77
				}
			,{
				"<=msec": 7.300
				,"percent": 95.99
				}
			,{
				"<=msec": 7.400
				,"percent": 96.23
				}
			,{
				"<=msec": 7.500
				,"percent": 96.48
				}
			,{
				"<=msec": 7.600
				,"percent": 96.72
				}
			,{
				"<=msec": 7.700
				,"percent": 97.01
				}
			,{
				"<=msec": 7.800
				,"percent": 97.24
				}
			,{
				"<=msec": 7.900
				,"percent": 97.46
				}
			,{
				"<=msec": 8.000
				,"percent": 97.61
				}
			,{
				"<=msec": 8.100
				,"percent": 97.77
				}
			,{
				"<=msec": 8.200
				,"percent": 97.87
				}
			,{
				"<=msec": 8.300
				,"percent": 97.96
				}
			,{
				"<=msec": 8.400
				,"percent": 98.06
				}
			,{
				"<=msec": 8.500
				,"percent": 98.17
				}
			,{
				"<=msec": 8.600
				,"percent": 98.23
				}
			,{
				"<=msec": 8.700
				,"percent": 98.30
				}
			,{
				"<=msec": 8.800
				,"percent": 98.36
				}
			,{
				"<=msec": 8.900
				,"percent": 98.43
				}
			,{
				"<=msec": 9.000
				,"percent": 98.47
				}
			,{
				"<=msec": 9.100
				,"percent": 98.51
				}
			,{
				"<=msec": 9.200
				,"percent": 98.60
				}
			,{
				"<=msec": 9.300
				,"percent": 98.66
				}
			,{
				"<=msec": 9.400
				,"percent": 98.68
				}
			,{
				"<=msec": 9.500
				,"percent": 98.73
				}
			,{
				"<=msec": 9.600
				,"percent": 98.79
				}
			,{
				"<=msec": 9.700
				,"percent": 98.83
				}
			,{
				"<=msec": 9.800
				,"percent": 98.90
				}
			,{
				"<=msec": 9.900
				,"percent": 98.95
				}
			,{
				"<=msec": 10.000
				,"percent": 99.28
				}
			,{
				"<=msec": 11.000
				,"percent": 99.51
				}
			,{
				"<=msec": 12.000
				,"percent": 99.67
				}
			,{
				"<=msec": 13.000
				,"percent": 99.75
				}
			,{
				"<=msec": 14.000
				,"percent": 99.82
				}
			,{
				"<=msec": 15.000
				,"percent": 99.88
				}
			,{
				"<=msec": 16.000
				,"percent": 99.90
				}
			,{
				"<=msec": 17.000
				,"percent": 99.92
				}
			,{
				"<=msec": 18.000
				,"percent": 99.94
				}
			,{
				"<=msec": 19.000
				,"percent": 99.94
				}
			,{
				"<=msec": 20.000
				,"percent": 99.94
				}
			,{
				"<=msec": 21.000
				,"percent": 99.95
				}
			,{
				"<=msec": 22.000
				,"percent": 99.96
				}
			,{
				"<=msec": 23.000
				,"percent": 99.97
				}
			,{
				"<=msec": 24.000
				,"percent": 99.97
				}
			,{
				"<=msec": 25.000
				,"percent": 99.98
				}
			,{
				"<=msec": 40.000
				,"percent": 99.99
				}
			,{
				"<=msec": 43.000
				,"percent": 99.99
				}
			,{
				"<=msec": 46.000
				,"percent": 100.00
				}
			,{
				"<=msec": 210.000
				,"percent": 100.00
				}
			]
		,"WAIT":[
		]
		}
	}
