{
	"configuration":{
		"server": "10.0.0.4"
		,"port": 11212
		,"unix socket": "(null)"
		,"protocol": "memcache_text"
		,"out_file": "(null)"
		,"client_stats": "(null)"
		,"run_count": 1
		,"debug": 0
		,"requests": 0
		,"clients": 2
		,"threads": 1
		,"test_time": 60
		,"ratio": "1:1"
		,"pipeline": 1
		,"data_size": 4096
		,"data_offset": 0
		,"random_data": "false"
		,"data_size_range": "0:0"
		,"data_size_list": ""
		,"data_size_pattern": "R"
		,"expiry_range": "9999:10000"
		,"data_import": "(null)"
		,"data_verify": "false"
		,"verify_only": "false"
		,"generate_keys": "false"
		,"key_prefix": "memtier-"
		,"key_minimum":           0
		,"key_maximum":        1000
		,"key_pattern": "R:R"
		,"key_stddev": 0.000000
		,"key_median": 0.000000
		,"reconnect_interval": 0
		,"multi_key_get": 1
		,"authenticate": ""
		,"select-db": 0
		,"no-expiry": "false"
		,"wait-ratio": "0:0"
		,"num-slaves": "0:0"
		,"wait-timeout": "0-0"
		}
	,"run information":{
		"Threads": 1
		,"Connections per thread": 2
		,"Seconds": 60
		}
	,"ALL STATS":{
		"Sets":{
			"Ops/sec": 412.52
			,"Hits/sec": 0.00
			,"Misses/sec": 0.00
			,"Latency": 2.77
			,"KB/sec": 1665.97
			}
		,"Gets":{
			"Ops/sec": 412.51
			,"Hits/sec": 412.51
			,"Misses/sec": 0.00
			,"Latency": 2.06
			,"KB/sec": 1670.08
			}
		,"Waits":{
			"Ops/sec": 0.00
			,"Hits/sec": 0.00
			,"Misses/sec": 0.00
			,"Latency": 0.00
			,"KB/sec": 0.00
			}
		,"Totals":{
			"Ops/sec": 825.03
			,"Hits/sec": 412.51
			,"Misses/sec": 0.00
			,"Latency": 2.42
			,"KB/sec": 3336.05
			}
		,"SET":[
			{
				"<=msec": 1.100
				,"percent": 0.00
				}
			,{
				"<=msec": 1.200
				,"percent": 0.03
				}
			,{
				"<=msec": 1.300
				,"percent": 0.55
				}
			,{
				"<=msec": 1.400
				,"percent": 2.58
				}
			,{
				"<=msec": 1.500
				,"percent": 7.24
				}
			,{
				"<=msec": 1.600
				,"percent": 14.38
				}
			,{
				"<=msec": 1.700
				,"percent": 23.62
				}
			,{
				"<=msec": 1.800
				,"percent": 32.56
				}
			,{
				"<=msec": 1.900
				,"percent": 41.08
				}
			,{
				"<=msec": 2.000
				,"percent": 48.24
				}
			,{
				"<=msec": 2.100
				,"percent": 54.26
				}
			,{
				"<=msec": 2.200
				,"percent": 59.15
				}
			,{
				"<=msec": 2.300
				,"percent": 62.91
				}
			,{
				"<=msec": 2.400
				,"percent": 66.31
				}
			,{
				"<=msec": 2.500
				,"percent": 69.20
				}
			,{
				"<=msec": 2.600
				,"percent": 71.38
				}
			,{
				"<=msec": 2.700
				,"percent": 73.42
				}
			,{
				"<=msec": 2.800
				,"percent": 75.10
				}
			,{
				"<=msec": 2.900
				,"percent": 76.48
				}
			,{
				"<=msec": 3.000
				,"percent": 77.78
				}
			,{
				"<=msec": 3.100
				,"percent": 78.94
				}
			,{
				"<=msec": 3.200
				,"percent": 79.86
				}
			,{
				"<=msec": 3.300
				,"percent": 80.74
				}
			,{
				"<=msec": 3.400
				,"percent": 81.48
				}
			,{
				"<=msec": 3.500
				,"percent": 82.16
				}
			,{
				"<=msec": 3.600
				,"percent": 82.91
				}
			,{
				"<=msec": 3.700
				,"percent": 83.58
				}
			,{
				"<=msec": 3.800
				,"percent": 84.31
				}
			,{
				"<=msec": 3.900
				,"percent": 84.88
				}
			,{
				"<=msec": 4.000
				,"percent": 85.35
				}
			,{
				"<=msec": 4.100
				,"percent": 85.89
				}
			,{
				"<=msec": 4.200
				,"percent": 86.30
				}
			,{
				"<=msec": 4.300
				,"percent": 86.78
				}
			,{
				"<=msec": 4.400
				,"percent": 87.21
				}
			,{
				"<=msec": 4.500
				,"percent": 87.61
				}
			,{
				"<=msec": 4.600
				,"percent": 88.01
				}
			,{
				"<=msec": 4.700
				,"percent": 88.33
				}
			,{
				"<=msec": 4.800
				,"percent": 88.70
				}
			,{
				"<=msec": 4.900
				,"percent": 89.05
				}
			,{
				"<=msec": 5.000
				,"percent": 89.42
				}
			,{
				"<=msec": 5.100
				,"percent": 89.77
				}
			,{
				"<=msec": 5.200
				,"percent": 90.08
				}
			,{
				"<=msec": 5.300
				,"percent": 90.33
				}
			,{
				"<=msec": 5.400
				,"percent": 90.68
				}
			,{
				"<=msec": 5.500
				,"percent": 90.95
				}
			,{
				"<=msec": 5.600
				,"percent": 91.25
				}
			,{
				"<=msec": 5.700
				,"percent": 91.50
				}
			,{
				"<=msec": 5.800
				,"percent": 91.79
				}
			,{
				"<=msec": 5.900
				,"percent": 92.08
				}
			,{
				"<=msec": 6.000
				,"percent": 92.36
				}
			,{
				"<=msec": 6.100
				,"percent": 92.67
				}
			,{
				"<=msec": 6.200
				,"percent": 92.96
				}
			,{
				"<=msec": 6.300
				,"percent": 93.22
				}
			,{
				"<=msec": 6.400
				,"percent": 93.49
				}
			,{
				"<=msec": 6.500
				,"percent": 93.77
				}
			,{
				"<=msec": 6.600
				,"percent": 94.04
				}
			,{
				"<=msec": 6.700
				,"percent": 94.38
				}
			,{
				"<=msec": 6.800
				,"percent": 94.73
				}
			,{
				"<=msec": 6.900
				,"percent": 94.99
				}
			,{
				"<=msec": 7.000
				,"percent": 95.28
				}
			,{
				"<=msec": 7.100
				,"percent": 95.53
				}
			,{
				"<=msec": 7.200
				,"percent": 95.82
				}
			,{
				"<=msec": 7.300
				,"percent": 96.08
				}
			,{
				"<=msec": 7.400
				,"percent": 96.32
				}
			,{
				"<=msec": 7.500
				,"percent": 96.60
				}
			,{
				"<=msec": 7.600
				,"percent": 96.90
				}
			,{
				"<=msec": 7.700
				,"percent": 97.22
				}
			,{
				"<=msec": 7.800
				,"percent": 97.43
				}
			,{
				"<=msec": 7.900
				,"percent": 97.63
				}
			,{
				"<=msec": 8.000
				,"percent": 97.77
				}
			,{
				"<=msec": 8.100
				,"percent": 97.90
				}
			,{
				"<=msec": 8.200
				,"percent": 98.00
				}
			,{
				"<=msec": 8.300
				,"percent": 98.09
				}
			,{
				"<=msec": 8.400
				,"percent": 98.19
				}
			,{
				"<=msec": 8.500
				,"percent": 98.26
				}
			,{
				"<=msec": 8.600
				,"percent": 98.33
				}
			,{
				"<=msec": 8.700
				,"percent": 98.41
				}
			,{
				"<=msec": 8.800
				,"percent": 98.46
				}
			,{
				"<=msec": 8.900
				,"percent": 98.52
				}
			,{
				"<=msec": 9.000
				,"percent": 98.59
				}
			,{
				"<=msec": 9.100
				,"percent": 98.67
				}
			,{
				"<=msec": 9.200
				,"percent": 98.72
				}
			,{
				"<=msec": 9.300
				,"percent": 98.77
				}
			,{
				"<=msec": 9.400
				,"percent": 98.82
				}
			,{
				"<=msec": 9.500
				,"percent": 98.88
				}
			,{
				"<=msec": 9.600
				,"percent": 98.93
				}
			,{
				"<=msec": 9.700
				,"percent": 98.98
				}
			,{
				"<=msec": 9.800
				,"percent": 99.04
				}
			,{
				"<=msec": 9.900
				,"percent": 99.12
				}
			,{
				"<=msec": 10.000
				,"percent": 99.33
				}
			,{
				"<=msec": 11.000
				,"percent": 99.59
				}
			,{
				"<=msec": 12.000
				,"percent": 99.74
				}
			,{
				"<=msec": 13.000
				,"percent": 99.83
				}
			,{
				"<=msec": 14.000
				,"percent": 99.86
				}
			,{
				"<=msec": 15.000
				,"percent": 99.87
				}
			,{
				"<=msec": 16.000
				,"percent": 99.91
				}
			,{
				"<=msec": 17.000
				,"percent": 99.93
				}
			,{
				"<=msec": 18.000
				,"percent": 99.94
				}
			,{
				"<=msec": 19.000
				,"percent": 99.95
				}
			,{
				"<=msec": 20.000
				,"percent": 99.96
				}
			,{
				"<=msec": 22.000
				,"percent": 99.97
				}
			,{
				"<=msec": 23.000
				,"percent": 99.97
				}
			,{
				"<=msec": 24.000
				,"percent": 99.98
				}
			,{
				"<=msec": 26.000
				,"percent": 99.98
				}
			,{
				"<=msec": 30.000
				,"percent": 99.99
				}
			,{
				"<=msec": 31.000
				,"percent": 99.99
				}
			,{
				"<=msec": 40.000
				,"percent": 100.00
				}
			]
		,"GET":[
			{
				"<=msec": 1.100
				,"percent": 0.42
				}
			,{
				"<=msec": 1.200
				,"percent": 3.14
				}
			,{
				"<=msec": 1.300
				,"percent": 10.55
				}
			,{
				"<=msec": 1.400
				,"percent": 22.10
				}
			,{
				"<=msec": 1.500
				,"percent": 34.82
				}
			,{
				"<=msec": 1.600
				,"percent": 46.31
				}
			,{
				"<=msec": 1.700
				,"percent": 56.15
				}
			,{
				"<=msec": 1.800
				,"percent": 64.08
				}
			,{
				"<=msec": 1.900
				,"percent": 70.21
				}
			,{
				"<=msec": 2.000
				,"percent": 74.89
				}
			,{
				"<=msec": 2.100
				,"percent": 78.38
				}
			,{
				"<=msec": 2.200
				,"percent": 81.12
				}
			,{
				"<=msec": 2.300
				,"percent": 83.37
				}
			,{
				"<=msec": 2.400
				,"percent": 85.16
				}
			,{
				"<=msec": 2.500
				,"percent": 86.50
				}
			,{
				"<=msec": 2.600
				,"percent": 87.57
				}
			,{
				"<=msec": 2.700
				,"percent": 88.47
				}
			,{
				"<=msec": 2.800
				,"percent": 89.32
				}
			,{
				"<=msec": 2.900
				,"percent": 90.05
				}
			,{
				"<=msec": 3.000
				,"percent": 90.68
				}
			,{
				"<=msec": 3.100
				,"percent": 91.29
				}
			,{
				"<=msec": 3.200
				,"percent": 91.72
				}
			,{
				"<=msec": 3.300
				,"percent": 92.15
				}
			,{
				"<=msec": 3.400
				,"percent": 92.53
				}
			,{
				"<=msec": 3.500
				,"percent": 92.88
				}
			,{
				"<=msec": 3.600
				,"percent": 93.22
				}
			,{
				"<=msec": 3.700
				,"percent": 93.54
				}
			,{
				"<=msec": 3.800
				,"percent": 93.79
				}
			,{
				"<=msec": 3.900
				,"percent": 94.03
				}
			,{
				"<=msec": 4.000
				,"percent": 94.26
				}
			,{
				"<=msec": 4.100
				,"percent": 94.49
				}
			,{
				"<=msec": 4.200
				,"percent": 94.65
				}
			,{
				"<=msec": 4.300
				,"percent": 94.83
				}
			,{
				"<=msec": 4.400
				,"percent": 95.04
				}
			,{
				"<=msec": 4.500
				,"percent": 95.20
				}
			,{
				"<=msec": 4.600
				,"percent": 95.33
				}
			,{
				"<=msec": 4.700
				,"percent": 95.47
				}
			,{
				"<=msec": 4.800
				,"percent": 95.63
				}
			,{
				"<=msec": 4.900
				,"percent": 95.73
				}
			,{
				"<=msec": 5.000
				,"percent": 95.83
				}
			,{
				"<=msec": 5.100
				,"percent": 95.93
				}
			,{
				"<=msec": 5.200
				,"percent": 96.04
				}
			,{
				"<=msec": 5.300
				,"percent": 96.19
				}
			,{
				"<=msec": 5.400
				,"percent": 96.34
				}
			,{
				"<=msec": 5.500
				,"percent": 96.46
				}
			,{
				"<=msec": 5.600
				,"percent": 96.62
				}
			,{
				"<=msec": 5.700
				,"percent": 96.74
				}
			,{
				"<=msec": 5.800
				,"percent": 96.84
				}
			,{
				"<=msec": 5.900
				,"percent": 97.03
				}
			,{
				"<=msec": 6.000
				,"percent": 97.22
				}
			,{
				"<=msec": 6.100
				,"percent": 97.38
				}
			,{
				"<=msec": 6.200
				,"percent": 97.50
				}
			,{
				"<=msec": 6.300
				,"percent": 97.63
				}
			,{
				"<=msec": 6.400
				,"percent": 97.77
				}
			,{
				"<=msec": 6.500
				,"percent": 97.93
				}
			,{
				"<=msec": 6.600
				,"percent": 98.08
				}
			,{
				"<=msec": 6.700
				,"percent": 98.21
				}
			,{
				"<=msec": 6.800
				,"percent": 98.36
				}
			,{
				"<=msec": 6.900
				,"percent": 98.44
				}
			,{
				"<=msec": 7.000
				,"percent": 98.56
				}
			,{
				"<=msec": 7.100
				,"percent": 98.67
				}
			,{
				"<=msec": 7.200
				,"percent": 98.75
				}
			,{
				"<=msec": 7.300
				,"percent": 98.85
				}
			,{
				"<=msec": 7.400
				,"percent": 98.94
				}
			,{
				"<=msec": 7.500
				,"percent": 99.04
				}
			,{
				"<=msec": 7.600
				,"percent": 99.09
				}
			,{
				"<=msec": 7.700
				,"percent": 99.16
				}
			,{
				"<=msec": 7.800
				,"percent": 99.22
				}
			,{
				"<=msec": 7.900
				,"percent": 99.26
				}
			,{
				"<=msec": 8.000
				,"percent": 99.30
				}
			,{
				"<=msec": 8.100
				,"percent": 99.32
				}
			,{
				"<=msec": 8.200
				,"percent": 99.34
				}
			,{
				"<=msec": 8.300
				,"percent": 99.37
				}
			,{
				"<=msec": 8.400
				,"percent": 99.40
				}
			,{
				"<=msec": 8.500
				,"percent": 99.43
				}
			,{
				"<=msec": 8.600
				,"percent": 99.46
				}
			,{
				"<=msec": 8.700
				,"percent": 99.48
				}
			,{
				"<=msec": 8.800
				,"percent": 99.49
				}
			,{
				"<=msec": 8.900
				,"percent": 99.52
				}
			,{
				"<=msec": 9.000
				,"percent": 99.55
				}
			,{
				"<=msec": 9.100
				,"percent": 99.57
				}
			,{
				"<=msec": 9.200
				,"percent": 99.59
				}
			,{
				"<=msec": 9.300
				,"percent": 99.62
				}
			,{
				"<=msec": 9.400
				,"percent": 99.64
				}
			,{
				"<=msec": 9.500
				,"percent": 99.64
				}
			,{
				"<=msec": 9.600
				,"percent": 99.65
				}
			,{
				"<=msec": 9.700
				,"percent": 99.66
				}
			,{
				"<=msec": 9.800
				,"percent": 99.67
				}
			,{
				"<=msec": 9.900
				,"percent": 99.69
				}
			,{
				"<=msec": 10.000
				,"percent": 99.78
				}
			,{
				"<=msec": 11.000
				,"percent": 99.84
				}
			,{
				"<=msec": 12.000
				,"percent": 99.89
				}
			,{
				"<=msec": 13.000
				,"percent": 99.92
				}
			,{
				"<=msec": 14.000
				,"percent": 99.94
				}
			,{
				"<=msec": 15.000
				,"percent": 99.95
				}
			,{
				"<=msec": 16.000
				,"percent": 99.97
				}
			,{
				"<=msec": 17.000
				,"percent": 99.98
				}
			,{
				"<=msec": 18.000
				,"percent": 99.98
				}
			,{
				"<=msec": 19.000
				,"percent": 99.99
				}
			,{
				"<=msec": 23.000
				,"percent": 99.99
				}
			,{
				"<=msec": 24.000
				,"percent": 100.00
				}
			,{
				"<=msec": 25.000
				,"percent": 100.00
				}
			]
		,"WAIT":[
		]
		}
	}
