{
	"configuration":{
		"server": "10.0.0.4"
		,"port": 11212
		,"unix socket": "(null)"
		,"protocol": "memcache_text"
		,"out_file": "(null)"
		,"client_stats": "(null)"
		,"run_count": 1
		,"debug": 0
		,"requests": 0
		,"clients": 2
		,"threads": 1
		,"test_time": 60
		,"ratio": "1:3"
		,"pipeline": 1
		,"data_size": 4096
		,"data_offset": 0
		,"random_data": "false"
		,"data_size_range": "0:0"
		,"data_size_list": ""
		,"data_size_pattern": "R"
		,"expiry_range": "9999:10000"
		,"data_import": "(null)"
		,"data_verify": "false"
		,"verify_only": "false"
		,"generate_keys": "false"
		,"key_prefix": "memtier-"
		,"key_minimum":           0
		,"key_maximum":        1000
		,"key_pattern": "R:R"
		,"key_stddev": 0.000000
		,"key_median": 0.000000
		,"reconnect_interval": 0
		,"multi_key_get": 3
		,"authenticate": ""
		,"select-db": 0
		,"no-expiry": "false"
		,"wait-ratio": "0:0"
		,"num-slaves": "0:0"
		,"wait-timeout": "0-0"
		}
	,"run information":{
		"Threads": 1
		,"Connections per thread": 2
		,"Seconds": 60
		}
	,"ALL STATS":{
		"Sets":{
			"Ops/sec": 356.91
			,"Hits/sec": 0.00
			,"Misses/sec": 0.00
			,"Latency": 2.76
			,"KB/sec": 1441.38
			}
		,"Gets":{
			"Ops/sec": 356.90
			,"Hits/sec": 1070.69
			,"Misses/sec": 0.00
			,"Latency": 2.82
			,"KB/sec": 4327.82
			}
		,"Waits":{
			"Ops/sec": 0.00
			,"Hits/sec": 0.00
			,"Misses/sec": 0.00
			,"Latency": 0.00
			,"KB/sec": 0.00
			}
		,"Totals":{
			"Ops/sec": 713.81
			,"Hits/sec": 1070.69
			,"Misses/sec": 0.00
			,"Latency": 2.79
			,"KB/sec": 5769.19
			}
		,"SET":[
			{
				"<=msec": 1.100
				,"percent": 0.00
				}
			,{
				"<=msec": 1.200
				,"percent": 0.07
				}
			,{
				"<=msec": 1.300
				,"percent": 0.51
				}
			,{
				"<=msec": 1.400
				,"percent": 2.56
				}
			,{
				"<=msec": 1.500
				,"percent": 7.04
				}
			,{
				"<=msec": 1.600
				,"percent": 13.17
				}
			,{
				"<=msec": 1.700
				,"percent": 21.22
				}
			,{
				"<=msec": 1.800
				,"percent": 29.93
				}
			,{
				"<=msec": 1.900
				,"percent": 38.18
				}
			,{
				"<=msec": 2.000
				,"percent": 45.86
				}
			,{
				"<=msec": 2.100
				,"percent": 52.30
				}
			,{
				"<=msec": 2.200
				,"percent": 57.75
				}
			,{
				"<=msec": 2.300
				,"percent": 62.32
				}
			,{
				"<=msec": 2.400
				,"percent": 66.11
				}
			,{
				"<=msec": 2.500
				,"percent": 69.40
				}
			,{
				"<=msec": 2.600
				,"percent": 72.03
				}
			,{
				"<=msec": 2.700
				,"percent": 74.30
				}
			,{
				"<=msec": 2.800
				,"percent": 76.29
				}
			,{
				"<=msec": 2.900
				,"percent": 77.87
				}
			,{
				"<=msec": 3.000
				,"percent": 79.13
				}
			,{
				"<=msec": 3.100
				,"percent": 80.22
				}
			,{
				"<=msec": 3.200
				,"percent": 81.26
				}
			,{
				"<=msec": 3.300
				,"percent": 82.21
				}
			,{
				"<=msec": 3.400
				,"percent": 83.01
				}
			,{
				"<=msec": 3.500
				,"percent": 83.81
				}
			,{
				"<=msec": 3.600
				,"percent": 84.56
				}
			,{
				"<=msec": 3.700
				,"percent": 85.18
				}
			,{
				"<=msec": 3.800
				,"percent": 85.73
				}
			,{
				"<=msec": 3.900
				,"percent": 86.17
				}
			,{
				"<=msec": 4.000
				,"percent": 86.58
				}
			,{
				"<=msec": 4.100
				,"percent": 87.01
				}
			,{
				"<=msec": 4.200
				,"percent": 87.37
				}
			,{
				"<=msec": 4.300
				,"percent": 87.73
				}
			,{
				"<=msec": 4.400
				,"percent": 88.04
				}
			,{
				"<=msec": 4.500
				,"percent": 88.36
				}
			,{
				"<=msec": 4.600
				,"percent": 88.70
				}
			,{
				"<=msec": 4.700
				,"percent": 89.06
				}
			,{
				"<=msec": 4.800
				,"percent": 89.41
				}
			,{
				"<=msec": 4.900
				,"percent": 89.61
				}
			,{
				"<=msec": 5.000
				,"percent": 89.87
				}
			,{
				"<=msec": 5.100
				,"percent": 90.17
				}
			,{
				"<=msec": 5.200
				,"percent": 90.38
				}
			,{
				"<=msec": 5.300
				,"percent": 90.61
				}
			,{
				"<=msec": 5.400
				,"percent": 90.79
				}
			,{
				"<=msec": 5.500
				,"percent": 91.02
				}
			,{
				"<=msec": 5.600
				,"percent": 91.28
				}
			,{
				"<=msec": 5.700
				,"percent": 91.48
				}
			,{
				"<=msec": 5.800
				,"percent": 91.68
				}
			,{
				"<=msec": 5.900
				,"percent": 91.95
				}
			,{
				"<=msec": 6.000
				,"percent": 92.25
				}
			,{
				"<=msec": 6.100
				,"percent": 92.54
				}
			,{
				"<=msec": 6.200
				,"percent": 92.89
				}
			,{
				"<=msec": 6.300
				,"percent": 93.15
				}
			,{
				"<=msec": 6.400
				,"percent": 93.42
				}
			,{
				"<=msec": 6.500
				,"percent": 93.71
				}
			,{
				"<=msec": 6.600
				,"percent": 93.97
				}
			,{
				"<=msec": 6.700
				,"percent": 94.31
				}
			,{
				"<=msec": 6.800
				,"percent": 94.53
				}
			,{
				"<=msec": 6.900
				,"percent": 94.84
				}
			,{
				"<=msec": 7.000
				,"percent": 95.12
				}
			,{
				"<=msec": 7.100
				,"percent": 95.46
				}
			,{
				"<=msec": 7.200
				,"percent": 95.72
				}
			,{
				"<=msec": 7.300
				,"percent": 96.05
				}
			,{
				"<=msec": 7.400
				,"percent": 96.36
				}
			,{
				"<=msec": 7.500
				,"percent": 96.63
				}
			,{
				"<=msec": 7.600
				,"percent": 96.84
				}
			,{
				"<=msec": 7.700
				,"percent": 97.09
				}
			,{
				"<=msec": 7.800
				,"percent": 97.33
				}
			,{
				"<=msec": 7.900
				,"percent": 97.49
				}
			,{
				"<=msec": 8.000
				,"percent": 97.65
				}
			,{
				"<=msec": 8.100
				,"percent": 97.81
				}
			,{
				"<=msec": 8.200
				,"percent": 97.90
				}
			,{
				"<=msec": 8.300
				,"percent": 98.04
				}
			,{
				"<=msec": 8.400
				,"percent": 98.15
				}
			,{
				"<=msec": 8.500
				,"percent": 98.23
				}
			,{
				"<=msec": 8.600
				,"percent": 98.30
				}
			,{
				"<=msec": 8.700
				,"percent": 98.38
				}
			,{
				"<=msec": 8.800
				,"percent": 98.46
				}
			,{
				"<=msec": 8.900
				,"percent": 98.51
				}
			,{
				"<=msec": 9.000
				,"percent": 98.57
				}
			,{
				"<=msec": 9.100
				,"percent": 98.64
				}
			,{
				"<=msec": 9.200
				,"percent": 98.68
				}
			,{
				"<=msec": 9.300
				,"percent": 98.73
				}
			,{
				"<=msec": 9.400
				,"percent": 98.79
				}
			,{
				"<=msec": 9.500
				,"percent": 98.84
				}
			,{
				"<=msec": 9.600
				,"percent": 98.90
				}
			,{
				"<=msec": 9.700
				,"percent": 98.94
				}
			,{
				"<=msec": 9.800
				,"percent": 98.98
				}
			,{
				"<=msec": 9.900
				,"percent": 99.02
				}
			,{
				"<=msec": 10.000
				,"percent": 99.29
				}
			,{
				"<=msec": 11.000
				,"percent": 99.60
				}
			,{
				"<=msec": 12.000
				,"percent": 99.75
				}
			,{
				"<=msec": 13.000
				,"percent": 99.81
				}
			,{
				"<=msec": 14.000
				,"percent": 99.86
				}
			,{
				"<=msec": 15.000
				,"percent": 99.89
				}
			,{
				"<=msec": 16.000
				,"percent": 99.93
				}
			,{
				"<=msec": 17.000
				,"percent": 99.94
				}
			,{
				"<=msec": 18.000
				,"percent": 99.96
				}
			,{
				"<=msec": 19.000
				,"percent": 99.97
				}
			,{
				"<=msec": 22.000
				,"percent": 99.97
				}
			,{
				"<=msec": 23.000
				,"percent": 99.98
				}
			,{
				"<=msec": 24.000
				,"percent": 99.99
				}
			,{
				"<=msec": 25.000
				,"percent": 99.99
				}
			,{
				"<=msec": 28.000
				,"percent": 100.00
				}
			,{
				"<=msec": 31.000
				,"percent": 100.00
				}
			]
		,"GET":[
			{
				"<=msec": 1.300
				,"percent": 0.12
				}
			,{
				"<=msec": 1.400
				,"percent": 0.86
				}
			,{
				"<=msec": 1.500
				,"percent": 3.25
				}
			,{
				"<=msec": 1.600
				,"percent": 7.93
				}
			,{
				"<=msec": 1.700
				,"percent": 15.21
				}
			,{
				"<=msec": 1.800
				,"percent": 23.29
				}
			,{
				"<=msec": 1.900
				,"percent": 32.09
				}
			,{
				"<=msec": 2.000
				,"percent": 40.31
				}
			,{
				"<=msec": 2.100
				,"percent": 47.38
				}
			,{
				"<=msec": 2.200
				,"percent": 54.19
				}
			,{
				"<=msec": 2.300
				,"percent": 60.00
				}
			,{
				"<=msec": 2.400
				,"percent": 64.50
				}
			,{
				"<=msec": 2.500
				,"percent": 68.27
				}
			,{
				"<=msec": 2.600
				,"percent": 71.11
				}
			,{
				"<=msec": 2.700
				,"percent": 73.55
				}
			,{
				"<=msec": 2.800
				,"percent": 75.67
				}
			,{
				"<=msec": 2.900
				,"percent": 77.31
				}
			,{
				"<=msec": 3.000
				,"percent": 78.84
				}
			,{
				"<=msec": 3.100
				,"percent": 80.12
				}
			,{
				"<=msec": 3.200
				,"percent": 81.20
				}
			,{
				"<=msec": 3.300
				,"percent": 82.13
				}
			,{
				"<=msec": 3.400
				,"percent": 83.09
				}
			,{
				"<=msec": 3.500
				,"percent": 84.06
				}
			,{
				"<=msec": 3.600
				,"percent": 84.73
				}
			,{
				"<=msec": 3.700
				,"percent": 85.38
				}
			,{
				"<=msec": 3.800
				,"percent": 85.97
				}
			,{
				"<=msec": 3.900
				,"percent": 86.50
				}
			,{
				"<=msec": 4.000
				,"percent": 87.00
				}
			,{
				"<=msec": 4.100
				,"percent": 87.42
				}
			,{
				"<=msec": 4.200
				,"percent": 87.80
				}
			,{
				"<=msec": 4.300
				,"percent": 88.17
				}
			,{
				"<=msec": 4.400
				,"percent": 88.49
				}
			,{
				"<=msec": 4.500
				,"percent": 88.86
				}
			,{
				"<=msec": 4.600
				,"percent": 89.16
				}
			,{
				"<=msec": 4.700
				,"percent": 89.36
				}
			,{
				"<=msec": 4.800
				,"percent": 89.58
				}
			,{
				"<=msec": 4.900
				,"percent": 89.85
				}
			,{
				"<=msec": 5.000
				,"percent": 90.05
				}
			,{
				"<=msec": 5.100
				,"percent": 90.35
				}
			,{
				"<=msec": 5.200
				,"percent": 90.60
				}
			,{
				"<=msec": 5.300
				,"percent": 90.81
				}
			,{
				"<=msec": 5.400
				,"percent": 91.01
				}
			,{
				"<=msec": 5.500
				,"percent": 91.23
				}
			,{
				"<=msec": 5.600
				,"percent": 91.48
				}
			,{
				"<=msec": 5.700
				,"percent": 91.68
				}
			,{
				"<=msec": 5.800
				,"percent": 91.89
				}
			,{
				"<=msec": 5.900
				,"percent": 92.09
				}
			,{
				"<=msec": 6.000
				,"percent": 92.29
				}
			,{
				"<=msec": 6.100
				,"percent": 92.58
				}
			,{
				"<=msec": 6.200
				,"percent": 92.92
				}
			,{
				"<=msec": 6.300
				,"percent": 93.18
				}
			,{
				"<=msec": 6.400
				,"percent": 93.48
				}
			,{
				"<=msec": 6.500
				,"percent": 93.76
				}
			,{
				"<=msec": 6.600
				,"percent": 94.05
				}
			,{
				"<=msec": 6.700
				,"percent": 94.34
				}
			,{
				"<=msec": 6.800
				,"percent": 94.59
				}
			,{
				"<=msec": 6.900
				,"percent": 94.85
				}
			,{
				"<=msec": 7.000
				,"percent": 95.10
				}
			,{
				"<=msec": 7.100
				,"percent": 95.35
				}
			,{
				"<=msec": 7.200
				,"percent": 95.59
				}
			,{
				"<=msec": 7.300
				,"percent": 95.83
				}
			,{
				"<=msec": 7.400
				,"percent": 96.03
				}
			,{
				"<=msec": 7.500
				,"percent": 96.30
				}
			,{
				"<=msec": 7.600
				,"percent": 96.55
				}
			,{
				"<=msec": 7.700
				,"percent": 96.81
				}
			,{
				"<=msec": 7.800
				,"percent": 97.04
				}
			,{
				"<=msec": 7.900
				,"percent": 97.24
				}
			,{
				"<=msec": 8.000
				,"percent": 97.48
				}
			,{
				"<=msec": 8.100
				,"percent": 97.61
				}
			,{
				"<=msec": 8.200
				,"percent": 97.74
				}
			,{
				"<=msec": 8.300
				,"percent": 97.82
				}
			,{
				"<=msec": 8.400
				,"percent": 97.90
				}
			,{
				"<=msec": 8.500
				,"percent": 98.01
				}
			,{
				"<=msec": 8.600
				,"percent": 98.13
				}
			,{
				"<=msec": 8.700
				,"percent": 98.18
				}
			,{
				"<=msec": 8.800
				,"percent": 98.24
				}
			,{
				"<=msec": 8.900
				,"percent": 98.29
				}
			,{
				"<=msec": 9.000
				,"percent": 98.38
				}
			,{
				"<=msec": 9.100
				,"percent": 98.44
				}
			,{
				"<=msec": 9.200
				,"percent": 98.50
				}
			,{
				"<=msec": 9.300
				,"percent": 98.58
				}
			,{
				"<=msec": 9.400
				,"percent": 98.66
				}
			,{
				"<=msec": 9.500
				,"percent": 98.71
				}
			,{
				"<=msec": 9.600
				,"percent": 98.78
				}
			,{
				"<=msec": 9.700
				,"percent": 98.84
				}
			,{
				"<=msec": 9.800
				,"percent": 98.89
				}
			,{
				"<=msec": 9.900
				,"percent": 98.95
				}
			,{
				"<=msec": 10.000
				,"percent": 99.22
				}
			,{
				"<=msec": 11.000
				,"percent": 99.51
				}
			,{
				"<=msec": 12.000
				,"percent": 99.65
				}
			,{
				"<=msec": 13.000
				,"percent": 99.74
				}
			,{
				"<=msec": 14.000
				,"percent": 99.78
				}
			,{
				"<=msec": 15.000
				,"percent": 99.85
				}
			,{
				"<=msec": 16.000
				,"percent": 99.86
				}
			,{
				"<=msec": 17.000
				,"percent": 99.88
				}
			,{
				"<=msec": 18.000
				,"percent": 99.91
				}
			,{
				"<=msec": 19.000
				,"percent": 99.93
				}
			,{
				"<=msec": 20.000
				,"percent": 99.93
				}
			,{
				"<=msec": 21.000
				,"percent": 99.95
				}
			,{
				"<=msec": 23.000
				,"percent": 99.95
				}
			,{
				"<=msec": 24.000
				,"percent": 99.96
				}
			,{
				"<=msec": 25.000
				,"percent": 99.97
				}
			,{
				"<=msec": 26.000
				,"percent": 99.97
				}
			,{
				"<=msec": 27.000
				,"percent": 99.98
				}
			,{
				"<=msec": 28.000
				,"percent": 100.00
				}
			,{
				"<=msec": 31.000
				,"percent": 100.00
				}
			]
		,"WAIT":[
		]
		}
	}
