{
	"configuration":{
		"server": "10.0.0.4"
		,"port": 11212
		,"unix socket": "(null)"
		,"protocol": "memcache_text"
		,"out_file": "(null)"
		,"client_stats": "(null)"
		,"run_count": 1
		,"debug": 0
		,"requests": 0
		,"clients": 32
		,"threads": 1
		,"test_time": 60
		,"ratio": "0:1"
		,"pipeline": 1
		,"data_size": 4096
		,"data_offset": 0
		,"random_data": "false"
		,"data_size_range": "0:0"
		,"data_size_list": ""
		,"data_size_pattern": "R"
		,"expiry_range": "9999:10000"
		,"data_import": "(null)"
		,"data_verify": "false"
		,"verify_only": "false"
		,"generate_keys": "false"
		,"key_prefix": "memtier-"
		,"key_minimum":           0
		,"key_maximum":        1000
		,"key_pattern": "R:R"
		,"key_stddev": 0.000000
		,"key_median": 0.000000
		,"reconnect_interval": 0
		,"multi_key_get": 0
		,"authenticate": ""
		,"select-db": 0
		,"no-expiry": "false"
		,"wait-ratio": "0:0"
		,"num-slaves": "0:0"
		,"wait-timeout": "0-0"
		}
	,"run information":{
		"Threads": 1
		,"Connections per thread": 32
		,"Seconds": 60
		}
	,"ALL STATS":{
		"Sets":{
			"Ops/sec": 0.00
			,"Hits/sec": 0.00
			,"Misses/sec": 0.00
			,"Latency": 0.00
			,"KB/sec": 0.00
			}
		,"Gets":{
			"Ops/sec": 1622.00
			,"Hits/sec": 1599.34
			,"Misses/sec": 22.66
			,"Latency": 19.72
			,"KB/sec": 6475.56
			}
		,"Waits":{
			"Ops/sec": 0.00
			,"Hits/sec": 0.00
			,"Misses/sec": 0.00
			,"Latency": 0.00
			,"KB/sec": 0.00
			}
		,"Totals":{
			"Ops/sec": 1622.00
			,"Hits/sec": 1599.34
			,"Misses/sec": 22.66
			,"Latency": 19.72
			,"KB/sec": 6475.56
			}
		,"SET":[
		]
		,"GET":[
			{
				"<=msec": 2.100
				,"percent": 0.00
				}
			,{
				"<=msec": 3.400
				,"percent": 0.00
				}
			,{
				"<=msec": 3.500
				,"percent": 0.01
				}
			,{
				"<=msec": 3.600
				,"percent": 0.01
				}
			,{
				"<=msec": 3.700
				,"percent": 0.01
				}
			,{
				"<=msec": 3.800
				,"percent": 0.01
				}
			,{
				"<=msec": 4.000
				,"percent": 0.01
				}
			,{
				"<=msec": 4.100
				,"percent": 0.02
				}
			,{
				"<=msec": 4.400
				,"percent": 0.02
				}
			,{
				"<=msec": 4.500
				,"percent": 0.02
				}
			,{
				"<=msec": 4.700
				,"percent": 0.02
				}
			,{
				"<=msec": 4.800
				,"percent": 0.03
				}
			,{
				"<=msec": 5.000
				,"percent": 0.03
				}
			,{
				"<=msec": 5.100
				,"percent": 0.04
				}
			,{
				"<=msec": 5.200
				,"percent": 0.04
				}
			,{
				"<=msec": 5.300
				,"percent": 0.05
				}
			,{
				"<=msec": 5.400
				,"percent": 0.06
				}
			,{
				"<=msec": 5.500
				,"percent": 0.08
				}
			,{
				"<=msec": 5.600
				,"percent": 0.10
				}
			,{
				"<=msec": 5.700
				,"percent": 0.12
				}
			,{
				"<=msec": 5.800
				,"percent": 0.13
				}
			,{
				"<=msec": 5.900
				,"percent": 0.16
				}
			,{
				"<=msec": 6.000
				,"percent": 0.20
				}
			,{
				"<=msec": 6.100
				,"percent": 0.25
				}
			,{
				"<=msec": 6.200
				,"percent": 0.32
				}
			,{
				"<=msec": 6.300
				,"percent": 0.40
				}
			,{
				"<=msec": 6.400
				,"percent": 0.48
				}
			,{
				"<=msec": 6.500
				,"percent": 0.59
				}
			,{
				"<=msec": 6.600
				,"percent": 0.72
				}
			,{
				"<=msec": 6.700
				,"percent": 0.88
				}
			,{
				"<=msec": 6.800
				,"percent": 1.04
				}
			,{
				"<=msec": 6.900
				,"percent": 1.24
				}
			,{
				"<=msec": 7.000
				,"percent": 1.43
				}
			,{
				"<=msec": 7.100
				,"percent": 1.65
				}
			,{
				"<=msec": 7.200
				,"percent": 1.86
				}
			,{
				"<=msec": 7.300
				,"percent": 2.08
				}
			,{
				"<=msec": 7.400
				,"percent": 2.31
				}
			,{
				"<=msec": 7.500
				,"percent": 2.49
				}
			,{
				"<=msec": 7.600
				,"percent": 2.69
				}
			,{
				"<=msec": 7.700
				,"percent": 2.90
				}
			,{
				"<=msec": 7.800
				,"percent": 3.08
				}
			,{
				"<=msec": 7.900
				,"percent": 3.26
				}
			,{
				"<=msec": 8.000
				,"percent": 3.46
				}
			,{
				"<=msec": 8.100
				,"percent": 3.62
				}
			,{
				"<=msec": 8.200
				,"percent": 3.76
				}
			,{
				"<=msec": 8.300
				,"percent": 3.90
				}
			,{
				"<=msec": 8.400
				,"percent": 4.05
				}
			,{
				"<=msec": 8.500
				,"percent": 4.20
				}
			,{
				"<=msec": 8.600
				,"percent": 4.32
				}
			,{
				"<=msec": 8.700
				,"percent": 4.46
				}
			,{
				"<=msec": 8.800
				,"percent": 4.61
				}
			,{
				"<=msec": 8.900
				,"percent": 4.77
				}
			,{
				"<=msec": 9.000
				,"percent": 4.92
				}
			,{
				"<=msec": 9.100
				,"percent": 5.04
				}
			,{
				"<=msec": 9.200
				,"percent": 5.19
				}
			,{
				"<=msec": 9.300
				,"percent": 5.31
				}
			,{
				"<=msec": 9.400
				,"percent": 5.45
				}
			,{
				"<=msec": 9.500
				,"percent": 5.60
				}
			,{
				"<=msec": 9.600
				,"percent": 5.75
				}
			,{
				"<=msec": 9.700
				,"percent": 5.88
				}
			,{
				"<=msec": 9.800
				,"percent": 6.03
				}
			,{
				"<=msec": 9.900
				,"percent": 6.18
				}
			,{
				"<=msec": 10.000
				,"percent": 6.90
				}
			,{
				"<=msec": 11.000
				,"percent": 8.60
				}
			,{
				"<=msec": 12.000
				,"percent": 10.70
				}
			,{
				"<=msec": 13.000
				,"percent": 12.76
				}
			,{
				"<=msec": 14.000
				,"percent": 14.55
				}
			,{
				"<=msec": 15.000
				,"percent": 16.48
				}
			,{
				"<=msec": 16.000
				,"percent": 20.18
				}
			,{
				"<=msec": 17.000
				,"percent": 29.95
				}
			,{
				"<=msec": 18.000
				,"percent": 47.86
				}
			,{
				"<=msec": 19.000
				,"percent": 58.11
				}
			,{
				"<=msec": 20.000
				,"percent": 63.05
				}
			,{
				"<=msec": 21.000
				,"percent": 66.62
				}
			,{
				"<=msec": 22.000
				,"percent": 69.51
				}
			,{
				"<=msec": 23.000
				,"percent": 72.09
				}
			,{
				"<=msec": 24.000
				,"percent": 74.78
				}
			,{
				"<=msec": 25.000
				,"percent": 78.45
				}
			,{
				"<=msec": 26.000
				,"percent": 84.25
				}
			,{
				"<=msec": 27.000
				,"percent": 91.81
				}
			,{
				"<=msec": 28.000
				,"percent": 96.21
				}
			,{
				"<=msec": 29.000
				,"percent": 97.84
				}
			,{
				"<=msec": 30.000
				,"percent": 98.56
				}
			,{
				"<=msec": 31.000
				,"percent": 99.01
				}
			,{
				"<=msec": 32.000
				,"percent": 99.30
				}
			,{
				"<=msec": 33.000
				,"percent": 99.52
				}
			,{
				"<=msec": 34.000
				,"percent": 99.65
				}
			,{
				"<=msec": 35.000
				,"percent": 99.71
				}
			,{
				"<=msec": 36.000
				,"percent": 99.76
				}
			,{
				"<=msec": 37.000
				,"percent": 99.79
				}
			,{
				"<=msec": 38.000
				,"percent": 99.82
				}
			,{
				"<=msec": 39.000
				,"percent": 99.84
				}
			,{
				"<=msec": 40.000
				,"percent": 99.87
				}
			,{
				"<=msec": 41.000
				,"percent": 99.91
				}
			,{
				"<=msec": 42.000
				,"percent": 99.94
				}
			,{
				"<=msec": 43.000
				,"percent": 99.97
				}
			,{
				"<=msec": 44.000
				,"percent": 99.98
				}
			,{
				"<=msec": 45.000
				,"percent": 99.98
				}
			,{
				"<=msec": 46.000
				,"percent": 99.98
				}
			,{
				"<=msec": 47.000
				,"percent": 99.99
				}
			,{
				"<=msec": 48.000
				,"percent": 99.99
				}
			,{
				"<=msec": 49.000
				,"percent": 100.00
				}
			,{
				"<=msec": 50.000
				,"percent": 100.00
				}
			,{
				"<=msec": 53.000
				,"percent": 100.00
				}
			]
		,"WAIT":[
		]
		}
	}
