{
	"configuration":{
		"server": "10.0.0.4"
		,"port": 11212
		,"unix socket": "(null)"
		,"protocol": "memcache_text"
		,"out_file": "(null)"
		,"client_stats": "(null)"
		,"run_count": 1
		,"debug": 0
		,"requests": 0
		,"clients": 32
		,"threads": 1
		,"test_time": 60
		,"ratio": "1:0"
		,"pipeline": 1
		,"data_size": 4096
		,"data_offset": 0
		,"random_data": "false"
		,"data_size_range": "0:0"
		,"data_size_list": ""
		,"data_size_pattern": "R"
		,"expiry_range": "9999:10000"
		,"data_import": "(null)"
		,"data_verify": "false"
		,"verify_only": "false"
		,"generate_keys": "false"
		,"key_prefix": "memtier-"
		,"key_minimum":           0
		,"key_maximum":        1000
		,"key_pattern": "R:R"
		,"key_stddev": 0.000000
		,"key_median": 0.000000
		,"reconnect_interval": 0
		,"multi_key_get": 0
		,"authenticate": ""
		,"select-db": 0
		,"no-expiry": "false"
		,"wait-ratio": "0:0"
		,"num-slaves": "0:0"
		,"wait-timeout": "0-0"
		}
	,"run information":{
		"Threads": 1
		,"Connections per thread": 32
		,"Seconds": 60
		}
	,"ALL STATS":{
		"Sets":{
			"Ops/sec": 1888.60
			,"Hits/sec": 0.00
			,"Misses/sec": 0.00
			,"Latency": 16.94
			,"KB/sec": 7627.03
			}
		,"Gets":{
			"Ops/sec": 0.00
			,"Hits/sec": 0.00
			,"Misses/sec": 0.00
			,"Latency": 0.00
			,"KB/sec": 0.00
			}
		,"Waits":{
			"Ops/sec": 0.00
			,"Hits/sec": 0.00
			,"Misses/sec": 0.00
			,"Latency": 0.00
			,"KB/sec": 0.00
			}
		,"Totals":{
			"Ops/sec": 1888.60
			,"Hits/sec": 0.00
			,"Misses/sec": 0.00
			,"Latency": 16.94
			,"KB/sec": 7627.03
			}
		,"SET":[
			{
				"<=msec": 1.900
				,"percent": 0.00
				}
			,{
				"<=msec": 2.200
				,"percent": 0.00
				}
			,{
				"<=msec": 2.300
				,"percent": 0.00
				}
			,{
				"<=msec": 2.500
				,"percent": 0.00
				}
			,{
				"<=msec": 2.900
				,"percent": 0.01
				}
			,{
				"<=msec": 3.100
				,"percent": 0.01
				}
			,{
				"<=msec": 3.200
				,"percent": 0.01
				}
			,{
				"<=msec": 3.300
				,"percent": 0.02
				}
			,{
				"<=msec": 3.400
				,"percent": 0.02
				}
			,{
				"<=msec": 3.500
				,"percent": 0.02
				}
			,{
				"<=msec": 3.600
				,"percent": 0.03
				}
			,{
				"<=msec": 3.700
				,"percent": 0.03
				}
			,{
				"<=msec": 3.800
				,"percent": 0.04
				}
			,{
				"<=msec": 3.900
				,"percent": 0.04
				}
			,{
				"<=msec": 4.000
				,"percent": 0.05
				}
			,{
				"<=msec": 4.100
				,"percent": 0.06
				}
			,{
				"<=msec": 4.200
				,"percent": 0.07
				}
			,{
				"<=msec": 4.300
				,"percent": 0.08
				}
			,{
				"<=msec": 4.400
				,"percent": 0.10
				}
			,{
				"<=msec": 4.500
				,"percent": 0.11
				}
			,{
				"<=msec": 4.600
				,"percent": 0.13
				}
			,{
				"<=msec": 4.700
				,"percent": 0.15
				}
			,{
				"<=msec": 4.800
				,"percent": 0.18
				}
			,{
				"<=msec": 4.900
				,"percent": 0.23
				}
			,{
				"<=msec": 5.000
				,"percent": 0.26
				}
			,{
				"<=msec": 5.100
				,"percent": 0.30
				}
			,{
				"<=msec": 5.200
				,"percent": 0.34
				}
			,{
				"<=msec": 5.300
				,"percent": 0.38
				}
			,{
				"<=msec": 5.400
				,"percent": 0.42
				}
			,{
				"<=msec": 5.500
				,"percent": 0.47
				}
			,{
				"<=msec": 5.600
				,"percent": 0.51
				}
			,{
				"<=msec": 5.700
				,"percent": 0.55
				}
			,{
				"<=msec": 5.800
				,"percent": 0.61
				}
			,{
				"<=msec": 5.900
				,"percent": 0.66
				}
			,{
				"<=msec": 6.000
				,"percent": 0.72
				}
			,{
				"<=msec": 6.100
				,"percent": 0.76
				}
			,{
				"<=msec": 6.200
				,"percent": 0.80
				}
			,{
				"<=msec": 6.300
				,"percent": 0.86
				}
			,{
				"<=msec": 6.400
				,"percent": 0.91
				}
			,{
				"<=msec": 6.500
				,"percent": 0.96
				}
			,{
				"<=msec": 6.600
				,"percent": 1.00
				}
			,{
				"<=msec": 6.700
				,"percent": 1.04
				}
			,{
				"<=msec": 6.800
				,"percent": 1.08
				}
			,{
				"<=msec": 6.900
				,"percent": 1.13
				}
			,{
				"<=msec": 7.000
				,"percent": 1.17
				}
			,{
				"<=msec": 7.100
				,"percent": 1.22
				}
			,{
				"<=msec": 7.200
				,"percent": 1.25
				}
			,{
				"<=msec": 7.300
				,"percent": 1.28
				}
			,{
				"<=msec": 7.400
				,"percent": 1.31
				}
			,{
				"<=msec": 7.500
				,"percent": 1.35
				}
			,{
				"<=msec": 7.600
				,"percent": 1.38
				}
			,{
				"<=msec": 7.700
				,"percent": 1.43
				}
			,{
				"<=msec": 7.800
				,"percent": 1.46
				}
			,{
				"<=msec": 7.900
				,"percent": 1.50
				}
			,{
				"<=msec": 8.000
				,"percent": 1.54
				}
			,{
				"<=msec": 8.100
				,"percent": 1.59
				}
			,{
				"<=msec": 8.200
				,"percent": 1.62
				}
			,{
				"<=msec": 8.300
				,"percent": 1.67
				}
			,{
				"<=msec": 8.400
				,"percent": 1.70
				}
			,{
				"<=msec": 8.500
				,"percent": 1.76
				}
			,{
				"<=msec": 8.600
				,"percent": 1.80
				}
			,{
				"<=msec": 8.700
				,"percent": 1.86
				}
			,{
				"<=msec": 8.800
				,"percent": 1.91
				}
			,{
				"<=msec": 8.900
				,"percent": 1.98
				}
			,{
				"<=msec": 9.000
				,"percent": 2.05
				}
			,{
				"<=msec": 9.100
				,"percent": 2.13
				}
			,{
				"<=msec": 9.200
				,"percent": 2.21
				}
			,{
				"<=msec": 9.300
				,"percent": 2.33
				}
			,{
				"<=msec": 9.400
				,"percent": 2.43
				}
			,{
				"<=msec": 9.500
				,"percent": 2.56
				}
			,{
				"<=msec": 9.600
				,"percent": 2.70
				}
			,{
				"<=msec": 9.700
				,"percent": 2.84
				}
			,{
				"<=msec": 9.800
				,"percent": 3.00
				}
			,{
				"<=msec": 9.900
				,"percent": 3.18
				}
			,{
				"<=msec": 10.000
				,"percent": 4.57
				}
			,{
				"<=msec": 11.000
				,"percent": 9.44
				}
			,{
				"<=msec": 12.000
				,"percent": 17.63
				}
			,{
				"<=msec": 13.000
				,"percent": 27.07
				}
			,{
				"<=msec": 14.000
				,"percent": 35.84
				}
			,{
				"<=msec": 15.000
				,"percent": 43.45
				}
			,{
				"<=msec": 16.000
				,"percent": 50.78
				}
			,{
				"<=msec": 17.000
				,"percent": 58.70
				}
			,{
				"<=msec": 18.000
				,"percent": 66.80
				}
			,{
				"<=msec": 19.000
				,"percent": 74.36
				}
			,{
				"<=msec": 20.000
				,"percent": 80.91
				}
			,{
				"<=msec": 21.000
				,"percent": 86.16
				}
			,{
				"<=msec": 22.000
				,"percent": 90.32
				}
			,{
				"<=msec": 23.000
				,"percent": 92.99
				}
			,{
				"<=msec": 24.000
				,"percent": 94.54
				}
			,{
				"<=msec": 25.000
				,"percent": 95.47
				}
			,{
				"<=msec": 26.000
				,"percent": 96.23
				}
			,{
				"<=msec": 27.000
				,"percent": 96.92
				}
			,{
				"<=msec": 28.000
				,"percent": 97.49
				}
			,{
				"<=msec": 29.000
				,"percent": 97.97
				}
			,{
				"<=msec": 30.000
				,"percent": 98.42
				}
			,{
				"<=msec": 31.000
				,"percent": 98.73
				}
			,{
				"<=msec": 32.000
				,"percent": 98.96
				}
			,{
				"<=msec": 33.000
				,"percent": 99.12
				}
			,{
				"<=msec": 34.000
				,"percent": 99.25
				}
			,{
				"<=msec": 35.000
				,"percent": 99.34
				}
			,{
				"<=msec": 36.000
				,"percent": 99.42
				}
			,{
				"<=msec": 37.000
				,"percent": 99.49
				}
			,{
				"<=msec": 38.000
				,"percent": 99.57
				}
			,{
				"<=msec": 39.000
				,"percent": 99.65
				}
			,{
				"<=msec": 40.000
				,"percent": 99.71
				}
			,{
				"<=msec": 41.000
				,"percent": 99.76
				}
			,{
				"<=msec": 42.000
				,"percent": 99.80
				}
			,{
				"<=msec": 43.000
				,"percent": 99.83
				}
			,{
				"<=msec": 44.000
				,"percent": 99.85
				}
			,{
				"<=msec": 45.000
				,"percent": 99.87
				}
			,{
				"<=msec": 46.000
				,"percent": 99.89
				}
			,{
				"<=msec": 47.000
				,"percent": 99.90
				}
			,{
				"<=msec": 48.000
				,"percent": 99.91
				}
			,{
				"<=msec": 49.000
				,"percent": 99.93
				}
			,{
				"<=msec": 50.000
				,"percent": 99.94
				}
			,{
				"<=msec": 51.000
				,"percent": 99.94
				}
			,{
				"<=msec": 52.000
				,"percent": 99.94
				}
			,{
				"<=msec": 53.000
				,"percent": 99.95
				}
			,{
				"<=msec": 54.000
				,"percent": 99.95
				}
			,{
				"<=msec": 55.000
				,"percent": 99.95
				}
			,{
				"<=msec": 56.000
				,"percent": 99.95
				}
			,{
				"<=msec": 57.000
				,"percent": 99.96
				}
			,{
				"<=msec": 58.000
				,"percent": 99.96
				}
			,{
				"<=msec": 59.000
				,"percent": 99.96
				}
			,{
				"<=msec": 60.000
				,"percent": 99.97
				}
			,{
				"<=msec": 66.000
				,"percent": 99.97
				}
			,{
				"<=msec": 67.000
				,"percent": 99.97
				}
			,{
				"<=msec": 68.000
				,"percent": 99.97
				}
			,{
				"<=msec": 71.000
				,"percent": 99.97
				}
			,{
				"<=msec": 200.000
				,"percent": 99.97
				}
			,{
				"<=msec": 210.000
				,"percent": 99.97
				}
			,{
				"<=msec": 230.000
				,"percent": 99.97
				}
			,{
				"<=msec": 240.000
				,"percent": 99.98
				}
			,{
				"<=msec": 250.000
				,"percent": 99.98
				}
			,{
				"<=msec": 260.000
				,"percent": 99.98
				}
			,{
				"<=msec": 270.000
				,"percent": 99.98
				}
			,{
				"<=msec": 300.000
				,"percent": 99.98
				}
			,{
				"<=msec": 390.000
				,"percent": 99.98
				}
			,{
				"<=msec": 400.000
				,"percent": 99.99
				}
			,{
				"<=msec": 410.000
				,"percent": 99.99
				}
			,{
				"<=msec": 420.000
				,"percent": 99.99
				}
			,{
				"<=msec": 430.000
				,"percent": 100.00
				}
			,{
				"<=msec": 440.000
				,"percent": 100.00
				}
			]
		,"GET":[
		]
		,"WAIT":[
		]
		}
	}
