{
	"configuration":{
		"server": "10.0.0.4"
		,"port": 11212
		,"unix socket": "(null)"
		,"protocol": "memcache_text"
		,"out_file": "(null)"
		,"client_stats": "(null)"
		,"run_count": 1
		,"debug": 0
		,"requests": 0
		,"clients": 32
		,"threads": 1
		,"test_time": 60
		,"ratio": "1:0"
		,"pipeline": 1
		,"data_size": 4096
		,"data_offset": 0
		,"random_data": "false"
		,"data_size_range": "0:0"
		,"data_size_list": ""
		,"data_size_pattern": "R"
		,"expiry_range": "9999:10000"
		,"data_import": "(null)"
		,"data_verify": "false"
		,"verify_only": "false"
		,"generate_keys": "false"
		,"key_prefix": "memtier-"
		,"key_minimum":           0
		,"key_maximum":        1000
		,"key_pattern": "R:R"
		,"key_stddev": 0.000000
		,"key_median": 0.000000
		,"reconnect_interval": 0
		,"multi_key_get": 0
		,"authenticate": ""
		,"select-db": 0
		,"no-expiry": "false"
		,"wait-ratio": "0:0"
		,"num-slaves": "0:0"
		,"wait-timeout": "0-0"
		}
	,"run information":{
		"Threads": 1
		,"Connections per thread": 32
		,"Seconds": 60
		}
	,"ALL STATS":{
		"Sets":{
			"Ops/sec": 1312.57
			,"Hits/sec": 0.00
			,"Misses/sec": 0.00
			,"Latency": 24.79
			,"KB/sec": 5300.74
			}
		,"Gets":{
			"Ops/sec": 0.00
			,"Hits/sec": 0.00
			,"Misses/sec": 0.00
			,"Latency": 0.00
			,"KB/sec": 0.00
			}
		,"Waits":{
			"Ops/sec": 0.00
			,"Hits/sec": 0.00
			,"Misses/sec": 0.00
			,"Latency": 0.00
			,"KB/sec": 0.00
			}
		,"Totals":{
			"Ops/sec": 1312.57
			,"Hits/sec": 0.00
			,"Misses/sec": 0.00
			,"Latency": 24.79
			,"KB/sec": 5300.74
			}
		,"SET":[
			{
				"<=msec": 10.000
				,"percent": 0.01
				}
			,{
				"<=msec": 11.000
				,"percent": 0.04
				}
			,{
				"<=msec": 12.000
				,"percent": 0.17
				}
			,{
				"<=msec": 13.000
				,"percent": 0.64
				}
			,{
				"<=msec": 14.000
				,"percent": 1.61
				}
			,{
				"<=msec": 15.000
				,"percent": 3.61
				}
			,{
				"<=msec": 16.000
				,"percent": 6.46
				}
			,{
				"<=msec": 17.000
				,"percent": 10.12
				}
			,{
				"<=msec": 18.000
				,"percent": 14.50
				}
			,{
				"<=msec": 19.000
				,"percent": 20.29
				}
			,{
				"<=msec": 20.000
				,"percent": 27.50
				}
			,{
				"<=msec": 21.000
				,"percent": 35.57
				}
			,{
				"<=msec": 22.000
				,"percent": 43.05
				}
			,{
				"<=msec": 23.000
				,"percent": 49.87
				}
			,{
				"<=msec": 24.000
				,"percent": 56.39
				}
			,{
				"<=msec": 25.000
				,"percent": 62.68
				}
			,{
				"<=msec": 26.000
				,"percent": 68.90
				}
			,{
				"<=msec": 27.000
				,"percent": 74.36
				}
			,{
				"<=msec": 28.000
				,"percent": 78.45
				}
			,{
				"<=msec": 29.000
				,"percent": 81.58
				}
			,{
				"<=msec": 30.000
				,"percent": 83.97
				}
			,{
				"<=msec": 31.000
				,"percent": 85.87
				}
			,{
				"<=msec": 32.000
				,"percent": 87.44
				}
			,{
				"<=msec": 33.000
				,"percent": 89.04
				}
			,{
				"<=msec": 34.000
				,"percent": 90.44
				}
			,{
				"<=msec": 35.000
				,"percent": 91.70
				}
			,{
				"<=msec": 36.000
				,"percent": 92.82
				}
			,{
				"<=msec": 37.000
				,"percent": 93.79
				}
			,{
				"<=msec": 38.000
				,"percent": 94.67
				}
			,{
				"<=msec": 39.000
				,"percent": 95.64
				}
			,{
				"<=msec": 40.000
				,"percent": 96.43
				}
			,{
				"<=msec": 41.000
				,"percent": 97.06
				}
			,{
				"<=msec": 42.000
				,"percent": 97.54
				}
			,{
				"<=msec": 43.000
				,"percent": 98.00
				}
			,{
				"<=msec": 44.000
				,"percent": 98.35
				}
			,{
				"<=msec": 45.000
				,"percent": 98.66
				}
			,{
				"<=msec": 46.000
				,"percent": 98.97
				}
			,{
				"<=msec": 47.000
				,"percent": 99.18
				}
			,{
				"<=msec": 48.000
				,"percent": 99.35
				}
			,{
				"<=msec": 49.000
				,"percent": 99.47
				}
			,{
				"<=msec": 50.000
				,"percent": 99.58
				}
			,{
				"<=msec": 51.000
				,"percent": 99.63
				}
			,{
				"<=msec": 52.000
				,"percent": 99.68
				}
			,{
				"<=msec": 53.000
				,"percent": 99.74
				}
			,{
				"<=msec": 54.000
				,"percent": 99.79
				}
			,{
				"<=msec": 55.000
				,"percent": 99.82
				}
			,{
				"<=msec": 56.000
				,"percent": 99.83
				}
			,{
				"<=msec": 57.000
				,"percent": 99.85
				}
			,{
				"<=msec": 58.000
				,"percent": 99.87
				}
			,{
				"<=msec": 59.000
				,"percent": 99.88
				}
			,{
				"<=msec": 60.000
				,"percent": 99.90
				}
			,{
				"<=msec": 61.000
				,"percent": 99.91
				}
			,{
				"<=msec": 62.000
				,"percent": 99.92
				}
			,{
				"<=msec": 63.000
				,"percent": 99.93
				}
			,{
				"<=msec": 64.000
				,"percent": 99.94
				}
			,{
				"<=msec": 65.000
				,"percent": 99.96
				}
			,{
				"<=msec": 66.000
				,"percent": 99.96
				}
			,{
				"<=msec": 67.000
				,"percent": 99.96
				}
			,{
				"<=msec": 68.000
				,"percent": 99.97
				}
			,{
				"<=msec": 70.000
				,"percent": 99.97
				}
			,{
				"<=msec": 71.000
				,"percent": 99.97
				}
			,{
				"<=msec": 72.000
				,"percent": 99.98
				}
			,{
				"<=msec": 74.000
				,"percent": 99.98
				}
			,{
				"<=msec": 75.000
				,"percent": 99.98
				}
			,{
				"<=msec": 77.000
				,"percent": 99.98
				}
			,{
				"<=msec": 78.000
				,"percent": 99.99
				}
			,{
				"<=msec": 79.000
				,"percent": 99.99
				}
			,{
				"<=msec": 80.000
				,"percent": 99.99
				}
			,{
				"<=msec": 83.000
				,"percent": 100.00
				}
			,{
				"<=msec": 84.000
				,"percent": 100.00
				}
			,{
				"<=msec": 85.000
				,"percent": 100.00
				}
			]
		,"GET":[
		]
		,"WAIT":[
		]
		}
	}
