{
	"configuration":{
		"server": "10.0.0.9"
		,"port": 11212
		,"unix socket": "(null)"
		,"protocol": "memcache_text"
		,"out_file": "(null)"
		,"client_stats": "(null)"
		,"run_count": 1
		,"debug": 0
		,"requests": 0
		,"clients": 32
		,"threads": 2
		,"test_time": 60
		,"ratio": "0:1"
		,"pipeline": 1
		,"data_size": 4096
		,"data_offset": 0
		,"random_data": "false"
		,"data_size_range": "0:0"
		,"data_size_list": ""
		,"data_size_pattern": "R"
		,"expiry_range": "9999:10000"
		,"data_import": "(null)"
		,"data_verify": "false"
		,"verify_only": "false"
		,"generate_keys": "false"
		,"key_prefix": "memtier-"
		,"key_minimum":           0
		,"key_maximum":        1000
		,"key_pattern": "R:R"
		,"key_stddev": 0.000000
		,"key_median": 0.000000
		,"reconnect_interval": 0
		,"multi_key_get": 0
		,"authenticate": ""
		,"select-db": 0
		,"no-expiry": "false"
		,"wait-ratio": "0:0"
		,"num-slaves": "0:0"
		,"wait-timeout": "0-0"
		}
	,"run information":{
		"Threads": 2
		,"Connections per thread": 32
		,"Seconds": 60
		}
	,"ALL STATS":{
		"Sets":{
			"Ops/sec": 0.00
			,"Hits/sec": 0.00
			,"Misses/sec": 0.00
			,"Latency": 0.00
			,"KB/sec": 0.00
			}
		,"Gets":{
			"Ops/sec": 2860.36
			,"Hits/sec": 2822.26
			,"Misses/sec": 38.11
			,"Latency": 22.36
			,"KB/sec": 11427.00
			}
		,"Waits":{
			"Ops/sec": 0.00
			,"Hits/sec": 0.00
			,"Misses/sec": 0.00
			,"Latency": 0.00
			,"KB/sec": 0.00
			}
		,"Totals":{
			"Ops/sec": 2860.36
			,"Hits/sec": 2822.26
			,"Misses/sec": 38.11
			,"Latency": 22.36
			,"KB/sec": 11427.00
			}
		,"SET":[
		]
		,"GET":[
			{
				"<=msec": 3.700
				,"percent": 0.00
				}
			,{
				"<=msec": 5.000
				,"percent": 0.00
				}
			,{
				"<=msec": 5.600
				,"percent": 0.00
				}
			,{
				"<=msec": 5.700
				,"percent": 0.00
				}
			,{
				"<=msec": 6.000
				,"percent": 0.00
				}
			,{
				"<=msec": 6.200
				,"percent": 0.00
				}
			,{
				"<=msec": 7.000
				,"percent": 0.00
				}
			,{
				"<=msec": 7.500
				,"percent": 0.01
				}
			,{
				"<=msec": 7.600
				,"percent": 0.01
				}
			,{
				"<=msec": 7.800
				,"percent": 0.01
				}
			,{
				"<=msec": 8.100
				,"percent": 0.01
				}
			,{
				"<=msec": 8.500
				,"percent": 0.01
				}
			,{
				"<=msec": 8.700
				,"percent": 0.01
				}
			,{
				"<=msec": 9.000
				,"percent": 0.01
				}
			,{
				"<=msec": 9.300
				,"percent": 0.01
				}
			,{
				"<=msec": 9.500
				,"percent": 0.01
				}
			,{
				"<=msec": 9.700
				,"percent": 0.01
				}
			,{
				"<=msec": 9.900
				,"percent": 0.01
				}
			,{
				"<=msec": 10.000
				,"percent": 0.02
				}
			,{
				"<=msec": 11.000
				,"percent": 0.03
				}
			,{
				"<=msec": 12.000
				,"percent": 0.06
				}
			,{
				"<=msec": 13.000
				,"percent": 0.22
				}
			,{
				"<=msec": 14.000
				,"percent": 1.26
				}
			,{
				"<=msec": 15.000
				,"percent": 4.80
				}
			,{
				"<=msec": 16.000
				,"percent": 10.94
				}
			,{
				"<=msec": 17.000
				,"percent": 18.56
				}
			,{
				"<=msec": 18.000
				,"percent": 27.11
				}
			,{
				"<=msec": 19.000
				,"percent": 36.29
				}
			,{
				"<=msec": 20.000
				,"percent": 45.86
				}
			,{
				"<=msec": 21.000
				,"percent": 54.59
				}
			,{
				"<=msec": 22.000
				,"percent": 61.84
				}
			,{
				"<=msec": 23.000
				,"percent": 68.35
				}
			,{
				"<=msec": 24.000
				,"percent": 73.74
				}
			,{
				"<=msec": 25.000
				,"percent": 78.20
				}
			,{
				"<=msec": 26.000
				,"percent": 81.79
				}
			,{
				"<=msec": 27.000
				,"percent": 84.64
				}
			,{
				"<=msec": 28.000
				,"percent": 87.03
				}
			,{
				"<=msec": 29.000
				,"percent": 89.13
				}
			,{
				"<=msec": 30.000
				,"percent": 90.91
				}
			,{
				"<=msec": 31.000
				,"percent": 92.54
				}
			,{
				"<=msec": 32.000
				,"percent": 93.88
				}
			,{
				"<=msec": 33.000
				,"percent": 94.87
				}
			,{
				"<=msec": 34.000
				,"percent": 95.85
				}
			,{
				"<=msec": 35.000
				,"percent": 96.64
				}
			,{
				"<=msec": 36.000
				,"percent": 97.24
				}
			,{
				"<=msec": 37.000
				,"percent": 97.77
				}
			,{
				"<=msec": 38.000
				,"percent": 98.20
				}
			,{
				"<=msec": 39.000
				,"percent": 98.50
				}
			,{
				"<=msec": 40.000
				,"percent": 98.77
				}
			,{
				"<=msec": 41.000
				,"percent": 98.98
				}
			,{
				"<=msec": 42.000
				,"percent": 99.16
				}
			,{
				"<=msec": 43.000
				,"percent": 99.32
				}
			,{
				"<=msec": 44.000
				,"percent": 99.44
				}
			,{
				"<=msec": 45.000
				,"percent": 99.54
				}
			,{
				"<=msec": 46.000
				,"percent": 99.61
				}
			,{
				"<=msec": 47.000
				,"percent": 99.68
				}
			,{
				"<=msec": 48.000
				,"percent": 99.72
				}
			,{
				"<=msec": 49.000
				,"percent": 99.76
				}
			,{
				"<=msec": 50.000
				,"percent": 99.82
				}
			,{
				"<=msec": 51.000
				,"percent": 99.87
				}
			,{
				"<=msec": 52.000
				,"percent": 99.89
				}
			,{
				"<=msec": 53.000
				,"percent": 99.92
				}
			,{
				"<=msec": 54.000
				,"percent": 99.94
				}
			,{
				"<=msec": 55.000
				,"percent": 99.95
				}
			,{
				"<=msec": 56.000
				,"percent": 99.95
				}
			,{
				"<=msec": 57.000
				,"percent": 99.95
				}
			,{
				"<=msec": 58.000
				,"percent": 99.96
				}
			,{
				"<=msec": 59.000
				,"percent": 99.96
				}
			,{
				"<=msec": 60.000
				,"percent": 99.96
				}
			,{
				"<=msec": 61.000
				,"percent": 99.96
				}
			,{
				"<=msec": 62.000
				,"percent": 99.97
				}
			,{
				"<=msec": 140.000
				,"percent": 99.97
				}
			,{
				"<=msec": 180.000
				,"percent": 99.97
				}
			,{
				"<=msec": 210.000
				,"percent": 99.97
				}
			,{
				"<=msec": 220.000
				,"percent": 99.97
				}
			,{
				"<=msec": 230.000
				,"percent": 99.97
				}
			,{
				"<=msec": 250.000
				,"percent": 99.97
				}
			,{
				"<=msec": 310.000
				,"percent": 99.97
				}
			,{
				"<=msec": 340.000
				,"percent": 99.97
				}
			,{
				"<=msec": 350.000
				,"percent": 99.97
				}
			,{
				"<=msec": 360.000
				,"percent": 99.98
				}
			,{
				"<=msec": 370.000
				,"percent": 99.98
				}
			,{
				"<=msec": 380.000
				,"percent": 99.98
				}
			,{
				"<=msec": 390.000
				,"percent": 99.99
				}
			,{
				"<=msec": 400.000
				,"percent": 99.99
				}
			,{
				"<=msec": 410.000
				,"percent": 99.99
				}
			,{
				"<=msec": 420.000
				,"percent": 100.00
				}
			,{
				"<=msec": 430.000
				,"percent": 100.00
				}
			,{
				"<=msec": 440.000
				,"percent": 100.00
				}
			]
		,"WAIT":[
		]
		}
	}
