{
	"configuration":{
		"server": "10.0.0.9"
		,"port": 11212
		,"unix socket": "(null)"
		,"protocol": "memcache_text"
		,"out_file": "(null)"
		,"client_stats": "(null)"
		,"run_count": 1
		,"debug": 0
		,"requests": 0
		,"clients": 32
		,"threads": 1
		,"test_time": 60
		,"ratio": "0:1"
		,"pipeline": 1
		,"data_size": 4096
		,"data_offset": 0
		,"random_data": "false"
		,"data_size_range": "0:0"
		,"data_size_list": ""
		,"data_size_pattern": "R"
		,"expiry_range": "9999:10000"
		,"data_import": "(null)"
		,"data_verify": "false"
		,"verify_only": "false"
		,"generate_keys": "false"
		,"key_prefix": "memtier-"
		,"key_minimum":           0
		,"key_maximum":        1000
		,"key_pattern": "R:R"
		,"key_stddev": 0.000000
		,"key_median": 0.000000
		,"reconnect_interval": 0
		,"multi_key_get": 0
		,"authenticate": ""
		,"select-db": 0
		,"no-expiry": "false"
		,"wait-ratio": "0:0"
		,"num-slaves": "0:0"
		,"wait-timeout": "0-0"
		}
	,"run information":{
		"Threads": 1
		,"Connections per thread": 32
		,"Seconds": 60
		}
	,"ALL STATS":{
		"Sets":{
			"Ops/sec": 0.00
			,"Hits/sec": 0.00
			,"Misses/sec": 0.00
			,"Latency": 0.00
			,"KB/sec": 0.00
			}
		,"Gets":{
			"Ops/sec": 1160.88
			,"Hits/sec": 1145.38
			,"Misses/sec": 15.50
			,"Latency": 27.55
			,"KB/sec": 4637.51
			}
		,"Waits":{
			"Ops/sec": 0.00
			,"Hits/sec": 0.00
			,"Misses/sec": 0.00
			,"Latency": 0.00
			,"KB/sec": 0.00
			}
		,"Totals":{
			"Ops/sec": 1160.88
			,"Hits/sec": 1145.38
			,"Misses/sec": 15.50
			,"Latency": 27.55
			,"KB/sec": 4637.51
			}
		,"SET":[
		]
		,"GET":[
			{
				"<=msec": 0.850
				,"percent": 0.00
				}
			,{
				"<=msec": 0.880
				,"percent": 0.00
				}
			,{
				"<=msec": 0.890
				,"percent": 0.00
				}
			,{
				"<=msec": 0.900
				,"percent": 0.01
				}
			,{
				"<=msec": 0.940
				,"percent": 0.01
				}
			,{
				"<=msec": 0.960
				,"percent": 0.01
				}
			,{
				"<=msec": 0.970
				,"percent": 0.01
				}
			,{
				"<=msec": 0.990
				,"percent": 0.02
				}
			,{
				"<=msec": 1.000
				,"percent": 0.03
				}
			,{
				"<=msec": 1.100
				,"percent": 0.08
				}
			,{
				"<=msec": 1.200
				,"percent": 0.14
				}
			,{
				"<=msec": 1.300
				,"percent": 0.19
				}
			,{
				"<=msec": 1.400
				,"percent": 0.24
				}
			,{
				"<=msec": 1.500
				,"percent": 0.32
				}
			,{
				"<=msec": 1.600
				,"percent": 0.38
				}
			,{
				"<=msec": 1.700
				,"percent": 0.41
				}
			,{
				"<=msec": 1.800
				,"percent": 0.43
				}
			,{
				"<=msec": 1.900
				,"percent": 0.47
				}
			,{
				"<=msec": 2.000
				,"percent": 0.49
				}
			,{
				"<=msec": 2.100
				,"percent": 0.50
				}
			,{
				"<=msec": 2.200
				,"percent": 0.52
				}
			,{
				"<=msec": 2.300
				,"percent": 0.54
				}
			,{
				"<=msec": 2.400
				,"percent": 0.55
				}
			,{
				"<=msec": 2.500
				,"percent": 0.57
				}
			,{
				"<=msec": 2.600
				,"percent": 0.58
				}
			,{
				"<=msec": 2.700
				,"percent": 0.60
				}
			,{
				"<=msec": 2.800
				,"percent": 0.62
				}
			,{
				"<=msec": 2.900
				,"percent": 0.63
				}
			,{
				"<=msec": 3.000
				,"percent": 0.65
				}
			,{
				"<=msec": 3.100
				,"percent": 0.66
				}
			,{
				"<=msec": 3.200
				,"percent": 0.68
				}
			,{
				"<=msec": 3.300
				,"percent": 0.69
				}
			,{
				"<=msec": 3.400
				,"percent": 0.71
				}
			,{
				"<=msec": 3.500
				,"percent": 0.73
				}
			,{
				"<=msec": 3.600
				,"percent": 0.76
				}
			,{
				"<=msec": 3.700
				,"percent": 0.80
				}
			,{
				"<=msec": 3.800
				,"percent": 0.83
				}
			,{
				"<=msec": 3.900
				,"percent": 0.88
				}
			,{
				"<=msec": 4.000
				,"percent": 0.92
				}
			,{
				"<=msec": 4.100
				,"percent": 0.97
				}
			,{
				"<=msec": 4.200
				,"percent": 1.04
				}
			,{
				"<=msec": 4.300
				,"percent": 1.10
				}
			,{
				"<=msec": 4.400
				,"percent": 1.15
				}
			,{
				"<=msec": 4.500
				,"percent": 1.22
				}
			,{
				"<=msec": 4.600
				,"percent": 1.30
				}
			,{
				"<=msec": 4.700
				,"percent": 1.36
				}
			,{
				"<=msec": 4.800
				,"percent": 1.43
				}
			,{
				"<=msec": 4.900
				,"percent": 1.50
				}
			,{
				"<=msec": 5.000
				,"percent": 1.56
				}
			,{
				"<=msec": 5.100
				,"percent": 1.62
				}
			,{
				"<=msec": 5.200
				,"percent": 1.68
				}
			,{
				"<=msec": 5.300
				,"percent": 1.72
				}
			,{
				"<=msec": 5.400
				,"percent": 1.78
				}
			,{
				"<=msec": 5.500
				,"percent": 1.85
				}
			,{
				"<=msec": 5.600
				,"percent": 1.89
				}
			,{
				"<=msec": 5.700
				,"percent": 1.93
				}
			,{
				"<=msec": 5.800
				,"percent": 1.97
				}
			,{
				"<=msec": 5.900
				,"percent": 2.03
				}
			,{
				"<=msec": 6.000
				,"percent": 2.07
				}
			,{
				"<=msec": 6.100
				,"percent": 2.11
				}
			,{
				"<=msec": 6.200
				,"percent": 2.15
				}
			,{
				"<=msec": 6.300
				,"percent": 2.19
				}
			,{
				"<=msec": 6.400
				,"percent": 2.23
				}
			,{
				"<=msec": 6.500
				,"percent": 2.27
				}
			,{
				"<=msec": 6.600
				,"percent": 2.32
				}
			,{
				"<=msec": 6.700
				,"percent": 2.36
				}
			,{
				"<=msec": 6.800
				,"percent": 2.39
				}
			,{
				"<=msec": 6.900
				,"percent": 2.44
				}
			,{
				"<=msec": 7.000
				,"percent": 2.47
				}
			,{
				"<=msec": 7.100
				,"percent": 2.51
				}
			,{
				"<=msec": 7.200
				,"percent": 2.55
				}
			,{
				"<=msec": 7.300
				,"percent": 2.57
				}
			,{
				"<=msec": 7.400
				,"percent": 2.61
				}
			,{
				"<=msec": 7.500
				,"percent": 2.66
				}
			,{
				"<=msec": 7.600
				,"percent": 2.70
				}
			,{
				"<=msec": 7.700
				,"percent": 2.75
				}
			,{
				"<=msec": 7.800
				,"percent": 2.79
				}
			,{
				"<=msec": 7.900
				,"percent": 2.84
				}
			,{
				"<=msec": 8.000
				,"percent": 2.86
				}
			,{
				"<=msec": 8.100
				,"percent": 2.90
				}
			,{
				"<=msec": 8.200
				,"percent": 2.93
				}
			,{
				"<=msec": 8.300
				,"percent": 2.96
				}
			,{
				"<=msec": 8.400
				,"percent": 2.99
				}
			,{
				"<=msec": 8.500
				,"percent": 3.02
				}
			,{
				"<=msec": 8.600
				,"percent": 3.05
				}
			,{
				"<=msec": 8.700
				,"percent": 3.08
				}
			,{
				"<=msec": 8.800
				,"percent": 3.11
				}
			,{
				"<=msec": 8.900
				,"percent": 3.15
				}
			,{
				"<=msec": 9.000
				,"percent": 3.20
				}
			,{
				"<=msec": 9.100
				,"percent": 3.23
				}
			,{
				"<=msec": 9.200
				,"percent": 3.26
				}
			,{
				"<=msec": 9.300
				,"percent": 3.30
				}
			,{
				"<=msec": 9.400
				,"percent": 3.34
				}
			,{
				"<=msec": 9.500
				,"percent": 3.36
				}
			,{
				"<=msec": 9.600
				,"percent": 3.39
				}
			,{
				"<=msec": 9.700
				,"percent": 3.42
				}
			,{
				"<=msec": 9.800
				,"percent": 3.46
				}
			,{
				"<=msec": 9.900
				,"percent": 3.49
				}
			,{
				"<=msec": 10.000
				,"percent": 3.73
				}
			,{
				"<=msec": 11.000
				,"percent": 4.32
				}
			,{
				"<=msec": 12.000
				,"percent": 5.11
				}
			,{
				"<=msec": 13.000
				,"percent": 6.14
				}
			,{
				"<=msec": 14.000
				,"percent": 7.94
				}
			,{
				"<=msec": 15.000
				,"percent": 13.69
				}
			,{
				"<=msec": 16.000
				,"percent": 34.37
				}
			,{
				"<=msec": 17.000
				,"percent": 50.45
				}
			,{
				"<=msec": 18.000
				,"percent": 56.32
				}
			,{
				"<=msec": 19.000
				,"percent": 58.46
				}
			,{
				"<=msec": 20.000
				,"percent": 59.75
				}
			,{
				"<=msec": 21.000
				,"percent": 60.83
				}
			,{
				"<=msec": 22.000
				,"percent": 61.70
				}
			,{
				"<=msec": 23.000
				,"percent": 62.46
				}
			,{
				"<=msec": 24.000
				,"percent": 63.32
				}
			,{
				"<=msec": 25.000
				,"percent": 64.20
				}
			,{
				"<=msec": 26.000
				,"percent": 65.50
				}
			,{
				"<=msec": 27.000
				,"percent": 67.65
				}
			,{
				"<=msec": 28.000
				,"percent": 71.77
				}
			,{
				"<=msec": 29.000
				,"percent": 77.94
				}
			,{
				"<=msec": 30.000
				,"percent": 84.51
				}
			,{
				"<=msec": 31.000
				,"percent": 91.61
				}
			,{
				"<=msec": 32.000
				,"percent": 94.27
				}
			,{
				"<=msec": 33.000
				,"percent": 94.88
				}
			,{
				"<=msec": 34.000
				,"percent": 95.18
				}
			,{
				"<=msec": 35.000
				,"percent": 95.39
				}
			,{
				"<=msec": 36.000
				,"percent": 95.58
				}
			,{
				"<=msec": 37.000
				,"percent": 95.66
				}
			,{
				"<=msec": 38.000
				,"percent": 95.73
				}
			,{
				"<=msec": 39.000
				,"percent": 95.81
				}
			,{
				"<=msec": 40.000
				,"percent": 95.89
				}
			,{
				"<=msec": 41.000
				,"percent": 96.01
				}
			,{
				"<=msec": 42.000
				,"percent": 96.17
				}
			,{
				"<=msec": 43.000
				,"percent": 96.42
				}
			,{
				"<=msec": 44.000
				,"percent": 96.84
				}
			,{
				"<=msec": 45.000
				,"percent": 97.30
				}
			,{
				"<=msec": 46.000
				,"percent": 97.68
				}
			,{
				"<=msec": 47.000
				,"percent": 97.98
				}
			,{
				"<=msec": 48.000
				,"percent": 98.06
				}
			,{
				"<=msec": 49.000
				,"percent": 98.08
				}
			,{
				"<=msec": 50.000
				,"percent": 98.09
				}
			,{
				"<=msec": 51.000
				,"percent": 98.11
				}
			,{
				"<=msec": 52.000
				,"percent": 98.12
				}
			,{
				"<=msec": 53.000
				,"percent": 98.13
				}
			,{
				"<=msec": 54.000
				,"percent": 98.14
				}
			,{
				"<=msec": 55.000
				,"percent": 98.16
				}
			,{
				"<=msec": 56.000
				,"percent": 98.18
				}
			,{
				"<=msec": 57.000
				,"percent": 98.20
				}
			,{
				"<=msec": 58.000
				,"percent": 98.23
				}
			,{
				"<=msec": 59.000
				,"percent": 98.28
				}
			,{
				"<=msec": 60.000
				,"percent": 98.38
				}
			,{
				"<=msec": 61.000
				,"percent": 98.46
				}
			,{
				"<=msec": 62.000
				,"percent": 98.53
				}
			,{
				"<=msec": 63.000
				,"percent": 98.58
				}
			,{
				"<=msec": 64.000
				,"percent": 98.60
				}
			,{
				"<=msec": 65.000
				,"percent": 98.60
				}
			,{
				"<=msec": 66.000
				,"percent": 98.60
				}
			,{
				"<=msec": 67.000
				,"percent": 98.61
				}
			,{
				"<=msec": 68.000
				,"percent": 98.61
				}
			,{
				"<=msec": 69.000
				,"percent": 98.61
				}
			,{
				"<=msec": 70.000
				,"percent": 98.62
				}
			,{
				"<=msec": 71.000
				,"percent": 98.62
				}
			,{
				"<=msec": 72.000
				,"percent": 98.63
				}
			,{
				"<=msec": 73.000
				,"percent": 98.63
				}
			,{
				"<=msec": 74.000
				,"percent": 98.65
				}
			,{
				"<=msec": 75.000
				,"percent": 98.67
				}
			,{
				"<=msec": 76.000
				,"percent": 98.69
				}
			,{
				"<=msec": 77.000
				,"percent": 98.71
				}
			,{
				"<=msec": 78.000
				,"percent": 98.73
				}
			,{
				"<=msec": 79.000
				,"percent": 98.74
				}
			,{
				"<=msec": 80.000
				,"percent": 98.75
				}
			,{
				"<=msec": 82.000
				,"percent": 98.75
				}
			,{
				"<=msec": 83.000
				,"percent": 98.75
				}
			,{
				"<=msec": 84.000
				,"percent": 98.75
				}
			,{
				"<=msec": 86.000
				,"percent": 98.76
				}
			,{
				"<=msec": 87.000
				,"percent": 98.76
				}
			,{
				"<=msec": 88.000
				,"percent": 98.76
				}
			,{
				"<=msec": 89.000
				,"percent": 98.77
				}
			,{
				"<=msec": 90.000
				,"percent": 98.77
				}
			,{
				"<=msec": 91.000
				,"percent": 98.78
				}
			,{
				"<=msec": 92.000
				,"percent": 98.79
				}
			,{
				"<=msec": 93.000
				,"percent": 98.80
				}
			,{
				"<=msec": 94.000
				,"percent": 98.81
				}
			,{
				"<=msec": 95.000
				,"percent": 98.82
				}
			,{
				"<=msec": 96.000
				,"percent": 98.83
				}
			,{
				"<=msec": 97.000
				,"percent": 98.84
				}
			,{
				"<=msec": 98.000
				,"percent": 98.84
				}
			,{
				"<=msec": 100.000
				,"percent": 98.85
				}
			,{
				"<=msec": 110.000
				,"percent": 98.91
				}
			,{
				"<=msec": 120.000
				,"percent": 98.97
				}
			,{
				"<=msec": 130.000
				,"percent": 99.01
				}
			,{
				"<=msec": 140.000
				,"percent": 99.04
				}
			,{
				"<=msec": 150.000
				,"percent": 99.06
				}
			,{
				"<=msec": 160.000
				,"percent": 99.08
				}
			,{
				"<=msec": 170.000
				,"percent": 99.10
				}
			,{
				"<=msec": 180.000
				,"percent": 99.11
				}
			,{
				"<=msec": 190.000
				,"percent": 99.14
				}
			,{
				"<=msec": 200.000
				,"percent": 99.17
				}
			,{
				"<=msec": 210.000
				,"percent": 99.18
				}
			,{
				"<=msec": 220.000
				,"percent": 99.20
				}
			,{
				"<=msec": 230.000
				,"percent": 99.23
				}
			,{
				"<=msec": 240.000
				,"percent": 99.27
				}
			,{
				"<=msec": 250.000
				,"percent": 99.30
				}
			,{
				"<=msec": 260.000
				,"percent": 99.31
				}
			,{
				"<=msec": 270.000
				,"percent": 99.32
				}
			,{
				"<=msec": 280.000
				,"percent": 99.33
				}
			,{
				"<=msec": 290.000
				,"percent": 99.33
				}
			,{
				"<=msec": 300.000
				,"percent": 99.34
				}
			,{
				"<=msec": 310.000
				,"percent": 99.36
				}
			,{
				"<=msec": 320.000
				,"percent": 99.36
				}
			,{
				"<=msec": 330.000
				,"percent": 99.38
				}
			,{
				"<=msec": 340.000
				,"percent": 99.40
				}
			,{
				"<=msec": 350.000
				,"percent": 99.41
				}
			,{
				"<=msec": 360.000
				,"percent": 99.43
				}
			,{
				"<=msec": 370.000
				,"percent": 99.43
				}
			,{
				"<=msec": 380.000
				,"percent": 99.44
				}
			,{
				"<=msec": 390.000
				,"percent": 99.45
				}
			,{
				"<=msec": 400.000
				,"percent": 99.47
				}
			,{
				"<=msec": 410.000
				,"percent": 99.47
				}
			,{
				"<=msec": 420.000
				,"percent": 99.49
				}
			,{
				"<=msec": 430.000
				,"percent": 99.50
				}
			,{
				"<=msec": 440.000
				,"percent": 99.51
				}
			,{
				"<=msec": 450.000
				,"percent": 99.52
				}
			,{
				"<=msec": 460.000
				,"percent": 99.52
				}
			,{
				"<=msec": 470.000
				,"percent": 99.52
				}
			,{
				"<=msec": 480.000
				,"percent": 99.53
				}
			,{
				"<=msec": 490.000
				,"percent": 99.53
				}
			,{
				"<=msec": 500.000
				,"percent": 99.53
				}
			,{
				"<=msec": 510.000
				,"percent": 99.53
				}
			,{
				"<=msec": 530.000
				,"percent": 99.54
				}
			,{
				"<=msec": 550.000
				,"percent": 99.54
				}
			,{
				"<=msec": 560.000
				,"percent": 99.54
				}
			,{
				"<=msec": 570.000
				,"percent": 99.55
				}
			,{
				"<=msec": 580.000
				,"percent": 99.56
				}
			,{
				"<=msec": 590.000
				,"percent": 99.57
				}
			,{
				"<=msec": 620.000
				,"percent": 99.57
				}
			,{
				"<=msec": 640.000
				,"percent": 99.58
				}
			,{
				"<=msec": 650.000
				,"percent": 99.59
				}
			,{
				"<=msec": 660.000
				,"percent": 99.60
				}
			,{
				"<=msec": 670.000
				,"percent": 99.61
				}
			,{
				"<=msec": 680.000
				,"percent": 99.61
				}
			,{
				"<=msec": 690.000
				,"percent": 99.62
				}
			,{
				"<=msec": 700.000
				,"percent": 99.63
				}
			,{
				"<=msec": 710.000
				,"percent": 99.63
				}
			,{
				"<=msec": 720.000
				,"percent": 99.64
				}
			,{
				"<=msec": 730.000
				,"percent": 99.65
				}
			,{
				"<=msec": 740.000
				,"percent": 99.65
				}
			,{
				"<=msec": 760.000
				,"percent": 99.66
				}
			,{
				"<=msec": 770.000
				,"percent": 99.66
				}
			,{
				"<=msec": 800.000
				,"percent": 99.67
				}
			,{
				"<=msec": 810.000
				,"percent": 99.67
				}
			,{
				"<=msec": 820.000
				,"percent": 99.68
				}
			,{
				"<=msec": 830.000
				,"percent": 99.69
				}
			,{
				"<=msec": 840.000
				,"percent": 99.69
				}
			,{
				"<=msec": 870.000
				,"percent": 99.69
				}
			,{
				"<=msec": 890.000
				,"percent": 99.69
				}
			,{
				"<=msec": 900.000
				,"percent": 99.72
				}
			,{
				"<=msec": 910.000
				,"percent": 99.73
				}
			,{
				"<=msec": 920.000
				,"percent": 99.76
				}
			,{
				"<=msec": 930.000
				,"percent": 99.77
				}
			,{
				"<=msec": 940.000
				,"percent": 99.77
				}
			,{
				"<=msec": 950.000
				,"percent": 99.78
				}
			,{
				"<=msec": 960.000
				,"percent": 99.78
				}
			,{
				"<=msec": 990.000
				,"percent": 99.79
				}
			,{
				"<=msec": 1000.000
				,"percent": 99.82
				}
			,{
				"<=msec": 1100.000
				,"percent": 99.86
				}
			,{
				"<=msec": 1200.000
				,"percent": 99.91
				}
			,{
				"<=msec": 1300.000
				,"percent": 99.95
				}
			,{
				"<=msec": 1400.000
				,"percent": 99.97
				}
			,{
				"<=msec": 1500.000
				,"percent": 99.99
				}
			,{
				"<=msec": 1600.000
				,"percent": 100.00
				}
			]
		,"WAIT":[
		]
		}
	}
