{
	"configuration":{
		"server": "10.0.0.9"
		,"port": 11212
		,"unix socket": "(null)"
		,"protocol": "memcache_text"
		,"out_file": "(null)"
		,"client_stats": "(null)"
		,"run_count": 1
		,"debug": 0
		,"requests": 0
		,"clients": 32
		,"threads": 2
		,"test_time": 60
		,"ratio": "1:0"
		,"pipeline": 1
		,"data_size": 4096
		,"data_offset": 0
		,"random_data": "false"
		,"data_size_range": "0:0"
		,"data_size_list": ""
		,"data_size_pattern": "R"
		,"expiry_range": "9999:10000"
		,"data_import": "(null)"
		,"data_verify": "false"
		,"verify_only": "false"
		,"generate_keys": "false"
		,"key_prefix": "memtier-"
		,"key_minimum":           0
		,"key_maximum":        1000
		,"key_pattern": "R:R"
		,"key_stddev": 0.000000
		,"key_median": 0.000000
		,"reconnect_interval": 0
		,"multi_key_get": 0
		,"authenticate": ""
		,"select-db": 0
		,"no-expiry": "false"
		,"wait-ratio": "0:0"
		,"num-slaves": "0:0"
		,"wait-timeout": "0-0"
		}
	,"run information":{
		"Threads": 2
		,"Connections per thread": 32
		,"Seconds": 60
		}
	,"ALL STATS":{
		"Sets":{
			"Ops/sec": 2547.20
			,"Hits/sec": 0.00
			,"Misses/sec": 0.00
			,"Latency": 25.12
			,"KB/sec": 10286.73
			}
		,"Gets":{
			"Ops/sec": 0.00
			,"Hits/sec": 0.00
			,"Misses/sec": 0.00
			,"Latency": 0.00
			,"KB/sec": 0.00
			}
		,"Waits":{
			"Ops/sec": 0.00
			,"Hits/sec": 0.00
			,"Misses/sec": 0.00
			,"Latency": 0.00
			,"KB/sec": 0.00
			}
		,"Totals":{
			"Ops/sec": 2547.20
			,"Hits/sec": 0.00
			,"Misses/sec": 0.00
			,"Latency": 25.12
			,"KB/sec": 10286.73
			}
		,"SET":[
			{
				"<=msec": 2.700
				,"percent": 0.00
				}
			,{
				"<=msec": 4.900
				,"percent": 0.00
				}
			,{
				"<=msec": 5.000
				,"percent": 0.00
				}
			,{
				"<=msec": 5.500
				,"percent": 0.00
				}
			,{
				"<=msec": 5.600
				,"percent": 0.00
				}
			,{
				"<=msec": 5.700
				,"percent": 0.00
				}
			,{
				"<=msec": 5.800
				,"percent": 0.01
				}
			,{
				"<=msec": 6.000
				,"percent": 0.01
				}
			,{
				"<=msec": 6.200
				,"percent": 0.01
				}
			,{
				"<=msec": 6.400
				,"percent": 0.01
				}
			,{
				"<=msec": 6.700
				,"percent": 0.01
				}
			,{
				"<=msec": 6.800
				,"percent": 0.01
				}
			,{
				"<=msec": 6.900
				,"percent": 0.01
				}
			,{
				"<=msec": 7.100
				,"percent": 0.01
				}
			,{
				"<=msec": 7.400
				,"percent": 0.01
				}
			,{
				"<=msec": 7.800
				,"percent": 0.01
				}
			,{
				"<=msec": 8.200
				,"percent": 0.01
				}
			,{
				"<=msec": 8.300
				,"percent": 0.01
				}
			,{
				"<=msec": 8.400
				,"percent": 0.02
				}
			,{
				"<=msec": 8.600
				,"percent": 0.02
				}
			,{
				"<=msec": 8.700
				,"percent": 0.02
				}
			,{
				"<=msec": 8.800
				,"percent": 0.02
				}
			,{
				"<=msec": 8.900
				,"percent": 0.02
				}
			,{
				"<=msec": 9.000
				,"percent": 0.02
				}
			,{
				"<=msec": 9.200
				,"percent": 0.02
				}
			,{
				"<=msec": 9.300
				,"percent": 0.03
				}
			,{
				"<=msec": 9.400
				,"percent": 0.03
				}
			,{
				"<=msec": 9.500
				,"percent": 0.03
				}
			,{
				"<=msec": 9.600
				,"percent": 0.03
				}
			,{
				"<=msec": 9.800
				,"percent": 0.03
				}
			,{
				"<=msec": 9.900
				,"percent": 0.03
				}
			,{
				"<=msec": 10.000
				,"percent": 0.05
				}
			,{
				"<=msec": 11.000
				,"percent": 0.09
				}
			,{
				"<=msec": 12.000
				,"percent": 0.18
				}
			,{
				"<=msec": 13.000
				,"percent": 0.35
				}
			,{
				"<=msec": 14.000
				,"percent": 0.69
				}
			,{
				"<=msec": 15.000
				,"percent": 1.46
				}
			,{
				"<=msec": 16.000
				,"percent": 3.42
				}
			,{
				"<=msec": 17.000
				,"percent": 6.30
				}
			,{
				"<=msec": 18.000
				,"percent": 9.73
				}
			,{
				"<=msec": 19.000
				,"percent": 13.92
				}
			,{
				"<=msec": 20.000
				,"percent": 18.92
				}
			,{
				"<=msec": 21.000
				,"percent": 25.76
				}
			,{
				"<=msec": 22.000
				,"percent": 34.48
				}
			,{
				"<=msec": 23.000
				,"percent": 44.08
				}
			,{
				"<=msec": 24.000
				,"percent": 53.18
				}
			,{
				"<=msec": 25.000
				,"percent": 61.14
				}
			,{
				"<=msec": 26.000
				,"percent": 67.92
				}
			,{
				"<=msec": 27.000
				,"percent": 73.70
				}
			,{
				"<=msec": 28.000
				,"percent": 78.74
				}
			,{
				"<=msec": 29.000
				,"percent": 83.07
				}
			,{
				"<=msec": 30.000
				,"percent": 86.49
				}
			,{
				"<=msec": 31.000
				,"percent": 89.11
				}
			,{
				"<=msec": 32.000
				,"percent": 91.21
				}
			,{
				"<=msec": 33.000
				,"percent": 92.95
				}
			,{
				"<=msec": 34.000
				,"percent": 94.25
				}
			,{
				"<=msec": 35.000
				,"percent": 95.25
				}
			,{
				"<=msec": 36.000
				,"percent": 96.08
				}
			,{
				"<=msec": 37.000
				,"percent": 96.71
				}
			,{
				"<=msec": 38.000
				,"percent": 97.29
				}
			,{
				"<=msec": 39.000
				,"percent": 97.79
				}
			,{
				"<=msec": 40.000
				,"percent": 98.18
				}
			,{
				"<=msec": 41.000
				,"percent": 98.51
				}
			,{
				"<=msec": 42.000
				,"percent": 98.79
				}
			,{
				"<=msec": 43.000
				,"percent": 99.00
				}
			,{
				"<=msec": 44.000
				,"percent": 99.16
				}
			,{
				"<=msec": 45.000
				,"percent": 99.28
				}
			,{
				"<=msec": 46.000
				,"percent": 99.39
				}
			,{
				"<=msec": 47.000
				,"percent": 99.48
				}
			,{
				"<=msec": 48.000
				,"percent": 99.56
				}
			,{
				"<=msec": 49.000
				,"percent": 99.63
				}
			,{
				"<=msec": 50.000
				,"percent": 99.70
				}
			,{
				"<=msec": 51.000
				,"percent": 99.75
				}
			,{
				"<=msec": 52.000
				,"percent": 99.79
				}
			,{
				"<=msec": 53.000
				,"percent": 99.82
				}
			,{
				"<=msec": 54.000
				,"percent": 99.85
				}
			,{
				"<=msec": 55.000
				,"percent": 99.87
				}
			,{
				"<=msec": 56.000
				,"percent": 99.88
				}
			,{
				"<=msec": 57.000
				,"percent": 99.90
				}
			,{
				"<=msec": 58.000
				,"percent": 99.91
				}
			,{
				"<=msec": 59.000
				,"percent": 99.92
				}
			,{
				"<=msec": 60.000
				,"percent": 99.93
				}
			,{
				"<=msec": 61.000
				,"percent": 99.94
				}
			,{
				"<=msec": 62.000
				,"percent": 99.94
				}
			,{
				"<=msec": 63.000
				,"percent": 99.94
				}
			,{
				"<=msec": 64.000
				,"percent": 99.95
				}
			,{
				"<=msec": 65.000
				,"percent": 99.95
				}
			,{
				"<=msec": 66.000
				,"percent": 99.95
				}
			,{
				"<=msec": 67.000
				,"percent": 99.95
				}
			,{
				"<=msec": 68.000
				,"percent": 99.95
				}
			,{
				"<=msec": 69.000
				,"percent": 99.96
				}
			,{
				"<=msec": 70.000
				,"percent": 99.96
				}
			,{
				"<=msec": 79.000
				,"percent": 99.96
				}
			,{
				"<=msec": 240.000
				,"percent": 99.96
				}
			,{
				"<=msec": 290.000
				,"percent": 99.96
				}
			,{
				"<=msec": 320.000
				,"percent": 99.96
				}
			,{
				"<=msec": 330.000
				,"percent": 99.96
				}
			,{
				"<=msec": 340.000
				,"percent": 99.97
				}
			,{
				"<=msec": 350.000
				,"percent": 99.97
				}
			,{
				"<=msec": 360.000
				,"percent": 99.97
				}
			,{
				"<=msec": 370.000
				,"percent": 99.97
				}
			,{
				"<=msec": 380.000
				,"percent": 99.97
				}
			,{
				"<=msec": 390.000
				,"percent": 99.97
				}
			,{
				"<=msec": 400.000
				,"percent": 99.98
				}
			,{
				"<=msec": 410.000
				,"percent": 99.98
				}
			,{
				"<=msec": 420.000
				,"percent": 99.98
				}
			,{
				"<=msec": 440.000
				,"percent": 99.98
				}
			,{
				"<=msec": 450.000
				,"percent": 99.98
				}
			,{
				"<=msec": 460.000
				,"percent": 99.99
				}
			,{
				"<=msec": 480.000
				,"percent": 99.99
				}
			,{
				"<=msec": 490.000
				,"percent": 99.99
				}
			,{
				"<=msec": 500.000
				,"percent": 99.99
				}
			,{
				"<=msec": 510.000
				,"percent": 99.99
				}
			,{
				"<=msec": 520.000
				,"percent": 99.99
				}
			,{
				"<=msec": 550.000
				,"percent": 99.99
				}
			,{
				"<=msec": 560.000
				,"percent": 99.99
				}
			,{
				"<=msec": 570.000
				,"percent": 100.00
				}
			,{
				"<=msec": 580.000
				,"percent": 100.00
				}
			]
		,"GET":[
		]
		,"WAIT":[
		]
		}
	}
