{
	"configuration":{
		"server": "10.0.0.9"
		,"port": 11212
		,"unix socket": "(null)"
		,"protocol": "memcache_text"
		,"out_file": "(null)"
		,"client_stats": "(null)"
		,"run_count": 1
		,"debug": 0
		,"requests": 0
		,"clients": 2
		,"threads": 1
		,"test_time": 60
		,"ratio": "1:6"
		,"pipeline": 1
		,"data_size": 4096
		,"data_offset": 0
		,"random_data": "false"
		,"data_size_range": "0:0"
		,"data_size_list": ""
		,"data_size_pattern": "R"
		,"expiry_range": "9999:10000"
		,"data_import": "(null)"
		,"data_verify": "false"
		,"verify_only": "false"
		,"generate_keys": "false"
		,"key_prefix": "memtier-"
		,"key_minimum":           0
		,"key_maximum":        1000
		,"key_pattern": "R:R"
		,"key_stddev": 0.000000
		,"key_median": 0.000000
		,"reconnect_interval": 0
		,"multi_key_get": 6
		,"authenticate": ""
		,"select-db": 0
		,"no-expiry": "false"
		,"wait-ratio": "0:0"
		,"num-slaves": "0:0"
		,"wait-timeout": "0-0"
		}
	,"run information":{
		"Threads": 1
		,"Connections per thread": 2
		,"Seconds": 60
		}
	,"ALL STATS":{
		"Sets":{
			"Ops/sec": 237.77
			,"Hits/sec": 0.00
			,"Misses/sec": 0.00
			,"Latency": 4.23
			,"KB/sec": 960.22
			}
		,"Gets":{
			"Ops/sec": 237.77
			,"Hits/sec": 1426.62
			,"Misses/sec": 0.00
			,"Latency": 4.16
			,"KB/sec": 5764.21
			}
		,"Waits":{
			"Ops/sec": 0.00
			,"Hits/sec": 0.00
			,"Misses/sec": 0.00
			,"Latency": 0.00
			,"KB/sec": 0.00
			}
		,"Totals":{
			"Ops/sec": 475.54
			,"Hits/sec": 1426.62
			,"Misses/sec": 0.00
			,"Latency": 4.20
			,"KB/sec": 6724.44
			}
		,"SET":[
			{
				"<=msec": 1.200
				,"percent": 0.09
				}
			,{
				"<=msec": 1.300
				,"percent": 0.93
				}
			,{
				"<=msec": 1.400
				,"percent": 3.22
				}
			,{
				"<=msec": 1.500
				,"percent": 7.96
				}
			,{
				"<=msec": 1.600
				,"percent": 14.09
				}
			,{
				"<=msec": 1.700
				,"percent": 20.99
				}
			,{
				"<=msec": 1.800
				,"percent": 27.96
				}
			,{
				"<=msec": 1.900
				,"percent": 34.11
				}
			,{
				"<=msec": 2.000
				,"percent": 38.99
				}
			,{
				"<=msec": 2.100
				,"percent": 42.97
				}
			,{
				"<=msec": 2.200
				,"percent": 46.44
				}
			,{
				"<=msec": 2.300
				,"percent": 48.92
				}
			,{
				"<=msec": 2.400
				,"percent": 51.08
				}
			,{
				"<=msec": 2.500
				,"percent": 52.81
				}
			,{
				"<=msec": 2.600
				,"percent": 54.43
				}
			,{
				"<=msec": 2.700
				,"percent": 55.83
				}
			,{
				"<=msec": 2.800
				,"percent": 56.97
				}
			,{
				"<=msec": 2.900
				,"percent": 58.06
				}
			,{
				"<=msec": 3.000
				,"percent": 58.95
				}
			,{
				"<=msec": 3.100
				,"percent": 59.66
				}
			,{
				"<=msec": 3.200
				,"percent": 60.38
				}
			,{
				"<=msec": 3.300
				,"percent": 60.97
				}
			,{
				"<=msec": 3.400
				,"percent": 61.53
				}
			,{
				"<=msec": 3.500
				,"percent": 62.05
				}
			,{
				"<=msec": 3.600
				,"percent": 62.63
				}
			,{
				"<=msec": 3.700
				,"percent": 63.17
				}
			,{
				"<=msec": 3.800
				,"percent": 63.63
				}
			,{
				"<=msec": 3.900
				,"percent": 64.08
				}
			,{
				"<=msec": 4.000
				,"percent": 64.62
				}
			,{
				"<=msec": 4.100
				,"percent": 65.16
				}
			,{
				"<=msec": 4.200
				,"percent": 65.52
				}
			,{
				"<=msec": 4.300
				,"percent": 65.96
				}
			,{
				"<=msec": 4.400
				,"percent": 66.42
				}
			,{
				"<=msec": 4.500
				,"percent": 66.78
				}
			,{
				"<=msec": 4.600
				,"percent": 67.10
				}
			,{
				"<=msec": 4.700
				,"percent": 67.50
				}
			,{
				"<=msec": 4.800
				,"percent": 67.93
				}
			,{
				"<=msec": 4.900
				,"percent": 68.29
				}
			,{
				"<=msec": 5.000
				,"percent": 68.78
				}
			,{
				"<=msec": 5.100
				,"percent": 69.23
				}
			,{
				"<=msec": 5.200
				,"percent": 69.74
				}
			,{
				"<=msec": 5.300
				,"percent": 70.19
				}
			,{
				"<=msec": 5.400
				,"percent": 70.60
				}
			,{
				"<=msec": 5.500
				,"percent": 71.03
				}
			,{
				"<=msec": 5.600
				,"percent": 71.53
				}
			,{
				"<=msec": 5.700
				,"percent": 71.96
				}
			,{
				"<=msec": 5.800
				,"percent": 72.36
				}
			,{
				"<=msec": 5.900
				,"percent": 72.76
				}
			,{
				"<=msec": 6.000
				,"percent": 73.18
				}
			,{
				"<=msec": 6.100
				,"percent": 73.60
				}
			,{
				"<=msec": 6.200
				,"percent": 73.97
				}
			,{
				"<=msec": 6.300
				,"percent": 74.47
				}
			,{
				"<=msec": 6.400
				,"percent": 74.90
				}
			,{
				"<=msec": 6.500
				,"percent": 75.31
				}
			,{
				"<=msec": 6.600
				,"percent": 75.80
				}
			,{
				"<=msec": 6.700
				,"percent": 76.20
				}
			,{
				"<=msec": 6.800
				,"percent": 76.69
				}
			,{
				"<=msec": 6.900
				,"percent": 77.20
				}
			,{
				"<=msec": 7.000
				,"percent": 77.72
				}
			,{
				"<=msec": 7.100
				,"percent": 78.22
				}
			,{
				"<=msec": 7.200
				,"percent": 78.78
				}
			,{
				"<=msec": 7.300
				,"percent": 79.26
				}
			,{
				"<=msec": 7.400
				,"percent": 79.76
				}
			,{
				"<=msec": 7.500
				,"percent": 80.31
				}
			,{
				"<=msec": 7.600
				,"percent": 80.74
				}
			,{
				"<=msec": 7.700
				,"percent": 81.27
				}
			,{
				"<=msec": 7.800
				,"percent": 81.76
				}
			,{
				"<=msec": 7.900
				,"percent": 82.27
				}
			,{
				"<=msec": 8.000
				,"percent": 82.81
				}
			,{
				"<=msec": 8.100
				,"percent": 83.39
				}
			,{
				"<=msec": 8.200
				,"percent": 83.93
				}
			,{
				"<=msec": 8.300
				,"percent": 84.41
				}
			,{
				"<=msec": 8.400
				,"percent": 84.82
				}
			,{
				"<=msec": 8.500
				,"percent": 85.36
				}
			,{
				"<=msec": 8.600
				,"percent": 85.94
				}
			,{
				"<=msec": 8.700
				,"percent": 86.53
				}
			,{
				"<=msec": 8.800
				,"percent": 87.00
				}
			,{
				"<=msec": 8.900
				,"percent": 87.61
				}
			,{
				"<=msec": 9.000
				,"percent": 88.22
				}
			,{
				"<=msec": 9.100
				,"percent": 88.81
				}
			,{
				"<=msec": 9.200
				,"percent": 89.35
				}
			,{
				"<=msec": 9.300
				,"percent": 89.88
				}
			,{
				"<=msec": 9.400
				,"percent": 90.29
				}
			,{
				"<=msec": 9.500
				,"percent": 90.83
				}
			,{
				"<=msec": 9.600
				,"percent": 91.41
				}
			,{
				"<=msec": 9.700
				,"percent": 91.80
				}
			,{
				"<=msec": 9.800
				,"percent": 92.29
				}
			,{
				"<=msec": 9.900
				,"percent": 92.69
				}
			,{
				"<=msec": 10.000
				,"percent": 94.50
				}
			,{
				"<=msec": 11.000
				,"percent": 97.09
				}
			,{
				"<=msec": 12.000
				,"percent": 98.39
				}
			,{
				"<=msec": 13.000
				,"percent": 99.26
				}
			,{
				"<=msec": 14.000
				,"percent": 99.54
				}
			,{
				"<=msec": 15.000
				,"percent": 99.70
				}
			,{
				"<=msec": 16.000
				,"percent": 99.77
				}
			,{
				"<=msec": 17.000
				,"percent": 99.82
				}
			,{
				"<=msec": 18.000
				,"percent": 99.87
				}
			,{
				"<=msec": 19.000
				,"percent": 99.89
				}
			,{
				"<=msec": 20.000
				,"percent": 99.92
				}
			,{
				"<=msec": 21.000
				,"percent": 99.93
				}
			,{
				"<=msec": 22.000
				,"percent": 99.94
				}
			,{
				"<=msec": 23.000
				,"percent": 99.95
				}
			,{
				"<=msec": 24.000
				,"percent": 99.96
				}
			,{
				"<=msec": 27.000
				,"percent": 99.96
				}
			,{
				"<=msec": 57.000
				,"percent": 99.97
				}
			,{
				"<=msec": 72.000
				,"percent": 99.98
				}
			,{
				"<=msec": 91.000
				,"percent": 99.99
				}
			,{
				"<=msec": 99.000
				,"percent": 99.99
				}
			,{
				"<=msec": 100.000
				,"percent": 100.00
				}
			]
		,"GET":[
			{
				"<=msec": 1.400
				,"percent": 0.01
				}
			,{
				"<=msec": 1.500
				,"percent": 0.21
				}
			,{
				"<=msec": 1.600
				,"percent": 0.80
				}
			,{
				"<=msec": 1.700
				,"percent": 2.19
				}
			,{
				"<=msec": 1.800
				,"percent": 4.14
				}
			,{
				"<=msec": 1.900
				,"percent": 7.23
				}
			,{
				"<=msec": 2.000
				,"percent": 11.06
				}
			,{
				"<=msec": 2.100
				,"percent": 15.72
				}
			,{
				"<=msec": 2.200
				,"percent": 20.80
				}
			,{
				"<=msec": 2.300
				,"percent": 26.09
				}
			,{
				"<=msec": 2.400
				,"percent": 31.65
				}
			,{
				"<=msec": 2.500
				,"percent": 37.39
				}
			,{
				"<=msec": 2.600
				,"percent": 42.90
				}
			,{
				"<=msec": 2.700
				,"percent": 47.45
				}
			,{
				"<=msec": 2.800
				,"percent": 51.74
				}
			,{
				"<=msec": 2.900
				,"percent": 55.46
				}
			,{
				"<=msec": 3.000
				,"percent": 59.02
				}
			,{
				"<=msec": 3.100
				,"percent": 61.88
				}
			,{
				"<=msec": 3.200
				,"percent": 64.41
				}
			,{
				"<=msec": 3.300
				,"percent": 66.69
				}
			,{
				"<=msec": 3.400
				,"percent": 68.41
				}
			,{
				"<=msec": 3.500
				,"percent": 70.08
				}
			,{
				"<=msec": 3.600
				,"percent": 71.29
				}
			,{
				"<=msec": 3.700
				,"percent": 72.50
				}
			,{
				"<=msec": 3.800
				,"percent": 73.41
				}
			,{
				"<=msec": 3.900
				,"percent": 74.22
				}
			,{
				"<=msec": 4.000
				,"percent": 75.12
				}
			,{
				"<=msec": 4.100
				,"percent": 75.83
				}
			,{
				"<=msec": 4.200
				,"percent": 76.41
				}
			,{
				"<=msec": 4.300
				,"percent": 76.95
				}
			,{
				"<=msec": 4.400
				,"percent": 77.35
				}
			,{
				"<=msec": 4.500
				,"percent": 77.78
				}
			,{
				"<=msec": 4.600
				,"percent": 78.14
				}
			,{
				"<=msec": 4.700
				,"percent": 78.52
				}
			,{
				"<=msec": 4.800
				,"percent": 78.84
				}
			,{
				"<=msec": 4.900
				,"percent": 79.26
				}
			,{
				"<=msec": 5.000
				,"percent": 79.57
				}
			,{
				"<=msec": 5.100
				,"percent": 79.87
				}
			,{
				"<=msec": 5.200
				,"percent": 80.19
				}
			,{
				"<=msec": 5.300
				,"percent": 80.47
				}
			,{
				"<=msec": 5.400
				,"percent": 80.68
				}
			,{
				"<=msec": 5.500
				,"percent": 80.96
				}
			,{
				"<=msec": 5.600
				,"percent": 81.17
				}
			,{
				"<=msec": 5.700
				,"percent": 81.45
				}
			,{
				"<=msec": 5.800
				,"percent": 81.72
				}
			,{
				"<=msec": 5.900
				,"percent": 81.90
				}
			,{
				"<=msec": 6.000
				,"percent": 82.06
				}
			,{
				"<=msec": 6.100
				,"percent": 82.27
				}
			,{
				"<=msec": 6.200
				,"percent": 82.51
				}
			,{
				"<=msec": 6.300
				,"percent": 82.72
				}
			,{
				"<=msec": 6.400
				,"percent": 82.95
				}
			,{
				"<=msec": 6.500
				,"percent": 83.18
				}
			,{
				"<=msec": 6.600
				,"percent": 83.38
				}
			,{
				"<=msec": 6.700
				,"percent": 83.60
				}
			,{
				"<=msec": 6.800
				,"percent": 83.84
				}
			,{
				"<=msec": 6.900
				,"percent": 84.06
				}
			,{
				"<=msec": 7.000
				,"percent": 84.30
				}
			,{
				"<=msec": 7.100
				,"percent": 84.47
				}
			,{
				"<=msec": 7.200
				,"percent": 84.71
				}
			,{
				"<=msec": 7.300
				,"percent": 84.94
				}
			,{
				"<=msec": 7.400
				,"percent": 85.15
				}
			,{
				"<=msec": 7.500
				,"percent": 85.36
				}
			,{
				"<=msec": 7.600
				,"percent": 85.65
				}
			,{
				"<=msec": 7.700
				,"percent": 85.90
				}
			,{
				"<=msec": 7.800
				,"percent": 86.09
				}
			,{
				"<=msec": 7.900
				,"percent": 86.30
				}
			,{
				"<=msec": 8.000
				,"percent": 86.48
				}
			,{
				"<=msec": 8.100
				,"percent": 86.61
				}
			,{
				"<=msec": 8.200
				,"percent": 86.84
				}
			,{
				"<=msec": 8.300
				,"percent": 87.06
				}
			,{
				"<=msec": 8.400
				,"percent": 87.24
				}
			,{
				"<=msec": 8.500
				,"percent": 87.38
				}
			,{
				"<=msec": 8.600
				,"percent": 87.53
				}
			,{
				"<=msec": 8.700
				,"percent": 87.68
				}
			,{
				"<=msec": 8.800
				,"percent": 87.82
				}
			,{
				"<=msec": 8.900
				,"percent": 88.06
				}
			,{
				"<=msec": 9.000
				,"percent": 88.20
				}
			,{
				"<=msec": 9.100
				,"percent": 88.41
				}
			,{
				"<=msec": 9.200
				,"percent": 88.53
				}
			,{
				"<=msec": 9.300
				,"percent": 88.76
				}
			,{
				"<=msec": 9.400
				,"percent": 88.94
				}
			,{
				"<=msec": 9.500
				,"percent": 89.16
				}
			,{
				"<=msec": 9.600
				,"percent": 89.32
				}
			,{
				"<=msec": 9.700
				,"percent": 89.46
				}
			,{
				"<=msec": 9.800
				,"percent": 89.66
				}
			,{
				"<=msec": 9.900
				,"percent": 89.83
				}
			,{
				"<=msec": 10.000
				,"percent": 91.03
				}
			,{
				"<=msec": 11.000
				,"percent": 93.54
				}
			,{
				"<=msec": 12.000
				,"percent": 96.73
				}
			,{
				"<=msec": 13.000
				,"percent": 98.61
				}
			,{
				"<=msec": 14.000
				,"percent": 99.37
				}
			,{
				"<=msec": 15.000
				,"percent": 99.59
				}
			,{
				"<=msec": 16.000
				,"percent": 99.73
				}
			,{
				"<=msec": 17.000
				,"percent": 99.84
				}
			,{
				"<=msec": 18.000
				,"percent": 99.89
				}
			,{
				"<=msec": 19.000
				,"percent": 99.94
				}
			,{
				"<=msec": 20.000
				,"percent": 99.95
				}
			,{
				"<=msec": 21.000
				,"percent": 99.96
				}
			,{
				"<=msec": 26.000
				,"percent": 99.97
				}
			,{
				"<=msec": 32.000
				,"percent": 99.98
				}
			,{
				"<=msec": 36.000
				,"percent": 99.99
				}
			,{
				"<=msec": 44.000
				,"percent": 99.99
				}
			,{
				"<=msec": 65.000
				,"percent": 100.00
				}
			]
		,"WAIT":[
		]
		}
	}
