{
	"configuration":{
		"server": "10.0.0.9"
		,"port": 11212
		,"unix socket": "(null)"
		,"protocol": "memcache_text"
		,"out_file": "(null)"
		,"client_stats": "(null)"
		,"run_count": 1
		,"debug": 0
		,"requests": 0
		,"clients": 2
		,"threads": 1
		,"test_time": 60
		,"ratio": "1:3"
		,"pipeline": 1
		,"data_size": 4096
		,"data_offset": 0
		,"random_data": "false"
		,"data_size_range": "0:0"
		,"data_size_list": ""
		,"data_size_pattern": "R"
		,"expiry_range": "9999:10000"
		,"data_import": "(null)"
		,"data_verify": "false"
		,"verify_only": "false"
		,"generate_keys": "false"
		,"key_prefix": "memtier-"
		,"key_minimum":           0
		,"key_maximum":        1000
		,"key_pattern": "R:R"
		,"key_stddev": 0.000000
		,"key_median": 0.000000
		,"reconnect_interval": 0
		,"multi_key_get": 3
		,"authenticate": ""
		,"select-db": 0
		,"no-expiry": "false"
		,"wait-ratio": "0:0"
		,"num-slaves": "0:0"
		,"wait-timeout": "0-0"
		}
	,"run information":{
		"Threads": 1
		,"Connections per thread": 2
		,"Seconds": 60
		}
	,"ALL STATS":{
		"Sets":{
			"Ops/sec": 406.50
			,"Hits/sec": 0.00
			,"Misses/sec": 0.00
			,"Latency": 2.55
			,"KB/sec": 1641.62
			}
		,"Gets":{
			"Ops/sec": 406.50
			,"Hits/sec": 1219.49
			,"Misses/sec": 0.00
			,"Latency": 2.35
			,"KB/sec": 4929.29
			}
		,"Waits":{
			"Ops/sec": 0.00
			,"Hits/sec": 0.00
			,"Misses/sec": 0.00
			,"Latency": 0.00
			,"KB/sec": 0.00
			}
		,"Totals":{
			"Ops/sec": 812.99
			,"Hits/sec": 1219.49
			,"Misses/sec": 0.00
			,"Latency": 2.45
			,"KB/sec": 6570.91
			}
		,"SET":[
			{
				"<=msec": 1.100
				,"percent": 0.00
				}
			,{
				"<=msec": 1.200
				,"percent": 0.51
				}
			,{
				"<=msec": 1.300
				,"percent": 2.88
				}
			,{
				"<=msec": 1.400
				,"percent": 8.94
				}
			,{
				"<=msec": 1.500
				,"percent": 18.01
				}
			,{
				"<=msec": 1.600
				,"percent": 28.03
				}
			,{
				"<=msec": 1.700
				,"percent": 37.84
				}
			,{
				"<=msec": 1.800
				,"percent": 46.42
				}
			,{
				"<=msec": 1.900
				,"percent": 54.18
				}
			,{
				"<=msec": 2.000
				,"percent": 60.23
				}
			,{
				"<=msec": 2.100
				,"percent": 64.78
				}
			,{
				"<=msec": 2.200
				,"percent": 68.67
				}
			,{
				"<=msec": 2.300
				,"percent": 71.93
				}
			,{
				"<=msec": 2.400
				,"percent": 74.07
				}
			,{
				"<=msec": 2.500
				,"percent": 76.10
				}
			,{
				"<=msec": 2.600
				,"percent": 77.86
				}
			,{
				"<=msec": 2.700
				,"percent": 79.28
				}
			,{
				"<=msec": 2.800
				,"percent": 80.36
				}
			,{
				"<=msec": 2.900
				,"percent": 81.43
				}
			,{
				"<=msec": 3.000
				,"percent": 82.29
				}
			,{
				"<=msec": 3.100
				,"percent": 83.04
				}
			,{
				"<=msec": 3.200
				,"percent": 83.73
				}
			,{
				"<=msec": 3.300
				,"percent": 84.28
				}
			,{
				"<=msec": 3.400
				,"percent": 84.88
				}
			,{
				"<=msec": 3.500
				,"percent": 85.42
				}
			,{
				"<=msec": 3.600
				,"percent": 85.94
				}
			,{
				"<=msec": 3.700
				,"percent": 86.40
				}
			,{
				"<=msec": 3.800
				,"percent": 86.78
				}
			,{
				"<=msec": 3.900
				,"percent": 87.19
				}
			,{
				"<=msec": 4.000
				,"percent": 87.61
				}
			,{
				"<=msec": 4.100
				,"percent": 87.99
				}
			,{
				"<=msec": 4.200
				,"percent": 88.33
				}
			,{
				"<=msec": 4.300
				,"percent": 88.69
				}
			,{
				"<=msec": 4.400
				,"percent": 88.98
				}
			,{
				"<=msec": 4.500
				,"percent": 89.36
				}
			,{
				"<=msec": 4.600
				,"percent": 89.68
				}
			,{
				"<=msec": 4.700
				,"percent": 89.97
				}
			,{
				"<=msec": 4.800
				,"percent": 90.23
				}
			,{
				"<=msec": 4.900
				,"percent": 90.48
				}
			,{
				"<=msec": 5.000
				,"percent": 90.81
				}
			,{
				"<=msec": 5.100
				,"percent": 91.12
				}
			,{
				"<=msec": 5.200
				,"percent": 91.39
				}
			,{
				"<=msec": 5.300
				,"percent": 91.70
				}
			,{
				"<=msec": 5.400
				,"percent": 91.96
				}
			,{
				"<=msec": 5.500
				,"percent": 92.20
				}
			,{
				"<=msec": 5.600
				,"percent": 92.41
				}
			,{
				"<=msec": 5.700
				,"percent": 92.62
				}
			,{
				"<=msec": 5.800
				,"percent": 92.80
				}
			,{
				"<=msec": 5.900
				,"percent": 93.07
				}
			,{
				"<=msec": 6.000
				,"percent": 93.34
				}
			,{
				"<=msec": 6.100
				,"percent": 93.61
				}
			,{
				"<=msec": 6.200
				,"percent": 93.84
				}
			,{
				"<=msec": 6.300
				,"percent": 94.09
				}
			,{
				"<=msec": 6.400
				,"percent": 94.32
				}
			,{
				"<=msec": 6.500
				,"percent": 94.56
				}
			,{
				"<=msec": 6.600
				,"percent": 94.77
				}
			,{
				"<=msec": 6.700
				,"percent": 95.00
				}
			,{
				"<=msec": 6.800
				,"percent": 95.26
				}
			,{
				"<=msec": 6.900
				,"percent": 95.53
				}
			,{
				"<=msec": 7.000
				,"percent": 95.79
				}
			,{
				"<=msec": 7.100
				,"percent": 96.02
				}
			,{
				"<=msec": 7.200
				,"percent": 96.31
				}
			,{
				"<=msec": 7.300
				,"percent": 96.52
				}
			,{
				"<=msec": 7.400
				,"percent": 96.74
				}
			,{
				"<=msec": 7.500
				,"percent": 96.92
				}
			,{
				"<=msec": 7.600
				,"percent": 97.08
				}
			,{
				"<=msec": 7.700
				,"percent": 97.28
				}
			,{
				"<=msec": 7.800
				,"percent": 97.51
				}
			,{
				"<=msec": 7.900
				,"percent": 97.66
				}
			,{
				"<=msec": 8.000
				,"percent": 97.79
				}
			,{
				"<=msec": 8.100
				,"percent": 97.91
				}
			,{
				"<=msec": 8.200
				,"percent": 98.06
				}
			,{
				"<=msec": 8.300
				,"percent": 98.18
				}
			,{
				"<=msec": 8.400
				,"percent": 98.29
				}
			,{
				"<=msec": 8.500
				,"percent": 98.37
				}
			,{
				"<=msec": 8.600
				,"percent": 98.46
				}
			,{
				"<=msec": 8.700
				,"percent": 98.55
				}
			,{
				"<=msec": 8.800
				,"percent": 98.63
				}
			,{
				"<=msec": 8.900
				,"percent": 98.72
				}
			,{
				"<=msec": 9.000
				,"percent": 98.78
				}
			,{
				"<=msec": 9.100
				,"percent": 98.83
				}
			,{
				"<=msec": 9.200
				,"percent": 98.88
				}
			,{
				"<=msec": 9.300
				,"percent": 98.93
				}
			,{
				"<=msec": 9.400
				,"percent": 98.99
				}
			,{
				"<=msec": 9.500
				,"percent": 99.04
				}
			,{
				"<=msec": 9.600
				,"percent": 99.09
				}
			,{
				"<=msec": 9.700
				,"percent": 99.12
				}
			,{
				"<=msec": 9.800
				,"percent": 99.16
				}
			,{
				"<=msec": 9.900
				,"percent": 99.19
				}
			,{
				"<=msec": 10.000
				,"percent": 99.38
				}
			,{
				"<=msec": 11.000
				,"percent": 99.59
				}
			,{
				"<=msec": 12.000
				,"percent": 99.71
				}
			,{
				"<=msec": 13.000
				,"percent": 99.78
				}
			,{
				"<=msec": 14.000
				,"percent": 99.81
				}
			,{
				"<=msec": 15.000
				,"percent": 99.84
				}
			,{
				"<=msec": 16.000
				,"percent": 99.87
				}
			,{
				"<=msec": 17.000
				,"percent": 99.91
				}
			,{
				"<=msec": 18.000
				,"percent": 99.93
				}
			,{
				"<=msec": 19.000
				,"percent": 99.95
				}
			,{
				"<=msec": 20.000
				,"percent": 99.95
				}
			,{
				"<=msec": 21.000
				,"percent": 99.97
				}
			,{
				"<=msec": 22.000
				,"percent": 99.98
				}
			,{
				"<=msec": 23.000
				,"percent": 99.98
				}
			,{
				"<=msec": 33.000
				,"percent": 99.99
				}
			,{
				"<=msec": 37.000
				,"percent": 99.99
				}
			,{
				"<=msec": 38.000
				,"percent": 100.00
				}
			,{
				"<=msec": 40.000
				,"percent": 100.00
				}
			]
		,"GET":[
			{
				"<=msec": 1.100
				,"percent": 0.03
				}
			,{
				"<=msec": 1.200
				,"percent": 0.25
				}
			,{
				"<=msec": 1.300
				,"percent": 1.40
				}
			,{
				"<=msec": 1.400
				,"percent": 4.78
				}
			,{
				"<=msec": 1.500
				,"percent": 11.00
				}
			,{
				"<=msec": 1.600
				,"percent": 19.50
				}
			,{
				"<=msec": 1.700
				,"percent": 29.51
				}
			,{
				"<=msec": 1.800
				,"percent": 39.47
				}
			,{
				"<=msec": 1.900
				,"percent": 48.71
				}
			,{
				"<=msec": 2.000
				,"percent": 56.61
				}
			,{
				"<=msec": 2.100
				,"percent": 63.44
				}
			,{
				"<=msec": 2.200
				,"percent": 68.91
				}
			,{
				"<=msec": 2.300
				,"percent": 73.17
				}
			,{
				"<=msec": 2.400
				,"percent": 76.57
				}
			,{
				"<=msec": 2.500
				,"percent": 79.48
				}
			,{
				"<=msec": 2.600
				,"percent": 81.92
				}
			,{
				"<=msec": 2.700
				,"percent": 83.90
				}
			,{
				"<=msec": 2.800
				,"percent": 85.47
				}
			,{
				"<=msec": 2.900
				,"percent": 86.84
				}
			,{
				"<=msec": 3.000
				,"percent": 87.97
				}
			,{
				"<=msec": 3.100
				,"percent": 88.90
				}
			,{
				"<=msec": 3.200
				,"percent": 89.67
				}
			,{
				"<=msec": 3.300
				,"percent": 90.40
				}
			,{
				"<=msec": 3.400
				,"percent": 90.94
				}
			,{
				"<=msec": 3.500
				,"percent": 91.43
				}
			,{
				"<=msec": 3.600
				,"percent": 91.86
				}
			,{
				"<=msec": 3.700
				,"percent": 92.30
				}
			,{
				"<=msec": 3.800
				,"percent": 92.65
				}
			,{
				"<=msec": 3.900
				,"percent": 92.97
				}
			,{
				"<=msec": 4.000
				,"percent": 93.25
				}
			,{
				"<=msec": 4.100
				,"percent": 93.49
				}
			,{
				"<=msec": 4.200
				,"percent": 93.71
				}
			,{
				"<=msec": 4.300
				,"percent": 93.94
				}
			,{
				"<=msec": 4.400
				,"percent": 94.15
				}
			,{
				"<=msec": 4.500
				,"percent": 94.35
				}
			,{
				"<=msec": 4.600
				,"percent": 94.55
				}
			,{
				"<=msec": 4.700
				,"percent": 94.73
				}
			,{
				"<=msec": 4.800
				,"percent": 94.89
				}
			,{
				"<=msec": 4.900
				,"percent": 95.02
				}
			,{
				"<=msec": 5.000
				,"percent": 95.14
				}
			,{
				"<=msec": 5.100
				,"percent": 95.29
				}
			,{
				"<=msec": 5.200
				,"percent": 95.42
				}
			,{
				"<=msec": 5.300
				,"percent": 95.54
				}
			,{
				"<=msec": 5.400
				,"percent": 95.71
				}
			,{
				"<=msec": 5.500
				,"percent": 95.81
				}
			,{
				"<=msec": 5.600
				,"percent": 95.88
				}
			,{
				"<=msec": 5.700
				,"percent": 96.02
				}
			,{
				"<=msec": 5.800
				,"percent": 96.17
				}
			,{
				"<=msec": 5.900
				,"percent": 96.30
				}
			,{
				"<=msec": 6.000
				,"percent": 96.42
				}
			,{
				"<=msec": 6.100
				,"percent": 96.54
				}
			,{
				"<=msec": 6.200
				,"percent": 96.70
				}
			,{
				"<=msec": 6.300
				,"percent": 96.81
				}
			,{
				"<=msec": 6.400
				,"percent": 96.95
				}
			,{
				"<=msec": 6.500
				,"percent": 97.09
				}
			,{
				"<=msec": 6.600
				,"percent": 97.22
				}
			,{
				"<=msec": 6.700
				,"percent": 97.36
				}
			,{
				"<=msec": 6.800
				,"percent": 97.49
				}
			,{
				"<=msec": 6.900
				,"percent": 97.60
				}
			,{
				"<=msec": 7.000
				,"percent": 97.71
				}
			,{
				"<=msec": 7.100
				,"percent": 97.87
				}
			,{
				"<=msec": 7.200
				,"percent": 97.96
				}
			,{
				"<=msec": 7.300
				,"percent": 98.06
				}
			,{
				"<=msec": 7.400
				,"percent": 98.18
				}
			,{
				"<=msec": 7.500
				,"percent": 98.29
				}
			,{
				"<=msec": 7.600
				,"percent": 98.41
				}
			,{
				"<=msec": 7.700
				,"percent": 98.52
				}
			,{
				"<=msec": 7.800
				,"percent": 98.60
				}
			,{
				"<=msec": 7.900
				,"percent": 98.70
				}
			,{
				"<=msec": 8.000
				,"percent": 98.79
				}
			,{
				"<=msec": 8.100
				,"percent": 98.87
				}
			,{
				"<=msec": 8.200
				,"percent": 98.94
				}
			,{
				"<=msec": 8.300
				,"percent": 99.00
				}
			,{
				"<=msec": 8.400
				,"percent": 99.04
				}
			,{
				"<=msec": 8.500
				,"percent": 99.09
				}
			,{
				"<=msec": 8.600
				,"percent": 99.13
				}
			,{
				"<=msec": 8.700
				,"percent": 99.17
				}
			,{
				"<=msec": 8.800
				,"percent": 99.20
				}
			,{
				"<=msec": 8.900
				,"percent": 99.21
				}
			,{
				"<=msec": 9.000
				,"percent": 99.23
				}
			,{
				"<=msec": 9.100
				,"percent": 99.26
				}
			,{
				"<=msec": 9.200
				,"percent": 99.29
				}
			,{
				"<=msec": 9.300
				,"percent": 99.30
				}
			,{
				"<=msec": 9.400
				,"percent": 99.35
				}
			,{
				"<=msec": 9.500
				,"percent": 99.37
				}
			,{
				"<=msec": 9.600
				,"percent": 99.38
				}
			,{
				"<=msec": 9.700
				,"percent": 99.38
				}
			,{
				"<=msec": 9.800
				,"percent": 99.42
				}
			,{
				"<=msec": 9.900
				,"percent": 99.45
				}
			,{
				"<=msec": 10.000
				,"percent": 99.58
				}
			,{
				"<=msec": 11.000
				,"percent": 99.73
				}
			,{
				"<=msec": 12.000
				,"percent": 99.86
				}
			,{
				"<=msec": 13.000
				,"percent": 99.90
				}
			,{
				"<=msec": 14.000
				,"percent": 99.92
				}
			,{
				"<=msec": 15.000
				,"percent": 99.94
				}
			,{
				"<=msec": 16.000
				,"percent": 99.96
				}
			,{
				"<=msec": 17.000
				,"percent": 99.98
				}
			,{
				"<=msec": 18.000
				,"percent": 99.99
				}
			,{
				"<=msec": 20.000
				,"percent": 99.99
				}
			,{
				"<=msec": 21.000
				,"percent": 100.00
				}
			,{
				"<=msec": 22.000
				,"percent": 100.00
				}
			]
		,"WAIT":[
		]
		}
	}
