{
	"configuration":{
		"server": "10.0.0.9"
		,"port": 11212
		,"unix socket": "(null)"
		,"protocol": "memcache_text"
		,"out_file": "(null)"
		,"client_stats": "(null)"
		,"run_count": 1
		,"debug": 0
		,"requests": 0
		,"clients": 2
		,"threads": 1
		,"test_time": 60
		,"ratio": "1:1"
		,"pipeline": 1
		,"data_size": 4096
		,"data_offset": 0
		,"random_data": "false"
		,"data_size_range": "0:0"
		,"data_size_list": ""
		,"data_size_pattern": "R"
		,"expiry_range": "9999:10000"
		,"data_import": "(null)"
		,"data_verify": "false"
		,"verify_only": "false"
		,"generate_keys": "false"
		,"key_prefix": "memtier-"
		,"key_minimum":           0
		,"key_maximum":        1000
		,"key_pattern": "R:R"
		,"key_stddev": 0.000000
		,"key_median": 0.000000
		,"reconnect_interval": 0
		,"multi_key_get": 1
		,"authenticate": ""
		,"select-db": 0
		,"no-expiry": "false"
		,"wait-ratio": "0:0"
		,"num-slaves": "0:0"
		,"wait-timeout": "0-0"
		}
	,"run information":{
		"Threads": 1
		,"Connections per thread": 2
		,"Seconds": 60
		}
	,"ALL STATS":{
		"Sets":{
			"Ops/sec": 439.40
			,"Hits/sec": 0.00
			,"Misses/sec": 0.00
			,"Latency": 2.54
			,"KB/sec": 1774.49
			}
		,"Gets":{
			"Ops/sec": 439.38
			,"Hits/sec": 439.38
			,"Misses/sec": 0.00
			,"Latency": 2.00
			,"KB/sec": 1778.88
			}
		,"Waits":{
			"Ops/sec": 0.00
			,"Hits/sec": 0.00
			,"Misses/sec": 0.00
			,"Latency": 0.00
			,"KB/sec": 0.00
			}
		,"Totals":{
			"Ops/sec": 878.78
			,"Hits/sec": 439.38
			,"Misses/sec": 0.00
			,"Latency": 2.27
			,"KB/sec": 3553.37
			}
		,"SET":[
			{
				"<=msec": 1.100
				,"percent": 0.05
				}
			,{
				"<=msec": 1.200
				,"percent": 0.82
				}
			,{
				"<=msec": 1.300
				,"percent": 3.88
				}
			,{
				"<=msec": 1.400
				,"percent": 11.22
				}
			,{
				"<=msec": 1.500
				,"percent": 20.77
				}
			,{
				"<=msec": 1.600
				,"percent": 31.39
				}
			,{
				"<=msec": 1.700
				,"percent": 41.45
				}
			,{
				"<=msec": 1.800
				,"percent": 50.00
				}
			,{
				"<=msec": 1.900
				,"percent": 57.07
				}
			,{
				"<=msec": 2.000
				,"percent": 62.39
				}
			,{
				"<=msec": 2.100
				,"percent": 66.76
				}
			,{
				"<=msec": 2.200
				,"percent": 70.05
				}
			,{
				"<=msec": 2.300
				,"percent": 72.52
				}
			,{
				"<=msec": 2.400
				,"percent": 74.52
				}
			,{
				"<=msec": 2.500
				,"percent": 76.28
				}
			,{
				"<=msec": 2.600
				,"percent": 77.72
				}
			,{
				"<=msec": 2.700
				,"percent": 79.04
				}
			,{
				"<=msec": 2.800
				,"percent": 80.18
				}
			,{
				"<=msec": 2.900
				,"percent": 81.14
				}
			,{
				"<=msec": 3.000
				,"percent": 82.08
				}
			,{
				"<=msec": 3.100
				,"percent": 82.81
				}
			,{
				"<=msec": 3.200
				,"percent": 83.41
				}
			,{
				"<=msec": 3.300
				,"percent": 83.98
				}
			,{
				"<=msec": 3.400
				,"percent": 84.62
				}
			,{
				"<=msec": 3.500
				,"percent": 85.09
				}
			,{
				"<=msec": 3.600
				,"percent": 85.60
				}
			,{
				"<=msec": 3.700
				,"percent": 86.01
				}
			,{
				"<=msec": 3.800
				,"percent": 86.42
				}
			,{
				"<=msec": 3.900
				,"percent": 86.84
				}
			,{
				"<=msec": 4.000
				,"percent": 87.25
				}
			,{
				"<=msec": 4.100
				,"percent": 87.64
				}
			,{
				"<=msec": 4.200
				,"percent": 88.00
				}
			,{
				"<=msec": 4.300
				,"percent": 88.33
				}
			,{
				"<=msec": 4.400
				,"percent": 88.66
				}
			,{
				"<=msec": 4.500
				,"percent": 89.04
				}
			,{
				"<=msec": 4.600
				,"percent": 89.29
				}
			,{
				"<=msec": 4.700
				,"percent": 89.51
				}
			,{
				"<=msec": 4.800
				,"percent": 89.79
				}
			,{
				"<=msec": 4.900
				,"percent": 90.07
				}
			,{
				"<=msec": 5.000
				,"percent": 90.32
				}
			,{
				"<=msec": 5.100
				,"percent": 90.56
				}
			,{
				"<=msec": 5.200
				,"percent": 90.83
				}
			,{
				"<=msec": 5.300
				,"percent": 91.06
				}
			,{
				"<=msec": 5.400
				,"percent": 91.29
				}
			,{
				"<=msec": 5.500
				,"percent": 91.51
				}
			,{
				"<=msec": 5.600
				,"percent": 91.72
				}
			,{
				"<=msec": 5.700
				,"percent": 91.99
				}
			,{
				"<=msec": 5.800
				,"percent": 92.28
				}
			,{
				"<=msec": 5.900
				,"percent": 92.53
				}
			,{
				"<=msec": 6.000
				,"percent": 92.78
				}
			,{
				"<=msec": 6.100
				,"percent": 93.04
				}
			,{
				"<=msec": 6.200
				,"percent": 93.25
				}
			,{
				"<=msec": 6.300
				,"percent": 93.51
				}
			,{
				"<=msec": 6.400
				,"percent": 93.71
				}
			,{
				"<=msec": 6.500
				,"percent": 93.98
				}
			,{
				"<=msec": 6.600
				,"percent": 94.27
				}
			,{
				"<=msec": 6.700
				,"percent": 94.53
				}
			,{
				"<=msec": 6.800
				,"percent": 94.84
				}
			,{
				"<=msec": 6.900
				,"percent": 95.13
				}
			,{
				"<=msec": 7.000
				,"percent": 95.38
				}
			,{
				"<=msec": 7.100
				,"percent": 95.68
				}
			,{
				"<=msec": 7.200
				,"percent": 95.93
				}
			,{
				"<=msec": 7.300
				,"percent": 96.32
				}
			,{
				"<=msec": 7.400
				,"percent": 96.58
				}
			,{
				"<=msec": 7.500
				,"percent": 96.73
				}
			,{
				"<=msec": 7.600
				,"percent": 96.94
				}
			,{
				"<=msec": 7.700
				,"percent": 97.14
				}
			,{
				"<=msec": 7.800
				,"percent": 97.33
				}
			,{
				"<=msec": 7.900
				,"percent": 97.52
				}
			,{
				"<=msec": 8.000
				,"percent": 97.66
				}
			,{
				"<=msec": 8.100
				,"percent": 97.77
				}
			,{
				"<=msec": 8.200
				,"percent": 97.91
				}
			,{
				"<=msec": 8.300
				,"percent": 98.05
				}
			,{
				"<=msec": 8.400
				,"percent": 98.17
				}
			,{
				"<=msec": 8.500
				,"percent": 98.27
				}
			,{
				"<=msec": 8.600
				,"percent": 98.38
				}
			,{
				"<=msec": 8.700
				,"percent": 98.48
				}
			,{
				"<=msec": 8.800
				,"percent": 98.54
				}
			,{
				"<=msec": 8.900
				,"percent": 98.61
				}
			,{
				"<=msec": 9.000
				,"percent": 98.67
				}
			,{
				"<=msec": 9.100
				,"percent": 98.73
				}
			,{
				"<=msec": 9.200
				,"percent": 98.79
				}
			,{
				"<=msec": 9.300
				,"percent": 98.80
				}
			,{
				"<=msec": 9.400
				,"percent": 98.84
				}
			,{
				"<=msec": 9.500
				,"percent": 98.91
				}
			,{
				"<=msec": 9.600
				,"percent": 98.96
				}
			,{
				"<=msec": 9.700
				,"percent": 99.01
				}
			,{
				"<=msec": 9.800
				,"percent": 99.09
				}
			,{
				"<=msec": 9.900
				,"percent": 99.14
				}
			,{
				"<=msec": 10.000
				,"percent": 99.34
				}
			,{
				"<=msec": 11.000
				,"percent": 99.56
				}
			,{
				"<=msec": 12.000
				,"percent": 99.75
				}
			,{
				"<=msec": 13.000
				,"percent": 99.81
				}
			,{
				"<=msec": 14.000
				,"percent": 99.86
				}
			,{
				"<=msec": 15.000
				,"percent": 99.91
				}
			,{
				"<=msec": 16.000
				,"percent": 99.94
				}
			,{
				"<=msec": 17.000
				,"percent": 99.96
				}
			,{
				"<=msec": 18.000
				,"percent": 99.97
				}
			,{
				"<=msec": 20.000
				,"percent": 99.98
				}
			,{
				"<=msec": 21.000
				,"percent": 99.98
				}
			,{
				"<=msec": 23.000
				,"percent": 99.98
				}
			,{
				"<=msec": 25.000
				,"percent": 99.99
				}
			,{
				"<=msec": 29.000
				,"percent": 99.99
				}
			,{
				"<=msec": 32.000
				,"percent": 100.00
				}
			,{
				"<=msec": 36.000
				,"percent": 100.00
				}
			]
		,"GET":[
			{
				"<=msec": 0.920
				,"percent": 0.01
				}
			,{
				"<=msec": 0.930
				,"percent": 0.01
				}
			,{
				"<=msec": 0.940
				,"percent": 0.02
				}
			,{
				"<=msec": 0.970
				,"percent": 0.02
				}
			,{
				"<=msec": 0.980
				,"percent": 0.04
				}
			,{
				"<=msec": 0.990
				,"percent": 0.06
				}
			,{
				"<=msec": 1.000
				,"percent": 0.30
				}
			,{
				"<=msec": 1.100
				,"percent": 3.34
				}
			,{
				"<=msec": 1.200
				,"percent": 11.61
				}
			,{
				"<=msec": 1.300
				,"percent": 24.35
				}
			,{
				"<=msec": 1.400
				,"percent": 37.91
				}
			,{
				"<=msec": 1.500
				,"percent": 49.65
				}
			,{
				"<=msec": 1.600
				,"percent": 58.64
				}
			,{
				"<=msec": 1.700
				,"percent": 65.87
				}
			,{
				"<=msec": 1.800
				,"percent": 71.37
				}
			,{
				"<=msec": 1.900
				,"percent": 75.51
				}
			,{
				"<=msec": 2.000
				,"percent": 78.76
				}
			,{
				"<=msec": 2.100
				,"percent": 81.16
				}
			,{
				"<=msec": 2.200
				,"percent": 82.99
				}
			,{
				"<=msec": 2.300
				,"percent": 84.56
				}
			,{
				"<=msec": 2.400
				,"percent": 85.86
				}
			,{
				"<=msec": 2.500
				,"percent": 86.88
				}
			,{
				"<=msec": 2.600
				,"percent": 87.76
				}
			,{
				"<=msec": 2.700
				,"percent": 88.58
				}
			,{
				"<=msec": 2.800
				,"percent": 89.23
				}
			,{
				"<=msec": 2.900
				,"percent": 89.73
				}
			,{
				"<=msec": 3.000
				,"percent": 90.29
				}
			,{
				"<=msec": 3.100
				,"percent": 90.71
				}
			,{
				"<=msec": 3.200
				,"percent": 91.14
				}
			,{
				"<=msec": 3.300
				,"percent": 91.49
				}
			,{
				"<=msec": 3.400
				,"percent": 91.81
				}
			,{
				"<=msec": 3.500
				,"percent": 92.12
				}
			,{
				"<=msec": 3.600
				,"percent": 92.41
				}
			,{
				"<=msec": 3.700
				,"percent": 92.66
				}
			,{
				"<=msec": 3.800
				,"percent": 92.87
				}
			,{
				"<=msec": 3.900
				,"percent": 93.05
				}
			,{
				"<=msec": 4.000
				,"percent": 93.24
				}
			,{
				"<=msec": 4.100
				,"percent": 93.45
				}
			,{
				"<=msec": 4.200
				,"percent": 93.64
				}
			,{
				"<=msec": 4.300
				,"percent": 93.83
				}
			,{
				"<=msec": 4.400
				,"percent": 94.01
				}
			,{
				"<=msec": 4.500
				,"percent": 94.16
				}
			,{
				"<=msec": 4.600
				,"percent": 94.32
				}
			,{
				"<=msec": 4.700
				,"percent": 94.45
				}
			,{
				"<=msec": 4.800
				,"percent": 94.57
				}
			,{
				"<=msec": 4.900
				,"percent": 94.71
				}
			,{
				"<=msec": 5.000
				,"percent": 94.79
				}
			,{
				"<=msec": 5.100
				,"percent": 94.97
				}
			,{
				"<=msec": 5.200
				,"percent": 95.11
				}
			,{
				"<=msec": 5.300
				,"percent": 95.26
				}
			,{
				"<=msec": 5.400
				,"percent": 95.37
				}
			,{
				"<=msec": 5.500
				,"percent": 95.50
				}
			,{
				"<=msec": 5.600
				,"percent": 95.65
				}
			,{
				"<=msec": 5.700
				,"percent": 95.77
				}
			,{
				"<=msec": 5.800
				,"percent": 95.94
				}
			,{
				"<=msec": 5.900
				,"percent": 96.14
				}
			,{
				"<=msec": 6.000
				,"percent": 96.33
				}
			,{
				"<=msec": 6.100
				,"percent": 96.50
				}
			,{
				"<=msec": 6.200
				,"percent": 96.64
				}
			,{
				"<=msec": 6.300
				,"percent": 96.76
				}
			,{
				"<=msec": 6.400
				,"percent": 96.97
				}
			,{
				"<=msec": 6.500
				,"percent": 97.10
				}
			,{
				"<=msec": 6.600
				,"percent": 97.30
				}
			,{
				"<=msec": 6.700
				,"percent": 97.49
				}
			,{
				"<=msec": 6.800
				,"percent": 97.70
				}
			,{
				"<=msec": 6.900
				,"percent": 97.88
				}
			,{
				"<=msec": 7.000
				,"percent": 98.06
				}
			,{
				"<=msec": 7.100
				,"percent": 98.19
				}
			,{
				"<=msec": 7.200
				,"percent": 98.37
				}
			,{
				"<=msec": 7.300
				,"percent": 98.51
				}
			,{
				"<=msec": 7.400
				,"percent": 98.60
				}
			,{
				"<=msec": 7.500
				,"percent": 98.71
				}
			,{
				"<=msec": 7.600
				,"percent": 98.78
				}
			,{
				"<=msec": 7.700
				,"percent": 98.85
				}
			,{
				"<=msec": 7.800
				,"percent": 98.93
				}
			,{
				"<=msec": 7.900
				,"percent": 98.99
				}
			,{
				"<=msec": 8.000
				,"percent": 99.04
				}
			,{
				"<=msec": 8.100
				,"percent": 99.08
				}
			,{
				"<=msec": 8.200
				,"percent": 99.11
				}
			,{
				"<=msec": 8.300
				,"percent": 99.16
				}
			,{
				"<=msec": 8.400
				,"percent": 99.19
				}
			,{
				"<=msec": 8.500
				,"percent": 99.21
				}
			,{
				"<=msec": 8.600
				,"percent": 99.25
				}
			,{
				"<=msec": 8.700
				,"percent": 99.28
				}
			,{
				"<=msec": 8.800
				,"percent": 99.31
				}
			,{
				"<=msec": 8.900
				,"percent": 99.33
				}
			,{
				"<=msec": 9.000
				,"percent": 99.39
				}
			,{
				"<=msec": 9.100
				,"percent": 99.40
				}
			,{
				"<=msec": 9.200
				,"percent": 99.41
				}
			,{
				"<=msec": 9.300
				,"percent": 99.43
				}
			,{
				"<=msec": 9.400
				,"percent": 99.46
				}
			,{
				"<=msec": 9.500
				,"percent": 99.50
				}
			,{
				"<=msec": 9.600
				,"percent": 99.53
				}
			,{
				"<=msec": 9.700
				,"percent": 99.55
				}
			,{
				"<=msec": 9.800
				,"percent": 99.57
				}
			,{
				"<=msec": 9.900
				,"percent": 99.58
				}
			,{
				"<=msec": 10.000
				,"percent": 99.69
				}
			,{
				"<=msec": 11.000
				,"percent": 99.76
				}
			,{
				"<=msec": 12.000
				,"percent": 99.87
				}
			,{
				"<=msec": 13.000
				,"percent": 99.91
				}
			,{
				"<=msec": 14.000
				,"percent": 99.93
				}
			,{
				"<=msec": 15.000
				,"percent": 99.95
				}
			,{
				"<=msec": 17.000
				,"percent": 99.96
				}
			,{
				"<=msec": 18.000
				,"percent": 99.98
				}
			,{
				"<=msec": 19.000
				,"percent": 99.98
				}
			,{
				"<=msec": 21.000
				,"percent": 99.99
				}
			,{
				"<=msec": 22.000
				,"percent": 100.00
				}
			]
		,"WAIT":[
		]
		}
	}
