{
	"configuration":{
		"server": "10.0.0.9"
		,"port": 11212
		,"unix socket": "(null)"
		,"protocol": "memcache_text"
		,"out_file": "(null)"
		,"client_stats": "(null)"
		,"run_count": 1
		,"debug": 0
		,"requests": 0
		,"clients": 2
		,"threads": 1
		,"test_time": 60
		,"ratio": "1:6"
		,"pipeline": 1
		,"data_size": 4096
		,"data_offset": 0
		,"random_data": "false"
		,"data_size_range": "0:0"
		,"data_size_list": ""
		,"data_size_pattern": "R"
		,"expiry_range": "9999:10000"
		,"data_import": "(null)"
		,"data_verify": "false"
		,"verify_only": "false"
		,"generate_keys": "false"
		,"key_prefix": "memtier-"
		,"key_minimum":           0
		,"key_maximum":        1000
		,"key_pattern": "R:R"
		,"key_stddev": 0.000000
		,"key_median": 0.000000
		,"reconnect_interval": 0
		,"multi_key_get": 6
		,"authenticate": ""
		,"select-db": 0
		,"no-expiry": "false"
		,"wait-ratio": "0:0"
		,"num-slaves": "0:0"
		,"wait-timeout": "0-0"
		}
	,"run information":{
		"Threads": 1
		,"Connections per thread": 2
		,"Seconds": 60
		}
	,"ALL STATS":{
		"Sets":{
			"Ops/sec": 237.13
			,"Hits/sec": 0.00
			,"Misses/sec": 0.00
			,"Latency": 4.23
			,"KB/sec": 957.62
			}
		,"Gets":{
			"Ops/sec": 237.13
			,"Hits/sec": 1422.76
			,"Misses/sec": 0.00
			,"Latency": 4.19
			,"KB/sec": 5748.61
			}
		,"Waits":{
			"Ops/sec": 0.00
			,"Hits/sec": 0.00
			,"Misses/sec": 0.00
			,"Latency": 0.00
			,"KB/sec": 0.00
			}
		,"Totals":{
			"Ops/sec": 474.25
			,"Hits/sec": 1422.76
			,"Misses/sec": 0.00
			,"Latency": 4.21
			,"KB/sec": 6706.24
			}
		,"SET":[
			{
				"<=msec": 1.200
				,"percent": 0.13
				}
			,{
				"<=msec": 1.300
				,"percent": 0.79
				}
			,{
				"<=msec": 1.400
				,"percent": 2.90
				}
			,{
				"<=msec": 1.500
				,"percent": 7.04
				}
			,{
				"<=msec": 1.600
				,"percent": 12.83
				}
			,{
				"<=msec": 1.700
				,"percent": 19.52
				}
			,{
				"<=msec": 1.800
				,"percent": 26.44
				}
			,{
				"<=msec": 1.900
				,"percent": 32.59
				}
			,{
				"<=msec": 2.000
				,"percent": 38.43
				}
			,{
				"<=msec": 2.100
				,"percent": 42.74
				}
			,{
				"<=msec": 2.200
				,"percent": 46.35
				}
			,{
				"<=msec": 2.300
				,"percent": 49.00
				}
			,{
				"<=msec": 2.400
				,"percent": 51.34
				}
			,{
				"<=msec": 2.500
				,"percent": 53.15
				}
			,{
				"<=msec": 2.600
				,"percent": 54.62
				}
			,{
				"<=msec": 2.700
				,"percent": 56.15
				}
			,{
				"<=msec": 2.800
				,"percent": 57.28
				}
			,{
				"<=msec": 2.900
				,"percent": 58.21
				}
			,{
				"<=msec": 3.000
				,"percent": 59.08
				}
			,{
				"<=msec": 3.100
				,"percent": 59.90
				}
			,{
				"<=msec": 3.200
				,"percent": 60.58
				}
			,{
				"<=msec": 3.300
				,"percent": 61.28
				}
			,{
				"<=msec": 3.400
				,"percent": 61.81
				}
			,{
				"<=msec": 3.500
				,"percent": 62.35
				}
			,{
				"<=msec": 3.600
				,"percent": 62.85
				}
			,{
				"<=msec": 3.700
				,"percent": 63.33
				}
			,{
				"<=msec": 3.800
				,"percent": 63.85
				}
			,{
				"<=msec": 3.900
				,"percent": 64.30
				}
			,{
				"<=msec": 4.000
				,"percent": 64.83
				}
			,{
				"<=msec": 4.100
				,"percent": 65.27
				}
			,{
				"<=msec": 4.200
				,"percent": 65.68
				}
			,{
				"<=msec": 4.300
				,"percent": 66.14
				}
			,{
				"<=msec": 4.400
				,"percent": 66.49
				}
			,{
				"<=msec": 4.500
				,"percent": 66.78
				}
			,{
				"<=msec": 4.600
				,"percent": 67.19
				}
			,{
				"<=msec": 4.700
				,"percent": 67.51
				}
			,{
				"<=msec": 4.800
				,"percent": 67.92
				}
			,{
				"<=msec": 4.900
				,"percent": 68.34
				}
			,{
				"<=msec": 5.000
				,"percent": 68.71
				}
			,{
				"<=msec": 5.100
				,"percent": 69.06
				}
			,{
				"<=msec": 5.200
				,"percent": 69.43
				}
			,{
				"<=msec": 5.300
				,"percent": 69.81
				}
			,{
				"<=msec": 5.400
				,"percent": 70.09
				}
			,{
				"<=msec": 5.500
				,"percent": 70.47
				}
			,{
				"<=msec": 5.600
				,"percent": 70.88
				}
			,{
				"<=msec": 5.700
				,"percent": 71.27
				}
			,{
				"<=msec": 5.800
				,"percent": 71.69
				}
			,{
				"<=msec": 5.900
				,"percent": 72.13
				}
			,{
				"<=msec": 6.000
				,"percent": 72.55
				}
			,{
				"<=msec": 6.100
				,"percent": 72.93
				}
			,{
				"<=msec": 6.200
				,"percent": 73.30
				}
			,{
				"<=msec": 6.300
				,"percent": 73.81
				}
			,{
				"<=msec": 6.400
				,"percent": 74.23
				}
			,{
				"<=msec": 6.500
				,"percent": 74.70
				}
			,{
				"<=msec": 6.600
				,"percent": 75.22
				}
			,{
				"<=msec": 6.700
				,"percent": 75.67
				}
			,{
				"<=msec": 6.800
				,"percent": 76.17
				}
			,{
				"<=msec": 6.900
				,"percent": 76.64
				}
			,{
				"<=msec": 7.000
				,"percent": 77.02
				}
			,{
				"<=msec": 7.100
				,"percent": 77.51
				}
			,{
				"<=msec": 7.200
				,"percent": 78.07
				}
			,{
				"<=msec": 7.300
				,"percent": 78.54
				}
			,{
				"<=msec": 7.400
				,"percent": 79.02
				}
			,{
				"<=msec": 7.500
				,"percent": 79.56
				}
			,{
				"<=msec": 7.600
				,"percent": 80.02
				}
			,{
				"<=msec": 7.700
				,"percent": 80.62
				}
			,{
				"<=msec": 7.800
				,"percent": 81.16
				}
			,{
				"<=msec": 7.900
				,"percent": 81.73
				}
			,{
				"<=msec": 8.000
				,"percent": 82.39
				}
			,{
				"<=msec": 8.100
				,"percent": 82.86
				}
			,{
				"<=msec": 8.200
				,"percent": 83.41
				}
			,{
				"<=msec": 8.300
				,"percent": 83.88
				}
			,{
				"<=msec": 8.400
				,"percent": 84.42
				}
			,{
				"<=msec": 8.500
				,"percent": 84.99
				}
			,{
				"<=msec": 8.600
				,"percent": 85.58
				}
			,{
				"<=msec": 8.700
				,"percent": 86.14
				}
			,{
				"<=msec": 8.800
				,"percent": 86.63
				}
			,{
				"<=msec": 8.900
				,"percent": 87.24
				}
			,{
				"<=msec": 9.000
				,"percent": 87.76
				}
			,{
				"<=msec": 9.100
				,"percent": 88.26
				}
			,{
				"<=msec": 9.200
				,"percent": 88.78
				}
			,{
				"<=msec": 9.300
				,"percent": 89.37
				}
			,{
				"<=msec": 9.400
				,"percent": 89.84
				}
			,{
				"<=msec": 9.500
				,"percent": 90.35
				}
			,{
				"<=msec": 9.600
				,"percent": 90.91
				}
			,{
				"<=msec": 9.700
				,"percent": 91.31
				}
			,{
				"<=msec": 9.800
				,"percent": 91.80
				}
			,{
				"<=msec": 9.900
				,"percent": 92.30
				}
			,{
				"<=msec": 10.000
				,"percent": 94.54
				}
			,{
				"<=msec": 11.000
				,"percent": 97.41
				}
			,{
				"<=msec": 12.000
				,"percent": 98.72
				}
			,{
				"<=msec": 13.000
				,"percent": 99.49
				}
			,{
				"<=msec": 14.000
				,"percent": 99.77
				}
			,{
				"<=msec": 15.000
				,"percent": 99.85
				}
			,{
				"<=msec": 16.000
				,"percent": 99.90
				}
			,{
				"<=msec": 17.000
				,"percent": 99.92
				}
			,{
				"<=msec": 18.000
				,"percent": 99.93
				}
			,{
				"<=msec": 19.000
				,"percent": 99.94
				}
			,{
				"<=msec": 20.000
				,"percent": 99.95
				}
			,{
				"<=msec": 21.000
				,"percent": 99.96
				}
			,{
				"<=msec": 25.000
				,"percent": 99.96
				}
			,{
				"<=msec": 27.000
				,"percent": 99.97
				}
			,{
				"<=msec": 28.000
				,"percent": 99.98
				}
			,{
				"<=msec": 35.000
				,"percent": 100.00
				}
			]
		,"GET":[
			{
				"<=msec": 1.400
				,"percent": 0.01
				}
			,{
				"<=msec": 1.500
				,"percent": 0.20
				}
			,{
				"<=msec": 1.600
				,"percent": 0.80
				}
			,{
				"<=msec": 1.700
				,"percent": 2.14
				}
			,{
				"<=msec": 1.800
				,"percent": 4.22
				}
			,{
				"<=msec": 1.900
				,"percent": 7.29
				}
			,{
				"<=msec": 2.000
				,"percent": 11.34
				}
			,{
				"<=msec": 2.100
				,"percent": 15.99
				}
			,{
				"<=msec": 2.200
				,"percent": 21.10
				}
			,{
				"<=msec": 2.300
				,"percent": 26.79
				}
			,{
				"<=msec": 2.400
				,"percent": 32.42
				}
			,{
				"<=msec": 2.500
				,"percent": 37.72
				}
			,{
				"<=msec": 2.600
				,"percent": 42.56
				}
			,{
				"<=msec": 2.700
				,"percent": 47.36
				}
			,{
				"<=msec": 2.800
				,"percent": 51.50
				}
			,{
				"<=msec": 2.900
				,"percent": 55.17
				}
			,{
				"<=msec": 3.000
				,"percent": 58.58
				}
			,{
				"<=msec": 3.100
				,"percent": 61.81
				}
			,{
				"<=msec": 3.200
				,"percent": 64.42
				}
			,{
				"<=msec": 3.300
				,"percent": 66.57
				}
			,{
				"<=msec": 3.400
				,"percent": 68.27
				}
			,{
				"<=msec": 3.500
				,"percent": 70.03
				}
			,{
				"<=msec": 3.600
				,"percent": 71.30
				}
			,{
				"<=msec": 3.700
				,"percent": 72.34
				}
			,{
				"<=msec": 3.800
				,"percent": 73.33
				}
			,{
				"<=msec": 3.900
				,"percent": 74.32
				}
			,{
				"<=msec": 4.000
				,"percent": 75.16
				}
			,{
				"<=msec": 4.100
				,"percent": 75.75
				}
			,{
				"<=msec": 4.200
				,"percent": 76.35
				}
			,{
				"<=msec": 4.300
				,"percent": 76.93
				}
			,{
				"<=msec": 4.400
				,"percent": 77.42
				}
			,{
				"<=msec": 4.500
				,"percent": 77.87
				}
			,{
				"<=msec": 4.600
				,"percent": 78.18
				}
			,{
				"<=msec": 4.700
				,"percent": 78.49
				}
			,{
				"<=msec": 4.800
				,"percent": 78.93
				}
			,{
				"<=msec": 4.900
				,"percent": 79.19
				}
			,{
				"<=msec": 5.000
				,"percent": 79.43
				}
			,{
				"<=msec": 5.100
				,"percent": 79.69
				}
			,{
				"<=msec": 5.200
				,"percent": 79.91
				}
			,{
				"<=msec": 5.300
				,"percent": 80.19
				}
			,{
				"<=msec": 5.400
				,"percent": 80.32
				}
			,{
				"<=msec": 5.500
				,"percent": 80.50
				}
			,{
				"<=msec": 5.600
				,"percent": 80.71
				}
			,{
				"<=msec": 5.700
				,"percent": 80.85
				}
			,{
				"<=msec": 5.800
				,"percent": 81.04
				}
			,{
				"<=msec": 5.900
				,"percent": 81.24
				}
			,{
				"<=msec": 6.000
				,"percent": 81.44
				}
			,{
				"<=msec": 6.100
				,"percent": 81.63
				}
			,{
				"<=msec": 6.200
				,"percent": 81.73
				}
			,{
				"<=msec": 6.300
				,"percent": 81.97
				}
			,{
				"<=msec": 6.400
				,"percent": 82.13
				}
			,{
				"<=msec": 6.500
				,"percent": 82.41
				}
			,{
				"<=msec": 6.600
				,"percent": 82.56
				}
			,{
				"<=msec": 6.700
				,"percent": 82.72
				}
			,{
				"<=msec": 6.800
				,"percent": 82.95
				}
			,{
				"<=msec": 6.900
				,"percent": 83.19
				}
			,{
				"<=msec": 7.000
				,"percent": 83.38
				}
			,{
				"<=msec": 7.100
				,"percent": 83.61
				}
			,{
				"<=msec": 7.200
				,"percent": 83.81
				}
			,{
				"<=msec": 7.300
				,"percent": 84.05
				}
			,{
				"<=msec": 7.400
				,"percent": 84.24
				}
			,{
				"<=msec": 7.500
				,"percent": 84.44
				}
			,{
				"<=msec": 7.600
				,"percent": 84.64
				}
			,{
				"<=msec": 7.700
				,"percent": 84.81
				}
			,{
				"<=msec": 7.800
				,"percent": 85.08
				}
			,{
				"<=msec": 7.900
				,"percent": 85.30
				}
			,{
				"<=msec": 8.000
				,"percent": 85.53
				}
			,{
				"<=msec": 8.100
				,"percent": 85.75
				}
			,{
				"<=msec": 8.200
				,"percent": 85.96
				}
			,{
				"<=msec": 8.300
				,"percent": 86.16
				}
			,{
				"<=msec": 8.400
				,"percent": 86.34
				}
			,{
				"<=msec": 8.500
				,"percent": 86.55
				}
			,{
				"<=msec": 8.600
				,"percent": 86.74
				}
			,{
				"<=msec": 8.700
				,"percent": 86.93
				}
			,{
				"<=msec": 8.800
				,"percent": 87.17
				}
			,{
				"<=msec": 8.900
				,"percent": 87.37
				}
			,{
				"<=msec": 9.000
				,"percent": 87.69
				}
			,{
				"<=msec": 9.100
				,"percent": 87.88
				}
			,{
				"<=msec": 9.200
				,"percent": 88.02
				}
			,{
				"<=msec": 9.300
				,"percent": 88.31
				}
			,{
				"<=msec": 9.400
				,"percent": 88.42
				}
			,{
				"<=msec": 9.500
				,"percent": 88.62
				}
			,{
				"<=msec": 9.600
				,"percent": 88.94
				}
			,{
				"<=msec": 9.700
				,"percent": 89.07
				}
			,{
				"<=msec": 9.800
				,"percent": 89.26
				}
			,{
				"<=msec": 9.900
				,"percent": 89.45
				}
			,{
				"<=msec": 10.000
				,"percent": 90.56
				}
			,{
				"<=msec": 11.000
				,"percent": 93.27
				}
			,{
				"<=msec": 12.000
				,"percent": 96.63
				}
			,{
				"<=msec": 13.000
				,"percent": 98.81
				}
			,{
				"<=msec": 14.000
				,"percent": 99.61
				}
			,{
				"<=msec": 15.000
				,"percent": 99.77
				}
			,{
				"<=msec": 16.000
				,"percent": 99.88
				}
			,{
				"<=msec": 17.000
				,"percent": 99.92
				}
			,{
				"<=msec": 20.000
				,"percent": 99.94
				}
			,{
				"<=msec": 21.000
				,"percent": 99.96
				}
			,{
				"<=msec": 23.000
				,"percent": 99.97
				}
			,{
				"<=msec": 24.000
				,"percent": 99.98
				}
			,{
				"<=msec": 26.000
				,"percent": 99.99
				}
			,{
				"<=msec": 31.000
				,"percent": 99.99
				}
			,{
				"<=msec": 37.000
				,"percent": 100.00
				}
			]
		,"WAIT":[
		]
		}
	}
