{
	"configuration":{
		"server": "10.0.0.9"
		,"port": 11212
		,"unix socket": "(null)"
		,"protocol": "memcache_text"
		,"out_file": "(null)"
		,"client_stats": "(null)"
		,"run_count": 1
		,"debug": 0
		,"requests": 0
		,"clients": 2
		,"threads": 1
		,"test_time": 60
		,"ratio": "1:1"
		,"pipeline": 1
		,"data_size": 4096
		,"data_offset": 0
		,"random_data": "false"
		,"data_size_range": "0:0"
		,"data_size_list": ""
		,"data_size_pattern": "R"
		,"expiry_range": "9999:10000"
		,"data_import": "(null)"
		,"data_verify": "false"
		,"verify_only": "false"
		,"generate_keys": "false"
		,"key_prefix": "memtier-"
		,"key_minimum":           0
		,"key_maximum":        1000
		,"key_pattern": "R:R"
		,"key_stddev": 0.000000
		,"key_median": 0.000000
		,"reconnect_interval": 0
		,"multi_key_get": 1
		,"authenticate": ""
		,"select-db": 0
		,"no-expiry": "false"
		,"wait-ratio": "0:0"
		,"num-slaves": "0:0"
		,"wait-timeout": "0-0"
		}
	,"run information":{
		"Threads": 1
		,"Connections per thread": 2
		,"Seconds": 60
		}
	,"ALL STATS":{
		"Sets":{
			"Ops/sec": 445.76
			,"Hits/sec": 0.00
			,"Misses/sec": 0.00
			,"Latency": 2.54
			,"KB/sec": 1800.18
			}
		,"Gets":{
			"Ops/sec": 445.74
			,"Hits/sec": 445.74
			,"Misses/sec": 0.00
			,"Latency": 1.94
			,"KB/sec": 1804.63
			}
		,"Waits":{
			"Ops/sec": 0.00
			,"Hits/sec": 0.00
			,"Misses/sec": 0.00
			,"Latency": 0.00
			,"KB/sec": 0.00
			}
		,"Totals":{
			"Ops/sec": 891.50
			,"Hits/sec": 445.74
			,"Misses/sec": 0.00
			,"Latency": 2.24
			,"KB/sec": 3604.81
			}
		,"SET":[
			{
				"<=msec": 1.100
				,"percent": 0.03
				}
			,{
				"<=msec": 1.200
				,"percent": 0.81
				}
			,{
				"<=msec": 1.300
				,"percent": 4.22
				}
			,{
				"<=msec": 1.400
				,"percent": 11.46
				}
			,{
				"<=msec": 1.500
				,"percent": 21.48
				}
			,{
				"<=msec": 1.600
				,"percent": 32.09
				}
			,{
				"<=msec": 1.700
				,"percent": 42.20
				}
			,{
				"<=msec": 1.800
				,"percent": 50.24
				}
			,{
				"<=msec": 1.900
				,"percent": 56.83
				}
			,{
				"<=msec": 2.000
				,"percent": 62.18
				}
			,{
				"<=msec": 2.100
				,"percent": 66.48
				}
			,{
				"<=msec": 2.200
				,"percent": 69.80
				}
			,{
				"<=msec": 2.300
				,"percent": 72.62
				}
			,{
				"<=msec": 2.400
				,"percent": 74.71
				}
			,{
				"<=msec": 2.500
				,"percent": 76.62
				}
			,{
				"<=msec": 2.600
				,"percent": 78.20
				}
			,{
				"<=msec": 2.700
				,"percent": 79.59
				}
			,{
				"<=msec": 2.800
				,"percent": 80.57
				}
			,{
				"<=msec": 2.900
				,"percent": 81.53
				}
			,{
				"<=msec": 3.000
				,"percent": 82.34
				}
			,{
				"<=msec": 3.100
				,"percent": 83.07
				}
			,{
				"<=msec": 3.200
				,"percent": 83.73
				}
			,{
				"<=msec": 3.300
				,"percent": 84.31
				}
			,{
				"<=msec": 3.400
				,"percent": 84.92
				}
			,{
				"<=msec": 3.500
				,"percent": 85.58
				}
			,{
				"<=msec": 3.600
				,"percent": 86.05
				}
			,{
				"<=msec": 3.700
				,"percent": 86.41
				}
			,{
				"<=msec": 3.800
				,"percent": 86.81
				}
			,{
				"<=msec": 3.900
				,"percent": 87.21
				}
			,{
				"<=msec": 4.000
				,"percent": 87.60
				}
			,{
				"<=msec": 4.100
				,"percent": 87.94
				}
			,{
				"<=msec": 4.200
				,"percent": 88.25
				}
			,{
				"<=msec": 4.300
				,"percent": 88.53
				}
			,{
				"<=msec": 4.400
				,"percent": 88.86
				}
			,{
				"<=msec": 4.500
				,"percent": 89.19
				}
			,{
				"<=msec": 4.600
				,"percent": 89.48
				}
			,{
				"<=msec": 4.700
				,"percent": 89.70
				}
			,{
				"<=msec": 4.800
				,"percent": 90.01
				}
			,{
				"<=msec": 4.900
				,"percent": 90.32
				}
			,{
				"<=msec": 5.000
				,"percent": 90.56
				}
			,{
				"<=msec": 5.100
				,"percent": 90.81
				}
			,{
				"<=msec": 5.200
				,"percent": 91.05
				}
			,{
				"<=msec": 5.300
				,"percent": 91.30
				}
			,{
				"<=msec": 5.400
				,"percent": 91.54
				}
			,{
				"<=msec": 5.500
				,"percent": 91.83
				}
			,{
				"<=msec": 5.600
				,"percent": 92.01
				}
			,{
				"<=msec": 5.700
				,"percent": 92.19
				}
			,{
				"<=msec": 5.800
				,"percent": 92.38
				}
			,{
				"<=msec": 5.900
				,"percent": 92.63
				}
			,{
				"<=msec": 6.000
				,"percent": 92.98
				}
			,{
				"<=msec": 6.100
				,"percent": 93.21
				}
			,{
				"<=msec": 6.200
				,"percent": 93.41
				}
			,{
				"<=msec": 6.300
				,"percent": 93.63
				}
			,{
				"<=msec": 6.400
				,"percent": 93.85
				}
			,{
				"<=msec": 6.500
				,"percent": 94.10
				}
			,{
				"<=msec": 6.600
				,"percent": 94.33
				}
			,{
				"<=msec": 6.700
				,"percent": 94.58
				}
			,{
				"<=msec": 6.800
				,"percent": 94.82
				}
			,{
				"<=msec": 6.900
				,"percent": 95.11
				}
			,{
				"<=msec": 7.000
				,"percent": 95.47
				}
			,{
				"<=msec": 7.100
				,"percent": 95.73
				}
			,{
				"<=msec": 7.200
				,"percent": 95.99
				}
			,{
				"<=msec": 7.300
				,"percent": 96.24
				}
			,{
				"<=msec": 7.400
				,"percent": 96.46
				}
			,{
				"<=msec": 7.500
				,"percent": 96.67
				}
			,{
				"<=msec": 7.600
				,"percent": 96.84
				}
			,{
				"<=msec": 7.700
				,"percent": 97.02
				}
			,{
				"<=msec": 7.800
				,"percent": 97.20
				}
			,{
				"<=msec": 7.900
				,"percent": 97.33
				}
			,{
				"<=msec": 8.000
				,"percent": 97.48
				}
			,{
				"<=msec": 8.100
				,"percent": 97.63
				}
			,{
				"<=msec": 8.200
				,"percent": 97.75
				}
			,{
				"<=msec": 8.300
				,"percent": 97.90
				}
			,{
				"<=msec": 8.400
				,"percent": 97.97
				}
			,{
				"<=msec": 8.500
				,"percent": 98.07
				}
			,{
				"<=msec": 8.600
				,"percent": 98.19
				}
			,{
				"<=msec": 8.700
				,"percent": 98.29
				}
			,{
				"<=msec": 8.800
				,"percent": 98.38
				}
			,{
				"<=msec": 8.900
				,"percent": 98.41
				}
			,{
				"<=msec": 9.000
				,"percent": 98.49
				}
			,{
				"<=msec": 9.100
				,"percent": 98.58
				}
			,{
				"<=msec": 9.200
				,"percent": 98.67
				}
			,{
				"<=msec": 9.300
				,"percent": 98.74
				}
			,{
				"<=msec": 9.400
				,"percent": 98.78
				}
			,{
				"<=msec": 9.500
				,"percent": 98.86
				}
			,{
				"<=msec": 9.600
				,"percent": 98.92
				}
			,{
				"<=msec": 9.700
				,"percent": 98.96
				}
			,{
				"<=msec": 9.800
				,"percent": 99.04
				}
			,{
				"<=msec": 9.900
				,"percent": 99.10
				}
			,{
				"<=msec": 10.000
				,"percent": 99.29
				}
			,{
				"<=msec": 11.000
				,"percent": 99.56
				}
			,{
				"<=msec": 12.000
				,"percent": 99.69
				}
			,{
				"<=msec": 13.000
				,"percent": 99.76
				}
			,{
				"<=msec": 14.000
				,"percent": 99.83
				}
			,{
				"<=msec": 15.000
				,"percent": 99.87
				}
			,{
				"<=msec": 16.000
				,"percent": 99.90
				}
			,{
				"<=msec": 17.000
				,"percent": 99.91
				}
			,{
				"<=msec": 18.000
				,"percent": 99.92
				}
			,{
				"<=msec": 19.000
				,"percent": 99.93
				}
			,{
				"<=msec": 20.000
				,"percent": 99.94
				}
			,{
				"<=msec": 21.000
				,"percent": 99.94
				}
			,{
				"<=msec": 22.000
				,"percent": 99.96
				}
			,{
				"<=msec": 24.000
				,"percent": 99.97
				}
			,{
				"<=msec": 25.000
				,"percent": 99.97
				}
			,{
				"<=msec": 27.000
				,"percent": 99.98
				}
			,{
				"<=msec": 29.000
				,"percent": 99.98
				}
			,{
				"<=msec": 35.000
				,"percent": 99.99
				}
			,{
				"<=msec": 48.000
				,"percent": 99.99
				}
			,{
				"<=msec": 56.000
				,"percent": 100.00
				}
			,{
				"<=msec": 57.000
				,"percent": 100.00
				}
			]
		,"GET":[
			{
				"<=msec": 0.930
				,"percent": 0.00
				}
			,{
				"<=msec": 0.950
				,"percent": 0.01
				}
			,{
				"<=msec": 0.960
				,"percent": 0.02
				}
			,{
				"<=msec": 0.980
				,"percent": 0.03
				}
			,{
				"<=msec": 0.990
				,"percent": 0.06
				}
			,{
				"<=msec": 1.000
				,"percent": 0.40
				}
			,{
				"<=msec": 1.100
				,"percent": 3.63
				}
			,{
				"<=msec": 1.200
				,"percent": 12.54
				}
			,{
				"<=msec": 1.300
				,"percent": 25.81
				}
			,{
				"<=msec": 1.400
				,"percent": 39.08
				}
			,{
				"<=msec": 1.500
				,"percent": 50.86
				}
			,{
				"<=msec": 1.600
				,"percent": 60.31
				}
			,{
				"<=msec": 1.700
				,"percent": 67.41
				}
			,{
				"<=msec": 1.800
				,"percent": 72.70
				}
			,{
				"<=msec": 1.900
				,"percent": 76.64
				}
			,{
				"<=msec": 2.000
				,"percent": 79.80
				}
			,{
				"<=msec": 2.100
				,"percent": 82.42
				}
			,{
				"<=msec": 2.200
				,"percent": 84.48
				}
			,{
				"<=msec": 2.300
				,"percent": 85.98
				}
			,{
				"<=msec": 2.400
				,"percent": 87.16
				}
			,{
				"<=msec": 2.500
				,"percent": 88.23
				}
			,{
				"<=msec": 2.600
				,"percent": 89.22
				}
			,{
				"<=msec": 2.700
				,"percent": 89.97
				}
			,{
				"<=msec": 2.800
				,"percent": 90.59
				}
			,{
				"<=msec": 2.900
				,"percent": 91.14
				}
			,{
				"<=msec": 3.000
				,"percent": 91.61
				}
			,{
				"<=msec": 3.100
				,"percent": 91.96
				}
			,{
				"<=msec": 3.200
				,"percent": 92.31
				}
			,{
				"<=msec": 3.300
				,"percent": 92.68
				}
			,{
				"<=msec": 3.400
				,"percent": 93.00
				}
			,{
				"<=msec": 3.500
				,"percent": 93.29
				}
			,{
				"<=msec": 3.600
				,"percent": 93.55
				}
			,{
				"<=msec": 3.700
				,"percent": 93.74
				}
			,{
				"<=msec": 3.800
				,"percent": 93.94
				}
			,{
				"<=msec": 3.900
				,"percent": 94.17
				}
			,{
				"<=msec": 4.000
				,"percent": 94.33
				}
			,{
				"<=msec": 4.100
				,"percent": 94.49
				}
			,{
				"<=msec": 4.200
				,"percent": 94.66
				}
			,{
				"<=msec": 4.300
				,"percent": 94.80
				}
			,{
				"<=msec": 4.400
				,"percent": 94.94
				}
			,{
				"<=msec": 4.500
				,"percent": 95.06
				}
			,{
				"<=msec": 4.600
				,"percent": 95.22
				}
			,{
				"<=msec": 4.700
				,"percent": 95.33
				}
			,{
				"<=msec": 4.800
				,"percent": 95.46
				}
			,{
				"<=msec": 4.900
				,"percent": 95.60
				}
			,{
				"<=msec": 5.000
				,"percent": 95.70
				}
			,{
				"<=msec": 5.100
				,"percent": 95.88
				}
			,{
				"<=msec": 5.200
				,"percent": 96.03
				}
			,{
				"<=msec": 5.300
				,"percent": 96.14
				}
			,{
				"<=msec": 5.400
				,"percent": 96.25
				}
			,{
				"<=msec": 5.500
				,"percent": 96.36
				}
			,{
				"<=msec": 5.600
				,"percent": 96.50
				}
			,{
				"<=msec": 5.700
				,"percent": 96.65
				}
			,{
				"<=msec": 5.800
				,"percent": 96.78
				}
			,{
				"<=msec": 5.900
				,"percent": 96.91
				}
			,{
				"<=msec": 6.000
				,"percent": 97.02
				}
			,{
				"<=msec": 6.100
				,"percent": 97.16
				}
			,{
				"<=msec": 6.200
				,"percent": 97.33
				}
			,{
				"<=msec": 6.300
				,"percent": 97.45
				}
			,{
				"<=msec": 6.400
				,"percent": 97.60
				}
			,{
				"<=msec": 6.500
				,"percent": 97.75
				}
			,{
				"<=msec": 6.600
				,"percent": 97.89
				}
			,{
				"<=msec": 6.700
				,"percent": 98.03
				}
			,{
				"<=msec": 6.800
				,"percent": 98.19
				}
			,{
				"<=msec": 6.900
				,"percent": 98.34
				}
			,{
				"<=msec": 7.000
				,"percent": 98.46
				}
			,{
				"<=msec": 7.100
				,"percent": 98.60
				}
			,{
				"<=msec": 7.200
				,"percent": 98.71
				}
			,{
				"<=msec": 7.300
				,"percent": 98.80
				}
			,{
				"<=msec": 7.400
				,"percent": 98.88
				}
			,{
				"<=msec": 7.500
				,"percent": 98.96
				}
			,{
				"<=msec": 7.600
				,"percent": 99.02
				}
			,{
				"<=msec": 7.700
				,"percent": 99.10
				}
			,{
				"<=msec": 7.800
				,"percent": 99.15
				}
			,{
				"<=msec": 7.900
				,"percent": 99.20
				}
			,{
				"<=msec": 8.000
				,"percent": 99.24
				}
			,{
				"<=msec": 8.100
				,"percent": 99.27
				}
			,{
				"<=msec": 8.200
				,"percent": 99.29
				}
			,{
				"<=msec": 8.300
				,"percent": 99.33
				}
			,{
				"<=msec": 8.400
				,"percent": 99.36
				}
			,{
				"<=msec": 8.500
				,"percent": 99.39
				}
			,{
				"<=msec": 8.600
				,"percent": 99.41
				}
			,{
				"<=msec": 8.700
				,"percent": 99.43
				}
			,{
				"<=msec": 8.800
				,"percent": 99.44
				}
			,{
				"<=msec": 8.900
				,"percent": 99.47
				}
			,{
				"<=msec": 9.000
				,"percent": 99.48
				}
			,{
				"<=msec": 9.100
				,"percent": 99.49
				}
			,{
				"<=msec": 9.200
				,"percent": 99.53
				}
			,{
				"<=msec": 9.300
				,"percent": 99.54
				}
			,{
				"<=msec": 9.400
				,"percent": 99.55
				}
			,{
				"<=msec": 9.500
				,"percent": 99.57
				}
			,{
				"<=msec": 9.600
				,"percent": 99.58
				}
			,{
				"<=msec": 9.700
				,"percent": 99.61
				}
			,{
				"<=msec": 9.800
				,"percent": 99.63
				}
			,{
				"<=msec": 9.900
				,"percent": 99.66
				}
			,{
				"<=msec": 10.000
				,"percent": 99.73
				}
			,{
				"<=msec": 11.000
				,"percent": 99.82
				}
			,{
				"<=msec": 12.000
				,"percent": 99.88
				}
			,{
				"<=msec": 13.000
				,"percent": 99.90
				}
			,{
				"<=msec": 14.000
				,"percent": 99.92
				}
			,{
				"<=msec": 15.000
				,"percent": 99.94
				}
			,{
				"<=msec": 16.000
				,"percent": 99.94
				}
			,{
				"<=msec": 17.000
				,"percent": 99.96
				}
			,{
				"<=msec": 18.000
				,"percent": 99.98
				}
			,{
				"<=msec": 20.000
				,"percent": 99.98
				}
			,{
				"<=msec": 22.000
				,"percent": 99.99
				}
			,{
				"<=msec": 25.000
				,"percent": 99.99
				}
			,{
				"<=msec": 42.000
				,"percent": 100.00
				}
			,{
				"<=msec": 51.000
				,"percent": 100.00
				}
			]
		,"WAIT":[
		]
		}
	}
