{
	"configuration":{
		"server": "10.0.0.9"
		,"port": 11212
		,"unix socket": "(null)"
		,"protocol": "memcache_text"
		,"out_file": "(null)"
		,"client_stats": "(null)"
		,"run_count": 1
		,"debug": 0
		,"requests": 0
		,"clients": 2
		,"threads": 1
		,"test_time": 60
		,"ratio": "1:3"
		,"pipeline": 1
		,"data_size": 4096
		,"data_offset": 0
		,"random_data": "false"
		,"data_size_range": "0:0"
		,"data_size_list": ""
		,"data_size_pattern": "R"
		,"expiry_range": "9999:10000"
		,"data_import": "(null)"
		,"data_verify": "false"
		,"verify_only": "false"
		,"generate_keys": "false"
		,"key_prefix": "memtier-"
		,"key_minimum":           0
		,"key_maximum":        1000
		,"key_pattern": "R:R"
		,"key_stddev": 0.000000
		,"key_median": 0.000000
		,"reconnect_interval": 0
		,"multi_key_get": 3
		,"authenticate": ""
		,"select-db": 0
		,"no-expiry": "false"
		,"wait-ratio": "0:0"
		,"num-slaves": "0:0"
		,"wait-timeout": "0-0"
		}
	,"run information":{
		"Threads": 1
		,"Connections per thread": 2
		,"Seconds": 60
		}
	,"ALL STATS":{
		"Sets":{
			"Ops/sec": 412.80
			,"Hits/sec": 0.00
			,"Misses/sec": 0.00
			,"Latency": 2.50
			,"KB/sec": 1667.08
			}
		,"Gets":{
			"Ops/sec": 412.78
			,"Hits/sec": 1238.35
			,"Misses/sec": 0.00
			,"Latency": 2.33
			,"KB/sec": 5005.52
			}
		,"Waits":{
			"Ops/sec": 0.00
			,"Hits/sec": 0.00
			,"Misses/sec": 0.00
			,"Latency": 0.00
			,"KB/sec": 0.00
			}
		,"Totals":{
			"Ops/sec": 825.58
			,"Hits/sec": 1238.35
			,"Misses/sec": 0.00
			,"Latency": 2.41
			,"KB/sec": 6672.59
			}
		,"SET":[
			{
				"<=msec": 1.100
				,"percent": 0.03
				}
			,{
				"<=msec": 1.200
				,"percent": 0.63
				}
			,{
				"<=msec": 1.300
				,"percent": 2.98
				}
			,{
				"<=msec": 1.400
				,"percent": 9.03
				}
			,{
				"<=msec": 1.500
				,"percent": 17.64
				}
			,{
				"<=msec": 1.600
				,"percent": 27.89
				}
			,{
				"<=msec": 1.700
				,"percent": 38.21
				}
			,{
				"<=msec": 1.800
				,"percent": 47.19
				}
			,{
				"<=msec": 1.900
				,"percent": 54.64
				}
			,{
				"<=msec": 2.000
				,"percent": 60.82
				}
			,{
				"<=msec": 2.100
				,"percent": 65.74
				}
			,{
				"<=msec": 2.200
				,"percent": 69.51
				}
			,{
				"<=msec": 2.300
				,"percent": 72.53
				}
			,{
				"<=msec": 2.400
				,"percent": 75.00
				}
			,{
				"<=msec": 2.500
				,"percent": 77.01
				}
			,{
				"<=msec": 2.600
				,"percent": 78.74
				}
			,{
				"<=msec": 2.700
				,"percent": 80.18
				}
			,{
				"<=msec": 2.800
				,"percent": 81.40
				}
			,{
				"<=msec": 2.900
				,"percent": 82.47
				}
			,{
				"<=msec": 3.000
				,"percent": 83.38
				}
			,{
				"<=msec": 3.100
				,"percent": 84.17
				}
			,{
				"<=msec": 3.200
				,"percent": 84.92
				}
			,{
				"<=msec": 3.300
				,"percent": 85.50
				}
			,{
				"<=msec": 3.400
				,"percent": 85.99
				}
			,{
				"<=msec": 3.500
				,"percent": 86.62
				}
			,{
				"<=msec": 3.600
				,"percent": 87.16
				}
			,{
				"<=msec": 3.700
				,"percent": 87.65
				}
			,{
				"<=msec": 3.800
				,"percent": 88.07
				}
			,{
				"<=msec": 3.900
				,"percent": 88.49
				}
			,{
				"<=msec": 4.000
				,"percent": 88.91
				}
			,{
				"<=msec": 4.100
				,"percent": 89.18
				}
			,{
				"<=msec": 4.200
				,"percent": 89.47
				}
			,{
				"<=msec": 4.300
				,"percent": 89.83
				}
			,{
				"<=msec": 4.400
				,"percent": 90.11
				}
			,{
				"<=msec": 4.500
				,"percent": 90.37
				}
			,{
				"<=msec": 4.600
				,"percent": 90.61
				}
			,{
				"<=msec": 4.700
				,"percent": 90.86
				}
			,{
				"<=msec": 4.800
				,"percent": 91.15
				}
			,{
				"<=msec": 4.900
				,"percent": 91.36
				}
			,{
				"<=msec": 5.000
				,"percent": 91.62
				}
			,{
				"<=msec": 5.100
				,"percent": 91.86
				}
			,{
				"<=msec": 5.200
				,"percent": 92.09
				}
			,{
				"<=msec": 5.300
				,"percent": 92.35
				}
			,{
				"<=msec": 5.400
				,"percent": 92.60
				}
			,{
				"<=msec": 5.500
				,"percent": 92.86
				}
			,{
				"<=msec": 5.600
				,"percent": 93.03
				}
			,{
				"<=msec": 5.700
				,"percent": 93.26
				}
			,{
				"<=msec": 5.800
				,"percent": 93.46
				}
			,{
				"<=msec": 5.900
				,"percent": 93.70
				}
			,{
				"<=msec": 6.000
				,"percent": 93.94
				}
			,{
				"<=msec": 6.100
				,"percent": 94.15
				}
			,{
				"<=msec": 6.200
				,"percent": 94.36
				}
			,{
				"<=msec": 6.300
				,"percent": 94.57
				}
			,{
				"<=msec": 6.400
				,"percent": 94.76
				}
			,{
				"<=msec": 6.500
				,"percent": 94.98
				}
			,{
				"<=msec": 6.600
				,"percent": 95.20
				}
			,{
				"<=msec": 6.700
				,"percent": 95.43
				}
			,{
				"<=msec": 6.800
				,"percent": 95.66
				}
			,{
				"<=msec": 6.900
				,"percent": 95.84
				}
			,{
				"<=msec": 7.000
				,"percent": 96.08
				}
			,{
				"<=msec": 7.100
				,"percent": 96.34
				}
			,{
				"<=msec": 7.200
				,"percent": 96.58
				}
			,{
				"<=msec": 7.300
				,"percent": 96.75
				}
			,{
				"<=msec": 7.400
				,"percent": 96.94
				}
			,{
				"<=msec": 7.500
				,"percent": 97.15
				}
			,{
				"<=msec": 7.600
				,"percent": 97.35
				}
			,{
				"<=msec": 7.700
				,"percent": 97.54
				}
			,{
				"<=msec": 7.800
				,"percent": 97.72
				}
			,{
				"<=msec": 7.900
				,"percent": 97.86
				}
			,{
				"<=msec": 8.000
				,"percent": 97.97
				}
			,{
				"<=msec": 8.100
				,"percent": 98.09
				}
			,{
				"<=msec": 8.200
				,"percent": 98.19
				}
			,{
				"<=msec": 8.300
				,"percent": 98.27
				}
			,{
				"<=msec": 8.400
				,"percent": 98.34
				}
			,{
				"<=msec": 8.500
				,"percent": 98.45
				}
			,{
				"<=msec": 8.600
				,"percent": 98.56
				}
			,{
				"<=msec": 8.700
				,"percent": 98.65
				}
			,{
				"<=msec": 8.800
				,"percent": 98.71
				}
			,{
				"<=msec": 8.900
				,"percent": 98.76
				}
			,{
				"<=msec": 9.000
				,"percent": 98.84
				}
			,{
				"<=msec": 9.100
				,"percent": 98.88
				}
			,{
				"<=msec": 9.200
				,"percent": 98.94
				}
			,{
				"<=msec": 9.300
				,"percent": 98.97
				}
			,{
				"<=msec": 9.400
				,"percent": 99.01
				}
			,{
				"<=msec": 9.500
				,"percent": 99.05
				}
			,{
				"<=msec": 9.600
				,"percent": 99.08
				}
			,{
				"<=msec": 9.700
				,"percent": 99.12
				}
			,{
				"<=msec": 9.800
				,"percent": 99.15
				}
			,{
				"<=msec": 9.900
				,"percent": 99.18
				}
			,{
				"<=msec": 10.000
				,"percent": 99.34
				}
			,{
				"<=msec": 11.000
				,"percent": 99.60
				}
			,{
				"<=msec": 12.000
				,"percent": 99.77
				}
			,{
				"<=msec": 13.000
				,"percent": 99.81
				}
			,{
				"<=msec": 14.000
				,"percent": 99.85
				}
			,{
				"<=msec": 15.000
				,"percent": 99.88
				}
			,{
				"<=msec": 16.000
				,"percent": 99.90
				}
			,{
				"<=msec": 17.000
				,"percent": 99.92
				}
			,{
				"<=msec": 18.000
				,"percent": 99.95
				}
			,{
				"<=msec": 19.000
				,"percent": 99.96
				}
			,{
				"<=msec": 20.000
				,"percent": 99.96
				}
			,{
				"<=msec": 21.000
				,"percent": 99.96
				}
			,{
				"<=msec": 23.000
				,"percent": 99.97
				}
			,{
				"<=msec": 25.000
				,"percent": 99.97
				}
			,{
				"<=msec": 26.000
				,"percent": 99.98
				}
			,{
				"<=msec": 27.000
				,"percent": 99.98
				}
			,{
				"<=msec": 29.000
				,"percent": 99.98
				}
			,{
				"<=msec": 30.000
				,"percent": 99.99
				}
			,{
				"<=msec": 33.000
				,"percent": 99.99
				}
			,{
				"<=msec": 34.000
				,"percent": 100.00
				}
			,{
				"<=msec": 37.000
				,"percent": 100.00
				}
			]
		,"GET":[
			{
				"<=msec": 1.100
				,"percent": 0.00
				}
			,{
				"<=msec": 1.200
				,"percent": 0.22
				}
			,{
				"<=msec": 1.300
				,"percent": 1.23
				}
			,{
				"<=msec": 1.400
				,"percent": 3.99
				}
			,{
				"<=msec": 1.500
				,"percent": 9.81
				}
			,{
				"<=msec": 1.600
				,"percent": 17.80
				}
			,{
				"<=msec": 1.700
				,"percent": 28.00
				}
			,{
				"<=msec": 1.800
				,"percent": 37.83
				}
			,{
				"<=msec": 1.900
				,"percent": 47.19
				}
			,{
				"<=msec": 2.000
				,"percent": 55.24
				}
			,{
				"<=msec": 2.100
				,"percent": 62.10
				}
			,{
				"<=msec": 2.200
				,"percent": 68.06
				}
			,{
				"<=msec": 2.300
				,"percent": 72.78
				}
			,{
				"<=msec": 2.400
				,"percent": 76.53
				}
			,{
				"<=msec": 2.500
				,"percent": 79.59
				}
			,{
				"<=msec": 2.600
				,"percent": 82.10
				}
			,{
				"<=msec": 2.700
				,"percent": 84.05
				}
			,{
				"<=msec": 2.800
				,"percent": 85.80
				}
			,{
				"<=msec": 2.900
				,"percent": 87.23
				}
			,{
				"<=msec": 3.000
				,"percent": 88.45
				}
			,{
				"<=msec": 3.100
				,"percent": 89.50
				}
			,{
				"<=msec": 3.200
				,"percent": 90.24
				}
			,{
				"<=msec": 3.300
				,"percent": 90.97
				}
			,{
				"<=msec": 3.400
				,"percent": 91.56
				}
			,{
				"<=msec": 3.500
				,"percent": 92.06
				}
			,{
				"<=msec": 3.600
				,"percent": 92.54
				}
			,{
				"<=msec": 3.700
				,"percent": 92.96
				}
			,{
				"<=msec": 3.800
				,"percent": 93.33
				}
			,{
				"<=msec": 3.900
				,"percent": 93.71
				}
			,{
				"<=msec": 4.000
				,"percent": 94.06
				}
			,{
				"<=msec": 4.100
				,"percent": 94.30
				}
			,{
				"<=msec": 4.200
				,"percent": 94.53
				}
			,{
				"<=msec": 4.300
				,"percent": 94.74
				}
			,{
				"<=msec": 4.400
				,"percent": 94.95
				}
			,{
				"<=msec": 4.500
				,"percent": 95.13
				}
			,{
				"<=msec": 4.600
				,"percent": 95.31
				}
			,{
				"<=msec": 4.700
				,"percent": 95.46
				}
			,{
				"<=msec": 4.800
				,"percent": 95.60
				}
			,{
				"<=msec": 4.900
				,"percent": 95.74
				}
			,{
				"<=msec": 5.000
				,"percent": 95.91
				}
			,{
				"<=msec": 5.100
				,"percent": 96.03
				}
			,{
				"<=msec": 5.200
				,"percent": 96.15
				}
			,{
				"<=msec": 5.300
				,"percent": 96.35
				}
			,{
				"<=msec": 5.400
				,"percent": 96.43
				}
			,{
				"<=msec": 5.500
				,"percent": 96.53
				}
			,{
				"<=msec": 5.600
				,"percent": 96.63
				}
			,{
				"<=msec": 5.700
				,"percent": 96.75
				}
			,{
				"<=msec": 5.800
				,"percent": 96.90
				}
			,{
				"<=msec": 5.900
				,"percent": 97.05
				}
			,{
				"<=msec": 6.000
				,"percent": 97.19
				}
			,{
				"<=msec": 6.100
				,"percent": 97.31
				}
			,{
				"<=msec": 6.200
				,"percent": 97.42
				}
			,{
				"<=msec": 6.300
				,"percent": 97.53
				}
			,{
				"<=msec": 6.400
				,"percent": 97.62
				}
			,{
				"<=msec": 6.500
				,"percent": 97.72
				}
			,{
				"<=msec": 6.600
				,"percent": 97.78
				}
			,{
				"<=msec": 6.700
				,"percent": 97.88
				}
			,{
				"<=msec": 6.800
				,"percent": 97.97
				}
			,{
				"<=msec": 6.900
				,"percent": 98.07
				}
			,{
				"<=msec": 7.000
				,"percent": 98.17
				}
			,{
				"<=msec": 7.100
				,"percent": 98.25
				}
			,{
				"<=msec": 7.200
				,"percent": 98.34
				}
			,{
				"<=msec": 7.300
				,"percent": 98.42
				}
			,{
				"<=msec": 7.400
				,"percent": 98.48
				}
			,{
				"<=msec": 7.500
				,"percent": 98.56
				}
			,{
				"<=msec": 7.600
				,"percent": 98.67
				}
			,{
				"<=msec": 7.700
				,"percent": 98.74
				}
			,{
				"<=msec": 7.800
				,"percent": 98.83
				}
			,{
				"<=msec": 7.900
				,"percent": 98.90
				}
			,{
				"<=msec": 8.000
				,"percent": 98.97
				}
			,{
				"<=msec": 8.100
				,"percent": 99.04
				}
			,{
				"<=msec": 8.200
				,"percent": 99.11
				}
			,{
				"<=msec": 8.300
				,"percent": 99.15
				}
			,{
				"<=msec": 8.400
				,"percent": 99.21
				}
			,{
				"<=msec": 8.500
				,"percent": 99.25
				}
			,{
				"<=msec": 8.600
				,"percent": 99.29
				}
			,{
				"<=msec": 8.700
				,"percent": 99.32
				}
			,{
				"<=msec": 8.800
				,"percent": 99.35
				}
			,{
				"<=msec": 8.900
				,"percent": 99.39
				}
			,{
				"<=msec": 9.000
				,"percent": 99.43
				}
			,{
				"<=msec": 9.100
				,"percent": 99.45
				}
			,{
				"<=msec": 9.200
				,"percent": 99.48
				}
			,{
				"<=msec": 9.300
				,"percent": 99.50
				}
			,{
				"<=msec": 9.400
				,"percent": 99.53
				}
			,{
				"<=msec": 9.500
				,"percent": 99.55
				}
			,{
				"<=msec": 9.600
				,"percent": 99.58
				}
			,{
				"<=msec": 9.700
				,"percent": 99.61
				}
			,{
				"<=msec": 9.800
				,"percent": 99.62
				}
			,{
				"<=msec": 9.900
				,"percent": 99.64
				}
			,{
				"<=msec": 10.000
				,"percent": 99.71
				}
			,{
				"<=msec": 11.000
				,"percent": 99.83
				}
			,{
				"<=msec": 12.000
				,"percent": 99.89
				}
			,{
				"<=msec": 13.000
				,"percent": 99.91
				}
			,{
				"<=msec": 14.000
				,"percent": 99.92
				}
			,{
				"<=msec": 15.000
				,"percent": 99.93
				}
			,{
				"<=msec": 16.000
				,"percent": 99.95
				}
			,{
				"<=msec": 17.000
				,"percent": 99.96
				}
			,{
				"<=msec": 18.000
				,"percent": 99.97
				}
			,{
				"<=msec": 19.000
				,"percent": 99.98
				}
			,{
				"<=msec": 20.000
				,"percent": 99.98
				}
			,{
				"<=msec": 22.000
				,"percent": 99.99
				}
			,{
				"<=msec": 23.000
				,"percent": 100.00
				}
			,{
				"<=msec": 25.000
				,"percent": 100.00
				}
			]
		,"WAIT":[
		]
		}
	}
