{
	"configuration":{
		"server": "10.0.0.9"
		,"port": 11212
		,"unix socket": "(null)"
		,"protocol": "memcache_text"
		,"out_file": "(null)"
		,"client_stats": "(null)"
		,"run_count": 1
		,"debug": 0
		,"requests": 0
		,"clients": 2
		,"threads": 1
		,"test_time": 60
		,"ratio": "1:6"
		,"pipeline": 1
		,"data_size": 4096
		,"data_offset": 0
		,"random_data": "false"
		,"data_size_range": "0:0"
		,"data_size_list": ""
		,"data_size_pattern": "R"
		,"expiry_range": "9999:10000"
		,"data_import": "(null)"
		,"data_verify": "false"
		,"verify_only": "false"
		,"generate_keys": "false"
		,"key_prefix": "memtier-"
		,"key_minimum":           0
		,"key_maximum":        1000
		,"key_pattern": "R:R"
		,"key_stddev": 0.000000
		,"key_median": 0.000000
		,"reconnect_interval": 0
		,"multi_key_get": 6
		,"authenticate": ""
		,"select-db": 0
		,"no-expiry": "false"
		,"wait-ratio": "0:0"
		,"num-slaves": "0:0"
		,"wait-timeout": "0-0"
		}
	,"run information":{
		"Threads": 1
		,"Connections per thread": 2
		,"Seconds": 60
		}
	,"ALL STATS":{
		"Sets":{
			"Ops/sec": 239.51
			,"Hits/sec": 0.00
			,"Misses/sec": 0.00
			,"Latency": 4.25
			,"KB/sec": 967.26
			}
		,"Gets":{
			"Ops/sec": 239.48
			,"Hits/sec": 1436.87
			,"Misses/sec": 0.00
			,"Latency": 4.08
			,"KB/sec": 5805.65
			}
		,"Waits":{
			"Ops/sec": 0.00
			,"Hits/sec": 0.00
			,"Misses/sec": 0.00
			,"Latency": 0.00
			,"KB/sec": 0.00
			}
		,"Totals":{
			"Ops/sec": 478.99
			,"Hits/sec": 1436.87
			,"Misses/sec": 0.00
			,"Latency": 4.17
			,"KB/sec": 6772.91
			}
		,"SET":[
			{
				"<=msec": 1.100
				,"percent": 0.01
				}
			,{
				"<=msec": 1.200
				,"percent": 0.10
				}
			,{
				"<=msec": 1.300
				,"percent": 0.80
				}
			,{
				"<=msec": 1.400
				,"percent": 3.22
				}
			,{
				"<=msec": 1.500
				,"percent": 7.43
				}
			,{
				"<=msec": 1.600
				,"percent": 13.49
				}
			,{
				"<=msec": 1.700
				,"percent": 20.70
				}
			,{
				"<=msec": 1.800
				,"percent": 27.39
				}
			,{
				"<=msec": 1.900
				,"percent": 33.34
				}
			,{
				"<=msec": 2.000
				,"percent": 38.43
				}
			,{
				"<=msec": 2.100
				,"percent": 42.61
				}
			,{
				"<=msec": 2.200
				,"percent": 45.90
				}
			,{
				"<=msec": 2.300
				,"percent": 48.49
				}
			,{
				"<=msec": 2.400
				,"percent": 50.63
				}
			,{
				"<=msec": 2.500
				,"percent": 52.26
				}
			,{
				"<=msec": 2.600
				,"percent": 53.73
				}
			,{
				"<=msec": 2.700
				,"percent": 54.99
				}
			,{
				"<=msec": 2.800
				,"percent": 56.14
				}
			,{
				"<=msec": 2.900
				,"percent": 57.14
				}
			,{
				"<=msec": 3.000
				,"percent": 57.94
				}
			,{
				"<=msec": 3.100
				,"percent": 58.79
				}
			,{
				"<=msec": 3.200
				,"percent": 59.63
				}
			,{
				"<=msec": 3.300
				,"percent": 60.35
				}
			,{
				"<=msec": 3.400
				,"percent": 60.97
				}
			,{
				"<=msec": 3.500
				,"percent": 61.48
				}
			,{
				"<=msec": 3.600
				,"percent": 61.96
				}
			,{
				"<=msec": 3.700
				,"percent": 62.47
				}
			,{
				"<=msec": 3.800
				,"percent": 62.82
				}
			,{
				"<=msec": 3.900
				,"percent": 63.29
				}
			,{
				"<=msec": 4.000
				,"percent": 63.80
				}
			,{
				"<=msec": 4.100
				,"percent": 64.21
				}
			,{
				"<=msec": 4.200
				,"percent": 64.61
				}
			,{
				"<=msec": 4.300
				,"percent": 64.99
				}
			,{
				"<=msec": 4.400
				,"percent": 65.37
				}
			,{
				"<=msec": 4.500
				,"percent": 65.78
				}
			,{
				"<=msec": 4.600
				,"percent": 66.28
				}
			,{
				"<=msec": 4.700
				,"percent": 66.82
				}
			,{
				"<=msec": 4.800
				,"percent": 67.25
				}
			,{
				"<=msec": 4.900
				,"percent": 67.75
				}
			,{
				"<=msec": 5.000
				,"percent": 68.17
				}
			,{
				"<=msec": 5.100
				,"percent": 68.58
				}
			,{
				"<=msec": 5.200
				,"percent": 68.97
				}
			,{
				"<=msec": 5.300
				,"percent": 69.44
				}
			,{
				"<=msec": 5.400
				,"percent": 69.90
				}
			,{
				"<=msec": 5.500
				,"percent": 70.48
				}
			,{
				"<=msec": 5.600
				,"percent": 70.96
				}
			,{
				"<=msec": 5.700
				,"percent": 71.39
				}
			,{
				"<=msec": 5.800
				,"percent": 71.94
				}
			,{
				"<=msec": 5.900
				,"percent": 72.37
				}
			,{
				"<=msec": 6.000
				,"percent": 72.86
				}
			,{
				"<=msec": 6.100
				,"percent": 73.27
				}
			,{
				"<=msec": 6.200
				,"percent": 73.75
				}
			,{
				"<=msec": 6.300
				,"percent": 74.11
				}
			,{
				"<=msec": 6.400
				,"percent": 74.48
				}
			,{
				"<=msec": 6.500
				,"percent": 75.03
				}
			,{
				"<=msec": 6.600
				,"percent": 75.46
				}
			,{
				"<=msec": 6.700
				,"percent": 76.08
				}
			,{
				"<=msec": 6.800
				,"percent": 76.60
				}
			,{
				"<=msec": 6.900
				,"percent": 77.09
				}
			,{
				"<=msec": 7.000
				,"percent": 77.73
				}
			,{
				"<=msec": 7.100
				,"percent": 78.25
				}
			,{
				"<=msec": 7.200
				,"percent": 78.83
				}
			,{
				"<=msec": 7.300
				,"percent": 79.46
				}
			,{
				"<=msec": 7.400
				,"percent": 79.99
				}
			,{
				"<=msec": 7.500
				,"percent": 80.38
				}
			,{
				"<=msec": 7.600
				,"percent": 80.93
				}
			,{
				"<=msec": 7.700
				,"percent": 81.34
				}
			,{
				"<=msec": 7.800
				,"percent": 81.86
				}
			,{
				"<=msec": 7.900
				,"percent": 82.44
				}
			,{
				"<=msec": 8.000
				,"percent": 82.94
				}
			,{
				"<=msec": 8.100
				,"percent": 83.32
				}
			,{
				"<=msec": 8.200
				,"percent": 83.70
				}
			,{
				"<=msec": 8.300
				,"percent": 84.27
				}
			,{
				"<=msec": 8.400
				,"percent": 84.89
				}
			,{
				"<=msec": 8.500
				,"percent": 85.36
				}
			,{
				"<=msec": 8.600
				,"percent": 85.99
				}
			,{
				"<=msec": 8.700
				,"percent": 86.50
				}
			,{
				"<=msec": 8.800
				,"percent": 87.02
				}
			,{
				"<=msec": 8.900
				,"percent": 87.50
				}
			,{
				"<=msec": 9.000
				,"percent": 88.00
				}
			,{
				"<=msec": 9.100
				,"percent": 88.56
				}
			,{
				"<=msec": 9.200
				,"percent": 89.08
				}
			,{
				"<=msec": 9.300
				,"percent": 89.70
				}
			,{
				"<=msec": 9.400
				,"percent": 90.15
				}
			,{
				"<=msec": 9.500
				,"percent": 90.65
				}
			,{
				"<=msec": 9.600
				,"percent": 91.19
				}
			,{
				"<=msec": 9.700
				,"percent": 91.68
				}
			,{
				"<=msec": 9.800
				,"percent": 92.05
				}
			,{
				"<=msec": 9.900
				,"percent": 92.45
				}
			,{
				"<=msec": 10.000
				,"percent": 94.56
				}
			,{
				"<=msec": 11.000
				,"percent": 97.31
				}
			,{
				"<=msec": 12.000
				,"percent": 98.48
				}
			,{
				"<=msec": 13.000
				,"percent": 99.30
				}
			,{
				"<=msec": 14.000
				,"percent": 99.58
				}
			,{
				"<=msec": 15.000
				,"percent": 99.73
				}
			,{
				"<=msec": 16.000
				,"percent": 99.78
				}
			,{
				"<=msec": 17.000
				,"percent": 99.83
				}
			,{
				"<=msec": 18.000
				,"percent": 99.85
				}
			,{
				"<=msec": 19.000
				,"percent": 99.89
				}
			,{
				"<=msec": 20.000
				,"percent": 99.92
				}
			,{
				"<=msec": 21.000
				,"percent": 99.92
				}
			,{
				"<=msec": 22.000
				,"percent": 99.94
				}
			,{
				"<=msec": 23.000
				,"percent": 99.94
				}
			,{
				"<=msec": 25.000
				,"percent": 99.96
				}
			,{
				"<=msec": 30.000
				,"percent": 99.97
				}
			,{
				"<=msec": 33.000
				,"percent": 99.97
				}
			,{
				"<=msec": 36.000
				,"percent": 99.98
				}
			,{
				"<=msec": 38.000
				,"percent": 99.99
				}
			,{
				"<=msec": 40.000
				,"percent": 99.99
				}
			,{
				"<=msec": 41.000
				,"percent": 100.00
				}
			]
		,"GET":[
			{
				"<=msec": 1.400
				,"percent": 0.06
				}
			,{
				"<=msec": 1.500
				,"percent": 0.49
				}
			,{
				"<=msec": 1.600
				,"percent": 1.43
				}
			,{
				"<=msec": 1.700
				,"percent": 3.13
				}
			,{
				"<=msec": 1.800
				,"percent": 5.78
				}
			,{
				"<=msec": 1.900
				,"percent": 9.60
				}
			,{
				"<=msec": 2.000
				,"percent": 14.01
				}
			,{
				"<=msec": 2.100
				,"percent": 19.15
				}
			,{
				"<=msec": 2.200
				,"percent": 24.70
				}
			,{
				"<=msec": 2.300
				,"percent": 30.47
				}
			,{
				"<=msec": 2.400
				,"percent": 35.58
				}
			,{
				"<=msec": 2.500
				,"percent": 41.05
				}
			,{
				"<=msec": 2.600
				,"percent": 46.35
				}
			,{
				"<=msec": 2.700
				,"percent": 50.85
				}
			,{
				"<=msec": 2.800
				,"percent": 54.74
				}
			,{
				"<=msec": 2.900
				,"percent": 57.99
				}
			,{
				"<=msec": 3.000
				,"percent": 60.96
				}
			,{
				"<=msec": 3.100
				,"percent": 63.60
				}
			,{
				"<=msec": 3.200
				,"percent": 65.76
				}
			,{
				"<=msec": 3.300
				,"percent": 67.75
				}
			,{
				"<=msec": 3.400
				,"percent": 69.39
				}
			,{
				"<=msec": 3.500
				,"percent": 70.85
				}
			,{
				"<=msec": 3.600
				,"percent": 72.19
				}
			,{
				"<=msec": 3.700
				,"percent": 73.23
				}
			,{
				"<=msec": 3.800
				,"percent": 74.24
				}
			,{
				"<=msec": 3.900
				,"percent": 75.00
				}
			,{
				"<=msec": 4.000
				,"percent": 75.77
				}
			,{
				"<=msec": 4.100
				,"percent": 76.34
				}
			,{
				"<=msec": 4.200
				,"percent": 76.96
				}
			,{
				"<=msec": 4.300
				,"percent": 77.47
				}
			,{
				"<=msec": 4.400
				,"percent": 77.88
				}
			,{
				"<=msec": 4.500
				,"percent": 78.29
				}
			,{
				"<=msec": 4.600
				,"percent": 78.71
				}
			,{
				"<=msec": 4.700
				,"percent": 79.09
				}
			,{
				"<=msec": 4.800
				,"percent": 79.44
				}
			,{
				"<=msec": 4.900
				,"percent": 79.69
				}
			,{
				"<=msec": 5.000
				,"percent": 80.01
				}
			,{
				"<=msec": 5.100
				,"percent": 80.26
				}
			,{
				"<=msec": 5.200
				,"percent": 80.51
				}
			,{
				"<=msec": 5.300
				,"percent": 80.69
				}
			,{
				"<=msec": 5.400
				,"percent": 80.93
				}
			,{
				"<=msec": 5.500
				,"percent": 81.12
				}
			,{
				"<=msec": 5.600
				,"percent": 81.30
				}
			,{
				"<=msec": 5.700
				,"percent": 81.55
				}
			,{
				"<=msec": 5.800
				,"percent": 81.78
				}
			,{
				"<=msec": 5.900
				,"percent": 82.01
				}
			,{
				"<=msec": 6.000
				,"percent": 82.13
				}
			,{
				"<=msec": 6.100
				,"percent": 82.36
				}
			,{
				"<=msec": 6.200
				,"percent": 82.61
				}
			,{
				"<=msec": 6.300
				,"percent": 82.82
				}
			,{
				"<=msec": 6.400
				,"percent": 83.03
				}
			,{
				"<=msec": 6.500
				,"percent": 83.21
				}
			,{
				"<=msec": 6.600
				,"percent": 83.38
				}
			,{
				"<=msec": 6.700
				,"percent": 83.67
				}
			,{
				"<=msec": 6.800
				,"percent": 83.85
				}
			,{
				"<=msec": 6.900
				,"percent": 84.06
				}
			,{
				"<=msec": 7.000
				,"percent": 84.24
				}
			,{
				"<=msec": 7.100
				,"percent": 84.40
				}
			,{
				"<=msec": 7.200
				,"percent": 84.61
				}
			,{
				"<=msec": 7.300
				,"percent": 84.83
				}
			,{
				"<=msec": 7.400
				,"percent": 85.01
				}
			,{
				"<=msec": 7.500
				,"percent": 85.29
				}
			,{
				"<=msec": 7.600
				,"percent": 85.49
				}
			,{
				"<=msec": 7.700
				,"percent": 85.71
				}
			,{
				"<=msec": 7.800
				,"percent": 85.94
				}
			,{
				"<=msec": 7.900
				,"percent": 86.16
				}
			,{
				"<=msec": 8.000
				,"percent": 86.35
				}
			,{
				"<=msec": 8.100
				,"percent": 86.52
				}
			,{
				"<=msec": 8.200
				,"percent": 86.74
				}
			,{
				"<=msec": 8.300
				,"percent": 86.95
				}
			,{
				"<=msec": 8.400
				,"percent": 87.20
				}
			,{
				"<=msec": 8.500
				,"percent": 87.44
				}
			,{
				"<=msec": 8.600
				,"percent": 87.70
				}
			,{
				"<=msec": 8.700
				,"percent": 87.93
				}
			,{
				"<=msec": 8.800
				,"percent": 88.18
				}
			,{
				"<=msec": 8.900
				,"percent": 88.40
				}
			,{
				"<=msec": 9.000
				,"percent": 88.57
				}
			,{
				"<=msec": 9.100
				,"percent": 88.82
				}
			,{
				"<=msec": 9.200
				,"percent": 89.01
				}
			,{
				"<=msec": 9.300
				,"percent": 89.21
				}
			,{
				"<=msec": 9.400
				,"percent": 89.37
				}
			,{
				"<=msec": 9.500
				,"percent": 89.46
				}
			,{
				"<=msec": 9.600
				,"percent": 89.64
				}
			,{
				"<=msec": 9.700
				,"percent": 89.84
				}
			,{
				"<=msec": 9.800
				,"percent": 90.05
				}
			,{
				"<=msec": 9.900
				,"percent": 90.24
				}
			,{
				"<=msec": 10.000
				,"percent": 91.22
				}
			,{
				"<=msec": 11.000
				,"percent": 93.88
				}
			,{
				"<=msec": 12.000
				,"percent": 96.84
				}
			,{
				"<=msec": 13.000
				,"percent": 98.65
				}
			,{
				"<=msec": 14.000
				,"percent": 99.40
				}
			,{
				"<=msec": 15.000
				,"percent": 99.63
				}
			,{
				"<=msec": 16.000
				,"percent": 99.75
				}
			,{
				"<=msec": 17.000
				,"percent": 99.81
				}
			,{
				"<=msec": 18.000
				,"percent": 99.83
				}
			,{
				"<=msec": 19.000
				,"percent": 99.87
				}
			,{
				"<=msec": 20.000
				,"percent": 99.92
				}
			,{
				"<=msec": 21.000
				,"percent": 99.94
				}
			,{
				"<=msec": 22.000
				,"percent": 99.96
				}
			,{
				"<=msec": 23.000
				,"percent": 99.97
				}
			,{
				"<=msec": 24.000
				,"percent": 99.98
				}
			,{
				"<=msec": 25.000
				,"percent": 99.99
				}
			,{
				"<=msec": 28.000
				,"percent": 100.00
				}
			]
		,"WAIT":[
		]
		}
	}
