{
	"configuration":{
		"server": "10.0.0.9"
		,"port": 11212
		,"unix socket": "(null)"
		,"protocol": "memcache_text"
		,"out_file": "(null)"
		,"client_stats": "(null)"
		,"run_count": 1
		,"debug": 0
		,"requests": 0
		,"clients": 2
		,"threads": 1
		,"test_time": 60
		,"ratio": "1:9"
		,"pipeline": 1
		,"data_size": 4096
		,"data_offset": 0
		,"random_data": "false"
		,"data_size_range": "0:0"
		,"data_size_list": ""
		,"data_size_pattern": "R"
		,"expiry_range": "9999:10000"
		,"data_import": "(null)"
		,"data_verify": "false"
		,"verify_only": "false"
		,"generate_keys": "false"
		,"key_prefix": "memtier-"
		,"key_minimum":           0
		,"key_maximum":        1000
		,"key_pattern": "R:R"
		,"key_stddev": 0.000000
		,"key_median": 0.000000
		,"reconnect_interval": 0
		,"multi_key_get": 9
		,"authenticate": ""
		,"select-db": 0
		,"no-expiry": "false"
		,"wait-ratio": "0:0"
		,"num-slaves": "0:0"
		,"wait-timeout": "0-0"
		}
	,"run information":{
		"Threads": 1
		,"Connections per thread": 2
		,"Seconds": 60
		}
	,"ALL STATS":{
		"Sets":{
			"Ops/sec": 160.96
			,"Hits/sec": 0.00
			,"Misses/sec": 0.00
			,"Latency": 6.69
			,"KB/sec": 650.02
			}
		,"Gets":{
			"Ops/sec": 160.94
			,"Hits/sec": 1448.46
			,"Misses/sec": 0.00
			,"Latency": 5.71
			,"KB/sec": 5851.69
			}
		,"Waits":{
			"Ops/sec": 0.00
			,"Hits/sec": 0.00
			,"Misses/sec": 0.00
			,"Latency": 0.00
			,"KB/sec": 0.00
			}
		,"Totals":{
			"Ops/sec": 321.90
			,"Hits/sec": 1448.46
			,"Misses/sec": 0.00
			,"Latency": 6.20
			,"KB/sec": 6501.71
			}
		,"SET":[
			{
				"<=msec": 1.200
				,"percent": 0.01
				}
			,{
				"<=msec": 1.300
				,"percent": 0.06
				}
			,{
				"<=msec": 1.400
				,"percent": 0.52
				}
			,{
				"<=msec": 1.500
				,"percent": 2.04
				}
			,{
				"<=msec": 1.600
				,"percent": 5.08
				}
			,{
				"<=msec": 1.700
				,"percent": 8.94
				}
			,{
				"<=msec": 1.800
				,"percent": 13.46
				}
			,{
				"<=msec": 1.900
				,"percent": 17.92
				}
			,{
				"<=msec": 2.000
				,"percent": 22.38
				}
			,{
				"<=msec": 2.100
				,"percent": 26.56
				}
			,{
				"<=msec": 2.200
				,"percent": 30.02
				}
			,{
				"<=msec": 2.300
				,"percent": 32.54
				}
			,{
				"<=msec": 2.400
				,"percent": 34.75
				}
			,{
				"<=msec": 2.500
				,"percent": 36.63
				}
			,{
				"<=msec": 2.600
				,"percent": 38.13
				}
			,{
				"<=msec": 2.700
				,"percent": 39.29
				}
			,{
				"<=msec": 2.800
				,"percent": 40.39
				}
			,{
				"<=msec": 2.900
				,"percent": 41.33
				}
			,{
				"<=msec": 3.000
				,"percent": 42.08
				}
			,{
				"<=msec": 3.100
				,"percent": 42.72
				}
			,{
				"<=msec": 3.200
				,"percent": 43.46
				}
			,{
				"<=msec": 3.300
				,"percent": 43.96
				}
			,{
				"<=msec": 3.400
				,"percent": 44.48
				}
			,{
				"<=msec": 3.500
				,"percent": 45.03
				}
			,{
				"<=msec": 3.600
				,"percent": 45.31
				}
			,{
				"<=msec": 3.700
				,"percent": 45.65
				}
			,{
				"<=msec": 3.800
				,"percent": 46.03
				}
			,{
				"<=msec": 3.900
				,"percent": 46.45
				}
			,{
				"<=msec": 4.000
				,"percent": 46.71
				}
			,{
				"<=msec": 4.100
				,"percent": 47.04
				}
			,{
				"<=msec": 4.200
				,"percent": 47.34
				}
			,{
				"<=msec": 4.300
				,"percent": 47.65
				}
			,{
				"<=msec": 4.400
				,"percent": 47.95
				}
			,{
				"<=msec": 4.500
				,"percent": 48.29
				}
			,{
				"<=msec": 4.600
				,"percent": 48.65
				}
			,{
				"<=msec": 4.700
				,"percent": 49.03
				}
			,{
				"<=msec": 4.800
				,"percent": 49.32
				}
			,{
				"<=msec": 4.900
				,"percent": 49.70
				}
			,{
				"<=msec": 5.000
				,"percent": 50.03
				}
			,{
				"<=msec": 5.100
				,"percent": 50.27
				}
			,{
				"<=msec": 5.200
				,"percent": 50.45
				}
			,{
				"<=msec": 5.300
				,"percent": 50.80
				}
			,{
				"<=msec": 5.400
				,"percent": 51.06
				}
			,{
				"<=msec": 5.500
				,"percent": 51.31
				}
			,{
				"<=msec": 5.600
				,"percent": 51.59
				}
			,{
				"<=msec": 5.700
				,"percent": 51.94
				}
			,{
				"<=msec": 5.800
				,"percent": 52.31
				}
			,{
				"<=msec": 5.900
				,"percent": 52.70
				}
			,{
				"<=msec": 6.000
				,"percent": 53.00
				}
			,{
				"<=msec": 6.100
				,"percent": 53.31
				}
			,{
				"<=msec": 6.200
				,"percent": 53.57
				}
			,{
				"<=msec": 6.300
				,"percent": 53.88
				}
			,{
				"<=msec": 6.400
				,"percent": 54.35
				}
			,{
				"<=msec": 6.500
				,"percent": 54.84
				}
			,{
				"<=msec": 6.600
				,"percent": 55.16
				}
			,{
				"<=msec": 6.700
				,"percent": 55.59
				}
			,{
				"<=msec": 6.800
				,"percent": 55.86
				}
			,{
				"<=msec": 6.900
				,"percent": 56.12
				}
			,{
				"<=msec": 7.000
				,"percent": 56.47
				}
			,{
				"<=msec": 7.100
				,"percent": 56.97
				}
			,{
				"<=msec": 7.200
				,"percent": 57.34
				}
			,{
				"<=msec": 7.300
				,"percent": 57.81
				}
			,{
				"<=msec": 7.400
				,"percent": 58.24
				}
			,{
				"<=msec": 7.500
				,"percent": 58.67
				}
			,{
				"<=msec": 7.600
				,"percent": 59.20
				}
			,{
				"<=msec": 7.700
				,"percent": 59.68
				}
			,{
				"<=msec": 7.800
				,"percent": 60.13
				}
			,{
				"<=msec": 7.900
				,"percent": 60.57
				}
			,{
				"<=msec": 8.000
				,"percent": 61.14
				}
			,{
				"<=msec": 8.100
				,"percent": 61.62
				}
			,{
				"<=msec": 8.200
				,"percent": 61.92
				}
			,{
				"<=msec": 8.300
				,"percent": 62.35
				}
			,{
				"<=msec": 8.400
				,"percent": 62.92
				}
			,{
				"<=msec": 8.500
				,"percent": 63.36
				}
			,{
				"<=msec": 8.600
				,"percent": 63.85
				}
			,{
				"<=msec": 8.700
				,"percent": 64.22
				}
			,{
				"<=msec": 8.800
				,"percent": 64.65
				}
			,{
				"<=msec": 8.900
				,"percent": 65.14
				}
			,{
				"<=msec": 9.000
				,"percent": 65.60
				}
			,{
				"<=msec": 9.100
				,"percent": 66.11
				}
			,{
				"<=msec": 9.200
				,"percent": 66.64
				}
			,{
				"<=msec": 9.300
				,"percent": 67.16
				}
			,{
				"<=msec": 9.400
				,"percent": 67.64
				}
			,{
				"<=msec": 9.500
				,"percent": 68.20
				}
			,{
				"<=msec": 9.600
				,"percent": 68.70
				}
			,{
				"<=msec": 9.700
				,"percent": 69.12
				}
			,{
				"<=msec": 9.800
				,"percent": 69.55
				}
			,{
				"<=msec": 9.900
				,"percent": 69.93
				}
			,{
				"<=msec": 10.000
				,"percent": 72.13
				}
			,{
				"<=msec": 11.000
				,"percent": 75.43
				}
			,{
				"<=msec": 12.000
				,"percent": 80.37
				}
			,{
				"<=msec": 13.000
				,"percent": 88.42
				}
			,{
				"<=msec": 14.000
				,"percent": 92.62
				}
			,{
				"<=msec": 15.000
				,"percent": 98.12
				}
			,{
				"<=msec": 16.000
				,"percent": 99.29
				}
			,{
				"<=msec": 17.000
				,"percent": 99.51
				}
			,{
				"<=msec": 18.000
				,"percent": 99.71
				}
			,{
				"<=msec": 19.000
				,"percent": 99.78
				}
			,{
				"<=msec": 20.000
				,"percent": 99.82
				}
			,{
				"<=msec": 22.000
				,"percent": 99.84
				}
			,{
				"<=msec": 23.000
				,"percent": 99.87
				}
			,{
				"<=msec": 24.000
				,"percent": 99.88
				}
			,{
				"<=msec": 26.000
				,"percent": 99.91
				}
			,{
				"<=msec": 27.000
				,"percent": 99.92
				}
			,{
				"<=msec": 28.000
				,"percent": 99.93
				}
			,{
				"<=msec": 30.000
				,"percent": 99.94
				}
			,{
				"<=msec": 33.000
				,"percent": 99.96
				}
			,{
				"<=msec": 35.000
				,"percent": 99.97
				}
			,{
				"<=msec": 36.000
				,"percent": 99.98
				}
			,{
				"<=msec": 38.000
				,"percent": 99.99
				}
			,{
				"<=msec": 39.000
				,"percent": 100.00
				}
			]
		,"GET":[
			{
				"<=msec": 1.600
				,"percent": 0.07
				}
			,{
				"<=msec": 1.700
				,"percent": 0.39
				}
			,{
				"<=msec": 1.800
				,"percent": 1.30
				}
			,{
				"<=msec": 1.900
				,"percent": 3.19
				}
			,{
				"<=msec": 2.000
				,"percent": 6.44
				}
			,{
				"<=msec": 2.100
				,"percent": 10.28
				}
			,{
				"<=msec": 2.200
				,"percent": 15.05
				}
			,{
				"<=msec": 2.300
				,"percent": 19.55
				}
			,{
				"<=msec": 2.400
				,"percent": 24.48
				}
			,{
				"<=msec": 2.500
				,"percent": 29.47
				}
			,{
				"<=msec": 2.600
				,"percent": 34.38
				}
			,{
				"<=msec": 2.700
				,"percent": 38.76
				}
			,{
				"<=msec": 2.800
				,"percent": 42.91
				}
			,{
				"<=msec": 2.900
				,"percent": 46.86
				}
			,{
				"<=msec": 3.000
				,"percent": 50.21
				}
			,{
				"<=msec": 3.100
				,"percent": 53.23
				}
			,{
				"<=msec": 3.200
				,"percent": 55.61
				}
			,{
				"<=msec": 3.300
				,"percent": 57.89
				}
			,{
				"<=msec": 3.400
				,"percent": 59.90
				}
			,{
				"<=msec": 3.500
				,"percent": 61.54
				}
			,{
				"<=msec": 3.600
				,"percent": 62.70
				}
			,{
				"<=msec": 3.700
				,"percent": 63.82
				}
			,{
				"<=msec": 3.800
				,"percent": 64.64
				}
			,{
				"<=msec": 3.900
				,"percent": 65.48
				}
			,{
				"<=msec": 4.000
				,"percent": 66.15
				}
			,{
				"<=msec": 4.100
				,"percent": 66.88
				}
			,{
				"<=msec": 4.200
				,"percent": 67.53
				}
			,{
				"<=msec": 4.300
				,"percent": 68.03
				}
			,{
				"<=msec": 4.400
				,"percent": 68.35
				}
			,{
				"<=msec": 4.500
				,"percent": 68.80
				}
			,{
				"<=msec": 4.600
				,"percent": 69.18
				}
			,{
				"<=msec": 4.700
				,"percent": 69.51
				}
			,{
				"<=msec": 4.800
				,"percent": 69.86
				}
			,{
				"<=msec": 4.900
				,"percent": 70.20
				}
			,{
				"<=msec": 5.000
				,"percent": 70.39
				}
			,{
				"<=msec": 5.100
				,"percent": 70.53
				}
			,{
				"<=msec": 5.200
				,"percent": 70.76
				}
			,{
				"<=msec": 5.300
				,"percent": 71.01
				}
			,{
				"<=msec": 5.400
				,"percent": 71.13
				}
			,{
				"<=msec": 5.500
				,"percent": 71.31
				}
			,{
				"<=msec": 5.600
				,"percent": 71.48
				}
			,{
				"<=msec": 5.700
				,"percent": 71.69
				}
			,{
				"<=msec": 5.800
				,"percent": 71.94
				}
			,{
				"<=msec": 5.900
				,"percent": 72.14
				}
			,{
				"<=msec": 6.000
				,"percent": 72.36
				}
			,{
				"<=msec": 6.100
				,"percent": 72.61
				}
			,{
				"<=msec": 6.200
				,"percent": 72.85
				}
			,{
				"<=msec": 6.300
				,"percent": 73.01
				}
			,{
				"<=msec": 6.400
				,"percent": 73.22
				}
			,{
				"<=msec": 6.500
				,"percent": 73.34
				}
			,{
				"<=msec": 6.600
				,"percent": 73.48
				}
			,{
				"<=msec": 6.700
				,"percent": 73.64
				}
			,{
				"<=msec": 6.800
				,"percent": 73.79
				}
			,{
				"<=msec": 6.900
				,"percent": 73.99
				}
			,{
				"<=msec": 7.000
				,"percent": 74.09
				}
			,{
				"<=msec": 7.100
				,"percent": 74.25
				}
			,{
				"<=msec": 7.200
				,"percent": 74.46
				}
			,{
				"<=msec": 7.300
				,"percent": 74.57
				}
			,{
				"<=msec": 7.400
				,"percent": 74.73
				}
			,{
				"<=msec": 7.500
				,"percent": 74.88
				}
			,{
				"<=msec": 7.600
				,"percent": 75.06
				}
			,{
				"<=msec": 7.700
				,"percent": 75.17
				}
			,{
				"<=msec": 7.800
				,"percent": 75.37
				}
			,{
				"<=msec": 7.900
				,"percent": 75.58
				}
			,{
				"<=msec": 8.000
				,"percent": 75.71
				}
			,{
				"<=msec": 8.100
				,"percent": 75.87
				}
			,{
				"<=msec": 8.200
				,"percent": 76.04
				}
			,{
				"<=msec": 8.300
				,"percent": 76.20
				}
			,{
				"<=msec": 8.400
				,"percent": 76.39
				}
			,{
				"<=msec": 8.500
				,"percent": 76.46
				}
			,{
				"<=msec": 8.600
				,"percent": 76.58
				}
			,{
				"<=msec": 8.700
				,"percent": 76.74
				}
			,{
				"<=msec": 8.800
				,"percent": 76.94
				}
			,{
				"<=msec": 8.900
				,"percent": 77.09
				}
			,{
				"<=msec": 9.000
				,"percent": 77.22
				}
			,{
				"<=msec": 9.100
				,"percent": 77.35
				}
			,{
				"<=msec": 9.200
				,"percent": 77.45
				}
			,{
				"<=msec": 9.300
				,"percent": 77.57
				}
			,{
				"<=msec": 9.400
				,"percent": 77.72
				}
			,{
				"<=msec": 9.500
				,"percent": 77.88
				}
			,{
				"<=msec": 9.600
				,"percent": 78.00
				}
			,{
				"<=msec": 9.700
				,"percent": 78.17
				}
			,{
				"<=msec": 9.800
				,"percent": 78.31
				}
			,{
				"<=msec": 9.900
				,"percent": 78.51
				}
			,{
				"<=msec": 10.000
				,"percent": 79.29
				}
			,{
				"<=msec": 11.000
				,"percent": 81.63
				}
			,{
				"<=msec": 12.000
				,"percent": 84.58
				}
			,{
				"<=msec": 13.000
				,"percent": 87.48
				}
			,{
				"<=msec": 14.000
				,"percent": 89.81
				}
			,{
				"<=msec": 15.000
				,"percent": 91.00
				}
			,{
				"<=msec": 16.000
				,"percent": 96.39
				}
			,{
				"<=msec": 17.000
				,"percent": 98.39
				}
			,{
				"<=msec": 18.000
				,"percent": 98.76
				}
			,{
				"<=msec": 19.000
				,"percent": 99.02
				}
			,{
				"<=msec": 20.000
				,"percent": 99.09
				}
			,{
				"<=msec": 21.000
				,"percent": 99.15
				}
			,{
				"<=msec": 22.000
				,"percent": 99.25
				}
			,{
				"<=msec": 23.000
				,"percent": 99.30
				}
			,{
				"<=msec": 24.000
				,"percent": 99.33
				}
			,{
				"<=msec": 25.000
				,"percent": 99.44
				}
			,{
				"<=msec": 26.000
				,"percent": 99.49
				}
			,{
				"<=msec": 27.000
				,"percent": 99.62
				}
			,{
				"<=msec": 28.000
				,"percent": 99.74
				}
			,{
				"<=msec": 29.000
				,"percent": 99.82
				}
			,{
				"<=msec": 30.000
				,"percent": 99.86
				}
			,{
				"<=msec": 31.000
				,"percent": 99.88
				}
			,{
				"<=msec": 32.000
				,"percent": 99.96
				}
			,{
				"<=msec": 33.000
				,"percent": 99.99
				}
			,{
				"<=msec": 43.000
				,"percent": 100.00
				}
			]
		,"WAIT":[
		]
		}
	}
