{
	"configuration":{
		"server": "10.0.0.9"
		,"port": 11212
		,"unix socket": "(null)"
		,"protocol": "memcache_text"
		,"out_file": "(null)"
		,"client_stats": "(null)"
		,"run_count": 1
		,"debug": 0
		,"requests": 0
		,"clients": 2
		,"threads": 1
		,"test_time": 60
		,"ratio": "1:1"
		,"pipeline": 1
		,"data_size": 4096
		,"data_offset": 0
		,"random_data": "false"
		,"data_size_range": "0:0"
		,"data_size_list": ""
		,"data_size_pattern": "R"
		,"expiry_range": "9999:10000"
		,"data_import": "(null)"
		,"data_verify": "false"
		,"verify_only": "false"
		,"generate_keys": "false"
		,"key_prefix": "memtier-"
		,"key_minimum":           0
		,"key_maximum":        1000
		,"key_pattern": "R:R"
		,"key_stddev": 0.000000
		,"key_median": 0.000000
		,"reconnect_interval": 0
		,"multi_key_get": 1
		,"authenticate": ""
		,"select-db": 0
		,"no-expiry": "false"
		,"wait-ratio": "0:0"
		,"num-slaves": "0:0"
		,"wait-timeout": "0-0"
		}
	,"run information":{
		"Threads": 1
		,"Connections per thread": 2
		,"Seconds": 60
		}
	,"ALL STATS":{
		"Sets":{
			"Ops/sec": 468.33
			,"Hits/sec": 0.00
			,"Misses/sec": 0.00
			,"Latency": 2.40
			,"KB/sec": 1891.34
			}
		,"Gets":{
			"Ops/sec": 468.31
			,"Hits/sec": 468.31
			,"Misses/sec": 0.00
			,"Latency": 1.85
			,"KB/sec": 1896.02
			}
		,"Waits":{
			"Ops/sec": 0.00
			,"Hits/sec": 0.00
			,"Misses/sec": 0.00
			,"Latency": 0.00
			,"KB/sec": 0.00
			}
		,"Totals":{
			"Ops/sec": 936.64
			,"Hits/sec": 468.31
			,"Misses/sec": 0.00
			,"Latency": 2.13
			,"KB/sec": 3787.36
			}
		,"SET":[
			{
				"<=msec": 1.100
				,"percent": 0.05
				}
			,{
				"<=msec": 1.200
				,"percent": 0.98
				}
			,{
				"<=msec": 1.300
				,"percent": 4.96
				}
			,{
				"<=msec": 1.400
				,"percent": 13.20
				}
			,{
				"<=msec": 1.500
				,"percent": 24.22
				}
			,{
				"<=msec": 1.600
				,"percent": 35.45
				}
			,{
				"<=msec": 1.700
				,"percent": 45.86
				}
			,{
				"<=msec": 1.800
				,"percent": 54.71
				}
			,{
				"<=msec": 1.900
				,"percent": 61.51
				}
			,{
				"<=msec": 2.000
				,"percent": 66.72
				}
			,{
				"<=msec": 2.100
				,"percent": 70.84
				}
			,{
				"<=msec": 2.200
				,"percent": 74.00
				}
			,{
				"<=msec": 2.300
				,"percent": 76.48
				}
			,{
				"<=msec": 2.400
				,"percent": 78.36
				}
			,{
				"<=msec": 2.500
				,"percent": 79.85
				}
			,{
				"<=msec": 2.600
				,"percent": 81.19
				}
			,{
				"<=msec": 2.700
				,"percent": 82.34
				}
			,{
				"<=msec": 2.800
				,"percent": 83.34
				}
			,{
				"<=msec": 2.900
				,"percent": 84.19
				}
			,{
				"<=msec": 3.000
				,"percent": 84.89
				}
			,{
				"<=msec": 3.100
				,"percent": 85.50
				}
			,{
				"<=msec": 3.200
				,"percent": 86.03
				}
			,{
				"<=msec": 3.300
				,"percent": 86.49
				}
			,{
				"<=msec": 3.400
				,"percent": 86.94
				}
			,{
				"<=msec": 3.500
				,"percent": 87.35
				}
			,{
				"<=msec": 3.600
				,"percent": 87.77
				}
			,{
				"<=msec": 3.700
				,"percent": 88.23
				}
			,{
				"<=msec": 3.800
				,"percent": 88.57
				}
			,{
				"<=msec": 3.900
				,"percent": 88.99
				}
			,{
				"<=msec": 4.000
				,"percent": 89.37
				}
			,{
				"<=msec": 4.100
				,"percent": 89.70
				}
			,{
				"<=msec": 4.200
				,"percent": 89.99
				}
			,{
				"<=msec": 4.300
				,"percent": 90.27
				}
			,{
				"<=msec": 4.400
				,"percent": 90.56
				}
			,{
				"<=msec": 4.500
				,"percent": 90.80
				}
			,{
				"<=msec": 4.600
				,"percent": 91.07
				}
			,{
				"<=msec": 4.700
				,"percent": 91.36
				}
			,{
				"<=msec": 4.800
				,"percent": 91.60
				}
			,{
				"<=msec": 4.900
				,"percent": 91.85
				}
			,{
				"<=msec": 5.000
				,"percent": 92.06
				}
			,{
				"<=msec": 5.100
				,"percent": 92.24
				}
			,{
				"<=msec": 5.200
				,"percent": 92.43
				}
			,{
				"<=msec": 5.300
				,"percent": 92.68
				}
			,{
				"<=msec": 5.400
				,"percent": 92.87
				}
			,{
				"<=msec": 5.500
				,"percent": 93.09
				}
			,{
				"<=msec": 5.600
				,"percent": 93.29
				}
			,{
				"<=msec": 5.700
				,"percent": 93.53
				}
			,{
				"<=msec": 5.800
				,"percent": 93.75
				}
			,{
				"<=msec": 5.900
				,"percent": 94.01
				}
			,{
				"<=msec": 6.000
				,"percent": 94.23
				}
			,{
				"<=msec": 6.100
				,"percent": 94.46
				}
			,{
				"<=msec": 6.200
				,"percent": 94.67
				}
			,{
				"<=msec": 6.300
				,"percent": 94.86
				}
			,{
				"<=msec": 6.400
				,"percent": 95.11
				}
			,{
				"<=msec": 6.500
				,"percent": 95.25
				}
			,{
				"<=msec": 6.600
				,"percent": 95.46
				}
			,{
				"<=msec": 6.700
				,"percent": 95.67
				}
			,{
				"<=msec": 6.800
				,"percent": 95.93
				}
			,{
				"<=msec": 6.900
				,"percent": 96.07
				}
			,{
				"<=msec": 7.000
				,"percent": 96.27
				}
			,{
				"<=msec": 7.100
				,"percent": 96.51
				}
			,{
				"<=msec": 7.200
				,"percent": 96.67
				}
			,{
				"<=msec": 7.300
				,"percent": 96.85
				}
			,{
				"<=msec": 7.400
				,"percent": 97.00
				}
			,{
				"<=msec": 7.500
				,"percent": 97.17
				}
			,{
				"<=msec": 7.600
				,"percent": 97.30
				}
			,{
				"<=msec": 7.700
				,"percent": 97.41
				}
			,{
				"<=msec": 7.800
				,"percent": 97.56
				}
			,{
				"<=msec": 7.900
				,"percent": 97.71
				}
			,{
				"<=msec": 8.000
				,"percent": 97.84
				}
			,{
				"<=msec": 8.100
				,"percent": 97.98
				}
			,{
				"<=msec": 8.200
				,"percent": 98.11
				}
			,{
				"<=msec": 8.300
				,"percent": 98.24
				}
			,{
				"<=msec": 8.400
				,"percent": 98.35
				}
			,{
				"<=msec": 8.500
				,"percent": 98.42
				}
			,{
				"<=msec": 8.600
				,"percent": 98.49
				}
			,{
				"<=msec": 8.700
				,"percent": 98.57
				}
			,{
				"<=msec": 8.800
				,"percent": 98.61
				}
			,{
				"<=msec": 8.900
				,"percent": 98.65
				}
			,{
				"<=msec": 9.000
				,"percent": 98.70
				}
			,{
				"<=msec": 9.100
				,"percent": 98.78
				}
			,{
				"<=msec": 9.200
				,"percent": 98.82
				}
			,{
				"<=msec": 9.300
				,"percent": 98.86
				}
			,{
				"<=msec": 9.400
				,"percent": 98.91
				}
			,{
				"<=msec": 9.500
				,"percent": 98.97
				}
			,{
				"<=msec": 9.600
				,"percent": 99.01
				}
			,{
				"<=msec": 9.700
				,"percent": 99.05
				}
			,{
				"<=msec": 9.800
				,"percent": 99.09
				}
			,{
				"<=msec": 9.900
				,"percent": 99.11
				}
			,{
				"<=msec": 10.000
				,"percent": 99.32
				}
			,{
				"<=msec": 11.000
				,"percent": 99.54
				}
			,{
				"<=msec": 12.000
				,"percent": 99.71
				}
			,{
				"<=msec": 13.000
				,"percent": 99.78
				}
			,{
				"<=msec": 14.000
				,"percent": 99.83
				}
			,{
				"<=msec": 15.000
				,"percent": 99.86
				}
			,{
				"<=msec": 16.000
				,"percent": 99.91
				}
			,{
				"<=msec": 17.000
				,"percent": 99.93
				}
			,{
				"<=msec": 18.000
				,"percent": 99.94
				}
			,{
				"<=msec": 19.000
				,"percent": 99.95
				}
			,{
				"<=msec": 20.000
				,"percent": 99.96
				}
			,{
				"<=msec": 21.000
				,"percent": 99.97
				}
			,{
				"<=msec": 22.000
				,"percent": 99.99
				}
			,{
				"<=msec": 23.000
				,"percent": 99.99
				}
			,{
				"<=msec": 25.000
				,"percent": 99.99
				}
			,{
				"<=msec": 26.000
				,"percent": 100.00
				}
			,{
				"<=msec": 35.000
				,"percent": 100.00
				}
			]
		,"GET":[
			{
				"<=msec": 0.930
				,"percent": 0.00
				}
			,{
				"<=msec": 0.950
				,"percent": 0.01
				}
			,{
				"<=msec": 0.960
				,"percent": 0.02
				}
			,{
				"<=msec": 0.970
				,"percent": 0.03
				}
			,{
				"<=msec": 0.980
				,"percent": 0.05
				}
			,{
				"<=msec": 0.990
				,"percent": 0.08
				}
			,{
				"<=msec": 1.000
				,"percent": 0.48
				}
			,{
				"<=msec": 1.100
				,"percent": 4.23
				}
			,{
				"<=msec": 1.200
				,"percent": 13.85
				}
			,{
				"<=msec": 1.300
				,"percent": 27.80
				}
			,{
				"<=msec": 1.400
				,"percent": 42.09
				}
			,{
				"<=msec": 1.500
				,"percent": 53.98
				}
			,{
				"<=msec": 1.600
				,"percent": 63.37
				}
			,{
				"<=msec": 1.700
				,"percent": 70.21
				}
			,{
				"<=msec": 1.800
				,"percent": 75.61
				}
			,{
				"<=msec": 1.900
				,"percent": 79.52
				}
			,{
				"<=msec": 2.000
				,"percent": 82.48
				}
			,{
				"<=msec": 2.100
				,"percent": 84.90
				}
			,{
				"<=msec": 2.200
				,"percent": 86.73
				}
			,{
				"<=msec": 2.300
				,"percent": 88.23
				}
			,{
				"<=msec": 2.400
				,"percent": 89.29
				}
			,{
				"<=msec": 2.500
				,"percent": 90.21
				}
			,{
				"<=msec": 2.600
				,"percent": 90.89
				}
			,{
				"<=msec": 2.700
				,"percent": 91.48
				}
			,{
				"<=msec": 2.800
				,"percent": 92.03
				}
			,{
				"<=msec": 2.900
				,"percent": 92.51
				}
			,{
				"<=msec": 3.000
				,"percent": 92.86
				}
			,{
				"<=msec": 3.100
				,"percent": 93.23
				}
			,{
				"<=msec": 3.200
				,"percent": 93.60
				}
			,{
				"<=msec": 3.300
				,"percent": 93.89
				}
			,{
				"<=msec": 3.400
				,"percent": 94.18
				}
			,{
				"<=msec": 3.500
				,"percent": 94.40
				}
			,{
				"<=msec": 3.600
				,"percent": 94.60
				}
			,{
				"<=msec": 3.700
				,"percent": 94.79
				}
			,{
				"<=msec": 3.800
				,"percent": 95.01
				}
			,{
				"<=msec": 3.900
				,"percent": 95.13
				}
			,{
				"<=msec": 4.000
				,"percent": 95.29
				}
			,{
				"<=msec": 4.100
				,"percent": 95.44
				}
			,{
				"<=msec": 4.200
				,"percent": 95.59
				}
			,{
				"<=msec": 4.300
				,"percent": 95.72
				}
			,{
				"<=msec": 4.400
				,"percent": 95.81
				}
			,{
				"<=msec": 4.500
				,"percent": 95.93
				}
			,{
				"<=msec": 4.600
				,"percent": 96.06
				}
			,{
				"<=msec": 4.700
				,"percent": 96.17
				}
			,{
				"<=msec": 4.800
				,"percent": 96.31
				}
			,{
				"<=msec": 4.900
				,"percent": 96.43
				}
			,{
				"<=msec": 5.000
				,"percent": 96.59
				}
			,{
				"<=msec": 5.100
				,"percent": 96.69
				}
			,{
				"<=msec": 5.200
				,"percent": 96.79
				}
			,{
				"<=msec": 5.300
				,"percent": 96.91
				}
			,{
				"<=msec": 5.400
				,"percent": 97.00
				}
			,{
				"<=msec": 5.500
				,"percent": 97.09
				}
			,{
				"<=msec": 5.600
				,"percent": 97.19
				}
			,{
				"<=msec": 5.700
				,"percent": 97.31
				}
			,{
				"<=msec": 5.800
				,"percent": 97.40
				}
			,{
				"<=msec": 5.900
				,"percent": 97.53
				}
			,{
				"<=msec": 6.000
				,"percent": 97.65
				}
			,{
				"<=msec": 6.100
				,"percent": 97.73
				}
			,{
				"<=msec": 6.200
				,"percent": 97.83
				}
			,{
				"<=msec": 6.300
				,"percent": 97.93
				}
			,{
				"<=msec": 6.400
				,"percent": 98.06
				}
			,{
				"<=msec": 6.500
				,"percent": 98.13
				}
			,{
				"<=msec": 6.600
				,"percent": 98.24
				}
			,{
				"<=msec": 6.700
				,"percent": 98.37
				}
			,{
				"<=msec": 6.800
				,"percent": 98.46
				}
			,{
				"<=msec": 6.900
				,"percent": 98.56
				}
			,{
				"<=msec": 7.000
				,"percent": 98.65
				}
			,{
				"<=msec": 7.100
				,"percent": 98.77
				}
			,{
				"<=msec": 7.200
				,"percent": 98.82
				}
			,{
				"<=msec": 7.300
				,"percent": 98.90
				}
			,{
				"<=msec": 7.400
				,"percent": 98.98
				}
			,{
				"<=msec": 7.500
				,"percent": 99.05
				}
			,{
				"<=msec": 7.600
				,"percent": 99.15
				}
			,{
				"<=msec": 7.700
				,"percent": 99.19
				}
			,{
				"<=msec": 7.800
				,"percent": 99.25
				}
			,{
				"<=msec": 7.900
				,"percent": 99.31
				}
			,{
				"<=msec": 8.000
				,"percent": 99.35
				}
			,{
				"<=msec": 8.100
				,"percent": 99.37
				}
			,{
				"<=msec": 8.200
				,"percent": 99.40
				}
			,{
				"<=msec": 8.300
				,"percent": 99.43
				}
			,{
				"<=msec": 8.400
				,"percent": 99.48
				}
			,{
				"<=msec": 8.500
				,"percent": 99.50
				}
			,{
				"<=msec": 8.600
				,"percent": 99.52
				}
			,{
				"<=msec": 8.700
				,"percent": 99.54
				}
			,{
				"<=msec": 8.800
				,"percent": 99.57
				}
			,{
				"<=msec": 8.900
				,"percent": 99.57
				}
			,{
				"<=msec": 9.000
				,"percent": 99.59
				}
			,{
				"<=msec": 9.100
				,"percent": 99.60
				}
			,{
				"<=msec": 9.200
				,"percent": 99.62
				}
			,{
				"<=msec": 9.300
				,"percent": 99.64
				}
			,{
				"<=msec": 9.400
				,"percent": 99.66
				}
			,{
				"<=msec": 9.500
				,"percent": 99.67
				}
			,{
				"<=msec": 9.600
				,"percent": 99.69
				}
			,{
				"<=msec": 9.700
				,"percent": 99.70
				}
			,{
				"<=msec": 9.800
				,"percent": 99.70
				}
			,{
				"<=msec": 9.900
				,"percent": 99.72
				}
			,{
				"<=msec": 10.000
				,"percent": 99.77
				}
			,{
				"<=msec": 11.000
				,"percent": 99.87
				}
			,{
				"<=msec": 12.000
				,"percent": 99.93
				}
			,{
				"<=msec": 13.000
				,"percent": 99.95
				}
			,{
				"<=msec": 14.000
				,"percent": 99.95
				}
			,{
				"<=msec": 15.000
				,"percent": 99.96
				}
			,{
				"<=msec": 16.000
				,"percent": 99.97
				}
			,{
				"<=msec": 17.000
				,"percent": 99.97
				}
			,{
				"<=msec": 18.000
				,"percent": 99.98
				}
			,{
				"<=msec": 20.000
				,"percent": 99.99
				}
			,{
				"<=msec": 21.000
				,"percent": 99.99
				}
			,{
				"<=msec": 22.000
				,"percent": 99.99
				}
			,{
				"<=msec": 23.000
				,"percent": 100.00
				}
			,{
				"<=msec": 35.000
				,"percent": 100.00
				}
			]
		,"WAIT":[
		]
		}
	}
