Request Latency Distribution
Type     <= msec         Percent
 ------------------------------------------------------------------------
GET      0.0      0      0.0
GET      0.1      0      0.0
GET      0.2      0      0.0
GET      0.3      0      0.0
GET      0.4      0      0.0
GET      0.5      0      0.0
GET      0.6      0      0.0
GET      0.7      20      0.04554148829583751
GET      0.8      98      0.2231532926496038
GET      0.9      341      0.7764823754440295
GET      1.0      750      1.7078058110939067
GET      1.1      1209      2.7529829674833772
GET      1.2      1794      4.085071500136625
GET      1.3      2196      5.000455414882959
GET      1.4      2614      5.9522725202659625
GET      1.5      2497      5.685854813735313
GET      1.6      2688      6.120776026960561
GET      1.7      2308      5.255487749339649
GET      1.8      2067      4.706712815374806
GET      1.9      1817      4.137444211676837
GET      2.0      1489      3.3905638036251027
GET      2.1      1162      2.645960469988159
GET      2.2      1044      2.377265689042718
GET      2.3      860      1.9582839967210128
GET      2.4      746      1.6986975134347388
GET      2.5      651      1.482375444029511
GET      2.6      590      1.3434739047272064
GET      2.7      506      1.152199653884689
GET      2.8      426      0.970033700701339
GET      2.9      372      0.8470716823025776
GET      3.0      315      0.7172784406594407
GET      3.1      289      0.658074505874852
GET      3.2      244      0.5556061572092176
GET      3.3      237      0.5396666363056745
GET      3.4      207      0.4713544038619182
GET      3.5      196      0.4463065852992076
GET      3.6      187      0.42581291556608075
GET      3.7      170      0.3871026505146188
GET      3.8      199      0.4531378085435832
GET      3.9      154      0.3506694598779488
GET      4.0      168      0.38254850168503507
GET      4.1      163      0.37116312961107567
GET      4.2      141      0.3210674924856544
GET      4.3      155      0.3529465342927407
GET      4.4      154      0.3506694598779488
GET      4.5      142      0.32334456690044633
GET      4.6      129      0.29374259950815196
GET      4.7      157      0.3575006831223244
GET      4.8      148      0.33700701338919753
GET      4.9      157      0.3575006831223244
GET      5.0      137      0.31195919482648693
GET      5.1      148      0.33700701338919753
GET      5.2      173      0.39393387375899447
GET      5.3      141      0.3210674924856544
GET      5.4      188      0.4280899899808726
GET      5.5      159      0.3620548319519082
GET      5.6      192      0.4371982876400401
GET      5.7      183      0.41670461790691316
GET      5.8      186      0.4235358411512888
GET      5.9      195      0.4440295108844157
GET      6.0      219      0.4986792968394207
GET      6.1      217      0.494125148009837
GET      6.2      205      0.4668002550323344
GET      6.3      192      0.4371982876400401
GET      6.4      217      0.494125148009837
GET      6.5      246      0.5601603060388013
GET      6.6      272      0.61936424082339
GET      6.7      255      0.5806539757719282
GET      6.8      270      0.6148100919938063
GET      6.9      268      0.6102559431642226
GET      7.0      274      0.6239183896529739
GET      7.1      307      0.6990618453411057
GET      7.2      287      0.6535203570452682
GET      7.3      325      0.7400491848073595
GET      7.4      279      0.6353037617269333
GET      7.5      297      0.676291101193187
GET      7.6      297      0.676291101193187
GET      7.7      294      0.6694598779488113
GET      7.8      287      0.6535203570452682
GET      7.9      290      0.6603515802896438
GET      8.0      276      0.6284725384825577
GET      8.1      293      0.6671828035340195
GET      8.2      296      0.6740140267783951
GET      8.3      296      0.6740140267783951
GET      8.4      277      0.6307496128973495
GET      8.5      260      0.5920393478458876
GET      8.6      251      0.5715456781127607
GET      8.7      237      0.5396666363056745
GET      8.8      207      0.4713544038619182
GET      8.9      218      0.49640222242462884
GET      9.0      198      0.45086073412879135
GET      9.1      161      0.36660898078149196
GET      9.2      189      0.43036706439566447
GET      9.3      158      0.35977775753711627
GET      9.4      129      0.29374259950815196
GET      9.5      145      0.3301757901448219
GET      9.6      146      0.3324528645596138
GET      9.7      121      0.27552600418981693
GET      9.8      110      0.2504781856271063
GET      9.9      83      0.18899717642772565
GET      10.0      89      0.2026596229164769
GET      10.1      93      0.2117679205756444
GET      10.2      89      0.2026596229164769
GET      10.3      63      0.14345568813188814
GET      10.4      57      0.12979324164313688
GET      10.5      48      0.10929957191001002
GET      10.6      45      0.1024683486656344
GET      10.7      40      0.09108297659167502
GET      10.8      32      0.07286638127334001
GET      10.9      30      0.06831223244375627
GET      11.0      23      0.05237271154021313
GET      11.1      13      0.029601967392294377
GET      11.2      16      0.036433190636670006
GET      11.3      11      0.025047818562710628
GET      11.4      12      0.027324892977502506
GET      11.5      7      0.015939520903543128
GET      11.6      20      0.04554148829583751
GET      11.7      14      0.031879041807086256
GET      11.8      12      0.027324892977502506
GET      11.9      9      0.020493669733126878
GET      12.0      5      0.011385372073959378
GET      12.1      4      0.009108297659167501
GET      12.2      2      0.004554148829583751
GET      12.3      8      0.018216595318335003
GET      12.4      5      0.011385372073959378
GET      12.5      2      0.004554148829583751
GET      12.6      5      0.011385372073959378
GET      12.7      4      0.009108297659167501
GET      12.8      2      0.004554148829583751
GET      12.9      4      0.009108297659167501
GET      13.0      4      0.009108297659167501
GET      13.1      5      0.011385372073959378
GET      13.2      4      0.009108297659167501
GET      13.3      2      0.004554148829583751
GET      13.4      5      0.011385372073959378
GET      13.5      1      0.0022770744147918754
GET      13.6      0      0.0
GET      13.7      4      0.009108297659167501
GET      13.8      2      0.004554148829583751
GET      13.9      0      0.0
GET      14.0      0      0.0
GET      14.1      2      0.004554148829583751
GET      14.2      1      0.0022770744147918754
GET      14.3      2      0.004554148829583751
GET      14.4      1      0.0022770744147918754
GET      14.5      3      0.0068312232443756265
GET      14.6      5      0.011385372073959378
GET      14.7      2      0.004554148829583751
GET      14.8      1      0.0022770744147918754
GET      14.9      2      0.004554148829583751
GET      15.0      1      0.0022770744147918754
GET      15.1      2      0.004554148829583751
GET      15.2      1      0.0022770744147918754
GET      15.3      2      0.004554148829583751
GET      15.4      3      0.0068312232443756265
GET      15.5      1      0.0022770744147918754
GET      15.6      0      0.0
GET      15.7      0      0.0
GET      15.8      2      0.004554148829583751
GET      15.9      1      0.0022770744147918754
GET      16.0      1      0.0022770744147918754
GET      16.1      1      0.0022770744147918754
GET      16.2      3      0.0068312232443756265
GET      16.3      0      0.0
GET      16.4      1      0.0022770744147918754
GET      16.5      0      0.0
GET      16.6      1      0.0022770744147918754
GET      16.7      1      0.0022770744147918754
GET      16.8      0      0.0
GET      16.9      0      0.0
GET      17.0      1      0.0022770744147918754
GET      17.1      1      0.0022770744147918754
GET      17.2      2      0.004554148829583751
GET      17.3      1      0.0022770744147918754
GET      17.4      1      0.0022770744147918754
GET      17.5      0      0.0
GET      17.6      0      0.0
GET      17.7      0      0.0
GET      17.8      0      0.0
GET      17.9      1      0.0022770744147918754
GET      18.0      1      0.0022770744147918754
GET      18.1      3      0.0068312232443756265
GET      18.2      0      0.0
GET      18.3      1      0.0022770744147918754
GET      18.4      0      0.0
GET      18.5      0      0.0
GET      18.6      0      0.0
GET      18.7      1      0.0022770744147918754
GET      18.8      3      0.0068312232443756265
GET      18.9      1      0.0022770744147918754
GET      19.0      2      0.004554148829583751
GET      19.1      0      0.0
GET      19.2      0      0.0
GET      19.3      0      0.0
GET      19.4      3      0.0068312232443756265
GET      19.5      3      0.0068312232443756265
GET      19.6      3      0.0068312232443756265
GET      19.7      1      0.0022770744147918754
GET      19.8      0      0.0
GET      19.9      3      0.0068312232443756265
GET      20.0      2      0.004554148829583751
GET      20.1      1      0.0022770744147918754
GET      20.2      1      0.0022770744147918754
GET      20.3      1      0.0022770744147918754
GET      20.4      0      0.0
GET      20.5      1      0.0022770744147918754
GET      20.6      1      0.0022770744147918754
GET      20.7      0      0.0
GET      20.8      3      0.0068312232443756265
GET      20.9      2      0.004554148829583751
GET      21.0      1      0.0022770744147918754
GET      21.1      3      0.0068312232443756265
GET      21.2      1      0.0022770744147918754
GET      21.3      2      0.004554148829583751
GET      21.4      0      0.0
GET      21.5      1      0.0022770744147918754
GET      21.6      0      0.0
GET      21.7      1      0.0022770744147918754
GET      21.8      1      0.0022770744147918754
GET      21.9      1      0.0022770744147918754
GET      22.0      2      0.004554148829583751
GET      22.1      1      0.0022770744147918754
GET      22.2      1      0.0022770744147918754
GET      22.3      2      0.004554148829583751
GET      22.4      2      0.004554148829583751
GET      22.5      0      0.0
GET      22.6      2      0.004554148829583751
GET      22.7      1      0.0022770744147918754
GET      22.8      1      0.0022770744147918754
GET      22.9      1      0.0022770744147918754
GET      23.0      0      0.0
GET      23.1      1      0.0022770744147918754
GET      23.2      1      0.0022770744147918754
GET      23.3      0      0.0
GET      23.4      1      0.0022770744147918754
GET      23.5      0      0.0
GET      23.6      1      0.0022770744147918754
GET      23.7      1      0.0022770744147918754
GET      23.8      0      0.0
GET      23.9      0      0.0
GET      24.0      0      0.0
GET      24.1      0      0.0
GET      24.2      0      0.0
GET      24.3      0      0.0
GET      24.4      0      0.0
GET      24.5      0      0.0
GET      24.6      0      0.0
GET      24.7      0      0.0
GET      24.8      0      0.0
GET      24.9      0      0.0
GET      25.0      0      0.0
GET      25.1      0      0.0
GET      25.2      0      0.0
GET      25.3      0      0.0
GET      25.4      0      0.0
GET      25.5      1      0.0022770744147918754
GET      25.6      0      0.0
GET      25.7      0      0.0
GET      25.8      0      0.0
GET      25.9      0      0.0
GET      26.0      0      0.0
GET      26.1      0      0.0
GET      26.2      0      0.0
GET      26.3      0      0.0
GET      26.4      0      0.0
GET      26.5      0      0.0
GET      26.6      0      0.0
GET      26.7      0      0.0
GET      26.8      0      0.0
GET      26.9      0      0.0
GET      27.0      1      0.0022770744147918754
GET      27.1      0      0.0
GET      27.2      0      0.0
GET      27.3      0      0.0
GET      27.4      1      0.0022770744147918754
GET      27.5      1      0.0022770744147918754
GET      27.6      0      0.0
GET      27.7      0      0.0
GET      27.8      0      0.0
GET      27.9      0      0.0
GET      28.0      0      0.0
GET      28.1      0      0.0
GET      28.2      0      0.0
GET      28.3      0      0.0
GET      28.4      0      0.0
GET      28.5      0      0.0
GET      28.6      0      0.0
GET      28.7      0      0.0
GET      28.8      0      0.0
GET      28.9      0      0.0
GET      29.0      0      0.0
GET      29.1      0      0.0
GET      29.2      0      0.0
GET      29.3      0      0.0
GET      29.4      0      0.0
GET      29.5      0      0.0
GET      29.6      0      0.0
GET      29.7      0      0.0
GET      29.8      0      0.0
GET      29.9      0      0.0
GET      30.0      0      0.0
GET      30.1      0      0.0
GET      30.2      0      0.0
GET      30.3      0      0.0
GET      30.4      0      0.0
GET      30.5      0      0.0
GET      30.6      0      0.0
GET      30.7      0      0.0
GET      30.8      0      0.0
GET      30.9      0      0.0
GET      31.0      0      0.0
GET      31.1      0      0.0
GET      31.2      0      0.0
GET      31.3      0      0.0
GET      31.4      0      0.0
GET      31.5      0      0.0
GET      31.6      0      0.0
GET      31.7      0      0.0
GET      31.8      0      0.0
GET      31.9      0      0.0
GET      32.0      0      0.0
GET      32.1      0      0.0
GET      32.2      0      0.0
GET      32.3      0      0.0
GET      32.4      0      0.0
GET      32.5      0      0.0
GET      32.6      0      0.0
GET      32.7      0      0.0
GET      32.8      0      0.0
GET      32.9      0      0.0
GET      33.0      0      0.0
GET      33.1      0      0.0
GET      33.2      0      0.0
GET      33.3      0      0.0
GET      33.4      0      0.0
GET      33.5      0      0.0
GET      33.6      0      0.0
GET      33.7      0      0.0
GET      33.8      0      0.0
GET      33.9      0      0.0
GET      34.0      0      0.0
GET      34.1      0      0.0
GET      34.2      0      0.0
GET      34.3      0      0.0
GET      34.4      0      0.0
GET      34.5      0      0.0
GET      34.6      0      0.0
GET      34.7      0      0.0
GET      34.8      0      0.0
GET      34.9      0      0.0
GET      35.0      0      0.0
GET      35.1      0      0.0
GET      35.2      0      0.0
GET      35.3      0      0.0
GET      35.4      0      0.0
GET      35.5      0      0.0
GET      35.6      0      0.0
GET      35.7      0      0.0
GET      35.8      0      0.0
GET      35.9      0      0.0
GET      36.0      0      0.0
GET      36.1      0      0.0
GET      36.2      0      0.0
GET      36.3      0      0.0
GET      36.4      0      0.0
GET      36.5      0      0.0
GET      36.6      0      0.0
GET      36.7      0      0.0
GET      36.8      0      0.0
GET      36.9      0      0.0
GET      37.0      0      0.0
GET      37.1      0      0.0
GET      37.2      0      0.0
GET      37.3      0      0.0
GET      37.4      0      0.0
GET      37.5      0      0.0
GET      37.6      0      0.0
GET      37.7      0      0.0
GET      37.8      0      0.0
GET      37.9      0      0.0
GET      38.0      0      0.0
GET      38.1      0      0.0
GET      38.2      0      0.0
GET      38.3      0      0.0
GET      38.4      0      0.0
GET      38.5      0      0.0
GET      38.6      0      0.0
GET      38.7      0      0.0
GET      38.8      0      0.0
GET      38.9      0      0.0
GET      39.0      0      0.0
GET      39.1      0      0.0
GET      39.2      0      0.0
GET      39.3      0      0.0
GET      39.4      0      0.0
GET      39.5      0      0.0
GET      39.6      0      0.0
GET      39.7      0      0.0
GET      39.8      0      0.0
GET      39.9      0      0.0
GET      40.0      0      0.0
GET      40.1      0      0.0
GET      40.2      0      0.0
GET      40.3      0      0.0
GET      40.4      0      0.0
GET      40.5      0      0.0
GET      40.6      0      0.0
GET      40.7      0      0.0
GET      40.8      0      0.0
GET      40.9      0      0.0
GET      41.0      0      0.0
GET      41.1      0      0.0
GET      41.2      0      0.0
GET      41.3      0      0.0
GET      41.4      0      0.0
GET      41.5      0      0.0
GET      41.6      0      0.0
GET      41.7      0      0.0
GET      41.8      0      0.0
GET      41.9      0      0.0
GET      42.0      0      0.0
GET      42.1      0      0.0
GET      42.2      0      0.0
GET      42.3      0      0.0
GET      42.4      0      0.0
GET      42.5      0      0.0
GET      42.6      0      0.0
GET      42.7      0      0.0
GET      42.8      0      0.0
GET      42.9      0      0.0
GET      43.0      0      0.0
GET      43.1      0      0.0
GET      43.2      0      0.0
GET      43.3      0      0.0
GET      43.4      0      0.0
GET      43.5      0      0.0
GET      43.6      0      0.0
GET      43.7      0      0.0
GET      43.8      0      0.0
GET      43.9      0      0.0
GET      44.0      0      0.0
GET      44.1      0      0.0
GET      44.2      0      0.0
GET      44.3      0      0.0
GET      44.4      0      0.0
GET      44.5      0      0.0
GET      44.6      0      0.0
GET      44.7      0      0.0
GET      44.8      0      0.0
GET      44.9      0      0.0
GET      45.0      0      0.0
GET      45.1      0      0.0
GET      45.2      0      0.0
GET      45.3      0      0.0
GET      45.4      0      0.0
GET      45.5      0      0.0
GET      45.6      0      0.0
GET      45.7      0      0.0
GET      45.8      0      0.0
GET      45.9      0      0.0
GET      46.0      0      0.0
GET      46.1      0      0.0
GET      46.2      0      0.0
GET      46.3      0      0.0
GET      46.4      0      0.0
GET      46.5      0      0.0
GET      46.6      0      0.0
GET      46.7      0      0.0
GET      46.8      0      0.0
GET      46.9      0      0.0
GET      47.0      0      0.0
GET      47.1      0      0.0
GET      47.2      0      0.0
GET      47.3      0      0.0
GET      47.4      0      0.0
GET      47.5      0      0.0
GET      47.6      0      0.0
GET      47.7      0      0.0
GET      47.8      0      0.0
GET      47.9      0      0.0
GET      48.0      0      0.0
GET      48.1      0      0.0
GET      48.2      0      0.0
GET      48.3      0      0.0
GET      48.4      0      0.0
GET      48.5      0      0.0
GET      48.6      0      0.0
GET      48.7      0      0.0
GET      48.8      0      0.0
GET      48.9      0      0.0
GET      49.0      0      0.0
GET      49.1      0      0.0
GET      49.2      0      0.0
GET      49.3      0      0.0
GET      49.4      0      0.0
GET      49.5      0      0.0
GET      49.6      0      0.0
GET      49.7      0      0.0
GET      49.8      0      0.0
GET      49.9      0      0.0
GET      50.0      0      0.0
GET      50.1      0      0.0
GET      50.2      0      0.0
GET      50.3      0      0.0
GET      50.4      0      0.0
GET      50.5      0      0.0
GET      50.6      0      0.0
GET      50.7      0      0.0
GET      50.8      0      0.0
GET      50.9      0      0.0
GET      51.0      0      0.0
GET      51.1      0      0.0
GET      51.2      0      0.0
GET      51.3      0      0.0
GET      51.4      0      0.0
GET      51.5      0      0.0
GET      51.6      0      0.0
GET      51.7      0      0.0
GET      51.8      0      0.0
GET      51.9      0      0.0
GET      52.0      0      0.0
GET      52.1      0      0.0
GET      52.2      0      0.0
GET      52.3      0      0.0
GET      52.4      0      0.0
GET      52.5      0      0.0
GET      52.6      0      0.0
GET      52.7      0      0.0
GET      52.8      0      0.0
GET      52.9      0      0.0
GET      53.0      0      0.0
GET      53.1      0      0.0
GET      53.2      0      0.0
GET      53.3      0      0.0
GET      53.4      0      0.0
GET      53.5      0      0.0
GET      53.6      0      0.0
GET      53.7      0      0.0
GET      53.8      0      0.0
GET      53.9      0      0.0
GET      54.0      0      0.0
GET      54.1      0      0.0
GET      54.2      0      0.0
GET      54.3      0      0.0
GET      54.4      0      0.0
GET      54.5      0      0.0
GET      54.6      0      0.0
GET      54.7      0      0.0
GET      54.8      0      0.0
GET      54.9      0      0.0
GET      55.0      0      0.0
GET      55.1      0      0.0
GET      55.2      0      0.0
GET      55.3      0      0.0
GET      55.4      0      0.0
GET      55.5      0      0.0
GET      55.6      0      0.0
GET      55.7      0      0.0
GET      55.8      0      0.0
GET      55.9      0      0.0
GET      56.0      0      0.0
GET      56.1      0      0.0
GET      56.2      0      0.0
GET      56.3      0      0.0
GET      56.4      0      0.0
GET      56.5      0      0.0
GET      56.6      0      0.0
GET      56.7      0      0.0
GET      56.8      0      0.0
GET      56.9      0      0.0
GET      57.0      0      0.0
GET      57.1      0      0.0
GET      57.2      0      0.0
GET      57.3      0      0.0
GET      57.4      0      0.0
GET      57.5      0      0.0
GET      57.6      0      0.0
GET      57.7      0      0.0
GET      57.8      0      0.0
GET      57.9      0      0.0
GET      58.0      0      0.0
GET      58.1      0      0.0
GET      58.2      0      0.0
GET      58.3      0      0.0
GET      58.4      0      0.0
GET      58.5      0      0.0
GET      58.6      0      0.0
GET      58.7      0      0.0
GET      58.8      0      0.0
GET      58.9      0      0.0
GET      59.0      0      0.0
GET      59.1      0      0.0
GET      59.2      0      0.0
GET      59.3      0      0.0
GET      59.4      0      0.0
GET      59.5      0      0.0
GET      59.6      0      0.0
GET      59.7      0      0.0
GET      59.8      0      0.0
GET      59.9      0      0.0
GET      60.0      0      0.0
GET      60.1      0      0.0
GET      60.2      0      0.0
GET      60.3      0      0.0
GET      60.4      0      0.0
GET      60.5      0      0.0
GET      60.6      0      0.0
GET      60.7      0      0.0
GET      60.8      0      0.0
GET      60.9      0      0.0
GET      61.0      0      0.0
GET      61.1      0      0.0
GET      61.2      0      0.0
GET      61.3      0      0.0
GET      61.4      0      0.0
GET      61.5      0      0.0
GET      61.6      0      0.0
GET      61.7      0      0.0
GET      61.8      0      0.0
GET      61.9      0      0.0
GET      62.0      0      0.0
GET      62.1      0      0.0
GET      62.2      0      0.0
GET      62.3      0      0.0
GET      62.4      0      0.0
GET      62.5      0      0.0
GET      62.6      0      0.0
GET      62.7      0      0.0
GET      62.8      0      0.0
GET      62.9      0      0.0
GET      63.0      0      0.0
GET      63.1      0      0.0
GET      63.2      0      0.0
GET      63.3      0      0.0
GET      63.4      0      0.0
GET      63.5      0      0.0
GET      63.6      0      0.0
GET      63.7      0      0.0
GET      63.8      0      0.0
GET      63.9      0      0.0
GET      64.0      0      0.0
GET      64.1      0      0.0
GET      64.2      0      0.0
GET      64.3      0      0.0
GET      64.4      0      0.0
GET      64.5      0      0.0
GET      64.6      0      0.0
GET      64.7      0      0.0
GET      64.8      0      0.0
GET      64.9      0      0.0
GET      65.0      0      0.0
GET      65.1      0      0.0
GET      65.2      0      0.0
GET      65.3      0      0.0
GET      65.4      0      0.0
GET      65.5      0      0.0
GET      65.6      0      0.0
GET      65.7      0      0.0
GET      65.8      0      0.0
GET      65.9      0      0.0
GET      66.0      0      0.0
GET      66.1      0      0.0
GET      66.2      0      0.0
GET      66.3      0      0.0
GET      66.4      0      0.0
GET      66.5      0      0.0
GET      66.6      0      0.0
GET      66.7      0      0.0
GET      66.8      0      0.0
GET      66.9      0      0.0
GET      67.0      0      0.0
GET      67.1      0      0.0
GET      67.2      0      0.0
GET      67.3      0      0.0
GET      67.4      0      0.0
GET      67.5      0      0.0
GET      67.6      0      0.0
GET      67.7      0      0.0
GET      67.8      0      0.0
GET      67.9      0      0.0
GET      68.0      0      0.0
GET      68.1      0      0.0
GET      68.2      0      0.0
GET      68.3      0      0.0
GET      68.4      0      0.0
GET      68.5      0      0.0
GET      68.6      0      0.0
GET      68.7      0      0.0
GET      68.8      0      0.0
GET      68.9      0      0.0
GET      69.0      0      0.0
GET      69.1      0      0.0
GET      69.2      0      0.0
GET      69.3      0      0.0
GET      69.4      0      0.0
GET      69.5      0      0.0
GET      69.6      0      0.0
GET      69.7      0      0.0
GET      69.8      0      0.0
GET      69.9      0      0.0
GET      70.0      0      0.0
GET      70.1      0      0.0
GET      70.2      0      0.0
GET      70.3      0      0.0
GET      70.4      0      0.0
GET      70.5      0      0.0
GET      70.6      0      0.0
GET      70.7      0      0.0
GET      70.8      0      0.0
GET      70.9      0      0.0
GET      71.0      0      0.0
GET      71.1      0      0.0
GET      71.2      0      0.0
GET      71.3      0      0.0
GET      71.4      0      0.0
GET      71.5      0      0.0
GET      71.6      0      0.0
GET      71.7      0      0.0
GET      71.8      0      0.0
GET      71.9      0      0.0
GET      72.0      0      0.0
GET      72.1      0      0.0
GET      72.2      0      0.0
GET      72.3      0      0.0
GET      72.4      0      0.0
GET      72.5      0      0.0
GET      72.6      0      0.0
GET      72.7      0      0.0
GET      72.8      0      0.0
GET      72.9      0      0.0
GET      73.0      0      0.0
GET      73.1      0      0.0
GET      73.2      0      0.0
GET      73.3      0      0.0
GET      73.4      0      0.0
GET      73.5      0      0.0
GET      73.6      0      0.0
GET      73.7      0      0.0
GET      73.8      0      0.0
GET      73.9      0      0.0
GET      74.0      0      0.0
GET      74.1      0      0.0
GET      74.2      0      0.0
GET      74.3      0      0.0
GET      74.4      0      0.0
GET      74.5      0      0.0
GET      74.6      0      0.0
GET      74.7      0      0.0
GET      74.8      0      0.0
GET      74.9      0      0.0
GET      75.0      0      0.0
GET      75.1      0      0.0
GET      75.2      0      0.0
GET      75.3      0      0.0
GET      75.4      0      0.0
GET      75.5      0      0.0
GET      75.6      0      0.0
GET      75.7      0      0.0
GET      75.8      0      0.0
GET      75.9      0      0.0
GET      76.0      0      0.0
GET      76.1      0      0.0
GET      76.2      0      0.0
GET      76.3      0      0.0
GET      76.4      0      0.0
GET      76.5      0      0.0
GET      76.6      0      0.0
GET      76.7      0      0.0
GET      76.8      0      0.0
GET      76.9      0      0.0
GET      77.0      0      0.0
GET      77.1      0      0.0
GET      77.2      0      0.0
GET      77.3      0      0.0
GET      77.4      0      0.0
GET      77.5      0      0.0
GET      77.6      0      0.0
GET      77.7      0      0.0
GET      77.8      0      0.0
GET      77.9      0      0.0
GET      78.0      0      0.0
GET      78.1      0      0.0
GET      78.2      0      0.0
GET      78.3      0      0.0
GET      78.4      0      0.0
GET      78.5      0      0.0
GET      78.6      0      0.0
GET      78.7      0      0.0
GET      78.8      0      0.0
GET      78.9      0      0.0
GET      79.0      0      0.0
GET      79.1      0      0.0
GET      79.2      0      0.0
GET      79.3      0      0.0
GET      79.4      0      0.0
GET      79.5      0      0.0
GET      79.6      0      0.0
GET      79.7      0      0.0
GET      79.8      0      0.0
GET      79.9      0      0.0
GET      80.0      0      0.0
GET      80.1      0      0.0
GET      80.2      0      0.0
GET      80.3      0      0.0
GET      80.4      0      0.0
GET      80.5      0      0.0
GET      80.6      0      0.0
GET      80.7      0      0.0
GET      80.8      0      0.0
GET      80.9      0      0.0
GET      81.0      0      0.0
GET      81.1      0      0.0
GET      81.2      0      0.0
GET      81.3      0      0.0
GET      81.4      0      0.0
GET      81.5      0      0.0
GET      81.6      0      0.0
GET      81.7      0      0.0
GET      81.8      0      0.0
GET      81.9      0      0.0
GET      82.0      0      0.0
GET      82.1      0      0.0
GET      82.2      0      0.0
GET      82.3      0      0.0
GET      82.4      0      0.0
GET      82.5      0      0.0
GET      82.6      0      0.0
GET      82.7      0      0.0
GET      82.8      0      0.0
GET      82.9      0      0.0
GET      83.0      0      0.0
GET      83.1      0      0.0
GET      83.2      0      0.0
GET      83.3      0      0.0
GET      83.4      0      0.0
GET      83.5      0      0.0
GET      83.6      0      0.0
GET      83.7      0      0.0
GET      83.8      0      0.0
GET      83.9      0      0.0
GET      84.0      0      0.0
GET      84.1      0      0.0
GET      84.2      0      0.0
GET      84.3      0      0.0
GET      84.4      0      0.0
GET      84.5      0      0.0
GET      84.6      0      0.0
GET      84.7      0      0.0
GET      84.8      0      0.0
GET      84.9      0      0.0
GET      85.0      0      0.0
GET      85.1      0      0.0
GET      85.2      0      0.0
GET      85.3      0      0.0
GET      85.4      0      0.0
GET      85.5      0      0.0
GET      85.6      0      0.0
GET      85.7      0      0.0
GET      85.8      0      0.0
GET      85.9      0      0.0
GET      86.0      0      0.0
GET      86.1      0      0.0
GET      86.2      0      0.0
GET      86.3      0      0.0
GET      86.4      0      0.0
GET      86.5      0      0.0
GET      86.6      0      0.0
GET      86.7      0      0.0
GET      86.8      0      0.0
GET      86.9      0      0.0
GET      87.0      0      0.0
GET      87.1      0      0.0
GET      87.2      0      0.0
GET      87.3      0      0.0
GET      87.4      0      0.0
GET      87.5      0      0.0
GET      87.6      0      0.0
GET      87.7      0      0.0
GET      87.8      0      0.0
GET      87.9      0      0.0
GET      88.0      0      0.0
GET      88.1      0      0.0
GET      88.2      0      0.0
GET      88.3      0      0.0
GET      88.4      0      0.0
GET      88.5      0      0.0
GET      88.6      0      0.0
GET      88.7      0      0.0
GET      88.8      0      0.0
GET      88.9      0      0.0
GET      89.0      0      0.0
GET      89.1      0      0.0
GET      89.2      0      0.0
GET      89.3      0      0.0
GET      89.4      0      0.0
GET      89.5      0      0.0
GET      89.6      0      0.0
GET      89.7      0      0.0
GET      89.8      0      0.0
GET      89.9      0      0.0
GET      90.0      0      0.0
GET      90.1      0      0.0
GET      90.2      0      0.0
GET      90.3      0      0.0
GET      90.4      0      0.0
GET      90.5      0      0.0
GET      90.6      0      0.0
GET      90.7      0      0.0
GET      90.8      0      0.0
GET      90.9      0      0.0
GET      91.0      0      0.0
GET      91.1      0      0.0
GET      91.2      0      0.0
GET      91.3      0      0.0
GET      91.4      0      0.0
GET      91.5      0      0.0
GET      91.6      0      0.0
GET      91.7      0      0.0
GET      91.8      0      0.0
GET      91.9      0      0.0
GET      92.0      0      0.0
GET      92.1      0      0.0
GET      92.2      0      0.0
GET      92.3      0      0.0
GET      92.4      0      0.0
GET      92.5      0      0.0
GET      92.6      0      0.0
GET      92.7      0      0.0
GET      92.8      0      0.0
GET      92.9      0      0.0
GET      93.0      0      0.0
GET      93.1      0      0.0
GET      93.2      0      0.0
GET      93.3      0      0.0
GET      93.4      0      0.0
GET      93.5      0      0.0
GET      93.6      0      0.0
GET      93.7      0      0.0
GET      93.8      0      0.0
GET      93.9      0      0.0
GET      94.0      0      0.0
GET      94.1      0      0.0
GET      94.2      0      0.0
GET      94.3      0      0.0
GET      94.4      0      0.0
GET      94.5      0      0.0
GET      94.6      0      0.0
GET      94.7      0      0.0
GET      94.8      0      0.0
GET      94.9      0      0.0
GET      95.0      0      0.0
GET      95.1      0      0.0
GET      95.2      0      0.0
GET      95.3      0      0.0
GET      95.4      0      0.0
GET      95.5      0      0.0
GET      95.6      0      0.0
GET      95.7      0      0.0
GET      95.8      0      0.0
GET      95.9      0      0.0
GET      96.0      0      0.0
GET      96.1      0      0.0
GET      96.2      0      0.0
GET      96.3      0      0.0
GET      96.4      0      0.0
GET      96.5      0      0.0
GET      96.6      0      0.0
GET      96.7      0      0.0
GET      96.8      0      0.0
GET      96.9      0      0.0
GET      97.0      0      0.0
GET      97.1      0      0.0
GET      97.2      0      0.0
GET      97.3      0      0.0
GET      97.4      0      0.0
GET      97.5      0      0.0
GET      97.6      0      0.0
GET      97.7      0      0.0
GET      97.8      0      0.0
GET      97.9      0      0.0
GET      98.0      0      0.0
GET      98.1      0      0.0
GET      98.2      0      0.0
GET      98.3      0      0.0
GET      98.4      0      0.0
GET      98.5      0      0.0
GET      98.6      0      0.0
GET      98.7      0      0.0
GET      98.8      0      0.0
GET      98.9      0      0.0
GET      99.0      0      0.0
GET      99.1      0      0.0
GET      99.2      0      0.0
GET      99.3      0      0.0
GET      99.4      0      0.0
GET      99.5      0      0.0
GET      99.6      0      0.0
GET      99.7      0      0.0
GET      99.8      0      0.0
GET      99.9      0      0.0
