{
	"configuration":{
		"server": "10.0.0.9"
		,"port": 11212
		,"unix socket": "(null)"
		,"protocol": "memcache_text"
		,"out_file": "(null)"
		,"client_stats": "(null)"
		,"run_count": 1
		,"debug": 0
		,"requests": 0
		,"clients": 32
		,"threads": 1
		,"test_time": 60
		,"ratio": "0:1"
		,"pipeline": 1
		,"data_size": 4096
		,"data_offset": 0
		,"random_data": "false"
		,"data_size_range": "0:0"
		,"data_size_list": ""
		,"data_size_pattern": "R"
		,"expiry_range": "9999:10000"
		,"data_import": "(null)"
		,"data_verify": "false"
		,"verify_only": "false"
		,"generate_keys": "false"
		,"key_prefix": "memtier-"
		,"key_minimum":           0
		,"key_maximum":        1000
		,"key_pattern": "R:R"
		,"key_stddev": 0.000000
		,"key_median": 0.000000
		,"reconnect_interval": 0
		,"multi_key_get": 0
		,"authenticate": ""
		,"select-db": 0
		,"no-expiry": "false"
		,"wait-ratio": "0:0"
		,"num-slaves": "0:0"
		,"wait-timeout": "0-0"
		}
	,"run information":{
		"Threads": 1
		,"Connections per thread": 32
		,"Seconds": 60
		}
	,"ALL STATS":{
		"Sets":{
			"Ops/sec": 0.00
			,"Hits/sec": 0.00
			,"Misses/sec": 0.00
			,"Latency": 0.00
			,"KB/sec": 0.00
			}
		,"Gets":{
			"Ops/sec": 1603.08
			,"Hits/sec": 1580.83
			,"Misses/sec": 22.25
			,"Latency": 19.95
			,"KB/sec": 6400.63
			}
		,"Waits":{
			"Ops/sec": 0.00
			,"Hits/sec": 0.00
			,"Misses/sec": 0.00
			,"Latency": 0.00
			,"KB/sec": 0.00
			}
		,"Totals":{
			"Ops/sec": 1603.08
			,"Hits/sec": 1580.83
			,"Misses/sec": 22.25
			,"Latency": 19.95
			,"KB/sec": 6400.63
			}
		,"SET":[
		]
		,"GET":[
			{
				"<=msec": 0.910
				,"percent": 0.00
				}
			,{
				"<=msec": 0.920
				,"percent": 0.00
				}
			,{
				"<=msec": 0.960
				,"percent": 0.00
				}
			,{
				"<=msec": 0.970
				,"percent": 0.00
				}
			,{
				"<=msec": 0.980
				,"percent": 0.01
				}
			,{
				"<=msec": 0.990
				,"percent": 0.01
				}
			,{
				"<=msec": 1.000
				,"percent": 0.01
				}
			,{
				"<=msec": 1.100
				,"percent": 0.03
				}
			,{
				"<=msec": 1.200
				,"percent": 0.06
				}
			,{
				"<=msec": 1.300
				,"percent": 0.09
				}
			,{
				"<=msec": 1.400
				,"percent": 0.11
				}
			,{
				"<=msec": 1.500
				,"percent": 0.16
				}
			,{
				"<=msec": 1.600
				,"percent": 0.20
				}
			,{
				"<=msec": 1.700
				,"percent": 0.25
				}
			,{
				"<=msec": 1.800
				,"percent": 0.30
				}
			,{
				"<=msec": 1.900
				,"percent": 0.37
				}
			,{
				"<=msec": 2.000
				,"percent": 0.46
				}
			,{
				"<=msec": 2.100
				,"percent": 0.56
				}
			,{
				"<=msec": 2.200
				,"percent": 0.71
				}
			,{
				"<=msec": 2.300
				,"percent": 0.87
				}
			,{
				"<=msec": 2.400
				,"percent": 1.06
				}
			,{
				"<=msec": 2.500
				,"percent": 1.24
				}
			,{
				"<=msec": 2.600
				,"percent": 1.46
				}
			,{
				"<=msec": 2.700
				,"percent": 1.67
				}
			,{
				"<=msec": 2.800
				,"percent": 1.90
				}
			,{
				"<=msec": 2.900
				,"percent": 2.11
				}
			,{
				"<=msec": 3.000
				,"percent": 2.34
				}
			,{
				"<=msec": 3.100
				,"percent": 2.56
				}
			,{
				"<=msec": 3.200
				,"percent": 2.80
				}
			,{
				"<=msec": 3.300
				,"percent": 3.03
				}
			,{
				"<=msec": 3.400
				,"percent": 3.24
				}
			,{
				"<=msec": 3.500
				,"percent": 3.42
				}
			,{
				"<=msec": 3.600
				,"percent": 3.59
				}
			,{
				"<=msec": 3.700
				,"percent": 3.75
				}
			,{
				"<=msec": 3.800
				,"percent": 3.91
				}
			,{
				"<=msec": 3.900
				,"percent": 4.05
				}
			,{
				"<=msec": 4.000
				,"percent": 4.22
				}
			,{
				"<=msec": 4.100
				,"percent": 4.37
				}
			,{
				"<=msec": 4.200
				,"percent": 4.53
				}
			,{
				"<=msec": 4.300
				,"percent": 4.67
				}
			,{
				"<=msec": 4.400
				,"percent": 4.81
				}
			,{
				"<=msec": 4.500
				,"percent": 4.95
				}
			,{
				"<=msec": 4.600
				,"percent": 5.08
				}
			,{
				"<=msec": 4.700
				,"percent": 5.21
				}
			,{
				"<=msec": 4.800
				,"percent": 5.32
				}
			,{
				"<=msec": 4.900
				,"percent": 5.44
				}
			,{
				"<=msec": 5.000
				,"percent": 5.54
				}
			,{
				"<=msec": 5.100
				,"percent": 5.63
				}
			,{
				"<=msec": 5.200
				,"percent": 5.72
				}
			,{
				"<=msec": 5.300
				,"percent": 5.82
				}
			,{
				"<=msec": 5.400
				,"percent": 5.90
				}
			,{
				"<=msec": 5.500
				,"percent": 5.99
				}
			,{
				"<=msec": 5.600
				,"percent": 6.07
				}
			,{
				"<=msec": 5.700
				,"percent": 6.16
				}
			,{
				"<=msec": 5.800
				,"percent": 6.22
				}
			,{
				"<=msec": 5.900
				,"percent": 6.29
				}
			,{
				"<=msec": 6.000
				,"percent": 6.36
				}
			,{
				"<=msec": 6.100
				,"percent": 6.45
				}
			,{
				"<=msec": 6.200
				,"percent": 6.54
				}
			,{
				"<=msec": 6.300
				,"percent": 6.60
				}
			,{
				"<=msec": 6.400
				,"percent": 6.69
				}
			,{
				"<=msec": 6.500
				,"percent": 6.76
				}
			,{
				"<=msec": 6.600
				,"percent": 6.83
				}
			,{
				"<=msec": 6.700
				,"percent": 6.89
				}
			,{
				"<=msec": 6.800
				,"percent": 6.96
				}
			,{
				"<=msec": 6.900
				,"percent": 7.02
				}
			,{
				"<=msec": 7.000
				,"percent": 7.08
				}
			,{
				"<=msec": 7.100
				,"percent": 7.13
				}
			,{
				"<=msec": 7.200
				,"percent": 7.20
				}
			,{
				"<=msec": 7.300
				,"percent": 7.26
				}
			,{
				"<=msec": 7.400
				,"percent": 7.34
				}
			,{
				"<=msec": 7.500
				,"percent": 7.40
				}
			,{
				"<=msec": 7.600
				,"percent": 7.46
				}
			,{
				"<=msec": 7.700
				,"percent": 7.52
				}
			,{
				"<=msec": 7.800
				,"percent": 7.58
				}
			,{
				"<=msec": 7.900
				,"percent": 7.64
				}
			,{
				"<=msec": 8.000
				,"percent": 7.70
				}
			,{
				"<=msec": 8.100
				,"percent": 7.78
				}
			,{
				"<=msec": 8.200
				,"percent": 7.84
				}
			,{
				"<=msec": 8.300
				,"percent": 7.89
				}
			,{
				"<=msec": 8.400
				,"percent": 7.93
				}
			,{
				"<=msec": 8.500
				,"percent": 7.99
				}
			,{
				"<=msec": 8.600
				,"percent": 8.05
				}
			,{
				"<=msec": 8.700
				,"percent": 8.12
				}
			,{
				"<=msec": 8.800
				,"percent": 8.17
				}
			,{
				"<=msec": 8.900
				,"percent": 8.22
				}
			,{
				"<=msec": 9.000
				,"percent": 8.28
				}
			,{
				"<=msec": 9.100
				,"percent": 8.33
				}
			,{
				"<=msec": 9.200
				,"percent": 8.38
				}
			,{
				"<=msec": 9.300
				,"percent": 8.45
				}
			,{
				"<=msec": 9.400
				,"percent": 8.52
				}
			,{
				"<=msec": 9.500
				,"percent": 8.57
				}
			,{
				"<=msec": 9.600
				,"percent": 8.63
				}
			,{
				"<=msec": 9.700
				,"percent": 8.71
				}
			,{
				"<=msec": 9.800
				,"percent": 8.78
				}
			,{
				"<=msec": 9.900
				,"percent": 8.86
				}
			,{
				"<=msec": 10.000
				,"percent": 9.31
				}
			,{
				"<=msec": 11.000
				,"percent": 10.33
				}
			,{
				"<=msec": 12.000
				,"percent": 11.70
				}
			,{
				"<=msec": 13.000
				,"percent": 13.84
				}
			,{
				"<=msec": 14.000
				,"percent": 17.84
				}
			,{
				"<=msec": 15.000
				,"percent": 26.96
				}
			,{
				"<=msec": 16.000
				,"percent": 46.31
				}
			,{
				"<=msec": 17.000
				,"percent": 59.03
				}
			,{
				"<=msec": 18.000
				,"percent": 63.71
				}
			,{
				"<=msec": 19.000
				,"percent": 65.49
				}
			,{
				"<=msec": 20.000
				,"percent": 66.58
				}
			,{
				"<=msec": 21.000
				,"percent": 67.48
				}
			,{
				"<=msec": 22.000
				,"percent": 68.25
				}
			,{
				"<=msec": 23.000
				,"percent": 68.82
				}
			,{
				"<=msec": 24.000
				,"percent": 69.42
				}
			,{
				"<=msec": 25.000
				,"percent": 70.15
				}
			,{
				"<=msec": 26.000
				,"percent": 71.31
				}
			,{
				"<=msec": 27.000
				,"percent": 73.08
				}
			,{
				"<=msec": 28.000
				,"percent": 76.41
				}
			,{
				"<=msec": 29.000
				,"percent": 81.80
				}
			,{
				"<=msec": 30.000
				,"percent": 87.77
				}
			,{
				"<=msec": 31.000
				,"percent": 93.87
				}
			,{
				"<=msec": 32.000
				,"percent": 95.96
				}
			,{
				"<=msec": 33.000
				,"percent": 96.42
				}
			,{
				"<=msec": 34.000
				,"percent": 96.66
				}
			,{
				"<=msec": 35.000
				,"percent": 96.83
				}
			,{
				"<=msec": 36.000
				,"percent": 96.95
				}
			,{
				"<=msec": 37.000
				,"percent": 97.03
				}
			,{
				"<=msec": 38.000
				,"percent": 97.10
				}
			,{
				"<=msec": 39.000
				,"percent": 97.17
				}
			,{
				"<=msec": 40.000
				,"percent": 97.25
				}
			,{
				"<=msec": 41.000
				,"percent": 97.35
				}
			,{
				"<=msec": 42.000
				,"percent": 97.49
				}
			,{
				"<=msec": 43.000
				,"percent": 97.74
				}
			,{
				"<=msec": 44.000
				,"percent": 98.07
				}
			,{
				"<=msec": 45.000
				,"percent": 98.49
				}
			,{
				"<=msec": 46.000
				,"percent": 98.85
				}
			,{
				"<=msec": 47.000
				,"percent": 99.18
				}
			,{
				"<=msec": 48.000
				,"percent": 99.25
				}
			,{
				"<=msec": 49.000
				,"percent": 99.27
				}
			,{
				"<=msec": 50.000
				,"percent": 99.29
				}
			,{
				"<=msec": 51.000
				,"percent": 99.30
				}
			,{
				"<=msec": 52.000
				,"percent": 99.30
				}
			,{
				"<=msec": 53.000
				,"percent": 99.31
				}
			,{
				"<=msec": 54.000
				,"percent": 99.33
				}
			,{
				"<=msec": 55.000
				,"percent": 99.34
				}
			,{
				"<=msec": 56.000
				,"percent": 99.36
				}
			,{
				"<=msec": 57.000
				,"percent": 99.39
				}
			,{
				"<=msec": 58.000
				,"percent": 99.42
				}
			,{
				"<=msec": 59.000
				,"percent": 99.46
				}
			,{
				"<=msec": 60.000
				,"percent": 99.52
				}
			,{
				"<=msec": 61.000
				,"percent": 99.60
				}
			,{
				"<=msec": 62.000
				,"percent": 99.69
				}
			,{
				"<=msec": 63.000
				,"percent": 99.72
				}
			,{
				"<=msec": 64.000
				,"percent": 99.73
				}
			,{
				"<=msec": 65.000
				,"percent": 99.73
				}
			,{
				"<=msec": 67.000
				,"percent": 99.74
				}
			,{
				"<=msec": 68.000
				,"percent": 99.74
				}
			,{
				"<=msec": 69.000
				,"percent": 99.74
				}
			,{
				"<=msec": 70.000
				,"percent": 99.75
				}
			,{
				"<=msec": 71.000
				,"percent": 99.75
				}
			,{
				"<=msec": 72.000
				,"percent": 99.75
				}
			,{
				"<=msec": 73.000
				,"percent": 99.76
				}
			,{
				"<=msec": 74.000
				,"percent": 99.77
				}
			,{
				"<=msec": 75.000
				,"percent": 99.79
				}
			,{
				"<=msec": 76.000
				,"percent": 99.81
				}
			,{
				"<=msec": 77.000
				,"percent": 99.83
				}
			,{
				"<=msec": 78.000
				,"percent": 99.86
				}
			,{
				"<=msec": 79.000
				,"percent": 99.86
				}
			,{
				"<=msec": 80.000
				,"percent": 99.86
				}
			,{
				"<=msec": 82.000
				,"percent": 99.87
				}
			,{
				"<=msec": 83.000
				,"percent": 99.87
				}
			,{
				"<=msec": 85.000
				,"percent": 99.87
				}
			,{
				"<=msec": 88.000
				,"percent": 99.87
				}
			,{
				"<=msec": 89.000
				,"percent": 99.88
				}
			,{
				"<=msec": 90.000
				,"percent": 99.88
				}
			,{
				"<=msec": 91.000
				,"percent": 99.88
				}
			,{
				"<=msec": 92.000
				,"percent": 99.89
				}
			,{
				"<=msec": 93.000
				,"percent": 99.90
				}
			,{
				"<=msec": 94.000
				,"percent": 99.90
				}
			,{
				"<=msec": 95.000
				,"percent": 99.91
				}
			,{
				"<=msec": 96.000
				,"percent": 99.91
				}
			,{
				"<=msec": 97.000
				,"percent": 99.91
				}
			,{
				"<=msec": 99.000
				,"percent": 99.91
				}
			,{
				"<=msec": 100.000
				,"percent": 99.92
				}
			,{
				"<=msec": 110.000
				,"percent": 99.95
				}
			,{
				"<=msec": 120.000
				,"percent": 99.96
				}
			,{
				"<=msec": 130.000
				,"percent": 99.97
				}
			,{
				"<=msec": 140.000
				,"percent": 99.97
				}
			,{
				"<=msec": 150.000
				,"percent": 99.98
				}
			,{
				"<=msec": 170.000
				,"percent": 99.98
				}
			,{
				"<=msec": 190.000
				,"percent": 99.98
				}
			,{
				"<=msec": 200.000
				,"percent": 99.98
				}
			,{
				"<=msec": 210.000
				,"percent": 99.99
				}
			,{
				"<=msec": 220.000
				,"percent": 99.99
				}
			,{
				"<=msec": 230.000
				,"percent": 100.00
				}
			,{
				"<=msec": 260.000
				,"percent": 100.00
				}
			]
		,"WAIT":[
		]
		}
	}
