{
	"configuration":{
		"server": "10.0.0.9"
		,"port": 11212
		,"unix socket": "(null)"
		,"protocol": "memcache_text"
		,"out_file": "(null)"
		,"client_stats": "(null)"
		,"run_count": 1
		,"debug": 0
		,"requests": 0
		,"clients": 32
		,"threads": 2
		,"test_time": 60
		,"ratio": "1:0"
		,"pipeline": 1
		,"data_size": 4096
		,"data_offset": 0
		,"random_data": "false"
		,"data_size_range": "0:0"
		,"data_size_list": ""
		,"data_size_pattern": "R"
		,"expiry_range": "9999:10000"
		,"data_import": "(null)"
		,"data_verify": "false"
		,"verify_only": "false"
		,"generate_keys": "false"
		,"key_prefix": "memtier-"
		,"key_minimum":           0
		,"key_maximum":        1000
		,"key_pattern": "R:R"
		,"key_stddev": 0.000000
		,"key_median": 0.000000
		,"reconnect_interval": 0
		,"multi_key_get": 0
		,"authenticate": ""
		,"select-db": 0
		,"no-expiry": "false"
		,"wait-ratio": "0:0"
		,"num-slaves": "0:0"
		,"wait-timeout": "0-0"
		}
	,"run information":{
		"Threads": 2
		,"Connections per thread": 32
		,"Seconds": 60
		}
	,"ALL STATS":{
		"Sets":{
			"Ops/sec": 1197.37
			,"Hits/sec": 0.00
			,"Misses/sec": 0.00
			,"Latency": 53.44
			,"KB/sec": 4835.50
			}
		,"Gets":{
			"Ops/sec": 0.00
			,"Hits/sec": 0.00
			,"Misses/sec": 0.00
			,"Latency": 0.00
			,"KB/sec": 0.00
			}
		,"Waits":{
			"Ops/sec": 0.00
			,"Hits/sec": 0.00
			,"Misses/sec": 0.00
			,"Latency": 0.00
			,"KB/sec": 0.00
			}
		,"Totals":{
			"Ops/sec": 1197.37
			,"Hits/sec": 0.00
			,"Misses/sec": 0.00
			,"Latency": 53.44
			,"KB/sec": 4835.50
			}
		,"SET":[
			{
				"<=msec": 22.000
				,"percent": 0.00
				}
			,{
				"<=msec": 23.000
				,"percent": 0.01
				}
			,{
				"<=msec": 24.000
				,"percent": 0.02
				}
			,{
				"<=msec": 25.000
				,"percent": 0.04
				}
			,{
				"<=msec": 26.000
				,"percent": 0.05
				}
			,{
				"<=msec": 27.000
				,"percent": 0.06
				}
			,{
				"<=msec": 28.000
				,"percent": 0.08
				}
			,{
				"<=msec": 29.000
				,"percent": 0.11
				}
			,{
				"<=msec": 30.000
				,"percent": 0.13
				}
			,{
				"<=msec": 31.000
				,"percent": 0.20
				}
			,{
				"<=msec": 32.000
				,"percent": 0.24
				}
			,{
				"<=msec": 33.000
				,"percent": 0.36
				}
			,{
				"<=msec": 34.000
				,"percent": 0.52
				}
			,{
				"<=msec": 35.000
				,"percent": 0.73
				}
			,{
				"<=msec": 36.000
				,"percent": 0.99
				}
			,{
				"<=msec": 37.000
				,"percent": 1.45
				}
			,{
				"<=msec": 38.000
				,"percent": 2.08
				}
			,{
				"<=msec": 39.000
				,"percent": 3.03
				}
			,{
				"<=msec": 40.000
				,"percent": 4.37
				}
			,{
				"<=msec": 41.000
				,"percent": 5.88
				}
			,{
				"<=msec": 42.000
				,"percent": 7.91
				}
			,{
				"<=msec": 43.000
				,"percent": 10.59
				}
			,{
				"<=msec": 44.000
				,"percent": 14.24
				}
			,{
				"<=msec": 45.000
				,"percent": 18.42
				}
			,{
				"<=msec": 46.000
				,"percent": 23.53
				}
			,{
				"<=msec": 47.000
				,"percent": 28.84
				}
			,{
				"<=msec": 48.000
				,"percent": 34.49
				}
			,{
				"<=msec": 49.000
				,"percent": 39.86
				}
			,{
				"<=msec": 50.000
				,"percent": 45.02
				}
			,{
				"<=msec": 51.000
				,"percent": 50.20
				}
			,{
				"<=msec": 52.000
				,"percent": 55.57
				}
			,{
				"<=msec": 53.000
				,"percent": 60.08
				}
			,{
				"<=msec": 54.000
				,"percent": 64.20
				}
			,{
				"<=msec": 55.000
				,"percent": 67.84
				}
			,{
				"<=msec": 56.000
				,"percent": 70.87
				}
			,{
				"<=msec": 57.000
				,"percent": 73.51
				}
			,{
				"<=msec": 58.000
				,"percent": 75.92
				}
			,{
				"<=msec": 59.000
				,"percent": 77.85
				}
			,{
				"<=msec": 60.000
				,"percent": 79.51
				}
			,{
				"<=msec": 61.000
				,"percent": 81.28
				}
			,{
				"<=msec": 62.000
				,"percent": 83.03
				}
			,{
				"<=msec": 63.000
				,"percent": 84.58
				}
			,{
				"<=msec": 64.000
				,"percent": 85.98
				}
			,{
				"<=msec": 65.000
				,"percent": 87.37
				}
			,{
				"<=msec": 66.000
				,"percent": 88.79
				}
			,{
				"<=msec": 67.000
				,"percent": 90.28
				}
			,{
				"<=msec": 68.000
				,"percent": 91.75
				}
			,{
				"<=msec": 69.000
				,"percent": 92.92
				}
			,{
				"<=msec": 70.000
				,"percent": 94.02
				}
			,{
				"<=msec": 71.000
				,"percent": 94.94
				}
			,{
				"<=msec": 72.000
				,"percent": 95.77
				}
			,{
				"<=msec": 73.000
				,"percent": 96.46
				}
			,{
				"<=msec": 74.000
				,"percent": 97.06
				}
			,{
				"<=msec": 75.000
				,"percent": 97.56
				}
			,{
				"<=msec": 76.000
				,"percent": 97.96
				}
			,{
				"<=msec": 77.000
				,"percent": 98.26
				}
			,{
				"<=msec": 78.000
				,"percent": 98.50
				}
			,{
				"<=msec": 79.000
				,"percent": 98.76
				}
			,{
				"<=msec": 80.000
				,"percent": 98.90
				}
			,{
				"<=msec": 81.000
				,"percent": 99.02
				}
			,{
				"<=msec": 82.000
				,"percent": 99.10
				}
			,{
				"<=msec": 83.000
				,"percent": 99.19
				}
			,{
				"<=msec": 84.000
				,"percent": 99.26
				}
			,{
				"<=msec": 85.000
				,"percent": 99.37
				}
			,{
				"<=msec": 86.000
				,"percent": 99.47
				}
			,{
				"<=msec": 87.000
				,"percent": 99.55
				}
			,{
				"<=msec": 88.000
				,"percent": 99.60
				}
			,{
				"<=msec": 89.000
				,"percent": 99.63
				}
			,{
				"<=msec": 90.000
				,"percent": 99.70
				}
			,{
				"<=msec": 91.000
				,"percent": 99.75
				}
			,{
				"<=msec": 92.000
				,"percent": 99.79
				}
			,{
				"<=msec": 93.000
				,"percent": 99.81
				}
			,{
				"<=msec": 94.000
				,"percent": 99.83
				}
			,{
				"<=msec": 95.000
				,"percent": 99.86
				}
			,{
				"<=msec": 96.000
				,"percent": 99.88
				}
			,{
				"<=msec": 97.000
				,"percent": 99.89
				}
			,{
				"<=msec": 98.000
				,"percent": 99.89
				}
			,{
				"<=msec": 99.000
				,"percent": 99.90
				}
			,{
				"<=msec": 100.000
				,"percent": 99.91
				}
			,{
				"<=msec": 140.000
				,"percent": 99.92
				}
			,{
				"<=msec": 150.000
				,"percent": 99.93
				}
			,{
				"<=msec": 160.000
				,"percent": 99.93
				}
			,{
				"<=msec": 170.000
				,"percent": 99.93
				}
			,{
				"<=msec": 180.000
				,"percent": 99.94
				}
			,{
				"<=msec": 190.000
				,"percent": 99.95
				}
			,{
				"<=msec": 200.000
				,"percent": 99.95
				}
			,{
				"<=msec": 210.000
				,"percent": 99.95
				}
			,{
				"<=msec": 220.000
				,"percent": 99.95
				}
			,{
				"<=msec": 230.000
				,"percent": 99.96
				}
			,{
				"<=msec": 240.000
				,"percent": 99.97
				}
			,{
				"<=msec": 250.000
				,"percent": 99.98
				}
			,{
				"<=msec": 260.000
				,"percent": 100.00
				}
			,{
				"<=msec": 270.000
				,"percent": 100.00
				}
			]
		,"GET":[
		]
		,"WAIT":[
		]
		}
	}
