{
	"configuration":{
		"server": "10.0.0.9"
		,"port": 11212
		,"unix socket": "(null)"
		,"protocol": "memcache_text"
		,"out_file": "(null)"
		,"client_stats": "(null)"
		,"run_count": 1
		,"debug": 0
		,"requests": 0
		,"clients": 32
		,"threads": 2
		,"test_time": 60
		,"ratio": "1:0"
		,"pipeline": 1
		,"data_size": 4096
		,"data_offset": 0
		,"random_data": "false"
		,"data_size_range": "0:0"
		,"data_size_list": ""
		,"data_size_pattern": "R"
		,"expiry_range": "9999:10000"
		,"data_import": "(null)"
		,"data_verify": "false"
		,"verify_only": "false"
		,"generate_keys": "false"
		,"key_prefix": "memtier-"
		,"key_minimum":           0
		,"key_maximum":        1000
		,"key_pattern": "R:R"
		,"key_stddev": 0.000000
		,"key_median": 0.000000
		,"reconnect_interval": 0
		,"multi_key_get": 0
		,"authenticate": ""
		,"select-db": 0
		,"no-expiry": "false"
		,"wait-ratio": "0:0"
		,"num-slaves": "0:0"
		,"wait-timeout": "0-0"
		}
	,"run information":{
		"Threads": 2
		,"Connections per thread": 32
		,"Seconds": 60
		}
	,"ALL STATS":{
		"Sets":{
			"Ops/sec": 2553.01
			,"Hits/sec": 0.00
			,"Misses/sec": 0.00
			,"Latency": 25.49
			,"KB/sec": 10310.20
			}
		,"Gets":{
			"Ops/sec": 0.00
			,"Hits/sec": 0.00
			,"Misses/sec": 0.00
			,"Latency": 0.00
			,"KB/sec": 0.00
			}
		,"Waits":{
			"Ops/sec": 0.00
			,"Hits/sec": 0.00
			,"Misses/sec": 0.00
			,"Latency": 0.00
			,"KB/sec": 0.00
			}
		,"Totals":{
			"Ops/sec": 2553.01
			,"Hits/sec": 0.00
			,"Misses/sec": 0.00
			,"Latency": 25.49
			,"KB/sec": 10310.20
			}
		,"SET":[
			{
				"<=msec": 3.300
				,"percent": 0.00
				}
			,{
				"<=msec": 4.200
				,"percent": 0.00
				}
			,{
				"<=msec": 5.300
				,"percent": 0.00
				}
			,{
				"<=msec": 5.400
				,"percent": 0.00
				}
			,{
				"<=msec": 5.600
				,"percent": 0.00
				}
			,{
				"<=msec": 5.800
				,"percent": 0.00
				}
			,{
				"<=msec": 6.200
				,"percent": 0.01
				}
			,{
				"<=msec": 6.500
				,"percent": 0.01
				}
			,{
				"<=msec": 6.600
				,"percent": 0.01
				}
			,{
				"<=msec": 6.800
				,"percent": 0.01
				}
			,{
				"<=msec": 6.900
				,"percent": 0.01
				}
			,{
				"<=msec": 7.000
				,"percent": 0.01
				}
			,{
				"<=msec": 7.200
				,"percent": 0.01
				}
			,{
				"<=msec": 7.300
				,"percent": 0.01
				}
			,{
				"<=msec": 7.500
				,"percent": 0.01
				}
			,{
				"<=msec": 7.600
				,"percent": 0.01
				}
			,{
				"<=msec": 7.700
				,"percent": 0.01
				}
			,{
				"<=msec": 7.900
				,"percent": 0.02
				}
			,{
				"<=msec": 8.000
				,"percent": 0.02
				}
			,{
				"<=msec": 8.100
				,"percent": 0.02
				}
			,{
				"<=msec": 8.200
				,"percent": 0.02
				}
			,{
				"<=msec": 8.600
				,"percent": 0.02
				}
			,{
				"<=msec": 8.900
				,"percent": 0.02
				}
			,{
				"<=msec": 9.100
				,"percent": 0.02
				}
			,{
				"<=msec": 9.200
				,"percent": 0.02
				}
			,{
				"<=msec": 9.300
				,"percent": 0.02
				}
			,{
				"<=msec": 9.400
				,"percent": 0.02
				}
			,{
				"<=msec": 9.500
				,"percent": 0.02
				}
			,{
				"<=msec": 9.600
				,"percent": 0.03
				}
			,{
				"<=msec": 9.700
				,"percent": 0.03
				}
			,{
				"<=msec": 9.800
				,"percent": 0.03
				}
			,{
				"<=msec": 9.900
				,"percent": 0.03
				}
			,{
				"<=msec": 10.000
				,"percent": 0.04
				}
			,{
				"<=msec": 11.000
				,"percent": 0.09
				}
			,{
				"<=msec": 12.000
				,"percent": 0.18
				}
			,{
				"<=msec": 13.000
				,"percent": 0.34
				}
			,{
				"<=msec": 14.000
				,"percent": 0.60
				}
			,{
				"<=msec": 15.000
				,"percent": 1.19
				}
			,{
				"<=msec": 16.000
				,"percent": 2.75
				}
			,{
				"<=msec": 17.000
				,"percent": 5.33
				}
			,{
				"<=msec": 18.000
				,"percent": 8.55
				}
			,{
				"<=msec": 19.000
				,"percent": 12.21
				}
			,{
				"<=msec": 20.000
				,"percent": 16.78
				}
			,{
				"<=msec": 21.000
				,"percent": 23.28
				}
			,{
				"<=msec": 22.000
				,"percent": 32.09
				}
			,{
				"<=msec": 23.000
				,"percent": 41.60
				}
			,{
				"<=msec": 24.000
				,"percent": 50.78
				}
			,{
				"<=msec": 25.000
				,"percent": 58.91
				}
			,{
				"<=msec": 26.000
				,"percent": 66.12
				}
			,{
				"<=msec": 27.000
				,"percent": 72.29
				}
			,{
				"<=msec": 28.000
				,"percent": 77.56
				}
			,{
				"<=msec": 29.000
				,"percent": 81.95
				}
			,{
				"<=msec": 30.000
				,"percent": 85.62
				}
			,{
				"<=msec": 31.000
				,"percent": 88.44
				}
			,{
				"<=msec": 32.000
				,"percent": 90.67
				}
			,{
				"<=msec": 33.000
				,"percent": 92.47
				}
			,{
				"<=msec": 34.000
				,"percent": 93.86
				}
			,{
				"<=msec": 35.000
				,"percent": 94.97
				}
			,{
				"<=msec": 36.000
				,"percent": 95.81
				}
			,{
				"<=msec": 37.000
				,"percent": 96.48
				}
			,{
				"<=msec": 38.000
				,"percent": 97.12
				}
			,{
				"<=msec": 39.000
				,"percent": 97.63
				}
			,{
				"<=msec": 40.000
				,"percent": 98.04
				}
			,{
				"<=msec": 41.000
				,"percent": 98.36
				}
			,{
				"<=msec": 42.000
				,"percent": 98.62
				}
			,{
				"<=msec": 43.000
				,"percent": 98.84
				}
			,{
				"<=msec": 44.000
				,"percent": 99.04
				}
			,{
				"<=msec": 45.000
				,"percent": 99.17
				}
			,{
				"<=msec": 46.000
				,"percent": 99.29
				}
			,{
				"<=msec": 47.000
				,"percent": 99.39
				}
			,{
				"<=msec": 48.000
				,"percent": 99.48
				}
			,{
				"<=msec": 49.000
				,"percent": 99.55
				}
			,{
				"<=msec": 50.000
				,"percent": 99.62
				}
			,{
				"<=msec": 51.000
				,"percent": 99.67
				}
			,{
				"<=msec": 52.000
				,"percent": 99.72
				}
			,{
				"<=msec": 53.000
				,"percent": 99.75
				}
			,{
				"<=msec": 54.000
				,"percent": 99.78
				}
			,{
				"<=msec": 55.000
				,"percent": 99.80
				}
			,{
				"<=msec": 56.000
				,"percent": 99.82
				}
			,{
				"<=msec": 57.000
				,"percent": 99.84
				}
			,{
				"<=msec": 58.000
				,"percent": 99.86
				}
			,{
				"<=msec": 59.000
				,"percent": 99.87
				}
			,{
				"<=msec": 60.000
				,"percent": 99.88
				}
			,{
				"<=msec": 61.000
				,"percent": 99.89
				}
			,{
				"<=msec": 62.000
				,"percent": 99.90
				}
			,{
				"<=msec": 63.000
				,"percent": 99.90
				}
			,{
				"<=msec": 64.000
				,"percent": 99.90
				}
			,{
				"<=msec": 65.000
				,"percent": 99.91
				}
			,{
				"<=msec": 66.000
				,"percent": 99.91
				}
			,{
				"<=msec": 67.000
				,"percent": 99.91
				}
			,{
				"<=msec": 68.000
				,"percent": 99.91
				}
			,{
				"<=msec": 69.000
				,"percent": 99.92
				}
			,{
				"<=msec": 71.000
				,"percent": 99.92
				}
			,{
				"<=msec": 75.000
				,"percent": 99.92
				}
			,{
				"<=msec": 78.000
				,"percent": 99.92
				}
			,{
				"<=msec": 84.000
				,"percent": 99.92
				}
			,{
				"<=msec": 86.000
				,"percent": 99.92
				}
			,{
				"<=msec": 89.000
				,"percent": 99.92
				}
			,{
				"<=msec": 90.000
				,"percent": 99.93
				}
			,{
				"<=msec": 91.000
				,"percent": 99.93
				}
			,{
				"<=msec": 92.000
				,"percent": 99.93
				}
			,{
				"<=msec": 93.000
				,"percent": 99.93
				}
			,{
				"<=msec": 94.000
				,"percent": 99.94
				}
			,{
				"<=msec": 95.000
				,"percent": 99.94
				}
			,{
				"<=msec": 96.000
				,"percent": 99.95
				}
			,{
				"<=msec": 97.000
				,"percent": 99.95
				}
			,{
				"<=msec": 98.000
				,"percent": 99.95
				}
			,{
				"<=msec": 100.000
				,"percent": 99.95
				}
			,{
				"<=msec": 110.000
				,"percent": 99.96
				}
			,{
				"<=msec": 420.000
				,"percent": 99.96
				}
			,{
				"<=msec": 430.000
				,"percent": 99.96
				}
			,{
				"<=msec": 440.000
				,"percent": 99.96
				}
			,{
				"<=msec": 450.000
				,"percent": 99.96
				}
			,{
				"<=msec": 460.000
				,"percent": 99.97
				}
			,{
				"<=msec": 470.000
				,"percent": 99.97
				}
			,{
				"<=msec": 480.000
				,"percent": 99.97
				}
			,{
				"<=msec": 490.000
				,"percent": 99.97
				}
			,{
				"<=msec": 510.000
				,"percent": 99.97
				}
			,{
				"<=msec": 520.000
				,"percent": 99.98
				}
			,{
				"<=msec": 530.000
				,"percent": 99.98
				}
			,{
				"<=msec": 540.000
				,"percent": 99.98
				}
			,{
				"<=msec": 560.000
				,"percent": 99.99
				}
			,{
				"<=msec": 570.000
				,"percent": 100.00
				}
			,{
				"<=msec": 580.000
				,"percent": 100.00
				}
			,{
				"<=msec": 840.000
				,"percent": 100.00
				}
			,{
				"<=msec": 850.000
				,"percent": 100.00
				}
			]
		,"GET":[
		]
		,"WAIT":[
		]
		}
	}
