{
	"configuration":{
		"server": "10.0.0.4"
		,"port": 11212
		,"unix socket": "(null)"
		,"protocol": "memcache_text"
		,"out_file": "(null)"
		,"client_stats": "(null)"
		,"run_count": 1
		,"debug": 0
		,"requests": 0
		,"clients": 32
		,"threads": 1
		,"test_time": 60
		,"ratio": "0:1"
		,"pipeline": 1
		,"data_size": 4096
		,"data_offset": 0
		,"random_data": "false"
		,"data_size_range": "0:0"
		,"data_size_list": ""
		,"data_size_pattern": "R"
		,"expiry_range": "9999:10000"
		,"data_import": "(null)"
		,"data_verify": "false"
		,"verify_only": "false"
		,"generate_keys": "false"
		,"key_prefix": "memtier-"
		,"key_minimum":           0
		,"key_maximum":        1000
		,"key_pattern": "R:R"
		,"key_stddev": 0.000000
		,"key_median": 0.000000
		,"reconnect_interval": 0
		,"multi_key_get": 0
		,"authenticate": ""
		,"select-db": 0
		,"no-expiry": "false"
		,"wait-ratio": "0:0"
		,"num-slaves": "0:0"
		,"wait-timeout": "0-0"
		}
	,"run information":{
		"Threads": 1
		,"Connections per thread": 32
		,"Seconds": 60
		}
	,"ALL STATS":{
		"Sets":{
			"Ops/sec": 0.00
			,"Hits/sec": 0.00
			,"Misses/sec": 0.00
			,"Latency": 0.00
			,"KB/sec": 0.00
			}
		,"Gets":{
			"Ops/sec": 1605.36
			,"Hits/sec": 1583.11
			,"Misses/sec": 22.25
			,"Latency": 19.92
			,"KB/sec": 6409.84
			}
		,"Waits":{
			"Ops/sec": 0.00
			,"Hits/sec": 0.00
			,"Misses/sec": 0.00
			,"Latency": 0.00
			,"KB/sec": 0.00
			}
		,"Totals":{
			"Ops/sec": 1605.36
			,"Hits/sec": 1583.11
			,"Misses/sec": 22.25
			,"Latency": 19.92
			,"KB/sec": 6409.84
			}
		,"SET":[
		]
		,"GET":[
			{
				"<=msec": 1.100
				,"percent": 0.00
				}
			,{
				"<=msec": 1.200
				,"percent": 0.00
				}
			,{
				"<=msec": 1.300
				,"percent": 0.01
				}
			,{
				"<=msec": 1.400
				,"percent": 0.02
				}
			,{
				"<=msec": 1.500
				,"percent": 0.03
				}
			,{
				"<=msec": 1.600
				,"percent": 0.06
				}
			,{
				"<=msec": 1.700
				,"percent": 0.09
				}
			,{
				"<=msec": 1.800
				,"percent": 0.15
				}
			,{
				"<=msec": 1.900
				,"percent": 0.23
				}
			,{
				"<=msec": 2.000
				,"percent": 0.34
				}
			,{
				"<=msec": 2.100
				,"percent": 0.48
				}
			,{
				"<=msec": 2.200
				,"percent": 0.65
				}
			,{
				"<=msec": 2.300
				,"percent": 0.87
				}
			,{
				"<=msec": 2.400
				,"percent": 1.06
				}
			,{
				"<=msec": 2.500
				,"percent": 1.27
				}
			,{
				"<=msec": 2.600
				,"percent": 1.48
				}
			,{
				"<=msec": 2.700
				,"percent": 1.74
				}
			,{
				"<=msec": 2.800
				,"percent": 1.99
				}
			,{
				"<=msec": 2.900
				,"percent": 2.22
				}
			,{
				"<=msec": 3.000
				,"percent": 2.47
				}
			,{
				"<=msec": 3.100
				,"percent": 2.68
				}
			,{
				"<=msec": 3.200
				,"percent": 2.88
				}
			,{
				"<=msec": 3.300
				,"percent": 3.09
				}
			,{
				"<=msec": 3.400
				,"percent": 3.32
				}
			,{
				"<=msec": 3.500
				,"percent": 3.53
				}
			,{
				"<=msec": 3.600
				,"percent": 3.73
				}
			,{
				"<=msec": 3.700
				,"percent": 3.91
				}
			,{
				"<=msec": 3.800
				,"percent": 4.07
				}
			,{
				"<=msec": 3.900
				,"percent": 4.24
				}
			,{
				"<=msec": 4.000
				,"percent": 4.42
				}
			,{
				"<=msec": 4.100
				,"percent": 4.59
				}
			,{
				"<=msec": 4.200
				,"percent": 4.75
				}
			,{
				"<=msec": 4.300
				,"percent": 4.90
				}
			,{
				"<=msec": 4.400
				,"percent": 5.03
				}
			,{
				"<=msec": 4.500
				,"percent": 5.16
				}
			,{
				"<=msec": 4.600
				,"percent": 5.31
				}
			,{
				"<=msec": 4.700
				,"percent": 5.44
				}
			,{
				"<=msec": 4.800
				,"percent": 5.56
				}
			,{
				"<=msec": 4.900
				,"percent": 5.66
				}
			,{
				"<=msec": 5.000
				,"percent": 5.78
				}
			,{
				"<=msec": 5.100
				,"percent": 5.89
				}
			,{
				"<=msec": 5.200
				,"percent": 5.98
				}
			,{
				"<=msec": 5.300
				,"percent": 6.05
				}
			,{
				"<=msec": 5.400
				,"percent": 6.13
				}
			,{
				"<=msec": 5.500
				,"percent": 6.21
				}
			,{
				"<=msec": 5.600
				,"percent": 6.27
				}
			,{
				"<=msec": 5.700
				,"percent": 6.35
				}
			,{
				"<=msec": 5.800
				,"percent": 6.41
				}
			,{
				"<=msec": 5.900
				,"percent": 6.50
				}
			,{
				"<=msec": 6.000
				,"percent": 6.57
				}
			,{
				"<=msec": 6.100
				,"percent": 6.63
				}
			,{
				"<=msec": 6.200
				,"percent": 6.69
				}
			,{
				"<=msec": 6.300
				,"percent": 6.76
				}
			,{
				"<=msec": 6.400
				,"percent": 6.81
				}
			,{
				"<=msec": 6.500
				,"percent": 6.88
				}
			,{
				"<=msec": 6.600
				,"percent": 6.93
				}
			,{
				"<=msec": 6.700
				,"percent": 6.99
				}
			,{
				"<=msec": 6.800
				,"percent": 7.03
				}
			,{
				"<=msec": 6.900
				,"percent": 7.08
				}
			,{
				"<=msec": 7.000
				,"percent": 7.14
				}
			,{
				"<=msec": 7.100
				,"percent": 7.20
				}
			,{
				"<=msec": 7.200
				,"percent": 7.24
				}
			,{
				"<=msec": 7.300
				,"percent": 7.29
				}
			,{
				"<=msec": 7.400
				,"percent": 7.33
				}
			,{
				"<=msec": 7.500
				,"percent": 7.36
				}
			,{
				"<=msec": 7.600
				,"percent": 7.40
				}
			,{
				"<=msec": 7.700
				,"percent": 7.45
				}
			,{
				"<=msec": 7.800
				,"percent": 7.50
				}
			,{
				"<=msec": 7.900
				,"percent": 7.54
				}
			,{
				"<=msec": 8.000
				,"percent": 7.60
				}
			,{
				"<=msec": 8.100
				,"percent": 7.66
				}
			,{
				"<=msec": 8.200
				,"percent": 7.70
				}
			,{
				"<=msec": 8.300
				,"percent": 7.75
				}
			,{
				"<=msec": 8.400
				,"percent": 7.79
				}
			,{
				"<=msec": 8.500
				,"percent": 7.83
				}
			,{
				"<=msec": 8.600
				,"percent": 7.87
				}
			,{
				"<=msec": 8.700
				,"percent": 7.93
				}
			,{
				"<=msec": 8.800
				,"percent": 7.98
				}
			,{
				"<=msec": 8.900
				,"percent": 8.03
				}
			,{
				"<=msec": 9.000
				,"percent": 8.08
				}
			,{
				"<=msec": 9.100
				,"percent": 8.13
				}
			,{
				"<=msec": 9.200
				,"percent": 8.19
				}
			,{
				"<=msec": 9.300
				,"percent": 8.24
				}
			,{
				"<=msec": 9.400
				,"percent": 8.29
				}
			,{
				"<=msec": 9.500
				,"percent": 8.34
				}
			,{
				"<=msec": 9.600
				,"percent": 8.40
				}
			,{
				"<=msec": 9.700
				,"percent": 8.47
				}
			,{
				"<=msec": 9.800
				,"percent": 8.53
				}
			,{
				"<=msec": 9.900
				,"percent": 8.58
				}
			,{
				"<=msec": 10.000
				,"percent": 8.94
				}
			,{
				"<=msec": 11.000
				,"percent": 9.70
				}
			,{
				"<=msec": 12.000
				,"percent": 10.97
				}
			,{
				"<=msec": 13.000
				,"percent": 13.00
				}
			,{
				"<=msec": 14.000
				,"percent": 16.88
				}
			,{
				"<=msec": 15.000
				,"percent": 26.47
				}
			,{
				"<=msec": 16.000
				,"percent": 47.31
				}
			,{
				"<=msec": 17.000
				,"percent": 60.36
				}
			,{
				"<=msec": 18.000
				,"percent": 64.71
				}
			,{
				"<=msec": 19.000
				,"percent": 66.22
				}
			,{
				"<=msec": 20.000
				,"percent": 67.14
				}
			,{
				"<=msec": 21.000
				,"percent": 67.88
				}
			,{
				"<=msec": 22.000
				,"percent": 68.48
				}
			,{
				"<=msec": 23.000
				,"percent": 68.96
				}
			,{
				"<=msec": 24.000
				,"percent": 69.50
				}
			,{
				"<=msec": 25.000
				,"percent": 70.11
				}
			,{
				"<=msec": 26.000
				,"percent": 71.07
				}
			,{
				"<=msec": 27.000
				,"percent": 72.79
				}
			,{
				"<=msec": 28.000
				,"percent": 76.12
				}
			,{
				"<=msec": 29.000
				,"percent": 81.72
				}
			,{
				"<=msec": 30.000
				,"percent": 88.00
				}
			,{
				"<=msec": 31.000
				,"percent": 94.35
				}
			,{
				"<=msec": 32.000
				,"percent": 96.28
				}
			,{
				"<=msec": 33.000
				,"percent": 96.67
				}
			,{
				"<=msec": 34.000
				,"percent": 96.89
				}
			,{
				"<=msec": 35.000
				,"percent": 97.05
				}
			,{
				"<=msec": 36.000
				,"percent": 97.14
				}
			,{
				"<=msec": 37.000
				,"percent": 97.20
				}
			,{
				"<=msec": 38.000
				,"percent": 97.25
				}
			,{
				"<=msec": 39.000
				,"percent": 97.31
				}
			,{
				"<=msec": 40.000
				,"percent": 97.37
				}
			,{
				"<=msec": 41.000
				,"percent": 97.47
				}
			,{
				"<=msec": 42.000
				,"percent": 97.60
				}
			,{
				"<=msec": 43.000
				,"percent": 97.82
				}
			,{
				"<=msec": 44.000
				,"percent": 98.10
				}
			,{
				"<=msec": 45.000
				,"percent": 98.49
				}
			,{
				"<=msec": 46.000
				,"percent": 98.90
				}
			,{
				"<=msec": 47.000
				,"percent": 99.20
				}
			,{
				"<=msec": 48.000
				,"percent": 99.24
				}
			,{
				"<=msec": 49.000
				,"percent": 99.26
				}
			,{
				"<=msec": 50.000
				,"percent": 99.28
				}
			,{
				"<=msec": 51.000
				,"percent": 99.29
				}
			,{
				"<=msec": 52.000
				,"percent": 99.30
				}
			,{
				"<=msec": 53.000
				,"percent": 99.30
				}
			,{
				"<=msec": 54.000
				,"percent": 99.31
				}
			,{
				"<=msec": 55.000
				,"percent": 99.32
				}
			,{
				"<=msec": 56.000
				,"percent": 99.34
				}
			,{
				"<=msec": 57.000
				,"percent": 99.37
				}
			,{
				"<=msec": 58.000
				,"percent": 99.40
				}
			,{
				"<=msec": 59.000
				,"percent": 99.44
				}
			,{
				"<=msec": 60.000
				,"percent": 99.51
				}
			,{
				"<=msec": 61.000
				,"percent": 99.59
				}
			,{
				"<=msec": 62.000
				,"percent": 99.67
				}
			,{
				"<=msec": 63.000
				,"percent": 99.72
				}
			,{
				"<=msec": 64.000
				,"percent": 99.72
				}
			,{
				"<=msec": 65.000
				,"percent": 99.73
				}
			,{
				"<=msec": 66.000
				,"percent": 99.73
				}
			,{
				"<=msec": 67.000
				,"percent": 99.73
				}
			,{
				"<=msec": 68.000
				,"percent": 99.73
				}
			,{
				"<=msec": 69.000
				,"percent": 99.74
				}
			,{
				"<=msec": 70.000
				,"percent": 99.74
				}
			,{
				"<=msec": 71.000
				,"percent": 99.74
				}
			,{
				"<=msec": 72.000
				,"percent": 99.75
				}
			,{
				"<=msec": 73.000
				,"percent": 99.76
				}
			,{
				"<=msec": 74.000
				,"percent": 99.77
				}
			,{
				"<=msec": 75.000
				,"percent": 99.80
				}
			,{
				"<=msec": 76.000
				,"percent": 99.82
				}
			,{
				"<=msec": 77.000
				,"percent": 99.84
				}
			,{
				"<=msec": 78.000
				,"percent": 99.87
				}
			,{
				"<=msec": 79.000
				,"percent": 99.87
				}
			,{
				"<=msec": 80.000
				,"percent": 99.87
				}
			,{
				"<=msec": 81.000
				,"percent": 99.88
				}
			,{
				"<=msec": 83.000
				,"percent": 99.88
				}
			,{
				"<=msec": 84.000
				,"percent": 99.88
				}
			,{
				"<=msec": 86.000
				,"percent": 99.88
				}
			,{
				"<=msec": 87.000
				,"percent": 99.88
				}
			,{
				"<=msec": 88.000
				,"percent": 99.88
				}
			,{
				"<=msec": 89.000
				,"percent": 99.89
				}
			,{
				"<=msec": 90.000
				,"percent": 99.89
				}
			,{
				"<=msec": 91.000
				,"percent": 99.90
				}
			,{
				"<=msec": 92.000
				,"percent": 99.91
				}
			,{
				"<=msec": 93.000
				,"percent": 99.91
				}
			,{
				"<=msec": 94.000
				,"percent": 99.92
				}
			,{
				"<=msec": 95.000
				,"percent": 99.92
				}
			,{
				"<=msec": 96.000
				,"percent": 99.93
				}
			,{
				"<=msec": 100.000
				,"percent": 99.94
				}
			,{
				"<=msec": 110.000
				,"percent": 99.96
				}
			,{
				"<=msec": 120.000
				,"percent": 99.97
				}
			,{
				"<=msec": 130.000
				,"percent": 99.97
				}
			,{
				"<=msec": 140.000
				,"percent": 99.97
				}
			,{
				"<=msec": 150.000
				,"percent": 99.98
				}
			,{
				"<=msec": 170.000
				,"percent": 99.98
				}
			,{
				"<=msec": 180.000
				,"percent": 99.98
				}
			,{
				"<=msec": 190.000
				,"percent": 99.98
				}
			,{
				"<=msec": 200.000
				,"percent": 99.98
				}
			,{
				"<=msec": 210.000
				,"percent": 99.98
				}
			,{
				"<=msec": 220.000
				,"percent": 99.98
				}
			,{
				"<=msec": 230.000
				,"percent": 99.99
				}
			,{
				"<=msec": 240.000
				,"percent": 99.99
				}
			,{
				"<=msec": 250.000
				,"percent": 99.99
				}
			,{
				"<=msec": 260.000
				,"percent": 99.99
				}
			,{
				"<=msec": 280.000
				,"percent": 99.99
				}
			,{
				"<=msec": 290.000
				,"percent": 99.99
				}
			,{
				"<=msec": 300.000
				,"percent": 99.99
				}
			,{
				"<=msec": 320.000
				,"percent": 100.00
				}
			,{
				"<=msec": 330.000
				,"percent": 100.00
				}
			,{
				"<=msec": 340.000
				,"percent": 100.00
				}
			]
		,"WAIT":[
		]
		}
	}
