{
	"configuration":{
		"server": "10.0.0.4"
		,"port": 11212
		,"unix socket": "(null)"
		,"protocol": "memcache_text"
		,"out_file": "(null)"
		,"client_stats": "(null)"
		,"run_count": 1
		,"debug": 0
		,"requests": 0
		,"clients": 32
		,"threads": 1
		,"test_time": 60
		,"ratio": "0:1"
		,"pipeline": 1
		,"data_size": 4096
		,"data_offset": 0
		,"random_data": "false"
		,"data_size_range": "0:0"
		,"data_size_list": ""
		,"data_size_pattern": "R"
		,"expiry_range": "9999:10000"
		,"data_import": "(null)"
		,"data_verify": "false"
		,"verify_only": "false"
		,"generate_keys": "false"
		,"key_prefix": "memtier-"
		,"key_minimum":           0
		,"key_maximum":        1000
		,"key_pattern": "R:R"
		,"key_stddev": 0.000000
		,"key_median": 0.000000
		,"reconnect_interval": 0
		,"multi_key_get": 0
		,"authenticate": ""
		,"select-db": 0
		,"no-expiry": "false"
		,"wait-ratio": "0:0"
		,"num-slaves": "0:0"
		,"wait-timeout": "0-0"
		}
	,"run information":{
		"Threads": 1
		,"Connections per thread": 32
		,"Seconds": 60
		}
	,"ALL STATS":{
		"Sets":{
			"Ops/sec": 0.00
			,"Hits/sec": 0.00
			,"Misses/sec": 0.00
			,"Latency": 0.00
			,"KB/sec": 0.00
			}
		,"Gets":{
			"Ops/sec": 1605.78
			,"Hits/sec": 1583.50
			,"Misses/sec": 22.28
			,"Latency": 19.92
			,"KB/sec": 6411.44
			}
		,"Waits":{
			"Ops/sec": 0.00
			,"Hits/sec": 0.00
			,"Misses/sec": 0.00
			,"Latency": 0.00
			,"KB/sec": 0.00
			}
		,"Totals":{
			"Ops/sec": 1605.78
			,"Hits/sec": 1583.50
			,"Misses/sec": 22.28
			,"Latency": 19.92
			,"KB/sec": 6411.44
			}
		,"SET":[
		]
		,"GET":[
			{
				"<=msec": 3.200
				,"percent": 0.00
				}
			,{
				"<=msec": 3.700
				,"percent": 0.00
				}
			,{
				"<=msec": 3.800
				,"percent": 0.00
				}
			,{
				"<=msec": 3.900
				,"percent": 0.01
				}
			,{
				"<=msec": 4.100
				,"percent": 0.01
				}
			,{
				"<=msec": 4.300
				,"percent": 0.01
				}
			,{
				"<=msec": 4.400
				,"percent": 0.01
				}
			,{
				"<=msec": 4.500
				,"percent": 0.02
				}
			,{
				"<=msec": 4.600
				,"percent": 0.02
				}
			,{
				"<=msec": 4.700
				,"percent": 0.02
				}
			,{
				"<=msec": 4.800
				,"percent": 0.03
				}
			,{
				"<=msec": 4.900
				,"percent": 0.03
				}
			,{
				"<=msec": 5.000
				,"percent": 0.04
				}
			,{
				"<=msec": 5.100
				,"percent": 0.04
				}
			,{
				"<=msec": 5.200
				,"percent": 0.04
				}
			,{
				"<=msec": 5.300
				,"percent": 0.04
				}
			,{
				"<=msec": 5.400
				,"percent": 0.05
				}
			,{
				"<=msec": 5.500
				,"percent": 0.06
				}
			,{
				"<=msec": 5.600
				,"percent": 0.07
				}
			,{
				"<=msec": 5.700
				,"percent": 0.08
				}
			,{
				"<=msec": 5.800
				,"percent": 0.09
				}
			,{
				"<=msec": 5.900
				,"percent": 0.11
				}
			,{
				"<=msec": 6.000
				,"percent": 0.13
				}
			,{
				"<=msec": 6.100
				,"percent": 0.16
				}
			,{
				"<=msec": 6.200
				,"percent": 0.21
				}
			,{
				"<=msec": 6.300
				,"percent": 0.25
				}
			,{
				"<=msec": 6.400
				,"percent": 0.33
				}
			,{
				"<=msec": 6.500
				,"percent": 0.42
				}
			,{
				"<=msec": 6.600
				,"percent": 0.52
				}
			,{
				"<=msec": 6.700
				,"percent": 0.64
				}
			,{
				"<=msec": 6.800
				,"percent": 0.79
				}
			,{
				"<=msec": 6.900
				,"percent": 0.94
				}
			,{
				"<=msec": 7.000
				,"percent": 1.12
				}
			,{
				"<=msec": 7.100
				,"percent": 1.31
				}
			,{
				"<=msec": 7.200
				,"percent": 1.51
				}
			,{
				"<=msec": 7.300
				,"percent": 1.69
				}
			,{
				"<=msec": 7.400
				,"percent": 1.90
				}
			,{
				"<=msec": 7.500
				,"percent": 2.11
				}
			,{
				"<=msec": 7.600
				,"percent": 2.31
				}
			,{
				"<=msec": 7.700
				,"percent": 2.49
				}
			,{
				"<=msec": 7.800
				,"percent": 2.68
				}
			,{
				"<=msec": 7.900
				,"percent": 2.89
				}
			,{
				"<=msec": 8.000
				,"percent": 3.08
				}
			,{
				"<=msec": 8.100
				,"percent": 3.26
				}
			,{
				"<=msec": 8.200
				,"percent": 3.44
				}
			,{
				"<=msec": 8.300
				,"percent": 3.63
				}
			,{
				"<=msec": 8.400
				,"percent": 3.81
				}
			,{
				"<=msec": 8.500
				,"percent": 3.95
				}
			,{
				"<=msec": 8.600
				,"percent": 4.12
				}
			,{
				"<=msec": 8.700
				,"percent": 4.25
				}
			,{
				"<=msec": 8.800
				,"percent": 4.38
				}
			,{
				"<=msec": 8.900
				,"percent": 4.52
				}
			,{
				"<=msec": 9.000
				,"percent": 4.68
				}
			,{
				"<=msec": 9.100
				,"percent": 4.85
				}
			,{
				"<=msec": 9.200
				,"percent": 4.96
				}
			,{
				"<=msec": 9.300
				,"percent": 5.12
				}
			,{
				"<=msec": 9.400
				,"percent": 5.26
				}
			,{
				"<=msec": 9.500
				,"percent": 5.39
				}
			,{
				"<=msec": 9.600
				,"percent": 5.53
				}
			,{
				"<=msec": 9.700
				,"percent": 5.64
				}
			,{
				"<=msec": 9.800
				,"percent": 5.77
				}
			,{
				"<=msec": 9.900
				,"percent": 5.90
				}
			,{
				"<=msec": 10.000
				,"percent": 6.66
				}
			,{
				"<=msec": 11.000
				,"percent": 8.22
				}
			,{
				"<=msec": 12.000
				,"percent": 10.16
				}
			,{
				"<=msec": 13.000
				,"percent": 12.34
				}
			,{
				"<=msec": 14.000
				,"percent": 14.14
				}
			,{
				"<=msec": 15.000
				,"percent": 16.14
				}
			,{
				"<=msec": 16.000
				,"percent": 19.57
				}
			,{
				"<=msec": 17.000
				,"percent": 28.37
				}
			,{
				"<=msec": 18.000
				,"percent": 45.70
				}
			,{
				"<=msec": 19.000
				,"percent": 56.90
				}
			,{
				"<=msec": 20.000
				,"percent": 62.07
				}
			,{
				"<=msec": 21.000
				,"percent": 65.54
				}
			,{
				"<=msec": 22.000
				,"percent": 68.34
				}
			,{
				"<=msec": 23.000
				,"percent": 70.94
				}
			,{
				"<=msec": 24.000
				,"percent": 73.61
				}
			,{
				"<=msec": 25.000
				,"percent": 77.17
				}
			,{
				"<=msec": 26.000
				,"percent": 83.05
				}
			,{
				"<=msec": 27.000
				,"percent": 90.67
				}
			,{
				"<=msec": 28.000
				,"percent": 95.68
				}
			,{
				"<=msec": 29.000
				,"percent": 97.69
				}
			,{
				"<=msec": 30.000
				,"percent": 98.50
				}
			,{
				"<=msec": 31.000
				,"percent": 99.03
				}
			,{
				"<=msec": 32.000
				,"percent": 99.31
				}
			,{
				"<=msec": 33.000
				,"percent": 99.49
				}
			,{
				"<=msec": 34.000
				,"percent": 99.61
				}
			,{
				"<=msec": 35.000
				,"percent": 99.69
				}
			,{
				"<=msec": 36.000
				,"percent": 99.74
				}
			,{
				"<=msec": 37.000
				,"percent": 99.77
				}
			,{
				"<=msec": 38.000
				,"percent": 99.81
				}
			,{
				"<=msec": 39.000
				,"percent": 99.83
				}
			,{
				"<=msec": 40.000
				,"percent": 99.86
				}
			,{
				"<=msec": 41.000
				,"percent": 99.89
				}
			,{
				"<=msec": 42.000
				,"percent": 99.92
				}
			,{
				"<=msec": 43.000
				,"percent": 99.95
				}
			,{
				"<=msec": 44.000
				,"percent": 99.97
				}
			,{
				"<=msec": 45.000
				,"percent": 99.97
				}
			,{
				"<=msec": 47.000
				,"percent": 99.97
				}
			,{
				"<=msec": 48.000
				,"percent": 99.98
				}
			,{
				"<=msec": 52.000
				,"percent": 99.98
				}
			,{
				"<=msec": 56.000
				,"percent": 99.98
				}
			,{
				"<=msec": 57.000
				,"percent": 99.98
				}
			,{
				"<=msec": 58.000
				,"percent": 99.98
				}
			,{
				"<=msec": 59.000
				,"percent": 99.98
				}
			,{
				"<=msec": 60.000
				,"percent": 99.98
				}
			,{
				"<=msec": 61.000
				,"percent": 99.98
				}
			,{
				"<=msec": 62.000
				,"percent": 99.98
				}
			,{
				"<=msec": 63.000
				,"percent": 99.99
				}
			,{
				"<=msec": 66.000
				,"percent": 99.99
				}
			,{
				"<=msec": 69.000
				,"percent": 99.99
				}
			,{
				"<=msec": 75.000
				,"percent": 99.99
				}
			,{
				"<=msec": 76.000
				,"percent": 99.99
				}
			,{
				"<=msec": 79.000
				,"percent": 99.99
				}
			,{
				"<=msec": 81.000
				,"percent": 99.99
				}
			,{
				"<=msec": 82.000
				,"percent": 99.99
				}
			,{
				"<=msec": 83.000
				,"percent": 100.00
				}
			,{
				"<=msec": 84.000
				,"percent": 100.00
				}
			,{
				"<=msec": 94.000
				,"percent": 100.00
				}
			,{
				"<=msec": 95.000
				,"percent": 100.00
				}
			,{
				"<=msec": 100.000
				,"percent": 100.00
				}
			]
		,"WAIT":[
		]
		}
	}
