{
	"configuration":{
		"server": "10.0.0.4"
		,"port": 11212
		,"unix socket": "(null)"
		,"protocol": "memcache_text"
		,"out_file": "(null)"
		,"client_stats": "(null)"
		,"run_count": 1
		,"debug": 0
		,"requests": 0
		,"clients": 32
		,"threads": 1
		,"test_time": 60
		,"ratio": "0:1"
		,"pipeline": 1
		,"data_size": 4096
		,"data_offset": 0
		,"random_data": "false"
		,"data_size_range": "0:0"
		,"data_size_list": ""
		,"data_size_pattern": "R"
		,"expiry_range": "9999:10000"
		,"data_import": "(null)"
		,"data_verify": "false"
		,"verify_only": "false"
		,"generate_keys": "false"
		,"key_prefix": "memtier-"
		,"key_minimum":           0
		,"key_maximum":        1000
		,"key_pattern": "R:R"
		,"key_stddev": 0.000000
		,"key_median": 0.000000
		,"reconnect_interval": 0
		,"multi_key_get": 0
		,"authenticate": ""
		,"select-db": 0
		,"no-expiry": "false"
		,"wait-ratio": "0:0"
		,"num-slaves": "0:0"
		,"wait-timeout": "0-0"
		}
	,"run information":{
		"Threads": 1
		,"Connections per thread": 32
		,"Seconds": 60
		}
	,"ALL STATS":{
		"Sets":{
			"Ops/sec": 0.00
			,"Hits/sec": 0.00
			,"Misses/sec": 0.00
			,"Latency": 0.00
			,"KB/sec": 0.00
			}
		,"Gets":{
			"Ops/sec": 1524.68
			,"Hits/sec": 1502.50
			,"Misses/sec": 22.18
			,"Latency": 20.98
			,"KB/sec": 6083.49
			}
		,"Waits":{
			"Ops/sec": 0.00
			,"Hits/sec": 0.00
			,"Misses/sec": 0.00
			,"Latency": 0.00
			,"KB/sec": 0.00
			}
		,"Totals":{
			"Ops/sec": 1524.68
			,"Hits/sec": 1502.50
			,"Misses/sec": 22.18
			,"Latency": 20.98
			,"KB/sec": 6083.49
			}
		,"SET":[
		]
		,"GET":[
			{
				"<=msec": 3.700
				,"percent": 0.00
				}
			,{
				"<=msec": 3.800
				,"percent": 0.00
				}
			,{
				"<=msec": 3.900
				,"percent": 0.00
				}
			,{
				"<=msec": 4.000
				,"percent": 0.00
				}
			,{
				"<=msec": 4.200
				,"percent": 0.01
				}
			,{
				"<=msec": 4.300
				,"percent": 0.01
				}
			,{
				"<=msec": 4.800
				,"percent": 0.01
				}
			,{
				"<=msec": 4.900
				,"percent": 0.01
				}
			,{
				"<=msec": 5.000
				,"percent": 0.02
				}
			,{
				"<=msec": 5.100
				,"percent": 0.02
				}
			,{
				"<=msec": 5.200
				,"percent": 0.02
				}
			,{
				"<=msec": 5.300
				,"percent": 0.02
				}
			,{
				"<=msec": 5.500
				,"percent": 0.02
				}
			,{
				"<=msec": 5.700
				,"percent": 0.03
				}
			,{
				"<=msec": 6.100
				,"percent": 0.03
				}
			,{
				"<=msec": 6.300
				,"percent": 0.03
				}
			,{
				"<=msec": 6.400
				,"percent": 0.03
				}
			,{
				"<=msec": 6.500
				,"percent": 0.03
				}
			,{
				"<=msec": 6.600
				,"percent": 0.03
				}
			,{
				"<=msec": 6.700
				,"percent": 0.04
				}
			,{
				"<=msec": 6.800
				,"percent": 0.04
				}
			,{
				"<=msec": 6.900
				,"percent": 0.05
				}
			,{
				"<=msec": 7.000
				,"percent": 0.05
				}
			,{
				"<=msec": 7.100
				,"percent": 0.05
				}
			,{
				"<=msec": 7.200
				,"percent": 0.05
				}
			,{
				"<=msec": 7.300
				,"percent": 0.06
				}
			,{
				"<=msec": 7.400
				,"percent": 0.08
				}
			,{
				"<=msec": 7.500
				,"percent": 0.09
				}
			,{
				"<=msec": 7.600
				,"percent": 0.10
				}
			,{
				"<=msec": 7.700
				,"percent": 0.11
				}
			,{
				"<=msec": 7.800
				,"percent": 0.13
				}
			,{
				"<=msec": 7.900
				,"percent": 0.14
				}
			,{
				"<=msec": 8.000
				,"percent": 0.15
				}
			,{
				"<=msec": 8.100
				,"percent": 0.16
				}
			,{
				"<=msec": 8.200
				,"percent": 0.18
				}
			,{
				"<=msec": 8.300
				,"percent": 0.20
				}
			,{
				"<=msec": 8.400
				,"percent": 0.22
				}
			,{
				"<=msec": 8.500
				,"percent": 0.24
				}
			,{
				"<=msec": 8.600
				,"percent": 0.27
				}
			,{
				"<=msec": 8.700
				,"percent": 0.28
				}
			,{
				"<=msec": 8.800
				,"percent": 0.30
				}
			,{
				"<=msec": 8.900
				,"percent": 0.33
				}
			,{
				"<=msec": 9.000
				,"percent": 0.35
				}
			,{
				"<=msec": 9.100
				,"percent": 0.38
				}
			,{
				"<=msec": 9.200
				,"percent": 0.42
				}
			,{
				"<=msec": 9.300
				,"percent": 0.44
				}
			,{
				"<=msec": 9.400
				,"percent": 0.47
				}
			,{
				"<=msec": 9.500
				,"percent": 0.50
				}
			,{
				"<=msec": 9.600
				,"percent": 0.54
				}
			,{
				"<=msec": 9.700
				,"percent": 0.57
				}
			,{
				"<=msec": 9.800
				,"percent": 0.61
				}
			,{
				"<=msec": 9.900
				,"percent": 0.63
				}
			,{
				"<=msec": 10.000
				,"percent": 0.77
				}
			,{
				"<=msec": 11.000
				,"percent": 1.09
				}
			,{
				"<=msec": 12.000
				,"percent": 1.57
				}
			,{
				"<=msec": 13.000
				,"percent": 2.37
				}
			,{
				"<=msec": 14.000
				,"percent": 3.59
				}
			,{
				"<=msec": 15.000
				,"percent": 5.48
				}
			,{
				"<=msec": 16.000
				,"percent": 9.88
				}
			,{
				"<=msec": 17.000
				,"percent": 21.09
				}
			,{
				"<=msec": 18.000
				,"percent": 39.52
				}
			,{
				"<=msec": 19.000
				,"percent": 50.80
				}
			,{
				"<=msec": 20.000
				,"percent": 57.10
				}
			,{
				"<=msec": 21.000
				,"percent": 61.71
				}
			,{
				"<=msec": 22.000
				,"percent": 65.71
				}
			,{
				"<=msec": 23.000
				,"percent": 69.66
				}
			,{
				"<=msec": 24.000
				,"percent": 73.64
				}
			,{
				"<=msec": 25.000
				,"percent": 77.99
				}
			,{
				"<=msec": 26.000
				,"percent": 83.77
				}
			,{
				"<=msec": 27.000
				,"percent": 90.97
				}
			,{
				"<=msec": 28.000
				,"percent": 95.61
				}
			,{
				"<=msec": 29.000
				,"percent": 97.48
				}
			,{
				"<=msec": 30.000
				,"percent": 98.26
				}
			,{
				"<=msec": 31.000
				,"percent": 98.77
				}
			,{
				"<=msec": 32.000
				,"percent": 99.10
				}
			,{
				"<=msec": 33.000
				,"percent": 99.35
				}
			,{
				"<=msec": 34.000
				,"percent": 99.55
				}
			,{
				"<=msec": 35.000
				,"percent": 99.64
				}
			,{
				"<=msec": 36.000
				,"percent": 99.70
				}
			,{
				"<=msec": 37.000
				,"percent": 99.76
				}
			,{
				"<=msec": 38.000
				,"percent": 99.81
				}
			,{
				"<=msec": 39.000
				,"percent": 99.84
				}
			,{
				"<=msec": 40.000
				,"percent": 99.85
				}
			,{
				"<=msec": 41.000
				,"percent": 99.87
				}
			,{
				"<=msec": 42.000
				,"percent": 99.90
				}
			,{
				"<=msec": 43.000
				,"percent": 99.93
				}
			,{
				"<=msec": 44.000
				,"percent": 99.95
				}
			,{
				"<=msec": 45.000
				,"percent": 99.95
				}
			,{
				"<=msec": 46.000
				,"percent": 99.95
				}
			,{
				"<=msec": 47.000
				,"percent": 99.97
				}
			,{
				"<=msec": 48.000
				,"percent": 99.97
				}
			,{
				"<=msec": 52.000
				,"percent": 99.97
				}
			,{
				"<=msec": 57.000
				,"percent": 99.97
				}
			,{
				"<=msec": 59.000
				,"percent": 99.97
				}
			,{
				"<=msec": 65.000
				,"percent": 99.97
				}
			,{
				"<=msec": 70.000
				,"percent": 99.97
				}
			,{
				"<=msec": 73.000
				,"percent": 99.97
				}
			,{
				"<=msec": 76.000
				,"percent": 99.98
				}
			,{
				"<=msec": 77.000
				,"percent": 99.98
				}
			,{
				"<=msec": 78.000
				,"percent": 99.98
				}
			,{
				"<=msec": 79.000
				,"percent": 99.98
				}
			,{
				"<=msec": 81.000
				,"percent": 99.99
				}
			,{
				"<=msec": 84.000
				,"percent": 99.99
				}
			,{
				"<=msec": 90.000
				,"percent": 99.99
				}
			,{
				"<=msec": 92.000
				,"percent": 99.99
				}
			,{
				"<=msec": 110.000
				,"percent": 99.99
				}
			,{
				"<=msec": 120.000
				,"percent": 99.99
				}
			,{
				"<=msec": 130.000
				,"percent": 99.99
				}
			,{
				"<=msec": 170.000
				,"percent": 99.99
				}
			,{
				"<=msec": 180.000
				,"percent": 100.00
				}
			,{
				"<=msec": 190.000
				,"percent": 100.00
				}
			]
		,"WAIT":[
		]
		}
	}
