{
	"configuration":{
		"server": "10.0.0.4"
		,"port": 11212
		,"unix socket": "(null)"
		,"protocol": "memcache_text"
		,"out_file": "(null)"
		,"client_stats": "(null)"
		,"run_count": 1
		,"debug": 0
		,"requests": 0
		,"clients": 32
		,"threads": 1
		,"test_time": 60
		,"ratio": "0:1"
		,"pipeline": 1
		,"data_size": 4096
		,"data_offset": 0
		,"random_data": "false"
		,"data_size_range": "0:0"
		,"data_size_list": ""
		,"data_size_pattern": "R"
		,"expiry_range": "9999:10000"
		,"data_import": "(null)"
		,"data_verify": "false"
		,"verify_only": "false"
		,"generate_keys": "false"
		,"key_prefix": "memtier-"
		,"key_minimum":           0
		,"key_maximum":        1000
		,"key_pattern": "R:R"
		,"key_stddev": 0.000000
		,"key_median": 0.000000
		,"reconnect_interval": 0
		,"multi_key_get": 0
		,"authenticate": ""
		,"select-db": 0
		,"no-expiry": "false"
		,"wait-ratio": "0:0"
		,"num-slaves": "0:0"
		,"wait-timeout": "0-0"
		}
	,"run information":{
		"Threads": 1
		,"Connections per thread": 32
		,"Seconds": 60
		}
	,"ALL STATS":{
		"Sets":{
			"Ops/sec": 0.00
			,"Hits/sec": 0.00
			,"Misses/sec": 0.00
			,"Latency": 0.00
			,"KB/sec": 0.00
			}
		,"Gets":{
			"Ops/sec": 1471.99
			,"Hits/sec": 1452.54
			,"Misses/sec": 19.45
			,"Latency": 21.73
			,"KB/sec": 5881.18
			}
		,"Waits":{
			"Ops/sec": 0.00
			,"Hits/sec": 0.00
			,"Misses/sec": 0.00
			,"Latency": 0.00
			,"KB/sec": 0.00
			}
		,"Totals":{
			"Ops/sec": 1471.99
			,"Hits/sec": 1452.54
			,"Misses/sec": 19.45
			,"Latency": 21.73
			,"KB/sec": 5881.18
			}
		,"SET":[
		]
		,"GET":[
			{
				"<=msec": 1.500
				,"percent": 0.00
				}
			,{
				"<=msec": 1.600
				,"percent": 0.00
				}
			,{
				"<=msec": 1.800
				,"percent": 0.01
				}
			,{
				"<=msec": 1.900
				,"percent": 0.01
				}
			,{
				"<=msec": 2.000
				,"percent": 0.01
				}
			,{
				"<=msec": 2.100
				,"percent": 0.01
				}
			,{
				"<=msec": 2.200
				,"percent": 0.01
				}
			,{
				"<=msec": 2.300
				,"percent": 0.01
				}
			,{
				"<=msec": 2.400
				,"percent": 0.02
				}
			,{
				"<=msec": 2.500
				,"percent": 0.02
				}
			,{
				"<=msec": 2.600
				,"percent": 0.02
				}
			,{
				"<=msec": 2.700
				,"percent": 0.02
				}
			,{
				"<=msec": 2.800
				,"percent": 0.03
				}
			,{
				"<=msec": 2.900
				,"percent": 0.04
				}
			,{
				"<=msec": 3.000
				,"percent": 0.04
				}
			,{
				"<=msec": 3.100
				,"percent": 0.05
				}
			,{
				"<=msec": 3.200
				,"percent": 0.06
				}
			,{
				"<=msec": 3.300
				,"percent": 0.07
				}
			,{
				"<=msec": 3.400
				,"percent": 0.09
				}
			,{
				"<=msec": 3.500
				,"percent": 0.10
				}
			,{
				"<=msec": 3.600
				,"percent": 0.12
				}
			,{
				"<=msec": 3.700
				,"percent": 0.14
				}
			,{
				"<=msec": 3.800
				,"percent": 0.18
				}
			,{
				"<=msec": 3.900
				,"percent": 0.21
				}
			,{
				"<=msec": 4.000
				,"percent": 0.25
				}
			,{
				"<=msec": 4.100
				,"percent": 0.28
				}
			,{
				"<=msec": 4.200
				,"percent": 0.30
				}
			,{
				"<=msec": 4.300
				,"percent": 0.32
				}
			,{
				"<=msec": 4.400
				,"percent": 0.35
				}
			,{
				"<=msec": 4.500
				,"percent": 0.38
				}
			,{
				"<=msec": 4.600
				,"percent": 0.43
				}
			,{
				"<=msec": 4.700
				,"percent": 0.45
				}
			,{
				"<=msec": 4.800
				,"percent": 0.50
				}
			,{
				"<=msec": 4.900
				,"percent": 0.54
				}
			,{
				"<=msec": 5.000
				,"percent": 0.59
				}
			,{
				"<=msec": 5.100
				,"percent": 0.63
				}
			,{
				"<=msec": 5.200
				,"percent": 0.68
				}
			,{
				"<=msec": 5.300
				,"percent": 0.72
				}
			,{
				"<=msec": 5.400
				,"percent": 0.76
				}
			,{
				"<=msec": 5.500
				,"percent": 0.81
				}
			,{
				"<=msec": 5.600
				,"percent": 0.85
				}
			,{
				"<=msec": 5.700
				,"percent": 0.89
				}
			,{
				"<=msec": 5.800
				,"percent": 0.94
				}
			,{
				"<=msec": 5.900
				,"percent": 0.97
				}
			,{
				"<=msec": 6.000
				,"percent": 1.01
				}
			,{
				"<=msec": 6.100
				,"percent": 1.05
				}
			,{
				"<=msec": 6.200
				,"percent": 1.10
				}
			,{
				"<=msec": 6.300
				,"percent": 1.14
				}
			,{
				"<=msec": 6.400
				,"percent": 1.19
				}
			,{
				"<=msec": 6.500
				,"percent": 1.23
				}
			,{
				"<=msec": 6.600
				,"percent": 1.26
				}
			,{
				"<=msec": 6.700
				,"percent": 1.30
				}
			,{
				"<=msec": 6.800
				,"percent": 1.35
				}
			,{
				"<=msec": 6.900
				,"percent": 1.39
				}
			,{
				"<=msec": 7.000
				,"percent": 1.44
				}
			,{
				"<=msec": 7.100
				,"percent": 1.49
				}
			,{
				"<=msec": 7.200
				,"percent": 1.54
				}
			,{
				"<=msec": 7.300
				,"percent": 1.59
				}
			,{
				"<=msec": 7.400
				,"percent": 1.64
				}
			,{
				"<=msec": 7.500
				,"percent": 1.69
				}
			,{
				"<=msec": 7.600
				,"percent": 1.73
				}
			,{
				"<=msec": 7.700
				,"percent": 1.78
				}
			,{
				"<=msec": 7.800
				,"percent": 1.84
				}
			,{
				"<=msec": 7.900
				,"percent": 1.88
				}
			,{
				"<=msec": 8.000
				,"percent": 1.93
				}
			,{
				"<=msec": 8.100
				,"percent": 1.97
				}
			,{
				"<=msec": 8.200
				,"percent": 2.01
				}
			,{
				"<=msec": 8.300
				,"percent": 2.05
				}
			,{
				"<=msec": 8.400
				,"percent": 2.10
				}
			,{
				"<=msec": 8.500
				,"percent": 2.15
				}
			,{
				"<=msec": 8.600
				,"percent": 2.20
				}
			,{
				"<=msec": 8.700
				,"percent": 2.23
				}
			,{
				"<=msec": 8.800
				,"percent": 2.29
				}
			,{
				"<=msec": 8.900
				,"percent": 2.33
				}
			,{
				"<=msec": 9.000
				,"percent": 2.38
				}
			,{
				"<=msec": 9.100
				,"percent": 2.42
				}
			,{
				"<=msec": 9.200
				,"percent": 2.48
				}
			,{
				"<=msec": 9.300
				,"percent": 2.53
				}
			,{
				"<=msec": 9.400
				,"percent": 2.57
				}
			,{
				"<=msec": 9.500
				,"percent": 2.61
				}
			,{
				"<=msec": 9.600
				,"percent": 2.67
				}
			,{
				"<=msec": 9.700
				,"percent": 2.71
				}
			,{
				"<=msec": 9.800
				,"percent": 2.77
				}
			,{
				"<=msec": 9.900
				,"percent": 2.82
				}
			,{
				"<=msec": 10.000
				,"percent": 3.15
				}
			,{
				"<=msec": 11.000
				,"percent": 3.81
				}
			,{
				"<=msec": 12.000
				,"percent": 4.85
				}
			,{
				"<=msec": 13.000
				,"percent": 6.49
				}
			,{
				"<=msec": 14.000
				,"percent": 9.16
				}
			,{
				"<=msec": 15.000
				,"percent": 16.58
				}
			,{
				"<=msec": 16.000
				,"percent": 37.90
				}
			,{
				"<=msec": 17.000
				,"percent": 49.56
				}
			,{
				"<=msec": 18.000
				,"percent": 55.41
				}
			,{
				"<=msec": 19.000
				,"percent": 58.85
				}
			,{
				"<=msec": 20.000
				,"percent": 60.81
				}
			,{
				"<=msec": 21.000
				,"percent": 63.31
				}
			,{
				"<=msec": 22.000
				,"percent": 64.79
				}
			,{
				"<=msec": 23.000
				,"percent": 65.94
				}
			,{
				"<=msec": 24.000
				,"percent": 67.37
				}
			,{
				"<=msec": 25.000
				,"percent": 69.57
				}
			,{
				"<=msec": 26.000
				,"percent": 71.80
				}
			,{
				"<=msec": 27.000
				,"percent": 73.56
				}
			,{
				"<=msec": 28.000
				,"percent": 76.92
				}
			,{
				"<=msec": 29.000
				,"percent": 80.57
				}
			,{
				"<=msec": 30.000
				,"percent": 84.28
				}
			,{
				"<=msec": 31.000
				,"percent": 91.07
				}
			,{
				"<=msec": 32.000
				,"percent": 93.35
				}
			,{
				"<=msec": 33.000
				,"percent": 93.93
				}
			,{
				"<=msec": 34.000
				,"percent": 94.43
				}
			,{
				"<=msec": 35.000
				,"percent": 94.79
				}
			,{
				"<=msec": 36.000
				,"percent": 95.01
				}
			,{
				"<=msec": 37.000
				,"percent": 95.33
				}
			,{
				"<=msec": 38.000
				,"percent": 95.45
				}
			,{
				"<=msec": 39.000
				,"percent": 95.55
				}
			,{
				"<=msec": 40.000
				,"percent": 95.65
				}
			,{
				"<=msec": 41.000
				,"percent": 95.79
				}
			,{
				"<=msec": 42.000
				,"percent": 95.98
				}
			,{
				"<=msec": 43.000
				,"percent": 96.25
				}
			,{
				"<=msec": 44.000
				,"percent": 96.61
				}
			,{
				"<=msec": 45.000
				,"percent": 97.11
				}
			,{
				"<=msec": 46.000
				,"percent": 97.75
				}
			,{
				"<=msec": 47.000
				,"percent": 98.41
				}
			,{
				"<=msec": 48.000
				,"percent": 98.53
				}
			,{
				"<=msec": 49.000
				,"percent": 98.61
				}
			,{
				"<=msec": 50.000
				,"percent": 98.67
				}
			,{
				"<=msec": 51.000
				,"percent": 98.73
				}
			,{
				"<=msec": 52.000
				,"percent": 98.78
				}
			,{
				"<=msec": 53.000
				,"percent": 98.82
				}
			,{
				"<=msec": 54.000
				,"percent": 98.84
				}
			,{
				"<=msec": 55.000
				,"percent": 98.85
				}
			,{
				"<=msec": 56.000
				,"percent": 98.88
				}
			,{
				"<=msec": 57.000
				,"percent": 98.90
				}
			,{
				"<=msec": 58.000
				,"percent": 98.95
				}
			,{
				"<=msec": 59.000
				,"percent": 99.02
				}
			,{
				"<=msec": 60.000
				,"percent": 99.13
				}
			,{
				"<=msec": 61.000
				,"percent": 99.29
				}
			,{
				"<=msec": 62.000
				,"percent": 99.44
				}
			,{
				"<=msec": 63.000
				,"percent": 99.51
				}
			,{
				"<=msec": 64.000
				,"percent": 99.53
				}
			,{
				"<=msec": 65.000
				,"percent": 99.54
				}
			,{
				"<=msec": 66.000
				,"percent": 99.56
				}
			,{
				"<=msec": 67.000
				,"percent": 99.57
				}
			,{
				"<=msec": 68.000
				,"percent": 99.58
				}
			,{
				"<=msec": 69.000
				,"percent": 99.58
				}
			,{
				"<=msec": 71.000
				,"percent": 99.59
				}
			,{
				"<=msec": 72.000
				,"percent": 99.59
				}
			,{
				"<=msec": 73.000
				,"percent": 99.60
				}
			,{
				"<=msec": 74.000
				,"percent": 99.62
				}
			,{
				"<=msec": 75.000
				,"percent": 99.65
				}
			,{
				"<=msec": 76.000
				,"percent": 99.69
				}
			,{
				"<=msec": 77.000
				,"percent": 99.73
				}
			,{
				"<=msec": 78.000
				,"percent": 99.78
				}
			,{
				"<=msec": 79.000
				,"percent": 99.79
				}
			,{
				"<=msec": 80.000
				,"percent": 99.79
				}
			,{
				"<=msec": 81.000
				,"percent": 99.80
				}
			,{
				"<=msec": 82.000
				,"percent": 99.80
				}
			,{
				"<=msec": 83.000
				,"percent": 99.81
				}
			,{
				"<=msec": 84.000
				,"percent": 99.81
				}
			,{
				"<=msec": 85.000
				,"percent": 99.82
				}
			,{
				"<=msec": 86.000
				,"percent": 99.82
				}
			,{
				"<=msec": 87.000
				,"percent": 99.82
				}
			,{
				"<=msec": 88.000
				,"percent": 99.82
				}
			,{
				"<=msec": 89.000
				,"percent": 99.82
				}
			,{
				"<=msec": 90.000
				,"percent": 99.83
				}
			,{
				"<=msec": 91.000
				,"percent": 99.84
				}
			,{
				"<=msec": 92.000
				,"percent": 99.84
				}
			,{
				"<=msec": 93.000
				,"percent": 99.87
				}
			,{
				"<=msec": 94.000
				,"percent": 99.88
				}
			,{
				"<=msec": 95.000
				,"percent": 99.88
				}
			,{
				"<=msec": 96.000
				,"percent": 99.88
				}
			,{
				"<=msec": 97.000
				,"percent": 99.89
				}
			,{
				"<=msec": 98.000
				,"percent": 99.89
				}
			,{
				"<=msec": 99.000
				,"percent": 99.90
				}
			,{
				"<=msec": 100.000
				,"percent": 99.90
				}
			,{
				"<=msec": 110.000
				,"percent": 99.94
				}
			,{
				"<=msec": 120.000
				,"percent": 99.96
				}
			,{
				"<=msec": 130.000
				,"percent": 99.97
				}
			,{
				"<=msec": 140.000
				,"percent": 99.98
				}
			,{
				"<=msec": 150.000
				,"percent": 99.99
				}
			,{
				"<=msec": 160.000
				,"percent": 99.99
				}
			,{
				"<=msec": 170.000
				,"percent": 100.00
				}
			]
		,"WAIT":[
		]
		}
	}
