{
	"configuration":{
		"server": "10.0.0.4"
		,"port": 11212
		,"unix socket": "(null)"
		,"protocol": "memcache_text"
		,"out_file": "(null)"
		,"client_stats": "(null)"
		,"run_count": 1
		,"debug": 0
		,"requests": 0
		,"clients": 32
		,"threads": 1
		,"test_time": 60
		,"ratio": "1:0"
		,"pipeline": 1
		,"data_size": 4096
		,"data_offset": 0
		,"random_data": "false"
		,"data_size_range": "0:0"
		,"data_size_list": ""
		,"data_size_pattern": "R"
		,"expiry_range": "9999:10000"
		,"data_import": "(null)"
		,"data_verify": "false"
		,"verify_only": "false"
		,"generate_keys": "false"
		,"key_prefix": "memtier-"
		,"key_minimum":           0
		,"key_maximum":        1000
		,"key_pattern": "R:R"
		,"key_stddev": 0.000000
		,"key_median": 0.000000
		,"reconnect_interval": 0
		,"multi_key_get": 0
		,"authenticate": ""
		,"select-db": 0
		,"no-expiry": "false"
		,"wait-ratio": "0:0"
		,"num-slaves": "0:0"
		,"wait-timeout": "0-0"
		}
	,"run information":{
		"Threads": 1
		,"Connections per thread": 32
		,"Seconds": 60
		}
	,"ALL STATS":{
		"Sets":{
			"Ops/sec": 1264.41
			,"Hits/sec": 0.00
			,"Misses/sec": 0.00
			,"Latency": 25.30
			,"KB/sec": 5106.24
			}
		,"Gets":{
			"Ops/sec": 0.00
			,"Hits/sec": 0.00
			,"Misses/sec": 0.00
			,"Latency": 0.00
			,"KB/sec": 0.00
			}
		,"Waits":{
			"Ops/sec": 0.00
			,"Hits/sec": 0.00
			,"Misses/sec": 0.00
			,"Latency": 0.00
			,"KB/sec": 0.00
			}
		,"Totals":{
			"Ops/sec": 1264.41
			,"Hits/sec": 0.00
			,"Misses/sec": 0.00
			,"Latency": 25.30
			,"KB/sec": 5106.24
			}
		,"SET":[
			{
				"<=msec": 3.800
				,"percent": 0.00
				}
			,{
				"<=msec": 3.900
				,"percent": 0.01
				}
			,{
				"<=msec": 4.400
				,"percent": 0.01
				}
			,{
				"<=msec": 4.500
				,"percent": 0.01
				}
			,{
				"<=msec": 4.700
				,"percent": 0.01
				}
			,{
				"<=msec": 4.800
				,"percent": 0.01
				}
			,{
				"<=msec": 4.900
				,"percent": 0.02
				}
			,{
				"<=msec": 5.000
				,"percent": 0.02
				}
			,{
				"<=msec": 5.100
				,"percent": 0.02
				}
			,{
				"<=msec": 5.200
				,"percent": 0.02
				}
			,{
				"<=msec": 5.400
				,"percent": 0.02
				}
			,{
				"<=msec": 6.600
				,"percent": 0.03
				}
			,{
				"<=msec": 7.100
				,"percent": 0.03
				}
			,{
				"<=msec": 7.200
				,"percent": 0.03
				}
			,{
				"<=msec": 7.400
				,"percent": 0.03
				}
			,{
				"<=msec": 7.500
				,"percent": 0.03
				}
			,{
				"<=msec": 7.600
				,"percent": 0.03
				}
			,{
				"<=msec": 8.100
				,"percent": 0.03
				}
			,{
				"<=msec": 9.000
				,"percent": 0.03
				}
			,{
				"<=msec": 9.400
				,"percent": 0.04
				}
			,{
				"<=msec": 9.900
				,"percent": 0.04
				}
			,{
				"<=msec": 10.000
				,"percent": 0.06
				}
			,{
				"<=msec": 11.000
				,"percent": 0.11
				}
			,{
				"<=msec": 12.000
				,"percent": 0.19
				}
			,{
				"<=msec": 13.000
				,"percent": 0.33
				}
			,{
				"<=msec": 14.000
				,"percent": 0.71
				}
			,{
				"<=msec": 15.000
				,"percent": 1.81
				}
			,{
				"<=msec": 16.000
				,"percent": 3.77
				}
			,{
				"<=msec": 17.000
				,"percent": 6.72
				}
			,{
				"<=msec": 18.000
				,"percent": 10.34
				}
			,{
				"<=msec": 19.000
				,"percent": 15.69
				}
			,{
				"<=msec": 20.000
				,"percent": 23.03
				}
			,{
				"<=msec": 21.000
				,"percent": 31.20
				}
			,{
				"<=msec": 22.000
				,"percent": 39.22
				}
			,{
				"<=msec": 23.000
				,"percent": 46.28
				}
			,{
				"<=msec": 24.000
				,"percent": 52.74
				}
			,{
				"<=msec": 25.000
				,"percent": 60.40
				}
			,{
				"<=msec": 26.000
				,"percent": 67.49
				}
			,{
				"<=msec": 27.000
				,"percent": 73.48
				}
			,{
				"<=msec": 28.000
				,"percent": 77.49
				}
			,{
				"<=msec": 29.000
				,"percent": 80.67
				}
			,{
				"<=msec": 30.000
				,"percent": 83.13
				}
			,{
				"<=msec": 31.000
				,"percent": 85.23
				}
			,{
				"<=msec": 32.000
				,"percent": 87.07
				}
			,{
				"<=msec": 33.000
				,"percent": 88.66
				}
			,{
				"<=msec": 34.000
				,"percent": 90.06
				}
			,{
				"<=msec": 35.000
				,"percent": 91.36
				}
			,{
				"<=msec": 36.000
				,"percent": 92.47
				}
			,{
				"<=msec": 37.000
				,"percent": 93.52
				}
			,{
				"<=msec": 38.000
				,"percent": 94.59
				}
			,{
				"<=msec": 39.000
				,"percent": 95.50
				}
			,{
				"<=msec": 40.000
				,"percent": 96.31
				}
			,{
				"<=msec": 41.000
				,"percent": 96.95
				}
			,{
				"<=msec": 42.000
				,"percent": 97.49
				}
			,{
				"<=msec": 43.000
				,"percent": 97.95
				}
			,{
				"<=msec": 44.000
				,"percent": 98.37
				}
			,{
				"<=msec": 45.000
				,"percent": 98.71
				}
			,{
				"<=msec": 46.000
				,"percent": 98.93
				}
			,{
				"<=msec": 47.000
				,"percent": 99.12
				}
			,{
				"<=msec": 48.000
				,"percent": 99.31
				}
			,{
				"<=msec": 49.000
				,"percent": 99.45
				}
			,{
				"<=msec": 50.000
				,"percent": 99.55
				}
			,{
				"<=msec": 51.000
				,"percent": 99.61
				}
			,{
				"<=msec": 52.000
				,"percent": 99.65
				}
			,{
				"<=msec": 53.000
				,"percent": 99.73
				}
			,{
				"<=msec": 54.000
				,"percent": 99.79
				}
			,{
				"<=msec": 55.000
				,"percent": 99.82
				}
			,{
				"<=msec": 56.000
				,"percent": 99.85
				}
			,{
				"<=msec": 57.000
				,"percent": 99.86
				}
			,{
				"<=msec": 58.000
				,"percent": 99.88
				}
			,{
				"<=msec": 59.000
				,"percent": 99.89
				}
			,{
				"<=msec": 60.000
				,"percent": 99.91
				}
			,{
				"<=msec": 61.000
				,"percent": 99.92
				}
			,{
				"<=msec": 62.000
				,"percent": 99.93
				}
			,{
				"<=msec": 63.000
				,"percent": 99.93
				}
			,{
				"<=msec": 64.000
				,"percent": 99.94
				}
			,{
				"<=msec": 65.000
				,"percent": 99.94
				}
			,{
				"<=msec": 66.000
				,"percent": 99.95
				}
			,{
				"<=msec": 67.000
				,"percent": 99.95
				}
			,{
				"<=msec": 68.000
				,"percent": 99.96
				}
			,{
				"<=msec": 73.000
				,"percent": 99.96
				}
			,{
				"<=msec": 130.000
				,"percent": 99.97
				}
			,{
				"<=msec": 140.000
				,"percent": 99.98
				}
			,{
				"<=msec": 150.000
				,"percent": 99.98
				}
			,{
				"<=msec": 160.000
				,"percent": 99.99
				}
			,{
				"<=msec": 190.000
				,"percent": 99.99
				}
			,{
				"<=msec": 200.000
				,"percent": 100.00
				}
			,{
				"<=msec": 210.000
				,"percent": 100.00
				}
			]
		,"GET":[
		]
		,"WAIT":[
		]
		}
	}
