{
	"configuration":{
		"server": "10.0.0.4"
		,"port": 11212
		,"unix socket": "(null)"
		,"protocol": "memcache_text"
		,"out_file": "(null)"
		,"client_stats": "(null)"
		,"run_count": 1
		,"debug": 0
		,"requests": 0
		,"clients": 32
		,"threads": 1
		,"test_time": 60
		,"ratio": "1:0"
		,"pipeline": 1
		,"data_size": 4096
		,"data_offset": 0
		,"random_data": "false"
		,"data_size_range": "0:0"
		,"data_size_list": ""
		,"data_size_pattern": "R"
		,"expiry_range": "9999:10000"
		,"data_import": "(null)"
		,"data_verify": "false"
		,"verify_only": "false"
		,"generate_keys": "false"
		,"key_prefix": "memtier-"
		,"key_minimum":           0
		,"key_maximum":        1000
		,"key_pattern": "R:R"
		,"key_stddev": 0.000000
		,"key_median": 0.000000
		,"reconnect_interval": 0
		,"multi_key_get": 0
		,"authenticate": ""
		,"select-db": 0
		,"no-expiry": "false"
		,"wait-ratio": "0:0"
		,"num-slaves": "0:0"
		,"wait-timeout": "0-0"
		}
	,"run information":{
		"Threads": 1
		,"Connections per thread": 32
		,"Seconds": 60
		}
	,"ALL STATS":{
		"Sets":{
			"Ops/sec": 1218.83
			,"Hits/sec": 0.00
			,"Misses/sec": 0.00
			,"Latency": 26.25
			,"KB/sec": 4922.21
			}
		,"Gets":{
			"Ops/sec": 0.00
			,"Hits/sec": 0.00
			,"Misses/sec": 0.00
			,"Latency": 0.00
			,"KB/sec": 0.00
			}
		,"Waits":{
			"Ops/sec": 0.00
			,"Hits/sec": 0.00
			,"Misses/sec": 0.00
			,"Latency": 0.00
			,"KB/sec": 0.00
			}
		,"Totals":{
			"Ops/sec": 1218.83
			,"Hits/sec": 0.00
			,"Misses/sec": 0.00
			,"Latency": 26.25
			,"KB/sec": 4922.21
			}
		,"SET":[
			{
				"<=msec": 2.100
				,"percent": 0.00
				}
			,{
				"<=msec": 3.500
				,"percent": 0.00
				}
			,{
				"<=msec": 3.600
				,"percent": 0.01
				}
			,{
				"<=msec": 3.700
				,"percent": 0.01
				}
			,{
				"<=msec": 3.800
				,"percent": 0.01
				}
			,{
				"<=msec": 3.900
				,"percent": 0.01
				}
			,{
				"<=msec": 4.000
				,"percent": 0.02
				}
			,{
				"<=msec": 4.100
				,"percent": 0.02
				}
			,{
				"<=msec": 4.200
				,"percent": 0.03
				}
			,{
				"<=msec": 4.400
				,"percent": 0.03
				}
			,{
				"<=msec": 4.500
				,"percent": 0.04
				}
			,{
				"<=msec": 4.600
				,"percent": 0.04
				}
			,{
				"<=msec": 4.700
				,"percent": 0.05
				}
			,{
				"<=msec": 4.800
				,"percent": 0.05
				}
			,{
				"<=msec": 4.900
				,"percent": 0.06
				}
			,{
				"<=msec": 5.000
				,"percent": 0.06
				}
			,{
				"<=msec": 5.100
				,"percent": 0.06
				}
			,{
				"<=msec": 5.200
				,"percent": 0.07
				}
			,{
				"<=msec": 5.300
				,"percent": 0.07
				}
			,{
				"<=msec": 5.400
				,"percent": 0.08
				}
			,{
				"<=msec": 5.500
				,"percent": 0.08
				}
			,{
				"<=msec": 5.600
				,"percent": 0.08
				}
			,{
				"<=msec": 5.700
				,"percent": 0.08
				}
			,{
				"<=msec": 5.800
				,"percent": 0.09
				}
			,{
				"<=msec": 5.900
				,"percent": 0.09
				}
			,{
				"<=msec": 6.000
				,"percent": 0.10
				}
			,{
				"<=msec": 6.100
				,"percent": 0.10
				}
			,{
				"<=msec": 6.200
				,"percent": 0.10
				}
			,{
				"<=msec": 6.500
				,"percent": 0.11
				}
			,{
				"<=msec": 6.600
				,"percent": 0.11
				}
			,{
				"<=msec": 6.700
				,"percent": 0.11
				}
			,{
				"<=msec": 7.200
				,"percent": 0.12
				}
			,{
				"<=msec": 7.300
				,"percent": 0.12
				}
			,{
				"<=msec": 7.500
				,"percent": 0.12
				}
			,{
				"<=msec": 7.600
				,"percent": 0.13
				}
			,{
				"<=msec": 7.700
				,"percent": 0.14
				}
			,{
				"<=msec": 7.800
				,"percent": 0.14
				}
			,{
				"<=msec": 7.900
				,"percent": 0.14
				}
			,{
				"<=msec": 8.000
				,"percent": 0.14
				}
			,{
				"<=msec": 8.100
				,"percent": 0.15
				}
			,{
				"<=msec": 8.200
				,"percent": 0.16
				}
			,{
				"<=msec": 8.300
				,"percent": 0.16
				}
			,{
				"<=msec": 8.400
				,"percent": 0.16
				}
			,{
				"<=msec": 8.500
				,"percent": 0.17
				}
			,{
				"<=msec": 8.600
				,"percent": 0.17
				}
			,{
				"<=msec": 8.700
				,"percent": 0.17
				}
			,{
				"<=msec": 8.800
				,"percent": 0.18
				}
			,{
				"<=msec": 8.900
				,"percent": 0.18
				}
			,{
				"<=msec": 9.100
				,"percent": 0.18
				}
			,{
				"<=msec": 9.200
				,"percent": 0.18
				}
			,{
				"<=msec": 10.000
				,"percent": 0.20
				}
			,{
				"<=msec": 11.000
				,"percent": 0.22
				}
			,{
				"<=msec": 12.000
				,"percent": 0.24
				}
			,{
				"<=msec": 13.000
				,"percent": 0.30
				}
			,{
				"<=msec": 14.000
				,"percent": 0.60
				}
			,{
				"<=msec": 15.000
				,"percent": 1.42
				}
			,{
				"<=msec": 16.000
				,"percent": 2.99
				}
			,{
				"<=msec": 17.000
				,"percent": 5.33
				}
			,{
				"<=msec": 18.000
				,"percent": 8.43
				}
			,{
				"<=msec": 19.000
				,"percent": 12.88
				}
			,{
				"<=msec": 20.000
				,"percent": 18.81
				}
			,{
				"<=msec": 21.000
				,"percent": 25.72
				}
			,{
				"<=msec": 22.000
				,"percent": 33.12
				}
			,{
				"<=msec": 23.000
				,"percent": 39.82
				}
			,{
				"<=msec": 24.000
				,"percent": 45.98
				}
			,{
				"<=msec": 25.000
				,"percent": 52.51
				}
			,{
				"<=msec": 26.000
				,"percent": 59.87
				}
			,{
				"<=msec": 27.000
				,"percent": 66.71
				}
			,{
				"<=msec": 28.000
				,"percent": 72.30
				}
			,{
				"<=msec": 29.000
				,"percent": 76.61
				}
			,{
				"<=msec": 30.000
				,"percent": 79.78
				}
			,{
				"<=msec": 31.000
				,"percent": 82.27
				}
			,{
				"<=msec": 32.000
				,"percent": 84.42
				}
			,{
				"<=msec": 33.000
				,"percent": 86.39
				}
			,{
				"<=msec": 34.000
				,"percent": 88.11
				}
			,{
				"<=msec": 35.000
				,"percent": 89.72
				}
			,{
				"<=msec": 36.000
				,"percent": 91.17
				}
			,{
				"<=msec": 37.000
				,"percent": 92.37
				}
			,{
				"<=msec": 38.000
				,"percent": 93.43
				}
			,{
				"<=msec": 39.000
				,"percent": 94.31
				}
			,{
				"<=msec": 40.000
				,"percent": 95.04
				}
			,{
				"<=msec": 41.000
				,"percent": 95.78
				}
			,{
				"<=msec": 42.000
				,"percent": 96.51
				}
			,{
				"<=msec": 43.000
				,"percent": 97.13
				}
			,{
				"<=msec": 44.000
				,"percent": 97.62
				}
			,{
				"<=msec": 45.000
				,"percent": 98.11
				}
			,{
				"<=msec": 46.000
				,"percent": 98.46
				}
			,{
				"<=msec": 47.000
				,"percent": 98.70
				}
			,{
				"<=msec": 48.000
				,"percent": 98.90
				}
			,{
				"<=msec": 49.000
				,"percent": 99.07
				}
			,{
				"<=msec": 50.000
				,"percent": 99.21
				}
			,{
				"<=msec": 51.000
				,"percent": 99.37
				}
			,{
				"<=msec": 52.000
				,"percent": 99.48
				}
			,{
				"<=msec": 53.000
				,"percent": 99.57
				}
			,{
				"<=msec": 54.000
				,"percent": 99.65
				}
			,{
				"<=msec": 55.000
				,"percent": 99.69
				}
			,{
				"<=msec": 56.000
				,"percent": 99.73
				}
			,{
				"<=msec": 57.000
				,"percent": 99.75
				}
			,{
				"<=msec": 58.000
				,"percent": 99.78
				}
			,{
				"<=msec": 59.000
				,"percent": 99.82
				}
			,{
				"<=msec": 60.000
				,"percent": 99.85
				}
			,{
				"<=msec": 61.000
				,"percent": 99.86
				}
			,{
				"<=msec": 62.000
				,"percent": 99.88
				}
			,{
				"<=msec": 63.000
				,"percent": 99.89
				}
			,{
				"<=msec": 64.000
				,"percent": 99.90
				}
			,{
				"<=msec": 65.000
				,"percent": 99.92
				}
			,{
				"<=msec": 66.000
				,"percent": 99.93
				}
			,{
				"<=msec": 67.000
				,"percent": 99.94
				}
			,{
				"<=msec": 68.000
				,"percent": 99.94
				}
			,{
				"<=msec": 69.000
				,"percent": 99.94
				}
			,{
				"<=msec": 70.000
				,"percent": 99.95
				}
			,{
				"<=msec": 71.000
				,"percent": 99.95
				}
			,{
				"<=msec": 75.000
				,"percent": 99.96
				}
			,{
				"<=msec": 100.000
				,"percent": 99.96
				}
			,{
				"<=msec": 110.000
				,"percent": 99.98
				}
			,{
				"<=msec": 120.000
				,"percent": 99.99
				}
			,{
				"<=msec": 130.000
				,"percent": 99.99
				}
			,{
				"<=msec": 140.000
				,"percent": 100.00
				}
			,{
				"<=msec": 150.000
				,"percent": 100.00
				}
			]
		,"GET":[
		]
		,"WAIT":[
		]
		}
	}
