{
	"configuration":{
		"server": "10.0.0.4"
		,"port": 11212
		,"unix socket": "(null)"
		,"protocol": "memcache_text"
		,"out_file": "(null)"
		,"client_stats": "(null)"
		,"run_count": 1
		,"debug": 0
		,"requests": 0
		,"clients": 32
		,"threads": 2
		,"test_time": 60
		,"ratio": "1:0"
		,"pipeline": 1
		,"data_size": 4096
		,"data_offset": 0
		,"random_data": "false"
		,"data_size_range": "0:0"
		,"data_size_list": ""
		,"data_size_pattern": "R"
		,"expiry_range": "9999:10000"
		,"data_import": "(null)"
		,"data_verify": "false"
		,"verify_only": "false"
		,"generate_keys": "false"
		,"key_prefix": "memtier-"
		,"key_minimum":           0
		,"key_maximum":        1000
		,"key_pattern": "R:R"
		,"key_stddev": 0.000000
		,"key_median": 0.000000
		,"reconnect_interval": 0
		,"multi_key_get": 0
		,"authenticate": ""
		,"select-db": 0
		,"no-expiry": "false"
		,"wait-ratio": "0:0"
		,"num-slaves": "0:0"
		,"wait-timeout": "0-0"
		}
	,"run information":{
		"Threads": 2
		,"Connections per thread": 32
		,"Seconds": 60
		}
	,"ALL STATS":{
		"Sets":{
			"Ops/sec": 1223.61
			,"Hits/sec": 0.00
			,"Misses/sec": 0.00
			,"Latency": 52.30
			,"KB/sec": 4941.46
			}
		,"Gets":{
			"Ops/sec": 0.00
			,"Hits/sec": 0.00
			,"Misses/sec": 0.00
			,"Latency": 0.00
			,"KB/sec": 0.00
			}
		,"Waits":{
			"Ops/sec": 0.00
			,"Hits/sec": 0.00
			,"Misses/sec": 0.00
			,"Latency": 0.00
			,"KB/sec": 0.00
			}
		,"Totals":{
			"Ops/sec": 1223.61
			,"Hits/sec": 0.00
			,"Misses/sec": 0.00
			,"Latency": 52.30
			,"KB/sec": 4941.46
			}
		,"SET":[
			{
				"<=msec": 26.000
				,"percent": 0.00
				}
			,{
				"<=msec": 27.000
				,"percent": 0.00
				}
			,{
				"<=msec": 28.000
				,"percent": 0.02
				}
			,{
				"<=msec": 29.000
				,"percent": 0.02
				}
			,{
				"<=msec": 30.000
				,"percent": 0.06
				}
			,{
				"<=msec": 31.000
				,"percent": 0.14
				}
			,{
				"<=msec": 32.000
				,"percent": 0.25
				}
			,{
				"<=msec": 33.000
				,"percent": 0.39
				}
			,{
				"<=msec": 34.000
				,"percent": 0.61
				}
			,{
				"<=msec": 35.000
				,"percent": 0.90
				}
			,{
				"<=msec": 36.000
				,"percent": 1.47
				}
			,{
				"<=msec": 37.000
				,"percent": 2.27
				}
			,{
				"<=msec": 38.000
				,"percent": 3.33
				}
			,{
				"<=msec": 39.000
				,"percent": 4.83
				}
			,{
				"<=msec": 40.000
				,"percent": 6.74
				}
			,{
				"<=msec": 41.000
				,"percent": 8.95
				}
			,{
				"<=msec": 42.000
				,"percent": 11.78
				}
			,{
				"<=msec": 43.000
				,"percent": 15.68
				}
			,{
				"<=msec": 44.000
				,"percent": 20.66
				}
			,{
				"<=msec": 45.000
				,"percent": 25.94
				}
			,{
				"<=msec": 46.000
				,"percent": 32.02
				}
			,{
				"<=msec": 47.000
				,"percent": 38.04
				}
			,{
				"<=msec": 48.000
				,"percent": 43.15
				}
			,{
				"<=msec": 49.000
				,"percent": 47.99
				}
			,{
				"<=msec": 50.000
				,"percent": 52.79
				}
			,{
				"<=msec": 51.000
				,"percent": 57.71
				}
			,{
				"<=msec": 52.000
				,"percent": 62.38
				}
			,{
				"<=msec": 53.000
				,"percent": 65.75
				}
			,{
				"<=msec": 54.000
				,"percent": 68.63
				}
			,{
				"<=msec": 55.000
				,"percent": 71.47
				}
			,{
				"<=msec": 56.000
				,"percent": 73.68
				}
			,{
				"<=msec": 57.000
				,"percent": 75.77
				}
			,{
				"<=msec": 58.000
				,"percent": 77.72
				}
			,{
				"<=msec": 59.000
				,"percent": 79.56
				}
			,{
				"<=msec": 60.000
				,"percent": 81.25
				}
			,{
				"<=msec": 61.000
				,"percent": 83.01
				}
			,{
				"<=msec": 62.000
				,"percent": 84.73
				}
			,{
				"<=msec": 63.000
				,"percent": 86.21
				}
			,{
				"<=msec": 64.000
				,"percent": 87.47
				}
			,{
				"<=msec": 65.000
				,"percent": 88.85
				}
			,{
				"<=msec": 66.000
				,"percent": 90.16
				}
			,{
				"<=msec": 67.000
				,"percent": 91.48
				}
			,{
				"<=msec": 68.000
				,"percent": 92.70
				}
			,{
				"<=msec": 69.000
				,"percent": 93.76
				}
			,{
				"<=msec": 70.000
				,"percent": 94.67
				}
			,{
				"<=msec": 71.000
				,"percent": 95.54
				}
			,{
				"<=msec": 72.000
				,"percent": 96.28
				}
			,{
				"<=msec": 73.000
				,"percent": 96.86
				}
			,{
				"<=msec": 74.000
				,"percent": 97.39
				}
			,{
				"<=msec": 75.000
				,"percent": 97.81
				}
			,{
				"<=msec": 76.000
				,"percent": 98.20
				}
			,{
				"<=msec": 77.000
				,"percent": 98.43
				}
			,{
				"<=msec": 78.000
				,"percent": 98.60
				}
			,{
				"<=msec": 79.000
				,"percent": 98.79
				}
			,{
				"<=msec": 80.000
				,"percent": 98.94
				}
			,{
				"<=msec": 81.000
				,"percent": 99.07
				}
			,{
				"<=msec": 82.000
				,"percent": 99.17
				}
			,{
				"<=msec": 83.000
				,"percent": 99.29
				}
			,{
				"<=msec": 84.000
				,"percent": 99.40
				}
			,{
				"<=msec": 85.000
				,"percent": 99.49
				}
			,{
				"<=msec": 86.000
				,"percent": 99.56
				}
			,{
				"<=msec": 87.000
				,"percent": 99.65
				}
			,{
				"<=msec": 88.000
				,"percent": 99.75
				}
			,{
				"<=msec": 89.000
				,"percent": 99.81
				}
			,{
				"<=msec": 90.000
				,"percent": 99.84
				}
			,{
				"<=msec": 91.000
				,"percent": 99.86
				}
			,{
				"<=msec": 92.000
				,"percent": 99.88
				}
			,{
				"<=msec": 93.000
				,"percent": 99.89
				}
			,{
				"<=msec": 94.000
				,"percent": 99.90
				}
			,{
				"<=msec": 95.000
				,"percent": 99.90
				}
			,{
				"<=msec": 96.000
				,"percent": 99.91
				}
			,{
				"<=msec": 97.000
				,"percent": 99.91
				}
			,{
				"<=msec": 98.000
				,"percent": 99.91
				}
			,{
				"<=msec": 340.000
				,"percent": 99.92
				}
			,{
				"<=msec": 370.000
				,"percent": 99.93
				}
			,{
				"<=msec": 380.000
				,"percent": 99.94
				}
			,{
				"<=msec": 390.000
				,"percent": 99.96
				}
			,{
				"<=msec": 400.000
				,"percent": 99.98
				}
			,{
				"<=msec": 420.000
				,"percent": 99.98
				}
			,{
				"<=msec": 430.000
				,"percent": 99.99
				}
			,{
				"<=msec": 440.000
				,"percent": 100.00
				}
			]
		,"GET":[
		]
		,"WAIT":[
		]
		}
	}
