{
	"configuration":{
		"server": "10.0.0.4"
		,"port": 11212
		,"unix socket": "(null)"
		,"protocol": "memcache_text"
		,"out_file": "(null)"
		,"client_stats": "(null)"
		,"run_count": 1
		,"debug": 0
		,"requests": 0
		,"clients": 32
		,"threads": 1
		,"test_time": 60
		,"ratio": "0:1"
		,"pipeline": 1
		,"data_size": 4096
		,"data_offset": 0
		,"random_data": "false"
		,"data_size_range": "0:0"
		,"data_size_list": ""
		,"data_size_pattern": "R"
		,"expiry_range": "9999:10000"
		,"data_import": "(null)"
		,"data_verify": "false"
		,"verify_only": "false"
		,"generate_keys": "false"
		,"key_prefix": "memtier-"
		,"key_minimum":           0
		,"key_maximum":        1000
		,"key_pattern": "R:R"
		,"key_stddev": 0.000000
		,"key_median": 0.000000
		,"reconnect_interval": 0
		,"multi_key_get": 0
		,"authenticate": ""
		,"select-db": 0
		,"no-expiry": "false"
		,"wait-ratio": "0:0"
		,"num-slaves": "0:0"
		,"wait-timeout": "0-0"
		}
	,"run information":{
		"Threads": 1
		,"Connections per thread": 32
		,"Seconds": 60
		}
	,"ALL STATS":{
		"Sets":{
			"Ops/sec": 0.00
			,"Hits/sec": 0.00
			,"Misses/sec": 0.00
			,"Latency": 0.00
			,"KB/sec": 0.00
			}
		,"Gets":{
			"Ops/sec": 1534.93
			,"Hits/sec": 1513.49
			,"Misses/sec": 21.45
			,"Latency": 20.84
			,"KB/sec": 6127.96
			}
		,"Waits":{
			"Ops/sec": 0.00
			,"Hits/sec": 0.00
			,"Misses/sec": 0.00
			,"Latency": 0.00
			,"KB/sec": 0.00
			}
		,"Totals":{
			"Ops/sec": 1534.93
			,"Hits/sec": 1513.49
			,"Misses/sec": 21.45
			,"Latency": 20.84
			,"KB/sec": 6127.96
			}
		,"SET":[
		]
		,"GET":[
			{
				"<=msec": 1.800
				,"percent": 0.00
				}
			,{
				"<=msec": 2.100
				,"percent": 0.00
				}
			,{
				"<=msec": 2.200
				,"percent": 0.01
				}
			,{
				"<=msec": 2.300
				,"percent": 0.01
				}
			,{
				"<=msec": 2.400
				,"percent": 0.01
				}
			,{
				"<=msec": 2.500
				,"percent": 0.02
				}
			,{
				"<=msec": 2.600
				,"percent": 0.03
				}
			,{
				"<=msec": 2.700
				,"percent": 0.04
				}
			,{
				"<=msec": 2.800
				,"percent": 0.05
				}
			,{
				"<=msec": 2.900
				,"percent": 0.06
				}
			,{
				"<=msec": 3.000
				,"percent": 0.08
				}
			,{
				"<=msec": 3.100
				,"percent": 0.10
				}
			,{
				"<=msec": 3.200
				,"percent": 0.13
				}
			,{
				"<=msec": 3.300
				,"percent": 0.16
				}
			,{
				"<=msec": 3.400
				,"percent": 0.19
				}
			,{
				"<=msec": 3.500
				,"percent": 0.21
				}
			,{
				"<=msec": 3.600
				,"percent": 0.24
				}
			,{
				"<=msec": 3.700
				,"percent": 0.28
				}
			,{
				"<=msec": 3.800
				,"percent": 0.32
				}
			,{
				"<=msec": 3.900
				,"percent": 0.37
				}
			,{
				"<=msec": 4.000
				,"percent": 0.43
				}
			,{
				"<=msec": 4.100
				,"percent": 0.47
				}
			,{
				"<=msec": 4.200
				,"percent": 0.51
				}
			,{
				"<=msec": 4.300
				,"percent": 0.56
				}
			,{
				"<=msec": 4.400
				,"percent": 0.62
				}
			,{
				"<=msec": 4.500
				,"percent": 0.67
				}
			,{
				"<=msec": 4.600
				,"percent": 0.73
				}
			,{
				"<=msec": 4.700
				,"percent": 0.79
				}
			,{
				"<=msec": 4.800
				,"percent": 0.85
				}
			,{
				"<=msec": 4.900
				,"percent": 0.92
				}
			,{
				"<=msec": 5.000
				,"percent": 0.99
				}
			,{
				"<=msec": 5.100
				,"percent": 1.06
				}
			,{
				"<=msec": 5.200
				,"percent": 1.14
				}
			,{
				"<=msec": 5.300
				,"percent": 1.22
				}
			,{
				"<=msec": 5.400
				,"percent": 1.29
				}
			,{
				"<=msec": 5.500
				,"percent": 1.35
				}
			,{
				"<=msec": 5.600
				,"percent": 1.42
				}
			,{
				"<=msec": 5.700
				,"percent": 1.49
				}
			,{
				"<=msec": 5.800
				,"percent": 1.56
				}
			,{
				"<=msec": 5.900
				,"percent": 1.63
				}
			,{
				"<=msec": 6.000
				,"percent": 1.69
				}
			,{
				"<=msec": 6.100
				,"percent": 1.76
				}
			,{
				"<=msec": 6.200
				,"percent": 1.85
				}
			,{
				"<=msec": 6.300
				,"percent": 1.92
				}
			,{
				"<=msec": 6.400
				,"percent": 2.01
				}
			,{
				"<=msec": 6.500
				,"percent": 2.10
				}
			,{
				"<=msec": 6.600
				,"percent": 2.19
				}
			,{
				"<=msec": 6.700
				,"percent": 2.28
				}
			,{
				"<=msec": 6.800
				,"percent": 2.36
				}
			,{
				"<=msec": 6.900
				,"percent": 2.44
				}
			,{
				"<=msec": 7.000
				,"percent": 2.53
				}
			,{
				"<=msec": 7.100
				,"percent": 2.62
				}
			,{
				"<=msec": 7.200
				,"percent": 2.71
				}
			,{
				"<=msec": 7.300
				,"percent": 2.79
				}
			,{
				"<=msec": 7.400
				,"percent": 2.87
				}
			,{
				"<=msec": 7.500
				,"percent": 2.96
				}
			,{
				"<=msec": 7.600
				,"percent": 3.04
				}
			,{
				"<=msec": 7.700
				,"percent": 3.10
				}
			,{
				"<=msec": 7.800
				,"percent": 3.17
				}
			,{
				"<=msec": 7.900
				,"percent": 3.27
				}
			,{
				"<=msec": 8.000
				,"percent": 3.33
				}
			,{
				"<=msec": 8.100
				,"percent": 3.42
				}
			,{
				"<=msec": 8.200
				,"percent": 3.50
				}
			,{
				"<=msec": 8.300
				,"percent": 3.59
				}
			,{
				"<=msec": 8.400
				,"percent": 3.67
				}
			,{
				"<=msec": 8.500
				,"percent": 3.74
				}
			,{
				"<=msec": 8.600
				,"percent": 3.81
				}
			,{
				"<=msec": 8.700
				,"percent": 3.87
				}
			,{
				"<=msec": 8.800
				,"percent": 3.92
				}
			,{
				"<=msec": 8.900
				,"percent": 3.99
				}
			,{
				"<=msec": 9.000
				,"percent": 4.05
				}
			,{
				"<=msec": 9.100
				,"percent": 4.10
				}
			,{
				"<=msec": 9.200
				,"percent": 4.18
				}
			,{
				"<=msec": 9.300
				,"percent": 4.25
				}
			,{
				"<=msec": 9.400
				,"percent": 4.32
				}
			,{
				"<=msec": 9.500
				,"percent": 4.40
				}
			,{
				"<=msec": 9.600
				,"percent": 4.46
				}
			,{
				"<=msec": 9.700
				,"percent": 4.54
				}
			,{
				"<=msec": 9.800
				,"percent": 4.63
				}
			,{
				"<=msec": 9.900
				,"percent": 4.73
				}
			,{
				"<=msec": 10.000
				,"percent": 5.19
				}
			,{
				"<=msec": 11.000
				,"percent": 6.21
				}
			,{
				"<=msec": 12.000
				,"percent": 7.79
				}
			,{
				"<=msec": 13.000
				,"percent": 9.97
				}
			,{
				"<=msec": 14.000
				,"percent": 13.77
				}
			,{
				"<=msec": 15.000
				,"percent": 23.69
				}
			,{
				"<=msec": 16.000
				,"percent": 45.49
				}
			,{
				"<=msec": 17.000
				,"percent": 53.95
				}
			,{
				"<=msec": 18.000
				,"percent": 59.27
				}
			,{
				"<=msec": 19.000
				,"percent": 62.33
				}
			,{
				"<=msec": 20.000
				,"percent": 64.14
				}
			,{
				"<=msec": 21.000
				,"percent": 66.52
				}
			,{
				"<=msec": 22.000
				,"percent": 67.89
				}
			,{
				"<=msec": 23.000
				,"percent": 69.02
				}
			,{
				"<=msec": 24.000
				,"percent": 70.32
				}
			,{
				"<=msec": 25.000
				,"percent": 72.47
				}
			,{
				"<=msec": 26.000
				,"percent": 74.60
				}
			,{
				"<=msec": 27.000
				,"percent": 76.27
				}
			,{
				"<=msec": 28.000
				,"percent": 79.41
				}
			,{
				"<=msec": 29.000
				,"percent": 82.65
				}
			,{
				"<=msec": 30.000
				,"percent": 85.92
				}
			,{
				"<=msec": 31.000
				,"percent": 92.05
				}
			,{
				"<=msec": 32.000
				,"percent": 93.68
				}
			,{
				"<=msec": 33.000
				,"percent": 94.24
				}
			,{
				"<=msec": 34.000
				,"percent": 94.74
				}
			,{
				"<=msec": 35.000
				,"percent": 95.06
				}
			,{
				"<=msec": 36.000
				,"percent": 95.36
				}
			,{
				"<=msec": 37.000
				,"percent": 95.65
				}
			,{
				"<=msec": 38.000
				,"percent": 95.79
				}
			,{
				"<=msec": 39.000
				,"percent": 95.89
				}
			,{
				"<=msec": 40.000
				,"percent": 96.02
				}
			,{
				"<=msec": 41.000
				,"percent": 96.18
				}
			,{
				"<=msec": 42.000
				,"percent": 96.36
				}
			,{
				"<=msec": 43.000
				,"percent": 96.61
				}
			,{
				"<=msec": 44.000
				,"percent": 96.96
				}
			,{
				"<=msec": 45.000
				,"percent": 97.37
				}
			,{
				"<=msec": 46.000
				,"percent": 97.96
				}
			,{
				"<=msec": 47.000
				,"percent": 98.60
				}
			,{
				"<=msec": 48.000
				,"percent": 98.70
				}
			,{
				"<=msec": 49.000
				,"percent": 98.77
				}
			,{
				"<=msec": 50.000
				,"percent": 98.83
				}
			,{
				"<=msec": 51.000
				,"percent": 98.86
				}
			,{
				"<=msec": 52.000
				,"percent": 98.92
				}
			,{
				"<=msec": 53.000
				,"percent": 98.95
				}
			,{
				"<=msec": 54.000
				,"percent": 98.97
				}
			,{
				"<=msec": 55.000
				,"percent": 99.00
				}
			,{
				"<=msec": 56.000
				,"percent": 99.02
				}
			,{
				"<=msec": 57.000
				,"percent": 99.06
				}
			,{
				"<=msec": 58.000
				,"percent": 99.10
				}
			,{
				"<=msec": 59.000
				,"percent": 99.16
				}
			,{
				"<=msec": 60.000
				,"percent": 99.24
				}
			,{
				"<=msec": 61.000
				,"percent": 99.34
				}
			,{
				"<=msec": 62.000
				,"percent": 99.48
				}
			,{
				"<=msec": 63.000
				,"percent": 99.53
				}
			,{
				"<=msec": 64.000
				,"percent": 99.55
				}
			,{
				"<=msec": 65.000
				,"percent": 99.57
				}
			,{
				"<=msec": 66.000
				,"percent": 99.59
				}
			,{
				"<=msec": 67.000
				,"percent": 99.60
				}
			,{
				"<=msec": 68.000
				,"percent": 99.62
				}
			,{
				"<=msec": 69.000
				,"percent": 99.63
				}
			,{
				"<=msec": 70.000
				,"percent": 99.63
				}
			,{
				"<=msec": 71.000
				,"percent": 99.64
				}
			,{
				"<=msec": 72.000
				,"percent": 99.65
				}
			,{
				"<=msec": 73.000
				,"percent": 99.66
				}
			,{
				"<=msec": 74.000
				,"percent": 99.68
				}
			,{
				"<=msec": 75.000
				,"percent": 99.69
				}
			,{
				"<=msec": 76.000
				,"percent": 99.72
				}
			,{
				"<=msec": 77.000
				,"percent": 99.76
				}
			,{
				"<=msec": 78.000
				,"percent": 99.81
				}
			,{
				"<=msec": 79.000
				,"percent": 99.82
				}
			,{
				"<=msec": 80.000
				,"percent": 99.82
				}
			,{
				"<=msec": 81.000
				,"percent": 99.82
				}
			,{
				"<=msec": 82.000
				,"percent": 99.83
				}
			,{
				"<=msec": 83.000
				,"percent": 99.83
				}
			,{
				"<=msec": 84.000
				,"percent": 99.84
				}
			,{
				"<=msec": 85.000
				,"percent": 99.84
				}
			,{
				"<=msec": 86.000
				,"percent": 99.85
				}
			,{
				"<=msec": 87.000
				,"percent": 99.85
				}
			,{
				"<=msec": 88.000
				,"percent": 99.86
				}
			,{
				"<=msec": 89.000
				,"percent": 99.86
				}
			,{
				"<=msec": 90.000
				,"percent": 99.87
				}
			,{
				"<=msec": 91.000
				,"percent": 99.88
				}
			,{
				"<=msec": 92.000
				,"percent": 99.89
				}
			,{
				"<=msec": 93.000
				,"percent": 99.90
				}
			,{
				"<=msec": 94.000
				,"percent": 99.91
				}
			,{
				"<=msec": 96.000
				,"percent": 99.91
				}
			,{
				"<=msec": 97.000
				,"percent": 99.91
				}
			,{
				"<=msec": 98.000
				,"percent": 99.92
				}
			,{
				"<=msec": 99.000
				,"percent": 99.92
				}
			,{
				"<=msec": 100.000
				,"percent": 99.93
				}
			,{
				"<=msec": 110.000
				,"percent": 99.96
				}
			,{
				"<=msec": 120.000
				,"percent": 99.98
				}
			,{
				"<=msec": 130.000
				,"percent": 99.99
				}
			,{
				"<=msec": 140.000
				,"percent": 99.99
				}
			,{
				"<=msec": 150.000
				,"percent": 100.00
				}
			,{
				"<=msec": 160.000
				,"percent": 100.00
				}
			,{
				"<=msec": 170.000
				,"percent": 100.00
				}
			]
		,"WAIT":[
		]
		}
	}
