{
	"configuration":{
		"server": "10.0.0.4"
		,"port": 11212
		,"unix socket": "(null)"
		,"protocol": "memcache_text"
		,"out_file": "(null)"
		,"client_stats": "(null)"
		,"run_count": 1
		,"debug": 0
		,"requests": 0
		,"clients": 32
		,"threads": 1
		,"test_time": 60
		,"ratio": "0:1"
		,"pipeline": 1
		,"data_size": 4096
		,"data_offset": 0
		,"random_data": "false"
		,"data_size_range": "0:0"
		,"data_size_list": ""
		,"data_size_pattern": "R"
		,"expiry_range": "9999:10000"
		,"data_import": "(null)"
		,"data_verify": "false"
		,"verify_only": "false"
		,"generate_keys": "false"
		,"key_prefix": "memtier-"
		,"key_minimum":           0
		,"key_maximum":        1000
		,"key_pattern": "R:R"
		,"key_stddev": 0.000000
		,"key_median": 0.000000
		,"reconnect_interval": 0
		,"multi_key_get": 0
		,"authenticate": ""
		,"select-db": 0
		,"no-expiry": "false"
		,"wait-ratio": "0:0"
		,"num-slaves": "0:0"
		,"wait-timeout": "0-0"
		}
	,"run information":{
		"Threads": 1
		,"Connections per thread": 32
		,"Seconds": 60
		}
	,"ALL STATS":{
		"Sets":{
			"Ops/sec": 0.00
			,"Hits/sec": 0.00
			,"Misses/sec": 0.00
			,"Latency": 0.00
			,"KB/sec": 0.00
			}
		,"Gets":{
			"Ops/sec": 1710.11
			,"Hits/sec": 1686.39
			,"Misses/sec": 23.71
			,"Latency": 18.70
			,"KB/sec": 6828.04
			}
		,"Waits":{
			"Ops/sec": 0.00
			,"Hits/sec": 0.00
			,"Misses/sec": 0.00
			,"Latency": 0.00
			,"KB/sec": 0.00
			}
		,"Totals":{
			"Ops/sec": 1710.11
			,"Hits/sec": 1686.39
			,"Misses/sec": 23.71
			,"Latency": 18.70
			,"KB/sec": 6828.04
			}
		,"SET":[
		]
		,"GET":[
			{
				"<=msec": 0.850
				,"percent": 0.00
				}
			,{
				"<=msec": 0.970
				,"percent": 0.00
				}
			,{
				"<=msec": 1.000
				,"percent": 0.00
				}
			,{
				"<=msec": 1.100
				,"percent": 0.01
				}
			,{
				"<=msec": 1.200
				,"percent": 0.01
				}
			,{
				"<=msec": 1.300
				,"percent": 0.04
				}
			,{
				"<=msec": 1.400
				,"percent": 0.10
				}
			,{
				"<=msec": 1.500
				,"percent": 0.21
				}
			,{
				"<=msec": 1.600
				,"percent": 0.36
				}
			,{
				"<=msec": 1.700
				,"percent": 0.55
				}
			,{
				"<=msec": 1.800
				,"percent": 0.80
				}
			,{
				"<=msec": 1.900
				,"percent": 1.10
				}
			,{
				"<=msec": 2.000
				,"percent": 1.47
				}
			,{
				"<=msec": 2.100
				,"percent": 1.89
				}
			,{
				"<=msec": 2.200
				,"percent": 2.31
				}
			,{
				"<=msec": 2.300
				,"percent": 2.75
				}
			,{
				"<=msec": 2.400
				,"percent": 3.15
				}
			,{
				"<=msec": 2.500
				,"percent": 3.52
				}
			,{
				"<=msec": 2.600
				,"percent": 3.88
				}
			,{
				"<=msec": 2.700
				,"percent": 4.24
				}
			,{
				"<=msec": 2.800
				,"percent": 4.54
				}
			,{
				"<=msec": 2.900
				,"percent": 4.83
				}
			,{
				"<=msec": 3.000
				,"percent": 5.10
				}
			,{
				"<=msec": 3.100
				,"percent": 5.35
				}
			,{
				"<=msec": 3.200
				,"percent": 5.58
				}
			,{
				"<=msec": 3.300
				,"percent": 5.81
				}
			,{
				"<=msec": 3.400
				,"percent": 6.06
				}
			,{
				"<=msec": 3.500
				,"percent": 6.29
				}
			,{
				"<=msec": 3.600
				,"percent": 6.51
				}
			,{
				"<=msec": 3.700
				,"percent": 6.71
				}
			,{
				"<=msec": 3.800
				,"percent": 6.91
				}
			,{
				"<=msec": 3.900
				,"percent": 7.11
				}
			,{
				"<=msec": 4.000
				,"percent": 7.31
				}
			,{
				"<=msec": 4.100
				,"percent": 7.52
				}
			,{
				"<=msec": 4.200
				,"percent": 7.70
				}
			,{
				"<=msec": 4.300
				,"percent": 7.88
				}
			,{
				"<=msec": 4.400
				,"percent": 8.10
				}
			,{
				"<=msec": 4.500
				,"percent": 8.28
				}
			,{
				"<=msec": 4.600
				,"percent": 8.43
				}
			,{
				"<=msec": 4.700
				,"percent": 8.60
				}
			,{
				"<=msec": 4.800
				,"percent": 8.75
				}
			,{
				"<=msec": 4.900
				,"percent": 8.88
				}
			,{
				"<=msec": 5.000
				,"percent": 9.01
				}
			,{
				"<=msec": 5.100
				,"percent": 9.14
				}
			,{
				"<=msec": 5.200
				,"percent": 9.26
				}
			,{
				"<=msec": 5.300
				,"percent": 9.36
				}
			,{
				"<=msec": 5.400
				,"percent": 9.47
				}
			,{
				"<=msec": 5.500
				,"percent": 9.57
				}
			,{
				"<=msec": 5.600
				,"percent": 9.67
				}
			,{
				"<=msec": 5.700
				,"percent": 9.76
				}
			,{
				"<=msec": 5.800
				,"percent": 9.86
				}
			,{
				"<=msec": 5.900
				,"percent": 9.96
				}
			,{
				"<=msec": 6.000
				,"percent": 10.04
				}
			,{
				"<=msec": 6.100
				,"percent": 10.13
				}
			,{
				"<=msec": 6.200
				,"percent": 10.21
				}
			,{
				"<=msec": 6.300
				,"percent": 10.29
				}
			,{
				"<=msec": 6.400
				,"percent": 10.39
				}
			,{
				"<=msec": 6.500
				,"percent": 10.45
				}
			,{
				"<=msec": 6.600
				,"percent": 10.51
				}
			,{
				"<=msec": 6.700
				,"percent": 10.57
				}
			,{
				"<=msec": 6.800
				,"percent": 10.64
				}
			,{
				"<=msec": 6.900
				,"percent": 10.69
				}
			,{
				"<=msec": 7.000
				,"percent": 10.74
				}
			,{
				"<=msec": 7.100
				,"percent": 10.80
				}
			,{
				"<=msec": 7.200
				,"percent": 10.85
				}
			,{
				"<=msec": 7.300
				,"percent": 10.90
				}
			,{
				"<=msec": 7.400
				,"percent": 10.97
				}
			,{
				"<=msec": 7.500
				,"percent": 11.02
				}
			,{
				"<=msec": 7.600
				,"percent": 11.07
				}
			,{
				"<=msec": 7.700
				,"percent": 11.11
				}
			,{
				"<=msec": 7.800
				,"percent": 11.18
				}
			,{
				"<=msec": 7.900
				,"percent": 11.24
				}
			,{
				"<=msec": 8.000
				,"percent": 11.29
				}
			,{
				"<=msec": 8.100
				,"percent": 11.36
				}
			,{
				"<=msec": 8.200
				,"percent": 11.42
				}
			,{
				"<=msec": 8.300
				,"percent": 11.49
				}
			,{
				"<=msec": 8.400
				,"percent": 11.55
				}
			,{
				"<=msec": 8.500
				,"percent": 11.62
				}
			,{
				"<=msec": 8.600
				,"percent": 11.67
				}
			,{
				"<=msec": 8.700
				,"percent": 11.72
				}
			,{
				"<=msec": 8.800
				,"percent": 11.77
				}
			,{
				"<=msec": 8.900
				,"percent": 11.82
				}
			,{
				"<=msec": 9.000
				,"percent": 11.89
				}
			,{
				"<=msec": 9.100
				,"percent": 11.96
				}
			,{
				"<=msec": 9.200
				,"percent": 12.02
				}
			,{
				"<=msec": 9.300
				,"percent": 12.08
				}
			,{
				"<=msec": 9.400
				,"percent": 12.14
				}
			,{
				"<=msec": 9.500
				,"percent": 12.21
				}
			,{
				"<=msec": 9.600
				,"percent": 12.29
				}
			,{
				"<=msec": 9.700
				,"percent": 12.36
				}
			,{
				"<=msec": 9.800
				,"percent": 12.44
				}
			,{
				"<=msec": 9.900
				,"percent": 12.51
				}
			,{
				"<=msec": 10.000
				,"percent": 12.88
				}
			,{
				"<=msec": 11.000
				,"percent": 13.71
				}
			,{
				"<=msec": 12.000
				,"percent": 15.06
				}
			,{
				"<=msec": 13.000
				,"percent": 17.37
				}
			,{
				"<=msec": 14.000
				,"percent": 22.10
				}
			,{
				"<=msec": 15.000
				,"percent": 33.34
				}
			,{
				"<=msec": 16.000
				,"percent": 55.90
				}
			,{
				"<=msec": 17.000
				,"percent": 65.47
				}
			,{
				"<=msec": 18.000
				,"percent": 68.87
				}
			,{
				"<=msec": 19.000
				,"percent": 70.14
				}
			,{
				"<=msec": 20.000
				,"percent": 71.03
				}
			,{
				"<=msec": 21.000
				,"percent": 71.66
				}
			,{
				"<=msec": 22.000
				,"percent": 72.27
				}
			,{
				"<=msec": 23.000
				,"percent": 72.75
				}
			,{
				"<=msec": 24.000
				,"percent": 73.33
				}
			,{
				"<=msec": 25.000
				,"percent": 74.08
				}
			,{
				"<=msec": 26.000
				,"percent": 75.12
				}
			,{
				"<=msec": 27.000
				,"percent": 76.98
				}
			,{
				"<=msec": 28.000
				,"percent": 80.09
				}
			,{
				"<=msec": 29.000
				,"percent": 85.15
				}
			,{
				"<=msec": 30.000
				,"percent": 90.18
				}
			,{
				"<=msec": 31.000
				,"percent": 95.51
				}
			,{
				"<=msec": 32.000
				,"percent": 96.84
				}
			,{
				"<=msec": 33.000
				,"percent": 97.06
				}
			,{
				"<=msec": 34.000
				,"percent": 97.23
				}
			,{
				"<=msec": 35.000
				,"percent": 97.33
				}
			,{
				"<=msec": 36.000
				,"percent": 97.40
				}
			,{
				"<=msec": 37.000
				,"percent": 97.48
				}
			,{
				"<=msec": 38.000
				,"percent": 97.54
				}
			,{
				"<=msec": 39.000
				,"percent": 97.59
				}
			,{
				"<=msec": 40.000
				,"percent": 97.68
				}
			,{
				"<=msec": 41.000
				,"percent": 97.79
				}
			,{
				"<=msec": 42.000
				,"percent": 97.92
				}
			,{
				"<=msec": 43.000
				,"percent": 98.16
				}
			,{
				"<=msec": 44.000
				,"percent": 98.42
				}
			,{
				"<=msec": 45.000
				,"percent": 98.74
				}
			,{
				"<=msec": 46.000
				,"percent": 99.06
				}
			,{
				"<=msec": 47.000
				,"percent": 99.35
				}
			,{
				"<=msec": 48.000
				,"percent": 99.37
				}
			,{
				"<=msec": 49.000
				,"percent": 99.39
				}
			,{
				"<=msec": 50.000
				,"percent": 99.40
				}
			,{
				"<=msec": 51.000
				,"percent": 99.41
				}
			,{
				"<=msec": 52.000
				,"percent": 99.42
				}
			,{
				"<=msec": 53.000
				,"percent": 99.42
				}
			,{
				"<=msec": 54.000
				,"percent": 99.43
				}
			,{
				"<=msec": 55.000
				,"percent": 99.44
				}
			,{
				"<=msec": 56.000
				,"percent": 99.46
				}
			,{
				"<=msec": 57.000
				,"percent": 99.48
				}
			,{
				"<=msec": 58.000
				,"percent": 99.50
				}
			,{
				"<=msec": 59.000
				,"percent": 99.54
				}
			,{
				"<=msec": 60.000
				,"percent": 99.60
				}
			,{
				"<=msec": 61.000
				,"percent": 99.66
				}
			,{
				"<=msec": 62.000
				,"percent": 99.73
				}
			,{
				"<=msec": 63.000
				,"percent": 99.77
				}
			,{
				"<=msec": 64.000
				,"percent": 99.77
				}
			,{
				"<=msec": 65.000
				,"percent": 99.77
				}
			,{
				"<=msec": 66.000
				,"percent": 99.77
				}
			,{
				"<=msec": 68.000
				,"percent": 99.77
				}
			,{
				"<=msec": 69.000
				,"percent": 99.77
				}
			,{
				"<=msec": 70.000
				,"percent": 99.78
				}
			,{
				"<=msec": 71.000
				,"percent": 99.78
				}
			,{
				"<=msec": 72.000
				,"percent": 99.78
				}
			,{
				"<=msec": 73.000
				,"percent": 99.79
				}
			,{
				"<=msec": 74.000
				,"percent": 99.80
				}
			,{
				"<=msec": 75.000
				,"percent": 99.82
				}
			,{
				"<=msec": 76.000
				,"percent": 99.84
				}
			,{
				"<=msec": 77.000
				,"percent": 99.87
				}
			,{
				"<=msec": 78.000
				,"percent": 99.89
				}
			,{
				"<=msec": 79.000
				,"percent": 99.89
				}
			,{
				"<=msec": 81.000
				,"percent": 99.89
				}
			,{
				"<=msec": 82.000
				,"percent": 99.90
				}
			,{
				"<=msec": 86.000
				,"percent": 99.90
				}
			,{
				"<=msec": 87.000
				,"percent": 99.90
				}
			,{
				"<=msec": 88.000
				,"percent": 99.90
				}
			,{
				"<=msec": 89.000
				,"percent": 99.90
				}
			,{
				"<=msec": 90.000
				,"percent": 99.91
				}
			,{
				"<=msec": 91.000
				,"percent": 99.91
				}
			,{
				"<=msec": 92.000
				,"percent": 99.92
				}
			,{
				"<=msec": 93.000
				,"percent": 99.93
				}
			,{
				"<=msec": 94.000
				,"percent": 99.94
				}
			,{
				"<=msec": 95.000
				,"percent": 99.94
				}
			,{
				"<=msec": 96.000
				,"percent": 99.94
				}
			,{
				"<=msec": 97.000
				,"percent": 99.94
				}
			,{
				"<=msec": 98.000
				,"percent": 99.94
				}
			,{
				"<=msec": 100.000
				,"percent": 99.95
				}
			,{
				"<=msec": 110.000
				,"percent": 99.96
				}
			,{
				"<=msec": 120.000
				,"percent": 99.97
				}
			,{
				"<=msec": 140.000
				,"percent": 99.97
				}
			,{
				"<=msec": 310.000
				,"percent": 99.97
				}
			,{
				"<=msec": 320.000
				,"percent": 99.97
				}
			,{
				"<=msec": 330.000
				,"percent": 99.97
				}
			,{
				"<=msec": 340.000
				,"percent": 99.97
				}
			,{
				"<=msec": 350.000
				,"percent": 99.98
				}
			,{
				"<=msec": 370.000
				,"percent": 99.98
				}
			,{
				"<=msec": 380.000
				,"percent": 99.99
				}
			,{
				"<=msec": 390.000
				,"percent": 99.99
				}
			,{
				"<=msec": 400.000
				,"percent": 100.00
				}
			,{
				"<=msec": 410.000
				,"percent": 100.00
				}
			,{
				"<=msec": 420.000
				,"percent": 100.00
				}
			]
		,"WAIT":[
		]
		}
	}
