{
	"configuration":{
		"server": "10.0.0.4"
		,"port": 11212
		,"unix socket": "(null)"
		,"protocol": "memcache_text"
		,"out_file": "(null)"
		,"client_stats": "(null)"
		,"run_count": 1
		,"debug": 0
		,"requests": 0
		,"clients": 32
		,"threads": 1
		,"test_time": 60
		,"ratio": "1:0"
		,"pipeline": 1
		,"data_size": 4096
		,"data_offset": 0
		,"random_data": "false"
		,"data_size_range": "0:0"
		,"data_size_list": ""
		,"data_size_pattern": "R"
		,"expiry_range": "9999:10000"
		,"data_import": "(null)"
		,"data_verify": "false"
		,"verify_only": "false"
		,"generate_keys": "false"
		,"key_prefix": "memtier-"
		,"key_minimum":           0
		,"key_maximum":        1000
		,"key_pattern": "R:R"
		,"key_stddev": 0.000000
		,"key_median": 0.000000
		,"reconnect_interval": 0
		,"multi_key_get": 0
		,"authenticate": ""
		,"select-db": 0
		,"no-expiry": "false"
		,"wait-ratio": "0:0"
		,"num-slaves": "0:0"
		,"wait-timeout": "0-0"
		}
	,"run information":{
		"Threads": 1
		,"Connections per thread": 32
		,"Seconds": 60
		}
	,"ALL STATS":{
		"Sets":{
			"Ops/sec": 1817.67
			,"Hits/sec": 0.00
			,"Misses/sec": 0.00
			,"Latency": 17.60
			,"KB/sec": 7340.60
			}
		,"Gets":{
			"Ops/sec": 0.00
			,"Hits/sec": 0.00
			,"Misses/sec": 0.00
			,"Latency": 0.00
			,"KB/sec": 0.00
			}
		,"Waits":{
			"Ops/sec": 0.00
			,"Hits/sec": 0.00
			,"Misses/sec": 0.00
			,"Latency": 0.00
			,"KB/sec": 0.00
			}
		,"Totals":{
			"Ops/sec": 1817.67
			,"Hits/sec": 0.00
			,"Misses/sec": 0.00
			,"Latency": 17.60
			,"KB/sec": 7340.60
			}
		,"SET":[
			{
				"<=msec": 4.000
				,"percent": 0.00
				}
			,{
				"<=msec": 4.200
				,"percent": 0.00
				}
			,{
				"<=msec": 4.400
				,"percent": 0.00
				}
			,{
				"<=msec": 4.500
				,"percent": 0.01
				}
			,{
				"<=msec": 4.600
				,"percent": 0.01
				}
			,{
				"<=msec": 4.700
				,"percent": 0.01
				}
			,{
				"<=msec": 4.800
				,"percent": 0.01
				}
			,{
				"<=msec": 4.900
				,"percent": 0.01
				}
			,{
				"<=msec": 5.000
				,"percent": 0.02
				}
			,{
				"<=msec": 5.100
				,"percent": 0.02
				}
			,{
				"<=msec": 5.200
				,"percent": 0.02
				}
			,{
				"<=msec": 5.300
				,"percent": 0.03
				}
			,{
				"<=msec": 5.400
				,"percent": 0.03
				}
			,{
				"<=msec": 5.500
				,"percent": 0.03
				}
			,{
				"<=msec": 5.600
				,"percent": 0.04
				}
			,{
				"<=msec": 5.700
				,"percent": 0.04
				}
			,{
				"<=msec": 5.800
				,"percent": 0.04
				}
			,{
				"<=msec": 5.900
				,"percent": 0.05
				}
			,{
				"<=msec": 6.000
				,"percent": 0.05
				}
			,{
				"<=msec": 6.100
				,"percent": 0.05
				}
			,{
				"<=msec": 6.200
				,"percent": 0.05
				}
			,{
				"<=msec": 6.300
				,"percent": 0.06
				}
			,{
				"<=msec": 6.400
				,"percent": 0.07
				}
			,{
				"<=msec": 6.500
				,"percent": 0.07
				}
			,{
				"<=msec": 6.600
				,"percent": 0.08
				}
			,{
				"<=msec": 6.700
				,"percent": 0.08
				}
			,{
				"<=msec": 6.800
				,"percent": 0.09
				}
			,{
				"<=msec": 6.900
				,"percent": 0.10
				}
			,{
				"<=msec": 7.000
				,"percent": 0.10
				}
			,{
				"<=msec": 7.100
				,"percent": 0.10
				}
			,{
				"<=msec": 7.200
				,"percent": 0.11
				}
			,{
				"<=msec": 7.300
				,"percent": 0.12
				}
			,{
				"<=msec": 7.400
				,"percent": 0.13
				}
			,{
				"<=msec": 7.500
				,"percent": 0.13
				}
			,{
				"<=msec": 7.600
				,"percent": 0.14
				}
			,{
				"<=msec": 7.700
				,"percent": 0.14
				}
			,{
				"<=msec": 7.800
				,"percent": 0.15
				}
			,{
				"<=msec": 7.900
				,"percent": 0.15
				}
			,{
				"<=msec": 8.000
				,"percent": 0.16
				}
			,{
				"<=msec": 8.100
				,"percent": 0.17
				}
			,{
				"<=msec": 8.200
				,"percent": 0.18
				}
			,{
				"<=msec": 8.300
				,"percent": 0.18
				}
			,{
				"<=msec": 8.400
				,"percent": 0.19
				}
			,{
				"<=msec": 8.500
				,"percent": 0.19
				}
			,{
				"<=msec": 8.600
				,"percent": 0.20
				}
			,{
				"<=msec": 8.700
				,"percent": 0.21
				}
			,{
				"<=msec": 8.800
				,"percent": 0.21
				}
			,{
				"<=msec": 8.900
				,"percent": 0.23
				}
			,{
				"<=msec": 9.000
				,"percent": 0.24
				}
			,{
				"<=msec": 9.100
				,"percent": 0.25
				}
			,{
				"<=msec": 9.200
				,"percent": 0.26
				}
			,{
				"<=msec": 9.300
				,"percent": 0.28
				}
			,{
				"<=msec": 9.400
				,"percent": 0.30
				}
			,{
				"<=msec": 9.500
				,"percent": 0.33
				}
			,{
				"<=msec": 9.600
				,"percent": 0.37
				}
			,{
				"<=msec": 9.700
				,"percent": 0.40
				}
			,{
				"<=msec": 9.800
				,"percent": 0.44
				}
			,{
				"<=msec": 9.900
				,"percent": 0.48
				}
			,{
				"<=msec": 10.000
				,"percent": 0.99
				}
			,{
				"<=msec": 11.000
				,"percent": 3.87
				}
			,{
				"<=msec": 12.000
				,"percent": 10.61
				}
			,{
				"<=msec": 13.000
				,"percent": 19.90
				}
			,{
				"<=msec": 14.000
				,"percent": 28.66
				}
			,{
				"<=msec": 15.000
				,"percent": 36.97
				}
			,{
				"<=msec": 16.000
				,"percent": 44.96
				}
			,{
				"<=msec": 17.000
				,"percent": 53.29
				}
			,{
				"<=msec": 18.000
				,"percent": 61.94
				}
			,{
				"<=msec": 19.000
				,"percent": 70.62
				}
			,{
				"<=msec": 20.000
				,"percent": 78.41
				}
			,{
				"<=msec": 21.000
				,"percent": 84.59
				}
			,{
				"<=msec": 22.000
				,"percent": 89.04
				}
			,{
				"<=msec": 23.000
				,"percent": 91.86
				}
			,{
				"<=msec": 24.000
				,"percent": 93.59
				}
			,{
				"<=msec": 25.000
				,"percent": 94.80
				}
			,{
				"<=msec": 26.000
				,"percent": 95.65
				}
			,{
				"<=msec": 27.000
				,"percent": 96.39
				}
			,{
				"<=msec": 28.000
				,"percent": 97.06
				}
			,{
				"<=msec": 29.000
				,"percent": 97.70
				}
			,{
				"<=msec": 30.000
				,"percent": 98.16
				}
			,{
				"<=msec": 31.000
				,"percent": 98.52
				}
			,{
				"<=msec": 32.000
				,"percent": 98.82
				}
			,{
				"<=msec": 33.000
				,"percent": 99.02
				}
			,{
				"<=msec": 34.000
				,"percent": 99.16
				}
			,{
				"<=msec": 35.000
				,"percent": 99.29
				}
			,{
				"<=msec": 36.000
				,"percent": 99.39
				}
			,{
				"<=msec": 37.000
				,"percent": 99.50
				}
			,{
				"<=msec": 38.000
				,"percent": 99.60
				}
			,{
				"<=msec": 39.000
				,"percent": 99.67
				}
			,{
				"<=msec": 40.000
				,"percent": 99.74
				}
			,{
				"<=msec": 41.000
				,"percent": 99.78
				}
			,{
				"<=msec": 42.000
				,"percent": 99.83
				}
			,{
				"<=msec": 43.000
				,"percent": 99.86
				}
			,{
				"<=msec": 44.000
				,"percent": 99.87
				}
			,{
				"<=msec": 45.000
				,"percent": 99.88
				}
			,{
				"<=msec": 46.000
				,"percent": 99.89
				}
			,{
				"<=msec": 47.000
				,"percent": 99.90
				}
			,{
				"<=msec": 48.000
				,"percent": 99.91
				}
			,{
				"<=msec": 49.000
				,"percent": 99.92
				}
			,{
				"<=msec": 50.000
				,"percent": 99.93
				}
			,{
				"<=msec": 51.000
				,"percent": 99.94
				}
			,{
				"<=msec": 52.000
				,"percent": 99.95
				}
			,{
				"<=msec": 53.000
				,"percent": 99.96
				}
			,{
				"<=msec": 54.000
				,"percent": 99.97
				}
			,{
				"<=msec": 55.000
				,"percent": 99.97
				}
			,{
				"<=msec": 56.000
				,"percent": 99.97
				}
			,{
				"<=msec": 58.000
				,"percent": 99.97
				}
			,{
				"<=msec": 59.000
				,"percent": 99.97
				}
			,{
				"<=msec": 60.000
				,"percent": 99.98
				}
			,{
				"<=msec": 62.000
				,"percent": 99.98
				}
			,{
				"<=msec": 63.000
				,"percent": 99.98
				}
			,{
				"<=msec": 65.000
				,"percent": 99.98
				}
			,{
				"<=msec": 67.000
				,"percent": 99.98
				}
			,{
				"<=msec": 69.000
				,"percent": 99.98
				}
			,{
				"<=msec": 70.000
				,"percent": 99.99
				}
			,{
				"<=msec": 78.000
				,"percent": 99.99
				}
			,{
				"<=msec": 80.000
				,"percent": 99.99
				}
			,{
				"<=msec": 92.000
				,"percent": 99.99
				}
			,{
				"<=msec": 98.000
				,"percent": 99.99
				}
			,{
				"<=msec": 100.000
				,"percent": 99.99
				}
			,{
				"<=msec": 110.000
				,"percent": 100.00
				}
			,{
				"<=msec": 130.000
				,"percent": 100.00
				}
			,{
				"<=msec": 200.000
				,"percent": 100.00
				}
			,{
				"<=msec": 210.000
				,"percent": 100.00
				}
			,{
				"<=msec": 290.000
				,"percent": 100.00
				}
			]
		,"GET":[
		]
		,"WAIT":[
		]
		}
	}
