{
	"configuration":{
		"server": "10.0.0.4"
		,"port": 11212
		,"unix socket": "(null)"
		,"protocol": "memcache_text"
		,"out_file": "(null)"
		,"client_stats": "(null)"
		,"run_count": 1
		,"debug": 0
		,"requests": 0
		,"clients": 32
		,"threads": 1
		,"test_time": 60
		,"ratio": "1:0"
		,"pipeline": 1
		,"data_size": 4096
		,"data_offset": 0
		,"random_data": "false"
		,"data_size_range": "0:0"
		,"data_size_list": ""
		,"data_size_pattern": "R"
		,"expiry_range": "9999:10000"
		,"data_import": "(null)"
		,"data_verify": "false"
		,"verify_only": "false"
		,"generate_keys": "false"
		,"key_prefix": "memtier-"
		,"key_minimum":           0
		,"key_maximum":        1000
		,"key_pattern": "R:R"
		,"key_stddev": 0.000000
		,"key_median": 0.000000
		,"reconnect_interval": 0
		,"multi_key_get": 0
		,"authenticate": ""
		,"select-db": 0
		,"no-expiry": "false"
		,"wait-ratio": "0:0"
		,"num-slaves": "0:0"
		,"wait-timeout": "0-0"
		}
	,"run information":{
		"Threads": 1
		,"Connections per thread": 32
		,"Seconds": 60
		}
	,"ALL STATS":{
		"Sets":{
			"Ops/sec": 1272.05
			,"Hits/sec": 0.00
			,"Misses/sec": 0.00
			,"Latency": 25.15
			,"KB/sec": 5137.13
			}
		,"Gets":{
			"Ops/sec": 0.00
			,"Hits/sec": 0.00
			,"Misses/sec": 0.00
			,"Latency": 0.00
			,"KB/sec": 0.00
			}
		,"Waits":{
			"Ops/sec": 0.00
			,"Hits/sec": 0.00
			,"Misses/sec": 0.00
			,"Latency": 0.00
			,"KB/sec": 0.00
			}
		,"Totals":{
			"Ops/sec": 1272.05
			,"Hits/sec": 0.00
			,"Misses/sec": 0.00
			,"Latency": 25.15
			,"KB/sec": 5137.13
			}
		,"SET":[
			{
				"<=msec": 6.700
				,"percent": 0.00
				}
			,{
				"<=msec": 11.000
				,"percent": 0.02
				}
			,{
				"<=msec": 12.000
				,"percent": 0.09
				}
			,{
				"<=msec": 13.000
				,"percent": 0.27
				}
			,{
				"<=msec": 14.000
				,"percent": 0.69
				}
			,{
				"<=msec": 15.000
				,"percent": 1.95
				}
			,{
				"<=msec": 16.000
				,"percent": 4.20
				}
			,{
				"<=msec": 17.000
				,"percent": 7.18
				}
			,{
				"<=msec": 18.000
				,"percent": 11.12
				}
			,{
				"<=msec": 19.000
				,"percent": 16.68
				}
			,{
				"<=msec": 20.000
				,"percent": 24.40
				}
			,{
				"<=msec": 21.000
				,"percent": 32.71
				}
			,{
				"<=msec": 22.000
				,"percent": 40.26
				}
			,{
				"<=msec": 23.000
				,"percent": 47.47
				}
			,{
				"<=msec": 24.000
				,"percent": 54.20
				}
			,{
				"<=msec": 25.000
				,"percent": 61.54
				}
			,{
				"<=msec": 26.000
				,"percent": 68.48
				}
			,{
				"<=msec": 27.000
				,"percent": 74.00
				}
			,{
				"<=msec": 28.000
				,"percent": 77.90
				}
			,{
				"<=msec": 29.000
				,"percent": 80.94
				}
			,{
				"<=msec": 30.000
				,"percent": 83.38
				}
			,{
				"<=msec": 31.000
				,"percent": 85.39
				}
			,{
				"<=msec": 32.000
				,"percent": 87.17
				}
			,{
				"<=msec": 33.000
				,"percent": 88.83
				}
			,{
				"<=msec": 34.000
				,"percent": 90.34
				}
			,{
				"<=msec": 35.000
				,"percent": 91.63
				}
			,{
				"<=msec": 36.000
				,"percent": 92.78
				}
			,{
				"<=msec": 37.000
				,"percent": 93.84
				}
			,{
				"<=msec": 38.000
				,"percent": 94.80
				}
			,{
				"<=msec": 39.000
				,"percent": 95.66
				}
			,{
				"<=msec": 40.000
				,"percent": 96.36
				}
			,{
				"<=msec": 41.000
				,"percent": 96.93
				}
			,{
				"<=msec": 42.000
				,"percent": 97.48
				}
			,{
				"<=msec": 43.000
				,"percent": 97.97
				}
			,{
				"<=msec": 44.000
				,"percent": 98.38
				}
			,{
				"<=msec": 45.000
				,"percent": 98.74
				}
			,{
				"<=msec": 46.000
				,"percent": 98.93
				}
			,{
				"<=msec": 47.000
				,"percent": 99.14
				}
			,{
				"<=msec": 48.000
				,"percent": 99.31
				}
			,{
				"<=msec": 49.000
				,"percent": 99.45
				}
			,{
				"<=msec": 50.000
				,"percent": 99.52
				}
			,{
				"<=msec": 51.000
				,"percent": 99.58
				}
			,{
				"<=msec": 52.000
				,"percent": 99.65
				}
			,{
				"<=msec": 53.000
				,"percent": 99.74
				}
			,{
				"<=msec": 54.000
				,"percent": 99.79
				}
			,{
				"<=msec": 55.000
				,"percent": 99.81
				}
			,{
				"<=msec": 56.000
				,"percent": 99.82
				}
			,{
				"<=msec": 57.000
				,"percent": 99.83
				}
			,{
				"<=msec": 58.000
				,"percent": 99.85
				}
			,{
				"<=msec": 59.000
				,"percent": 99.86
				}
			,{
				"<=msec": 60.000
				,"percent": 99.88
				}
			,{
				"<=msec": 61.000
				,"percent": 99.90
				}
			,{
				"<=msec": 62.000
				,"percent": 99.91
				}
			,{
				"<=msec": 63.000
				,"percent": 99.92
				}
			,{
				"<=msec": 64.000
				,"percent": 99.93
				}
			,{
				"<=msec": 66.000
				,"percent": 99.94
				}
			,{
				"<=msec": 67.000
				,"percent": 99.95
				}
			,{
				"<=msec": 68.000
				,"percent": 99.96
				}
			,{
				"<=msec": 69.000
				,"percent": 99.96
				}
			,{
				"<=msec": 85.000
				,"percent": 99.96
				}
			,{
				"<=msec": 87.000
				,"percent": 99.96
				}
			,{
				"<=msec": 90.000
				,"percent": 99.96
				}
			,{
				"<=msec": 96.000
				,"percent": 99.96
				}
			,{
				"<=msec": 97.000
				,"percent": 99.96
				}
			,{
				"<=msec": 100.000
				,"percent": 99.97
				}
			,{
				"<=msec": 110.000
				,"percent": 99.97
				}
			,{
				"<=msec": 120.000
				,"percent": 99.98
				}
			,{
				"<=msec": 130.000
				,"percent": 99.98
				}
			,{
				"<=msec": 140.000
				,"percent": 99.98
				}
			,{
				"<=msec": 150.000
				,"percent": 99.99
				}
			,{
				"<=msec": 160.000
				,"percent": 99.99
				}
			,{
				"<=msec": 170.000
				,"percent": 100.00
				}
			]
		,"GET":[
		]
		,"WAIT":[
		]
		}
	}
