{
	"configuration":{
		"server": "10.0.0.4"
		,"port": 11212
		,"unix socket": "(null)"
		,"protocol": "memcache_text"
		,"out_file": "(null)"
		,"client_stats": "(null)"
		,"run_count": 1
		,"debug": 0
		,"requests": 0
		,"clients": 32
		,"threads": 1
		,"test_time": 60
		,"ratio": "1:0"
		,"pipeline": 1
		,"data_size": 4096
		,"data_offset": 0
		,"random_data": "false"
		,"data_size_range": "0:0"
		,"data_size_list": ""
		,"data_size_pattern": "R"
		,"expiry_range": "9999:10000"
		,"data_import": "(null)"
		,"data_verify": "false"
		,"verify_only": "false"
		,"generate_keys": "false"
		,"key_prefix": "memtier-"
		,"key_minimum":           0
		,"key_maximum":        1000
		,"key_pattern": "R:R"
		,"key_stddev": 0.000000
		,"key_median": 0.000000
		,"reconnect_interval": 0
		,"multi_key_get": 0
		,"authenticate": ""
		,"select-db": 0
		,"no-expiry": "false"
		,"wait-ratio": "0:0"
		,"num-slaves": "0:0"
		,"wait-timeout": "0-0"
		}
	,"run information":{
		"Threads": 1
		,"Connections per thread": 32
		,"Seconds": 60
		}
	,"ALL STATS":{
		"Sets":{
			"Ops/sec": 1227.54
			,"Hits/sec": 0.00
			,"Misses/sec": 0.00
			,"Latency": 26.06
			,"KB/sec": 4957.38
			}
		,"Gets":{
			"Ops/sec": 0.00
			,"Hits/sec": 0.00
			,"Misses/sec": 0.00
			,"Latency": 0.00
			,"KB/sec": 0.00
			}
		,"Waits":{
			"Ops/sec": 0.00
			,"Hits/sec": 0.00
			,"Misses/sec": 0.00
			,"Latency": 0.00
			,"KB/sec": 0.00
			}
		,"Totals":{
			"Ops/sec": 1227.54
			,"Hits/sec": 0.00
			,"Misses/sec": 0.00
			,"Latency": 26.06
			,"KB/sec": 4957.38
			}
		,"SET":[
			{
				"<=msec": 12.000
				,"percent": 0.00
				}
			,{
				"<=msec": 13.000
				,"percent": 0.11
				}
			,{
				"<=msec": 14.000
				,"percent": 0.45
				}
			,{
				"<=msec": 15.000
				,"percent": 1.39
				}
			,{
				"<=msec": 16.000
				,"percent": 3.06
				}
			,{
				"<=msec": 17.000
				,"percent": 5.68
				}
			,{
				"<=msec": 18.000
				,"percent": 9.12
				}
			,{
				"<=msec": 19.000
				,"percent": 13.82
				}
			,{
				"<=msec": 20.000
				,"percent": 19.98
				}
			,{
				"<=msec": 21.000
				,"percent": 27.51
				}
			,{
				"<=msec": 22.000
				,"percent": 34.85
				}
			,{
				"<=msec": 23.000
				,"percent": 41.47
				}
			,{
				"<=msec": 24.000
				,"percent": 47.63
				}
			,{
				"<=msec": 25.000
				,"percent": 54.16
				}
			,{
				"<=msec": 26.000
				,"percent": 61.55
				}
			,{
				"<=msec": 27.000
				,"percent": 68.32
				}
			,{
				"<=msec": 28.000
				,"percent": 73.43
				}
			,{
				"<=msec": 29.000
				,"percent": 77.33
				}
			,{
				"<=msec": 30.000
				,"percent": 80.18
				}
			,{
				"<=msec": 31.000
				,"percent": 82.70
				}
			,{
				"<=msec": 32.000
				,"percent": 84.92
				}
			,{
				"<=msec": 33.000
				,"percent": 86.76
				}
			,{
				"<=msec": 34.000
				,"percent": 88.49
				}
			,{
				"<=msec": 35.000
				,"percent": 90.03
				}
			,{
				"<=msec": 36.000
				,"percent": 91.28
				}
			,{
				"<=msec": 37.000
				,"percent": 92.45
				}
			,{
				"<=msec": 38.000
				,"percent": 93.49
				}
			,{
				"<=msec": 39.000
				,"percent": 94.37
				}
			,{
				"<=msec": 40.000
				,"percent": 95.14
				}
			,{
				"<=msec": 41.000
				,"percent": 95.82
				}
			,{
				"<=msec": 42.000
				,"percent": 96.52
				}
			,{
				"<=msec": 43.000
				,"percent": 97.11
				}
			,{
				"<=msec": 44.000
				,"percent": 97.62
				}
			,{
				"<=msec": 45.000
				,"percent": 98.08
				}
			,{
				"<=msec": 46.000
				,"percent": 98.41
				}
			,{
				"<=msec": 47.000
				,"percent": 98.69
				}
			,{
				"<=msec": 48.000
				,"percent": 98.88
				}
			,{
				"<=msec": 49.000
				,"percent": 99.04
				}
			,{
				"<=msec": 50.000
				,"percent": 99.21
				}
			,{
				"<=msec": 51.000
				,"percent": 99.36
				}
			,{
				"<=msec": 52.000
				,"percent": 99.49
				}
			,{
				"<=msec": 53.000
				,"percent": 99.56
				}
			,{
				"<=msec": 54.000
				,"percent": 99.66
				}
			,{
				"<=msec": 55.000
				,"percent": 99.71
				}
			,{
				"<=msec": 56.000
				,"percent": 99.75
				}
			,{
				"<=msec": 57.000
				,"percent": 99.79
				}
			,{
				"<=msec": 58.000
				,"percent": 99.83
				}
			,{
				"<=msec": 59.000
				,"percent": 99.84
				}
			,{
				"<=msec": 60.000
				,"percent": 99.86
				}
			,{
				"<=msec": 61.000
				,"percent": 99.88
				}
			,{
				"<=msec": 62.000
				,"percent": 99.89
				}
			,{
				"<=msec": 63.000
				,"percent": 99.91
				}
			,{
				"<=msec": 64.000
				,"percent": 99.92
				}
			,{
				"<=msec": 65.000
				,"percent": 99.93
				}
			,{
				"<=msec": 66.000
				,"percent": 99.94
				}
			,{
				"<=msec": 67.000
				,"percent": 99.95
				}
			,{
				"<=msec": 68.000
				,"percent": 99.95
				}
			,{
				"<=msec": 70.000
				,"percent": 99.96
				}
			,{
				"<=msec": 71.000
				,"percent": 99.96
				}
			,{
				"<=msec": 72.000
				,"percent": 99.96
				}
			,{
				"<=msec": 73.000
				,"percent": 99.96
				}
			,{
				"<=msec": 75.000
				,"percent": 99.96
				}
			,{
				"<=msec": 79.000
				,"percent": 99.96
				}
			,{
				"<=msec": 81.000
				,"percent": 99.97
				}
			,{
				"<=msec": 88.000
				,"percent": 99.97
				}
			,{
				"<=msec": 95.000
				,"percent": 99.97
				}
			,{
				"<=msec": 97.000
				,"percent": 99.98
				}
			,{
				"<=msec": 99.000
				,"percent": 99.98
				}
			,{
				"<=msec": 100.000
				,"percent": 99.98
				}
			,{
				"<=msec": 120.000
				,"percent": 99.99
				}
			,{
				"<=msec": 130.000
				,"percent": 99.99
				}
			,{
				"<=msec": 140.000
				,"percent": 99.99
				}
			,{
				"<=msec": 160.000
				,"percent": 100.00
				}
			,{
				"<=msec": 170.000
				,"percent": 100.00
				}
			]
		,"GET":[
		]
		,"WAIT":[
		]
		}
	}
