{
	"configuration":{
		"server": "10.0.0.9"
		,"port": 11212
		,"unix socket": "(null)"
		,"protocol": "memcache_text"
		,"out_file": "(null)"
		,"client_stats": "(null)"
		,"run_count": 1
		,"debug": 0
		,"requests": 0
		,"clients": 32
		,"threads": 1
		,"test_time": 60
		,"ratio": "0:1"
		,"pipeline": 1
		,"data_size": 4096
		,"data_offset": 0
		,"random_data": "false"
		,"data_size_range": "0:0"
		,"data_size_list": ""
		,"data_size_pattern": "R"
		,"expiry_range": "9999:10000"
		,"data_import": "(null)"
		,"data_verify": "false"
		,"verify_only": "false"
		,"generate_keys": "false"
		,"key_prefix": "memtier-"
		,"key_minimum":           0
		,"key_maximum":        1000
		,"key_pattern": "R:R"
		,"key_stddev": 0.000000
		,"key_median": 0.000000
		,"reconnect_interval": 0
		,"multi_key_get": 0
		,"authenticate": ""
		,"select-db": 0
		,"no-expiry": "false"
		,"wait-ratio": "0:0"
		,"num-slaves": "0:0"
		,"wait-timeout": "0-0"
		}
	,"run information":{
		"Threads": 1
		,"Connections per thread": 32
		,"Seconds": 60
		}
	,"ALL STATS":{
		"Sets":{
			"Ops/sec": 0.00
			,"Hits/sec": 0.00
			,"Misses/sec": 0.00
			,"Latency": 0.00
			,"KB/sec": 0.00
			}
		,"Gets":{
			"Ops/sec": 1466.76
			,"Hits/sec": 1447.63
			,"Misses/sec": 19.13
			,"Latency": 21.81
			,"KB/sec": 5861.27
			}
		,"Waits":{
			"Ops/sec": 0.00
			,"Hits/sec": 0.00
			,"Misses/sec": 0.00
			,"Latency": 0.00
			,"KB/sec": 0.00
			}
		,"Totals":{
			"Ops/sec": 1466.76
			,"Hits/sec": 1447.63
			,"Misses/sec": 19.13
			,"Latency": 21.81
			,"KB/sec": 5861.27
			}
		,"SET":[
		]
		,"GET":[
			{
				"<=msec": 4.500
				,"percent": 0.00
				}
			,{
				"<=msec": 4.800
				,"percent": 0.00
				}
			,{
				"<=msec": 5.000
				,"percent": 0.00
				}
			,{
				"<=msec": 5.100
				,"percent": 0.01
				}
			,{
				"<=msec": 5.300
				,"percent": 0.01
				}
			,{
				"<=msec": 5.600
				,"percent": 0.01
				}
			,{
				"<=msec": 5.800
				,"percent": 0.01
				}
			,{
				"<=msec": 5.900
				,"percent": 0.01
				}
			,{
				"<=msec": 6.200
				,"percent": 0.01
				}
			,{
				"<=msec": 7.100
				,"percent": 0.01
				}
			,{
				"<=msec": 7.400
				,"percent": 0.02
				}
			,{
				"<=msec": 7.500
				,"percent": 0.02
				}
			,{
				"<=msec": 7.600
				,"percent": 0.02
				}
			,{
				"<=msec": 7.700
				,"percent": 0.04
				}
			,{
				"<=msec": 7.800
				,"percent": 0.05
				}
			,{
				"<=msec": 7.900
				,"percent": 0.06
				}
			,{
				"<=msec": 8.000
				,"percent": 0.07
				}
			,{
				"<=msec": 8.100
				,"percent": 0.08
				}
			,{
				"<=msec": 8.200
				,"percent": 0.10
				}
			,{
				"<=msec": 8.300
				,"percent": 0.12
				}
			,{
				"<=msec": 8.400
				,"percent": 0.14
				}
			,{
				"<=msec": 8.500
				,"percent": 0.15
				}
			,{
				"<=msec": 8.600
				,"percent": 0.19
				}
			,{
				"<=msec": 8.700
				,"percent": 0.21
				}
			,{
				"<=msec": 8.800
				,"percent": 0.24
				}
			,{
				"<=msec": 8.900
				,"percent": 0.26
				}
			,{
				"<=msec": 9.000
				,"percent": 0.27
				}
			,{
				"<=msec": 9.100
				,"percent": 0.28
				}
			,{
				"<=msec": 9.200
				,"percent": 0.29
				}
			,{
				"<=msec": 9.300
				,"percent": 0.32
				}
			,{
				"<=msec": 9.400
				,"percent": 0.34
				}
			,{
				"<=msec": 9.500
				,"percent": 0.36
				}
			,{
				"<=msec": 9.600
				,"percent": 0.38
				}
			,{
				"<=msec": 9.700
				,"percent": 0.39
				}
			,{
				"<=msec": 9.800
				,"percent": 0.41
				}
			,{
				"<=msec": 9.900
				,"percent": 0.44
				}
			,{
				"<=msec": 10.000
				,"percent": 0.56
				}
			,{
				"<=msec": 11.000
				,"percent": 0.91
				}
			,{
				"<=msec": 12.000
				,"percent": 1.23
				}
			,{
				"<=msec": 13.000
				,"percent": 1.93
				}
			,{
				"<=msec": 14.000
				,"percent": 2.90
				}
			,{
				"<=msec": 15.000
				,"percent": 4.38
				}
			,{
				"<=msec": 16.000
				,"percent": 6.74
				}
			,{
				"<=msec": 17.000
				,"percent": 14.56
				}
			,{
				"<=msec": 18.000
				,"percent": 32.22
				}
			,{
				"<=msec": 19.000
				,"percent": 44.41
				}
			,{
				"<=msec": 20.000
				,"percent": 51.07
				}
			,{
				"<=msec": 21.000
				,"percent": 55.91
				}
			,{
				"<=msec": 22.000
				,"percent": 59.94
				}
			,{
				"<=msec": 23.000
				,"percent": 63.70
				}
			,{
				"<=msec": 24.000
				,"percent": 67.63
				}
			,{
				"<=msec": 25.000
				,"percent": 72.49
				}
			,{
				"<=msec": 26.000
				,"percent": 79.04
				}
			,{
				"<=msec": 27.000
				,"percent": 87.29
				}
			,{
				"<=msec": 28.000
				,"percent": 93.31
				}
			,{
				"<=msec": 29.000
				,"percent": 96.22
				}
			,{
				"<=msec": 30.000
				,"percent": 97.50
				}
			,{
				"<=msec": 31.000
				,"percent": 98.22
				}
			,{
				"<=msec": 32.000
				,"percent": 98.78
				}
			,{
				"<=msec": 33.000
				,"percent": 99.12
				}
			,{
				"<=msec": 34.000
				,"percent": 99.33
				}
			,{
				"<=msec": 35.000
				,"percent": 99.48
				}
			,{
				"<=msec": 36.000
				,"percent": 99.58
				}
			,{
				"<=msec": 37.000
				,"percent": 99.64
				}
			,{
				"<=msec": 38.000
				,"percent": 99.70
				}
			,{
				"<=msec": 39.000
				,"percent": 99.73
				}
			,{
				"<=msec": 40.000
				,"percent": 99.79
				}
			,{
				"<=msec": 41.000
				,"percent": 99.83
				}
			,{
				"<=msec": 42.000
				,"percent": 99.87
				}
			,{
				"<=msec": 43.000
				,"percent": 99.92
				}
			,{
				"<=msec": 44.000
				,"percent": 99.95
				}
			,{
				"<=msec": 45.000
				,"percent": 99.96
				}
			,{
				"<=msec": 47.000
				,"percent": 99.96
				}
			,{
				"<=msec": 48.000
				,"percent": 99.96
				}
			,{
				"<=msec": 50.000
				,"percent": 99.96
				}
			,{
				"<=msec": 230.000
				,"percent": 99.97
				}
			,{
				"<=msec": 240.000
				,"percent": 99.98
				}
			,{
				"<=msec": 250.000
				,"percent": 99.98
				}
			,{
				"<=msec": 270.000
				,"percent": 99.98
				}
			,{
				"<=msec": 280.000
				,"percent": 99.99
				}
			,{
				"<=msec": 290.000
				,"percent": 100.00
				}
			]
		,"WAIT":[
		]
		}
	}
