{
	"configuration":{
		"server": "10.0.0.9"
		,"port": 11212
		,"unix socket": "(null)"
		,"protocol": "memcache_text"
		,"out_file": "(null)"
		,"client_stats": "(null)"
		,"run_count": 1
		,"debug": 0
		,"requests": 0
		,"clients": 32
		,"threads": 2
		,"test_time": 60
		,"ratio": "0:1"
		,"pipeline": 1
		,"data_size": 4096
		,"data_offset": 0
		,"random_data": "false"
		,"data_size_range": "0:0"
		,"data_size_list": ""
		,"data_size_pattern": "R"
		,"expiry_range": "9999:10000"
		,"data_import": "(null)"
		,"data_verify": "false"
		,"verify_only": "false"
		,"generate_keys": "false"
		,"key_prefix": "memtier-"
		,"key_minimum":           0
		,"key_maximum":        1000
		,"key_pattern": "R:R"
		,"key_stddev": 0.000000
		,"key_median": 0.000000
		,"reconnect_interval": 0
		,"multi_key_get": 0
		,"authenticate": ""
		,"select-db": 0
		,"no-expiry": "false"
		,"wait-ratio": "0:0"
		,"num-slaves": "0:0"
		,"wait-timeout": "0-0"
		}
	,"run information":{
		"Threads": 2
		,"Connections per thread": 32
		,"Seconds": 60
		}
	,"ALL STATS":{
		"Sets":{
			"Ops/sec": 0.00
			,"Hits/sec": 0.00
			,"Misses/sec": 0.00
			,"Latency": 0.00
			,"KB/sec": 0.00
			}
		,"Gets":{
			"Ops/sec": 2923.62
			,"Hits/sec": 2828.19
			,"Misses/sec": 95.42
			,"Latency": 21.88
			,"KB/sec": 11452.26
			}
		,"Waits":{
			"Ops/sec": 0.00
			,"Hits/sec": 0.00
			,"Misses/sec": 0.00
			,"Latency": 0.00
			,"KB/sec": 0.00
			}
		,"Totals":{
			"Ops/sec": 2923.62
			,"Hits/sec": 2828.19
			,"Misses/sec": 95.42
			,"Latency": 21.88
			,"KB/sec": 11452.26
			}
		,"SET":[
		]
		,"GET":[
			{
				"<=msec": 8.000
				,"percent": 0.00
				}
			,{
				"<=msec": 8.100
				,"percent": 0.00
				}
			,{
				"<=msec": 8.200
				,"percent": 0.01
				}
			,{
				"<=msec": 8.400
				,"percent": 0.01
				}
			,{
				"<=msec": 8.500
				,"percent": 0.01
				}
			,{
				"<=msec": 8.600
				,"percent": 0.01
				}
			,{
				"<=msec": 8.700
				,"percent": 0.01
				}
			,{
				"<=msec": 9.000
				,"percent": 0.01
				}
			,{
				"<=msec": 9.100
				,"percent": 0.01
				}
			,{
				"<=msec": 9.200
				,"percent": 0.02
				}
			,{
				"<=msec": 9.300
				,"percent": 0.02
				}
			,{
				"<=msec": 9.400
				,"percent": 0.02
				}
			,{
				"<=msec": 9.500
				,"percent": 0.02
				}
			,{
				"<=msec": 9.600
				,"percent": 0.03
				}
			,{
				"<=msec": 9.700
				,"percent": 0.03
				}
			,{
				"<=msec": 9.800
				,"percent": 0.03
				}
			,{
				"<=msec": 9.900
				,"percent": 0.04
				}
			,{
				"<=msec": 10.000
				,"percent": 0.05
				}
			,{
				"<=msec": 11.000
				,"percent": 0.08
				}
			,{
				"<=msec": 12.000
				,"percent": 0.10
				}
			,{
				"<=msec": 13.000
				,"percent": 0.28
				}
			,{
				"<=msec": 14.000
				,"percent": 1.49
				}
			,{
				"<=msec": 15.000
				,"percent": 5.25
				}
			,{
				"<=msec": 16.000
				,"percent": 11.89
				}
			,{
				"<=msec": 17.000
				,"percent": 20.81
				}
			,{
				"<=msec": 18.000
				,"percent": 30.03
				}
			,{
				"<=msec": 19.000
				,"percent": 39.57
				}
			,{
				"<=msec": 20.000
				,"percent": 49.19
				}
			,{
				"<=msec": 21.000
				,"percent": 57.92
				}
			,{
				"<=msec": 22.000
				,"percent": 65.31
				}
			,{
				"<=msec": 23.000
				,"percent": 71.15
				}
			,{
				"<=msec": 24.000
				,"percent": 76.20
				}
			,{
				"<=msec": 25.000
				,"percent": 80.31
				}
			,{
				"<=msec": 26.000
				,"percent": 83.45
				}
			,{
				"<=msec": 27.000
				,"percent": 86.03
				}
			,{
				"<=msec": 28.000
				,"percent": 88.12
				}
			,{
				"<=msec": 29.000
				,"percent": 90.08
				}
			,{
				"<=msec": 30.000
				,"percent": 91.90
				}
			,{
				"<=msec": 31.000
				,"percent": 93.35
				}
			,{
				"<=msec": 32.000
				,"percent": 94.60
				}
			,{
				"<=msec": 33.000
				,"percent": 95.63
				}
			,{
				"<=msec": 34.000
				,"percent": 96.59
				}
			,{
				"<=msec": 35.000
				,"percent": 97.33
				}
			,{
				"<=msec": 36.000
				,"percent": 97.93
				}
			,{
				"<=msec": 37.000
				,"percent": 98.39
				}
			,{
				"<=msec": 38.000
				,"percent": 98.76
				}
			,{
				"<=msec": 39.000
				,"percent": 99.09
				}
			,{
				"<=msec": 40.000
				,"percent": 99.32
				}
			,{
				"<=msec": 41.000
				,"percent": 99.47
				}
			,{
				"<=msec": 42.000
				,"percent": 99.56
				}
			,{
				"<=msec": 43.000
				,"percent": 99.64
				}
			,{
				"<=msec": 44.000
				,"percent": 99.72
				}
			,{
				"<=msec": 45.000
				,"percent": 99.76
				}
			,{
				"<=msec": 46.000
				,"percent": 99.79
				}
			,{
				"<=msec": 47.000
				,"percent": 99.81
				}
			,{
				"<=msec": 48.000
				,"percent": 99.83
				}
			,{
				"<=msec": 49.000
				,"percent": 99.86
				}
			,{
				"<=msec": 50.000
				,"percent": 99.88
				}
			,{
				"<=msec": 51.000
				,"percent": 99.89
				}
			,{
				"<=msec": 52.000
				,"percent": 99.90
				}
			,{
				"<=msec": 53.000
				,"percent": 99.90
				}
			,{
				"<=msec": 54.000
				,"percent": 99.91
				}
			,{
				"<=msec": 55.000
				,"percent": 99.93
				}
			,{
				"<=msec": 56.000
				,"percent": 99.95
				}
			,{
				"<=msec": 57.000
				,"percent": 99.95
				}
			,{
				"<=msec": 58.000
				,"percent": 99.95
				}
			,{
				"<=msec": 59.000
				,"percent": 99.95
				}
			,{
				"<=msec": 60.000
				,"percent": 99.96
				}
			,{
				"<=msec": 61.000
				,"percent": 99.96
				}
			,{
				"<=msec": 62.000
				,"percent": 99.96
				}
			,{
				"<=msec": 63.000
				,"percent": 99.96
				}
			,{
				"<=msec": 65.000
				,"percent": 99.96
				}
			,{
				"<=msec": 66.000
				,"percent": 99.96
				}
			,{
				"<=msec": 68.000
				,"percent": 99.96
				}
			,{
				"<=msec": 130.000
				,"percent": 99.96
				}
			,{
				"<=msec": 140.000
				,"percent": 99.97
				}
			,{
				"<=msec": 170.000
				,"percent": 99.97
				}
			,{
				"<=msec": 180.000
				,"percent": 99.97
				}
			,{
				"<=msec": 190.000
				,"percent": 99.99
				}
			,{
				"<=msec": 200.000
				,"percent": 99.99
				}
			,{
				"<=msec": 210.000
				,"percent": 99.99
				}
			,{
				"<=msec": 220.000
				,"percent": 100.00
				}
			,{
				"<=msec": 230.000
				,"percent": 100.00
				}
			]
		,"WAIT":[
		]
		}
	}
