{
	"configuration":{
		"server": "10.0.0.9"
		,"port": 11212
		,"unix socket": "(null)"
		,"protocol": "memcache_text"
		,"out_file": "(null)"
		,"client_stats": "(null)"
		,"run_count": 1
		,"debug": 0
		,"requests": 0
		,"clients": 32
		,"threads": 1
		,"test_time": 60
		,"ratio": "1:0"
		,"pipeline": 1
		,"data_size": 4096
		,"data_offset": 0
		,"random_data": "false"
		,"data_size_range": "0:0"
		,"data_size_list": ""
		,"data_size_pattern": "R"
		,"expiry_range": "9999:10000"
		,"data_import": "(null)"
		,"data_verify": "false"
		,"verify_only": "false"
		,"generate_keys": "false"
		,"key_prefix": "memtier-"
		,"key_minimum":           0
		,"key_maximum":        1000
		,"key_pattern": "R:R"
		,"key_stddev": 0.000000
		,"key_median": 0.000000
		,"reconnect_interval": 0
		,"multi_key_get": 0
		,"authenticate": ""
		,"select-db": 0
		,"no-expiry": "false"
		,"wait-ratio": "0:0"
		,"num-slaves": "0:0"
		,"wait-timeout": "0-0"
		}
	,"run information":{
		"Threads": 1
		,"Connections per thread": 32
		,"Seconds": 60
		}
	,"ALL STATS":{
		"Sets":{
			"Ops/sec": 1122.23
			,"Hits/sec": 0.00
			,"Misses/sec": 0.00
			,"Latency": 28.99
			,"KB/sec": 4532.07
			}
		,"Gets":{
			"Ops/sec": 0.00
			,"Hits/sec": 0.00
			,"Misses/sec": 0.00
			,"Latency": 0.00
			,"KB/sec": 0.00
			}
		,"Waits":{
			"Ops/sec": 0.00
			,"Hits/sec": 0.00
			,"Misses/sec": 0.00
			,"Latency": 0.00
			,"KB/sec": 0.00
			}
		,"Totals":{
			"Ops/sec": 1122.23
			,"Hits/sec": 0.00
			,"Misses/sec": 0.00
			,"Latency": 28.99
			,"KB/sec": 4532.07
			}
		,"SET":[
			{
				"<=msec": 11.000
				,"percent": 0.00
				}
			,{
				"<=msec": 12.000
				,"percent": 0.00
				}
			,{
				"<=msec": 13.000
				,"percent": 0.03
				}
			,{
				"<=msec": 14.000
				,"percent": 0.14
				}
			,{
				"<=msec": 15.000
				,"percent": 0.43
				}
			,{
				"<=msec": 16.000
				,"percent": 1.26
				}
			,{
				"<=msec": 17.000
				,"percent": 2.76
				}
			,{
				"<=msec": 18.000
				,"percent": 4.95
				}
			,{
				"<=msec": 19.000
				,"percent": 8.10
				}
			,{
				"<=msec": 20.000
				,"percent": 13.04
				}
			,{
				"<=msec": 21.000
				,"percent": 19.13
				}
			,{
				"<=msec": 22.000
				,"percent": 25.75
				}
			,{
				"<=msec": 23.000
				,"percent": 32.75
				}
			,{
				"<=msec": 24.000
				,"percent": 39.68
				}
			,{
				"<=msec": 25.000
				,"percent": 47.15
				}
			,{
				"<=msec": 26.000
				,"percent": 54.47
				}
			,{
				"<=msec": 27.000
				,"percent": 61.42
				}
			,{
				"<=msec": 28.000
				,"percent": 67.63
				}
			,{
				"<=msec": 29.000
				,"percent": 72.34
				}
			,{
				"<=msec": 30.000
				,"percent": 75.86
				}
			,{
				"<=msec": 31.000
				,"percent": 78.65
				}
			,{
				"<=msec": 32.000
				,"percent": 81.13
				}
			,{
				"<=msec": 33.000
				,"percent": 83.45
				}
			,{
				"<=msec": 34.000
				,"percent": 85.42
				}
			,{
				"<=msec": 35.000
				,"percent": 87.16
				}
			,{
				"<=msec": 36.000
				,"percent": 88.68
				}
			,{
				"<=msec": 37.000
				,"percent": 89.99
				}
			,{
				"<=msec": 38.000
				,"percent": 91.06
				}
			,{
				"<=msec": 39.000
				,"percent": 92.28
				}
			,{
				"<=msec": 40.000
				,"percent": 93.39
				}
			,{
				"<=msec": 41.000
				,"percent": 94.26
				}
			,{
				"<=msec": 42.000
				,"percent": 94.99
				}
			,{
				"<=msec": 43.000
				,"percent": 95.58
				}
			,{
				"<=msec": 44.000
				,"percent": 96.16
				}
			,{
				"<=msec": 45.000
				,"percent": 96.68
				}
			,{
				"<=msec": 46.000
				,"percent": 97.08
				}
			,{
				"<=msec": 47.000
				,"percent": 97.40
				}
			,{
				"<=msec": 48.000
				,"percent": 97.66
				}
			,{
				"<=msec": 49.000
				,"percent": 97.92
				}
			,{
				"<=msec": 50.000
				,"percent": 98.10
				}
			,{
				"<=msec": 51.000
				,"percent": 98.26
				}
			,{
				"<=msec": 52.000
				,"percent": 98.37
				}
			,{
				"<=msec": 53.000
				,"percent": 98.45
				}
			,{
				"<=msec": 54.000
				,"percent": 98.54
				}
			,{
				"<=msec": 55.000
				,"percent": 98.60
				}
			,{
				"<=msec": 56.000
				,"percent": 98.64
				}
			,{
				"<=msec": 57.000
				,"percent": 98.68
				}
			,{
				"<=msec": 58.000
				,"percent": 98.74
				}
			,{
				"<=msec": 59.000
				,"percent": 98.78
				}
			,{
				"<=msec": 60.000
				,"percent": 98.81
				}
			,{
				"<=msec": 61.000
				,"percent": 98.85
				}
			,{
				"<=msec": 62.000
				,"percent": 98.86
				}
			,{
				"<=msec": 63.000
				,"percent": 98.88
				}
			,{
				"<=msec": 64.000
				,"percent": 98.89
				}
			,{
				"<=msec": 65.000
				,"percent": 98.91
				}
			,{
				"<=msec": 66.000
				,"percent": 98.94
				}
			,{
				"<=msec": 67.000
				,"percent": 98.98
				}
			,{
				"<=msec": 68.000
				,"percent": 98.99
				}
			,{
				"<=msec": 69.000
				,"percent": 99.02
				}
			,{
				"<=msec": 70.000
				,"percent": 99.04
				}
			,{
				"<=msec": 71.000
				,"percent": 99.05
				}
			,{
				"<=msec": 72.000
				,"percent": 99.07
				}
			,{
				"<=msec": 73.000
				,"percent": 99.10
				}
			,{
				"<=msec": 74.000
				,"percent": 99.13
				}
			,{
				"<=msec": 75.000
				,"percent": 99.17
				}
			,{
				"<=msec": 76.000
				,"percent": 99.19
				}
			,{
				"<=msec": 77.000
				,"percent": 99.21
				}
			,{
				"<=msec": 78.000
				,"percent": 99.24
				}
			,{
				"<=msec": 79.000
				,"percent": 99.26
				}
			,{
				"<=msec": 80.000
				,"percent": 99.27
				}
			,{
				"<=msec": 81.000
				,"percent": 99.29
				}
			,{
				"<=msec": 82.000
				,"percent": 99.31
				}
			,{
				"<=msec": 83.000
				,"percent": 99.33
				}
			,{
				"<=msec": 84.000
				,"percent": 99.36
				}
			,{
				"<=msec": 85.000
				,"percent": 99.38
				}
			,{
				"<=msec": 86.000
				,"percent": 99.40
				}
			,{
				"<=msec": 87.000
				,"percent": 99.42
				}
			,{
				"<=msec": 88.000
				,"percent": 99.43
				}
			,{
				"<=msec": 89.000
				,"percent": 99.44
				}
			,{
				"<=msec": 90.000
				,"percent": 99.45
				}
			,{
				"<=msec": 91.000
				,"percent": 99.45
				}
			,{
				"<=msec": 92.000
				,"percent": 99.46
				}
			,{
				"<=msec": 93.000
				,"percent": 99.46
				}
			,{
				"<=msec": 94.000
				,"percent": 99.47
				}
			,{
				"<=msec": 95.000
				,"percent": 99.47
				}
			,{
				"<=msec": 96.000
				,"percent": 99.48
				}
			,{
				"<=msec": 97.000
				,"percent": 99.48
				}
			,{
				"<=msec": 99.000
				,"percent": 99.48
				}
			,{
				"<=msec": 100.000
				,"percent": 99.48
				}
			,{
				"<=msec": 110.000
				,"percent": 99.50
				}
			,{
				"<=msec": 120.000
				,"percent": 99.51
				}
			,{
				"<=msec": 130.000
				,"percent": 99.57
				}
			,{
				"<=msec": 140.000
				,"percent": 99.68
				}
			,{
				"<=msec": 150.000
				,"percent": 99.69
				}
			,{
				"<=msec": 160.000
				,"percent": 99.72
				}
			,{
				"<=msec": 170.000
				,"percent": 99.73
				}
			,{
				"<=msec": 180.000
				,"percent": 99.74
				}
			,{
				"<=msec": 190.000
				,"percent": 99.76
				}
			,{
				"<=msec": 200.000
				,"percent": 99.78
				}
			,{
				"<=msec": 210.000
				,"percent": 99.79
				}
			,{
				"<=msec": 220.000
				,"percent": 99.81
				}
			,{
				"<=msec": 230.000
				,"percent": 99.82
				}
			,{
				"<=msec": 240.000
				,"percent": 99.82
				}
			,{
				"<=msec": 250.000
				,"percent": 99.83
				}
			,{
				"<=msec": 260.000
				,"percent": 99.83
				}
			,{
				"<=msec": 290.000
				,"percent": 99.84
				}
			,{
				"<=msec": 300.000
				,"percent": 99.84
				}
			,{
				"<=msec": 340.000
				,"percent": 99.84
				}
			,{
				"<=msec": 350.000
				,"percent": 99.84
				}
			,{
				"<=msec": 360.000
				,"percent": 99.85
				}
			,{
				"<=msec": 370.000
				,"percent": 99.85
				}
			,{
				"<=msec": 410.000
				,"percent": 99.86
				}
			,{
				"<=msec": 430.000
				,"percent": 99.86
				}
			,{
				"<=msec": 440.000
				,"percent": 99.87
				}
			,{
				"<=msec": 450.000
				,"percent": 99.87
				}
			,{
				"<=msec": 460.000
				,"percent": 99.87
				}
			,{
				"<=msec": 510.000
				,"percent": 99.87
				}
			,{
				"<=msec": 540.000
				,"percent": 99.88
				}
			,{
				"<=msec": 560.000
				,"percent": 99.88
				}
			,{
				"<=msec": 570.000
				,"percent": 99.88
				}
			,{
				"<=msec": 580.000
				,"percent": 99.89
				}
			,{
				"<=msec": 590.000
				,"percent": 99.89
				}
			,{
				"<=msec": 600.000
				,"percent": 99.89
				}
			,{
				"<=msec": 610.000
				,"percent": 99.90
				}
			,{
				"<=msec": 620.000
				,"percent": 99.90
				}
			,{
				"<=msec": 630.000
				,"percent": 99.91
				}
			,{
				"<=msec": 640.000
				,"percent": 99.91
				}
			,{
				"<=msec": 650.000
				,"percent": 99.91
				}
			,{
				"<=msec": 660.000
				,"percent": 99.92
				}
			,{
				"<=msec": 670.000
				,"percent": 99.92
				}
			,{
				"<=msec": 680.000
				,"percent": 99.92
				}
			,{
				"<=msec": 730.000
				,"percent": 99.93
				}
			,{
				"<=msec": 760.000
				,"percent": 99.93
				}
			,{
				"<=msec": 770.000
				,"percent": 99.94
				}
			,{
				"<=msec": 780.000
				,"percent": 99.94
				}
			,{
				"<=msec": 790.000
				,"percent": 99.95
				}
			,{
				"<=msec": 800.000
				,"percent": 99.96
				}
			,{
				"<=msec": 810.000
				,"percent": 99.96
				}
			,{
				"<=msec": 820.000
				,"percent": 99.97
				}
			,{
				"<=msec": 830.000
				,"percent": 99.97
				}
			,{
				"<=msec": 860.000
				,"percent": 99.97
				}
			,{
				"<=msec": 900.000
				,"percent": 99.97
				}
			,{
				"<=msec": 910.000
				,"percent": 99.98
				}
			,{
				"<=msec": 920.000
				,"percent": 99.98
				}
			,{
				"<=msec": 930.000
				,"percent": 99.98
				}
			,{
				"<=msec": 1000.000
				,"percent": 99.99
				}
			,{
				"<=msec": 1100.000
				,"percent": 99.99
				}
			,{
				"<=msec": 1200.000
				,"percent": 100.00
				}
			,{
				"<=msec": 1300.000
				,"percent": 100.00
				}
			]
		,"GET":[
		]
		,"WAIT":[
		]
		}
	}
