{
	"configuration":{
		"server": "10.0.0.9"
		,"port": 11212
		,"unix socket": "(null)"
		,"protocol": "memcache_text"
		,"out_file": "(null)"
		,"client_stats": "(null)"
		,"run_count": 1
		,"debug": 0
		,"requests": 0
		,"clients": 32
		,"threads": 1
		,"test_time": 60
		,"ratio": "1:0"
		,"pipeline": 1
		,"data_size": 4096
		,"data_offset": 0
		,"random_data": "false"
		,"data_size_range": "0:0"
		,"data_size_list": ""
		,"data_size_pattern": "R"
		,"expiry_range": "9999:10000"
		,"data_import": "(null)"
		,"data_verify": "false"
		,"verify_only": "false"
		,"generate_keys": "false"
		,"key_prefix": "memtier-"
		,"key_minimum":           0
		,"key_maximum":        1000
		,"key_pattern": "R:R"
		,"key_stddev": 0.000000
		,"key_median": 0.000000
		,"reconnect_interval": 0
		,"multi_key_get": 0
		,"authenticate": ""
		,"select-db": 0
		,"no-expiry": "false"
		,"wait-ratio": "0:0"
		,"num-slaves": "0:0"
		,"wait-timeout": "0-0"
		}
	,"run information":{
		"Threads": 1
		,"Connections per thread": 32
		,"Seconds": 60
		}
	,"ALL STATS":{
		"Sets":{
			"Ops/sec": 1706.82
			,"Hits/sec": 0.00
			,"Misses/sec": 0.00
			,"Latency": 18.74
			,"KB/sec": 6892.93
			}
		,"Gets":{
			"Ops/sec": 0.00
			,"Hits/sec": 0.00
			,"Misses/sec": 0.00
			,"Latency": 0.00
			,"KB/sec": 0.00
			}
		,"Waits":{
			"Ops/sec": 0.00
			,"Hits/sec": 0.00
			,"Misses/sec": 0.00
			,"Latency": 0.00
			,"KB/sec": 0.00
			}
		,"Totals":{
			"Ops/sec": 1706.82
			,"Hits/sec": 0.00
			,"Misses/sec": 0.00
			,"Latency": 18.74
			,"KB/sec": 6892.93
			}
		,"SET":[
			{
				"<=msec": 4.600
				,"percent": 0.00
				}
			,{
				"<=msec": 4.700
				,"percent": 0.00
				}
			,{
				"<=msec": 4.900
				,"percent": 0.00
				}
			,{
				"<=msec": 5.100
				,"percent": 0.00
				}
			,{
				"<=msec": 5.200
				,"percent": 0.01
				}
			,{
				"<=msec": 5.300
				,"percent": 0.01
				}
			,{
				"<=msec": 5.400
				,"percent": 0.01
				}
			,{
				"<=msec": 5.500
				,"percent": 0.01
				}
			,{
				"<=msec": 5.600
				,"percent": 0.01
				}
			,{
				"<=msec": 5.800
				,"percent": 0.01
				}
			,{
				"<=msec": 5.900
				,"percent": 0.02
				}
			,{
				"<=msec": 6.000
				,"percent": 0.02
				}
			,{
				"<=msec": 6.300
				,"percent": 0.02
				}
			,{
				"<=msec": 6.500
				,"percent": 0.02
				}
			,{
				"<=msec": 6.700
				,"percent": 0.02
				}
			,{
				"<=msec": 6.800
				,"percent": 0.02
				}
			,{
				"<=msec": 6.900
				,"percent": 0.02
				}
			,{
				"<=msec": 7.100
				,"percent": 0.03
				}
			,{
				"<=msec": 7.200
				,"percent": 0.03
				}
			,{
				"<=msec": 7.300
				,"percent": 0.03
				}
			,{
				"<=msec": 7.400
				,"percent": 0.04
				}
			,{
				"<=msec": 7.500
				,"percent": 0.04
				}
			,{
				"<=msec": 7.600
				,"percent": 0.05
				}
			,{
				"<=msec": 7.700
				,"percent": 0.05
				}
			,{
				"<=msec": 7.800
				,"percent": 0.06
				}
			,{
				"<=msec": 7.900
				,"percent": 0.06
				}
			,{
				"<=msec": 8.000
				,"percent": 0.06
				}
			,{
				"<=msec": 8.100
				,"percent": 0.07
				}
			,{
				"<=msec": 8.200
				,"percent": 0.07
				}
			,{
				"<=msec": 8.300
				,"percent": 0.07
				}
			,{
				"<=msec": 8.400
				,"percent": 0.08
				}
			,{
				"<=msec": 8.500
				,"percent": 0.08
				}
			,{
				"<=msec": 8.600
				,"percent": 0.09
				}
			,{
				"<=msec": 8.700
				,"percent": 0.09
				}
			,{
				"<=msec": 8.800
				,"percent": 0.10
				}
			,{
				"<=msec": 8.900
				,"percent": 0.11
				}
			,{
				"<=msec": 9.000
				,"percent": 0.11
				}
			,{
				"<=msec": 9.100
				,"percent": 0.12
				}
			,{
				"<=msec": 9.200
				,"percent": 0.13
				}
			,{
				"<=msec": 9.300
				,"percent": 0.14
				}
			,{
				"<=msec": 9.400
				,"percent": 0.14
				}
			,{
				"<=msec": 9.500
				,"percent": 0.16
				}
			,{
				"<=msec": 9.600
				,"percent": 0.18
				}
			,{
				"<=msec": 9.700
				,"percent": 0.18
				}
			,{
				"<=msec": 9.800
				,"percent": 0.20
				}
			,{
				"<=msec": 9.900
				,"percent": 0.21
				}
			,{
				"<=msec": 10.000
				,"percent": 0.37
				}
			,{
				"<=msec": 11.000
				,"percent": 1.46
				}
			,{
				"<=msec": 12.000
				,"percent": 5.08
				}
			,{
				"<=msec": 13.000
				,"percent": 11.20
				}
			,{
				"<=msec": 14.000
				,"percent": 18.82
				}
			,{
				"<=msec": 15.000
				,"percent": 26.53
				}
			,{
				"<=msec": 16.000
				,"percent": 34.28
				}
			,{
				"<=msec": 17.000
				,"percent": 42.64
				}
			,{
				"<=msec": 18.000
				,"percent": 51.90
				}
			,{
				"<=msec": 19.000
				,"percent": 61.73
				}
			,{
				"<=msec": 20.000
				,"percent": 70.84
				}
			,{
				"<=msec": 21.000
				,"percent": 78.78
				}
			,{
				"<=msec": 22.000
				,"percent": 84.90
				}
			,{
				"<=msec": 23.000
				,"percent": 88.97
				}
			,{
				"<=msec": 24.000
				,"percent": 91.49
				}
			,{
				"<=msec": 25.000
				,"percent": 93.15
				}
			,{
				"<=msec": 26.000
				,"percent": 94.44
				}
			,{
				"<=msec": 27.000
				,"percent": 95.40
				}
			,{
				"<=msec": 28.000
				,"percent": 96.29
				}
			,{
				"<=msec": 29.000
				,"percent": 97.03
				}
			,{
				"<=msec": 30.000
				,"percent": 97.66
				}
			,{
				"<=msec": 31.000
				,"percent": 98.03
				}
			,{
				"<=msec": 32.000
				,"percent": 98.37
				}
			,{
				"<=msec": 33.000
				,"percent": 98.59
				}
			,{
				"<=msec": 34.000
				,"percent": 98.77
				}
			,{
				"<=msec": 35.000
				,"percent": 98.93
				}
			,{
				"<=msec": 36.000
				,"percent": 99.09
				}
			,{
				"<=msec": 37.000
				,"percent": 99.25
				}
			,{
				"<=msec": 38.000
				,"percent": 99.40
				}
			,{
				"<=msec": 39.000
				,"percent": 99.50
				}
			,{
				"<=msec": 40.000
				,"percent": 99.60
				}
			,{
				"<=msec": 41.000
				,"percent": 99.66
				}
			,{
				"<=msec": 42.000
				,"percent": 99.71
				}
			,{
				"<=msec": 43.000
				,"percent": 99.75
				}
			,{
				"<=msec": 44.000
				,"percent": 99.78
				}
			,{
				"<=msec": 45.000
				,"percent": 99.80
				}
			,{
				"<=msec": 46.000
				,"percent": 99.82
				}
			,{
				"<=msec": 47.000
				,"percent": 99.83
				}
			,{
				"<=msec": 48.000
				,"percent": 99.85
				}
			,{
				"<=msec": 49.000
				,"percent": 99.86
				}
			,{
				"<=msec": 50.000
				,"percent": 99.88
				}
			,{
				"<=msec": 51.000
				,"percent": 99.89
				}
			,{
				"<=msec": 52.000
				,"percent": 99.91
				}
			,{
				"<=msec": 53.000
				,"percent": 99.93
				}
			,{
				"<=msec": 54.000
				,"percent": 99.94
				}
			,{
				"<=msec": 55.000
				,"percent": 99.94
				}
			,{
				"<=msec": 56.000
				,"percent": 99.95
				}
			,{
				"<=msec": 57.000
				,"percent": 99.95
				}
			,{
				"<=msec": 59.000
				,"percent": 99.96
				}
			,{
				"<=msec": 60.000
				,"percent": 99.96
				}
			,{
				"<=msec": 61.000
				,"percent": 99.96
				}
			,{
				"<=msec": 64.000
				,"percent": 99.96
				}
			,{
				"<=msec": 65.000
				,"percent": 99.96
				}
			,{
				"<=msec": 66.000
				,"percent": 99.96
				}
			,{
				"<=msec": 67.000
				,"percent": 99.96
				}
			,{
				"<=msec": 69.000
				,"percent": 99.96
				}
			,{
				"<=msec": 70.000
				,"percent": 99.96
				}
			,{
				"<=msec": 71.000
				,"percent": 99.97
				}
			,{
				"<=msec": 160.000
				,"percent": 99.97
				}
			,{
				"<=msec": 170.000
				,"percent": 99.98
				}
			,{
				"<=msec": 180.000
				,"percent": 99.99
				}
			,{
				"<=msec": 190.000
				,"percent": 99.99
				}
			,{
				"<=msec": 200.000
				,"percent": 99.99
				}
			,{
				"<=msec": 220.000
				,"percent": 99.99
				}
			,{
				"<=msec": 230.000
				,"percent": 100.00
				}
			,{
				"<=msec": 250.000
				,"percent": 100.00
				}
			,{
				"<=msec": 280.000
				,"percent": 100.00
				}
			,{
				"<=msec": 290.000
				,"percent": 100.00
				}
			,{
				"<=msec": 330.000
				,"percent": 100.00
				}
			]
		,"GET":[
		]
		,"WAIT":[
		]
		}
	}
