{
	"configuration":{
		"server": "10.0.0.9"
		,"port": 11212
		,"unix socket": "(null)"
		,"protocol": "memcache_text"
		,"out_file": "(null)"
		,"client_stats": "(null)"
		,"run_count": 1
		,"debug": 0
		,"requests": 0
		,"clients": 32
		,"threads": 2
		,"test_time": 60
		,"ratio": "1:0"
		,"pipeline": 1
		,"data_size": 4096
		,"data_offset": 0
		,"random_data": "false"
		,"data_size_range": "0:0"
		,"data_size_list": ""
		,"data_size_pattern": "R"
		,"expiry_range": "9999:10000"
		,"data_import": "(null)"
		,"data_verify": "false"
		,"verify_only": "false"
		,"generate_keys": "false"
		,"key_prefix": "memtier-"
		,"key_minimum":           0
		,"key_maximum":        1000
		,"key_pattern": "R:R"
		,"key_stddev": 0.000000
		,"key_median": 0.000000
		,"reconnect_interval": 0
		,"multi_key_get": 0
		,"authenticate": ""
		,"select-db": 0
		,"no-expiry": "false"
		,"wait-ratio": "0:0"
		,"num-slaves": "0:0"
		,"wait-timeout": "0-0"
		}
	,"run information":{
		"Threads": 2
		,"Connections per thread": 32
		,"Seconds": 60
		}
	,"ALL STATS":{
		"Sets":{
			"Ops/sec": 1195.58
			,"Hits/sec": 0.00
			,"Misses/sec": 0.00
			,"Latency": 53.52
			,"KB/sec": 4828.27
			}
		,"Gets":{
			"Ops/sec": 0.00
			,"Hits/sec": 0.00
			,"Misses/sec": 0.00
			,"Latency": 0.00
			,"KB/sec": 0.00
			}
		,"Waits":{
			"Ops/sec": 0.00
			,"Hits/sec": 0.00
			,"Misses/sec": 0.00
			,"Latency": 0.00
			,"KB/sec": 0.00
			}
		,"Totals":{
			"Ops/sec": 1195.58
			,"Hits/sec": 0.00
			,"Misses/sec": 0.00
			,"Latency": 53.52
			,"KB/sec": 4828.27
			}
		,"SET":[
			{
				"<=msec": 18.000
				,"percent": 0.00
				}
			,{
				"<=msec": 19.000
				,"percent": 0.01
				}
			,{
				"<=msec": 20.000
				,"percent": 0.02
				}
			,{
				"<=msec": 21.000
				,"percent": 0.03
				}
			,{
				"<=msec": 22.000
				,"percent": 0.04
				}
			,{
				"<=msec": 23.000
				,"percent": 0.04
				}
			,{
				"<=msec": 24.000
				,"percent": 0.07
				}
			,{
				"<=msec": 25.000
				,"percent": 0.10
				}
			,{
				"<=msec": 26.000
				,"percent": 0.11
				}
			,{
				"<=msec": 27.000
				,"percent": 0.12
				}
			,{
				"<=msec": 28.000
				,"percent": 0.13
				}
			,{
				"<=msec": 29.000
				,"percent": 0.17
				}
			,{
				"<=msec": 30.000
				,"percent": 0.19
				}
			,{
				"<=msec": 31.000
				,"percent": 0.24
				}
			,{
				"<=msec": 32.000
				,"percent": 0.30
				}
			,{
				"<=msec": 33.000
				,"percent": 0.41
				}
			,{
				"<=msec": 34.000
				,"percent": 0.56
				}
			,{
				"<=msec": 35.000
				,"percent": 0.75
				}
			,{
				"<=msec": 36.000
				,"percent": 1.09
				}
			,{
				"<=msec": 37.000
				,"percent": 1.49
				}
			,{
				"<=msec": 38.000
				,"percent": 2.00
				}
			,{
				"<=msec": 39.000
				,"percent": 2.84
				}
			,{
				"<=msec": 40.000
				,"percent": 4.18
				}
			,{
				"<=msec": 41.000
				,"percent": 5.73
				}
			,{
				"<=msec": 42.000
				,"percent": 7.76
				}
			,{
				"<=msec": 43.000
				,"percent": 10.54
				}
			,{
				"<=msec": 44.000
				,"percent": 14.18
				}
			,{
				"<=msec": 45.000
				,"percent": 18.50
				}
			,{
				"<=msec": 46.000
				,"percent": 23.35
				}
			,{
				"<=msec": 47.000
				,"percent": 28.81
				}
			,{
				"<=msec": 48.000
				,"percent": 34.35
				}
			,{
				"<=msec": 49.000
				,"percent": 39.66
				}
			,{
				"<=msec": 50.000
				,"percent": 44.84
				}
			,{
				"<=msec": 51.000
				,"percent": 49.88
				}
			,{
				"<=msec": 52.000
				,"percent": 55.06
				}
			,{
				"<=msec": 53.000
				,"percent": 59.91
				}
			,{
				"<=msec": 54.000
				,"percent": 63.83
				}
			,{
				"<=msec": 55.000
				,"percent": 67.46
				}
			,{
				"<=msec": 56.000
				,"percent": 70.43
				}
			,{
				"<=msec": 57.000
				,"percent": 73.05
				}
			,{
				"<=msec": 58.000
				,"percent": 75.56
				}
			,{
				"<=msec": 59.000
				,"percent": 77.69
				}
			,{
				"<=msec": 60.000
				,"percent": 79.49
				}
			,{
				"<=msec": 61.000
				,"percent": 81.30
				}
			,{
				"<=msec": 62.000
				,"percent": 83.07
				}
			,{
				"<=msec": 63.000
				,"percent": 84.67
				}
			,{
				"<=msec": 64.000
				,"percent": 86.19
				}
			,{
				"<=msec": 65.000
				,"percent": 87.58
				}
			,{
				"<=msec": 66.000
				,"percent": 89.12
				}
			,{
				"<=msec": 67.000
				,"percent": 90.54
				}
			,{
				"<=msec": 68.000
				,"percent": 91.91
				}
			,{
				"<=msec": 69.000
				,"percent": 93.11
				}
			,{
				"<=msec": 70.000
				,"percent": 94.19
				}
			,{
				"<=msec": 71.000
				,"percent": 95.07
				}
			,{
				"<=msec": 72.000
				,"percent": 95.85
				}
			,{
				"<=msec": 73.000
				,"percent": 96.44
				}
			,{
				"<=msec": 74.000
				,"percent": 97.03
				}
			,{
				"<=msec": 75.000
				,"percent": 97.56
				}
			,{
				"<=msec": 76.000
				,"percent": 97.96
				}
			,{
				"<=msec": 77.000
				,"percent": 98.28
				}
			,{
				"<=msec": 78.000
				,"percent": 98.56
				}
			,{
				"<=msec": 79.000
				,"percent": 98.77
				}
			,{
				"<=msec": 80.000
				,"percent": 98.95
				}
			,{
				"<=msec": 81.000
				,"percent": 99.09
				}
			,{
				"<=msec": 82.000
				,"percent": 99.21
				}
			,{
				"<=msec": 83.000
				,"percent": 99.31
				}
			,{
				"<=msec": 84.000
				,"percent": 99.39
				}
			,{
				"<=msec": 85.000
				,"percent": 99.49
				}
			,{
				"<=msec": 86.000
				,"percent": 99.58
				}
			,{
				"<=msec": 87.000
				,"percent": 99.63
				}
			,{
				"<=msec": 88.000
				,"percent": 99.68
				}
			,{
				"<=msec": 89.000
				,"percent": 99.72
				}
			,{
				"<=msec": 90.000
				,"percent": 99.77
				}
			,{
				"<=msec": 91.000
				,"percent": 99.80
				}
			,{
				"<=msec": 92.000
				,"percent": 99.83
				}
			,{
				"<=msec": 93.000
				,"percent": 99.85
				}
			,{
				"<=msec": 94.000
				,"percent": 99.87
				}
			,{
				"<=msec": 95.000
				,"percent": 99.87
				}
			,{
				"<=msec": 96.000
				,"percent": 99.90
				}
			,{
				"<=msec": 97.000
				,"percent": 99.90
				}
			,{
				"<=msec": 98.000
				,"percent": 99.91
				}
			,{
				"<=msec": 100.000
				,"percent": 99.91
				}
			,{
				"<=msec": 110.000
				,"percent": 99.91
				}
			,{
				"<=msec": 250.000
				,"percent": 99.92
				}
			,{
				"<=msec": 260.000
				,"percent": 99.93
				}
			,{
				"<=msec": 270.000
				,"percent": 99.93
				}
			,{
				"<=msec": 280.000
				,"percent": 99.95
				}
			,{
				"<=msec": 290.000
				,"percent": 99.96
				}
			,{
				"<=msec": 300.000
				,"percent": 99.97
				}
			,{
				"<=msec": 310.000
				,"percent": 99.98
				}
			,{
				"<=msec": 320.000
				,"percent": 99.98
				}
			,{
				"<=msec": 330.000
				,"percent": 100.00
				}
			]
		,"GET":[
		]
		,"WAIT":[
		]
		}
	}
