{
	"configuration":{
		"server": "10.0.0.9"
		,"port": 11212
		,"unix socket": "(null)"
		,"protocol": "memcache_text"
		,"out_file": "(null)"
		,"client_stats": "(null)"
		,"run_count": 1
		,"debug": 0
		,"requests": 0
		,"clients": 2
		,"threads": 1
		,"test_time": 60
		,"ratio": "1:9"
		,"pipeline": 1
		,"data_size": 4096
		,"data_offset": 0
		,"random_data": "false"
		,"data_size_range": "0:0"
		,"data_size_list": ""
		,"data_size_pattern": "R"
		,"expiry_range": "9999:10000"
		,"data_import": "(null)"
		,"data_verify": "false"
		,"verify_only": "false"
		,"generate_keys": "false"
		,"key_prefix": "memtier-"
		,"key_minimum":           0
		,"key_maximum":        1000
		,"key_pattern": "R:R"
		,"key_stddev": 0.000000
		,"key_median": 0.000000
		,"reconnect_interval": 0
		,"multi_key_get": 9
		,"authenticate": ""
		,"select-db": 0
		,"no-expiry": "false"
		,"wait-ratio": "0:0"
		,"num-slaves": "0:0"
		,"wait-timeout": "0-0"
		}
	,"run information":{
		"Threads": 1
		,"Connections per thread": 2
		,"Seconds": 60
		}
	,"ALL STATS":{
		"Sets":{
			"Ops/sec": 163.88
			,"Hits/sec": 0.00
			,"Misses/sec": 0.00
			,"Latency": 6.61
			,"KB/sec": 661.82
			}
		,"Gets":{
			"Ops/sec": 163.86
			,"Hits/sec": 1474.77
			,"Misses/sec": 0.00
			,"Latency": 5.57
			,"KB/sec": 5957.98
			}
		,"Waits":{
			"Ops/sec": 0.00
			,"Hits/sec": 0.00
			,"Misses/sec": 0.00
			,"Latency": 0.00
			,"KB/sec": 0.00
			}
		,"Totals":{
			"Ops/sec": 327.74
			,"Hits/sec": 1474.77
			,"Misses/sec": 0.00
			,"Latency": 6.09
			,"KB/sec": 6619.80
			}
		,"SET":[
			{
				"<=msec": 1.200
				,"percent": 0.01
				}
			,{
				"<=msec": 1.300
				,"percent": 0.15
				}
			,{
				"<=msec": 1.400
				,"percent": 0.65
				}
			,{
				"<=msec": 1.500
				,"percent": 2.05
				}
			,{
				"<=msec": 1.600
				,"percent": 4.60
				}
			,{
				"<=msec": 1.700
				,"percent": 8.32
				}
			,{
				"<=msec": 1.800
				,"percent": 12.59
				}
			,{
				"<=msec": 1.900
				,"percent": 17.55
				}
			,{
				"<=msec": 2.000
				,"percent": 22.02
				}
			,{
				"<=msec": 2.100
				,"percent": 25.81
				}
			,{
				"<=msec": 2.200
				,"percent": 29.18
				}
			,{
				"<=msec": 2.300
				,"percent": 31.65
				}
			,{
				"<=msec": 2.400
				,"percent": 33.97
				}
			,{
				"<=msec": 2.500
				,"percent": 35.67
				}
			,{
				"<=msec": 2.600
				,"percent": 37.10
				}
			,{
				"<=msec": 2.700
				,"percent": 38.33
				}
			,{
				"<=msec": 2.800
				,"percent": 39.51
				}
			,{
				"<=msec": 2.900
				,"percent": 40.48
				}
			,{
				"<=msec": 3.000
				,"percent": 41.25
				}
			,{
				"<=msec": 3.100
				,"percent": 42.08
				}
			,{
				"<=msec": 3.200
				,"percent": 42.78
				}
			,{
				"<=msec": 3.300
				,"percent": 43.34
				}
			,{
				"<=msec": 3.400
				,"percent": 43.88
				}
			,{
				"<=msec": 3.500
				,"percent": 44.44
				}
			,{
				"<=msec": 3.600
				,"percent": 44.90
				}
			,{
				"<=msec": 3.700
				,"percent": 45.39
				}
			,{
				"<=msec": 3.800
				,"percent": 45.77
				}
			,{
				"<=msec": 3.900
				,"percent": 46.09
				}
			,{
				"<=msec": 4.000
				,"percent": 46.46
				}
			,{
				"<=msec": 4.100
				,"percent": 46.81
				}
			,{
				"<=msec": 4.200
				,"percent": 47.16
				}
			,{
				"<=msec": 4.300
				,"percent": 47.55
				}
			,{
				"<=msec": 4.400
				,"percent": 47.96
				}
			,{
				"<=msec": 4.500
				,"percent": 48.32
				}
			,{
				"<=msec": 4.600
				,"percent": 48.70
				}
			,{
				"<=msec": 4.700
				,"percent": 49.01
				}
			,{
				"<=msec": 4.800
				,"percent": 49.37
				}
			,{
				"<=msec": 4.900
				,"percent": 49.84
				}
			,{
				"<=msec": 5.000
				,"percent": 50.16
				}
			,{
				"<=msec": 5.100
				,"percent": 50.44
				}
			,{
				"<=msec": 5.200
				,"percent": 50.74
				}
			,{
				"<=msec": 5.300
				,"percent": 51.01
				}
			,{
				"<=msec": 5.400
				,"percent": 51.41
				}
			,{
				"<=msec": 5.500
				,"percent": 51.71
				}
			,{
				"<=msec": 5.600
				,"percent": 52.05
				}
			,{
				"<=msec": 5.700
				,"percent": 52.28
				}
			,{
				"<=msec": 5.800
				,"percent": 52.64
				}
			,{
				"<=msec": 5.900
				,"percent": 53.01
				}
			,{
				"<=msec": 6.000
				,"percent": 53.42
				}
			,{
				"<=msec": 6.100
				,"percent": 53.88
				}
			,{
				"<=msec": 6.200
				,"percent": 54.32
				}
			,{
				"<=msec": 6.300
				,"percent": 54.70
				}
			,{
				"<=msec": 6.400
				,"percent": 55.02
				}
			,{
				"<=msec": 6.500
				,"percent": 55.48
				}
			,{
				"<=msec": 6.600
				,"percent": 55.79
				}
			,{
				"<=msec": 6.700
				,"percent": 56.12
				}
			,{
				"<=msec": 6.800
				,"percent": 56.60
				}
			,{
				"<=msec": 6.900
				,"percent": 56.97
				}
			,{
				"<=msec": 7.000
				,"percent": 57.39
				}
			,{
				"<=msec": 7.100
				,"percent": 57.74
				}
			,{
				"<=msec": 7.200
				,"percent": 58.24
				}
			,{
				"<=msec": 7.300
				,"percent": 58.83
				}
			,{
				"<=msec": 7.400
				,"percent": 59.24
				}
			,{
				"<=msec": 7.500
				,"percent": 59.82
				}
			,{
				"<=msec": 7.600
				,"percent": 60.27
				}
			,{
				"<=msec": 7.700
				,"percent": 60.66
				}
			,{
				"<=msec": 7.800
				,"percent": 61.07
				}
			,{
				"<=msec": 7.900
				,"percent": 61.59
				}
			,{
				"<=msec": 8.000
				,"percent": 62.09
				}
			,{
				"<=msec": 8.100
				,"percent": 62.50
				}
			,{
				"<=msec": 8.200
				,"percent": 62.94
				}
			,{
				"<=msec": 8.300
				,"percent": 63.40
				}
			,{
				"<=msec": 8.400
				,"percent": 63.86
				}
			,{
				"<=msec": 8.500
				,"percent": 64.35
				}
			,{
				"<=msec": 8.600
				,"percent": 64.91
				}
			,{
				"<=msec": 8.700
				,"percent": 65.46
				}
			,{
				"<=msec": 8.800
				,"percent": 65.96
				}
			,{
				"<=msec": 8.900
				,"percent": 66.38
				}
			,{
				"<=msec": 9.000
				,"percent": 66.92
				}
			,{
				"<=msec": 9.100
				,"percent": 67.28
				}
			,{
				"<=msec": 9.200
				,"percent": 67.80
				}
			,{
				"<=msec": 9.300
				,"percent": 68.22
				}
			,{
				"<=msec": 9.400
				,"percent": 68.65
				}
			,{
				"<=msec": 9.500
				,"percent": 69.09
				}
			,{
				"<=msec": 9.600
				,"percent": 69.58
				}
			,{
				"<=msec": 9.700
				,"percent": 69.94
				}
			,{
				"<=msec": 9.800
				,"percent": 70.41
				}
			,{
				"<=msec": 9.900
				,"percent": 70.70
				}
			,{
				"<=msec": 10.000
				,"percent": 72.71
				}
			,{
				"<=msec": 11.000
				,"percent": 76.46
				}
			,{
				"<=msec": 12.000
				,"percent": 81.25
				}
			,{
				"<=msec": 13.000
				,"percent": 89.65
				}
			,{
				"<=msec": 14.000
				,"percent": 94.04
				}
			,{
				"<=msec": 15.000
				,"percent": 98.66
				}
			,{
				"<=msec": 16.000
				,"percent": 99.43
				}
			,{
				"<=msec": 17.000
				,"percent": 99.62
				}
			,{
				"<=msec": 18.000
				,"percent": 99.68
				}
			,{
				"<=msec": 19.000
				,"percent": 99.78
				}
			,{
				"<=msec": 20.000
				,"percent": 99.85
				}
			,{
				"<=msec": 21.000
				,"percent": 99.88
				}
			,{
				"<=msec": 22.000
				,"percent": 99.94
				}
			,{
				"<=msec": 23.000
				,"percent": 99.95
				}
			,{
				"<=msec": 25.000
				,"percent": 99.97
				}
			,{
				"<=msec": 31.000
				,"percent": 99.98
				}
			,{
				"<=msec": 32.000
				,"percent": 99.99
				}
			,{
				"<=msec": 43.000
				,"percent": 100.00
				}
			]
		,"GET":[
			{
				"<=msec": 1.600
				,"percent": 0.04
				}
			,{
				"<=msec": 1.700
				,"percent": 0.29
				}
			,{
				"<=msec": 1.800
				,"percent": 1.35
				}
			,{
				"<=msec": 1.900
				,"percent": 3.35
				}
			,{
				"<=msec": 2.000
				,"percent": 6.62
				}
			,{
				"<=msec": 2.100
				,"percent": 10.97
				}
			,{
				"<=msec": 2.200
				,"percent": 15.85
				}
			,{
				"<=msec": 2.300
				,"percent": 21.24
				}
			,{
				"<=msec": 2.400
				,"percent": 26.13
				}
			,{
				"<=msec": 2.500
				,"percent": 31.42
				}
			,{
				"<=msec": 2.600
				,"percent": 36.38
				}
			,{
				"<=msec": 2.700
				,"percent": 40.71
				}
			,{
				"<=msec": 2.800
				,"percent": 45.20
				}
			,{
				"<=msec": 2.900
				,"percent": 48.85
				}
			,{
				"<=msec": 3.000
				,"percent": 52.24
				}
			,{
				"<=msec": 3.100
				,"percent": 54.99
				}
			,{
				"<=msec": 3.200
				,"percent": 57.43
				}
			,{
				"<=msec": 3.300
				,"percent": 59.61
				}
			,{
				"<=msec": 3.400
				,"percent": 61.17
				}
			,{
				"<=msec": 3.500
				,"percent": 62.58
				}
			,{
				"<=msec": 3.600
				,"percent": 64.03
				}
			,{
				"<=msec": 3.700
				,"percent": 65.13
				}
			,{
				"<=msec": 3.800
				,"percent": 65.94
				}
			,{
				"<=msec": 3.900
				,"percent": 66.88
				}
			,{
				"<=msec": 4.000
				,"percent": 67.54
				}
			,{
				"<=msec": 4.100
				,"percent": 68.19
				}
			,{
				"<=msec": 4.200
				,"percent": 68.68
				}
			,{
				"<=msec": 4.300
				,"percent": 69.19
				}
			,{
				"<=msec": 4.400
				,"percent": 69.68
				}
			,{
				"<=msec": 4.500
				,"percent": 70.07
				}
			,{
				"<=msec": 4.600
				,"percent": 70.34
				}
			,{
				"<=msec": 4.700
				,"percent": 70.68
				}
			,{
				"<=msec": 4.800
				,"percent": 71.00
				}
			,{
				"<=msec": 4.900
				,"percent": 71.20
				}
			,{
				"<=msec": 5.000
				,"percent": 71.44
				}
			,{
				"<=msec": 5.100
				,"percent": 71.76
				}
			,{
				"<=msec": 5.200
				,"percent": 71.94
				}
			,{
				"<=msec": 5.300
				,"percent": 72.07
				}
			,{
				"<=msec": 5.400
				,"percent": 72.24
				}
			,{
				"<=msec": 5.500
				,"percent": 72.41
				}
			,{
				"<=msec": 5.600
				,"percent": 72.56
				}
			,{
				"<=msec": 5.700
				,"percent": 72.73
				}
			,{
				"<=msec": 5.800
				,"percent": 72.88
				}
			,{
				"<=msec": 5.900
				,"percent": 73.13
				}
			,{
				"<=msec": 6.000
				,"percent": 73.37
				}
			,{
				"<=msec": 6.100
				,"percent": 73.58
				}
			,{
				"<=msec": 6.200
				,"percent": 73.85
				}
			,{
				"<=msec": 6.300
				,"percent": 74.04
				}
			,{
				"<=msec": 6.400
				,"percent": 74.25
				}
			,{
				"<=msec": 6.500
				,"percent": 74.43
				}
			,{
				"<=msec": 6.600
				,"percent": 74.56
				}
			,{
				"<=msec": 6.700
				,"percent": 74.71
				}
			,{
				"<=msec": 6.800
				,"percent": 74.85
				}
			,{
				"<=msec": 6.900
				,"percent": 75.02
				}
			,{
				"<=msec": 7.000
				,"percent": 75.18
				}
			,{
				"<=msec": 7.100
				,"percent": 75.37
				}
			,{
				"<=msec": 7.200
				,"percent": 75.56
				}
			,{
				"<=msec": 7.300
				,"percent": 75.71
				}
			,{
				"<=msec": 7.400
				,"percent": 75.82
				}
			,{
				"<=msec": 7.500
				,"percent": 75.95
				}
			,{
				"<=msec": 7.600
				,"percent": 76.15
				}
			,{
				"<=msec": 7.700
				,"percent": 76.30
				}
			,{
				"<=msec": 7.800
				,"percent": 76.46
				}
			,{
				"<=msec": 7.900
				,"percent": 76.63
				}
			,{
				"<=msec": 8.000
				,"percent": 76.70
				}
			,{
				"<=msec": 8.100
				,"percent": 76.88
				}
			,{
				"<=msec": 8.200
				,"percent": 77.02
				}
			,{
				"<=msec": 8.300
				,"percent": 77.22
				}
			,{
				"<=msec": 8.400
				,"percent": 77.35
				}
			,{
				"<=msec": 8.500
				,"percent": 77.47
				}
			,{
				"<=msec": 8.600
				,"percent": 77.57
				}
			,{
				"<=msec": 8.700
				,"percent": 77.77
				}
			,{
				"<=msec": 8.800
				,"percent": 77.90
				}
			,{
				"<=msec": 8.900
				,"percent": 78.09
				}
			,{
				"<=msec": 9.000
				,"percent": 78.23
				}
			,{
				"<=msec": 9.100
				,"percent": 78.43
				}
			,{
				"<=msec": 9.200
				,"percent": 78.59
				}
			,{
				"<=msec": 9.300
				,"percent": 78.65
				}
			,{
				"<=msec": 9.400
				,"percent": 78.74
				}
			,{
				"<=msec": 9.500
				,"percent": 78.86
				}
			,{
				"<=msec": 9.600
				,"percent": 78.98
				}
			,{
				"<=msec": 9.700
				,"percent": 79.10
				}
			,{
				"<=msec": 9.800
				,"percent": 79.19
				}
			,{
				"<=msec": 9.900
				,"percent": 79.32
				}
			,{
				"<=msec": 10.000
				,"percent": 80.31
				}
			,{
				"<=msec": 11.000
				,"percent": 82.54
				}
			,{
				"<=msec": 12.000
				,"percent": 85.65
				}
			,{
				"<=msec": 13.000
				,"percent": 88.21
				}
			,{
				"<=msec": 14.000
				,"percent": 90.34
				}
			,{
				"<=msec": 15.000
				,"percent": 91.49
				}
			,{
				"<=msec": 16.000
				,"percent": 96.56
				}
			,{
				"<=msec": 17.000
				,"percent": 98.22
				}
			,{
				"<=msec": 18.000
				,"percent": 98.69
				}
			,{
				"<=msec": 19.000
				,"percent": 98.88
				}
			,{
				"<=msec": 20.000
				,"percent": 99.00
				}
			,{
				"<=msec": 21.000
				,"percent": 99.08
				}
			,{
				"<=msec": 22.000
				,"percent": 99.21
				}
			,{
				"<=msec": 23.000
				,"percent": 99.25
				}
			,{
				"<=msec": 24.000
				,"percent": 99.35
				}
			,{
				"<=msec": 25.000
				,"percent": 99.44
				}
			,{
				"<=msec": 26.000
				,"percent": 99.51
				}
			,{
				"<=msec": 27.000
				,"percent": 99.64
				}
			,{
				"<=msec": 28.000
				,"percent": 99.77
				}
			,{
				"<=msec": 29.000
				,"percent": 99.87
				}
			,{
				"<=msec": 30.000
				,"percent": 99.88
				}
			,{
				"<=msec": 31.000
				,"percent": 99.90
				}
			,{
				"<=msec": 32.000
				,"percent": 99.95
				}
			,{
				"<=msec": 33.000
				,"percent": 99.96
				}
			,{
				"<=msec": 34.000
				,"percent": 99.97
				}
			,{
				"<=msec": 36.000
				,"percent": 99.98
				}
			,{
				"<=msec": 41.000
				,"percent": 99.99
				}
			,{
				"<=msec": 48.000
				,"percent": 100.00
				}
			]
		,"WAIT":[
		]
		}
	}
