{
	"configuration":{
		"server": "10.0.0.9"
		,"port": 11212
		,"unix socket": "(null)"
		,"protocol": "memcache_text"
		,"out_file": "(null)"
		,"client_stats": "(null)"
		,"run_count": 1
		,"debug": 0
		,"requests": 0
		,"clients": 2
		,"threads": 1
		,"test_time": 60
		,"ratio": "1:9"
		,"pipeline": 1
		,"data_size": 4096
		,"data_offset": 0
		,"random_data": "false"
		,"data_size_range": "0:0"
		,"data_size_list": ""
		,"data_size_pattern": "R"
		,"expiry_range": "9999:10000"
		,"data_import": "(null)"
		,"data_verify": "false"
		,"verify_only": "false"
		,"generate_keys": "false"
		,"key_prefix": "memtier-"
		,"key_minimum":           0
		,"key_maximum":        1000
		,"key_pattern": "R:R"
		,"key_stddev": 0.000000
		,"key_median": 0.000000
		,"reconnect_interval": 0
		,"multi_key_get": 9
		,"authenticate": ""
		,"select-db": 0
		,"no-expiry": "false"
		,"wait-ratio": "0:0"
		,"num-slaves": "0:0"
		,"wait-timeout": "0-0"
		}
	,"run information":{
		"Threads": 1
		,"Connections per thread": 2
		,"Seconds": 60
		}
	,"ALL STATS":{
		"Sets":{
			"Ops/sec": 160.87
			,"Hits/sec": 0.00
			,"Misses/sec": 0.00
			,"Latency": 6.68
			,"KB/sec": 649.65
			}
		,"Gets":{
			"Ops/sec": 160.83
			,"Hits/sec": 1447.50
			,"Misses/sec": 0.00
			,"Latency": 5.73
			,"KB/sec": 5847.79
			}
		,"Waits":{
			"Ops/sec": 0.00
			,"Hits/sec": 0.00
			,"Misses/sec": 0.00
			,"Latency": 0.00
			,"KB/sec": 0.00
			}
		,"Totals":{
			"Ops/sec": 321.70
			,"Hits/sec": 1447.50
			,"Misses/sec": 0.00
			,"Latency": 6.21
			,"KB/sec": 6497.44
			}
		,"SET":[
			{
				"<=msec": 1.200
				,"percent": 0.02
				}
			,{
				"<=msec": 1.300
				,"percent": 0.07
				}
			,{
				"<=msec": 1.400
				,"percent": 0.37
				}
			,{
				"<=msec": 1.500
				,"percent": 1.67
				}
			,{
				"<=msec": 1.600
				,"percent": 3.87
				}
			,{
				"<=msec": 1.700
				,"percent": 7.12
				}
			,{
				"<=msec": 1.800
				,"percent": 11.60
				}
			,{
				"<=msec": 1.900
				,"percent": 16.16
				}
			,{
				"<=msec": 2.000
				,"percent": 20.44
				}
			,{
				"<=msec": 2.100
				,"percent": 24.59
				}
			,{
				"<=msec": 2.200
				,"percent": 27.72
				}
			,{
				"<=msec": 2.300
				,"percent": 30.34
				}
			,{
				"<=msec": 2.400
				,"percent": 32.92
				}
			,{
				"<=msec": 2.500
				,"percent": 35.14
				}
			,{
				"<=msec": 2.600
				,"percent": 36.79
				}
			,{
				"<=msec": 2.700
				,"percent": 38.04
				}
			,{
				"<=msec": 2.800
				,"percent": 39.14
				}
			,{
				"<=msec": 2.900
				,"percent": 40.03
				}
			,{
				"<=msec": 3.000
				,"percent": 40.94
				}
			,{
				"<=msec": 3.100
				,"percent": 41.70
				}
			,{
				"<=msec": 3.200
				,"percent": 42.31
				}
			,{
				"<=msec": 3.300
				,"percent": 42.97
				}
			,{
				"<=msec": 3.400
				,"percent": 43.51
				}
			,{
				"<=msec": 3.500
				,"percent": 43.88
				}
			,{
				"<=msec": 3.600
				,"percent": 44.28
				}
			,{
				"<=msec": 3.700
				,"percent": 44.69
				}
			,{
				"<=msec": 3.800
				,"percent": 45.11
				}
			,{
				"<=msec": 3.900
				,"percent": 45.61
				}
			,{
				"<=msec": 4.000
				,"percent": 46.14
				}
			,{
				"<=msec": 4.100
				,"percent": 46.53
				}
			,{
				"<=msec": 4.200
				,"percent": 46.84
				}
			,{
				"<=msec": 4.300
				,"percent": 47.19
				}
			,{
				"<=msec": 4.400
				,"percent": 47.55
				}
			,{
				"<=msec": 4.500
				,"percent": 47.89
				}
			,{
				"<=msec": 4.600
				,"percent": 48.22
				}
			,{
				"<=msec": 4.700
				,"percent": 48.58
				}
			,{
				"<=msec": 4.800
				,"percent": 48.93
				}
			,{
				"<=msec": 4.900
				,"percent": 49.24
				}
			,{
				"<=msec": 5.000
				,"percent": 49.49
				}
			,{
				"<=msec": 5.100
				,"percent": 49.83
				}
			,{
				"<=msec": 5.200
				,"percent": 50.22
				}
			,{
				"<=msec": 5.300
				,"percent": 50.53
				}
			,{
				"<=msec": 5.400
				,"percent": 50.93
				}
			,{
				"<=msec": 5.500
				,"percent": 51.30
				}
			,{
				"<=msec": 5.600
				,"percent": 51.69
				}
			,{
				"<=msec": 5.700
				,"percent": 52.00
				}
			,{
				"<=msec": 5.800
				,"percent": 52.36
				}
			,{
				"<=msec": 5.900
				,"percent": 52.55
				}
			,{
				"<=msec": 6.000
				,"percent": 52.80
				}
			,{
				"<=msec": 6.100
				,"percent": 53.18
				}
			,{
				"<=msec": 6.200
				,"percent": 53.48
				}
			,{
				"<=msec": 6.300
				,"percent": 53.79
				}
			,{
				"<=msec": 6.400
				,"percent": 54.22
				}
			,{
				"<=msec": 6.500
				,"percent": 54.59
				}
			,{
				"<=msec": 6.600
				,"percent": 55.08
				}
			,{
				"<=msec": 6.700
				,"percent": 55.51
				}
			,{
				"<=msec": 6.800
				,"percent": 55.85
				}
			,{
				"<=msec": 6.900
				,"percent": 56.32
				}
			,{
				"<=msec": 7.000
				,"percent": 56.67
				}
			,{
				"<=msec": 7.100
				,"percent": 57.24
				}
			,{
				"<=msec": 7.200
				,"percent": 57.62
				}
			,{
				"<=msec": 7.300
				,"percent": 57.83
				}
			,{
				"<=msec": 7.400
				,"percent": 58.31
				}
			,{
				"<=msec": 7.500
				,"percent": 58.70
				}
			,{
				"<=msec": 7.600
				,"percent": 59.16
				}
			,{
				"<=msec": 7.700
				,"percent": 59.62
				}
			,{
				"<=msec": 7.800
				,"percent": 60.16
				}
			,{
				"<=msec": 7.900
				,"percent": 60.66
				}
			,{
				"<=msec": 8.000
				,"percent": 61.16
				}
			,{
				"<=msec": 8.100
				,"percent": 61.67
				}
			,{
				"<=msec": 8.200
				,"percent": 62.17
				}
			,{
				"<=msec": 8.300
				,"percent": 62.69
				}
			,{
				"<=msec": 8.400
				,"percent": 63.09
				}
			,{
				"<=msec": 8.500
				,"percent": 63.51
				}
			,{
				"<=msec": 8.600
				,"percent": 63.89
				}
			,{
				"<=msec": 8.700
				,"percent": 64.47
				}
			,{
				"<=msec": 8.800
				,"percent": 65.00
				}
			,{
				"<=msec": 8.900
				,"percent": 65.46
				}
			,{
				"<=msec": 9.000
				,"percent": 65.85
				}
			,{
				"<=msec": 9.100
				,"percent": 66.35
				}
			,{
				"<=msec": 9.200
				,"percent": 66.90
				}
			,{
				"<=msec": 9.300
				,"percent": 67.29
				}
			,{
				"<=msec": 9.400
				,"percent": 67.66
				}
			,{
				"<=msec": 9.500
				,"percent": 68.27
				}
			,{
				"<=msec": 9.600
				,"percent": 68.67
				}
			,{
				"<=msec": 9.700
				,"percent": 69.18
				}
			,{
				"<=msec": 9.800
				,"percent": 69.55
				}
			,{
				"<=msec": 9.900
				,"percent": 69.96
				}
			,{
				"<=msec": 10.000
				,"percent": 71.92
				}
			,{
				"<=msec": 11.000
				,"percent": 75.28
				}
			,{
				"<=msec": 12.000
				,"percent": 81.03
				}
			,{
				"<=msec": 13.000
				,"percent": 89.34
				}
			,{
				"<=msec": 14.000
				,"percent": 93.91
				}
			,{
				"<=msec": 15.000
				,"percent": 98.82
				}
			,{
				"<=msec": 16.000
				,"percent": 99.56
				}
			,{
				"<=msec": 17.000
				,"percent": 99.69
				}
			,{
				"<=msec": 18.000
				,"percent": 99.78
				}
			,{
				"<=msec": 19.000
				,"percent": 99.85
				}
			,{
				"<=msec": 20.000
				,"percent": 99.89
				}
			,{
				"<=msec": 21.000
				,"percent": 99.90
				}
			,{
				"<=msec": 22.000
				,"percent": 99.93
				}
			,{
				"<=msec": 25.000
				,"percent": 99.95
				}
			,{
				"<=msec": 26.000
				,"percent": 99.96
				}
			,{
				"<=msec": 27.000
				,"percent": 99.98
				}
			,{
				"<=msec": 30.000
				,"percent": 99.99
				}
			,{
				"<=msec": 32.000
				,"percent": 100.00
				}
			]
		,"GET":[
			{
				"<=msec": 1.600
				,"percent": 0.02
				}
			,{
				"<=msec": 1.700
				,"percent": 0.21
				}
			,{
				"<=msec": 1.800
				,"percent": 0.76
				}
			,{
				"<=msec": 1.900
				,"percent": 2.10
				}
			,{
				"<=msec": 2.000
				,"percent": 4.44
				}
			,{
				"<=msec": 2.100
				,"percent": 7.97
				}
			,{
				"<=msec": 2.200
				,"percent": 11.92
				}
			,{
				"<=msec": 2.300
				,"percent": 16.46
				}
			,{
				"<=msec": 2.400
				,"percent": 21.35
				}
			,{
				"<=msec": 2.500
				,"percent": 26.32
				}
			,{
				"<=msec": 2.600
				,"percent": 31.38
				}
			,{
				"<=msec": 2.700
				,"percent": 35.71
				}
			,{
				"<=msec": 2.800
				,"percent": 40.07
				}
			,{
				"<=msec": 2.900
				,"percent": 44.04
				}
			,{
				"<=msec": 3.000
				,"percent": 47.46
				}
			,{
				"<=msec": 3.100
				,"percent": 50.88
				}
			,{
				"<=msec": 3.200
				,"percent": 53.63
				}
			,{
				"<=msec": 3.300
				,"percent": 56.09
				}
			,{
				"<=msec": 3.400
				,"percent": 58.09
				}
			,{
				"<=msec": 3.500
				,"percent": 59.74
				}
			,{
				"<=msec": 3.600
				,"percent": 61.27
				}
			,{
				"<=msec": 3.700
				,"percent": 62.69
				}
			,{
				"<=msec": 3.800
				,"percent": 63.67
				}
			,{
				"<=msec": 3.900
				,"percent": 64.75
				}
			,{
				"<=msec": 4.000
				,"percent": 65.43
				}
			,{
				"<=msec": 4.100
				,"percent": 66.33
				}
			,{
				"<=msec": 4.200
				,"percent": 67.02
				}
			,{
				"<=msec": 4.300
				,"percent": 67.48
				}
			,{
				"<=msec": 4.400
				,"percent": 67.91
				}
			,{
				"<=msec": 4.500
				,"percent": 68.26
				}
			,{
				"<=msec": 4.600
				,"percent": 68.76
				}
			,{
				"<=msec": 4.700
				,"percent": 69.09
				}
			,{
				"<=msec": 4.800
				,"percent": 69.51
				}
			,{
				"<=msec": 4.900
				,"percent": 69.88
				}
			,{
				"<=msec": 5.000
				,"percent": 70.28
				}
			,{
				"<=msec": 5.100
				,"percent": 70.51
				}
			,{
				"<=msec": 5.200
				,"percent": 70.70
				}
			,{
				"<=msec": 5.300
				,"percent": 70.93
				}
			,{
				"<=msec": 5.400
				,"percent": 71.12
				}
			,{
				"<=msec": 5.500
				,"percent": 71.46
				}
			,{
				"<=msec": 5.600
				,"percent": 71.72
				}
			,{
				"<=msec": 5.700
				,"percent": 71.89
				}
			,{
				"<=msec": 5.800
				,"percent": 72.08
				}
			,{
				"<=msec": 5.900
				,"percent": 72.28
				}
			,{
				"<=msec": 6.000
				,"percent": 72.49
				}
			,{
				"<=msec": 6.100
				,"percent": 72.72
				}
			,{
				"<=msec": 6.200
				,"percent": 72.88
				}
			,{
				"<=msec": 6.300
				,"percent": 73.06
				}
			,{
				"<=msec": 6.400
				,"percent": 73.26
				}
			,{
				"<=msec": 6.500
				,"percent": 73.39
				}
			,{
				"<=msec": 6.600
				,"percent": 73.65
				}
			,{
				"<=msec": 6.700
				,"percent": 73.83
				}
			,{
				"<=msec": 6.800
				,"percent": 74.03
				}
			,{
				"<=msec": 6.900
				,"percent": 74.21
				}
			,{
				"<=msec": 7.000
				,"percent": 74.34
				}
			,{
				"<=msec": 7.100
				,"percent": 74.49
				}
			,{
				"<=msec": 7.200
				,"percent": 74.66
				}
			,{
				"<=msec": 7.300
				,"percent": 74.85
				}
			,{
				"<=msec": 7.400
				,"percent": 75.05
				}
			,{
				"<=msec": 7.500
				,"percent": 75.24
				}
			,{
				"<=msec": 7.600
				,"percent": 75.45
				}
			,{
				"<=msec": 7.700
				,"percent": 75.58
				}
			,{
				"<=msec": 7.800
				,"percent": 75.71
				}
			,{
				"<=msec": 7.900
				,"percent": 75.92
				}
			,{
				"<=msec": 8.000
				,"percent": 76.09
				}
			,{
				"<=msec": 8.100
				,"percent": 76.29
				}
			,{
				"<=msec": 8.200
				,"percent": 76.45
				}
			,{
				"<=msec": 8.300
				,"percent": 76.62
				}
			,{
				"<=msec": 8.400
				,"percent": 76.83
				}
			,{
				"<=msec": 8.500
				,"percent": 76.93
				}
			,{
				"<=msec": 8.600
				,"percent": 77.07
				}
			,{
				"<=msec": 8.700
				,"percent": 77.22
				}
			,{
				"<=msec": 8.800
				,"percent": 77.40
				}
			,{
				"<=msec": 8.900
				,"percent": 77.48
				}
			,{
				"<=msec": 9.000
				,"percent": 77.64
				}
			,{
				"<=msec": 9.100
				,"percent": 77.72
				}
			,{
				"<=msec": 9.200
				,"percent": 77.77
				}
			,{
				"<=msec": 9.300
				,"percent": 77.89
				}
			,{
				"<=msec": 9.400
				,"percent": 78.02
				}
			,{
				"<=msec": 9.500
				,"percent": 78.19
				}
			,{
				"<=msec": 9.600
				,"percent": 78.35
				}
			,{
				"<=msec": 9.700
				,"percent": 78.50
				}
			,{
				"<=msec": 9.800
				,"percent": 78.61
				}
			,{
				"<=msec": 9.900
				,"percent": 78.75
				}
			,{
				"<=msec": 10.000
				,"percent": 79.73
				}
			,{
				"<=msec": 11.000
				,"percent": 82.12
				}
			,{
				"<=msec": 12.000
				,"percent": 85.25
				}
			,{
				"<=msec": 13.000
				,"percent": 88.10
				}
			,{
				"<=msec": 14.000
				,"percent": 90.08
				}
			,{
				"<=msec": 15.000
				,"percent": 91.35
				}
			,{
				"<=msec": 16.000
				,"percent": 96.09
				}
			,{
				"<=msec": 17.000
				,"percent": 98.25
				}
			,{
				"<=msec": 18.000
				,"percent": 98.63
				}
			,{
				"<=msec": 19.000
				,"percent": 98.84
				}
			,{
				"<=msec": 20.000
				,"percent": 98.98
				}
			,{
				"<=msec": 21.000
				,"percent": 99.14
				}
			,{
				"<=msec": 22.000
				,"percent": 99.21
				}
			,{
				"<=msec": 23.000
				,"percent": 99.31
				}
			,{
				"<=msec": 24.000
				,"percent": 99.35
				}
			,{
				"<=msec": 25.000
				,"percent": 99.44
				}
			,{
				"<=msec": 26.000
				,"percent": 99.55
				}
			,{
				"<=msec": 27.000
				,"percent": 99.68
				}
			,{
				"<=msec": 28.000
				,"percent": 99.75
				}
			,{
				"<=msec": 29.000
				,"percent": 99.82
				}
			,{
				"<=msec": 30.000
				,"percent": 99.84
				}
			,{
				"<=msec": 31.000
				,"percent": 99.91
				}
			,{
				"<=msec": 32.000
				,"percent": 99.96
				}
			,{
				"<=msec": 33.000
				,"percent": 99.97
				}
			,{
				"<=msec": 34.000
				,"percent": 99.98
				}
			,{
				"<=msec": 35.000
				,"percent": 99.99
				}
			,{
				"<=msec": 41.000
				,"percent": 100.00
				}
			]
		,"WAIT":[
		]
		}
	}
