{
	"configuration":{
		"server": "10.0.0.9"
		,"port": 11212
		,"unix socket": "(null)"
		,"protocol": "memcache_text"
		,"out_file": "(null)"
		,"client_stats": "(null)"
		,"run_count": 1
		,"debug": 0
		,"requests": 0
		,"clients": 2
		,"threads": 1
		,"test_time": 60
		,"ratio": "1:3"
		,"pipeline": 1
		,"data_size": 4096
		,"data_offset": 0
		,"random_data": "false"
		,"data_size_range": "0:0"
		,"data_size_list": ""
		,"data_size_pattern": "R"
		,"expiry_range": "9999:10000"
		,"data_import": "(null)"
		,"data_verify": "false"
		,"verify_only": "false"
		,"generate_keys": "false"
		,"key_prefix": "memtier-"
		,"key_minimum":           0
		,"key_maximum":        1000
		,"key_pattern": "R:R"
		,"key_stddev": 0.000000
		,"key_median": 0.000000
		,"reconnect_interval": 0
		,"multi_key_get": 3
		,"authenticate": ""
		,"select-db": 0
		,"no-expiry": "false"
		,"wait-ratio": "0:0"
		,"num-slaves": "0:0"
		,"wait-timeout": "0-0"
		}
	,"run information":{
		"Threads": 1
		,"Connections per thread": 2
		,"Seconds": 60
		}
	,"ALL STATS":{
		"Sets":{
			"Ops/sec": 414.28
			,"Hits/sec": 0.00
			,"Misses/sec": 0.00
			,"Latency": 2.52
			,"KB/sec": 1673.06
			}
		,"Gets":{
			"Ops/sec": 414.26
			,"Hits/sec": 1242.79
			,"Misses/sec": 0.00
			,"Latency": 2.29
			,"KB/sec": 5023.47
			}
		,"Waits":{
			"Ops/sec": 0.00
			,"Hits/sec": 0.00
			,"Misses/sec": 0.00
			,"Latency": 0.00
			,"KB/sec": 0.00
			}
		,"Totals":{
			"Ops/sec": 828.54
			,"Hits/sec": 1242.79
			,"Misses/sec": 0.00
			,"Latency": 2.40
			,"KB/sec": 6696.53
			}
		,"SET":[
			{
				"<=msec": 1.100
				,"percent": 0.04
				}
			,{
				"<=msec": 1.200
				,"percent": 0.48
				}
			,{
				"<=msec": 1.300
				,"percent": 3.23
				}
			,{
				"<=msec": 1.400
				,"percent": 9.43
				}
			,{
				"<=msec": 1.500
				,"percent": 18.88
				}
			,{
				"<=msec": 1.600
				,"percent": 28.79
				}
			,{
				"<=msec": 1.700
				,"percent": 38.42
				}
			,{
				"<=msec": 1.800
				,"percent": 47.21
				}
			,{
				"<=msec": 1.900
				,"percent": 54.46
				}
			,{
				"<=msec": 2.000
				,"percent": 60.24
				}
			,{
				"<=msec": 2.100
				,"percent": 65.01
				}
			,{
				"<=msec": 2.200
				,"percent": 68.79
				}
			,{
				"<=msec": 2.300
				,"percent": 71.69
				}
			,{
				"<=msec": 2.400
				,"percent": 74.18
				}
			,{
				"<=msec": 2.500
				,"percent": 76.23
				}
			,{
				"<=msec": 2.600
				,"percent": 77.75
				}
			,{
				"<=msec": 2.700
				,"percent": 79.11
				}
			,{
				"<=msec": 2.800
				,"percent": 80.39
				}
			,{
				"<=msec": 2.900
				,"percent": 81.39
				}
			,{
				"<=msec": 3.000
				,"percent": 82.36
				}
			,{
				"<=msec": 3.100
				,"percent": 83.22
				}
			,{
				"<=msec": 3.200
				,"percent": 83.98
				}
			,{
				"<=msec": 3.300
				,"percent": 84.52
				}
			,{
				"<=msec": 3.400
				,"percent": 85.08
				}
			,{
				"<=msec": 3.500
				,"percent": 85.67
				}
			,{
				"<=msec": 3.600
				,"percent": 86.21
				}
			,{
				"<=msec": 3.700
				,"percent": 86.67
				}
			,{
				"<=msec": 3.800
				,"percent": 87.18
				}
			,{
				"<=msec": 3.900
				,"percent": 87.56
				}
			,{
				"<=msec": 4.000
				,"percent": 88.00
				}
			,{
				"<=msec": 4.100
				,"percent": 88.37
				}
			,{
				"<=msec": 4.200
				,"percent": 88.69
				}
			,{
				"<=msec": 4.300
				,"percent": 89.05
				}
			,{
				"<=msec": 4.400
				,"percent": 89.35
				}
			,{
				"<=msec": 4.500
				,"percent": 89.68
				}
			,{
				"<=msec": 4.600
				,"percent": 89.93
				}
			,{
				"<=msec": 4.700
				,"percent": 90.20
				}
			,{
				"<=msec": 4.800
				,"percent": 90.45
				}
			,{
				"<=msec": 4.900
				,"percent": 90.74
				}
			,{
				"<=msec": 5.000
				,"percent": 91.02
				}
			,{
				"<=msec": 5.100
				,"percent": 91.30
				}
			,{
				"<=msec": 5.200
				,"percent": 91.53
				}
			,{
				"<=msec": 5.300
				,"percent": 91.79
				}
			,{
				"<=msec": 5.400
				,"percent": 92.02
				}
			,{
				"<=msec": 5.500
				,"percent": 92.25
				}
			,{
				"<=msec": 5.600
				,"percent": 92.47
				}
			,{
				"<=msec": 5.700
				,"percent": 92.71
				}
			,{
				"<=msec": 5.800
				,"percent": 92.96
				}
			,{
				"<=msec": 5.900
				,"percent": 93.18
				}
			,{
				"<=msec": 6.000
				,"percent": 93.40
				}
			,{
				"<=msec": 6.100
				,"percent": 93.62
				}
			,{
				"<=msec": 6.200
				,"percent": 93.84
				}
			,{
				"<=msec": 6.300
				,"percent": 94.11
				}
			,{
				"<=msec": 6.400
				,"percent": 94.32
				}
			,{
				"<=msec": 6.500
				,"percent": 94.59
				}
			,{
				"<=msec": 6.600
				,"percent": 94.77
				}
			,{
				"<=msec": 6.700
				,"percent": 94.99
				}
			,{
				"<=msec": 6.800
				,"percent": 95.18
				}
			,{
				"<=msec": 6.900
				,"percent": 95.44
				}
			,{
				"<=msec": 7.000
				,"percent": 95.70
				}
			,{
				"<=msec": 7.100
				,"percent": 96.05
				}
			,{
				"<=msec": 7.200
				,"percent": 96.27
				}
			,{
				"<=msec": 7.300
				,"percent": 96.53
				}
			,{
				"<=msec": 7.400
				,"percent": 96.75
				}
			,{
				"<=msec": 7.500
				,"percent": 96.95
				}
			,{
				"<=msec": 7.600
				,"percent": 97.20
				}
			,{
				"<=msec": 7.700
				,"percent": 97.38
				}
			,{
				"<=msec": 7.800
				,"percent": 97.53
				}
			,{
				"<=msec": 7.900
				,"percent": 97.70
				}
			,{
				"<=msec": 8.000
				,"percent": 97.83
				}
			,{
				"<=msec": 8.100
				,"percent": 97.98
				}
			,{
				"<=msec": 8.200
				,"percent": 98.11
				}
			,{
				"<=msec": 8.300
				,"percent": 98.21
				}
			,{
				"<=msec": 8.400
				,"percent": 98.31
				}
			,{
				"<=msec": 8.500
				,"percent": 98.41
				}
			,{
				"<=msec": 8.600
				,"percent": 98.50
				}
			,{
				"<=msec": 8.700
				,"percent": 98.61
				}
			,{
				"<=msec": 8.800
				,"percent": 98.69
				}
			,{
				"<=msec": 8.900
				,"percent": 98.75
				}
			,{
				"<=msec": 9.000
				,"percent": 98.83
				}
			,{
				"<=msec": 9.100
				,"percent": 98.89
				}
			,{
				"<=msec": 9.200
				,"percent": 98.94
				}
			,{
				"<=msec": 9.300
				,"percent": 98.99
				}
			,{
				"<=msec": 9.400
				,"percent": 99.05
				}
			,{
				"<=msec": 9.500
				,"percent": 99.11
				}
			,{
				"<=msec": 9.600
				,"percent": 99.18
				}
			,{
				"<=msec": 9.700
				,"percent": 99.23
				}
			,{
				"<=msec": 9.800
				,"percent": 99.26
				}
			,{
				"<=msec": 9.900
				,"percent": 99.31
				}
			,{
				"<=msec": 10.000
				,"percent": 99.51
				}
			,{
				"<=msec": 11.000
				,"percent": 99.73
				}
			,{
				"<=msec": 12.000
				,"percent": 99.86
				}
			,{
				"<=msec": 13.000
				,"percent": 99.92
				}
			,{
				"<=msec": 14.000
				,"percent": 99.94
				}
			,{
				"<=msec": 15.000
				,"percent": 99.95
				}
			,{
				"<=msec": 17.000
				,"percent": 99.96
				}
			,{
				"<=msec": 18.000
				,"percent": 99.96
				}
			,{
				"<=msec": 19.000
				,"percent": 99.97
				}
			,{
				"<=msec": 20.000
				,"percent": 99.98
				}
			,{
				"<=msec": 21.000
				,"percent": 99.98
				}
			,{
				"<=msec": 22.000
				,"percent": 99.99
				}
			,{
				"<=msec": 25.000
				,"percent": 100.00
				}
			,{
				"<=msec": 30.000
				,"percent": 100.00
				}
			]
		,"GET":[
			{
				"<=msec": 1.100
				,"percent": 0.04
				}
			,{
				"<=msec": 1.200
				,"percent": 0.32
				}
			,{
				"<=msec": 1.300
				,"percent": 1.87
				}
			,{
				"<=msec": 1.400
				,"percent": 5.87
				}
			,{
				"<=msec": 1.500
				,"percent": 12.69
				}
			,{
				"<=msec": 1.600
				,"percent": 21.58
				}
			,{
				"<=msec": 1.700
				,"percent": 31.56
				}
			,{
				"<=msec": 1.800
				,"percent": 41.68
				}
			,{
				"<=msec": 1.900
				,"percent": 50.64
				}
			,{
				"<=msec": 2.000
				,"percent": 58.75
				}
			,{
				"<=msec": 2.100
				,"percent": 65.20
				}
			,{
				"<=msec": 2.200
				,"percent": 70.49
				}
			,{
				"<=msec": 2.300
				,"percent": 74.67
				}
			,{
				"<=msec": 2.400
				,"percent": 78.07
				}
			,{
				"<=msec": 2.500
				,"percent": 80.87
				}
			,{
				"<=msec": 2.600
				,"percent": 83.15
				}
			,{
				"<=msec": 2.700
				,"percent": 84.91
				}
			,{
				"<=msec": 2.800
				,"percent": 86.34
				}
			,{
				"<=msec": 2.900
				,"percent": 87.72
				}
			,{
				"<=msec": 3.000
				,"percent": 88.79
				}
			,{
				"<=msec": 3.100
				,"percent": 89.70
				}
			,{
				"<=msec": 3.200
				,"percent": 90.51
				}
			,{
				"<=msec": 3.300
				,"percent": 91.25
				}
			,{
				"<=msec": 3.400
				,"percent": 91.88
				}
			,{
				"<=msec": 3.500
				,"percent": 92.38
				}
			,{
				"<=msec": 3.600
				,"percent": 92.92
				}
			,{
				"<=msec": 3.700
				,"percent": 93.31
				}
			,{
				"<=msec": 3.800
				,"percent": 93.64
				}
			,{
				"<=msec": 3.900
				,"percent": 93.99
				}
			,{
				"<=msec": 4.000
				,"percent": 94.29
				}
			,{
				"<=msec": 4.100
				,"percent": 94.52
				}
			,{
				"<=msec": 4.200
				,"percent": 94.73
				}
			,{
				"<=msec": 4.300
				,"percent": 94.93
				}
			,{
				"<=msec": 4.400
				,"percent": 95.11
				}
			,{
				"<=msec": 4.500
				,"percent": 95.33
				}
			,{
				"<=msec": 4.600
				,"percent": 95.49
				}
			,{
				"<=msec": 4.700
				,"percent": 95.66
				}
			,{
				"<=msec": 4.800
				,"percent": 95.79
				}
			,{
				"<=msec": 4.900
				,"percent": 95.92
				}
			,{
				"<=msec": 5.000
				,"percent": 96.09
				}
			,{
				"<=msec": 5.100
				,"percent": 96.21
				}
			,{
				"<=msec": 5.200
				,"percent": 96.32
				}
			,{
				"<=msec": 5.300
				,"percent": 96.44
				}
			,{
				"<=msec": 5.400
				,"percent": 96.54
				}
			,{
				"<=msec": 5.500
				,"percent": 96.62
				}
			,{
				"<=msec": 5.600
				,"percent": 96.71
				}
			,{
				"<=msec": 5.700
				,"percent": 96.82
				}
			,{
				"<=msec": 5.800
				,"percent": 96.91
				}
			,{
				"<=msec": 5.900
				,"percent": 97.01
				}
			,{
				"<=msec": 6.000
				,"percent": 97.09
				}
			,{
				"<=msec": 6.100
				,"percent": 97.20
				}
			,{
				"<=msec": 6.200
				,"percent": 97.30
				}
			,{
				"<=msec": 6.300
				,"percent": 97.38
				}
			,{
				"<=msec": 6.400
				,"percent": 97.48
				}
			,{
				"<=msec": 6.500
				,"percent": 97.53
				}
			,{
				"<=msec": 6.600
				,"percent": 97.66
				}
			,{
				"<=msec": 6.700
				,"percent": 97.78
				}
			,{
				"<=msec": 6.800
				,"percent": 97.87
				}
			,{
				"<=msec": 6.900
				,"percent": 97.99
				}
			,{
				"<=msec": 7.000
				,"percent": 98.08
				}
			,{
				"<=msec": 7.100
				,"percent": 98.25
				}
			,{
				"<=msec": 7.200
				,"percent": 98.30
				}
			,{
				"<=msec": 7.300
				,"percent": 98.37
				}
			,{
				"<=msec": 7.400
				,"percent": 98.45
				}
			,{
				"<=msec": 7.500
				,"percent": 98.58
				}
			,{
				"<=msec": 7.600
				,"percent": 98.66
				}
			,{
				"<=msec": 7.700
				,"percent": 98.72
				}
			,{
				"<=msec": 7.800
				,"percent": 98.83
				}
			,{
				"<=msec": 7.900
				,"percent": 98.92
				}
			,{
				"<=msec": 8.000
				,"percent": 98.97
				}
			,{
				"<=msec": 8.100
				,"percent": 99.02
				}
			,{
				"<=msec": 8.200
				,"percent": 99.05
				}
			,{
				"<=msec": 8.300
				,"percent": 99.11
				}
			,{
				"<=msec": 8.400
				,"percent": 99.16
				}
			,{
				"<=msec": 8.500
				,"percent": 99.19
				}
			,{
				"<=msec": 8.600
				,"percent": 99.22
				}
			,{
				"<=msec": 8.700
				,"percent": 99.26
				}
			,{
				"<=msec": 8.800
				,"percent": 99.28
				}
			,{
				"<=msec": 8.900
				,"percent": 99.34
				}
			,{
				"<=msec": 9.000
				,"percent": 99.34
				}
			,{
				"<=msec": 9.100
				,"percent": 99.36
				}
			,{
				"<=msec": 9.200
				,"percent": 99.39
				}
			,{
				"<=msec": 9.300
				,"percent": 99.41
				}
			,{
				"<=msec": 9.400
				,"percent": 99.43
				}
			,{
				"<=msec": 9.500
				,"percent": 99.45
				}
			,{
				"<=msec": 9.600
				,"percent": 99.49
				}
			,{
				"<=msec": 9.700
				,"percent": 99.52
				}
			,{
				"<=msec": 9.800
				,"percent": 99.53
				}
			,{
				"<=msec": 9.900
				,"percent": 99.55
				}
			,{
				"<=msec": 10.000
				,"percent": 99.68
				}
			,{
				"<=msec": 11.000
				,"percent": 99.81
				}
			,{
				"<=msec": 12.000
				,"percent": 99.91
				}
			,{
				"<=msec": 13.000
				,"percent": 99.96
				}
			,{
				"<=msec": 14.000
				,"percent": 99.97
				}
			,{
				"<=msec": 15.000
				,"percent": 99.98
				}
			,{
				"<=msec": 17.000
				,"percent": 99.99
				}
			,{
				"<=msec": 19.000
				,"percent": 100.00
				}
			]
		,"WAIT":[
		]
		}
	}
