{
	"configuration":{
		"server": "10.0.0.9"
		,"port": 11212
		,"unix socket": "(null)"
		,"protocol": "memcache_text"
		,"out_file": "(null)"
		,"client_stats": "(null)"
		,"run_count": 1
		,"debug": 0
		,"requests": 0
		,"clients": 32
		,"threads": 1
		,"test_time": 60
		,"ratio": "0:1"
		,"pipeline": 1
		,"data_size": 4096
		,"data_offset": 0
		,"random_data": "false"
		,"data_size_range": "0:0"
		,"data_size_list": ""
		,"data_size_pattern": "R"
		,"expiry_range": "9999:10000"
		,"data_import": "(null)"
		,"data_verify": "false"
		,"verify_only": "false"
		,"generate_keys": "false"
		,"key_prefix": "memtier-"
		,"key_minimum":           0
		,"key_maximum":        1000
		,"key_pattern": "R:R"
		,"key_stddev": 0.000000
		,"key_median": 0.000000
		,"reconnect_interval": 0
		,"multi_key_get": 0
		,"authenticate": ""
		,"select-db": 0
		,"no-expiry": "false"
		,"wait-ratio": "0:0"
		,"num-slaves": "0:0"
		,"wait-timeout": "0-0"
		}
	,"run information":{
		"Threads": 1
		,"Connections per thread": 32
		,"Seconds": 60
		}
	,"ALL STATS":{
		"Sets":{
			"Ops/sec": 0.00
			,"Hits/sec": 0.00
			,"Misses/sec": 0.00
			,"Latency": 0.00
			,"KB/sec": 0.00
			}
		,"Gets":{
			"Ops/sec": 1386.64
			,"Hits/sec": 1368.51
			,"Misses/sec": 18.13
			,"Latency": 23.07
			,"KB/sec": 5540.94
			}
		,"Waits":{
			"Ops/sec": 0.00
			,"Hits/sec": 0.00
			,"Misses/sec": 0.00
			,"Latency": 0.00
			,"KB/sec": 0.00
			}
		,"Totals":{
			"Ops/sec": 1386.64
			,"Hits/sec": 1368.51
			,"Misses/sec": 18.13
			,"Latency": 23.07
			,"KB/sec": 5540.94
			}
		,"SET":[
		]
		,"GET":[
			{
				"<=msec": 1.800
				,"percent": 0.00
				}
			,{
				"<=msec": 2.300
				,"percent": 0.00
				}
			,{
				"<=msec": 2.400
				,"percent": 0.01
				}
			,{
				"<=msec": 2.500
				,"percent": 0.01
				}
			,{
				"<=msec": 2.600
				,"percent": 0.01
				}
			,{
				"<=msec": 2.700
				,"percent": 0.01
				}
			,{
				"<=msec": 2.900
				,"percent": 0.02
				}
			,{
				"<=msec": 3.000
				,"percent": 0.02
				}
			,{
				"<=msec": 3.200
				,"percent": 0.02
				}
			,{
				"<=msec": 3.400
				,"percent": 0.02
				}
			,{
				"<=msec": 3.500
				,"percent": 0.03
				}
			,{
				"<=msec": 3.700
				,"percent": 0.03
				}
			,{
				"<=msec": 3.800
				,"percent": 0.03
				}
			,{
				"<=msec": 3.900
				,"percent": 0.03
				}
			,{
				"<=msec": 4.000
				,"percent": 0.03
				}
			,{
				"<=msec": 4.100
				,"percent": 0.04
				}
			,{
				"<=msec": 4.300
				,"percent": 0.04
				}
			,{
				"<=msec": 4.500
				,"percent": 0.04
				}
			,{
				"<=msec": 4.700
				,"percent": 0.04
				}
			,{
				"<=msec": 4.800
				,"percent": 0.04
				}
			,{
				"<=msec": 4.900
				,"percent": 0.05
				}
			,{
				"<=msec": 5.300
				,"percent": 0.05
				}
			,{
				"<=msec": 5.400
				,"percent": 0.06
				}
			,{
				"<=msec": 5.500
				,"percent": 0.06
				}
			,{
				"<=msec": 5.600
				,"percent": 0.06
				}
			,{
				"<=msec": 5.700
				,"percent": 0.07
				}
			,{
				"<=msec": 6.000
				,"percent": 0.07
				}
			,{
				"<=msec": 6.100
				,"percent": 0.07
				}
			,{
				"<=msec": 6.200
				,"percent": 0.07
				}
			,{
				"<=msec": 6.300
				,"percent": 0.07
				}
			,{
				"<=msec": 6.400
				,"percent": 0.07
				}
			,{
				"<=msec": 6.500
				,"percent": 0.08
				}
			,{
				"<=msec": 6.600
				,"percent": 0.08
				}
			,{
				"<=msec": 6.700
				,"percent": 0.08
				}
			,{
				"<=msec": 6.800
				,"percent": 0.08
				}
			,{
				"<=msec": 6.900
				,"percent": 0.09
				}
			,{
				"<=msec": 7.000
				,"percent": 0.09
				}
			,{
				"<=msec": 7.100
				,"percent": 0.09
				}
			,{
				"<=msec": 7.200
				,"percent": 0.10
				}
			,{
				"<=msec": 7.300
				,"percent": 0.10
				}
			,{
				"<=msec": 7.400
				,"percent": 0.11
				}
			,{
				"<=msec": 7.500
				,"percent": 0.12
				}
			,{
				"<=msec": 7.600
				,"percent": 0.12
				}
			,{
				"<=msec": 7.700
				,"percent": 0.13
				}
			,{
				"<=msec": 7.800
				,"percent": 0.14
				}
			,{
				"<=msec": 7.900
				,"percent": 0.15
				}
			,{
				"<=msec": 8.000
				,"percent": 0.16
				}
			,{
				"<=msec": 8.100
				,"percent": 0.17
				}
			,{
				"<=msec": 8.200
				,"percent": 0.18
				}
			,{
				"<=msec": 8.300
				,"percent": 0.19
				}
			,{
				"<=msec": 8.400
				,"percent": 0.21
				}
			,{
				"<=msec": 8.500
				,"percent": 0.22
				}
			,{
				"<=msec": 8.600
				,"percent": 0.24
				}
			,{
				"<=msec": 8.700
				,"percent": 0.26
				}
			,{
				"<=msec": 8.800
				,"percent": 0.28
				}
			,{
				"<=msec": 8.900
				,"percent": 0.29
				}
			,{
				"<=msec": 9.000
				,"percent": 0.31
				}
			,{
				"<=msec": 9.100
				,"percent": 0.33
				}
			,{
				"<=msec": 9.200
				,"percent": 0.36
				}
			,{
				"<=msec": 9.300
				,"percent": 0.38
				}
			,{
				"<=msec": 9.400
				,"percent": 0.40
				}
			,{
				"<=msec": 9.500
				,"percent": 0.42
				}
			,{
				"<=msec": 9.600
				,"percent": 0.43
				}
			,{
				"<=msec": 9.700
				,"percent": 0.46
				}
			,{
				"<=msec": 9.800
				,"percent": 0.48
				}
			,{
				"<=msec": 9.900
				,"percent": 0.51
				}
			,{
				"<=msec": 10.000
				,"percent": 0.68
				}
			,{
				"<=msec": 11.000
				,"percent": 1.03
				}
			,{
				"<=msec": 12.000
				,"percent": 1.47
				}
			,{
				"<=msec": 13.000
				,"percent": 2.18
				}
			,{
				"<=msec": 14.000
				,"percent": 3.14
				}
			,{
				"<=msec": 15.000
				,"percent": 4.62
				}
			,{
				"<=msec": 16.000
				,"percent": 7.41
				}
			,{
				"<=msec": 17.000
				,"percent": 16.37
				}
			,{
				"<=msec": 18.000
				,"percent": 35.28
				}
			,{
				"<=msec": 19.000
				,"percent": 47.83
				}
			,{
				"<=msec": 20.000
				,"percent": 54.08
				}
			,{
				"<=msec": 21.000
				,"percent": 58.17
				}
			,{
				"<=msec": 22.000
				,"percent": 61.68
				}
			,{
				"<=msec": 23.000
				,"percent": 64.87
				}
			,{
				"<=msec": 24.000
				,"percent": 68.25
				}
			,{
				"<=msec": 25.000
				,"percent": 72.57
				}
			,{
				"<=msec": 26.000
				,"percent": 79.54
				}
			,{
				"<=msec": 27.000
				,"percent": 88.35
				}
			,{
				"<=msec": 28.000
				,"percent": 94.12
				}
			,{
				"<=msec": 29.000
				,"percent": 96.44
				}
			,{
				"<=msec": 30.000
				,"percent": 97.54
				}
			,{
				"<=msec": 31.000
				,"percent": 98.23
				}
			,{
				"<=msec": 32.000
				,"percent": 98.69
				}
			,{
				"<=msec": 33.000
				,"percent": 98.94
				}
			,{
				"<=msec": 34.000
				,"percent": 99.08
				}
			,{
				"<=msec": 35.000
				,"percent": 99.18
				}
			,{
				"<=msec": 36.000
				,"percent": 99.26
				}
			,{
				"<=msec": 37.000
				,"percent": 99.32
				}
			,{
				"<=msec": 38.000
				,"percent": 99.38
				}
			,{
				"<=msec": 39.000
				,"percent": 99.40
				}
			,{
				"<=msec": 40.000
				,"percent": 99.44
				}
			,{
				"<=msec": 41.000
				,"percent": 99.51
				}
			,{
				"<=msec": 42.000
				,"percent": 99.55
				}
			,{
				"<=msec": 43.000
				,"percent": 99.59
				}
			,{
				"<=msec": 44.000
				,"percent": 99.61
				}
			,{
				"<=msec": 45.000
				,"percent": 99.63
				}
			,{
				"<=msec": 46.000
				,"percent": 99.65
				}
			,{
				"<=msec": 47.000
				,"percent": 99.66
				}
			,{
				"<=msec": 48.000
				,"percent": 99.67
				}
			,{
				"<=msec": 49.000
				,"percent": 99.67
				}
			,{
				"<=msec": 50.000
				,"percent": 99.68
				}
			,{
				"<=msec": 51.000
				,"percent": 99.69
				}
			,{
				"<=msec": 52.000
				,"percent": 99.70
				}
			,{
				"<=msec": 53.000
				,"percent": 99.70
				}
			,{
				"<=msec": 54.000
				,"percent": 99.71
				}
			,{
				"<=msec": 55.000
				,"percent": 99.72
				}
			,{
				"<=msec": 56.000
				,"percent": 99.72
				}
			,{
				"<=msec": 58.000
				,"percent": 99.72
				}
			,{
				"<=msec": 61.000
				,"percent": 99.72
				}
			,{
				"<=msec": 62.000
				,"percent": 99.73
				}
			,{
				"<=msec": 65.000
				,"percent": 99.73
				}
			,{
				"<=msec": 66.000
				,"percent": 99.73
				}
			,{
				"<=msec": 67.000
				,"percent": 99.74
				}
			,{
				"<=msec": 68.000
				,"percent": 99.75
				}
			,{
				"<=msec": 69.000
				,"percent": 99.75
				}
			,{
				"<=msec": 70.000
				,"percent": 99.75
				}
			,{
				"<=msec": 71.000
				,"percent": 99.75
				}
			,{
				"<=msec": 72.000
				,"percent": 99.75
				}
			,{
				"<=msec": 73.000
				,"percent": 99.76
				}
			,{
				"<=msec": 74.000
				,"percent": 99.76
				}
			,{
				"<=msec": 75.000
				,"percent": 99.76
				}
			,{
				"<=msec": 76.000
				,"percent": 99.76
				}
			,{
				"<=msec": 77.000
				,"percent": 99.77
				}
			,{
				"<=msec": 78.000
				,"percent": 99.77
				}
			,{
				"<=msec": 79.000
				,"percent": 99.77
				}
			,{
				"<=msec": 80.000
				,"percent": 99.77
				}
			,{
				"<=msec": 81.000
				,"percent": 99.77
				}
			,{
				"<=msec": 82.000
				,"percent": 99.77
				}
			,{
				"<=msec": 84.000
				,"percent": 99.78
				}
			,{
				"<=msec": 85.000
				,"percent": 99.78
				}
			,{
				"<=msec": 86.000
				,"percent": 99.78
				}
			,{
				"<=msec": 87.000
				,"percent": 99.78
				}
			,{
				"<=msec": 88.000
				,"percent": 99.78
				}
			,{
				"<=msec": 89.000
				,"percent": 99.79
				}
			,{
				"<=msec": 90.000
				,"percent": 99.79
				}
			,{
				"<=msec": 93.000
				,"percent": 99.79
				}
			,{
				"<=msec": 100.000
				,"percent": 99.79
				}
			,{
				"<=msec": 110.000
				,"percent": 99.79
				}
			,{
				"<=msec": 120.000
				,"percent": 99.80
				}
			,{
				"<=msec": 130.000
				,"percent": 99.81
				}
			,{
				"<=msec": 140.000
				,"percent": 99.82
				}
			,{
				"<=msec": 150.000
				,"percent": 99.82
				}
			,{
				"<=msec": 160.000
				,"percent": 99.83
				}
			,{
				"<=msec": 170.000
				,"percent": 99.83
				}
			,{
				"<=msec": 190.000
				,"percent": 99.83
				}
			,{
				"<=msec": 200.000
				,"percent": 99.83
				}
			,{
				"<=msec": 220.000
				,"percent": 99.84
				}
			,{
				"<=msec": 230.000
				,"percent": 99.84
				}
			,{
				"<=msec": 240.000
				,"percent": 99.85
				}
			,{
				"<=msec": 250.000
				,"percent": 99.85
				}
			,{
				"<=msec": 290.000
				,"percent": 99.85
				}
			,{
				"<=msec": 310.000
				,"percent": 99.86
				}
			,{
				"<=msec": 330.000
				,"percent": 99.86
				}
			,{
				"<=msec": 360.000
				,"percent": 99.88
				}
			,{
				"<=msec": 370.000
				,"percent": 99.88
				}
			,{
				"<=msec": 500.000
				,"percent": 99.89
				}
			,{
				"<=msec": 560.000
				,"percent": 99.89
				}
			,{
				"<=msec": 570.000
				,"percent": 99.89
				}
			,{
				"<=msec": 710.000
				,"percent": 99.89
				}
			,{
				"<=msec": 770.000
				,"percent": 99.89
				}
			,{
				"<=msec": 790.000
				,"percent": 99.89
				}
			,{
				"<=msec": 800.000
				,"percent": 99.90
				}
			,{
				"<=msec": 810.000
				,"percent": 99.90
				}
			,{
				"<=msec": 820.000
				,"percent": 99.91
				}
			,{
				"<=msec": 830.000
				,"percent": 99.91
				}
			,{
				"<=msec": 840.000
				,"percent": 99.91
				}
			,{
				"<=msec": 860.000
				,"percent": 99.91
				}
			,{
				"<=msec": 900.000
				,"percent": 99.91
				}
			,{
				"<=msec": 910.000
				,"percent": 99.92
				}
			,{
				"<=msec": 920.000
				,"percent": 99.92
				}
			,{
				"<=msec": 930.000
				,"percent": 99.92
				}
			,{
				"<=msec": 970.000
				,"percent": 99.92
				}
			,{
				"<=msec": 1000.000
				,"percent": 99.92
				}
			,{
				"<=msec": 1100.000
				,"percent": 99.94
				}
			,{
				"<=msec": 1200.000
				,"percent": 99.96
				}
			,{
				"<=msec": 1300.000
				,"percent": 99.96
				}
			,{
				"<=msec": 1400.000
				,"percent": 99.98
				}
			,{
				"<=msec": 1500.000
				,"percent": 99.98
				}
			,{
				"<=msec": 1600.000
				,"percent": 99.99
				}
			,{
				"<=msec": 1700.000
				,"percent": 99.99
				}
			,{
				"<=msec": 1900.000
				,"percent": 100.00
				}
			,{
				"<=msec": 2000.000
				,"percent": 100.00
				}
			,{
				"<=msec": 2100.000
				,"percent": 100.00
				}
			,{
				"<=msec": 2400.000
				,"percent": 100.00
				}
			]
		,"WAIT":[
		]
		}
	}
