{
	"configuration":{
		"server": "10.0.0.9"
		,"port": 11212
		,"unix socket": "(null)"
		,"protocol": "memcache_text"
		,"out_file": "(null)"
		,"client_stats": "(null)"
		,"run_count": 1
		,"debug": 0
		,"requests": 0
		,"clients": 32
		,"threads": 1
		,"test_time": 60
		,"ratio": "0:1"
		,"pipeline": 1
		,"data_size": 4096
		,"data_offset": 0
		,"random_data": "false"
		,"data_size_range": "0:0"
		,"data_size_list": ""
		,"data_size_pattern": "R"
		,"expiry_range": "9999:10000"
		,"data_import": "(null)"
		,"data_verify": "false"
		,"verify_only": "false"
		,"generate_keys": "false"
		,"key_prefix": "memtier-"
		,"key_minimum":           0
		,"key_maximum":        1000
		,"key_pattern": "R:R"
		,"key_stddev": 0.000000
		,"key_median": 0.000000
		,"reconnect_interval": 0
		,"multi_key_get": 0
		,"authenticate": ""
		,"select-db": 0
		,"no-expiry": "false"
		,"wait-ratio": "0:0"
		,"num-slaves": "0:0"
		,"wait-timeout": "0-0"
		}
	,"run information":{
		"Threads": 1
		,"Connections per thread": 32
		,"Seconds": 60
		}
	,"ALL STATS":{
		"Sets":{
			"Ops/sec": 0.00
			,"Hits/sec": 0.00
			,"Misses/sec": 0.00
			,"Latency": 0.00
			,"KB/sec": 0.00
			}
		,"Gets":{
			"Ops/sec": 1690.70
			,"Hits/sec": 1667.25
			,"Misses/sec": 23.45
			,"Latency": 18.92
			,"KB/sec": 6750.53
			}
		,"Waits":{
			"Ops/sec": 0.00
			,"Hits/sec": 0.00
			,"Misses/sec": 0.00
			,"Latency": 0.00
			,"KB/sec": 0.00
			}
		,"Totals":{
			"Ops/sec": 1690.70
			,"Hits/sec": 1667.25
			,"Misses/sec": 23.45
			,"Latency": 18.92
			,"KB/sec": 6750.53
			}
		,"SET":[
		]
		,"GET":[
			{
				"<=msec": 0.810
				,"percent": 0.00
				}
			,{
				"<=msec": 0.820
				,"percent": 0.00
				}
			,{
				"<=msec": 0.840
				,"percent": 0.00
				}
			,{
				"<=msec": 0.870
				,"percent": 0.00
				}
			,{
				"<=msec": 0.880
				,"percent": 0.01
				}
			,{
				"<=msec": 0.890
				,"percent": 0.01
				}
			,{
				"<=msec": 0.900
				,"percent": 0.01
				}
			,{
				"<=msec": 0.920
				,"percent": 0.01
				}
			,{
				"<=msec": 0.950
				,"percent": 0.01
				}
			,{
				"<=msec": 0.960
				,"percent": 0.01
				}
			,{
				"<=msec": 0.970
				,"percent": 0.01
				}
			,{
				"<=msec": 0.980
				,"percent": 0.02
				}
			,{
				"<=msec": 0.990
				,"percent": 0.02
				}
			,{
				"<=msec": 1.000
				,"percent": 0.04
				}
			,{
				"<=msec": 1.100
				,"percent": 0.09
				}
			,{
				"<=msec": 1.200
				,"percent": 0.14
				}
			,{
				"<=msec": 1.300
				,"percent": 0.20
				}
			,{
				"<=msec": 1.400
				,"percent": 0.26
				}
			,{
				"<=msec": 1.500
				,"percent": 0.36
				}
			,{
				"<=msec": 1.600
				,"percent": 0.47
				}
			,{
				"<=msec": 1.700
				,"percent": 0.61
				}
			,{
				"<=msec": 1.800
				,"percent": 0.81
				}
			,{
				"<=msec": 1.900
				,"percent": 1.03
				}
			,{
				"<=msec": 2.000
				,"percent": 1.27
				}
			,{
				"<=msec": 2.100
				,"percent": 1.56
				}
			,{
				"<=msec": 2.200
				,"percent": 1.89
				}
			,{
				"<=msec": 2.300
				,"percent": 2.21
				}
			,{
				"<=msec": 2.400
				,"percent": 2.53
				}
			,{
				"<=msec": 2.500
				,"percent": 2.86
				}
			,{
				"<=msec": 2.600
				,"percent": 3.16
				}
			,{
				"<=msec": 2.700
				,"percent": 3.46
				}
			,{
				"<=msec": 2.800
				,"percent": 3.76
				}
			,{
				"<=msec": 2.900
				,"percent": 4.01
				}
			,{
				"<=msec": 3.000
				,"percent": 4.30
				}
			,{
				"<=msec": 3.100
				,"percent": 4.52
				}
			,{
				"<=msec": 3.200
				,"percent": 4.73
				}
			,{
				"<=msec": 3.300
				,"percent": 4.95
				}
			,{
				"<=msec": 3.400
				,"percent": 5.18
				}
			,{
				"<=msec": 3.500
				,"percent": 5.39
				}
			,{
				"<=msec": 3.600
				,"percent": 5.62
				}
			,{
				"<=msec": 3.700
				,"percent": 5.84
				}
			,{
				"<=msec": 3.800
				,"percent": 6.05
				}
			,{
				"<=msec": 3.900
				,"percent": 6.23
				}
			,{
				"<=msec": 4.000
				,"percent": 6.42
				}
			,{
				"<=msec": 4.100
				,"percent": 6.62
				}
			,{
				"<=msec": 4.200
				,"percent": 6.80
				}
			,{
				"<=msec": 4.300
				,"percent": 6.95
				}
			,{
				"<=msec": 4.400
				,"percent": 7.11
				}
			,{
				"<=msec": 4.500
				,"percent": 7.27
				}
			,{
				"<=msec": 4.600
				,"percent": 7.43
				}
			,{
				"<=msec": 4.700
				,"percent": 7.57
				}
			,{
				"<=msec": 4.800
				,"percent": 7.72
				}
			,{
				"<=msec": 4.900
				,"percent": 7.83
				}
			,{
				"<=msec": 5.000
				,"percent": 7.98
				}
			,{
				"<=msec": 5.100
				,"percent": 8.11
				}
			,{
				"<=msec": 5.200
				,"percent": 8.24
				}
			,{
				"<=msec": 5.300
				,"percent": 8.37
				}
			,{
				"<=msec": 5.400
				,"percent": 8.49
				}
			,{
				"<=msec": 5.500
				,"percent": 8.61
				}
			,{
				"<=msec": 5.600
				,"percent": 8.71
				}
			,{
				"<=msec": 5.700
				,"percent": 8.82
				}
			,{
				"<=msec": 5.800
				,"percent": 8.93
				}
			,{
				"<=msec": 5.900
				,"percent": 9.04
				}
			,{
				"<=msec": 6.000
				,"percent": 9.14
				}
			,{
				"<=msec": 6.100
				,"percent": 9.22
				}
			,{
				"<=msec": 6.200
				,"percent": 9.34
				}
			,{
				"<=msec": 6.300
				,"percent": 9.45
				}
			,{
				"<=msec": 6.400
				,"percent": 9.52
				}
			,{
				"<=msec": 6.500
				,"percent": 9.59
				}
			,{
				"<=msec": 6.600
				,"percent": 9.68
				}
			,{
				"<=msec": 6.700
				,"percent": 9.74
				}
			,{
				"<=msec": 6.800
				,"percent": 9.81
				}
			,{
				"<=msec": 6.900
				,"percent": 9.88
				}
			,{
				"<=msec": 7.000
				,"percent": 9.97
				}
			,{
				"<=msec": 7.100
				,"percent": 10.07
				}
			,{
				"<=msec": 7.200
				,"percent": 10.15
				}
			,{
				"<=msec": 7.300
				,"percent": 10.22
				}
			,{
				"<=msec": 7.400
				,"percent": 10.30
				}
			,{
				"<=msec": 7.500
				,"percent": 10.37
				}
			,{
				"<=msec": 7.600
				,"percent": 10.44
				}
			,{
				"<=msec": 7.700
				,"percent": 10.50
				}
			,{
				"<=msec": 7.800
				,"percent": 10.57
				}
			,{
				"<=msec": 7.900
				,"percent": 10.64
				}
			,{
				"<=msec": 8.000
				,"percent": 10.71
				}
			,{
				"<=msec": 8.100
				,"percent": 10.79
				}
			,{
				"<=msec": 8.200
				,"percent": 10.86
				}
			,{
				"<=msec": 8.300
				,"percent": 10.93
				}
			,{
				"<=msec": 8.400
				,"percent": 11.01
				}
			,{
				"<=msec": 8.500
				,"percent": 11.07
				}
			,{
				"<=msec": 8.600
				,"percent": 11.14
				}
			,{
				"<=msec": 8.700
				,"percent": 11.21
				}
			,{
				"<=msec": 8.800
				,"percent": 11.27
				}
			,{
				"<=msec": 8.900
				,"percent": 11.35
				}
			,{
				"<=msec": 9.000
				,"percent": 11.42
				}
			,{
				"<=msec": 9.100
				,"percent": 11.50
				}
			,{
				"<=msec": 9.200
				,"percent": 11.57
				}
			,{
				"<=msec": 9.300
				,"percent": 11.63
				}
			,{
				"<=msec": 9.400
				,"percent": 11.71
				}
			,{
				"<=msec": 9.500
				,"percent": 11.79
				}
			,{
				"<=msec": 9.600
				,"percent": 11.88
				}
			,{
				"<=msec": 9.700
				,"percent": 11.98
				}
			,{
				"<=msec": 9.800
				,"percent": 12.05
				}
			,{
				"<=msec": 9.900
				,"percent": 12.15
				}
			,{
				"<=msec": 10.000
				,"percent": 12.61
				}
			,{
				"<=msec": 11.000
				,"percent": 13.66
				}
			,{
				"<=msec": 12.000
				,"percent": 15.25
				}
			,{
				"<=msec": 13.000
				,"percent": 17.47
				}
			,{
				"<=msec": 14.000
				,"percent": 21.94
				}
			,{
				"<=msec": 15.000
				,"percent": 32.43
				}
			,{
				"<=msec": 16.000
				,"percent": 53.51
				}
			,{
				"<=msec": 17.000
				,"percent": 63.48
				}
			,{
				"<=msec": 18.000
				,"percent": 67.27
				}
			,{
				"<=msec": 19.000
				,"percent": 68.80
				}
			,{
				"<=msec": 20.000
				,"percent": 69.82
				}
			,{
				"<=msec": 21.000
				,"percent": 70.64
				}
			,{
				"<=msec": 22.000
				,"percent": 71.33
				}
			,{
				"<=msec": 23.000
				,"percent": 71.96
				}
			,{
				"<=msec": 24.000
				,"percent": 72.67
				}
			,{
				"<=msec": 25.000
				,"percent": 73.49
				}
			,{
				"<=msec": 26.000
				,"percent": 74.69
				}
			,{
				"<=msec": 27.000
				,"percent": 76.56
				}
			,{
				"<=msec": 28.000
				,"percent": 79.79
				}
			,{
				"<=msec": 29.000
				,"percent": 84.68
				}
			,{
				"<=msec": 30.000
				,"percent": 89.67
				}
			,{
				"<=msec": 31.000
				,"percent": 94.89
				}
			,{
				"<=msec": 32.000
				,"percent": 96.37
				}
			,{
				"<=msec": 33.000
				,"percent": 96.69
				}
			,{
				"<=msec": 34.000
				,"percent": 96.91
				}
			,{
				"<=msec": 35.000
				,"percent": 97.08
				}
			,{
				"<=msec": 36.000
				,"percent": 97.17
				}
			,{
				"<=msec": 37.000
				,"percent": 97.26
				}
			,{
				"<=msec": 38.000
				,"percent": 97.33
				}
			,{
				"<=msec": 39.000
				,"percent": 97.41
				}
			,{
				"<=msec": 40.000
				,"percent": 97.52
				}
			,{
				"<=msec": 41.000
				,"percent": 97.63
				}
			,{
				"<=msec": 42.000
				,"percent": 97.79
				}
			,{
				"<=msec": 43.000
				,"percent": 98.06
				}
			,{
				"<=msec": 44.000
				,"percent": 98.35
				}
			,{
				"<=msec": 45.000
				,"percent": 98.63
				}
			,{
				"<=msec": 46.000
				,"percent": 98.95
				}
			,{
				"<=msec": 47.000
				,"percent": 99.23
				}
			,{
				"<=msec": 48.000
				,"percent": 99.28
				}
			,{
				"<=msec": 49.000
				,"percent": 99.31
				}
			,{
				"<=msec": 50.000
				,"percent": 99.32
				}
			,{
				"<=msec": 51.000
				,"percent": 99.33
				}
			,{
				"<=msec": 52.000
				,"percent": 99.34
				}
			,{
				"<=msec": 53.000
				,"percent": 99.35
				}
			,{
				"<=msec": 54.000
				,"percent": 99.36
				}
			,{
				"<=msec": 55.000
				,"percent": 99.37
				}
			,{
				"<=msec": 56.000
				,"percent": 99.39
				}
			,{
				"<=msec": 57.000
				,"percent": 99.42
				}
			,{
				"<=msec": 58.000
				,"percent": 99.44
				}
			,{
				"<=msec": 59.000
				,"percent": 99.49
				}
			,{
				"<=msec": 60.000
				,"percent": 99.55
				}
			,{
				"<=msec": 61.000
				,"percent": 99.62
				}
			,{
				"<=msec": 62.000
				,"percent": 99.69
				}
			,{
				"<=msec": 63.000
				,"percent": 99.73
				}
			,{
				"<=msec": 64.000
				,"percent": 99.73
				}
			,{
				"<=msec": 65.000
				,"percent": 99.74
				}
			,{
				"<=msec": 66.000
				,"percent": 99.74
				}
			,{
				"<=msec": 67.000
				,"percent": 99.74
				}
			,{
				"<=msec": 68.000
				,"percent": 99.74
				}
			,{
				"<=msec": 69.000
				,"percent": 99.75
				}
			,{
				"<=msec": 70.000
				,"percent": 99.75
				}
			,{
				"<=msec": 71.000
				,"percent": 99.75
				}
			,{
				"<=msec": 72.000
				,"percent": 99.76
				}
			,{
				"<=msec": 73.000
				,"percent": 99.77
				}
			,{
				"<=msec": 74.000
				,"percent": 99.78
				}
			,{
				"<=msec": 75.000
				,"percent": 99.80
				}
			,{
				"<=msec": 76.000
				,"percent": 99.82
				}
			,{
				"<=msec": 77.000
				,"percent": 99.84
				}
			,{
				"<=msec": 78.000
				,"percent": 99.87
				}
			,{
				"<=msec": 79.000
				,"percent": 99.88
				}
			,{
				"<=msec": 80.000
				,"percent": 99.88
				}
			,{
				"<=msec": 81.000
				,"percent": 99.88
				}
			,{
				"<=msec": 84.000
				,"percent": 99.88
				}
			,{
				"<=msec": 86.000
				,"percent": 99.88
				}
			,{
				"<=msec": 87.000
				,"percent": 99.88
				}
			,{
				"<=msec": 88.000
				,"percent": 99.88
				}
			,{
				"<=msec": 89.000
				,"percent": 99.89
				}
			,{
				"<=msec": 90.000
				,"percent": 99.89
				}
			,{
				"<=msec": 91.000
				,"percent": 99.90
				}
			,{
				"<=msec": 92.000
				,"percent": 99.91
				}
			,{
				"<=msec": 93.000
				,"percent": 99.91
				}
			,{
				"<=msec": 94.000
				,"percent": 99.92
				}
			,{
				"<=msec": 96.000
				,"percent": 99.92
				}
			,{
				"<=msec": 97.000
				,"percent": 99.92
				}
			,{
				"<=msec": 98.000
				,"percent": 99.92
				}
			,{
				"<=msec": 99.000
				,"percent": 99.92
				}
			,{
				"<=msec": 100.000
				,"percent": 99.93
				}
			,{
				"<=msec": 110.000
				,"percent": 99.95
				}
			,{
				"<=msec": 120.000
				,"percent": 99.97
				}
			,{
				"<=msec": 130.000
				,"percent": 99.97
				}
			,{
				"<=msec": 140.000
				,"percent": 99.98
				}
			,{
				"<=msec": 150.000
				,"percent": 99.98
				}
			,{
				"<=msec": 170.000
				,"percent": 99.98
				}
			,{
				"<=msec": 190.000
				,"percent": 99.98
				}
			,{
				"<=msec": 200.000
				,"percent": 100.00
				}
			,{
				"<=msec": 210.000
				,"percent": 100.00
				}
			]
		,"WAIT":[
		]
		}
	}
