{
	"configuration":{
		"server": "10.0.0.9"
		,"port": 11212
		,"unix socket": "(null)"
		,"protocol": "memcache_text"
		,"out_file": "(null)"
		,"client_stats": "(null)"
		,"run_count": 1
		,"debug": 0
		,"requests": 0
		,"clients": 32
		,"threads": 2
		,"test_time": 60
		,"ratio": "0:1"
		,"pipeline": 1
		,"data_size": 4096
		,"data_offset": 0
		,"random_data": "false"
		,"data_size_range": "0:0"
		,"data_size_list": ""
		,"data_size_pattern": "R"
		,"expiry_range": "9999:10000"
		,"data_import": "(null)"
		,"data_verify": "false"
		,"verify_only": "false"
		,"generate_keys": "false"
		,"key_prefix": "memtier-"
		,"key_minimum":           0
		,"key_maximum":        1000
		,"key_pattern": "R:R"
		,"key_stddev": 0.000000
		,"key_median": 0.000000
		,"reconnect_interval": 0
		,"multi_key_get": 0
		,"authenticate": ""
		,"select-db": 0
		,"no-expiry": "false"
		,"wait-ratio": "0:0"
		,"num-slaves": "0:0"
		,"wait-timeout": "0-0"
		}
	,"run information":{
		"Threads": 2
		,"Connections per thread": 32
		,"Seconds": 60
		}
	,"ALL STATS":{
		"Sets":{
			"Ops/sec": 0.00
			,"Hits/sec": 0.00
			,"Misses/sec": 0.00
			,"Latency": 0.00
			,"KB/sec": 0.00
			}
		,"Gets":{
			"Ops/sec": 3083.75
			,"Hits/sec": 2977.52
			,"Misses/sec": 106.23
			,"Latency": 20.75
			,"KB/sec": 12057.04
			}
		,"Waits":{
			"Ops/sec": 0.00
			,"Hits/sec": 0.00
			,"Misses/sec": 0.00
			,"Latency": 0.00
			,"KB/sec": 0.00
			}
		,"Totals":{
			"Ops/sec": 3083.75
			,"Hits/sec": 2977.52
			,"Misses/sec": 106.23
			,"Latency": 20.75
			,"KB/sec": 12057.04
			}
		,"SET":[
		]
		,"GET":[
			{
				"<=msec": 1.900
				,"percent": 0.00
				}
			,{
				"<=msec": 2.000
				,"percent": 0.00
				}
			,{
				"<=msec": 2.100
				,"percent": 0.00
				}
			,{
				"<=msec": 2.200
				,"percent": 0.01
				}
			,{
				"<=msec": 2.300
				,"percent": 0.01
				}
			,{
				"<=msec": 2.400
				,"percent": 0.01
				}
			,{
				"<=msec": 2.500
				,"percent": 0.01
				}
			,{
				"<=msec": 2.600
				,"percent": 0.01
				}
			,{
				"<=msec": 2.700
				,"percent": 0.01
				}
			,{
				"<=msec": 2.800
				,"percent": 0.02
				}
			,{
				"<=msec": 2.900
				,"percent": 0.02
				}
			,{
				"<=msec": 3.000
				,"percent": 0.02
				}
			,{
				"<=msec": 3.100
				,"percent": 0.02
				}
			,{
				"<=msec": 3.200
				,"percent": 0.02
				}
			,{
				"<=msec": 3.300
				,"percent": 0.02
				}
			,{
				"<=msec": 3.400
				,"percent": 0.03
				}
			,{
				"<=msec": 3.500
				,"percent": 0.03
				}
			,{
				"<=msec": 3.600
				,"percent": 0.04
				}
			,{
				"<=msec": 3.700
				,"percent": 0.04
				}
			,{
				"<=msec": 3.800
				,"percent": 0.05
				}
			,{
				"<=msec": 3.900
				,"percent": 0.05
				}
			,{
				"<=msec": 4.000
				,"percent": 0.05
				}
			,{
				"<=msec": 4.100
				,"percent": 0.05
				}
			,{
				"<=msec": 4.200
				,"percent": 0.06
				}
			,{
				"<=msec": 4.300
				,"percent": 0.06
				}
			,{
				"<=msec": 4.400
				,"percent": 0.06
				}
			,{
				"<=msec": 4.500
				,"percent": 0.07
				}
			,{
				"<=msec": 4.600
				,"percent": 0.07
				}
			,{
				"<=msec": 4.700
				,"percent": 0.08
				}
			,{
				"<=msec": 4.800
				,"percent": 0.08
				}
			,{
				"<=msec": 4.900
				,"percent": 0.08
				}
			,{
				"<=msec": 5.000
				,"percent": 0.09
				}
			,{
				"<=msec": 5.100
				,"percent": 0.09
				}
			,{
				"<=msec": 5.200
				,"percent": 0.09
				}
			,{
				"<=msec": 5.300
				,"percent": 0.10
				}
			,{
				"<=msec": 5.400
				,"percent": 0.11
				}
			,{
				"<=msec": 5.500
				,"percent": 0.12
				}
			,{
				"<=msec": 5.600
				,"percent": 0.12
				}
			,{
				"<=msec": 5.700
				,"percent": 0.13
				}
			,{
				"<=msec": 5.800
				,"percent": 0.14
				}
			,{
				"<=msec": 5.900
				,"percent": 0.15
				}
			,{
				"<=msec": 6.000
				,"percent": 0.16
				}
			,{
				"<=msec": 6.100
				,"percent": 0.18
				}
			,{
				"<=msec": 6.200
				,"percent": 0.19
				}
			,{
				"<=msec": 6.300
				,"percent": 0.20
				}
			,{
				"<=msec": 6.400
				,"percent": 0.21
				}
			,{
				"<=msec": 6.500
				,"percent": 0.23
				}
			,{
				"<=msec": 6.600
				,"percent": 0.24
				}
			,{
				"<=msec": 6.700
				,"percent": 0.25
				}
			,{
				"<=msec": 6.800
				,"percent": 0.26
				}
			,{
				"<=msec": 6.900
				,"percent": 0.26
				}
			,{
				"<=msec": 7.000
				,"percent": 0.27
				}
			,{
				"<=msec": 7.100
				,"percent": 0.28
				}
			,{
				"<=msec": 7.200
				,"percent": 0.29
				}
			,{
				"<=msec": 7.300
				,"percent": 0.30
				}
			,{
				"<=msec": 7.400
				,"percent": 0.31
				}
			,{
				"<=msec": 7.500
				,"percent": 0.33
				}
			,{
				"<=msec": 7.600
				,"percent": 0.34
				}
			,{
				"<=msec": 7.700
				,"percent": 0.35
				}
			,{
				"<=msec": 7.800
				,"percent": 0.36
				}
			,{
				"<=msec": 7.900
				,"percent": 0.37
				}
			,{
				"<=msec": 8.000
				,"percent": 0.39
				}
			,{
				"<=msec": 8.100
				,"percent": 0.41
				}
			,{
				"<=msec": 8.200
				,"percent": 0.43
				}
			,{
				"<=msec": 8.300
				,"percent": 0.45
				}
			,{
				"<=msec": 8.400
				,"percent": 0.47
				}
			,{
				"<=msec": 8.500
				,"percent": 0.49
				}
			,{
				"<=msec": 8.600
				,"percent": 0.51
				}
			,{
				"<=msec": 8.700
				,"percent": 0.53
				}
			,{
				"<=msec": 8.800
				,"percent": 0.56
				}
			,{
				"<=msec": 8.900
				,"percent": 0.58
				}
			,{
				"<=msec": 9.000
				,"percent": 0.61
				}
			,{
				"<=msec": 9.100
				,"percent": 0.64
				}
			,{
				"<=msec": 9.200
				,"percent": 0.66
				}
			,{
				"<=msec": 9.300
				,"percent": 0.69
				}
			,{
				"<=msec": 9.400
				,"percent": 0.73
				}
			,{
				"<=msec": 9.500
				,"percent": 0.76
				}
			,{
				"<=msec": 9.600
				,"percent": 0.79
				}
			,{
				"<=msec": 9.700
				,"percent": 0.83
				}
			,{
				"<=msec": 9.800
				,"percent": 0.87
				}
			,{
				"<=msec": 9.900
				,"percent": 0.91
				}
			,{
				"<=msec": 10.000
				,"percent": 1.17
				}
			,{
				"<=msec": 11.000
				,"percent": 1.70
				}
			,{
				"<=msec": 12.000
				,"percent": 2.39
				}
			,{
				"<=msec": 13.000
				,"percent": 3.36
				}
			,{
				"<=msec": 14.000
				,"percent": 4.64
				}
			,{
				"<=msec": 15.000
				,"percent": 6.75
				}
			,{
				"<=msec": 16.000
				,"percent": 15.78
				}
			,{
				"<=msec": 17.000
				,"percent": 38.19
				}
			,{
				"<=msec": 18.000
				,"percent": 47.73
				}
			,{
				"<=msec": 19.000
				,"percent": 52.62
				}
			,{
				"<=msec": 20.000
				,"percent": 57.18
				}
			,{
				"<=msec": 21.000
				,"percent": 62.30
				}
			,{
				"<=msec": 22.000
				,"percent": 68.17
				}
			,{
				"<=msec": 23.000
				,"percent": 73.02
				}
			,{
				"<=msec": 24.000
				,"percent": 76.83
				}
			,{
				"<=msec": 25.000
				,"percent": 79.65
				}
			,{
				"<=msec": 26.000
				,"percent": 81.95
				}
			,{
				"<=msec": 27.000
				,"percent": 84.64
				}
			,{
				"<=msec": 28.000
				,"percent": 88.10
				}
			,{
				"<=msec": 29.000
				,"percent": 92.40
				}
			,{
				"<=msec": 30.000
				,"percent": 96.46
				}
			,{
				"<=msec": 31.000
				,"percent": 98.18
				}
			,{
				"<=msec": 32.000
				,"percent": 98.74
				}
			,{
				"<=msec": 33.000
				,"percent": 99.04
				}
			,{
				"<=msec": 34.000
				,"percent": 99.24
				}
			,{
				"<=msec": 35.000
				,"percent": 99.41
				}
			,{
				"<=msec": 36.000
				,"percent": 99.51
				}
			,{
				"<=msec": 37.000
				,"percent": 99.60
				}
			,{
				"<=msec": 38.000
				,"percent": 99.67
				}
			,{
				"<=msec": 39.000
				,"percent": 99.72
				}
			,{
				"<=msec": 40.000
				,"percent": 99.75
				}
			,{
				"<=msec": 41.000
				,"percent": 99.78
				}
			,{
				"<=msec": 42.000
				,"percent": 99.82
				}
			,{
				"<=msec": 43.000
				,"percent": 99.86
				}
			,{
				"<=msec": 44.000
				,"percent": 99.88
				}
			,{
				"<=msec": 45.000
				,"percent": 99.91
				}
			,{
				"<=msec": 46.000
				,"percent": 99.92
				}
			,{
				"<=msec": 47.000
				,"percent": 99.93
				}
			,{
				"<=msec": 48.000
				,"percent": 99.94
				}
			,{
				"<=msec": 49.000
				,"percent": 99.95
				}
			,{
				"<=msec": 50.000
				,"percent": 99.96
				}
			,{
				"<=msec": 51.000
				,"percent": 99.96
				}
			,{
				"<=msec": 52.000
				,"percent": 99.96
				}
			,{
				"<=msec": 54.000
				,"percent": 99.97
				}
			,{
				"<=msec": 55.000
				,"percent": 99.97
				}
			,{
				"<=msec": 57.000
				,"percent": 99.97
				}
			,{
				"<=msec": 58.000
				,"percent": 99.97
				}
			,{
				"<=msec": 59.000
				,"percent": 99.97
				}
			,{
				"<=msec": 61.000
				,"percent": 99.97
				}
			,{
				"<=msec": 62.000
				,"percent": 99.98
				}
			,{
				"<=msec": 63.000
				,"percent": 99.98
				}
			,{
				"<=msec": 64.000
				,"percent": 99.98
				}
			,{
				"<=msec": 74.000
				,"percent": 99.98
				}
			,{
				"<=msec": 77.000
				,"percent": 99.98
				}
			,{
				"<=msec": 84.000
				,"percent": 99.98
				}
			,{
				"<=msec": 86.000
				,"percent": 99.98
				}
			,{
				"<=msec": 92.000
				,"percent": 99.98
				}
			,{
				"<=msec": 95.000
				,"percent": 99.98
				}
			,{
				"<=msec": 100.000
				,"percent": 99.98
				}
			,{
				"<=msec": 110.000
				,"percent": 99.98
				}
			,{
				"<=msec": 120.000
				,"percent": 99.98
				}
			,{
				"<=msec": 130.000
				,"percent": 99.99
				}
			,{
				"<=msec": 140.000
				,"percent": 99.99
				}
			,{
				"<=msec": 150.000
				,"percent": 99.99
				}
			,{
				"<=msec": 160.000
				,"percent": 99.99
				}
			,{
				"<=msec": 170.000
				,"percent": 99.99
				}
			,{
				"<=msec": 180.000
				,"percent": 99.99
				}
			,{
				"<=msec": 200.000
				,"percent": 99.99
				}
			,{
				"<=msec": 210.000
				,"percent": 99.99
				}
			,{
				"<=msec": 220.000
				,"percent": 99.99
				}
			,{
				"<=msec": 230.000
				,"percent": 99.99
				}
			,{
				"<=msec": 240.000
				,"percent": 99.99
				}
			,{
				"<=msec": 260.000
				,"percent": 99.99
				}
			,{
				"<=msec": 270.000
				,"percent": 99.99
				}
			,{
				"<=msec": 280.000
				,"percent": 100.00
				}
			,{
				"<=msec": 310.000
				,"percent": 100.00
				}
			,{
				"<=msec": 350.000
				,"percent": 100.00
				}
			,{
				"<=msec": 360.000
				,"percent": 100.00
				}
			,{
				"<=msec": 370.000
				,"percent": 100.00
				}
			]
		,"WAIT":[
		]
		}
	}
