{
	"configuration":{
		"server": "10.0.0.9"
		,"port": 11212
		,"unix socket": "(null)"
		,"protocol": "memcache_text"
		,"out_file": "(null)"
		,"client_stats": "(null)"
		,"run_count": 1
		,"debug": 0
		,"requests": 0
		,"clients": 32
		,"threads": 1
		,"test_time": 60
		,"ratio": "1:0"
		,"pipeline": 1
		,"data_size": 4096
		,"data_offset": 0
		,"random_data": "false"
		,"data_size_range": "0:0"
		,"data_size_list": ""
		,"data_size_pattern": "R"
		,"expiry_range": "9999:10000"
		,"data_import": "(null)"
		,"data_verify": "false"
		,"verify_only": "false"
		,"generate_keys": "false"
		,"key_prefix": "memtier-"
		,"key_minimum":           0
		,"key_maximum":        1000
		,"key_pattern": "R:R"
		,"key_stddev": 0.000000
		,"key_median": 0.000000
		,"reconnect_interval": 0
		,"multi_key_get": 0
		,"authenticate": ""
		,"select-db": 0
		,"no-expiry": "false"
		,"wait-ratio": "0:0"
		,"num-slaves": "0:0"
		,"wait-timeout": "0-0"
		}
	,"run information":{
		"Threads": 1
		,"Connections per thread": 32
		,"Seconds": 60
		}
	,"ALL STATS":{
		"Sets":{
			"Ops/sec": 1213.13
			,"Hits/sec": 0.00
			,"Misses/sec": 0.00
			,"Latency": 26.37
			,"KB/sec": 4899.18
			}
		,"Gets":{
			"Ops/sec": 0.00
			,"Hits/sec": 0.00
			,"Misses/sec": 0.00
			,"Latency": 0.00
			,"KB/sec": 0.00
			}
		,"Waits":{
			"Ops/sec": 0.00
			,"Hits/sec": 0.00
			,"Misses/sec": 0.00
			,"Latency": 0.00
			,"KB/sec": 0.00
			}
		,"Totals":{
			"Ops/sec": 1213.13
			,"Hits/sec": 0.00
			,"Misses/sec": 0.00
			,"Latency": 26.37
			,"KB/sec": 4899.18
			}
		,"SET":[
			{
				"<=msec": 12.000
				,"percent": 0.00
				}
			,{
				"<=msec": 13.000
				,"percent": 0.04
				}
			,{
				"<=msec": 14.000
				,"percent": 0.22
				}
			,{
				"<=msec": 15.000
				,"percent": 0.93
				}
			,{
				"<=msec": 16.000
				,"percent": 2.19
				}
			,{
				"<=msec": 17.000
				,"percent": 4.18
				}
			,{
				"<=msec": 18.000
				,"percent": 7.13
				}
			,{
				"<=msec": 19.000
				,"percent": 11.24
				}
			,{
				"<=msec": 20.000
				,"percent": 16.90
				}
			,{
				"<=msec": 21.000
				,"percent": 24.01
				}
			,{
				"<=msec": 22.000
				,"percent": 31.43
				}
			,{
				"<=msec": 23.000
				,"percent": 38.59
				}
			,{
				"<=msec": 24.000
				,"percent": 45.27
				}
			,{
				"<=msec": 25.000
				,"percent": 52.13
				}
			,{
				"<=msec": 26.000
				,"percent": 59.80
				}
			,{
				"<=msec": 27.000
				,"percent": 66.97
				}
			,{
				"<=msec": 28.000
				,"percent": 72.60
				}
			,{
				"<=msec": 29.000
				,"percent": 76.65
				}
			,{
				"<=msec": 30.000
				,"percent": 79.82
				}
			,{
				"<=msec": 31.000
				,"percent": 82.44
				}
			,{
				"<=msec": 32.000
				,"percent": 84.72
				}
			,{
				"<=msec": 33.000
				,"percent": 86.64
				}
			,{
				"<=msec": 34.000
				,"percent": 88.34
				}
			,{
				"<=msec": 35.000
				,"percent": 89.92
				}
			,{
				"<=msec": 36.000
				,"percent": 91.30
				}
			,{
				"<=msec": 37.000
				,"percent": 92.55
				}
			,{
				"<=msec": 38.000
				,"percent": 93.58
				}
			,{
				"<=msec": 39.000
				,"percent": 94.36
				}
			,{
				"<=msec": 40.000
				,"percent": 95.09
				}
			,{
				"<=msec": 41.000
				,"percent": 95.85
				}
			,{
				"<=msec": 42.000
				,"percent": 96.39
				}
			,{
				"<=msec": 43.000
				,"percent": 96.94
				}
			,{
				"<=msec": 44.000
				,"percent": 97.60
				}
			,{
				"<=msec": 45.000
				,"percent": 98.08
				}
			,{
				"<=msec": 46.000
				,"percent": 98.41
				}
			,{
				"<=msec": 47.000
				,"percent": 98.67
				}
			,{
				"<=msec": 48.000
				,"percent": 98.86
				}
			,{
				"<=msec": 49.000
				,"percent": 99.02
				}
			,{
				"<=msec": 50.000
				,"percent": 99.17
				}
			,{
				"<=msec": 51.000
				,"percent": 99.32
				}
			,{
				"<=msec": 52.000
				,"percent": 99.47
				}
			,{
				"<=msec": 53.000
				,"percent": 99.53
				}
			,{
				"<=msec": 54.000
				,"percent": 99.58
				}
			,{
				"<=msec": 55.000
				,"percent": 99.64
				}
			,{
				"<=msec": 56.000
				,"percent": 99.67
				}
			,{
				"<=msec": 57.000
				,"percent": 99.70
				}
			,{
				"<=msec": 58.000
				,"percent": 99.76
				}
			,{
				"<=msec": 59.000
				,"percent": 99.81
				}
			,{
				"<=msec": 60.000
				,"percent": 99.84
				}
			,{
				"<=msec": 61.000
				,"percent": 99.88
				}
			,{
				"<=msec": 62.000
				,"percent": 99.89
				}
			,{
				"<=msec": 63.000
				,"percent": 99.90
				}
			,{
				"<=msec": 64.000
				,"percent": 99.91
				}
			,{
				"<=msec": 65.000
				,"percent": 99.93
				}
			,{
				"<=msec": 66.000
				,"percent": 99.94
				}
			,{
				"<=msec": 67.000
				,"percent": 99.95
				}
			,{
				"<=msec": 68.000
				,"percent": 99.95
				}
			,{
				"<=msec": 69.000
				,"percent": 99.95
				}
			,{
				"<=msec": 70.000
				,"percent": 99.96
				}
			,{
				"<=msec": 71.000
				,"percent": 99.96
				}
			,{
				"<=msec": 72.000
				,"percent": 99.97
				}
			,{
				"<=msec": 74.000
				,"percent": 99.97
				}
			,{
				"<=msec": 77.000
				,"percent": 99.97
				}
			,{
				"<=msec": 78.000
				,"percent": 99.97
				}
			,{
				"<=msec": 84.000
				,"percent": 99.97
				}
			,{
				"<=msec": 88.000
				,"percent": 99.98
				}
			,{
				"<=msec": 89.000
				,"percent": 99.98
				}
			,{
				"<=msec": 100.000
				,"percent": 99.99
				}
			,{
				"<=msec": 110.000
				,"percent": 99.99
				}
			,{
				"<=msec": 120.000
				,"percent": 100.00
				}
			,{
				"<=msec": 130.000
				,"percent": 100.00
				}
			,{
				"<=msec": 140.000
				,"percent": 100.00
				}
			]
		,"GET":[
		]
		,"WAIT":[
		]
		}
	}
