This is pdfTeX, Version 3.14159265-2.6-1.40.19 (TeX Live 2018/Arch Linux) (preloaded format=pdflatex 2018.10.17)  25 OCT 2018 00:19
entering extended mode
 restricted \write18 enabled.
 %&-line parsing enabled.
**bytefield.ins
(./bytefield.ins
LaTeX2e <2018-04-01> patch level 5
(/usr/share/texmf-dist/tex/latex/base/docstrip.tex
\blockLevel=\count80
\emptyLines=\count81
\processedLines=\count82
\commentsRemoved=\count83
\commentsPassed=\count84
\codeLinesPassed=\count85
\TotalprocessedLines=\count86
\TotalcommentsRemoved=\count87
\TotalcommentsPassed=\count88
\TotalcodeLinesPassed=\count89
\NumberOfFiles=\count90
\inFile=\read1
\inputcheck=\read2
\off@0=\count91
\off@1=\count92
\off@2=\count93
\off@3=\count94
\off@4=\count95
\off@5=\count96
\off@6=\count97
\off@7=\count98
\off@8=\count99
\off@9=\count100
\off@10=\count101
\off@11=\count102
\off@12=\count103
\off@13=\count104
\off@14=\count105
\off@15=\count106
\@maxfiles=\count107
\@maxoutfiles=\count108

Utility: `docstrip' 2.5g <2018/05/03>
English documentation    <2018/05/03>

**********************************************************
* This program converts documented macro-files into fast *
* loadable files by stripping off (nearly) all comments! *
**********************************************************

********************************************************
* No Configuration file found, using default settings. *
********************************************************

) File ./bytefield.sty already exists on the system.
Overwrite it? [y/n]
\answer=y

Generating file(s) ./bytefield.sty 
\openout0 = `./bytefield.sty'.


Processing file bytefield.dtx (package) -> bytefield.sty
File bytefield.dtx ended by \endinput.
Lines  processed: 3170
Comments removed: 2668
Comments  passed: 0
Codelines passed: 494

***************************************************************
* To finish the installation, move bytefield.sty into a       *
* directory searched by TeX.                                  *
*                                                             *
* To produce the documentation, run the file bytefield.dtx    *
* through LaTeX.                                              *
*                                                             *
* Happy TeXing!                                               *
***************************************************************
 ) 
Here is how much of TeX's memory you used:
 311 strings out of 492642
 3160 string characters out of 6135565
 64633 words of memory out of 5000000
 4292 multiletter control sequences out of 15000+600000
 3640 words of font info for 14 fonts, out of 8000000 for 9000
 1141 hyphenation exceptions out of 8191
 11i,0n,15p,178b,121s stack positions out of 5000i,500n,10000p,200000b,80000s

No pages of output.
PDF statistics:
 0 PDF objects out of 1000 (max. 8388607)
 0 named destinations out of 1000 (max. 500000)
 1 words of extra memory for PDF output out of 10000 (max. 10000000)

