{
	"configuration":{
		"server": "10.0.0.9"
		,"port": 11212
		,"unix socket": "(null)"
		,"protocol": "memcache_text"
		,"out_file": "(null)"
		,"client_stats": "(null)"
		,"run_count": 1
		,"debug": 0
		,"requests": 0
		,"clients": 32
		,"threads": 1
		,"test_time": 60
		,"ratio": "0:1"
		,"pipeline": 1
		,"data_size": 4096
		,"data_offset": 0
		,"random_data": "false"
		,"data_size_range": "0:0"
		,"data_size_list": ""
		,"data_size_pattern": "R"
		,"expiry_range": "9999:10000"
		,"data_import": "(null)"
		,"data_verify": "false"
		,"verify_only": "false"
		,"generate_keys": "false"
		,"key_prefix": "memtier-"
		,"key_minimum":           0
		,"key_maximum":        1000
		,"key_pattern": "R:R"
		,"key_stddev": 0.000000
		,"key_median": 0.000000
		,"reconnect_interval": 0
		,"multi_key_get": 0
		,"authenticate": ""
		,"select-db": 0
		,"no-expiry": "false"
		,"wait-ratio": "0:0"
		,"num-slaves": "0:0"
		,"wait-timeout": "0-0"
		}
	,"run information":{
		"Threads": 1
		,"Connections per thread": 32
		,"Seconds": 60
		}
	,"ALL STATS":{
		"Sets":{
			"Ops/sec": 0.00
			,"Hits/sec": 0.00
			,"Misses/sec": 0.00
			,"Latency": 0.00
			,"KB/sec": 0.00
			}
		,"Gets":{
			"Ops/sec": 1470.72
			,"Hits/sec": 1451.35
			,"Misses/sec": 19.36
			,"Latency": 21.75
			,"KB/sec": 5876.35
			}
		,"Waits":{
			"Ops/sec": 0.00
			,"Hits/sec": 0.00
			,"Misses/sec": 0.00
			,"Latency": 0.00
			,"KB/sec": 0.00
			}
		,"Totals":{
			"Ops/sec": 1470.72
			,"Hits/sec": 1451.35
			,"Misses/sec": 19.36
			,"Latency": 21.75
			,"KB/sec": 5876.35
			}
		,"SET":[
		]
		,"GET":[
			{
				"<=msec": 1.900
				,"percent": 0.00
				}
			,{
				"<=msec": 2.000
				,"percent": 0.00
				}
			,{
				"<=msec": 2.100
				,"percent": 0.01
				}
			,{
				"<=msec": 2.200
				,"percent": 0.01
				}
			,{
				"<=msec": 2.300
				,"percent": 0.02
				}
			,{
				"<=msec": 2.400
				,"percent": 0.02
				}
			,{
				"<=msec": 2.500
				,"percent": 0.02
				}
			,{
				"<=msec": 2.600
				,"percent": 0.03
				}
			,{
				"<=msec": 2.700
				,"percent": 0.03
				}
			,{
				"<=msec": 2.800
				,"percent": 0.03
				}
			,{
				"<=msec": 2.900
				,"percent": 0.04
				}
			,{
				"<=msec": 3.000
				,"percent": 0.05
				}
			,{
				"<=msec": 3.100
				,"percent": 0.06
				}
			,{
				"<=msec": 3.200
				,"percent": 0.06
				}
			,{
				"<=msec": 3.300
				,"percent": 0.07
				}
			,{
				"<=msec": 3.400
				,"percent": 0.07
				}
			,{
				"<=msec": 3.500
				,"percent": 0.08
				}
			,{
				"<=msec": 3.600
				,"percent": 0.09
				}
			,{
				"<=msec": 3.700
				,"percent": 0.11
				}
			,{
				"<=msec": 3.800
				,"percent": 0.12
				}
			,{
				"<=msec": 3.900
				,"percent": 0.14
				}
			,{
				"<=msec": 4.000
				,"percent": 0.16
				}
			,{
				"<=msec": 4.100
				,"percent": 0.17
				}
			,{
				"<=msec": 4.200
				,"percent": 0.19
				}
			,{
				"<=msec": 4.300
				,"percent": 0.21
				}
			,{
				"<=msec": 4.400
				,"percent": 0.23
				}
			,{
				"<=msec": 4.500
				,"percent": 0.25
				}
			,{
				"<=msec": 4.600
				,"percent": 0.27
				}
			,{
				"<=msec": 4.700
				,"percent": 0.30
				}
			,{
				"<=msec": 4.800
				,"percent": 0.35
				}
			,{
				"<=msec": 4.900
				,"percent": 0.37
				}
			,{
				"<=msec": 5.000
				,"percent": 0.40
				}
			,{
				"<=msec": 5.100
				,"percent": 0.44
				}
			,{
				"<=msec": 5.200
				,"percent": 0.46
				}
			,{
				"<=msec": 5.300
				,"percent": 0.49
				}
			,{
				"<=msec": 5.400
				,"percent": 0.53
				}
			,{
				"<=msec": 5.500
				,"percent": 0.57
				}
			,{
				"<=msec": 5.600
				,"percent": 0.60
				}
			,{
				"<=msec": 5.700
				,"percent": 0.64
				}
			,{
				"<=msec": 5.800
				,"percent": 0.67
				}
			,{
				"<=msec": 5.900
				,"percent": 0.71
				}
			,{
				"<=msec": 6.000
				,"percent": 0.75
				}
			,{
				"<=msec": 6.100
				,"percent": 0.80
				}
			,{
				"<=msec": 6.200
				,"percent": 0.84
				}
			,{
				"<=msec": 6.300
				,"percent": 0.88
				}
			,{
				"<=msec": 6.400
				,"percent": 0.93
				}
			,{
				"<=msec": 6.500
				,"percent": 0.98
				}
			,{
				"<=msec": 6.600
				,"percent": 1.04
				}
			,{
				"<=msec": 6.700
				,"percent": 1.10
				}
			,{
				"<=msec": 6.800
				,"percent": 1.15
				}
			,{
				"<=msec": 6.900
				,"percent": 1.21
				}
			,{
				"<=msec": 7.000
				,"percent": 1.27
				}
			,{
				"<=msec": 7.100
				,"percent": 1.34
				}
			,{
				"<=msec": 7.200
				,"percent": 1.38
				}
			,{
				"<=msec": 7.300
				,"percent": 1.44
				}
			,{
				"<=msec": 7.400
				,"percent": 1.48
				}
			,{
				"<=msec": 7.500
				,"percent": 1.52
				}
			,{
				"<=msec": 7.600
				,"percent": 1.56
				}
			,{
				"<=msec": 7.700
				,"percent": 1.61
				}
			,{
				"<=msec": 7.800
				,"percent": 1.65
				}
			,{
				"<=msec": 7.900
				,"percent": 1.68
				}
			,{
				"<=msec": 8.000
				,"percent": 1.74
				}
			,{
				"<=msec": 8.100
				,"percent": 1.77
				}
			,{
				"<=msec": 8.200
				,"percent": 1.82
				}
			,{
				"<=msec": 8.300
				,"percent": 1.85
				}
			,{
				"<=msec": 8.400
				,"percent": 1.90
				}
			,{
				"<=msec": 8.500
				,"percent": 1.94
				}
			,{
				"<=msec": 8.600
				,"percent": 1.99
				}
			,{
				"<=msec": 8.700
				,"percent": 2.02
				}
			,{
				"<=msec": 8.800
				,"percent": 2.06
				}
			,{
				"<=msec": 8.900
				,"percent": 2.11
				}
			,{
				"<=msec": 9.000
				,"percent": 2.16
				}
			,{
				"<=msec": 9.100
				,"percent": 2.20
				}
			,{
				"<=msec": 9.200
				,"percent": 2.25
				}
			,{
				"<=msec": 9.300
				,"percent": 2.30
				}
			,{
				"<=msec": 9.400
				,"percent": 2.35
				}
			,{
				"<=msec": 9.500
				,"percent": 2.39
				}
			,{
				"<=msec": 9.600
				,"percent": 2.46
				}
			,{
				"<=msec": 9.700
				,"percent": 2.50
				}
			,{
				"<=msec": 9.800
				,"percent": 2.55
				}
			,{
				"<=msec": 9.900
				,"percent": 2.60
				}
			,{
				"<=msec": 10.000
				,"percent": 2.96
				}
			,{
				"<=msec": 11.000
				,"percent": 3.72
				}
			,{
				"<=msec": 12.000
				,"percent": 4.72
				}
			,{
				"<=msec": 13.000
				,"percent": 6.36
				}
			,{
				"<=msec": 14.000
				,"percent": 9.10
				}
			,{
				"<=msec": 15.000
				,"percent": 16.63
				}
			,{
				"<=msec": 16.000
				,"percent": 37.85
				}
			,{
				"<=msec": 17.000
				,"percent": 49.36
				}
			,{
				"<=msec": 18.000
				,"percent": 55.37
				}
			,{
				"<=msec": 19.000
				,"percent": 58.74
				}
			,{
				"<=msec": 20.000
				,"percent": 60.72
				}
			,{
				"<=msec": 21.000
				,"percent": 63.19
				}
			,{
				"<=msec": 22.000
				,"percent": 64.83
				}
			,{
				"<=msec": 23.000
				,"percent": 66.05
				}
			,{
				"<=msec": 24.000
				,"percent": 67.42
				}
			,{
				"<=msec": 25.000
				,"percent": 69.79
				}
			,{
				"<=msec": 26.000
				,"percent": 71.94
				}
			,{
				"<=msec": 27.000
				,"percent": 73.66
				}
			,{
				"<=msec": 28.000
				,"percent": 76.95
				}
			,{
				"<=msec": 29.000
				,"percent": 80.59
				}
			,{
				"<=msec": 30.000
				,"percent": 84.17
				}
			,{
				"<=msec": 31.000
				,"percent": 91.07
				}
			,{
				"<=msec": 32.000
				,"percent": 93.38
				}
			,{
				"<=msec": 33.000
				,"percent": 93.96
				}
			,{
				"<=msec": 34.000
				,"percent": 94.44
				}
			,{
				"<=msec": 35.000
				,"percent": 94.76
				}
			,{
				"<=msec": 36.000
				,"percent": 95.09
				}
			,{
				"<=msec": 37.000
				,"percent": 95.38
				}
			,{
				"<=msec": 38.000
				,"percent": 95.50
				}
			,{
				"<=msec": 39.000
				,"percent": 95.58
				}
			,{
				"<=msec": 40.000
				,"percent": 95.71
				}
			,{
				"<=msec": 41.000
				,"percent": 95.88
				}
			,{
				"<=msec": 42.000
				,"percent": 96.06
				}
			,{
				"<=msec": 43.000
				,"percent": 96.29
				}
			,{
				"<=msec": 44.000
				,"percent": 96.71
				}
			,{
				"<=msec": 45.000
				,"percent": 97.19
				}
			,{
				"<=msec": 46.000
				,"percent": 97.79
				}
			,{
				"<=msec": 47.000
				,"percent": 98.39
				}
			,{
				"<=msec": 48.000
				,"percent": 98.50
				}
			,{
				"<=msec": 49.000
				,"percent": 98.57
				}
			,{
				"<=msec": 50.000
				,"percent": 98.64
				}
			,{
				"<=msec": 51.000
				,"percent": 98.69
				}
			,{
				"<=msec": 52.000
				,"percent": 98.74
				}
			,{
				"<=msec": 53.000
				,"percent": 98.79
				}
			,{
				"<=msec": 54.000
				,"percent": 98.82
				}
			,{
				"<=msec": 55.000
				,"percent": 98.84
				}
			,{
				"<=msec": 56.000
				,"percent": 98.87
				}
			,{
				"<=msec": 57.000
				,"percent": 98.91
				}
			,{
				"<=msec": 58.000
				,"percent": 98.95
				}
			,{
				"<=msec": 59.000
				,"percent": 99.02
				}
			,{
				"<=msec": 60.000
				,"percent": 99.12
				}
			,{
				"<=msec": 61.000
				,"percent": 99.25
				}
			,{
				"<=msec": 62.000
				,"percent": 99.41
				}
			,{
				"<=msec": 63.000
				,"percent": 99.49
				}
			,{
				"<=msec": 64.000
				,"percent": 99.50
				}
			,{
				"<=msec": 65.000
				,"percent": 99.52
				}
			,{
				"<=msec": 66.000
				,"percent": 99.53
				}
			,{
				"<=msec": 67.000
				,"percent": 99.54
				}
			,{
				"<=msec": 68.000
				,"percent": 99.57
				}
			,{
				"<=msec": 69.000
				,"percent": 99.57
				}
			,{
				"<=msec": 70.000
				,"percent": 99.58
				}
			,{
				"<=msec": 71.000
				,"percent": 99.59
				}
			,{
				"<=msec": 72.000
				,"percent": 99.59
				}
			,{
				"<=msec": 73.000
				,"percent": 99.61
				}
			,{
				"<=msec": 74.000
				,"percent": 99.63
				}
			,{
				"<=msec": 75.000
				,"percent": 99.67
				}
			,{
				"<=msec": 76.000
				,"percent": 99.71
				}
			,{
				"<=msec": 77.000
				,"percent": 99.75
				}
			,{
				"<=msec": 78.000
				,"percent": 99.80
				}
			,{
				"<=msec": 79.000
				,"percent": 99.81
				}
			,{
				"<=msec": 80.000
				,"percent": 99.81
				}
			,{
				"<=msec": 81.000
				,"percent": 99.82
				}
			,{
				"<=msec": 82.000
				,"percent": 99.82
				}
			,{
				"<=msec": 83.000
				,"percent": 99.83
				}
			,{
				"<=msec": 84.000
				,"percent": 99.83
				}
			,{
				"<=msec": 85.000
				,"percent": 99.83
				}
			,{
				"<=msec": 86.000
				,"percent": 99.84
				}
			,{
				"<=msec": 87.000
				,"percent": 99.84
				}
			,{
				"<=msec": 88.000
				,"percent": 99.84
				}
			,{
				"<=msec": 89.000
				,"percent": 99.85
				}
			,{
				"<=msec": 90.000
				,"percent": 99.85
				}
			,{
				"<=msec": 91.000
				,"percent": 99.86
				}
			,{
				"<=msec": 92.000
				,"percent": 99.87
				}
			,{
				"<=msec": 93.000
				,"percent": 99.88
				}
			,{
				"<=msec": 94.000
				,"percent": 99.89
				}
			,{
				"<=msec": 96.000
				,"percent": 99.89
				}
			,{
				"<=msec": 97.000
				,"percent": 99.89
				}
			,{
				"<=msec": 98.000
				,"percent": 99.90
				}
			,{
				"<=msec": 99.000
				,"percent": 99.90
				}
			,{
				"<=msec": 100.000
				,"percent": 99.91
				}
			,{
				"<=msec": 110.000
				,"percent": 99.94
				}
			,{
				"<=msec": 120.000
				,"percent": 99.95
				}
			,{
				"<=msec": 130.000
				,"percent": 99.96
				}
			,{
				"<=msec": 140.000
				,"percent": 99.98
				}
			,{
				"<=msec": 150.000
				,"percent": 99.98
				}
			,{
				"<=msec": 160.000
				,"percent": 99.99
				}
			,{
				"<=msec": 170.000
				,"percent": 99.99
				}
			,{
				"<=msec": 190.000
				,"percent": 99.99
				}
			,{
				"<=msec": 210.000
				,"percent": 99.99
				}
			,{
				"<=msec": 220.000
				,"percent": 100.00
				}
			,{
				"<=msec": 240.000
				,"percent": 100.00
				}
			,{
				"<=msec": 250.000
				,"percent": 100.00
				}
			,{
				"<=msec": 270.000
				,"percent": 100.00
				}
			]
		,"WAIT":[
		]
		}
	}
