{
	"configuration":{
		"server": "10.0.0.9"
		,"port": 11212
		,"unix socket": "(null)"
		,"protocol": "memcache_text"
		,"out_file": "(null)"
		,"client_stats": "(null)"
		,"run_count": 1
		,"debug": 0
		,"requests": 0
		,"clients": 32
		,"threads": 2
		,"test_time": 60
		,"ratio": "0:1"
		,"pipeline": 1
		,"data_size": 4096
		,"data_offset": 0
		,"random_data": "false"
		,"data_size_range": "0:0"
		,"data_size_list": ""
		,"data_size_pattern": "R"
		,"expiry_range": "9999:10000"
		,"data_import": "(null)"
		,"data_verify": "false"
		,"verify_only": "false"
		,"generate_keys": "false"
		,"key_prefix": "memtier-"
		,"key_minimum":           0
		,"key_maximum":        1000
		,"key_pattern": "R:R"
		,"key_stddev": 0.000000
		,"key_median": 0.000000
		,"reconnect_interval": 0
		,"multi_key_get": 0
		,"authenticate": ""
		,"select-db": 0
		,"no-expiry": "false"
		,"wait-ratio": "0:0"
		,"num-slaves": "0:0"
		,"wait-timeout": "0-0"
		}
	,"run information":{
		"Threads": 2
		,"Connections per thread": 32
		,"Seconds": 60
		}
	,"ALL STATS":{
		"Sets":{
			"Ops/sec": 0.00
			,"Hits/sec": 0.00
			,"Misses/sec": 0.00
			,"Latency": 0.00
			,"KB/sec": 0.00
			}
		,"Gets":{
			"Ops/sec": 2872.98
			,"Hits/sec": 2835.70
			,"Misses/sec": 37.28
			,"Latency": 22.27
			,"KB/sec": 11481.42
			}
		,"Waits":{
			"Ops/sec": 0.00
			,"Hits/sec": 0.00
			,"Misses/sec": 0.00
			,"Latency": 0.00
			,"KB/sec": 0.00
			}
		,"Totals":{
			"Ops/sec": 2872.98
			,"Hits/sec": 2835.70
			,"Misses/sec": 37.28
			,"Latency": 22.27
			,"KB/sec": 11481.42
			}
		,"SET":[
		]
		,"GET":[
			{
				"<=msec": 5.300
				,"percent": 0.00
				}
			,{
				"<=msec": 8.000
				,"percent": 0.00
				}
			,{
				"<=msec": 8.100
				,"percent": 0.00
				}
			,{
				"<=msec": 8.400
				,"percent": 0.00
				}
			,{
				"<=msec": 8.700
				,"percent": 0.00
				}
			,{
				"<=msec": 8.900
				,"percent": 0.00
				}
			,{
				"<=msec": 9.000
				,"percent": 0.01
				}
			,{
				"<=msec": 9.100
				,"percent": 0.01
				}
			,{
				"<=msec": 9.200
				,"percent": 0.02
				}
			,{
				"<=msec": 9.300
				,"percent": 0.02
				}
			,{
				"<=msec": 9.400
				,"percent": 0.02
				}
			,{
				"<=msec": 9.500
				,"percent": 0.03
				}
			,{
				"<=msec": 9.600
				,"percent": 0.04
				}
			,{
				"<=msec": 9.700
				,"percent": 0.05
				}
			,{
				"<=msec": 9.800
				,"percent": 0.05
				}
			,{
				"<=msec": 9.900
				,"percent": 0.06
				}
			,{
				"<=msec": 10.000
				,"percent": 0.10
				}
			,{
				"<=msec": 11.000
				,"percent": 0.16
				}
			,{
				"<=msec": 12.000
				,"percent": 0.23
				}
			,{
				"<=msec": 13.000
				,"percent": 0.42
				}
			,{
				"<=msec": 14.000
				,"percent": 1.81
				}
			,{
				"<=msec": 15.000
				,"percent": 5.92
				}
			,{
				"<=msec": 16.000
				,"percent": 12.39
				}
			,{
				"<=msec": 17.000
				,"percent": 19.87
				}
			,{
				"<=msec": 18.000
				,"percent": 27.98
				}
			,{
				"<=msec": 19.000
				,"percent": 37.16
				}
			,{
				"<=msec": 20.000
				,"percent": 46.70
				}
			,{
				"<=msec": 21.000
				,"percent": 54.94
				}
			,{
				"<=msec": 22.000
				,"percent": 61.83
				}
			,{
				"<=msec": 23.000
				,"percent": 67.75
				}
			,{
				"<=msec": 24.000
				,"percent": 73.17
				}
			,{
				"<=msec": 25.000
				,"percent": 77.50
				}
			,{
				"<=msec": 26.000
				,"percent": 80.95
				}
			,{
				"<=msec": 27.000
				,"percent": 83.96
				}
			,{
				"<=msec": 28.000
				,"percent": 86.48
				}
			,{
				"<=msec": 29.000
				,"percent": 88.58
				}
			,{
				"<=msec": 30.000
				,"percent": 90.44
				}
			,{
				"<=msec": 31.000
				,"percent": 92.02
				}
			,{
				"<=msec": 32.000
				,"percent": 93.41
				}
			,{
				"<=msec": 33.000
				,"percent": 94.66
				}
			,{
				"<=msec": 34.000
				,"percent": 95.72
				}
			,{
				"<=msec": 35.000
				,"percent": 96.54
				}
			,{
				"<=msec": 36.000
				,"percent": 97.24
				}
			,{
				"<=msec": 37.000
				,"percent": 97.83
				}
			,{
				"<=msec": 38.000
				,"percent": 98.29
				}
			,{
				"<=msec": 39.000
				,"percent": 98.65
				}
			,{
				"<=msec": 40.000
				,"percent": 98.93
				}
			,{
				"<=msec": 41.000
				,"percent": 99.17
				}
			,{
				"<=msec": 42.000
				,"percent": 99.33
				}
			,{
				"<=msec": 43.000
				,"percent": 99.47
				}
			,{
				"<=msec": 44.000
				,"percent": 99.57
				}
			,{
				"<=msec": 45.000
				,"percent": 99.65
				}
			,{
				"<=msec": 46.000
				,"percent": 99.72
				}
			,{
				"<=msec": 47.000
				,"percent": 99.75
				}
			,{
				"<=msec": 48.000
				,"percent": 99.78
				}
			,{
				"<=msec": 49.000
				,"percent": 99.80
				}
			,{
				"<=msec": 50.000
				,"percent": 99.84
				}
			,{
				"<=msec": 51.000
				,"percent": 99.86
				}
			,{
				"<=msec": 52.000
				,"percent": 99.89
				}
			,{
				"<=msec": 53.000
				,"percent": 99.91
				}
			,{
				"<=msec": 54.000
				,"percent": 99.92
				}
			,{
				"<=msec": 55.000
				,"percent": 99.94
				}
			,{
				"<=msec": 56.000
				,"percent": 99.95
				}
			,{
				"<=msec": 57.000
				,"percent": 99.96
				}
			,{
				"<=msec": 58.000
				,"percent": 99.96
				}
			,{
				"<=msec": 59.000
				,"percent": 99.96
				}
			,{
				"<=msec": 62.000
				,"percent": 99.96
				}
			,{
				"<=msec": 65.000
				,"percent": 99.96
				}
			,{
				"<=msec": 77.000
				,"percent": 99.97
				}
			,{
				"<=msec": 86.000
				,"percent": 99.97
				}
			,{
				"<=msec": 89.000
				,"percent": 99.97
				}
			,{
				"<=msec": 95.000
				,"percent": 99.97
				}
			,{
				"<=msec": 98.000
				,"percent": 99.97
				}
			,{
				"<=msec": 120.000
				,"percent": 99.97
				}
			,{
				"<=msec": 130.000
				,"percent": 99.97
				}
			,{
				"<=msec": 140.000
				,"percent": 99.97
				}
			,{
				"<=msec": 150.000
				,"percent": 99.98
				}
			,{
				"<=msec": 160.000
				,"percent": 99.98
				}
			,{
				"<=msec": 170.000
				,"percent": 99.98
				}
			,{
				"<=msec": 180.000
				,"percent": 99.98
				}
			,{
				"<=msec": 190.000
				,"percent": 99.99
				}
			,{
				"<=msec": 200.000
				,"percent": 100.00
				}
			]
		,"WAIT":[
		]
		}
	}
