{
	"configuration":{
		"server": "10.0.0.9"
		,"port": 11212
		,"unix socket": "(null)"
		,"protocol": "memcache_text"
		,"out_file": "(null)"
		,"client_stats": "(null)"
		,"run_count": 1
		,"debug": 0
		,"requests": 0
		,"clients": 32
		,"threads": 2
		,"test_time": 60
		,"ratio": "0:1"
		,"pipeline": 1
		,"data_size": 4096
		,"data_offset": 0
		,"random_data": "false"
		,"data_size_range": "0:0"
		,"data_size_list": ""
		,"data_size_pattern": "R"
		,"expiry_range": "9999:10000"
		,"data_import": "(null)"
		,"data_verify": "false"
		,"verify_only": "false"
		,"generate_keys": "false"
		,"key_prefix": "memtier-"
		,"key_minimum":           0
		,"key_maximum":        1000
		,"key_pattern": "R:R"
		,"key_stddev": 0.000000
		,"key_median": 0.000000
		,"reconnect_interval": 0
		,"multi_key_get": 0
		,"authenticate": ""
		,"select-db": 0
		,"no-expiry": "false"
		,"wait-ratio": "0:0"
		,"num-slaves": "0:0"
		,"wait-timeout": "0-0"
		}
	,"run information":{
		"Threads": 2
		,"Connections per thread": 32
		,"Seconds": 60
		}
	,"ALL STATS":{
		"Sets":{
			"Ops/sec": 0.00
			,"Hits/sec": 0.00
			,"Misses/sec": 0.00
			,"Latency": 0.00
			,"KB/sec": 0.00
			}
		,"Gets":{
			"Ops/sec": 2885.52
			,"Hits/sec": 2847.14
			,"Misses/sec": 38.38
			,"Latency": 22.17
			,"KB/sec": 11527.76
			}
		,"Waits":{
			"Ops/sec": 0.00
			,"Hits/sec": 0.00
			,"Misses/sec": 0.00
			,"Latency": 0.00
			,"KB/sec": 0.00
			}
		,"Totals":{
			"Ops/sec": 2885.52
			,"Hits/sec": 2847.14
			,"Misses/sec": 38.38
			,"Latency": 22.17
			,"KB/sec": 11527.76
			}
		,"SET":[
		]
		,"GET":[
			{
				"<=msec": 3.700
				,"percent": 0.00
				}
			,{
				"<=msec": 4.200
				,"percent": 0.00
				}
			,{
				"<=msec": 4.700
				,"percent": 0.00
				}
			,{
				"<=msec": 4.800
				,"percent": 0.00
				}
			,{
				"<=msec": 5.000
				,"percent": 0.00
				}
			,{
				"<=msec": 5.100
				,"percent": 0.00
				}
			,{
				"<=msec": 5.200
				,"percent": 0.01
				}
			,{
				"<=msec": 5.300
				,"percent": 0.01
				}
			,{
				"<=msec": 5.400
				,"percent": 0.01
				}
			,{
				"<=msec": 5.600
				,"percent": 0.01
				}
			,{
				"<=msec": 5.800
				,"percent": 0.01
				}
			,{
				"<=msec": 6.000
				,"percent": 0.01
				}
			,{
				"<=msec": 6.100
				,"percent": 0.01
				}
			,{
				"<=msec": 6.200
				,"percent": 0.02
				}
			,{
				"<=msec": 6.300
				,"percent": 0.02
				}
			,{
				"<=msec": 6.400
				,"percent": 0.02
				}
			,{
				"<=msec": 6.500
				,"percent": 0.02
				}
			,{
				"<=msec": 6.600
				,"percent": 0.02
				}
			,{
				"<=msec": 6.800
				,"percent": 0.02
				}
			,{
				"<=msec": 7.000
				,"percent": 0.02
				}
			,{
				"<=msec": 7.300
				,"percent": 0.02
				}
			,{
				"<=msec": 7.400
				,"percent": 0.02
				}
			,{
				"<=msec": 7.500
				,"percent": 0.02
				}
			,{
				"<=msec": 7.600
				,"percent": 0.02
				}
			,{
				"<=msec": 7.800
				,"percent": 0.03
				}
			,{
				"<=msec": 7.900
				,"percent": 0.03
				}
			,{
				"<=msec": 8.000
				,"percent": 0.03
				}
			,{
				"<=msec": 8.100
				,"percent": 0.03
				}
			,{
				"<=msec": 8.200
				,"percent": 0.03
				}
			,{
				"<=msec": 8.300
				,"percent": 0.03
				}
			,{
				"<=msec": 8.400
				,"percent": 0.03
				}
			,{
				"<=msec": 8.500
				,"percent": 0.04
				}
			,{
				"<=msec": 8.600
				,"percent": 0.04
				}
			,{
				"<=msec": 8.700
				,"percent": 0.04
				}
			,{
				"<=msec": 8.800
				,"percent": 0.05
				}
			,{
				"<=msec": 8.900
				,"percent": 0.05
				}
			,{
				"<=msec": 9.000
				,"percent": 0.05
				}
			,{
				"<=msec": 9.100
				,"percent": 0.06
				}
			,{
				"<=msec": 9.200
				,"percent": 0.06
				}
			,{
				"<=msec": 9.300
				,"percent": 0.06
				}
			,{
				"<=msec": 9.400
				,"percent": 0.06
				}
			,{
				"<=msec": 9.500
				,"percent": 0.06
				}
			,{
				"<=msec": 9.600
				,"percent": 0.07
				}
			,{
				"<=msec": 9.700
				,"percent": 0.07
				}
			,{
				"<=msec": 9.800
				,"percent": 0.08
				}
			,{
				"<=msec": 9.900
				,"percent": 0.08
				}
			,{
				"<=msec": 10.000
				,"percent": 0.11
				}
			,{
				"<=msec": 11.000
				,"percent": 0.16
				}
			,{
				"<=msec": 12.000
				,"percent": 0.23
				}
			,{
				"<=msec": 13.000
				,"percent": 0.44
				}
			,{
				"<=msec": 14.000
				,"percent": 1.58
				}
			,{
				"<=msec": 15.000
				,"percent": 5.30
				}
			,{
				"<=msec": 16.000
				,"percent": 11.68
				}
			,{
				"<=msec": 17.000
				,"percent": 19.29
				}
			,{
				"<=msec": 18.000
				,"percent": 27.76
				}
			,{
				"<=msec": 19.000
				,"percent": 37.29
				}
			,{
				"<=msec": 20.000
				,"percent": 46.79
				}
			,{
				"<=msec": 21.000
				,"percent": 55.47
				}
			,{
				"<=msec": 22.000
				,"percent": 62.70
				}
			,{
				"<=msec": 23.000
				,"percent": 69.14
				}
			,{
				"<=msec": 24.000
				,"percent": 74.49
				}
			,{
				"<=msec": 25.000
				,"percent": 78.76
				}
			,{
				"<=msec": 26.000
				,"percent": 82.22
				}
			,{
				"<=msec": 27.000
				,"percent": 85.05
				}
			,{
				"<=msec": 28.000
				,"percent": 87.32
				}
			,{
				"<=msec": 29.000
				,"percent": 89.34
				}
			,{
				"<=msec": 30.000
				,"percent": 91.11
				}
			,{
				"<=msec": 31.000
				,"percent": 92.61
				}
			,{
				"<=msec": 32.000
				,"percent": 93.91
				}
			,{
				"<=msec": 33.000
				,"percent": 94.92
				}
			,{
				"<=msec": 34.000
				,"percent": 95.89
				}
			,{
				"<=msec": 35.000
				,"percent": 96.68
				}
			,{
				"<=msec": 36.000
				,"percent": 97.29
				}
			,{
				"<=msec": 37.000
				,"percent": 97.78
				}
			,{
				"<=msec": 38.000
				,"percent": 98.22
				}
			,{
				"<=msec": 39.000
				,"percent": 98.54
				}
			,{
				"<=msec": 40.000
				,"percent": 98.83
				}
			,{
				"<=msec": 41.000
				,"percent": 99.05
				}
			,{
				"<=msec": 42.000
				,"percent": 99.23
				}
			,{
				"<=msec": 43.000
				,"percent": 99.38
				}
			,{
				"<=msec": 44.000
				,"percent": 99.50
				}
			,{
				"<=msec": 45.000
				,"percent": 99.58
				}
			,{
				"<=msec": 46.000
				,"percent": 99.65
				}
			,{
				"<=msec": 47.000
				,"percent": 99.71
				}
			,{
				"<=msec": 48.000
				,"percent": 99.75
				}
			,{
				"<=msec": 49.000
				,"percent": 99.80
				}
			,{
				"<=msec": 50.000
				,"percent": 99.84
				}
			,{
				"<=msec": 51.000
				,"percent": 99.88
				}
			,{
				"<=msec": 52.000
				,"percent": 99.90
				}
			,{
				"<=msec": 53.000
				,"percent": 99.93
				}
			,{
				"<=msec": 54.000
				,"percent": 99.95
				}
			,{
				"<=msec": 55.000
				,"percent": 99.97
				}
			,{
				"<=msec": 56.000
				,"percent": 99.97
				}
			,{
				"<=msec": 57.000
				,"percent": 99.97
				}
			,{
				"<=msec": 58.000
				,"percent": 99.98
				}
			,{
				"<=msec": 59.000
				,"percent": 99.98
				}
			,{
				"<=msec": 60.000
				,"percent": 99.98
				}
			,{
				"<=msec": 61.000
				,"percent": 99.98
				}
			,{
				"<=msec": 62.000
				,"percent": 99.98
				}
			,{
				"<=msec": 67.000
				,"percent": 99.98
				}
			,{
				"<=msec": 68.000
				,"percent": 99.98
				}
			,{
				"<=msec": 69.000
				,"percent": 99.98
				}
			,{
				"<=msec": 73.000
				,"percent": 99.98
				}
			,{
				"<=msec": 77.000
				,"percent": 99.98
				}
			,{
				"<=msec": 86.000
				,"percent": 99.98
				}
			,{
				"<=msec": 97.000
				,"percent": 99.99
				}
			,{
				"<=msec": 120.000
				,"percent": 99.99
				}
			,{
				"<=msec": 130.000
				,"percent": 99.99
				}
			,{
				"<=msec": 140.000
				,"percent": 99.99
				}
			,{
				"<=msec": 150.000
				,"percent": 99.99
				}
			,{
				"<=msec": 170.000
				,"percent": 99.99
				}
			,{
				"<=msec": 180.000
				,"percent": 99.99
				}
			,{
				"<=msec": 290.000
				,"percent": 99.99
				}
			,{
				"<=msec": 300.000
				,"percent": 99.99
				}
			,{
				"<=msec": 310.000
				,"percent": 100.00
				}
			,{
				"<=msec": 320.000
				,"percent": 100.00
				}
			,{
				"<=msec": 330.000
				,"percent": 100.00
				}
			,{
				"<=msec": 420.000
				,"percent": 100.00
				}
			]
		,"WAIT":[
		]
		}
	}
