{
	"configuration":{
		"server": "10.0.0.9"
		,"port": 11212
		,"unix socket": "(null)"
		,"protocol": "memcache_text"
		,"out_file": "(null)"
		,"client_stats": "(null)"
		,"run_count": 1
		,"debug": 0
		,"requests": 0
		,"clients": 32
		,"threads": 1
		,"test_time": 60
		,"ratio": "1:0"
		,"pipeline": 1
		,"data_size": 4096
		,"data_offset": 0
		,"random_data": "false"
		,"data_size_range": "0:0"
		,"data_size_list": ""
		,"data_size_pattern": "R"
		,"expiry_range": "9999:10000"
		,"data_import": "(null)"
		,"data_verify": "false"
		,"verify_only": "false"
		,"generate_keys": "false"
		,"key_prefix": "memtier-"
		,"key_minimum":           0
		,"key_maximum":        1000
		,"key_pattern": "R:R"
		,"key_stddev": 0.000000
		,"key_median": 0.000000
		,"reconnect_interval": 0
		,"multi_key_get": 0
		,"authenticate": ""
		,"select-db": 0
		,"no-expiry": "false"
		,"wait-ratio": "0:0"
		,"num-slaves": "0:0"
		,"wait-timeout": "0-0"
		}
	,"run information":{
		"Threads": 1
		,"Connections per thread": 32
		,"Seconds": 60
		}
	,"ALL STATS":{
		"Sets":{
			"Ops/sec": 1716.89
			,"Hits/sec": 0.00
			,"Misses/sec": 0.00
			,"Latency": 18.63
			,"KB/sec": 6933.57
			}
		,"Gets":{
			"Ops/sec": 0.00
			,"Hits/sec": 0.00
			,"Misses/sec": 0.00
			,"Latency": 0.00
			,"KB/sec": 0.00
			}
		,"Waits":{
			"Ops/sec": 0.00
			,"Hits/sec": 0.00
			,"Misses/sec": 0.00
			,"Latency": 0.00
			,"KB/sec": 0.00
			}
		,"Totals":{
			"Ops/sec": 1716.89
			,"Hits/sec": 0.00
			,"Misses/sec": 0.00
			,"Latency": 18.63
			,"KB/sec": 6933.57
			}
		,"SET":[
			{
				"<=msec": 2.600
				,"percent": 0.00
				}
			,{
				"<=msec": 2.700
				,"percent": 0.00
				}
			,{
				"<=msec": 2.800
				,"percent": 0.00
				}
			,{
				"<=msec": 2.900
				,"percent": 0.00
				}
			,{
				"<=msec": 3.100
				,"percent": 0.00
				}
			,{
				"<=msec": 3.300
				,"percent": 0.01
				}
			,{
				"<=msec": 3.400
				,"percent": 0.01
				}
			,{
				"<=msec": 3.500
				,"percent": 0.01
				}
			,{
				"<=msec": 3.600
				,"percent": 0.01
				}
			,{
				"<=msec": 3.700
				,"percent": 0.01
				}
			,{
				"<=msec": 3.800
				,"percent": 0.02
				}
			,{
				"<=msec": 3.900
				,"percent": 0.02
				}
			,{
				"<=msec": 4.000
				,"percent": 0.02
				}
			,{
				"<=msec": 4.100
				,"percent": 0.02
				}
			,{
				"<=msec": 4.300
				,"percent": 0.02
				}
			,{
				"<=msec": 4.400
				,"percent": 0.03
				}
			,{
				"<=msec": 4.500
				,"percent": 0.03
				}
			,{
				"<=msec": 4.700
				,"percent": 0.03
				}
			,{
				"<=msec": 4.800
				,"percent": 0.03
				}
			,{
				"<=msec": 5.000
				,"percent": 0.03
				}
			,{
				"<=msec": 5.100
				,"percent": 0.03
				}
			,{
				"<=msec": 5.200
				,"percent": 0.04
				}
			,{
				"<=msec": 5.300
				,"percent": 0.04
				}
			,{
				"<=msec": 5.400
				,"percent": 0.04
				}
			,{
				"<=msec": 5.500
				,"percent": 0.05
				}
			,{
				"<=msec": 5.600
				,"percent": 0.05
				}
			,{
				"<=msec": 5.700
				,"percent": 0.05
				}
			,{
				"<=msec": 5.800
				,"percent": 0.06
				}
			,{
				"<=msec": 5.900
				,"percent": 0.06
				}
			,{
				"<=msec": 6.000
				,"percent": 0.07
				}
			,{
				"<=msec": 6.100
				,"percent": 0.07
				}
			,{
				"<=msec": 6.200
				,"percent": 0.08
				}
			,{
				"<=msec": 6.300
				,"percent": 0.08
				}
			,{
				"<=msec": 6.400
				,"percent": 0.08
				}
			,{
				"<=msec": 6.500
				,"percent": 0.08
				}
			,{
				"<=msec": 6.600
				,"percent": 0.09
				}
			,{
				"<=msec": 6.700
				,"percent": 0.09
				}
			,{
				"<=msec": 6.800
				,"percent": 0.09
				}
			,{
				"<=msec": 6.900
				,"percent": 0.10
				}
			,{
				"<=msec": 7.000
				,"percent": 0.10
				}
			,{
				"<=msec": 7.100
				,"percent": 0.11
				}
			,{
				"<=msec": 7.200
				,"percent": 0.11
				}
			,{
				"<=msec": 7.300
				,"percent": 0.12
				}
			,{
				"<=msec": 7.400
				,"percent": 0.13
				}
			,{
				"<=msec": 7.500
				,"percent": 0.13
				}
			,{
				"<=msec": 7.600
				,"percent": 0.14
				}
			,{
				"<=msec": 7.700
				,"percent": 0.15
				}
			,{
				"<=msec": 7.800
				,"percent": 0.16
				}
			,{
				"<=msec": 7.900
				,"percent": 0.17
				}
			,{
				"<=msec": 8.000
				,"percent": 0.18
				}
			,{
				"<=msec": 8.100
				,"percent": 0.19
				}
			,{
				"<=msec": 8.200
				,"percent": 0.19
				}
			,{
				"<=msec": 8.300
				,"percent": 0.20
				}
			,{
				"<=msec": 8.400
				,"percent": 0.21
				}
			,{
				"<=msec": 8.500
				,"percent": 0.22
				}
			,{
				"<=msec": 8.600
				,"percent": 0.22
				}
			,{
				"<=msec": 8.700
				,"percent": 0.23
				}
			,{
				"<=msec": 8.800
				,"percent": 0.24
				}
			,{
				"<=msec": 8.900
				,"percent": 0.24
				}
			,{
				"<=msec": 9.000
				,"percent": 0.25
				}
			,{
				"<=msec": 9.100
				,"percent": 0.26
				}
			,{
				"<=msec": 9.200
				,"percent": 0.26
				}
			,{
				"<=msec": 9.300
				,"percent": 0.27
				}
			,{
				"<=msec": 9.400
				,"percent": 0.28
				}
			,{
				"<=msec": 9.500
				,"percent": 0.29
				}
			,{
				"<=msec": 9.600
				,"percent": 0.31
				}
			,{
				"<=msec": 9.700
				,"percent": 0.32
				}
			,{
				"<=msec": 9.800
				,"percent": 0.34
				}
			,{
				"<=msec": 9.900
				,"percent": 0.35
				}
			,{
				"<=msec": 10.000
				,"percent": 0.55
				}
			,{
				"<=msec": 11.000
				,"percent": 1.85
				}
			,{
				"<=msec": 12.000
				,"percent": 5.67
				}
			,{
				"<=msec": 13.000
				,"percent": 11.99
				}
			,{
				"<=msec": 14.000
				,"percent": 19.24
				}
			,{
				"<=msec": 15.000
				,"percent": 26.58
				}
			,{
				"<=msec": 16.000
				,"percent": 34.31
				}
			,{
				"<=msec": 17.000
				,"percent": 43.00
				}
			,{
				"<=msec": 18.000
				,"percent": 52.80
				}
			,{
				"<=msec": 19.000
				,"percent": 62.91
				}
			,{
				"<=msec": 20.000
				,"percent": 72.44
				}
			,{
				"<=msec": 21.000
				,"percent": 80.33
				}
			,{
				"<=msec": 22.000
				,"percent": 86.13
				}
			,{
				"<=msec": 23.000
				,"percent": 90.04
				}
			,{
				"<=msec": 24.000
				,"percent": 92.43
				}
			,{
				"<=msec": 25.000
				,"percent": 93.95
				}
			,{
				"<=msec": 26.000
				,"percent": 95.01
				}
			,{
				"<=msec": 27.000
				,"percent": 95.89
				}
			,{
				"<=msec": 28.000
				,"percent": 96.70
				}
			,{
				"<=msec": 29.000
				,"percent": 97.38
				}
			,{
				"<=msec": 30.000
				,"percent": 97.92
				}
			,{
				"<=msec": 31.000
				,"percent": 98.30
				}
			,{
				"<=msec": 32.000
				,"percent": 98.58
				}
			,{
				"<=msec": 33.000
				,"percent": 98.82
				}
			,{
				"<=msec": 34.000
				,"percent": 99.00
				}
			,{
				"<=msec": 35.000
				,"percent": 99.14
				}
			,{
				"<=msec": 36.000
				,"percent": 99.25
				}
			,{
				"<=msec": 37.000
				,"percent": 99.37
				}
			,{
				"<=msec": 38.000
				,"percent": 99.46
				}
			,{
				"<=msec": 39.000
				,"percent": 99.55
				}
			,{
				"<=msec": 40.000
				,"percent": 99.63
				}
			,{
				"<=msec": 41.000
				,"percent": 99.69
				}
			,{
				"<=msec": 42.000
				,"percent": 99.73
				}
			,{
				"<=msec": 43.000
				,"percent": 99.76
				}
			,{
				"<=msec": 44.000
				,"percent": 99.78
				}
			,{
				"<=msec": 45.000
				,"percent": 99.80
				}
			,{
				"<=msec": 46.000
				,"percent": 99.81
				}
			,{
				"<=msec": 47.000
				,"percent": 99.83
				}
			,{
				"<=msec": 48.000
				,"percent": 99.85
				}
			,{
				"<=msec": 49.000
				,"percent": 99.87
				}
			,{
				"<=msec": 50.000
				,"percent": 99.89
				}
			,{
				"<=msec": 51.000
				,"percent": 99.90
				}
			,{
				"<=msec": 52.000
				,"percent": 99.90
				}
			,{
				"<=msec": 53.000
				,"percent": 99.91
				}
			,{
				"<=msec": 54.000
				,"percent": 99.92
				}
			,{
				"<=msec": 55.000
				,"percent": 99.93
				}
			,{
				"<=msec": 56.000
				,"percent": 99.94
				}
			,{
				"<=msec": 57.000
				,"percent": 99.95
				}
			,{
				"<=msec": 58.000
				,"percent": 99.95
				}
			,{
				"<=msec": 59.000
				,"percent": 99.95
				}
			,{
				"<=msec": 60.000
				,"percent": 99.96
				}
			,{
				"<=msec": 61.000
				,"percent": 99.96
				}
			,{
				"<=msec": 62.000
				,"percent": 99.96
				}
			,{
				"<=msec": 63.000
				,"percent": 99.97
				}
			,{
				"<=msec": 64.000
				,"percent": 99.97
				}
			,{
				"<=msec": 68.000
				,"percent": 99.97
				}
			,{
				"<=msec": 320.000
				,"percent": 99.97
				}
			,{
				"<=msec": 340.000
				,"percent": 99.97
				}
			,{
				"<=msec": 350.000
				,"percent": 99.98
				}
			,{
				"<=msec": 360.000
				,"percent": 99.99
				}
			,{
				"<=msec": 370.000
				,"percent": 99.99
				}
			,{
				"<=msec": 380.000
				,"percent": 99.99
				}
			,{
				"<=msec": 390.000
				,"percent": 99.99
				}
			,{
				"<=msec": 430.000
				,"percent": 99.99
				}
			,{
				"<=msec": 440.000
				,"percent": 100.00
				}
			]
		,"GET":[
		]
		,"WAIT":[
		]
		}
	}
