{
	"configuration":{
		"server": "10.0.0.9"
		,"port": 11212
		,"unix socket": "(null)"
		,"protocol": "memcache_text"
		,"out_file": "(null)"
		,"client_stats": "(null)"
		,"run_count": 1
		,"debug": 0
		,"requests": 0
		,"clients": 32
		,"threads": 2
		,"test_time": 60
		,"ratio": "1:0"
		,"pipeline": 1
		,"data_size": 4096
		,"data_offset": 0
		,"random_data": "false"
		,"data_size_range": "0:0"
		,"data_size_list": ""
		,"data_size_pattern": "R"
		,"expiry_range": "9999:10000"
		,"data_import": "(null)"
		,"data_verify": "false"
		,"verify_only": "false"
		,"generate_keys": "false"
		,"key_prefix": "memtier-"
		,"key_minimum":           0
		,"key_maximum":        1000
		,"key_pattern": "R:R"
		,"key_stddev": 0.000000
		,"key_median": 0.000000
		,"reconnect_interval": 0
		,"multi_key_get": 0
		,"authenticate": ""
		,"select-db": 0
		,"no-expiry": "false"
		,"wait-ratio": "0:0"
		,"num-slaves": "0:0"
		,"wait-timeout": "0-0"
		}
	,"run information":{
		"Threads": 2
		,"Connections per thread": 32
		,"Seconds": 60
		}
	,"ALL STATS":{
		"Sets":{
			"Ops/sec": 2568.79
			,"Hits/sec": 0.00
			,"Misses/sec": 0.00
			,"Latency": 24.91
			,"KB/sec": 10373.95
			}
		,"Gets":{
			"Ops/sec": 0.00
			,"Hits/sec": 0.00
			,"Misses/sec": 0.00
			,"Latency": 0.00
			,"KB/sec": 0.00
			}
		,"Waits":{
			"Ops/sec": 0.00
			,"Hits/sec": 0.00
			,"Misses/sec": 0.00
			,"Latency": 0.00
			,"KB/sec": 0.00
			}
		,"Totals":{
			"Ops/sec": 2568.79
			,"Hits/sec": 0.00
			,"Misses/sec": 0.00
			,"Latency": 24.91
			,"KB/sec": 10373.95
			}
		,"SET":[
			{
				"<=msec": 2.200
				,"percent": 0.00
				}
			,{
				"<=msec": 3.300
				,"percent": 0.00
				}
			,{
				"<=msec": 3.400
				,"percent": 0.00
				}
			,{
				"<=msec": 3.700
				,"percent": 0.00
				}
			,{
				"<=msec": 3.800
				,"percent": 0.00
				}
			,{
				"<=msec": 4.100
				,"percent": 0.00
				}
			,{
				"<=msec": 4.300
				,"percent": 0.01
				}
			,{
				"<=msec": 4.400
				,"percent": 0.01
				}
			,{
				"<=msec": 4.700
				,"percent": 0.01
				}
			,{
				"<=msec": 4.900
				,"percent": 0.01
				}
			,{
				"<=msec": 5.000
				,"percent": 0.01
				}
			,{
				"<=msec": 5.200
				,"percent": 0.01
				}
			,{
				"<=msec": 5.400
				,"percent": 0.01
				}
			,{
				"<=msec": 5.500
				,"percent": 0.01
				}
			,{
				"<=msec": 5.700
				,"percent": 0.01
				}
			,{
				"<=msec": 5.900
				,"percent": 0.01
				}
			,{
				"<=msec": 6.200
				,"percent": 0.02
				}
			,{
				"<=msec": 6.300
				,"percent": 0.02
				}
			,{
				"<=msec": 6.400
				,"percent": 0.02
				}
			,{
				"<=msec": 6.500
				,"percent": 0.02
				}
			,{
				"<=msec": 6.600
				,"percent": 0.02
				}
			,{
				"<=msec": 6.800
				,"percent": 0.02
				}
			,{
				"<=msec": 7.100
				,"percent": 0.02
				}
			,{
				"<=msec": 7.200
				,"percent": 0.02
				}
			,{
				"<=msec": 7.500
				,"percent": 0.02
				}
			,{
				"<=msec": 7.600
				,"percent": 0.03
				}
			,{
				"<=msec": 7.700
				,"percent": 0.03
				}
			,{
				"<=msec": 7.800
				,"percent": 0.03
				}
			,{
				"<=msec": 8.100
				,"percent": 0.03
				}
			,{
				"<=msec": 8.200
				,"percent": 0.03
				}
			,{
				"<=msec": 8.300
				,"percent": 0.03
				}
			,{
				"<=msec": 8.400
				,"percent": 0.03
				}
			,{
				"<=msec": 8.500
				,"percent": 0.03
				}
			,{
				"<=msec": 8.600
				,"percent": 0.04
				}
			,{
				"<=msec": 8.700
				,"percent": 0.04
				}
			,{
				"<=msec": 8.800
				,"percent": 0.04
				}
			,{
				"<=msec": 8.900
				,"percent": 0.04
				}
			,{
				"<=msec": 9.000
				,"percent": 0.04
				}
			,{
				"<=msec": 9.200
				,"percent": 0.04
				}
			,{
				"<=msec": 9.300
				,"percent": 0.04
				}
			,{
				"<=msec": 9.400
				,"percent": 0.05
				}
			,{
				"<=msec": 9.500
				,"percent": 0.05
				}
			,{
				"<=msec": 9.600
				,"percent": 0.05
				}
			,{
				"<=msec": 9.700
				,"percent": 0.06
				}
			,{
				"<=msec": 9.800
				,"percent": 0.06
				}
			,{
				"<=msec": 9.900
				,"percent": 0.07
				}
			,{
				"<=msec": 10.000
				,"percent": 0.09
				}
			,{
				"<=msec": 11.000
				,"percent": 0.17
				}
			,{
				"<=msec": 12.000
				,"percent": 0.29
				}
			,{
				"<=msec": 13.000
				,"percent": 0.49
				}
			,{
				"<=msec": 14.000
				,"percent": 0.86
				}
			,{
				"<=msec": 15.000
				,"percent": 1.69
				}
			,{
				"<=msec": 16.000
				,"percent": 3.62
				}
			,{
				"<=msec": 17.000
				,"percent": 6.57
				}
			,{
				"<=msec": 18.000
				,"percent": 10.18
				}
			,{
				"<=msec": 19.000
				,"percent": 14.47
				}
			,{
				"<=msec": 20.000
				,"percent": 19.77
				}
			,{
				"<=msec": 21.000
				,"percent": 26.54
				}
			,{
				"<=msec": 22.000
				,"percent": 35.52
				}
			,{
				"<=msec": 23.000
				,"percent": 45.12
				}
			,{
				"<=msec": 24.000
				,"percent": 53.96
				}
			,{
				"<=msec": 25.000
				,"percent": 61.75
				}
			,{
				"<=msec": 26.000
				,"percent": 68.36
				}
			,{
				"<=msec": 27.000
				,"percent": 74.08
				}
			,{
				"<=msec": 28.000
				,"percent": 79.24
				}
			,{
				"<=msec": 29.000
				,"percent": 83.44
				}
			,{
				"<=msec": 30.000
				,"percent": 86.82
				}
			,{
				"<=msec": 31.000
				,"percent": 89.44
				}
			,{
				"<=msec": 32.000
				,"percent": 91.48
				}
			,{
				"<=msec": 33.000
				,"percent": 93.07
				}
			,{
				"<=msec": 34.000
				,"percent": 94.37
				}
			,{
				"<=msec": 35.000
				,"percent": 95.32
				}
			,{
				"<=msec": 36.000
				,"percent": 96.06
				}
			,{
				"<=msec": 37.000
				,"percent": 96.71
				}
			,{
				"<=msec": 38.000
				,"percent": 97.30
				}
			,{
				"<=msec": 39.000
				,"percent": 97.79
				}
			,{
				"<=msec": 40.000
				,"percent": 98.19
				}
			,{
				"<=msec": 41.000
				,"percent": 98.51
				}
			,{
				"<=msec": 42.000
				,"percent": 98.81
				}
			,{
				"<=msec": 43.000
				,"percent": 99.01
				}
			,{
				"<=msec": 44.000
				,"percent": 99.16
				}
			,{
				"<=msec": 45.000
				,"percent": 99.27
				}
			,{
				"<=msec": 46.000
				,"percent": 99.39
				}
			,{
				"<=msec": 47.000
				,"percent": 99.48
				}
			,{
				"<=msec": 48.000
				,"percent": 99.57
				}
			,{
				"<=msec": 49.000
				,"percent": 99.65
				}
			,{
				"<=msec": 50.000
				,"percent": 99.70
				}
			,{
				"<=msec": 51.000
				,"percent": 99.76
				}
			,{
				"<=msec": 52.000
				,"percent": 99.80
				}
			,{
				"<=msec": 53.000
				,"percent": 99.84
				}
			,{
				"<=msec": 54.000
				,"percent": 99.87
				}
			,{
				"<=msec": 55.000
				,"percent": 99.89
				}
			,{
				"<=msec": 56.000
				,"percent": 99.91
				}
			,{
				"<=msec": 57.000
				,"percent": 99.92
				}
			,{
				"<=msec": 58.000
				,"percent": 99.93
				}
			,{
				"<=msec": 59.000
				,"percent": 99.94
				}
			,{
				"<=msec": 60.000
				,"percent": 99.94
				}
			,{
				"<=msec": 61.000
				,"percent": 99.95
				}
			,{
				"<=msec": 62.000
				,"percent": 99.95
				}
			,{
				"<=msec": 63.000
				,"percent": 99.96
				}
			,{
				"<=msec": 64.000
				,"percent": 99.96
				}
			,{
				"<=msec": 65.000
				,"percent": 99.97
				}
			,{
				"<=msec": 66.000
				,"percent": 99.97
				}
			,{
				"<=msec": 68.000
				,"percent": 99.97
				}
			,{
				"<=msec": 71.000
				,"percent": 99.97
				}
			,{
				"<=msec": 72.000
				,"percent": 99.97
				}
			,{
				"<=msec": 86.000
				,"percent": 99.97
				}
			,{
				"<=msec": 100.000
				,"percent": 99.97
				}
			,{
				"<=msec": 110.000
				,"percent": 99.97
				}
			,{
				"<=msec": 120.000
				,"percent": 99.97
				}
			,{
				"<=msec": 130.000
				,"percent": 99.98
				}
			,{
				"<=msec": 140.000
				,"percent": 99.98
				}
			,{
				"<=msec": 160.000
				,"percent": 99.98
				}
			,{
				"<=msec": 170.000
				,"percent": 99.98
				}
			,{
				"<=msec": 180.000
				,"percent": 99.98
				}
			,{
				"<=msec": 200.000
				,"percent": 99.98
				}
			,{
				"<=msec": 210.000
				,"percent": 99.99
				}
			,{
				"<=msec": 220.000
				,"percent": 99.99
				}
			,{
				"<=msec": 230.000
				,"percent": 99.99
				}
			,{
				"<=msec": 260.000
				,"percent": 99.99
				}
			,{
				"<=msec": 270.000
				,"percent": 99.99
				}
			,{
				"<=msec": 280.000
				,"percent": 99.99
				}
			,{
				"<=msec": 290.000
				,"percent": 99.99
				}
			,{
				"<=msec": 300.000
				,"percent": 99.99
				}
			,{
				"<=msec": 320.000
				,"percent": 100.00
				}
			,{
				"<=msec": 350.000
				,"percent": 100.00
				}
			,{
				"<=msec": 360.000
				,"percent": 100.00
				}
			,{
				"<=msec": 430.000
				,"percent": 100.00
				}
			,{
				"<=msec": 440.000
				,"percent": 100.00
				}
			]
		,"GET":[
		]
		,"WAIT":[
		]
		}
	}
