{
	"configuration":{
		"server": "10.0.0.9"
		,"port": 11212
		,"unix socket": "(null)"
		,"protocol": "memcache_text"
		,"out_file": "(null)"
		,"client_stats": "(null)"
		,"run_count": 1
		,"debug": 0
		,"requests": 0
		,"clients": 32
		,"threads": 1
		,"test_time": 60
		,"ratio": "1:0"
		,"pipeline": 1
		,"data_size": 4096
		,"data_offset": 0
		,"random_data": "false"
		,"data_size_range": "0:0"
		,"data_size_list": ""
		,"data_size_pattern": "R"
		,"expiry_range": "9999:10000"
		,"data_import": "(null)"
		,"data_verify": "false"
		,"verify_only": "false"
		,"generate_keys": "false"
		,"key_prefix": "memtier-"
		,"key_minimum":           0
		,"key_maximum":        1000
		,"key_pattern": "R:R"
		,"key_stddev": 0.000000
		,"key_median": 0.000000
		,"reconnect_interval": 0
		,"multi_key_get": 0
		,"authenticate": ""
		,"select-db": 0
		,"no-expiry": "false"
		,"wait-ratio": "0:0"
		,"num-slaves": "0:0"
		,"wait-timeout": "0-0"
		}
	,"run information":{
		"Threads": 1
		,"Connections per thread": 32
		,"Seconds": 60
		}
	,"ALL STATS":{
		"Sets":{
			"Ops/sec": 1196.19
			,"Hits/sec": 0.00
			,"Misses/sec": 0.00
			,"Latency": 26.75
			,"KB/sec": 4830.75
			}
		,"Gets":{
			"Ops/sec": 0.00
			,"Hits/sec": 0.00
			,"Misses/sec": 0.00
			,"Latency": 0.00
			,"KB/sec": 0.00
			}
		,"Waits":{
			"Ops/sec": 0.00
			,"Hits/sec": 0.00
			,"Misses/sec": 0.00
			,"Latency": 0.00
			,"KB/sec": 0.00
			}
		,"Totals":{
			"Ops/sec": 1196.19
			,"Hits/sec": 0.00
			,"Misses/sec": 0.00
			,"Latency": 26.75
			,"KB/sec": 4830.75
			}
		,"SET":[
			{
				"<=msec": 2.900
				,"percent": 0.00
				}
			,{
				"<=msec": 3.700
				,"percent": 0.00
				}
			,{
				"<=msec": 4.800
				,"percent": 0.00
				}
			,{
				"<=msec": 5.200
				,"percent": 0.01
				}
			,{
				"<=msec": 5.300
				,"percent": 0.01
				}
			,{
				"<=msec": 5.800
				,"percent": 0.02
				}
			,{
				"<=msec": 5.900
				,"percent": 0.02
				}
			,{
				"<=msec": 6.000
				,"percent": 0.02
				}
			,{
				"<=msec": 6.100
				,"percent": 0.02
				}
			,{
				"<=msec": 6.400
				,"percent": 0.02
				}
			,{
				"<=msec": 6.500
				,"percent": 0.02
				}
			,{
				"<=msec": 6.600
				,"percent": 0.03
				}
			,{
				"<=msec": 6.800
				,"percent": 0.03
				}
			,{
				"<=msec": 7.000
				,"percent": 0.03
				}
			,{
				"<=msec": 7.900
				,"percent": 0.03
				}
			,{
				"<=msec": 8.000
				,"percent": 0.03
				}
			,{
				"<=msec": 8.100
				,"percent": 0.03
				}
			,{
				"<=msec": 9.400
				,"percent": 0.03
				}
			,{
				"<=msec": 9.700
				,"percent": 0.04
				}
			,{
				"<=msec": 9.800
				,"percent": 0.04
				}
			,{
				"<=msec": 9.900
				,"percent": 0.04
				}
			,{
				"<=msec": 10.000
				,"percent": 0.06
				}
			,{
				"<=msec": 11.000
				,"percent": 0.08
				}
			,{
				"<=msec": 12.000
				,"percent": 0.10
				}
			,{
				"<=msec": 13.000
				,"percent": 0.12
				}
			,{
				"<=msec": 14.000
				,"percent": 0.26
				}
			,{
				"<=msec": 15.000
				,"percent": 0.56
				}
			,{
				"<=msec": 16.000
				,"percent": 1.48
				}
			,{
				"<=msec": 17.000
				,"percent": 3.27
				}
			,{
				"<=msec": 18.000
				,"percent": 5.72
				}
			,{
				"<=msec": 19.000
				,"percent": 9.22
				}
			,{
				"<=msec": 20.000
				,"percent": 14.40
				}
			,{
				"<=msec": 21.000
				,"percent": 20.77
				}
			,{
				"<=msec": 22.000
				,"percent": 28.12
				}
			,{
				"<=msec": 23.000
				,"percent": 35.34
				}
			,{
				"<=msec": 24.000
				,"percent": 42.21
				}
			,{
				"<=msec": 25.000
				,"percent": 49.65
				}
			,{
				"<=msec": 26.000
				,"percent": 57.53
				}
			,{
				"<=msec": 27.000
				,"percent": 64.64
				}
			,{
				"<=msec": 28.000
				,"percent": 70.39
				}
			,{
				"<=msec": 29.000
				,"percent": 74.85
				}
			,{
				"<=msec": 30.000
				,"percent": 78.35
				}
			,{
				"<=msec": 31.000
				,"percent": 81.29
				}
			,{
				"<=msec": 32.000
				,"percent": 83.76
				}
			,{
				"<=msec": 33.000
				,"percent": 85.97
				}
			,{
				"<=msec": 34.000
				,"percent": 87.87
				}
			,{
				"<=msec": 35.000
				,"percent": 89.60
				}
			,{
				"<=msec": 36.000
				,"percent": 91.07
				}
			,{
				"<=msec": 37.000
				,"percent": 92.31
				}
			,{
				"<=msec": 38.000
				,"percent": 93.46
				}
			,{
				"<=msec": 39.000
				,"percent": 94.53
				}
			,{
				"<=msec": 40.000
				,"percent": 95.48
				}
			,{
				"<=msec": 41.000
				,"percent": 96.23
				}
			,{
				"<=msec": 42.000
				,"percent": 96.84
				}
			,{
				"<=msec": 43.000
				,"percent": 97.41
				}
			,{
				"<=msec": 44.000
				,"percent": 97.82
				}
			,{
				"<=msec": 45.000
				,"percent": 98.24
				}
			,{
				"<=msec": 46.000
				,"percent": 98.61
				}
			,{
				"<=msec": 47.000
				,"percent": 98.88
				}
			,{
				"<=msec": 48.000
				,"percent": 99.13
				}
			,{
				"<=msec": 49.000
				,"percent": 99.29
				}
			,{
				"<=msec": 50.000
				,"percent": 99.43
				}
			,{
				"<=msec": 51.000
				,"percent": 99.53
				}
			,{
				"<=msec": 52.000
				,"percent": 99.65
				}
			,{
				"<=msec": 53.000
				,"percent": 99.74
				}
			,{
				"<=msec": 54.000
				,"percent": 99.79
				}
			,{
				"<=msec": 55.000
				,"percent": 99.83
				}
			,{
				"<=msec": 56.000
				,"percent": 99.85
				}
			,{
				"<=msec": 57.000
				,"percent": 99.85
				}
			,{
				"<=msec": 58.000
				,"percent": 99.86
				}
			,{
				"<=msec": 59.000
				,"percent": 99.88
				}
			,{
				"<=msec": 60.000
				,"percent": 99.89
				}
			,{
				"<=msec": 61.000
				,"percent": 99.91
				}
			,{
				"<=msec": 62.000
				,"percent": 99.92
				}
			,{
				"<=msec": 63.000
				,"percent": 99.93
				}
			,{
				"<=msec": 64.000
				,"percent": 99.93
				}
			,{
				"<=msec": 65.000
				,"percent": 99.94
				}
			,{
				"<=msec": 66.000
				,"percent": 99.94
				}
			,{
				"<=msec": 67.000
				,"percent": 99.95
				}
			,{
				"<=msec": 68.000
				,"percent": 99.96
				}
			,{
				"<=msec": 170.000
				,"percent": 99.96
				}
			,{
				"<=msec": 180.000
				,"percent": 99.96
				}
			,{
				"<=msec": 190.000
				,"percent": 99.96
				}
			,{
				"<=msec": 200.000
				,"percent": 99.96
				}
			,{
				"<=msec": 210.000
				,"percent": 99.96
				}
			,{
				"<=msec": 220.000
				,"percent": 99.99
				}
			,{
				"<=msec": 230.000
				,"percent": 100.00
				}
			,{
				"<=msec": 240.000
				,"percent": 100.00
				}
			]
		,"GET":[
		]
		,"WAIT":[
		]
		}
	}
