{
	"configuration":{
		"server": "10.0.0.9"
		,"port": 11212
		,"unix socket": "(null)"
		,"protocol": "memcache_text"
		,"out_file": "(null)"
		,"client_stats": "(null)"
		,"run_count": 1
		,"debug": 0
		,"requests": 0
		,"clients": 2
		,"threads": 1
		,"test_time": 60
		,"ratio": "1:9"
		,"pipeline": 1
		,"data_size": 4096
		,"data_offset": 0
		,"random_data": "false"
		,"data_size_range": "0:0"
		,"data_size_list": ""
		,"data_size_pattern": "R"
		,"expiry_range": "9999:10000"
		,"data_import": "(null)"
		,"data_verify": "false"
		,"verify_only": "false"
		,"generate_keys": "false"
		,"key_prefix": "memtier-"
		,"key_minimum":           0
		,"key_maximum":        1000
		,"key_pattern": "R:R"
		,"key_stddev": 0.000000
		,"key_median": 0.000000
		,"reconnect_interval": 0
		,"multi_key_get": 9
		,"authenticate": ""
		,"select-db": 0
		,"no-expiry": "false"
		,"wait-ratio": "0:0"
		,"num-slaves": "0:0"
		,"wait-timeout": "0-0"
		}
	,"run information":{
		"Threads": 1
		,"Connections per thread": 2
		,"Seconds": 60
		}
	,"ALL STATS":{
		"Sets":{
			"Ops/sec": 161.10
			,"Hits/sec": 0.00
			,"Misses/sec": 0.00
			,"Latency": 6.63
			,"KB/sec": 650.60
			}
		,"Gets":{
			"Ops/sec": 161.08
			,"Hits/sec": 1449.75
			,"Misses/sec": 0.00
			,"Latency": 5.75
			,"KB/sec": 5856.88
			}
		,"Waits":{
			"Ops/sec": 0.00
			,"Hits/sec": 0.00
			,"Misses/sec": 0.00
			,"Latency": 0.00
			,"KB/sec": 0.00
			}
		,"Totals":{
			"Ops/sec": 322.18
			,"Hits/sec": 1449.75
			,"Misses/sec": 0.00
			,"Latency": 6.19
			,"KB/sec": 6507.47
			}
		,"SET":[
			{
				"<=msec": 1.300
				,"percent": 0.03
				}
			,{
				"<=msec": 1.400
				,"percent": 0.49
				}
			,{
				"<=msec": 1.500
				,"percent": 1.76
				}
			,{
				"<=msec": 1.600
				,"percent": 4.11
				}
			,{
				"<=msec": 1.700
				,"percent": 7.96
				}
			,{
				"<=msec": 1.800
				,"percent": 12.29
				}
			,{
				"<=msec": 1.900
				,"percent": 17.13
				}
			,{
				"<=msec": 2.000
				,"percent": 21.88
				}
			,{
				"<=msec": 2.100
				,"percent": 26.19
				}
			,{
				"<=msec": 2.200
				,"percent": 30.21
				}
			,{
				"<=msec": 2.300
				,"percent": 33.04
				}
			,{
				"<=msec": 2.400
				,"percent": 35.43
				}
			,{
				"<=msec": 2.500
				,"percent": 37.24
				}
			,{
				"<=msec": 2.600
				,"percent": 38.69
				}
			,{
				"<=msec": 2.700
				,"percent": 39.73
				}
			,{
				"<=msec": 2.800
				,"percent": 40.70
				}
			,{
				"<=msec": 2.900
				,"percent": 41.55
				}
			,{
				"<=msec": 3.000
				,"percent": 42.20
				}
			,{
				"<=msec": 3.100
				,"percent": 42.82
				}
			,{
				"<=msec": 3.200
				,"percent": 43.46
				}
			,{
				"<=msec": 3.300
				,"percent": 43.94
				}
			,{
				"<=msec": 3.400
				,"percent": 44.28
				}
			,{
				"<=msec": 3.500
				,"percent": 44.63
				}
			,{
				"<=msec": 3.600
				,"percent": 44.98
				}
			,{
				"<=msec": 3.700
				,"percent": 45.38
				}
			,{
				"<=msec": 3.800
				,"percent": 45.78
				}
			,{
				"<=msec": 3.900
				,"percent": 46.10
				}
			,{
				"<=msec": 4.000
				,"percent": 46.57
				}
			,{
				"<=msec": 4.100
				,"percent": 46.95
				}
			,{
				"<=msec": 4.200
				,"percent": 47.22
				}
			,{
				"<=msec": 4.300
				,"percent": 47.51
				}
			,{
				"<=msec": 4.400
				,"percent": 47.85
				}
			,{
				"<=msec": 4.500
				,"percent": 48.30
				}
			,{
				"<=msec": 4.600
				,"percent": 48.63
				}
			,{
				"<=msec": 4.700
				,"percent": 49.04
				}
			,{
				"<=msec": 4.800
				,"percent": 49.38
				}
			,{
				"<=msec": 4.900
				,"percent": 49.64
				}
			,{
				"<=msec": 5.000
				,"percent": 49.99
				}
			,{
				"<=msec": 5.100
				,"percent": 50.26
				}
			,{
				"<=msec": 5.200
				,"percent": 50.60
				}
			,{
				"<=msec": 5.300
				,"percent": 50.82
				}
			,{
				"<=msec": 5.400
				,"percent": 51.12
				}
			,{
				"<=msec": 5.500
				,"percent": 51.40
				}
			,{
				"<=msec": 5.600
				,"percent": 51.67
				}
			,{
				"<=msec": 5.700
				,"percent": 52.01
				}
			,{
				"<=msec": 5.800
				,"percent": 52.29
				}
			,{
				"<=msec": 5.900
				,"percent": 52.65
				}
			,{
				"<=msec": 6.000
				,"percent": 52.92
				}
			,{
				"<=msec": 6.100
				,"percent": 53.32
				}
			,{
				"<=msec": 6.200
				,"percent": 53.64
				}
			,{
				"<=msec": 6.300
				,"percent": 53.98
				}
			,{
				"<=msec": 6.400
				,"percent": 54.39
				}
			,{
				"<=msec": 6.500
				,"percent": 54.71
				}
			,{
				"<=msec": 6.600
				,"percent": 55.14
				}
			,{
				"<=msec": 6.700
				,"percent": 55.39
				}
			,{
				"<=msec": 6.800
				,"percent": 55.61
				}
			,{
				"<=msec": 6.900
				,"percent": 56.06
				}
			,{
				"<=msec": 7.000
				,"percent": 56.48
				}
			,{
				"<=msec": 7.100
				,"percent": 56.90
				}
			,{
				"<=msec": 7.200
				,"percent": 57.27
				}
			,{
				"<=msec": 7.300
				,"percent": 57.79
				}
			,{
				"<=msec": 7.400
				,"percent": 58.27
				}
			,{
				"<=msec": 7.500
				,"percent": 58.76
				}
			,{
				"<=msec": 7.600
				,"percent": 59.24
				}
			,{
				"<=msec": 7.700
				,"percent": 59.78
				}
			,{
				"<=msec": 7.800
				,"percent": 60.26
				}
			,{
				"<=msec": 7.900
				,"percent": 60.67
				}
			,{
				"<=msec": 8.000
				,"percent": 61.21
				}
			,{
				"<=msec": 8.100
				,"percent": 61.73
				}
			,{
				"<=msec": 8.200
				,"percent": 62.14
				}
			,{
				"<=msec": 8.300
				,"percent": 62.65
				}
			,{
				"<=msec": 8.400
				,"percent": 63.34
				}
			,{
				"<=msec": 8.500
				,"percent": 63.79
				}
			,{
				"<=msec": 8.600
				,"percent": 64.25
				}
			,{
				"<=msec": 8.700
				,"percent": 64.66
				}
			,{
				"<=msec": 8.800
				,"percent": 65.15
				}
			,{
				"<=msec": 8.900
				,"percent": 65.64
				}
			,{
				"<=msec": 9.000
				,"percent": 66.18
				}
			,{
				"<=msec": 9.100
				,"percent": 66.71
				}
			,{
				"<=msec": 9.200
				,"percent": 67.17
				}
			,{
				"<=msec": 9.300
				,"percent": 67.65
				}
			,{
				"<=msec": 9.400
				,"percent": 68.08
				}
			,{
				"<=msec": 9.500
				,"percent": 68.52
				}
			,{
				"<=msec": 9.600
				,"percent": 68.87
				}
			,{
				"<=msec": 9.700
				,"percent": 69.32
				}
			,{
				"<=msec": 9.800
				,"percent": 69.79
				}
			,{
				"<=msec": 9.900
				,"percent": 70.18
				}
			,{
				"<=msec": 10.000
				,"percent": 72.40
				}
			,{
				"<=msec": 11.000
				,"percent": 76.04
				}
			,{
				"<=msec": 12.000
				,"percent": 81.34
				}
			,{
				"<=msec": 13.000
				,"percent": 89.73
				}
			,{
				"<=msec": 14.000
				,"percent": 94.17
				}
			,{
				"<=msec": 15.000
				,"percent": 98.71
				}
			,{
				"<=msec": 16.000
				,"percent": 99.42
				}
			,{
				"<=msec": 17.000
				,"percent": 99.59
				}
			,{
				"<=msec": 18.000
				,"percent": 99.69
				}
			,{
				"<=msec": 19.000
				,"percent": 99.77
				}
			,{
				"<=msec": 20.000
				,"percent": 99.82
				}
			,{
				"<=msec": 21.000
				,"percent": 99.88
				}
			,{
				"<=msec": 22.000
				,"percent": 99.90
				}
			,{
				"<=msec": 23.000
				,"percent": 99.91
				}
			,{
				"<=msec": 25.000
				,"percent": 99.93
				}
			,{
				"<=msec": 28.000
				,"percent": 99.94
				}
			,{
				"<=msec": 29.000
				,"percent": 99.95
				}
			,{
				"<=msec": 30.000
				,"percent": 99.97
				}
			,{
				"<=msec": 32.000
				,"percent": 99.99
				}
			,{
				"<=msec": 33.000
				,"percent": 100.00
				}
			]
		,"GET":[
			{
				"<=msec": 1.600
				,"percent": 0.03
				}
			,{
				"<=msec": 1.700
				,"percent": 0.20
				}
			,{
				"<=msec": 1.800
				,"percent": 0.68
				}
			,{
				"<=msec": 1.900
				,"percent": 2.15
				}
			,{
				"<=msec": 2.000
				,"percent": 4.40
				}
			,{
				"<=msec": 2.100
				,"percent": 7.94
				}
			,{
				"<=msec": 2.200
				,"percent": 12.25
				}
			,{
				"<=msec": 2.300
				,"percent": 17.23
				}
			,{
				"<=msec": 2.400
				,"percent": 22.39
				}
			,{
				"<=msec": 2.500
				,"percent": 27.45
				}
			,{
				"<=msec": 2.600
				,"percent": 32.57
				}
			,{
				"<=msec": 2.700
				,"percent": 37.51
				}
			,{
				"<=msec": 2.800
				,"percent": 41.76
				}
			,{
				"<=msec": 2.900
				,"percent": 45.90
				}
			,{
				"<=msec": 3.000
				,"percent": 49.50
				}
			,{
				"<=msec": 3.100
				,"percent": 52.95
				}
			,{
				"<=msec": 3.200
				,"percent": 55.58
				}
			,{
				"<=msec": 3.300
				,"percent": 57.88
				}
			,{
				"<=msec": 3.400
				,"percent": 59.94
				}
			,{
				"<=msec": 3.500
				,"percent": 61.55
				}
			,{
				"<=msec": 3.600
				,"percent": 63.03
				}
			,{
				"<=msec": 3.700
				,"percent": 64.04
				}
			,{
				"<=msec": 3.800
				,"percent": 64.89
				}
			,{
				"<=msec": 3.900
				,"percent": 65.64
				}
			,{
				"<=msec": 4.000
				,"percent": 66.39
				}
			,{
				"<=msec": 4.100
				,"percent": 67.06
				}
			,{
				"<=msec": 4.200
				,"percent": 67.45
				}
			,{
				"<=msec": 4.300
				,"percent": 67.81
				}
			,{
				"<=msec": 4.400
				,"percent": 68.30
				}
			,{
				"<=msec": 4.500
				,"percent": 68.63
				}
			,{
				"<=msec": 4.600
				,"percent": 69.01
				}
			,{
				"<=msec": 4.700
				,"percent": 69.38
				}
			,{
				"<=msec": 4.800
				,"percent": 69.71
				}
			,{
				"<=msec": 4.900
				,"percent": 69.94
				}
			,{
				"<=msec": 5.000
				,"percent": 70.23
				}
			,{
				"<=msec": 5.100
				,"percent": 70.49
				}
			,{
				"<=msec": 5.200
				,"percent": 70.66
				}
			,{
				"<=msec": 5.300
				,"percent": 70.92
				}
			,{
				"<=msec": 5.400
				,"percent": 71.05
				}
			,{
				"<=msec": 5.500
				,"percent": 71.31
				}
			,{
				"<=msec": 5.600
				,"percent": 71.48
				}
			,{
				"<=msec": 5.700
				,"percent": 71.61
				}
			,{
				"<=msec": 5.800
				,"percent": 71.82
				}
			,{
				"<=msec": 5.900
				,"percent": 72.07
				}
			,{
				"<=msec": 6.000
				,"percent": 72.29
				}
			,{
				"<=msec": 6.100
				,"percent": 72.44
				}
			,{
				"<=msec": 6.200
				,"percent": 72.58
				}
			,{
				"<=msec": 6.300
				,"percent": 72.72
				}
			,{
				"<=msec": 6.400
				,"percent": 72.83
				}
			,{
				"<=msec": 6.500
				,"percent": 72.97
				}
			,{
				"<=msec": 6.600
				,"percent": 73.13
				}
			,{
				"<=msec": 6.700
				,"percent": 73.32
				}
			,{
				"<=msec": 6.800
				,"percent": 73.61
				}
			,{
				"<=msec": 6.900
				,"percent": 73.76
				}
			,{
				"<=msec": 7.000
				,"percent": 74.03
				}
			,{
				"<=msec": 7.100
				,"percent": 74.13
				}
			,{
				"<=msec": 7.200
				,"percent": 74.29
				}
			,{
				"<=msec": 7.300
				,"percent": 74.45
				}
			,{
				"<=msec": 7.400
				,"percent": 74.55
				}
			,{
				"<=msec": 7.500
				,"percent": 74.66
				}
			,{
				"<=msec": 7.600
				,"percent": 74.88
				}
			,{
				"<=msec": 7.700
				,"percent": 75.06
				}
			,{
				"<=msec": 7.800
				,"percent": 75.26
				}
			,{
				"<=msec": 7.900
				,"percent": 75.40
				}
			,{
				"<=msec": 8.000
				,"percent": 75.54
				}
			,{
				"<=msec": 8.100
				,"percent": 75.74
				}
			,{
				"<=msec": 8.200
				,"percent": 75.98
				}
			,{
				"<=msec": 8.300
				,"percent": 76.12
				}
			,{
				"<=msec": 8.400
				,"percent": 76.33
				}
			,{
				"<=msec": 8.500
				,"percent": 76.52
				}
			,{
				"<=msec": 8.600
				,"percent": 76.66
				}
			,{
				"<=msec": 8.700
				,"percent": 76.85
				}
			,{
				"<=msec": 8.800
				,"percent": 76.99
				}
			,{
				"<=msec": 8.900
				,"percent": 77.10
				}
			,{
				"<=msec": 9.000
				,"percent": 77.27
				}
			,{
				"<=msec": 9.100
				,"percent": 77.40
				}
			,{
				"<=msec": 9.200
				,"percent": 77.49
				}
			,{
				"<=msec": 9.300
				,"percent": 77.64
				}
			,{
				"<=msec": 9.400
				,"percent": 77.80
				}
			,{
				"<=msec": 9.500
				,"percent": 77.93
				}
			,{
				"<=msec": 9.600
				,"percent": 78.04
				}
			,{
				"<=msec": 9.700
				,"percent": 78.18
				}
			,{
				"<=msec": 9.800
				,"percent": 78.42
				}
			,{
				"<=msec": 9.900
				,"percent": 78.58
				}
			,{
				"<=msec": 10.000
				,"percent": 79.42
				}
			,{
				"<=msec": 11.000
				,"percent": 81.56
				}
			,{
				"<=msec": 12.000
				,"percent": 84.65
				}
			,{
				"<=msec": 13.000
				,"percent": 87.43
				}
			,{
				"<=msec": 14.000
				,"percent": 89.47
				}
			,{
				"<=msec": 15.000
				,"percent": 90.54
				}
			,{
				"<=msec": 16.000
				,"percent": 95.80
				}
			,{
				"<=msec": 17.000
				,"percent": 98.20
				}
			,{
				"<=msec": 18.000
				,"percent": 98.56
				}
			,{
				"<=msec": 19.000
				,"percent": 98.87
				}
			,{
				"<=msec": 20.000
				,"percent": 99.02
				}
			,{
				"<=msec": 21.000
				,"percent": 99.15
				}
			,{
				"<=msec": 22.000
				,"percent": 99.23
				}
			,{
				"<=msec": 23.000
				,"percent": 99.31
				}
			,{
				"<=msec": 24.000
				,"percent": 99.34
				}
			,{
				"<=msec": 25.000
				,"percent": 99.43
				}
			,{
				"<=msec": 26.000
				,"percent": 99.48
				}
			,{
				"<=msec": 27.000
				,"percent": 99.62
				}
			,{
				"<=msec": 28.000
				,"percent": 99.72
				}
			,{
				"<=msec": 29.000
				,"percent": 99.86
				}
			,{
				"<=msec": 30.000
				,"percent": 99.90
				}
			,{
				"<=msec": 31.000
				,"percent": 99.91
				}
			,{
				"<=msec": 32.000
				,"percent": 99.95
				}
			,{
				"<=msec": 34.000
				,"percent": 99.97
				}
			,{
				"<=msec": 38.000
				,"percent": 99.99
				}
			,{
				"<=msec": 39.000
				,"percent": 100.00
				}
			]
		,"WAIT":[
		]
		}
	}
