{
	"configuration":{
		"server": "10.0.0.9"
		,"port": 11212
		,"unix socket": "(null)"
		,"protocol": "memcache_text"
		,"out_file": "(null)"
		,"client_stats": "(null)"
		,"run_count": 1
		,"debug": 0
		,"requests": 0
		,"clients": 2
		,"threads": 1
		,"test_time": 60
		,"ratio": "1:3"
		,"pipeline": 1
		,"data_size": 4096
		,"data_offset": 0
		,"random_data": "false"
		,"data_size_range": "0:0"
		,"data_size_list": ""
		,"data_size_pattern": "R"
		,"expiry_range": "9999:10000"
		,"data_import": "(null)"
		,"data_verify": "false"
		,"verify_only": "false"
		,"generate_keys": "false"
		,"key_prefix": "memtier-"
		,"key_minimum":           0
		,"key_maximum":        1000
		,"key_pattern": "R:R"
		,"key_stddev": 0.000000
		,"key_median": 0.000000
		,"reconnect_interval": 0
		,"multi_key_get": 3
		,"authenticate": ""
		,"select-db": 0
		,"no-expiry": "false"
		,"wait-ratio": "0:0"
		,"num-slaves": "0:0"
		,"wait-timeout": "0-0"
		}
	,"run information":{
		"Threads": 1
		,"Connections per thread": 2
		,"Seconds": 60
		}
	,"ALL STATS":{
		"Sets":{
			"Ops/sec": 402.96
			,"Hits/sec": 0.00
			,"Misses/sec": 0.00
			,"Latency": 2.60
			,"KB/sec": 1627.34
			}
		,"Gets":{
			"Ops/sec": 402.94
			,"Hits/sec": 1208.83
			,"Misses/sec": 0.00
			,"Latency": 2.35
			,"KB/sec": 4886.20
			}
		,"Waits":{
			"Ops/sec": 0.00
			,"Hits/sec": 0.00
			,"Misses/sec": 0.00
			,"Latency": 0.00
			,"KB/sec": 0.00
			}
		,"Totals":{
			"Ops/sec": 805.90
			,"Hits/sec": 1208.83
			,"Misses/sec": 0.00
			,"Latency": 2.47
			,"KB/sec": 6513.54
			}
		,"SET":[
			{
				"<=msec": 1.100
				,"percent": 0.04
				}
			,{
				"<=msec": 1.200
				,"percent": 0.57
				}
			,{
				"<=msec": 1.300
				,"percent": 3.29
				}
			,{
				"<=msec": 1.400
				,"percent": 9.69
				}
			,{
				"<=msec": 1.500
				,"percent": 19.40
				}
			,{
				"<=msec": 1.600
				,"percent": 30.15
				}
			,{
				"<=msec": 1.700
				,"percent": 41.37
				}
			,{
				"<=msec": 1.800
				,"percent": 50.91
				}
			,{
				"<=msec": 1.900
				,"percent": 58.55
				}
			,{
				"<=msec": 2.000
				,"percent": 64.88
				}
			,{
				"<=msec": 2.100
				,"percent": 69.10
				}
			,{
				"<=msec": 2.200
				,"percent": 72.57
				}
			,{
				"<=msec": 2.300
				,"percent": 75.24
				}
			,{
				"<=msec": 2.400
				,"percent": 77.36
				}
			,{
				"<=msec": 2.500
				,"percent": 79.02
				}
			,{
				"<=msec": 2.600
				,"percent": 80.34
				}
			,{
				"<=msec": 2.700
				,"percent": 81.42
				}
			,{
				"<=msec": 2.800
				,"percent": 82.39
				}
			,{
				"<=msec": 2.900
				,"percent": 83.27
				}
			,{
				"<=msec": 3.000
				,"percent": 83.95
				}
			,{
				"<=msec": 3.100
				,"percent": 84.55
				}
			,{
				"<=msec": 3.200
				,"percent": 85.09
				}
			,{
				"<=msec": 3.300
				,"percent": 85.53
				}
			,{
				"<=msec": 3.400
				,"percent": 86.09
				}
			,{
				"<=msec": 3.500
				,"percent": 86.61
				}
			,{
				"<=msec": 3.600
				,"percent": 87.08
				}
			,{
				"<=msec": 3.700
				,"percent": 87.40
				}
			,{
				"<=msec": 3.800
				,"percent": 87.73
				}
			,{
				"<=msec": 3.900
				,"percent": 88.08
				}
			,{
				"<=msec": 4.000
				,"percent": 88.36
				}
			,{
				"<=msec": 4.100
				,"percent": 88.68
				}
			,{
				"<=msec": 4.200
				,"percent": 89.00
				}
			,{
				"<=msec": 4.300
				,"percent": 89.29
				}
			,{
				"<=msec": 4.400
				,"percent": 89.57
				}
			,{
				"<=msec": 4.500
				,"percent": 89.86
				}
			,{
				"<=msec": 4.600
				,"percent": 90.17
				}
			,{
				"<=msec": 4.700
				,"percent": 90.46
				}
			,{
				"<=msec": 4.800
				,"percent": 90.69
				}
			,{
				"<=msec": 4.900
				,"percent": 90.92
				}
			,{
				"<=msec": 5.000
				,"percent": 91.17
				}
			,{
				"<=msec": 5.100
				,"percent": 91.43
				}
			,{
				"<=msec": 5.200
				,"percent": 91.68
				}
			,{
				"<=msec": 5.300
				,"percent": 91.99
				}
			,{
				"<=msec": 5.400
				,"percent": 92.23
				}
			,{
				"<=msec": 5.500
				,"percent": 92.44
				}
			,{
				"<=msec": 5.600
				,"percent": 92.72
				}
			,{
				"<=msec": 5.700
				,"percent": 92.91
				}
			,{
				"<=msec": 5.800
				,"percent": 93.17
				}
			,{
				"<=msec": 5.900
				,"percent": 93.38
				}
			,{
				"<=msec": 6.000
				,"percent": 93.58
				}
			,{
				"<=msec": 6.100
				,"percent": 93.84
				}
			,{
				"<=msec": 6.200
				,"percent": 94.08
				}
			,{
				"<=msec": 6.300
				,"percent": 94.35
				}
			,{
				"<=msec": 6.400
				,"percent": 94.60
				}
			,{
				"<=msec": 6.500
				,"percent": 94.80
				}
			,{
				"<=msec": 6.600
				,"percent": 95.02
				}
			,{
				"<=msec": 6.700
				,"percent": 95.30
				}
			,{
				"<=msec": 6.800
				,"percent": 95.51
				}
			,{
				"<=msec": 6.900
				,"percent": 95.77
				}
			,{
				"<=msec": 7.000
				,"percent": 96.01
				}
			,{
				"<=msec": 7.100
				,"percent": 96.25
				}
			,{
				"<=msec": 7.200
				,"percent": 96.46
				}
			,{
				"<=msec": 7.300
				,"percent": 96.68
				}
			,{
				"<=msec": 7.400
				,"percent": 96.89
				}
			,{
				"<=msec": 7.500
				,"percent": 97.10
				}
			,{
				"<=msec": 7.600
				,"percent": 97.27
				}
			,{
				"<=msec": 7.700
				,"percent": 97.43
				}
			,{
				"<=msec": 7.800
				,"percent": 97.60
				}
			,{
				"<=msec": 7.900
				,"percent": 97.79
				}
			,{
				"<=msec": 8.000
				,"percent": 97.95
				}
			,{
				"<=msec": 8.100
				,"percent": 98.11
				}
			,{
				"<=msec": 8.200
				,"percent": 98.23
				}
			,{
				"<=msec": 8.300
				,"percent": 98.34
				}
			,{
				"<=msec": 8.400
				,"percent": 98.41
				}
			,{
				"<=msec": 8.500
				,"percent": 98.50
				}
			,{
				"<=msec": 8.600
				,"percent": 98.59
				}
			,{
				"<=msec": 8.700
				,"percent": 98.67
				}
			,{
				"<=msec": 8.800
				,"percent": 98.74
				}
			,{
				"<=msec": 8.900
				,"percent": 98.82
				}
			,{
				"<=msec": 9.000
				,"percent": 98.87
				}
			,{
				"<=msec": 9.100
				,"percent": 98.93
				}
			,{
				"<=msec": 9.200
				,"percent": 98.96
				}
			,{
				"<=msec": 9.300
				,"percent": 99.02
				}
			,{
				"<=msec": 9.400
				,"percent": 99.07
				}
			,{
				"<=msec": 9.500
				,"percent": 99.10
				}
			,{
				"<=msec": 9.600
				,"percent": 99.14
				}
			,{
				"<=msec": 9.700
				,"percent": 99.17
				}
			,{
				"<=msec": 9.800
				,"percent": 99.22
				}
			,{
				"<=msec": 9.900
				,"percent": 99.24
				}
			,{
				"<=msec": 10.000
				,"percent": 99.38
				}
			,{
				"<=msec": 11.000
				,"percent": 99.60
				}
			,{
				"<=msec": 12.000
				,"percent": 99.70
				}
			,{
				"<=msec": 13.000
				,"percent": 99.75
				}
			,{
				"<=msec": 14.000
				,"percent": 99.79
				}
			,{
				"<=msec": 15.000
				,"percent": 99.81
				}
			,{
				"<=msec": 16.000
				,"percent": 99.85
				}
			,{
				"<=msec": 17.000
				,"percent": 99.88
				}
			,{
				"<=msec": 18.000
				,"percent": 99.90
				}
			,{
				"<=msec": 19.000
				,"percent": 99.92
				}
			,{
				"<=msec": 20.000
				,"percent": 99.92
				}
			,{
				"<=msec": 21.000
				,"percent": 99.93
				}
			,{
				"<=msec": 22.000
				,"percent": 99.93
				}
			,{
				"<=msec": 25.000
				,"percent": 99.94
				}
			,{
				"<=msec": 26.000
				,"percent": 99.94
				}
			,{
				"<=msec": 32.000
				,"percent": 99.95
				}
			,{
				"<=msec": 37.000
				,"percent": 99.95
				}
			,{
				"<=msec": 44.000
				,"percent": 99.95
				}
			,{
				"<=msec": 49.000
				,"percent": 99.96
				}
			,{
				"<=msec": 67.000
				,"percent": 99.96
				}
			,{
				"<=msec": 73.000
				,"percent": 99.97
				}
			,{
				"<=msec": 74.000
				,"percent": 99.97
				}
			,{
				"<=msec": 110.000
				,"percent": 99.98
				}
			,{
				"<=msec": 140.000
				,"percent": 99.98
				}
			,{
				"<=msec": 210.000
				,"percent": 99.98
				}
			,{
				"<=msec": 310.000
				,"percent": 99.99
				}
			,{
				"<=msec": 370.000
				,"percent": 99.99
				}
			,{
				"<=msec": 870.000
				,"percent": 100.00
				}
			,{
				"<=msec": 930.000
				,"percent": 100.00
				}
			]
		,"GET":[
			{
				"<=msec": 1.100
				,"percent": 0.00
				}
			,{
				"<=msec": 1.200
				,"percent": 0.14
				}
			,{
				"<=msec": 1.300
				,"percent": 1.00
				}
			,{
				"<=msec": 1.400
				,"percent": 3.70
				}
			,{
				"<=msec": 1.500
				,"percent": 9.59
				}
			,{
				"<=msec": 1.600
				,"percent": 18.19
				}
			,{
				"<=msec": 1.700
				,"percent": 28.78
				}
			,{
				"<=msec": 1.800
				,"percent": 39.57
				}
			,{
				"<=msec": 1.900
				,"percent": 49.65
				}
			,{
				"<=msec": 2.000
				,"percent": 58.64
				}
			,{
				"<=msec": 2.100
				,"percent": 66.20
				}
			,{
				"<=msec": 2.200
				,"percent": 71.98
				}
			,{
				"<=msec": 2.300
				,"percent": 76.54
				}
			,{
				"<=msec": 2.400
				,"percent": 80.14
				}
			,{
				"<=msec": 2.500
				,"percent": 82.86
				}
			,{
				"<=msec": 2.600
				,"percent": 85.01
				}
			,{
				"<=msec": 2.700
				,"percent": 86.54
				}
			,{
				"<=msec": 2.800
				,"percent": 87.77
				}
			,{
				"<=msec": 2.900
				,"percent": 88.80
				}
			,{
				"<=msec": 3.000
				,"percent": 89.54
				}
			,{
				"<=msec": 3.100
				,"percent": 90.15
				}
			,{
				"<=msec": 3.200
				,"percent": 90.65
				}
			,{
				"<=msec": 3.300
				,"percent": 91.18
				}
			,{
				"<=msec": 3.400
				,"percent": 91.55
				}
			,{
				"<=msec": 3.500
				,"percent": 91.91
				}
			,{
				"<=msec": 3.600
				,"percent": 92.26
				}
			,{
				"<=msec": 3.700
				,"percent": 92.54
				}
			,{
				"<=msec": 3.800
				,"percent": 92.88
				}
			,{
				"<=msec": 3.900
				,"percent": 93.18
				}
			,{
				"<=msec": 4.000
				,"percent": 93.48
				}
			,{
				"<=msec": 4.100
				,"percent": 93.74
				}
			,{
				"<=msec": 4.200
				,"percent": 93.94
				}
			,{
				"<=msec": 4.300
				,"percent": 94.19
				}
			,{
				"<=msec": 4.400
				,"percent": 94.49
				}
			,{
				"<=msec": 4.500
				,"percent": 94.61
				}
			,{
				"<=msec": 4.600
				,"percent": 94.74
				}
			,{
				"<=msec": 4.700
				,"percent": 94.89
				}
			,{
				"<=msec": 4.800
				,"percent": 95.03
				}
			,{
				"<=msec": 4.900
				,"percent": 95.19
				}
			,{
				"<=msec": 5.000
				,"percent": 95.41
				}
			,{
				"<=msec": 5.100
				,"percent": 95.55
				}
			,{
				"<=msec": 5.200
				,"percent": 95.70
				}
			,{
				"<=msec": 5.300
				,"percent": 95.84
				}
			,{
				"<=msec": 5.400
				,"percent": 95.99
				}
			,{
				"<=msec": 5.500
				,"percent": 96.13
				}
			,{
				"<=msec": 5.600
				,"percent": 96.27
				}
			,{
				"<=msec": 5.700
				,"percent": 96.37
				}
			,{
				"<=msec": 5.800
				,"percent": 96.48
				}
			,{
				"<=msec": 5.900
				,"percent": 96.57
				}
			,{
				"<=msec": 6.000
				,"percent": 96.73
				}
			,{
				"<=msec": 6.100
				,"percent": 96.88
				}
			,{
				"<=msec": 6.200
				,"percent": 97.02
				}
			,{
				"<=msec": 6.300
				,"percent": 97.18
				}
			,{
				"<=msec": 6.400
				,"percent": 97.29
				}
			,{
				"<=msec": 6.500
				,"percent": 97.40
				}
			,{
				"<=msec": 6.600
				,"percent": 97.52
				}
			,{
				"<=msec": 6.700
				,"percent": 97.62
				}
			,{
				"<=msec": 6.800
				,"percent": 97.72
				}
			,{
				"<=msec": 6.900
				,"percent": 97.84
				}
			,{
				"<=msec": 7.000
				,"percent": 97.98
				}
			,{
				"<=msec": 7.100
				,"percent": 98.12
				}
			,{
				"<=msec": 7.200
				,"percent": 98.24
				}
			,{
				"<=msec": 7.300
				,"percent": 98.33
				}
			,{
				"<=msec": 7.400
				,"percent": 98.42
				}
			,{
				"<=msec": 7.500
				,"percent": 98.53
				}
			,{
				"<=msec": 7.600
				,"percent": 98.60
				}
			,{
				"<=msec": 7.700
				,"percent": 98.69
				}
			,{
				"<=msec": 7.800
				,"percent": 98.78
				}
			,{
				"<=msec": 7.900
				,"percent": 98.85
				}
			,{
				"<=msec": 8.000
				,"percent": 98.90
				}
			,{
				"<=msec": 8.100
				,"percent": 98.95
				}
			,{
				"<=msec": 8.200
				,"percent": 99.02
				}
			,{
				"<=msec": 8.300
				,"percent": 99.10
				}
			,{
				"<=msec": 8.400
				,"percent": 99.14
				}
			,{
				"<=msec": 8.500
				,"percent": 99.17
				}
			,{
				"<=msec": 8.600
				,"percent": 99.21
				}
			,{
				"<=msec": 8.700
				,"percent": 99.25
				}
			,{
				"<=msec": 8.800
				,"percent": 99.28
				}
			,{
				"<=msec": 8.900
				,"percent": 99.30
				}
			,{
				"<=msec": 9.000
				,"percent": 99.32
				}
			,{
				"<=msec": 9.100
				,"percent": 99.35
				}
			,{
				"<=msec": 9.200
				,"percent": 99.38
				}
			,{
				"<=msec": 9.300
				,"percent": 99.40
				}
			,{
				"<=msec": 9.400
				,"percent": 99.42
				}
			,{
				"<=msec": 9.500
				,"percent": 99.46
				}
			,{
				"<=msec": 9.600
				,"percent": 99.48
				}
			,{
				"<=msec": 9.700
				,"percent": 99.50
				}
			,{
				"<=msec": 9.800
				,"percent": 99.52
				}
			,{
				"<=msec": 9.900
				,"percent": 99.54
				}
			,{
				"<=msec": 10.000
				,"percent": 99.64
				}
			,{
				"<=msec": 11.000
				,"percent": 99.77
				}
			,{
				"<=msec": 12.000
				,"percent": 99.83
				}
			,{
				"<=msec": 13.000
				,"percent": 99.86
				}
			,{
				"<=msec": 14.000
				,"percent": 99.89
				}
			,{
				"<=msec": 15.000
				,"percent": 99.90
				}
			,{
				"<=msec": 16.000
				,"percent": 99.92
				}
			,{
				"<=msec": 17.000
				,"percent": 99.93
				}
			,{
				"<=msec": 18.000
				,"percent": 99.93
				}
			,{
				"<=msec": 20.000
				,"percent": 99.94
				}
			,{
				"<=msec": 21.000
				,"percent": 99.94
				}
			,{
				"<=msec": 25.000
				,"percent": 99.95
				}
			,{
				"<=msec": 29.000
				,"percent": 99.95
				}
			,{
				"<=msec": 32.000
				,"percent": 99.96
				}
			,{
				"<=msec": 37.000
				,"percent": 99.97
				}
			,{
				"<=msec": 40.000
				,"percent": 99.97
				}
			,{
				"<=msec": 70.000
				,"percent": 99.98
				}
			,{
				"<=msec": 77.000
				,"percent": 99.98
				}
			,{
				"<=msec": 120.000
				,"percent": 99.98
				}
			,{
				"<=msec": 130.000
				,"percent": 99.99
				}
			,{
				"<=msec": 140.000
				,"percent": 100.00
				}
			,{
				"<=msec": 150.000
				,"percent": 100.00
				}
			]
		,"WAIT":[
		]
		}
	}
