{
	"configuration":{
		"server": "10.0.0.9"
		,"port": 11212
		,"unix socket": "(null)"
		,"protocol": "memcache_text"
		,"out_file": "(null)"
		,"client_stats": "(null)"
		,"run_count": 1
		,"debug": 0
		,"requests": 0
		,"clients": 2
		,"threads": 1
		,"test_time": 60
		,"ratio": "1:6"
		,"pipeline": 1
		,"data_size": 4096
		,"data_offset": 0
		,"random_data": "false"
		,"data_size_range": "0:0"
		,"data_size_list": ""
		,"data_size_pattern": "R"
		,"expiry_range": "9999:10000"
		,"data_import": "(null)"
		,"data_verify": "false"
		,"verify_only": "false"
		,"generate_keys": "false"
		,"key_prefix": "memtier-"
		,"key_minimum":           0
		,"key_maximum":        1000
		,"key_pattern": "R:R"
		,"key_stddev": 0.000000
		,"key_median": 0.000000
		,"reconnect_interval": 0
		,"multi_key_get": 6
		,"authenticate": ""
		,"select-db": 0
		,"no-expiry": "false"
		,"wait-ratio": "0:0"
		,"num-slaves": "0:0"
		,"wait-timeout": "0-0"
		}
	,"run information":{
		"Threads": 1
		,"Connections per thread": 2
		,"Seconds": 60
		}
	,"ALL STATS":{
		"Sets":{
			"Ops/sec": 239.94
			,"Hits/sec": 0.00
			,"Misses/sec": 0.00
			,"Latency": 4.23
			,"KB/sec": 969.00
			}
		,"Gets":{
			"Ops/sec": 239.91
			,"Hits/sec": 1439.46
			,"Misses/sec": 0.00
			,"Latency": 4.08
			,"KB/sec": 5816.10
			}
		,"Waits":{
			"Ops/sec": 0.00
			,"Hits/sec": 0.00
			,"Misses/sec": 0.00
			,"Latency": 0.00
			,"KB/sec": 0.00
			}
		,"Totals":{
			"Ops/sec": 479.85
			,"Hits/sec": 1439.46
			,"Misses/sec": 0.00
			,"Latency": 4.16
			,"KB/sec": 6785.11
			}
		,"SET":[
			{
				"<=msec": 1.200
				,"percent": 0.07
				}
			,{
				"<=msec": 1.300
				,"percent": 0.69
				}
			,{
				"<=msec": 1.400
				,"percent": 2.64
				}
			,{
				"<=msec": 1.500
				,"percent": 6.51
				}
			,{
				"<=msec": 1.600
				,"percent": 12.54
				}
			,{
				"<=msec": 1.700
				,"percent": 19.35
				}
			,{
				"<=msec": 1.800
				,"percent": 26.16
				}
			,{
				"<=msec": 1.900
				,"percent": 32.87
				}
			,{
				"<=msec": 2.000
				,"percent": 38.82
				}
			,{
				"<=msec": 2.100
				,"percent": 43.58
				}
			,{
				"<=msec": 2.200
				,"percent": 46.97
				}
			,{
				"<=msec": 2.300
				,"percent": 50.00
				}
			,{
				"<=msec": 2.400
				,"percent": 52.38
				}
			,{
				"<=msec": 2.500
				,"percent": 54.10
				}
			,{
				"<=msec": 2.600
				,"percent": 55.34
				}
			,{
				"<=msec": 2.700
				,"percent": 56.44
				}
			,{
				"<=msec": 2.800
				,"percent": 57.47
				}
			,{
				"<=msec": 2.900
				,"percent": 58.31
				}
			,{
				"<=msec": 3.000
				,"percent": 59.04
				}
			,{
				"<=msec": 3.100
				,"percent": 59.78
				}
			,{
				"<=msec": 3.200
				,"percent": 60.29
				}
			,{
				"<=msec": 3.300
				,"percent": 60.81
				}
			,{
				"<=msec": 3.400
				,"percent": 61.36
				}
			,{
				"<=msec": 3.500
				,"percent": 61.79
				}
			,{
				"<=msec": 3.600
				,"percent": 62.22
				}
			,{
				"<=msec": 3.700
				,"percent": 62.59
				}
			,{
				"<=msec": 3.800
				,"percent": 63.13
				}
			,{
				"<=msec": 3.900
				,"percent": 63.55
				}
			,{
				"<=msec": 4.000
				,"percent": 63.88
				}
			,{
				"<=msec": 4.100
				,"percent": 64.38
				}
			,{
				"<=msec": 4.200
				,"percent": 64.77
				}
			,{
				"<=msec": 4.300
				,"percent": 65.15
				}
			,{
				"<=msec": 4.400
				,"percent": 65.59
				}
			,{
				"<=msec": 4.500
				,"percent": 65.94
				}
			,{
				"<=msec": 4.600
				,"percent": 66.26
				}
			,{
				"<=msec": 4.700
				,"percent": 66.72
				}
			,{
				"<=msec": 4.800
				,"percent": 67.13
				}
			,{
				"<=msec": 4.900
				,"percent": 67.61
				}
			,{
				"<=msec": 5.000
				,"percent": 67.90
				}
			,{
				"<=msec": 5.100
				,"percent": 68.29
				}
			,{
				"<=msec": 5.200
				,"percent": 68.69
				}
			,{
				"<=msec": 5.300
				,"percent": 69.12
				}
			,{
				"<=msec": 5.400
				,"percent": 69.61
				}
			,{
				"<=msec": 5.500
				,"percent": 70.02
				}
			,{
				"<=msec": 5.600
				,"percent": 70.57
				}
			,{
				"<=msec": 5.700
				,"percent": 70.90
				}
			,{
				"<=msec": 5.800
				,"percent": 71.53
				}
			,{
				"<=msec": 5.900
				,"percent": 72.00
				}
			,{
				"<=msec": 6.000
				,"percent": 72.46
				}
			,{
				"<=msec": 6.100
				,"percent": 72.93
				}
			,{
				"<=msec": 6.200
				,"percent": 73.41
				}
			,{
				"<=msec": 6.300
				,"percent": 73.90
				}
			,{
				"<=msec": 6.400
				,"percent": 74.37
				}
			,{
				"<=msec": 6.500
				,"percent": 74.82
				}
			,{
				"<=msec": 6.600
				,"percent": 75.26
				}
			,{
				"<=msec": 6.700
				,"percent": 75.78
				}
			,{
				"<=msec": 6.800
				,"percent": 76.37
				}
			,{
				"<=msec": 6.900
				,"percent": 76.93
				}
			,{
				"<=msec": 7.000
				,"percent": 77.59
				}
			,{
				"<=msec": 7.100
				,"percent": 78.21
				}
			,{
				"<=msec": 7.200
				,"percent": 78.82
				}
			,{
				"<=msec": 7.300
				,"percent": 79.34
				}
			,{
				"<=msec": 7.400
				,"percent": 79.93
				}
			,{
				"<=msec": 7.500
				,"percent": 80.46
				}
			,{
				"<=msec": 7.600
				,"percent": 81.03
				}
			,{
				"<=msec": 7.700
				,"percent": 81.61
				}
			,{
				"<=msec": 7.800
				,"percent": 82.10
				}
			,{
				"<=msec": 7.900
				,"percent": 82.59
				}
			,{
				"<=msec": 8.000
				,"percent": 83.14
				}
			,{
				"<=msec": 8.100
				,"percent": 83.70
				}
			,{
				"<=msec": 8.200
				,"percent": 84.21
				}
			,{
				"<=msec": 8.300
				,"percent": 84.65
				}
			,{
				"<=msec": 8.400
				,"percent": 85.19
				}
			,{
				"<=msec": 8.500
				,"percent": 85.69
				}
			,{
				"<=msec": 8.600
				,"percent": 86.32
				}
			,{
				"<=msec": 8.700
				,"percent": 86.80
				}
			,{
				"<=msec": 8.800
				,"percent": 87.33
				}
			,{
				"<=msec": 8.900
				,"percent": 87.85
				}
			,{
				"<=msec": 9.000
				,"percent": 88.39
				}
			,{
				"<=msec": 9.100
				,"percent": 88.92
				}
			,{
				"<=msec": 9.200
				,"percent": 89.41
				}
			,{
				"<=msec": 9.300
				,"percent": 89.91
				}
			,{
				"<=msec": 9.400
				,"percent": 90.44
				}
			,{
				"<=msec": 9.500
				,"percent": 90.87
				}
			,{
				"<=msec": 9.600
				,"percent": 91.33
				}
			,{
				"<=msec": 9.700
				,"percent": 91.81
				}
			,{
				"<=msec": 9.800
				,"percent": 92.26
				}
			,{
				"<=msec": 9.900
				,"percent": 92.75
				}
			,{
				"<=msec": 10.000
				,"percent": 94.80
				}
			,{
				"<=msec": 11.000
				,"percent": 97.33
				}
			,{
				"<=msec": 12.000
				,"percent": 98.40
				}
			,{
				"<=msec": 13.000
				,"percent": 99.15
				}
			,{
				"<=msec": 14.000
				,"percent": 99.51
				}
			,{
				"<=msec": 15.000
				,"percent": 99.66
				}
			,{
				"<=msec": 16.000
				,"percent": 99.78
				}
			,{
				"<=msec": 17.000
				,"percent": 99.84
				}
			,{
				"<=msec": 18.000
				,"percent": 99.88
				}
			,{
				"<=msec": 19.000
				,"percent": 99.92
				}
			,{
				"<=msec": 20.000
				,"percent": 99.94
				}
			,{
				"<=msec": 21.000
				,"percent": 99.95
				}
			,{
				"<=msec": 24.000
				,"percent": 99.97
				}
			,{
				"<=msec": 26.000
				,"percent": 99.98
				}
			,{
				"<=msec": 29.000
				,"percent": 99.99
				}
			,{
				"<=msec": 30.000
				,"percent": 100.00
				}
			]
		,"GET":[
			{
				"<=msec": 1.300
				,"percent": 0.01
				}
			,{
				"<=msec": 1.500
				,"percent": 0.16
				}
			,{
				"<=msec": 1.600
				,"percent": 0.92
				}
			,{
				"<=msec": 1.700
				,"percent": 2.52
				}
			,{
				"<=msec": 1.800
				,"percent": 5.01
				}
			,{
				"<=msec": 1.900
				,"percent": 8.77
				}
			,{
				"<=msec": 2.000
				,"percent": 13.33
				}
			,{
				"<=msec": 2.100
				,"percent": 18.35
				}
			,{
				"<=msec": 2.200
				,"percent": 24.01
				}
			,{
				"<=msec": 2.300
				,"percent": 29.79
				}
			,{
				"<=msec": 2.400
				,"percent": 35.32
				}
			,{
				"<=msec": 2.500
				,"percent": 40.80
				}
			,{
				"<=msec": 2.600
				,"percent": 46.16
				}
			,{
				"<=msec": 2.700
				,"percent": 51.35
				}
			,{
				"<=msec": 2.800
				,"percent": 55.56
				}
			,{
				"<=msec": 2.900
				,"percent": 59.36
				}
			,{
				"<=msec": 3.000
				,"percent": 62.66
				}
			,{
				"<=msec": 3.100
				,"percent": 65.29
				}
			,{
				"<=msec": 3.200
				,"percent": 67.65
				}
			,{
				"<=msec": 3.300
				,"percent": 69.55
				}
			,{
				"<=msec": 3.400
				,"percent": 71.05
				}
			,{
				"<=msec": 3.500
				,"percent": 72.40
				}
			,{
				"<=msec": 3.600
				,"percent": 73.56
				}
			,{
				"<=msec": 3.700
				,"percent": 74.52
				}
			,{
				"<=msec": 3.800
				,"percent": 75.35
				}
			,{
				"<=msec": 3.900
				,"percent": 75.94
				}
			,{
				"<=msec": 4.000
				,"percent": 76.58
				}
			,{
				"<=msec": 4.100
				,"percent": 77.10
				}
			,{
				"<=msec": 4.200
				,"percent": 77.53
				}
			,{
				"<=msec": 4.300
				,"percent": 77.94
				}
			,{
				"<=msec": 4.400
				,"percent": 78.28
				}
			,{
				"<=msec": 4.500
				,"percent": 78.59
				}
			,{
				"<=msec": 4.600
				,"percent": 78.99
				}
			,{
				"<=msec": 4.700
				,"percent": 79.25
				}
			,{
				"<=msec": 4.800
				,"percent": 79.53
				}
			,{
				"<=msec": 4.900
				,"percent": 79.72
				}
			,{
				"<=msec": 5.000
				,"percent": 80.04
				}
			,{
				"<=msec": 5.100
				,"percent": 80.27
				}
			,{
				"<=msec": 5.200
				,"percent": 80.44
				}
			,{
				"<=msec": 5.300
				,"percent": 80.63
				}
			,{
				"<=msec": 5.400
				,"percent": 80.86
				}
			,{
				"<=msec": 5.500
				,"percent": 81.03
				}
			,{
				"<=msec": 5.600
				,"percent": 81.28
				}
			,{
				"<=msec": 5.700
				,"percent": 81.48
				}
			,{
				"<=msec": 5.800
				,"percent": 81.70
				}
			,{
				"<=msec": 5.900
				,"percent": 81.95
				}
			,{
				"<=msec": 6.000
				,"percent": 82.15
				}
			,{
				"<=msec": 6.100
				,"percent": 82.28
				}
			,{
				"<=msec": 6.200
				,"percent": 82.51
				}
			,{
				"<=msec": 6.300
				,"percent": 82.75
				}
			,{
				"<=msec": 6.400
				,"percent": 82.95
				}
			,{
				"<=msec": 6.500
				,"percent": 83.18
				}
			,{
				"<=msec": 6.600
				,"percent": 83.37
				}
			,{
				"<=msec": 6.700
				,"percent": 83.54
				}
			,{
				"<=msec": 6.800
				,"percent": 83.71
				}
			,{
				"<=msec": 6.900
				,"percent": 83.91
				}
			,{
				"<=msec": 7.000
				,"percent": 84.15
				}
			,{
				"<=msec": 7.100
				,"percent": 84.35
				}
			,{
				"<=msec": 7.200
				,"percent": 84.53
				}
			,{
				"<=msec": 7.300
				,"percent": 84.78
				}
			,{
				"<=msec": 7.400
				,"percent": 84.94
				}
			,{
				"<=msec": 7.500
				,"percent": 85.09
				}
			,{
				"<=msec": 7.600
				,"percent": 85.27
				}
			,{
				"<=msec": 7.700
				,"percent": 85.47
				}
			,{
				"<=msec": 7.800
				,"percent": 85.57
				}
			,{
				"<=msec": 7.900
				,"percent": 85.75
				}
			,{
				"<=msec": 8.000
				,"percent": 85.98
				}
			,{
				"<=msec": 8.100
				,"percent": 86.33
				}
			,{
				"<=msec": 8.200
				,"percent": 86.60
				}
			,{
				"<=msec": 8.300
				,"percent": 86.81
				}
			,{
				"<=msec": 8.400
				,"percent": 87.09
				}
			,{
				"<=msec": 8.500
				,"percent": 87.31
				}
			,{
				"<=msec": 8.600
				,"percent": 87.55
				}
			,{
				"<=msec": 8.700
				,"percent": 87.68
				}
			,{
				"<=msec": 8.800
				,"percent": 87.91
				}
			,{
				"<=msec": 8.900
				,"percent": 88.10
				}
			,{
				"<=msec": 9.000
				,"percent": 88.41
				}
			,{
				"<=msec": 9.100
				,"percent": 88.55
				}
			,{
				"<=msec": 9.200
				,"percent": 88.73
				}
			,{
				"<=msec": 9.300
				,"percent": 88.90
				}
			,{
				"<=msec": 9.400
				,"percent": 89.11
				}
			,{
				"<=msec": 9.500
				,"percent": 89.32
				}
			,{
				"<=msec": 9.600
				,"percent": 89.51
				}
			,{
				"<=msec": 9.700
				,"percent": 89.71
				}
			,{
				"<=msec": 9.800
				,"percent": 89.90
				}
			,{
				"<=msec": 9.900
				,"percent": 90.10
				}
			,{
				"<=msec": 10.000
				,"percent": 91.06
				}
			,{
				"<=msec": 11.000
				,"percent": 93.62
				}
			,{
				"<=msec": 12.000
				,"percent": 96.69
				}
			,{
				"<=msec": 13.000
				,"percent": 98.64
				}
			,{
				"<=msec": 14.000
				,"percent": 99.42
				}
			,{
				"<=msec": 15.000
				,"percent": 99.59
				}
			,{
				"<=msec": 16.000
				,"percent": 99.72
				}
			,{
				"<=msec": 17.000
				,"percent": 99.79
				}
			,{
				"<=msec": 18.000
				,"percent": 99.83
				}
			,{
				"<=msec": 19.000
				,"percent": 99.88
				}
			,{
				"<=msec": 20.000
				,"percent": 99.90
				}
			,{
				"<=msec": 21.000
				,"percent": 99.93
				}
			,{
				"<=msec": 22.000
				,"percent": 99.96
				}
			,{
				"<=msec": 23.000
				,"percent": 99.97
				}
			,{
				"<=msec": 25.000
				,"percent": 99.99
				}
			,{
				"<=msec": 29.000
				,"percent": 100.00
				}
			]
		,"WAIT":[
		]
		}
	}
