{
	"configuration":{
		"server": "10.0.0.9"
		,"port": 11212
		,"unix socket": "(null)"
		,"protocol": "memcache_text"
		,"out_file": "(null)"
		,"client_stats": "(null)"
		,"run_count": 1
		,"debug": 0
		,"requests": 0
		,"clients": 2
		,"threads": 1
		,"test_time": 60
		,"ratio": "1:6"
		,"pipeline": 1
		,"data_size": 4096
		,"data_offset": 0
		,"random_data": "false"
		,"data_size_range": "0:0"
		,"data_size_list": ""
		,"data_size_pattern": "R"
		,"expiry_range": "9999:10000"
		,"data_import": "(null)"
		,"data_verify": "false"
		,"verify_only": "false"
		,"generate_keys": "false"
		,"key_prefix": "memtier-"
		,"key_minimum":           0
		,"key_maximum":        1000
		,"key_pattern": "R:R"
		,"key_stddev": 0.000000
		,"key_median": 0.000000
		,"reconnect_interval": 0
		,"multi_key_get": 6
		,"authenticate": ""
		,"select-db": 0
		,"no-expiry": "false"
		,"wait-ratio": "0:0"
		,"num-slaves": "0:0"
		,"wait-timeout": "0-0"
		}
	,"run information":{
		"Threads": 1
		,"Connections per thread": 2
		,"Seconds": 60
		}
	,"ALL STATS":{
		"Sets":{
			"Ops/sec": 236.80
			,"Hits/sec": 0.00
			,"Misses/sec": 0.00
			,"Latency": 4.22
			,"KB/sec": 956.31
			}
		,"Gets":{
			"Ops/sec": 236.78
			,"Hits/sec": 1420.71
			,"Misses/sec": 0.00
			,"Latency": 4.20
			,"KB/sec": 5740.34
			}
		,"Waits":{
			"Ops/sec": 0.00
			,"Hits/sec": 0.00
			,"Misses/sec": 0.00
			,"Latency": 0.00
			,"KB/sec": 0.00
			}
		,"Totals":{
			"Ops/sec": 473.59
			,"Hits/sec": 1420.71
			,"Misses/sec": 0.00
			,"Latency": 4.21
			,"KB/sec": 6696.65
			}
		,"SET":[
			{
				"<=msec": 1.200
				,"percent": 0.07
				}
			,{
				"<=msec": 1.300
				,"percent": 0.70
				}
			,{
				"<=msec": 1.400
				,"percent": 2.73
				}
			,{
				"<=msec": 1.500
				,"percent": 7.00
				}
			,{
				"<=msec": 1.600
				,"percent": 12.55
				}
			,{
				"<=msec": 1.700
				,"percent": 19.23
				}
			,{
				"<=msec": 1.800
				,"percent": 26.72
				}
			,{
				"<=msec": 1.900
				,"percent": 33.61
				}
			,{
				"<=msec": 2.000
				,"percent": 39.40
				}
			,{
				"<=msec": 2.100
				,"percent": 44.04
				}
			,{
				"<=msec": 2.200
				,"percent": 47.78
				}
			,{
				"<=msec": 2.300
				,"percent": 50.76
				}
			,{
				"<=msec": 2.400
				,"percent": 53.09
				}
			,{
				"<=msec": 2.500
				,"percent": 54.80
				}
			,{
				"<=msec": 2.600
				,"percent": 56.27
				}
			,{
				"<=msec": 2.700
				,"percent": 57.32
				}
			,{
				"<=msec": 2.800
				,"percent": 58.20
				}
			,{
				"<=msec": 2.900
				,"percent": 58.96
				}
			,{
				"<=msec": 3.000
				,"percent": 59.75
				}
			,{
				"<=msec": 3.100
				,"percent": 60.30
				}
			,{
				"<=msec": 3.200
				,"percent": 60.86
				}
			,{
				"<=msec": 3.300
				,"percent": 61.33
				}
			,{
				"<=msec": 3.400
				,"percent": 61.72
				}
			,{
				"<=msec": 3.500
				,"percent": 62.26
				}
			,{
				"<=msec": 3.600
				,"percent": 62.75
				}
			,{
				"<=msec": 3.700
				,"percent": 63.24
				}
			,{
				"<=msec": 3.800
				,"percent": 63.68
				}
			,{
				"<=msec": 3.900
				,"percent": 64.13
				}
			,{
				"<=msec": 4.000
				,"percent": 64.59
				}
			,{
				"<=msec": 4.100
				,"percent": 65.00
				}
			,{
				"<=msec": 4.200
				,"percent": 65.34
				}
			,{
				"<=msec": 4.300
				,"percent": 65.65
				}
			,{
				"<=msec": 4.400
				,"percent": 66.04
				}
			,{
				"<=msec": 4.500
				,"percent": 66.42
				}
			,{
				"<=msec": 4.600
				,"percent": 66.80
				}
			,{
				"<=msec": 4.700
				,"percent": 67.13
				}
			,{
				"<=msec": 4.800
				,"percent": 67.41
				}
			,{
				"<=msec": 4.900
				,"percent": 67.78
				}
			,{
				"<=msec": 5.000
				,"percent": 68.24
				}
			,{
				"<=msec": 5.100
				,"percent": 68.63
				}
			,{
				"<=msec": 5.200
				,"percent": 69.03
				}
			,{
				"<=msec": 5.300
				,"percent": 69.41
				}
			,{
				"<=msec": 5.400
				,"percent": 69.80
				}
			,{
				"<=msec": 5.500
				,"percent": 70.22
				}
			,{
				"<=msec": 5.600
				,"percent": 70.59
				}
			,{
				"<=msec": 5.700
				,"percent": 70.97
				}
			,{
				"<=msec": 5.800
				,"percent": 71.34
				}
			,{
				"<=msec": 5.900
				,"percent": 71.74
				}
			,{
				"<=msec": 6.000
				,"percent": 72.18
				}
			,{
				"<=msec": 6.100
				,"percent": 72.59
				}
			,{
				"<=msec": 6.200
				,"percent": 72.95
				}
			,{
				"<=msec": 6.300
				,"percent": 73.36
				}
			,{
				"<=msec": 6.400
				,"percent": 73.87
				}
			,{
				"<=msec": 6.500
				,"percent": 74.33
				}
			,{
				"<=msec": 6.600
				,"percent": 74.74
				}
			,{
				"<=msec": 6.700
				,"percent": 75.19
				}
			,{
				"<=msec": 6.800
				,"percent": 75.60
				}
			,{
				"<=msec": 6.900
				,"percent": 76.08
				}
			,{
				"<=msec": 7.000
				,"percent": 76.63
				}
			,{
				"<=msec": 7.100
				,"percent": 77.12
				}
			,{
				"<=msec": 7.200
				,"percent": 77.67
				}
			,{
				"<=msec": 7.300
				,"percent": 78.15
				}
			,{
				"<=msec": 7.400
				,"percent": 78.68
				}
			,{
				"<=msec": 7.500
				,"percent": 79.25
				}
			,{
				"<=msec": 7.600
				,"percent": 79.76
				}
			,{
				"<=msec": 7.700
				,"percent": 80.25
				}
			,{
				"<=msec": 7.800
				,"percent": 80.71
				}
			,{
				"<=msec": 7.900
				,"percent": 81.44
				}
			,{
				"<=msec": 8.000
				,"percent": 81.96
				}
			,{
				"<=msec": 8.100
				,"percent": 82.52
				}
			,{
				"<=msec": 8.200
				,"percent": 83.11
				}
			,{
				"<=msec": 8.300
				,"percent": 83.69
				}
			,{
				"<=msec": 8.400
				,"percent": 84.19
				}
			,{
				"<=msec": 8.500
				,"percent": 84.81
				}
			,{
				"<=msec": 8.600
				,"percent": 85.33
				}
			,{
				"<=msec": 8.700
				,"percent": 85.83
				}
			,{
				"<=msec": 8.800
				,"percent": 86.33
				}
			,{
				"<=msec": 8.900
				,"percent": 86.97
				}
			,{
				"<=msec": 9.000
				,"percent": 87.53
				}
			,{
				"<=msec": 9.100
				,"percent": 88.10
				}
			,{
				"<=msec": 9.200
				,"percent": 88.59
				}
			,{
				"<=msec": 9.300
				,"percent": 89.13
				}
			,{
				"<=msec": 9.400
				,"percent": 89.70
				}
			,{
				"<=msec": 9.500
				,"percent": 90.33
				}
			,{
				"<=msec": 9.600
				,"percent": 90.88
				}
			,{
				"<=msec": 9.700
				,"percent": 91.41
				}
			,{
				"<=msec": 9.800
				,"percent": 91.91
				}
			,{
				"<=msec": 9.900
				,"percent": 92.48
				}
			,{
				"<=msec": 10.000
				,"percent": 94.93
				}
			,{
				"<=msec": 11.000
				,"percent": 97.51
				}
			,{
				"<=msec": 12.000
				,"percent": 98.75
				}
			,{
				"<=msec": 13.000
				,"percent": 99.62
				}
			,{
				"<=msec": 14.000
				,"percent": 99.76
				}
			,{
				"<=msec": 15.000
				,"percent": 99.85
				}
			,{
				"<=msec": 16.000
				,"percent": 99.89
				}
			,{
				"<=msec": 17.000
				,"percent": 99.91
				}
			,{
				"<=msec": 18.000
				,"percent": 99.94
				}
			,{
				"<=msec": 20.000
				,"percent": 99.94
				}
			,{
				"<=msec": 21.000
				,"percent": 99.95
				}
			,{
				"<=msec": 26.000
				,"percent": 99.96
				}
			,{
				"<=msec": 27.000
				,"percent": 99.96
				}
			,{
				"<=msec": 28.000
				,"percent": 99.97
				}
			,{
				"<=msec": 29.000
				,"percent": 99.98
				}
			,{
				"<=msec": 34.000
				,"percent": 99.99
				}
			,{
				"<=msec": 36.000
				,"percent": 100.00
				}
			]
		,"GET":[
			{
				"<=msec": 1.400
				,"percent": 0.01
				}
			,{
				"<=msec": 1.500
				,"percent": 0.15
				}
			,{
				"<=msec": 1.600
				,"percent": 0.83
				}
			,{
				"<=msec": 1.700
				,"percent": 2.47
				}
			,{
				"<=msec": 1.800
				,"percent": 4.93
				}
			,{
				"<=msec": 1.900
				,"percent": 8.19
				}
			,{
				"<=msec": 2.000
				,"percent": 12.54
				}
			,{
				"<=msec": 2.100
				,"percent": 17.60
				}
			,{
				"<=msec": 2.200
				,"percent": 23.09
				}
			,{
				"<=msec": 2.300
				,"percent": 28.05
				}
			,{
				"<=msec": 2.400
				,"percent": 33.65
				}
			,{
				"<=msec": 2.500
				,"percent": 39.16
				}
			,{
				"<=msec": 2.600
				,"percent": 44.24
				}
			,{
				"<=msec": 2.700
				,"percent": 49.30
				}
			,{
				"<=msec": 2.800
				,"percent": 53.77
				}
			,{
				"<=msec": 2.900
				,"percent": 57.33
				}
			,{
				"<=msec": 3.000
				,"percent": 60.71
				}
			,{
				"<=msec": 3.100
				,"percent": 63.51
				}
			,{
				"<=msec": 3.200
				,"percent": 66.06
				}
			,{
				"<=msec": 3.300
				,"percent": 68.18
				}
			,{
				"<=msec": 3.400
				,"percent": 69.95
				}
			,{
				"<=msec": 3.500
				,"percent": 71.18
				}
			,{
				"<=msec": 3.600
				,"percent": 72.28
				}
			,{
				"<=msec": 3.700
				,"percent": 73.28
				}
			,{
				"<=msec": 3.800
				,"percent": 73.96
				}
			,{
				"<=msec": 3.900
				,"percent": 74.66
				}
			,{
				"<=msec": 4.000
				,"percent": 75.23
				}
			,{
				"<=msec": 4.100
				,"percent": 75.80
				}
			,{
				"<=msec": 4.200
				,"percent": 76.20
				}
			,{
				"<=msec": 4.300
				,"percent": 76.64
				}
			,{
				"<=msec": 4.400
				,"percent": 77.03
				}
			,{
				"<=msec": 4.500
				,"percent": 77.36
				}
			,{
				"<=msec": 4.600
				,"percent": 77.72
				}
			,{
				"<=msec": 4.700
				,"percent": 77.97
				}
			,{
				"<=msec": 4.800
				,"percent": 78.29
				}
			,{
				"<=msec": 4.900
				,"percent": 78.52
				}
			,{
				"<=msec": 5.000
				,"percent": 78.81
				}
			,{
				"<=msec": 5.100
				,"percent": 79.03
				}
			,{
				"<=msec": 5.200
				,"percent": 79.27
				}
			,{
				"<=msec": 5.300
				,"percent": 79.48
				}
			,{
				"<=msec": 5.400
				,"percent": 79.69
				}
			,{
				"<=msec": 5.500
				,"percent": 79.90
				}
			,{
				"<=msec": 5.600
				,"percent": 80.14
				}
			,{
				"<=msec": 5.700
				,"percent": 80.32
				}
			,{
				"<=msec": 5.800
				,"percent": 80.50
				}
			,{
				"<=msec": 5.900
				,"percent": 80.66
				}
			,{
				"<=msec": 6.000
				,"percent": 80.90
				}
			,{
				"<=msec": 6.100
				,"percent": 81.03
				}
			,{
				"<=msec": 6.200
				,"percent": 81.25
				}
			,{
				"<=msec": 6.300
				,"percent": 81.45
				}
			,{
				"<=msec": 6.400
				,"percent": 81.65
				}
			,{
				"<=msec": 6.500
				,"percent": 81.86
				}
			,{
				"<=msec": 6.600
				,"percent": 82.08
				}
			,{
				"<=msec": 6.700
				,"percent": 82.26
				}
			,{
				"<=msec": 6.800
				,"percent": 82.57
				}
			,{
				"<=msec": 6.900
				,"percent": 82.72
				}
			,{
				"<=msec": 7.000
				,"percent": 82.94
				}
			,{
				"<=msec": 7.100
				,"percent": 83.19
				}
			,{
				"<=msec": 7.200
				,"percent": 83.40
				}
			,{
				"<=msec": 7.300
				,"percent": 83.61
				}
			,{
				"<=msec": 7.400
				,"percent": 83.81
				}
			,{
				"<=msec": 7.500
				,"percent": 84.03
				}
			,{
				"<=msec": 7.600
				,"percent": 84.35
				}
			,{
				"<=msec": 7.700
				,"percent": 84.56
				}
			,{
				"<=msec": 7.800
				,"percent": 84.76
				}
			,{
				"<=msec": 7.900
				,"percent": 84.98
				}
			,{
				"<=msec": 8.000
				,"percent": 85.23
				}
			,{
				"<=msec": 8.100
				,"percent": 85.47
				}
			,{
				"<=msec": 8.200
				,"percent": 85.71
				}
			,{
				"<=msec": 8.300
				,"percent": 85.87
				}
			,{
				"<=msec": 8.400
				,"percent": 86.06
				}
			,{
				"<=msec": 8.500
				,"percent": 86.31
				}
			,{
				"<=msec": 8.600
				,"percent": 86.55
				}
			,{
				"<=msec": 8.700
				,"percent": 86.75
				}
			,{
				"<=msec": 8.800
				,"percent": 86.99
				}
			,{
				"<=msec": 8.900
				,"percent": 87.17
				}
			,{
				"<=msec": 9.000
				,"percent": 87.39
				}
			,{
				"<=msec": 9.100
				,"percent": 87.60
				}
			,{
				"<=msec": 9.200
				,"percent": 87.83
				}
			,{
				"<=msec": 9.300
				,"percent": 87.97
				}
			,{
				"<=msec": 9.400
				,"percent": 88.15
				}
			,{
				"<=msec": 9.500
				,"percent": 88.39
				}
			,{
				"<=msec": 9.600
				,"percent": 88.64
				}
			,{
				"<=msec": 9.700
				,"percent": 88.81
				}
			,{
				"<=msec": 9.800
				,"percent": 88.98
				}
			,{
				"<=msec": 9.900
				,"percent": 89.10
				}
			,{
				"<=msec": 10.000
				,"percent": 90.15
				}
			,{
				"<=msec": 11.000
				,"percent": 92.99
				}
			,{
				"<=msec": 12.000
				,"percent": 96.48
				}
			,{
				"<=msec": 13.000
				,"percent": 98.67
				}
			,{
				"<=msec": 14.000
				,"percent": 99.45
				}
			,{
				"<=msec": 15.000
				,"percent": 99.66
				}
			,{
				"<=msec": 16.000
				,"percent": 99.82
				}
			,{
				"<=msec": 17.000
				,"percent": 99.88
				}
			,{
				"<=msec": 18.000
				,"percent": 99.89
				}
			,{
				"<=msec": 19.000
				,"percent": 99.92
				}
			,{
				"<=msec": 20.000
				,"percent": 99.92
				}
			,{
				"<=msec": 21.000
				,"percent": 99.95
				}
			,{
				"<=msec": 23.000
				,"percent": 99.96
				}
			,{
				"<=msec": 24.000
				,"percent": 99.96
				}
			,{
				"<=msec": 27.000
				,"percent": 99.97
				}
			,{
				"<=msec": 28.000
				,"percent": 99.98
				}
			,{
				"<=msec": 40.000
				,"percent": 99.99
				}
			,{
				"<=msec": 47.000
				,"percent": 99.99
				}
			,{
				"<=msec": 49.000
				,"percent": 100.00
				}
			]
		,"WAIT":[
		]
		}
	}
