{
	"configuration":{
		"server": "10.0.0.9"
		,"port": 11212
		,"unix socket": "(null)"
		,"protocol": "memcache_text"
		,"out_file": "(null)"
		,"client_stats": "(null)"
		,"run_count": 1
		,"debug": 0
		,"requests": 0
		,"clients": 2
		,"threads": 1
		,"test_time": 60
		,"ratio": "1:9"
		,"pipeline": 1
		,"data_size": 4096
		,"data_offset": 0
		,"random_data": "false"
		,"data_size_range": "0:0"
		,"data_size_list": ""
		,"data_size_pattern": "R"
		,"expiry_range": "9999:10000"
		,"data_import": "(null)"
		,"data_verify": "false"
		,"verify_only": "false"
		,"generate_keys": "false"
		,"key_prefix": "memtier-"
		,"key_minimum":           0
		,"key_maximum":        1000
		,"key_pattern": "R:R"
		,"key_stddev": 0.000000
		,"key_median": 0.000000
		,"reconnect_interval": 0
		,"multi_key_get": 9
		,"authenticate": ""
		,"select-db": 0
		,"no-expiry": "false"
		,"wait-ratio": "0:0"
		,"num-slaves": "0:0"
		,"wait-timeout": "0-0"
		}
	,"run information":{
		"Threads": 1
		,"Connections per thread": 2
		,"Seconds": 60
		}
	,"ALL STATS":{
		"Sets":{
			"Ops/sec": 152.66
			,"Hits/sec": 0.00
			,"Misses/sec": 0.00
			,"Latency": 7.12
			,"KB/sec": 616.53
			}
		,"Gets":{
			"Ops/sec": 152.65
			,"Hits/sec": 1373.83
			,"Misses/sec": 0.00
			,"Latency": 5.95
			,"KB/sec": 5550.18
			}
		,"Waits":{
			"Ops/sec": 0.00
			,"Hits/sec": 0.00
			,"Misses/sec": 0.00
			,"Latency": 0.00
			,"KB/sec": 0.00
			}
		,"Totals":{
			"Ops/sec": 305.31
			,"Hits/sec": 1373.83
			,"Misses/sec": 0.00
			,"Latency": 6.54
			,"KB/sec": 6166.71
			}
		,"SET":[
			{
				"<=msec": 1.200
				,"percent": 0.02
				}
			,{
				"<=msec": 1.300
				,"percent": 0.13
				}
			,{
				"<=msec": 1.400
				,"percent": 0.81
				}
			,{
				"<=msec": 1.500
				,"percent": 2.23
				}
			,{
				"<=msec": 1.600
				,"percent": 4.88
				}
			,{
				"<=msec": 1.700
				,"percent": 8.63
				}
			,{
				"<=msec": 1.800
				,"percent": 13.11
				}
			,{
				"<=msec": 1.900
				,"percent": 18.20
				}
			,{
				"<=msec": 2.000
				,"percent": 22.88
				}
			,{
				"<=msec": 2.100
				,"percent": 26.66
				}
			,{
				"<=msec": 2.200
				,"percent": 29.90
				}
			,{
				"<=msec": 2.300
				,"percent": 32.44
				}
			,{
				"<=msec": 2.400
				,"percent": 34.53
				}
			,{
				"<=msec": 2.500
				,"percent": 36.03
				}
			,{
				"<=msec": 2.600
				,"percent": 37.52
				}
			,{
				"<=msec": 2.700
				,"percent": 38.66
				}
			,{
				"<=msec": 2.800
				,"percent": 39.73
				}
			,{
				"<=msec": 2.900
				,"percent": 40.54
				}
			,{
				"<=msec": 3.000
				,"percent": 41.27
				}
			,{
				"<=msec": 3.100
				,"percent": 41.77
				}
			,{
				"<=msec": 3.200
				,"percent": 42.23
				}
			,{
				"<=msec": 3.300
				,"percent": 42.79
				}
			,{
				"<=msec": 3.400
				,"percent": 43.31
				}
			,{
				"<=msec": 3.500
				,"percent": 43.75
				}
			,{
				"<=msec": 3.600
				,"percent": 44.17
				}
			,{
				"<=msec": 3.700
				,"percent": 44.59
				}
			,{
				"<=msec": 3.800
				,"percent": 45.02
				}
			,{
				"<=msec": 3.900
				,"percent": 45.37
				}
			,{
				"<=msec": 4.000
				,"percent": 45.76
				}
			,{
				"<=msec": 4.100
				,"percent": 46.12
				}
			,{
				"<=msec": 4.200
				,"percent": 46.43
				}
			,{
				"<=msec": 4.300
				,"percent": 46.79
				}
			,{
				"<=msec": 4.400
				,"percent": 47.10
				}
			,{
				"<=msec": 4.500
				,"percent": 47.41
				}
			,{
				"<=msec": 4.600
				,"percent": 47.69
				}
			,{
				"<=msec": 4.700
				,"percent": 47.98
				}
			,{
				"<=msec": 4.800
				,"percent": 48.30
				}
			,{
				"<=msec": 4.900
				,"percent": 48.60
				}
			,{
				"<=msec": 5.000
				,"percent": 48.86
				}
			,{
				"<=msec": 5.100
				,"percent": 49.14
				}
			,{
				"<=msec": 5.200
				,"percent": 49.38
				}
			,{
				"<=msec": 5.300
				,"percent": 49.81
				}
			,{
				"<=msec": 5.400
				,"percent": 50.09
				}
			,{
				"<=msec": 5.500
				,"percent": 50.45
				}
			,{
				"<=msec": 5.600
				,"percent": 50.80
				}
			,{
				"<=msec": 5.700
				,"percent": 51.16
				}
			,{
				"<=msec": 5.800
				,"percent": 51.45
				}
			,{
				"<=msec": 5.900
				,"percent": 51.82
				}
			,{
				"<=msec": 6.000
				,"percent": 52.00
				}
			,{
				"<=msec": 6.100
				,"percent": 52.25
				}
			,{
				"<=msec": 6.200
				,"percent": 52.61
				}
			,{
				"<=msec": 6.300
				,"percent": 52.99
				}
			,{
				"<=msec": 6.400
				,"percent": 53.37
				}
			,{
				"<=msec": 6.500
				,"percent": 53.80
				}
			,{
				"<=msec": 6.600
				,"percent": 54.10
				}
			,{
				"<=msec": 6.700
				,"percent": 54.45
				}
			,{
				"<=msec": 6.800
				,"percent": 54.96
				}
			,{
				"<=msec": 6.900
				,"percent": 55.45
				}
			,{
				"<=msec": 7.000
				,"percent": 55.81
				}
			,{
				"<=msec": 7.100
				,"percent": 56.27
				}
			,{
				"<=msec": 7.200
				,"percent": 56.84
				}
			,{
				"<=msec": 7.300
				,"percent": 57.40
				}
			,{
				"<=msec": 7.400
				,"percent": 57.86
				}
			,{
				"<=msec": 7.500
				,"percent": 58.29
				}
			,{
				"<=msec": 7.600
				,"percent": 58.81
				}
			,{
				"<=msec": 7.700
				,"percent": 59.24
				}
			,{
				"<=msec": 7.800
				,"percent": 59.66
				}
			,{
				"<=msec": 7.900
				,"percent": 60.07
				}
			,{
				"<=msec": 8.000
				,"percent": 60.55
				}
			,{
				"<=msec": 8.100
				,"percent": 60.98
				}
			,{
				"<=msec": 8.200
				,"percent": 61.50
				}
			,{
				"<=msec": 8.300
				,"percent": 62.02
				}
			,{
				"<=msec": 8.400
				,"percent": 62.52
				}
			,{
				"<=msec": 8.500
				,"percent": 62.92
				}
			,{
				"<=msec": 8.600
				,"percent": 63.42
				}
			,{
				"<=msec": 8.700
				,"percent": 64.05
				}
			,{
				"<=msec": 8.800
				,"percent": 64.57
				}
			,{
				"<=msec": 8.900
				,"percent": 65.15
				}
			,{
				"<=msec": 9.000
				,"percent": 65.59
				}
			,{
				"<=msec": 9.100
				,"percent": 66.04
				}
			,{
				"<=msec": 9.200
				,"percent": 66.47
				}
			,{
				"<=msec": 9.300
				,"percent": 66.84
				}
			,{
				"<=msec": 9.400
				,"percent": 67.21
				}
			,{
				"<=msec": 9.500
				,"percent": 67.74
				}
			,{
				"<=msec": 9.600
				,"percent": 68.30
				}
			,{
				"<=msec": 9.700
				,"percent": 68.85
				}
			,{
				"<=msec": 9.800
				,"percent": 69.21
				}
			,{
				"<=msec": 9.900
				,"percent": 69.77
				}
			,{
				"<=msec": 10.000
				,"percent": 71.70
				}
			,{
				"<=msec": 11.000
				,"percent": 75.35
				}
			,{
				"<=msec": 12.000
				,"percent": 80.08
				}
			,{
				"<=msec": 13.000
				,"percent": 88.60
				}
			,{
				"<=msec": 14.000
				,"percent": 93.01
				}
			,{
				"<=msec": 15.000
				,"percent": 98.13
				}
			,{
				"<=msec": 16.000
				,"percent": 98.97
				}
			,{
				"<=msec": 17.000
				,"percent": 99.28
				}
			,{
				"<=msec": 18.000
				,"percent": 99.45
				}
			,{
				"<=msec": 19.000
				,"percent": 99.59
				}
			,{
				"<=msec": 20.000
				,"percent": 99.69
				}
			,{
				"<=msec": 21.000
				,"percent": 99.73
				}
			,{
				"<=msec": 22.000
				,"percent": 99.75
				}
			,{
				"<=msec": 23.000
				,"percent": 99.77
				}
			,{
				"<=msec": 24.000
				,"percent": 99.79
				}
			,{
				"<=msec": 25.000
				,"percent": 99.80
				}
			,{
				"<=msec": 26.000
				,"percent": 99.81
				}
			,{
				"<=msec": 41.000
				,"percent": 99.83
				}
			,{
				"<=msec": 42.000
				,"percent": 99.84
				}
			,{
				"<=msec": 71.000
				,"percent": 99.85
				}
			,{
				"<=msec": 72.000
				,"percent": 99.86
				}
			,{
				"<=msec": 74.000
				,"percent": 99.87
				}
			,{
				"<=msec": 75.000
				,"percent": 99.88
				}
			,{
				"<=msec": 76.000
				,"percent": 99.89
				}
			,{
				"<=msec": 77.000
				,"percent": 99.90
				}
			,{
				"<=msec": 110.000
				,"percent": 99.91
				}
			,{
				"<=msec": 130.000
				,"percent": 99.92
				}
			,{
				"<=msec": 220.000
				,"percent": 99.93
				}
			,{
				"<=msec": 260.000
				,"percent": 99.95
				}
			,{
				"<=msec": 370.000
				,"percent": 99.96
				}
			,{
				"<=msec": 430.000
				,"percent": 99.97
				}
			,{
				"<=msec": 460.000
				,"percent": 99.98
				}
			,{
				"<=msec": 570.000
				,"percent": 99.99
				}
			,{
				"<=msec": 690.000
				,"percent": 100.00
				}
			]
		,"GET":[
			{
				"<=msec": 1.600
				,"percent": 0.04
				}
			,{
				"<=msec": 1.700
				,"percent": 0.22
				}
			,{
				"<=msec": 1.800
				,"percent": 0.90
				}
			,{
				"<=msec": 1.900
				,"percent": 2.86
				}
			,{
				"<=msec": 2.000
				,"percent": 5.66
				}
			,{
				"<=msec": 2.100
				,"percent": 10.07
				}
			,{
				"<=msec": 2.200
				,"percent": 14.62
				}
			,{
				"<=msec": 2.300
				,"percent": 19.57
				}
			,{
				"<=msec": 2.400
				,"percent": 24.84
				}
			,{
				"<=msec": 2.500
				,"percent": 29.75
				}
			,{
				"<=msec": 2.600
				,"percent": 34.78
				}
			,{
				"<=msec": 2.700
				,"percent": 39.62
				}
			,{
				"<=msec": 2.800
				,"percent": 44.24
				}
			,{
				"<=msec": 2.900
				,"percent": 48.09
				}
			,{
				"<=msec": 3.000
				,"percent": 51.27
				}
			,{
				"<=msec": 3.100
				,"percent": 54.18
				}
			,{
				"<=msec": 3.200
				,"percent": 56.78
				}
			,{
				"<=msec": 3.300
				,"percent": 59.27
				}
			,{
				"<=msec": 3.400
				,"percent": 61.33
				}
			,{
				"<=msec": 3.500
				,"percent": 62.69
				}
			,{
				"<=msec": 3.600
				,"percent": 63.97
				}
			,{
				"<=msec": 3.700
				,"percent": 64.77
				}
			,{
				"<=msec": 3.800
				,"percent": 65.49
				}
			,{
				"<=msec": 3.900
				,"percent": 66.14
				}
			,{
				"<=msec": 4.000
				,"percent": 66.75
				}
			,{
				"<=msec": 4.100
				,"percent": 67.33
				}
			,{
				"<=msec": 4.200
				,"percent": 67.75
				}
			,{
				"<=msec": 4.300
				,"percent": 68.12
				}
			,{
				"<=msec": 4.400
				,"percent": 68.37
				}
			,{
				"<=msec": 4.500
				,"percent": 68.62
				}
			,{
				"<=msec": 4.600
				,"percent": 68.92
				}
			,{
				"<=msec": 4.700
				,"percent": 69.21
				}
			,{
				"<=msec": 4.800
				,"percent": 69.40
				}
			,{
				"<=msec": 4.900
				,"percent": 69.61
				}
			,{
				"<=msec": 5.000
				,"percent": 69.93
				}
			,{
				"<=msec": 5.100
				,"percent": 70.24
				}
			,{
				"<=msec": 5.200
				,"percent": 70.49
				}
			,{
				"<=msec": 5.300
				,"percent": 70.63
				}
			,{
				"<=msec": 5.400
				,"percent": 70.83
				}
			,{
				"<=msec": 5.500
				,"percent": 71.06
				}
			,{
				"<=msec": 5.600
				,"percent": 71.33
				}
			,{
				"<=msec": 5.700
				,"percent": 71.46
				}
			,{
				"<=msec": 5.800
				,"percent": 71.65
				}
			,{
				"<=msec": 5.900
				,"percent": 71.84
				}
			,{
				"<=msec": 6.000
				,"percent": 72.06
				}
			,{
				"<=msec": 6.100
				,"percent": 72.27
				}
			,{
				"<=msec": 6.200
				,"percent": 72.45
				}
			,{
				"<=msec": 6.300
				,"percent": 72.58
				}
			,{
				"<=msec": 6.400
				,"percent": 72.82
				}
			,{
				"<=msec": 6.500
				,"percent": 73.01
				}
			,{
				"<=msec": 6.600
				,"percent": 73.20
				}
			,{
				"<=msec": 6.700
				,"percent": 73.35
				}
			,{
				"<=msec": 6.800
				,"percent": 73.54
				}
			,{
				"<=msec": 6.900
				,"percent": 73.69
				}
			,{
				"<=msec": 7.000
				,"percent": 73.98
				}
			,{
				"<=msec": 7.100
				,"percent": 74.17
				}
			,{
				"<=msec": 7.200
				,"percent": 74.34
				}
			,{
				"<=msec": 7.300
				,"percent": 74.47
				}
			,{
				"<=msec": 7.400
				,"percent": 74.66
				}
			,{
				"<=msec": 7.500
				,"percent": 74.87
				}
			,{
				"<=msec": 7.600
				,"percent": 74.99
				}
			,{
				"<=msec": 7.700
				,"percent": 75.20
				}
			,{
				"<=msec": 7.800
				,"percent": 75.40
				}
			,{
				"<=msec": 7.900
				,"percent": 75.60
				}
			,{
				"<=msec": 8.000
				,"percent": 75.84
				}
			,{
				"<=msec": 8.100
				,"percent": 76.05
				}
			,{
				"<=msec": 8.200
				,"percent": 76.23
				}
			,{
				"<=msec": 8.300
				,"percent": 76.34
				}
			,{
				"<=msec": 8.400
				,"percent": 76.45
				}
			,{
				"<=msec": 8.500
				,"percent": 76.56
				}
			,{
				"<=msec": 8.600
				,"percent": 76.74
				}
			,{
				"<=msec": 8.700
				,"percent": 76.89
				}
			,{
				"<=msec": 8.800
				,"percent": 77.07
				}
			,{
				"<=msec": 8.900
				,"percent": 77.21
				}
			,{
				"<=msec": 9.000
				,"percent": 77.39
				}
			,{
				"<=msec": 9.100
				,"percent": 77.55
				}
			,{
				"<=msec": 9.200
				,"percent": 77.72
				}
			,{
				"<=msec": 9.300
				,"percent": 77.86
				}
			,{
				"<=msec": 9.400
				,"percent": 78.07
				}
			,{
				"<=msec": 9.500
				,"percent": 78.12
				}
			,{
				"<=msec": 9.600
				,"percent": 78.22
				}
			,{
				"<=msec": 9.700
				,"percent": 78.35
				}
			,{
				"<=msec": 9.800
				,"percent": 78.55
				}
			,{
				"<=msec": 9.900
				,"percent": 78.66
				}
			,{
				"<=msec": 10.000
				,"percent": 79.48
				}
			,{
				"<=msec": 11.000
				,"percent": 81.63
				}
			,{
				"<=msec": 12.000
				,"percent": 84.86
				}
			,{
				"<=msec": 13.000
				,"percent": 87.60
				}
			,{
				"<=msec": 14.000
				,"percent": 89.71
				}
			,{
				"<=msec": 15.000
				,"percent": 90.98
				}
			,{
				"<=msec": 16.000
				,"percent": 96.15
				}
			,{
				"<=msec": 17.000
				,"percent": 97.93
				}
			,{
				"<=msec": 18.000
				,"percent": 98.34
				}
			,{
				"<=msec": 19.000
				,"percent": 98.47
				}
			,{
				"<=msec": 20.000
				,"percent": 98.69
				}
			,{
				"<=msec": 21.000
				,"percent": 98.84
				}
			,{
				"<=msec": 22.000
				,"percent": 99.04
				}
			,{
				"<=msec": 23.000
				,"percent": 99.15
				}
			,{
				"<=msec": 24.000
				,"percent": 99.21
				}
			,{
				"<=msec": 25.000
				,"percent": 99.30
				}
			,{
				"<=msec": 26.000
				,"percent": 99.37
				}
			,{
				"<=msec": 27.000
				,"percent": 99.55
				}
			,{
				"<=msec": 28.000
				,"percent": 99.69
				}
			,{
				"<=msec": 29.000
				,"percent": 99.74
				}
			,{
				"<=msec": 30.000
				,"percent": 99.76
				}
			,{
				"<=msec": 31.000
				,"percent": 99.78
				}
			,{
				"<=msec": 32.000
				,"percent": 99.86
				}
			,{
				"<=msec": 38.000
				,"percent": 99.87
				}
			,{
				"<=msec": 66.000
				,"percent": 99.88
				}
			,{
				"<=msec": 67.000
				,"percent": 99.90
				}
			,{
				"<=msec": 74.000
				,"percent": 99.91
				}
			,{
				"<=msec": 81.000
				,"percent": 99.92
				}
			,{
				"<=msec": 84.000
				,"percent": 99.93
				}
			,{
				"<=msec": 130.000
				,"percent": 99.95
				}
			,{
				"<=msec": 160.000
				,"percent": 99.96
				}
			,{
				"<=msec": 230.000
				,"percent": 99.97
				}
			,{
				"<=msec": 400.000
				,"percent": 99.98
				}
			,{
				"<=msec": 510.000
				,"percent": 99.99
				}
			,{
				"<=msec": 540.000
				,"percent": 100.00
				}
			]
		,"WAIT":[
		]
		}
	}
