{
	"configuration":{
		"server": "10.0.0.9"
		,"port": 11212
		,"unix socket": "(null)"
		,"protocol": "memcache_text"
		,"out_file": "(null)"
		,"client_stats": "(null)"
		,"run_count": 1
		,"debug": 0
		,"requests": 0
		,"clients": 2
		,"threads": 1
		,"test_time": 60
		,"ratio": "1:3"
		,"pipeline": 1
		,"data_size": 4096
		,"data_offset": 0
		,"random_data": "false"
		,"data_size_range": "0:0"
		,"data_size_list": ""
		,"data_size_pattern": "R"
		,"expiry_range": "9999:10000"
		,"data_import": "(null)"
		,"data_verify": "false"
		,"verify_only": "false"
		,"generate_keys": "false"
		,"key_prefix": "memtier-"
		,"key_minimum":           0
		,"key_maximum":        1000
		,"key_pattern": "R:R"
		,"key_stddev": 0.000000
		,"key_median": 0.000000
		,"reconnect_interval": 0
		,"multi_key_get": 3
		,"authenticate": ""
		,"select-db": 0
		,"no-expiry": "false"
		,"wait-ratio": "0:0"
		,"num-slaves": "0:0"
		,"wait-timeout": "0-0"
		}
	,"run information":{
		"Threads": 1
		,"Connections per thread": 2
		,"Seconds": 60
		}
	,"ALL STATS":{
		"Sets":{
			"Ops/sec": 408.49
			,"Hits/sec": 0.00
			,"Misses/sec": 0.00
			,"Latency": 2.56
			,"KB/sec": 1649.69
			}
		,"Gets":{
			"Ops/sec": 408.48
			,"Hits/sec": 1225.43
			,"Misses/sec": 0.00
			,"Latency": 2.31
			,"KB/sec": 4953.32
			}
		,"Waits":{
			"Ops/sec": 0.00
			,"Hits/sec": 0.00
			,"Misses/sec": 0.00
			,"Latency": 0.00
			,"KB/sec": 0.00
			}
		,"Totals":{
			"Ops/sec": 816.97
			,"Hits/sec": 1225.43
			,"Misses/sec": 0.00
			,"Latency": 2.44
			,"KB/sec": 6603.01
			}
		,"SET":[
			{
				"<=msec": 1.100
				,"percent": 0.02
				}
			,{
				"<=msec": 1.200
				,"percent": 0.30
				}
			,{
				"<=msec": 1.300
				,"percent": 2.03
				}
			,{
				"<=msec": 1.400
				,"percent": 6.92
				}
			,{
				"<=msec": 1.500
				,"percent": 14.63
				}
			,{
				"<=msec": 1.600
				,"percent": 24.76
				}
			,{
				"<=msec": 1.700
				,"percent": 35.28
				}
			,{
				"<=msec": 1.800
				,"percent": 44.93
				}
			,{
				"<=msec": 1.900
				,"percent": 52.93
				}
			,{
				"<=msec": 2.000
				,"percent": 59.72
				}
			,{
				"<=msec": 2.100
				,"percent": 65.08
				}
			,{
				"<=msec": 2.200
				,"percent": 69.23
				}
			,{
				"<=msec": 2.300
				,"percent": 72.16
				}
			,{
				"<=msec": 2.400
				,"percent": 74.50
				}
			,{
				"<=msec": 2.500
				,"percent": 76.40
				}
			,{
				"<=msec": 2.600
				,"percent": 78.08
				}
			,{
				"<=msec": 2.700
				,"percent": 79.16
				}
			,{
				"<=msec": 2.800
				,"percent": 80.27
				}
			,{
				"<=msec": 2.900
				,"percent": 81.09
				}
			,{
				"<=msec": 3.000
				,"percent": 82.00
				}
			,{
				"<=msec": 3.100
				,"percent": 82.67
				}
			,{
				"<=msec": 3.200
				,"percent": 83.23
				}
			,{
				"<=msec": 3.300
				,"percent": 83.86
				}
			,{
				"<=msec": 3.400
				,"percent": 84.44
				}
			,{
				"<=msec": 3.500
				,"percent": 84.95
				}
			,{
				"<=msec": 3.600
				,"percent": 85.43
				}
			,{
				"<=msec": 3.700
				,"percent": 85.94
				}
			,{
				"<=msec": 3.800
				,"percent": 86.42
				}
			,{
				"<=msec": 3.900
				,"percent": 86.83
				}
			,{
				"<=msec": 4.000
				,"percent": 87.25
				}
			,{
				"<=msec": 4.100
				,"percent": 87.60
				}
			,{
				"<=msec": 4.200
				,"percent": 87.99
				}
			,{
				"<=msec": 4.300
				,"percent": 88.34
				}
			,{
				"<=msec": 4.400
				,"percent": 88.65
				}
			,{
				"<=msec": 4.500
				,"percent": 88.96
				}
			,{
				"<=msec": 4.600
				,"percent": 89.26
				}
			,{
				"<=msec": 4.700
				,"percent": 89.53
				}
			,{
				"<=msec": 4.800
				,"percent": 89.89
				}
			,{
				"<=msec": 4.900
				,"percent": 90.17
				}
			,{
				"<=msec": 5.000
				,"percent": 90.49
				}
			,{
				"<=msec": 5.100
				,"percent": 90.77
				}
			,{
				"<=msec": 5.200
				,"percent": 91.11
				}
			,{
				"<=msec": 5.300
				,"percent": 91.36
				}
			,{
				"<=msec": 5.400
				,"percent": 91.62
				}
			,{
				"<=msec": 5.500
				,"percent": 91.86
				}
			,{
				"<=msec": 5.600
				,"percent": 92.13
				}
			,{
				"<=msec": 5.700
				,"percent": 92.36
				}
			,{
				"<=msec": 5.800
				,"percent": 92.59
				}
			,{
				"<=msec": 5.900
				,"percent": 92.79
				}
			,{
				"<=msec": 6.000
				,"percent": 93.08
				}
			,{
				"<=msec": 6.100
				,"percent": 93.40
				}
			,{
				"<=msec": 6.200
				,"percent": 93.63
				}
			,{
				"<=msec": 6.300
				,"percent": 93.90
				}
			,{
				"<=msec": 6.400
				,"percent": 94.19
				}
			,{
				"<=msec": 6.500
				,"percent": 94.48
				}
			,{
				"<=msec": 6.600
				,"percent": 94.74
				}
			,{
				"<=msec": 6.700
				,"percent": 95.02
				}
			,{
				"<=msec": 6.800
				,"percent": 95.27
				}
			,{
				"<=msec": 6.900
				,"percent": 95.48
				}
			,{
				"<=msec": 7.000
				,"percent": 95.74
				}
			,{
				"<=msec": 7.100
				,"percent": 96.01
				}
			,{
				"<=msec": 7.200
				,"percent": 96.30
				}
			,{
				"<=msec": 7.300
				,"percent": 96.60
				}
			,{
				"<=msec": 7.400
				,"percent": 96.78
				}
			,{
				"<=msec": 7.500
				,"percent": 96.97
				}
			,{
				"<=msec": 7.600
				,"percent": 97.19
				}
			,{
				"<=msec": 7.700
				,"percent": 97.35
				}
			,{
				"<=msec": 7.800
				,"percent": 97.49
				}
			,{
				"<=msec": 7.900
				,"percent": 97.65
				}
			,{
				"<=msec": 8.000
				,"percent": 97.80
				}
			,{
				"<=msec": 8.100
				,"percent": 97.92
				}
			,{
				"<=msec": 8.200
				,"percent": 98.01
				}
			,{
				"<=msec": 8.300
				,"percent": 98.13
				}
			,{
				"<=msec": 8.400
				,"percent": 98.24
				}
			,{
				"<=msec": 8.500
				,"percent": 98.33
				}
			,{
				"<=msec": 8.600
				,"percent": 98.44
				}
			,{
				"<=msec": 8.700
				,"percent": 98.54
				}
			,{
				"<=msec": 8.800
				,"percent": 98.62
				}
			,{
				"<=msec": 8.900
				,"percent": 98.71
				}
			,{
				"<=msec": 9.000
				,"percent": 98.80
				}
			,{
				"<=msec": 9.100
				,"percent": 98.85
				}
			,{
				"<=msec": 9.200
				,"percent": 98.91
				}
			,{
				"<=msec": 9.300
				,"percent": 98.97
				}
			,{
				"<=msec": 9.400
				,"percent": 99.02
				}
			,{
				"<=msec": 9.500
				,"percent": 99.08
				}
			,{
				"<=msec": 9.600
				,"percent": 99.12
				}
			,{
				"<=msec": 9.700
				,"percent": 99.18
				}
			,{
				"<=msec": 9.800
				,"percent": 99.23
				}
			,{
				"<=msec": 9.900
				,"percent": 99.27
				}
			,{
				"<=msec": 10.000
				,"percent": 99.48
				}
			,{
				"<=msec": 11.000
				,"percent": 99.71
				}
			,{
				"<=msec": 12.000
				,"percent": 99.83
				}
			,{
				"<=msec": 13.000
				,"percent": 99.90
				}
			,{
				"<=msec": 14.000
				,"percent": 99.94
				}
			,{
				"<=msec": 15.000
				,"percent": 99.95
				}
			,{
				"<=msec": 16.000
				,"percent": 99.95
				}
			,{
				"<=msec": 17.000
				,"percent": 99.96
				}
			,{
				"<=msec": 18.000
				,"percent": 99.97
				}
			,{
				"<=msec": 19.000
				,"percent": 99.98
				}
			,{
				"<=msec": 21.000
				,"percent": 99.98
				}
			,{
				"<=msec": 22.000
				,"percent": 99.99
				}
			,{
				"<=msec": 27.000
				,"percent": 100.00
				}
			,{
				"<=msec": 76.000
				,"percent": 100.00
				}
			]
		,"GET":[
			{
				"<=msec": 1.100
				,"percent": 0.02
				}
			,{
				"<=msec": 1.200
				,"percent": 0.14
				}
			,{
				"<=msec": 1.300
				,"percent": 1.02
				}
			,{
				"<=msec": 1.400
				,"percent": 3.79
				}
			,{
				"<=msec": 1.500
				,"percent": 9.52
				}
			,{
				"<=msec": 1.600
				,"percent": 17.63
				}
			,{
				"<=msec": 1.700
				,"percent": 27.79
				}
			,{
				"<=msec": 1.800
				,"percent": 38.43
				}
			,{
				"<=msec": 1.900
				,"percent": 48.17
				}
			,{
				"<=msec": 2.000
				,"percent": 57.12
				}
			,{
				"<=msec": 2.100
				,"percent": 64.61
				}
			,{
				"<=msec": 2.200
				,"percent": 70.76
				}
			,{
				"<=msec": 2.300
				,"percent": 75.58
				}
			,{
				"<=msec": 2.400
				,"percent": 79.06
				}
			,{
				"<=msec": 2.500
				,"percent": 81.91
				}
			,{
				"<=msec": 2.600
				,"percent": 84.09
				}
			,{
				"<=msec": 2.700
				,"percent": 85.89
				}
			,{
				"<=msec": 2.800
				,"percent": 87.29
				}
			,{
				"<=msec": 2.900
				,"percent": 88.44
				}
			,{
				"<=msec": 3.000
				,"percent": 89.41
				}
			,{
				"<=msec": 3.100
				,"percent": 90.13
				}
			,{
				"<=msec": 3.200
				,"percent": 90.73
				}
			,{
				"<=msec": 3.300
				,"percent": 91.28
				}
			,{
				"<=msec": 3.400
				,"percent": 91.79
				}
			,{
				"<=msec": 3.500
				,"percent": 92.26
				}
			,{
				"<=msec": 3.600
				,"percent": 92.65
				}
			,{
				"<=msec": 3.700
				,"percent": 93.01
				}
			,{
				"<=msec": 3.800
				,"percent": 93.26
				}
			,{
				"<=msec": 3.900
				,"percent": 93.55
				}
			,{
				"<=msec": 4.000
				,"percent": 93.81
				}
			,{
				"<=msec": 4.100
				,"percent": 94.06
				}
			,{
				"<=msec": 4.200
				,"percent": 94.30
				}
			,{
				"<=msec": 4.300
				,"percent": 94.52
				}
			,{
				"<=msec": 4.400
				,"percent": 94.75
				}
			,{
				"<=msec": 4.500
				,"percent": 94.96
				}
			,{
				"<=msec": 4.600
				,"percent": 95.12
				}
			,{
				"<=msec": 4.700
				,"percent": 95.28
				}
			,{
				"<=msec": 4.800
				,"percent": 95.43
				}
			,{
				"<=msec": 4.900
				,"percent": 95.58
				}
			,{
				"<=msec": 5.000
				,"percent": 95.74
				}
			,{
				"<=msec": 5.100
				,"percent": 95.91
				}
			,{
				"<=msec": 5.200
				,"percent": 96.00
				}
			,{
				"<=msec": 5.300
				,"percent": 96.11
				}
			,{
				"<=msec": 5.400
				,"percent": 96.21
				}
			,{
				"<=msec": 5.500
				,"percent": 96.36
				}
			,{
				"<=msec": 5.600
				,"percent": 96.45
				}
			,{
				"<=msec": 5.700
				,"percent": 96.58
				}
			,{
				"<=msec": 5.800
				,"percent": 96.71
				}
			,{
				"<=msec": 5.900
				,"percent": 96.79
				}
			,{
				"<=msec": 6.000
				,"percent": 96.89
				}
			,{
				"<=msec": 6.100
				,"percent": 97.02
				}
			,{
				"<=msec": 6.200
				,"percent": 97.16
				}
			,{
				"<=msec": 6.300
				,"percent": 97.27
				}
			,{
				"<=msec": 6.400
				,"percent": 97.37
				}
			,{
				"<=msec": 6.500
				,"percent": 97.49
				}
			,{
				"<=msec": 6.600
				,"percent": 97.61
				}
			,{
				"<=msec": 6.700
				,"percent": 97.74
				}
			,{
				"<=msec": 6.800
				,"percent": 97.84
				}
			,{
				"<=msec": 6.900
				,"percent": 97.98
				}
			,{
				"<=msec": 7.000
				,"percent": 98.10
				}
			,{
				"<=msec": 7.100
				,"percent": 98.24
				}
			,{
				"<=msec": 7.200
				,"percent": 98.36
				}
			,{
				"<=msec": 7.300
				,"percent": 98.46
				}
			,{
				"<=msec": 7.400
				,"percent": 98.53
				}
			,{
				"<=msec": 7.500
				,"percent": 98.61
				}
			,{
				"<=msec": 7.600
				,"percent": 98.69
				}
			,{
				"<=msec": 7.700
				,"percent": 98.78
				}
			,{
				"<=msec": 7.800
				,"percent": 98.85
				}
			,{
				"<=msec": 7.900
				,"percent": 98.92
				}
			,{
				"<=msec": 8.000
				,"percent": 99.00
				}
			,{
				"<=msec": 8.100
				,"percent": 99.08
				}
			,{
				"<=msec": 8.200
				,"percent": 99.12
				}
			,{
				"<=msec": 8.300
				,"percent": 99.17
				}
			,{
				"<=msec": 8.400
				,"percent": 99.21
				}
			,{
				"<=msec": 8.500
				,"percent": 99.22
				}
			,{
				"<=msec": 8.600
				,"percent": 99.25
				}
			,{
				"<=msec": 8.700
				,"percent": 99.28
				}
			,{
				"<=msec": 8.800
				,"percent": 99.35
				}
			,{
				"<=msec": 8.900
				,"percent": 99.36
				}
			,{
				"<=msec": 9.000
				,"percent": 99.40
				}
			,{
				"<=msec": 9.100
				,"percent": 99.42
				}
			,{
				"<=msec": 9.200
				,"percent": 99.43
				}
			,{
				"<=msec": 9.300
				,"percent": 99.45
				}
			,{
				"<=msec": 9.400
				,"percent": 99.48
				}
			,{
				"<=msec": 9.500
				,"percent": 99.48
				}
			,{
				"<=msec": 9.600
				,"percent": 99.50
				}
			,{
				"<=msec": 9.700
				,"percent": 99.51
				}
			,{
				"<=msec": 9.800
				,"percent": 99.53
				}
			,{
				"<=msec": 9.900
				,"percent": 99.56
				}
			,{
				"<=msec": 10.000
				,"percent": 99.69
				}
			,{
				"<=msec": 11.000
				,"percent": 99.81
				}
			,{
				"<=msec": 12.000
				,"percent": 99.87
				}
			,{
				"<=msec": 13.000
				,"percent": 99.91
				}
			,{
				"<=msec": 14.000
				,"percent": 99.93
				}
			,{
				"<=msec": 15.000
				,"percent": 99.96
				}
			,{
				"<=msec": 16.000
				,"percent": 99.96
				}
			,{
				"<=msec": 17.000
				,"percent": 99.97
				}
			,{
				"<=msec": 18.000
				,"percent": 99.98
				}
			,{
				"<=msec": 19.000
				,"percent": 99.98
				}
			,{
				"<=msec": 20.000
				,"percent": 99.98
				}
			,{
				"<=msec": 21.000
				,"percent": 99.99
				}
			,{
				"<=msec": 23.000
				,"percent": 99.99
				}
			,{
				"<=msec": 25.000
				,"percent": 100.00
				}
			,{
				"<=msec": 26.000
				,"percent": 100.00
				}
			]
		,"WAIT":[
		]
		}
	}
