{
	"configuration":{
		"server": "10.0.0.4"
		,"port": 11212
		,"unix socket": "(null)"
		,"protocol": "memcache_text"
		,"out_file": "(null)"
		,"client_stats": "(null)"
		,"run_count": 1
		,"debug": 0
		,"requests": 0
		,"clients": 2
		,"threads": 1
		,"test_time": 60
		,"ratio": "1:9"
		,"pipeline": 1
		,"data_size": 4096
		,"data_offset": 0
		,"random_data": "false"
		,"data_size_range": "0:0"
		,"data_size_list": ""
		,"data_size_pattern": "R"
		,"expiry_range": "9999:10000"
		,"data_import": "(null)"
		,"data_verify": "false"
		,"verify_only": "false"
		,"generate_keys": "false"
		,"key_prefix": "memtier-"
		,"key_minimum":           0
		,"key_maximum":        1000
		,"key_pattern": "R:R"
		,"key_stddev": 0.000000
		,"key_median": 0.000000
		,"reconnect_interval": 0
		,"multi_key_get": 9
		,"authenticate": ""
		,"select-db": 0
		,"no-expiry": "false"
		,"wait-ratio": "0:0"
		,"num-slaves": "0:0"
		,"wait-timeout": "0-0"
		}
	,"run information":{
		"Threads": 1
		,"Connections per thread": 2
		,"Seconds": 60
		}
	,"ALL STATS":{
		"Sets":{
			"Ops/sec": 155.50
			,"Hits/sec": 0.00
			,"Misses/sec": 0.00
			,"Latency": 6.85
			,"KB/sec": 628.00
			}
		,"Gets":{
			"Ops/sec": 155.50
			,"Hits/sec": 1399.54
			,"Misses/sec": 0.00
			,"Latency": 5.98
			,"KB/sec": 5654.06
			}
		,"Waits":{
			"Ops/sec": 0.00
			,"Hits/sec": 0.00
			,"Misses/sec": 0.00
			,"Latency": 0.00
			,"KB/sec": 0.00
			}
		,"Totals":{
			"Ops/sec": 311.01
			,"Hits/sec": 1399.54
			,"Misses/sec": 0.00
			,"Latency": 6.42
			,"KB/sec": 6282.07
			}
		,"SET":[
			{
				"<=msec": 1.500
				,"percent": 0.12
				}
			,{
				"<=msec": 1.600
				,"percent": 0.80
				}
			,{
				"<=msec": 1.700
				,"percent": 2.46
				}
			,{
				"<=msec": 1.800
				,"percent": 5.68
				}
			,{
				"<=msec": 1.900
				,"percent": 10.61
				}
			,{
				"<=msec": 2.000
				,"percent": 16.01
				}
			,{
				"<=msec": 2.100
				,"percent": 21.22
				}
			,{
				"<=msec": 2.200
				,"percent": 25.42
				}
			,{
				"<=msec": 2.300
				,"percent": 28.95
				}
			,{
				"<=msec": 2.400
				,"percent": 31.69
				}
			,{
				"<=msec": 2.500
				,"percent": 33.98
				}
			,{
				"<=msec": 2.600
				,"percent": 35.74
				}
			,{
				"<=msec": 2.700
				,"percent": 37.13
				}
			,{
				"<=msec": 2.800
				,"percent": 38.41
				}
			,{
				"<=msec": 2.900
				,"percent": 39.49
				}
			,{
				"<=msec": 3.000
				,"percent": 40.20
				}
			,{
				"<=msec": 3.100
				,"percent": 40.91
				}
			,{
				"<=msec": 3.200
				,"percent": 41.62
				}
			,{
				"<=msec": 3.300
				,"percent": 42.02
				}
			,{
				"<=msec": 3.400
				,"percent": 42.54
				}
			,{
				"<=msec": 3.500
				,"percent": 43.04
				}
			,{
				"<=msec": 3.600
				,"percent": 43.65
				}
			,{
				"<=msec": 3.700
				,"percent": 44.04
				}
			,{
				"<=msec": 3.800
				,"percent": 44.49
				}
			,{
				"<=msec": 3.900
				,"percent": 44.84
				}
			,{
				"<=msec": 4.000
				,"percent": 45.14
				}
			,{
				"<=msec": 4.100
				,"percent": 45.64
				}
			,{
				"<=msec": 4.200
				,"percent": 46.07
				}
			,{
				"<=msec": 4.300
				,"percent": 46.40
				}
			,{
				"<=msec": 4.400
				,"percent": 46.70
				}
			,{
				"<=msec": 4.500
				,"percent": 46.99
				}
			,{
				"<=msec": 4.600
				,"percent": 47.28
				}
			,{
				"<=msec": 4.700
				,"percent": 47.58
				}
			,{
				"<=msec": 4.800
				,"percent": 47.97
				}
			,{
				"<=msec": 4.900
				,"percent": 48.37
				}
			,{
				"<=msec": 5.000
				,"percent": 48.72
				}
			,{
				"<=msec": 5.100
				,"percent": 49.01
				}
			,{
				"<=msec": 5.200
				,"percent": 49.41
				}
			,{
				"<=msec": 5.300
				,"percent": 49.63
				}
			,{
				"<=msec": 5.400
				,"percent": 49.95
				}
			,{
				"<=msec": 5.500
				,"percent": 50.17
				}
			,{
				"<=msec": 5.600
				,"percent": 50.53
				}
			,{
				"<=msec": 5.700
				,"percent": 50.81
				}
			,{
				"<=msec": 5.800
				,"percent": 51.10
				}
			,{
				"<=msec": 5.900
				,"percent": 51.43
				}
			,{
				"<=msec": 6.000
				,"percent": 51.73
				}
			,{
				"<=msec": 6.100
				,"percent": 52.05
				}
			,{
				"<=msec": 6.200
				,"percent": 52.36
				}
			,{
				"<=msec": 6.300
				,"percent": 52.64
				}
			,{
				"<=msec": 6.400
				,"percent": 52.94
				}
			,{
				"<=msec": 6.500
				,"percent": 53.31
				}
			,{
				"<=msec": 6.600
				,"percent": 53.71
				}
			,{
				"<=msec": 6.700
				,"percent": 54.00
				}
			,{
				"<=msec": 6.800
				,"percent": 54.38
				}
			,{
				"<=msec": 6.900
				,"percent": 54.73
				}
			,{
				"<=msec": 7.000
				,"percent": 55.17
				}
			,{
				"<=msec": 7.100
				,"percent": 55.61
				}
			,{
				"<=msec": 7.200
				,"percent": 56.02
				}
			,{
				"<=msec": 7.300
				,"percent": 56.53
				}
			,{
				"<=msec": 7.400
				,"percent": 56.95
				}
			,{
				"<=msec": 7.500
				,"percent": 57.34
				}
			,{
				"<=msec": 7.600
				,"percent": 57.76
				}
			,{
				"<=msec": 7.700
				,"percent": 58.28
				}
			,{
				"<=msec": 7.800
				,"percent": 58.87
				}
			,{
				"<=msec": 7.900
				,"percent": 59.31
				}
			,{
				"<=msec": 8.000
				,"percent": 59.77
				}
			,{
				"<=msec": 8.100
				,"percent": 60.28
				}
			,{
				"<=msec": 8.200
				,"percent": 60.71
				}
			,{
				"<=msec": 8.300
				,"percent": 61.27
				}
			,{
				"<=msec": 8.400
				,"percent": 61.82
				}
			,{
				"<=msec": 8.500
				,"percent": 62.44
				}
			,{
				"<=msec": 8.600
				,"percent": 62.90
				}
			,{
				"<=msec": 8.700
				,"percent": 63.27
				}
			,{
				"<=msec": 8.800
				,"percent": 63.62
				}
			,{
				"<=msec": 8.900
				,"percent": 64.19
				}
			,{
				"<=msec": 9.000
				,"percent": 64.71
				}
			,{
				"<=msec": 9.100
				,"percent": 65.22
				}
			,{
				"<=msec": 9.200
				,"percent": 65.57
				}
			,{
				"<=msec": 9.300
				,"percent": 66.05
				}
			,{
				"<=msec": 9.400
				,"percent": 66.50
				}
			,{
				"<=msec": 9.500
				,"percent": 67.06
				}
			,{
				"<=msec": 9.600
				,"percent": 67.45
				}
			,{
				"<=msec": 9.700
				,"percent": 67.81
				}
			,{
				"<=msec": 9.800
				,"percent": 68.21
				}
			,{
				"<=msec": 9.900
				,"percent": 68.55
				}
			,{
				"<=msec": 10.000
				,"percent": 70.75
				}
			,{
				"<=msec": 11.000
				,"percent": 74.34
				}
			,{
				"<=msec": 12.000
				,"percent": 80.17
				}
			,{
				"<=msec": 13.000
				,"percent": 89.05
				}
			,{
				"<=msec": 14.000
				,"percent": 93.25
				}
			,{
				"<=msec": 15.000
				,"percent": 98.35
				}
			,{
				"<=msec": 16.000
				,"percent": 99.39
				}
			,{
				"<=msec": 17.000
				,"percent": 99.60
				}
			,{
				"<=msec": 18.000
				,"percent": 99.75
				}
			,{
				"<=msec": 19.000
				,"percent": 99.86
				}
			,{
				"<=msec": 20.000
				,"percent": 99.92
				}
			,{
				"<=msec": 21.000
				,"percent": 99.94
				}
			,{
				"<=msec": 22.000
				,"percent": 99.95
				}
			,{
				"<=msec": 24.000
				,"percent": 99.96
				}
			,{
				"<=msec": 27.000
				,"percent": 99.97
				}
			,{
				"<=msec": 30.000
				,"percent": 99.98
				}
			,{
				"<=msec": 35.000
				,"percent": 99.99
				}
			,{
				"<=msec": 50.000
				,"percent": 100.00
				}
			]
		,"GET":[
			{
				"<=msec": 1.800
				,"percent": 0.02
				}
			,{
				"<=msec": 1.900
				,"percent": 0.46
				}
			,{
				"<=msec": 2.000
				,"percent": 2.24
				}
			,{
				"<=msec": 2.100
				,"percent": 5.41
				}
			,{
				"<=msec": 2.200
				,"percent": 9.69
				}
			,{
				"<=msec": 2.300
				,"percent": 14.96
				}
			,{
				"<=msec": 2.400
				,"percent": 19.83
				}
			,{
				"<=msec": 2.500
				,"percent": 24.57
				}
			,{
				"<=msec": 2.600
				,"percent": 28.90
				}
			,{
				"<=msec": 2.700
				,"percent": 32.84
				}
			,{
				"<=msec": 2.800
				,"percent": 36.78
				}
			,{
				"<=msec": 2.900
				,"percent": 41.05
				}
			,{
				"<=msec": 3.000
				,"percent": 44.75
				}
			,{
				"<=msec": 3.100
				,"percent": 47.98
				}
			,{
				"<=msec": 3.200
				,"percent": 51.17
				}
			,{
				"<=msec": 3.300
				,"percent": 53.97
				}
			,{
				"<=msec": 3.400
				,"percent": 56.70
				}
			,{
				"<=msec": 3.500
				,"percent": 58.43
				}
			,{
				"<=msec": 3.600
				,"percent": 59.98
				}
			,{
				"<=msec": 3.700
				,"percent": 61.32
				}
			,{
				"<=msec": 3.800
				,"percent": 62.63
				}
			,{
				"<=msec": 3.900
				,"percent": 63.62
				}
			,{
				"<=msec": 4.000
				,"percent": 64.55
				}
			,{
				"<=msec": 4.100
				,"percent": 65.24
				}
			,{
				"<=msec": 4.200
				,"percent": 65.76
				}
			,{
				"<=msec": 4.300
				,"percent": 66.31
				}
			,{
				"<=msec": 4.400
				,"percent": 66.82
				}
			,{
				"<=msec": 4.500
				,"percent": 67.28
				}
			,{
				"<=msec": 4.600
				,"percent": 67.71
				}
			,{
				"<=msec": 4.700
				,"percent": 68.01
				}
			,{
				"<=msec": 4.800
				,"percent": 68.31
				}
			,{
				"<=msec": 4.900
				,"percent": 68.61
				}
			,{
				"<=msec": 5.000
				,"percent": 68.91
				}
			,{
				"<=msec": 5.100
				,"percent": 69.24
				}
			,{
				"<=msec": 5.200
				,"percent": 69.48
				}
			,{
				"<=msec": 5.300
				,"percent": 69.72
				}
			,{
				"<=msec": 5.400
				,"percent": 69.95
				}
			,{
				"<=msec": 5.500
				,"percent": 70.27
				}
			,{
				"<=msec": 5.600
				,"percent": 70.51
				}
			,{
				"<=msec": 5.700
				,"percent": 70.71
				}
			,{
				"<=msec": 5.800
				,"percent": 70.96
				}
			,{
				"<=msec": 5.900
				,"percent": 71.12
				}
			,{
				"<=msec": 6.000
				,"percent": 71.28
				}
			,{
				"<=msec": 6.100
				,"percent": 71.46
				}
			,{
				"<=msec": 6.200
				,"percent": 71.66
				}
			,{
				"<=msec": 6.300
				,"percent": 71.98
				}
			,{
				"<=msec": 6.400
				,"percent": 72.15
				}
			,{
				"<=msec": 6.500
				,"percent": 72.34
				}
			,{
				"<=msec": 6.600
				,"percent": 72.54
				}
			,{
				"<=msec": 6.700
				,"percent": 72.73
				}
			,{
				"<=msec": 6.800
				,"percent": 72.91
				}
			,{
				"<=msec": 6.900
				,"percent": 73.06
				}
			,{
				"<=msec": 7.000
				,"percent": 73.22
				}
			,{
				"<=msec": 7.100
				,"percent": 73.38
				}
			,{
				"<=msec": 7.200
				,"percent": 73.58
				}
			,{
				"<=msec": 7.300
				,"percent": 73.66
				}
			,{
				"<=msec": 7.400
				,"percent": 73.79
				}
			,{
				"<=msec": 7.500
				,"percent": 73.98
				}
			,{
				"<=msec": 7.600
				,"percent": 74.13
				}
			,{
				"<=msec": 7.700
				,"percent": 74.23
				}
			,{
				"<=msec": 7.800
				,"percent": 74.32
				}
			,{
				"<=msec": 7.900
				,"percent": 74.44
				}
			,{
				"<=msec": 8.000
				,"percent": 74.63
				}
			,{
				"<=msec": 8.100
				,"percent": 74.74
				}
			,{
				"<=msec": 8.200
				,"percent": 74.82
				}
			,{
				"<=msec": 8.300
				,"percent": 75.00
				}
			,{
				"<=msec": 8.400
				,"percent": 75.12
				}
			,{
				"<=msec": 8.500
				,"percent": 75.27
				}
			,{
				"<=msec": 8.600
				,"percent": 75.49
				}
			,{
				"<=msec": 8.700
				,"percent": 75.63
				}
			,{
				"<=msec": 8.800
				,"percent": 75.77
				}
			,{
				"<=msec": 8.900
				,"percent": 75.93
				}
			,{
				"<=msec": 9.000
				,"percent": 76.00
				}
			,{
				"<=msec": 9.100
				,"percent": 76.14
				}
			,{
				"<=msec": 9.200
				,"percent": 76.35
				}
			,{
				"<=msec": 9.300
				,"percent": 76.50
				}
			,{
				"<=msec": 9.400
				,"percent": 76.63
				}
			,{
				"<=msec": 9.500
				,"percent": 76.71
				}
			,{
				"<=msec": 9.600
				,"percent": 76.81
				}
			,{
				"<=msec": 9.700
				,"percent": 77.04
				}
			,{
				"<=msec": 9.800
				,"percent": 77.14
				}
			,{
				"<=msec": 9.900
				,"percent": 77.27
				}
			,{
				"<=msec": 10.000
				,"percent": 78.06
				}
			,{
				"<=msec": 11.000
				,"percent": 80.53
				}
			,{
				"<=msec": 12.000
				,"percent": 83.60
				}
			,{
				"<=msec": 13.000
				,"percent": 86.49
				}
			,{
				"<=msec": 14.000
				,"percent": 88.40
				}
			,{
				"<=msec": 15.000
				,"percent": 89.55
				}
			,{
				"<=msec": 16.000
				,"percent": 95.08
				}
			,{
				"<=msec": 17.000
				,"percent": 97.81
				}
			,{
				"<=msec": 18.000
				,"percent": 98.39
				}
			,{
				"<=msec": 19.000
				,"percent": 98.65
				}
			,{
				"<=msec": 20.000
				,"percent": 98.83
				}
			,{
				"<=msec": 21.000
				,"percent": 98.94
				}
			,{
				"<=msec": 22.000
				,"percent": 99.04
				}
			,{
				"<=msec": 23.000
				,"percent": 99.15
				}
			,{
				"<=msec": 24.000
				,"percent": 99.20
				}
			,{
				"<=msec": 25.000
				,"percent": 99.27
				}
			,{
				"<=msec": 26.000
				,"percent": 99.37
				}
			,{
				"<=msec": 27.000
				,"percent": 99.58
				}
			,{
				"<=msec": 28.000
				,"percent": 99.72
				}
			,{
				"<=msec": 29.000
				,"percent": 99.80
				}
			,{
				"<=msec": 30.000
				,"percent": 99.81
				}
			,{
				"<=msec": 31.000
				,"percent": 99.84
				}
			,{
				"<=msec": 32.000
				,"percent": 99.95
				}
			,{
				"<=msec": 33.000
				,"percent": 99.97
				}
			,{
				"<=msec": 37.000
				,"percent": 99.98
				}
			,{
				"<=msec": 38.000
				,"percent": 99.99
				}
			,{
				"<=msec": 42.000
				,"percent": 100.00
				}
			]
		,"WAIT":[
		]
		}
	}
