{
	"configuration":{
		"server": "10.0.0.4"
		,"port": 11212
		,"unix socket": "(null)"
		,"protocol": "memcache_text"
		,"out_file": "(null)"
		,"client_stats": "(null)"
		,"run_count": 1
		,"debug": 0
		,"requests": 0
		,"clients": 2
		,"threads": 1
		,"test_time": 60
		,"ratio": "1:6"
		,"pipeline": 1
		,"data_size": 4096
		,"data_offset": 0
		,"random_data": "false"
		,"data_size_range": "0:0"
		,"data_size_list": ""
		,"data_size_pattern": "R"
		,"expiry_range": "9999:10000"
		,"data_import": "(null)"
		,"data_verify": "false"
		,"verify_only": "false"
		,"generate_keys": "false"
		,"key_prefix": "memtier-"
		,"key_minimum":           0
		,"key_maximum":        1000
		,"key_pattern": "R:R"
		,"key_stddev": 0.000000
		,"key_median": 0.000000
		,"reconnect_interval": 0
		,"multi_key_get": 6
		,"authenticate": ""
		,"select-db": 0
		,"no-expiry": "false"
		,"wait-ratio": "0:0"
		,"num-slaves": "0:0"
		,"wait-timeout": "0-0"
		}
	,"run information":{
		"Threads": 1
		,"Connections per thread": 2
		,"Seconds": 60
		}
	,"ALL STATS":{
		"Sets":{
			"Ops/sec": 225.93
			,"Hits/sec": 0.00
			,"Misses/sec": 0.00
			,"Latency": 4.46
			,"KB/sec": 912.39
			}
		,"Gets":{
			"Ops/sec": 225.91
			,"Hits/sec": 1355.45
			,"Misses/sec": 0.00
			,"Latency": 4.36
			,"KB/sec": 5476.66
			}
		,"Waits":{
			"Ops/sec": 0.00
			,"Hits/sec": 0.00
			,"Misses/sec": 0.00
			,"Latency": 0.00
			,"KB/sec": 0.00
			}
		,"Totals":{
			"Ops/sec": 451.83
			,"Hits/sec": 1355.45
			,"Misses/sec": 0.00
			,"Latency": 4.41
			,"KB/sec": 6389.05
			}
		,"SET":[
			{
				"<=msec": 1.400
				,"percent": 0.01
				}
			,{
				"<=msec": 1.500
				,"percent": 0.24
				}
			,{
				"<=msec": 1.600
				,"percent": 1.65
				}
			,{
				"<=msec": 1.700
				,"percent": 5.33
				}
			,{
				"<=msec": 1.800
				,"percent": 11.02
				}
			,{
				"<=msec": 1.900
				,"percent": 17.98
				}
			,{
				"<=msec": 2.000
				,"percent": 25.44
				}
			,{
				"<=msec": 2.100
				,"percent": 32.15
				}
			,{
				"<=msec": 2.200
				,"percent": 37.70
				}
			,{
				"<=msec": 2.300
				,"percent": 42.21
				}
			,{
				"<=msec": 2.400
				,"percent": 45.66
				}
			,{
				"<=msec": 2.500
				,"percent": 48.45
				}
			,{
				"<=msec": 2.600
				,"percent": 50.71
				}
			,{
				"<=msec": 2.700
				,"percent": 52.32
				}
			,{
				"<=msec": 2.800
				,"percent": 53.70
				}
			,{
				"<=msec": 2.900
				,"percent": 54.96
				}
			,{
				"<=msec": 3.000
				,"percent": 56.21
				}
			,{
				"<=msec": 3.100
				,"percent": 57.27
				}
			,{
				"<=msec": 3.200
				,"percent": 58.16
				}
			,{
				"<=msec": 3.300
				,"percent": 58.93
				}
			,{
				"<=msec": 3.400
				,"percent": 59.61
				}
			,{
				"<=msec": 3.500
				,"percent": 60.41
				}
			,{
				"<=msec": 3.600
				,"percent": 60.99
				}
			,{
				"<=msec": 3.700
				,"percent": 61.52
				}
			,{
				"<=msec": 3.800
				,"percent": 61.97
				}
			,{
				"<=msec": 3.900
				,"percent": 62.56
				}
			,{
				"<=msec": 4.000
				,"percent": 63.16
				}
			,{
				"<=msec": 4.100
				,"percent": 63.71
				}
			,{
				"<=msec": 4.200
				,"percent": 64.29
				}
			,{
				"<=msec": 4.300
				,"percent": 64.74
				}
			,{
				"<=msec": 4.400
				,"percent": 65.14
				}
			,{
				"<=msec": 4.500
				,"percent": 65.54
				}
			,{
				"<=msec": 4.600
				,"percent": 65.96
				}
			,{
				"<=msec": 4.700
				,"percent": 66.32
				}
			,{
				"<=msec": 4.800
				,"percent": 66.67
				}
			,{
				"<=msec": 4.900
				,"percent": 67.11
				}
			,{
				"<=msec": 5.000
				,"percent": 67.48
				}
			,{
				"<=msec": 5.100
				,"percent": 67.81
				}
			,{
				"<=msec": 5.200
				,"percent": 68.10
				}
			,{
				"<=msec": 5.300
				,"percent": 68.52
				}
			,{
				"<=msec": 5.400
				,"percent": 68.87
				}
			,{
				"<=msec": 5.500
				,"percent": 69.21
				}
			,{
				"<=msec": 5.600
				,"percent": 69.57
				}
			,{
				"<=msec": 5.700
				,"percent": 69.98
				}
			,{
				"<=msec": 5.800
				,"percent": 70.39
				}
			,{
				"<=msec": 5.900
				,"percent": 70.81
				}
			,{
				"<=msec": 6.000
				,"percent": 71.27
				}
			,{
				"<=msec": 6.100
				,"percent": 71.55
				}
			,{
				"<=msec": 6.200
				,"percent": 71.93
				}
			,{
				"<=msec": 6.300
				,"percent": 72.31
				}
			,{
				"<=msec": 6.400
				,"percent": 72.74
				}
			,{
				"<=msec": 6.500
				,"percent": 73.19
				}
			,{
				"<=msec": 6.600
				,"percent": 73.58
				}
			,{
				"<=msec": 6.700
				,"percent": 74.05
				}
			,{
				"<=msec": 6.800
				,"percent": 74.56
				}
			,{
				"<=msec": 6.900
				,"percent": 75.17
				}
			,{
				"<=msec": 7.000
				,"percent": 75.66
				}
			,{
				"<=msec": 7.100
				,"percent": 76.22
				}
			,{
				"<=msec": 7.200
				,"percent": 76.79
				}
			,{
				"<=msec": 7.300
				,"percent": 77.35
				}
			,{
				"<=msec": 7.400
				,"percent": 77.81
				}
			,{
				"<=msec": 7.500
				,"percent": 78.44
				}
			,{
				"<=msec": 7.600
				,"percent": 79.14
				}
			,{
				"<=msec": 7.700
				,"percent": 79.74
				}
			,{
				"<=msec": 7.800
				,"percent": 80.26
				}
			,{
				"<=msec": 7.900
				,"percent": 80.75
				}
			,{
				"<=msec": 8.000
				,"percent": 81.29
				}
			,{
				"<=msec": 8.100
				,"percent": 81.95
				}
			,{
				"<=msec": 8.200
				,"percent": 82.55
				}
			,{
				"<=msec": 8.300
				,"percent": 83.18
				}
			,{
				"<=msec": 8.400
				,"percent": 83.77
				}
			,{
				"<=msec": 8.500
				,"percent": 84.39
				}
			,{
				"<=msec": 8.600
				,"percent": 84.93
				}
			,{
				"<=msec": 8.700
				,"percent": 85.51
				}
			,{
				"<=msec": 8.800
				,"percent": 86.07
				}
			,{
				"<=msec": 8.900
				,"percent": 86.68
				}
			,{
				"<=msec": 9.000
				,"percent": 87.30
				}
			,{
				"<=msec": 9.100
				,"percent": 87.79
				}
			,{
				"<=msec": 9.200
				,"percent": 88.43
				}
			,{
				"<=msec": 9.300
				,"percent": 88.91
				}
			,{
				"<=msec": 9.400
				,"percent": 89.41
				}
			,{
				"<=msec": 9.500
				,"percent": 89.84
				}
			,{
				"<=msec": 9.600
				,"percent": 90.23
				}
			,{
				"<=msec": 9.700
				,"percent": 90.75
				}
			,{
				"<=msec": 9.800
				,"percent": 91.16
				}
			,{
				"<=msec": 9.900
				,"percent": 91.67
				}
			,{
				"<=msec": 10.000
				,"percent": 93.97
				}
			,{
				"<=msec": 11.000
				,"percent": 96.84
				}
			,{
				"<=msec": 12.000
				,"percent": 98.30
				}
			,{
				"<=msec": 13.000
				,"percent": 99.36
				}
			,{
				"<=msec": 14.000
				,"percent": 99.69
				}
			,{
				"<=msec": 15.000
				,"percent": 99.81
				}
			,{
				"<=msec": 16.000
				,"percent": 99.86
				}
			,{
				"<=msec": 17.000
				,"percent": 99.88
				}
			,{
				"<=msec": 18.000
				,"percent": 99.90
				}
			,{
				"<=msec": 19.000
				,"percent": 99.90
				}
			,{
				"<=msec": 20.000
				,"percent": 99.92
				}
			,{
				"<=msec": 22.000
				,"percent": 99.93
				}
			,{
				"<=msec": 25.000
				,"percent": 99.94
				}
			,{
				"<=msec": 28.000
				,"percent": 99.96
				}
			,{
				"<=msec": 29.000
				,"percent": 99.97
				}
			,{
				"<=msec": 31.000
				,"percent": 99.98
				}
			,{
				"<=msec": 32.000
				,"percent": 99.99
				}
			,{
				"<=msec": 33.000
				,"percent": 100.00
				}
			]
		,"GET":[
			{
				"<=msec": 1.600
				,"percent": 0.04
				}
			,{
				"<=msec": 1.700
				,"percent": 0.46
				}
			,{
				"<=msec": 1.800
				,"percent": 1.86
				}
			,{
				"<=msec": 1.900
				,"percent": 4.47
				}
			,{
				"<=msec": 2.000
				,"percent": 8.48
				}
			,{
				"<=msec": 2.100
				,"percent": 13.29
				}
			,{
				"<=msec": 2.200
				,"percent": 18.52
				}
			,{
				"<=msec": 2.300
				,"percent": 24.10
				}
			,{
				"<=msec": 2.400
				,"percent": 29.65
				}
			,{
				"<=msec": 2.500
				,"percent": 34.97
				}
			,{
				"<=msec": 2.600
				,"percent": 40.27
				}
			,{
				"<=msec": 2.700
				,"percent": 44.98
				}
			,{
				"<=msec": 2.800
				,"percent": 49.13
				}
			,{
				"<=msec": 2.900
				,"percent": 52.95
				}
			,{
				"<=msec": 3.000
				,"percent": 56.44
				}
			,{
				"<=msec": 3.100
				,"percent": 59.42
				}
			,{
				"<=msec": 3.200
				,"percent": 61.95
				}
			,{
				"<=msec": 3.300
				,"percent": 64.29
				}
			,{
				"<=msec": 3.400
				,"percent": 66.24
				}
			,{
				"<=msec": 3.500
				,"percent": 68.03
				}
			,{
				"<=msec": 3.600
				,"percent": 69.29
				}
			,{
				"<=msec": 3.700
				,"percent": 70.41
				}
			,{
				"<=msec": 3.800
				,"percent": 71.48
				}
			,{
				"<=msec": 3.900
				,"percent": 72.34
				}
			,{
				"<=msec": 4.000
				,"percent": 73.07
				}
			,{
				"<=msec": 4.100
				,"percent": 73.61
				}
			,{
				"<=msec": 4.200
				,"percent": 74.23
				}
			,{
				"<=msec": 4.300
				,"percent": 74.70
				}
			,{
				"<=msec": 4.400
				,"percent": 75.09
				}
			,{
				"<=msec": 4.500
				,"percent": 75.55
				}
			,{
				"<=msec": 4.600
				,"percent": 75.95
				}
			,{
				"<=msec": 4.700
				,"percent": 76.33
				}
			,{
				"<=msec": 4.800
				,"percent": 76.69
				}
			,{
				"<=msec": 4.900
				,"percent": 76.95
				}
			,{
				"<=msec": 5.000
				,"percent": 77.21
				}
			,{
				"<=msec": 5.100
				,"percent": 77.57
				}
			,{
				"<=msec": 5.200
				,"percent": 77.88
				}
			,{
				"<=msec": 5.300
				,"percent": 78.16
				}
			,{
				"<=msec": 5.400
				,"percent": 78.50
				}
			,{
				"<=msec": 5.500
				,"percent": 78.69
				}
			,{
				"<=msec": 5.600
				,"percent": 78.97
				}
			,{
				"<=msec": 5.700
				,"percent": 79.20
				}
			,{
				"<=msec": 5.800
				,"percent": 79.45
				}
			,{
				"<=msec": 5.900
				,"percent": 79.67
				}
			,{
				"<=msec": 6.000
				,"percent": 79.93
				}
			,{
				"<=msec": 6.100
				,"percent": 80.21
				}
			,{
				"<=msec": 6.200
				,"percent": 80.46
				}
			,{
				"<=msec": 6.300
				,"percent": 80.61
				}
			,{
				"<=msec": 6.400
				,"percent": 80.79
				}
			,{
				"<=msec": 6.500
				,"percent": 81.01
				}
			,{
				"<=msec": 6.600
				,"percent": 81.22
				}
			,{
				"<=msec": 6.700
				,"percent": 81.45
				}
			,{
				"<=msec": 6.800
				,"percent": 81.70
				}
			,{
				"<=msec": 6.900
				,"percent": 81.90
				}
			,{
				"<=msec": 7.000
				,"percent": 82.13
				}
			,{
				"<=msec": 7.100
				,"percent": 82.30
				}
			,{
				"<=msec": 7.200
				,"percent": 82.57
				}
			,{
				"<=msec": 7.300
				,"percent": 82.77
				}
			,{
				"<=msec": 7.400
				,"percent": 83.00
				}
			,{
				"<=msec": 7.500
				,"percent": 83.22
				}
			,{
				"<=msec": 7.600
				,"percent": 83.40
				}
			,{
				"<=msec": 7.700
				,"percent": 83.63
				}
			,{
				"<=msec": 7.800
				,"percent": 83.76
				}
			,{
				"<=msec": 7.900
				,"percent": 84.00
				}
			,{
				"<=msec": 8.000
				,"percent": 84.25
				}
			,{
				"<=msec": 8.100
				,"percent": 84.43
				}
			,{
				"<=msec": 8.200
				,"percent": 84.61
				}
			,{
				"<=msec": 8.300
				,"percent": 84.83
				}
			,{
				"<=msec": 8.400
				,"percent": 85.04
				}
			,{
				"<=msec": 8.500
				,"percent": 85.24
				}
			,{
				"<=msec": 8.600
				,"percent": 85.50
				}
			,{
				"<=msec": 8.700
				,"percent": 85.71
				}
			,{
				"<=msec": 8.800
				,"percent": 85.97
				}
			,{
				"<=msec": 8.900
				,"percent": 86.22
				}
			,{
				"<=msec": 9.000
				,"percent": 86.40
				}
			,{
				"<=msec": 9.100
				,"percent": 86.68
				}
			,{
				"<=msec": 9.200
				,"percent": 86.86
				}
			,{
				"<=msec": 9.300
				,"percent": 87.12
				}
			,{
				"<=msec": 9.400
				,"percent": 87.28
				}
			,{
				"<=msec": 9.500
				,"percent": 87.50
				}
			,{
				"<=msec": 9.600
				,"percent": 87.71
				}
			,{
				"<=msec": 9.700
				,"percent": 87.93
				}
			,{
				"<=msec": 9.800
				,"percent": 88.12
				}
			,{
				"<=msec": 9.900
				,"percent": 88.31
				}
			,{
				"<=msec": 10.000
				,"percent": 89.59
				}
			,{
				"<=msec": 11.000
				,"percent": 92.87
				}
			,{
				"<=msec": 12.000
				,"percent": 96.19
				}
			,{
				"<=msec": 13.000
				,"percent": 98.44
				}
			,{
				"<=msec": 14.000
				,"percent": 99.32
				}
			,{
				"<=msec": 15.000
				,"percent": 99.54
				}
			,{
				"<=msec": 16.000
				,"percent": 99.76
				}
			,{
				"<=msec": 17.000
				,"percent": 99.82
				}
			,{
				"<=msec": 18.000
				,"percent": 99.87
				}
			,{
				"<=msec": 19.000
				,"percent": 99.90
				}
			,{
				"<=msec": 20.000
				,"percent": 99.95
				}
			,{
				"<=msec": 22.000
				,"percent": 99.96
				}
			,{
				"<=msec": 23.000
				,"percent": 99.96
				}
			,{
				"<=msec": 24.000
				,"percent": 99.99
				}
			,{
				"<=msec": 25.000
				,"percent": 99.99
				}
			,{
				"<=msec": 31.000
				,"percent": 100.00
				}
			]
		,"WAIT":[
		]
		}
	}
