{
	"configuration":{
		"server": "10.0.0.4"
		,"port": 11212
		,"unix socket": "(null)"
		,"protocol": "memcache_text"
		,"out_file": "(null)"
		,"client_stats": "(null)"
		,"run_count": 1
		,"debug": 0
		,"requests": 0
		,"clients": 2
		,"threads": 1
		,"test_time": 60
		,"ratio": "1:6"
		,"pipeline": 1
		,"data_size": 4096
		,"data_offset": 0
		,"random_data": "false"
		,"data_size_range": "0:0"
		,"data_size_list": ""
		,"data_size_pattern": "R"
		,"expiry_range": "9999:10000"
		,"data_import": "(null)"
		,"data_verify": "false"
		,"verify_only": "false"
		,"generate_keys": "false"
		,"key_prefix": "memtier-"
		,"key_minimum":           0
		,"key_maximum":        1000
		,"key_pattern": "R:R"
		,"key_stddev": 0.000000
		,"key_median": 0.000000
		,"reconnect_interval": 0
		,"multi_key_get": 6
		,"authenticate": ""
		,"select-db": 0
		,"no-expiry": "false"
		,"wait-ratio": "0:0"
		,"num-slaves": "0:0"
		,"wait-timeout": "0-0"
		}
	,"run information":{
		"Threads": 1
		,"Connections per thread": 2
		,"Seconds": 60
		}
	,"ALL STATS":{
		"Sets":{
			"Ops/sec": 221.93
			,"Hits/sec": 0.00
			,"Misses/sec": 0.00
			,"Latency": 4.61
			,"KB/sec": 896.25
			}
		,"Gets":{
			"Ops/sec": 221.91
			,"Hits/sec": 1331.47
			,"Misses/sec": 0.00
			,"Latency": 4.37
			,"KB/sec": 5379.75
			}
		,"Waits":{
			"Ops/sec": 0.00
			,"Hits/sec": 0.00
			,"Misses/sec": 0.00
			,"Latency": 0.00
			,"KB/sec": 0.00
			}
		,"Totals":{
			"Ops/sec": 443.84
			,"Hits/sec": 1331.47
			,"Misses/sec": 0.00
			,"Latency": 4.49
			,"KB/sec": 6276.00
			}
		,"SET":[
			{
				"<=msec": 1.400
				,"percent": 0.02
				}
			,{
				"<=msec": 1.500
				,"percent": 0.26
				}
			,{
				"<=msec": 1.600
				,"percent": 1.67
				}
			,{
				"<=msec": 1.700
				,"percent": 5.57
				}
			,{
				"<=msec": 1.800
				,"percent": 11.33
				}
			,{
				"<=msec": 1.900
				,"percent": 17.94
				}
			,{
				"<=msec": 2.000
				,"percent": 24.59
				}
			,{
				"<=msec": 2.100
				,"percent": 29.97
				}
			,{
				"<=msec": 2.200
				,"percent": 34.80
				}
			,{
				"<=msec": 2.300
				,"percent": 38.89
				}
			,{
				"<=msec": 2.400
				,"percent": 41.95
				}
			,{
				"<=msec": 2.500
				,"percent": 44.57
				}
			,{
				"<=msec": 2.600
				,"percent": 46.76
				}
			,{
				"<=msec": 2.700
				,"percent": 48.54
				}
			,{
				"<=msec": 2.800
				,"percent": 50.14
				}
			,{
				"<=msec": 2.900
				,"percent": 51.31
				}
			,{
				"<=msec": 3.000
				,"percent": 52.44
				}
			,{
				"<=msec": 3.100
				,"percent": 53.42
				}
			,{
				"<=msec": 3.200
				,"percent": 54.19
				}
			,{
				"<=msec": 3.300
				,"percent": 55.03
				}
			,{
				"<=msec": 3.400
				,"percent": 55.75
				}
			,{
				"<=msec": 3.500
				,"percent": 56.43
				}
			,{
				"<=msec": 3.600
				,"percent": 57.07
				}
			,{
				"<=msec": 3.700
				,"percent": 57.71
				}
			,{
				"<=msec": 3.800
				,"percent": 58.30
				}
			,{
				"<=msec": 3.900
				,"percent": 58.94
				}
			,{
				"<=msec": 4.000
				,"percent": 59.55
				}
			,{
				"<=msec": 4.100
				,"percent": 60.17
				}
			,{
				"<=msec": 4.200
				,"percent": 60.68
				}
			,{
				"<=msec": 4.300
				,"percent": 61.30
				}
			,{
				"<=msec": 4.400
				,"percent": 61.83
				}
			,{
				"<=msec": 4.500
				,"percent": 62.41
				}
			,{
				"<=msec": 4.600
				,"percent": 62.91
				}
			,{
				"<=msec": 4.700
				,"percent": 63.33
				}
			,{
				"<=msec": 4.800
				,"percent": 63.85
				}
			,{
				"<=msec": 4.900
				,"percent": 64.31
				}
			,{
				"<=msec": 5.000
				,"percent": 64.81
				}
			,{
				"<=msec": 5.100
				,"percent": 65.34
				}
			,{
				"<=msec": 5.200
				,"percent": 65.92
				}
			,{
				"<=msec": 5.300
				,"percent": 66.43
				}
			,{
				"<=msec": 5.400
				,"percent": 67.01
				}
			,{
				"<=msec": 5.500
				,"percent": 67.47
				}
			,{
				"<=msec": 5.600
				,"percent": 67.97
				}
			,{
				"<=msec": 5.700
				,"percent": 68.55
				}
			,{
				"<=msec": 5.800
				,"percent": 69.06
				}
			,{
				"<=msec": 5.900
				,"percent": 69.51
				}
			,{
				"<=msec": 6.000
				,"percent": 70.04
				}
			,{
				"<=msec": 6.100
				,"percent": 70.46
				}
			,{
				"<=msec": 6.200
				,"percent": 71.02
				}
			,{
				"<=msec": 6.300
				,"percent": 71.54
				}
			,{
				"<=msec": 6.400
				,"percent": 72.08
				}
			,{
				"<=msec": 6.500
				,"percent": 72.67
				}
			,{
				"<=msec": 6.600
				,"percent": 73.16
				}
			,{
				"<=msec": 6.700
				,"percent": 73.79
				}
			,{
				"<=msec": 6.800
				,"percent": 74.43
				}
			,{
				"<=msec": 6.900
				,"percent": 75.01
				}
			,{
				"<=msec": 7.000
				,"percent": 75.62
				}
			,{
				"<=msec": 7.100
				,"percent": 76.20
				}
			,{
				"<=msec": 7.200
				,"percent": 76.87
				}
			,{
				"<=msec": 7.300
				,"percent": 77.59
				}
			,{
				"<=msec": 7.400
				,"percent": 78.28
				}
			,{
				"<=msec": 7.500
				,"percent": 78.93
				}
			,{
				"<=msec": 7.600
				,"percent": 79.68
				}
			,{
				"<=msec": 7.700
				,"percent": 80.22
				}
			,{
				"<=msec": 7.800
				,"percent": 80.82
				}
			,{
				"<=msec": 7.900
				,"percent": 81.34
				}
			,{
				"<=msec": 8.000
				,"percent": 81.82
				}
			,{
				"<=msec": 8.100
				,"percent": 82.36
				}
			,{
				"<=msec": 8.200
				,"percent": 82.86
				}
			,{
				"<=msec": 8.300
				,"percent": 83.29
				}
			,{
				"<=msec": 8.400
				,"percent": 83.77
				}
			,{
				"<=msec": 8.500
				,"percent": 84.31
				}
			,{
				"<=msec": 8.600
				,"percent": 84.94
				}
			,{
				"<=msec": 8.700
				,"percent": 85.61
				}
			,{
				"<=msec": 8.800
				,"percent": 86.02
				}
			,{
				"<=msec": 8.900
				,"percent": 86.59
				}
			,{
				"<=msec": 9.000
				,"percent": 87.08
				}
			,{
				"<=msec": 9.100
				,"percent": 87.65
				}
			,{
				"<=msec": 9.200
				,"percent": 88.20
				}
			,{
				"<=msec": 9.300
				,"percent": 88.70
				}
			,{
				"<=msec": 9.400
				,"percent": 89.22
				}
			,{
				"<=msec": 9.500
				,"percent": 89.66
				}
			,{
				"<=msec": 9.600
				,"percent": 90.13
				}
			,{
				"<=msec": 9.700
				,"percent": 90.56
				}
			,{
				"<=msec": 9.800
				,"percent": 90.94
				}
			,{
				"<=msec": 9.900
				,"percent": 91.37
				}
			,{
				"<=msec": 10.000
				,"percent": 93.43
				}
			,{
				"<=msec": 11.000
				,"percent": 96.00
				}
			,{
				"<=msec": 12.000
				,"percent": 97.66
				}
			,{
				"<=msec": 13.000
				,"percent": 99.10
				}
			,{
				"<=msec": 14.000
				,"percent": 99.47
				}
			,{
				"<=msec": 15.000
				,"percent": 99.65
				}
			,{
				"<=msec": 16.000
				,"percent": 99.74
				}
			,{
				"<=msec": 17.000
				,"percent": 99.80
				}
			,{
				"<=msec": 18.000
				,"percent": 99.83
				}
			,{
				"<=msec": 19.000
				,"percent": 99.87
				}
			,{
				"<=msec": 20.000
				,"percent": 99.92
				}
			,{
				"<=msec": 21.000
				,"percent": 99.94
				}
			,{
				"<=msec": 22.000
				,"percent": 99.95
				}
			,{
				"<=msec": 23.000
				,"percent": 99.95
				}
			,{
				"<=msec": 24.000
				,"percent": 99.97
				}
			,{
				"<=msec": 25.000
				,"percent": 99.98
				}
			,{
				"<=msec": 26.000
				,"percent": 99.99
				}
			,{
				"<=msec": 27.000
				,"percent": 100.00
				}
			]
		,"GET":[
			{
				"<=msec": 1.500
				,"percent": 0.01
				}
			,{
				"<=msec": 1.600
				,"percent": 0.07
				}
			,{
				"<=msec": 1.700
				,"percent": 0.39
				}
			,{
				"<=msec": 1.800
				,"percent": 2.16
				}
			,{
				"<=msec": 1.900
				,"percent": 5.45
				}
			,{
				"<=msec": 2.000
				,"percent": 9.65
				}
			,{
				"<=msec": 2.100
				,"percent": 14.82
				}
			,{
				"<=msec": 2.200
				,"percent": 20.30
				}
			,{
				"<=msec": 2.300
				,"percent": 25.69
				}
			,{
				"<=msec": 2.400
				,"percent": 30.88
				}
			,{
				"<=msec": 2.500
				,"percent": 35.57
				}
			,{
				"<=msec": 2.600
				,"percent": 40.51
				}
			,{
				"<=msec": 2.700
				,"percent": 45.37
				}
			,{
				"<=msec": 2.800
				,"percent": 49.56
				}
			,{
				"<=msec": 2.900
				,"percent": 52.89
				}
			,{
				"<=msec": 3.000
				,"percent": 56.12
				}
			,{
				"<=msec": 3.100
				,"percent": 58.95
				}
			,{
				"<=msec": 3.200
				,"percent": 61.40
				}
			,{
				"<=msec": 3.300
				,"percent": 63.47
				}
			,{
				"<=msec": 3.400
				,"percent": 65.27
				}
			,{
				"<=msec": 3.500
				,"percent": 66.73
				}
			,{
				"<=msec": 3.600
				,"percent": 68.16
				}
			,{
				"<=msec": 3.700
				,"percent": 69.23
				}
			,{
				"<=msec": 3.800
				,"percent": 70.23
				}
			,{
				"<=msec": 3.900
				,"percent": 71.30
				}
			,{
				"<=msec": 4.000
				,"percent": 72.10
				}
			,{
				"<=msec": 4.100
				,"percent": 72.70
				}
			,{
				"<=msec": 4.200
				,"percent": 73.30
				}
			,{
				"<=msec": 4.300
				,"percent": 73.94
				}
			,{
				"<=msec": 4.400
				,"percent": 74.45
				}
			,{
				"<=msec": 4.500
				,"percent": 74.95
				}
			,{
				"<=msec": 4.600
				,"percent": 75.29
				}
			,{
				"<=msec": 4.700
				,"percent": 75.71
				}
			,{
				"<=msec": 4.800
				,"percent": 76.06
				}
			,{
				"<=msec": 4.900
				,"percent": 76.41
				}
			,{
				"<=msec": 5.000
				,"percent": 76.71
				}
			,{
				"<=msec": 5.100
				,"percent": 77.07
				}
			,{
				"<=msec": 5.200
				,"percent": 77.45
				}
			,{
				"<=msec": 5.300
				,"percent": 77.72
				}
			,{
				"<=msec": 5.400
				,"percent": 78.08
				}
			,{
				"<=msec": 5.500
				,"percent": 78.32
				}
			,{
				"<=msec": 5.600
				,"percent": 78.58
				}
			,{
				"<=msec": 5.700
				,"percent": 78.88
				}
			,{
				"<=msec": 5.800
				,"percent": 79.06
				}
			,{
				"<=msec": 5.900
				,"percent": 79.36
				}
			,{
				"<=msec": 6.000
				,"percent": 79.61
				}
			,{
				"<=msec": 6.100
				,"percent": 79.94
				}
			,{
				"<=msec": 6.200
				,"percent": 80.18
				}
			,{
				"<=msec": 6.300
				,"percent": 80.51
				}
			,{
				"<=msec": 6.400
				,"percent": 80.81
				}
			,{
				"<=msec": 6.500
				,"percent": 81.02
				}
			,{
				"<=msec": 6.600
				,"percent": 81.22
				}
			,{
				"<=msec": 6.700
				,"percent": 81.50
				}
			,{
				"<=msec": 6.800
				,"percent": 81.73
				}
			,{
				"<=msec": 6.900
				,"percent": 81.96
				}
			,{
				"<=msec": 7.000
				,"percent": 82.23
				}
			,{
				"<=msec": 7.100
				,"percent": 82.47
				}
			,{
				"<=msec": 7.200
				,"percent": 82.69
				}
			,{
				"<=msec": 7.300
				,"percent": 82.86
				}
			,{
				"<=msec": 7.400
				,"percent": 83.08
				}
			,{
				"<=msec": 7.500
				,"percent": 83.32
				}
			,{
				"<=msec": 7.600
				,"percent": 83.61
				}
			,{
				"<=msec": 7.700
				,"percent": 83.86
				}
			,{
				"<=msec": 7.800
				,"percent": 84.11
				}
			,{
				"<=msec": 7.900
				,"percent": 84.38
				}
			,{
				"<=msec": 8.000
				,"percent": 84.66
				}
			,{
				"<=msec": 8.100
				,"percent": 84.94
				}
			,{
				"<=msec": 8.200
				,"percent": 85.09
				}
			,{
				"<=msec": 8.300
				,"percent": 85.27
				}
			,{
				"<=msec": 8.400
				,"percent": 85.54
				}
			,{
				"<=msec": 8.500
				,"percent": 85.73
				}
			,{
				"<=msec": 8.600
				,"percent": 85.96
				}
			,{
				"<=msec": 8.700
				,"percent": 86.23
				}
			,{
				"<=msec": 8.800
				,"percent": 86.39
				}
			,{
				"<=msec": 8.900
				,"percent": 86.62
				}
			,{
				"<=msec": 9.000
				,"percent": 86.84
				}
			,{
				"<=msec": 9.100
				,"percent": 87.02
				}
			,{
				"<=msec": 9.200
				,"percent": 87.28
				}
			,{
				"<=msec": 9.300
				,"percent": 87.44
				}
			,{
				"<=msec": 9.400
				,"percent": 87.69
				}
			,{
				"<=msec": 9.500
				,"percent": 87.85
				}
			,{
				"<=msec": 9.600
				,"percent": 88.07
				}
			,{
				"<=msec": 9.700
				,"percent": 88.28
				}
			,{
				"<=msec": 9.800
				,"percent": 88.45
				}
			,{
				"<=msec": 9.900
				,"percent": 88.69
				}
			,{
				"<=msec": 10.000
				,"percent": 89.90
				}
			,{
				"<=msec": 11.000
				,"percent": 92.91
				}
			,{
				"<=msec": 12.000
				,"percent": 96.14
				}
			,{
				"<=msec": 13.000
				,"percent": 98.13
				}
			,{
				"<=msec": 14.000
				,"percent": 99.05
				}
			,{
				"<=msec": 15.000
				,"percent": 99.35
				}
			,{
				"<=msec": 16.000
				,"percent": 99.62
				}
			,{
				"<=msec": 17.000
				,"percent": 99.74
				}
			,{
				"<=msec": 18.000
				,"percent": 99.82
				}
			,{
				"<=msec": 19.000
				,"percent": 99.89
				}
			,{
				"<=msec": 20.000
				,"percent": 99.94
				}
			,{
				"<=msec": 21.000
				,"percent": 99.95
				}
			,{
				"<=msec": 23.000
				,"percent": 99.96
				}
			,{
				"<=msec": 24.000
				,"percent": 99.98
				}
			,{
				"<=msec": 28.000
				,"percent": 99.99
				}
			,{
				"<=msec": 39.000
				,"percent": 100.00
				}
			]
		,"WAIT":[
		]
		}
	}
