{
	"configuration":{
		"server": "10.0.0.4"
		,"port": 11212
		,"unix socket": "(null)"
		,"protocol": "memcache_text"
		,"out_file": "(null)"
		,"client_stats": "(null)"
		,"run_count": 1
		,"debug": 0
		,"requests": 0
		,"clients": 2
		,"threads": 1
		,"test_time": 60
		,"ratio": "1:1"
		,"pipeline": 1
		,"data_size": 4096
		,"data_offset": 0
		,"random_data": "false"
		,"data_size_range": "0:0"
		,"data_size_list": ""
		,"data_size_pattern": "R"
		,"expiry_range": "9999:10000"
		,"data_import": "(null)"
		,"data_verify": "false"
		,"verify_only": "false"
		,"generate_keys": "false"
		,"key_prefix": "memtier-"
		,"key_minimum":           0
		,"key_maximum":        1000
		,"key_pattern": "R:R"
		,"key_stddev": 0.000000
		,"key_median": 0.000000
		,"reconnect_interval": 0
		,"multi_key_get": 1
		,"authenticate": ""
		,"select-db": 0
		,"no-expiry": "false"
		,"wait-ratio": "0:0"
		,"num-slaves": "0:0"
		,"wait-timeout": "0-0"
		}
	,"run information":{
		"Threads": 1
		,"Connections per thread": 2
		,"Seconds": 60
		}
	,"ALL STATS":{
		"Sets":{
			"Ops/sec": 407.02
			,"Hits/sec": 0.00
			,"Misses/sec": 0.00
			,"Latency": 2.75
			,"KB/sec": 1643.76
			}
		,"Gets":{
			"Ops/sec": 406.99
			,"Hits/sec": 406.99
			,"Misses/sec": 0.00
			,"Latency": 2.14
			,"KB/sec": 1647.75
			}
		,"Waits":{
			"Ops/sec": 0.00
			,"Hits/sec": 0.00
			,"Misses/sec": 0.00
			,"Latency": 0.00
			,"KB/sec": 0.00
			}
		,"Totals":{
			"Ops/sec": 814.02
			,"Hits/sec": 406.99
			,"Misses/sec": 0.00
			,"Latency": 2.45
			,"KB/sec": 3291.51
			}
		,"SET":[
			{
				"<=msec": 1.300
				,"percent": 0.00
				}
			,{
				"<=msec": 1.400
				,"percent": 0.13
				}
			,{
				"<=msec": 1.500
				,"percent": 1.66
				}
			,{
				"<=msec": 1.600
				,"percent": 6.18
				}
			,{
				"<=msec": 1.700
				,"percent": 14.78
				}
			,{
				"<=msec": 1.800
				,"percent": 25.83
				}
			,{
				"<=msec": 1.900
				,"percent": 36.65
				}
			,{
				"<=msec": 2.000
				,"percent": 46.25
				}
			,{
				"<=msec": 2.100
				,"percent": 54.01
				}
			,{
				"<=msec": 2.200
				,"percent": 60.17
				}
			,{
				"<=msec": 2.300
				,"percent": 65.02
				}
			,{
				"<=msec": 2.400
				,"percent": 68.75
				}
			,{
				"<=msec": 2.500
				,"percent": 71.51
				}
			,{
				"<=msec": 2.600
				,"percent": 73.96
				}
			,{
				"<=msec": 2.700
				,"percent": 76.01
				}
			,{
				"<=msec": 2.800
				,"percent": 77.48
				}
			,{
				"<=msec": 2.900
				,"percent": 78.84
				}
			,{
				"<=msec": 3.000
				,"percent": 79.97
				}
			,{
				"<=msec": 3.100
				,"percent": 80.97
				}
			,{
				"<=msec": 3.200
				,"percent": 81.91
				}
			,{
				"<=msec": 3.300
				,"percent": 82.78
				}
			,{
				"<=msec": 3.400
				,"percent": 83.56
				}
			,{
				"<=msec": 3.500
				,"percent": 84.18
				}
			,{
				"<=msec": 3.600
				,"percent": 84.81
				}
			,{
				"<=msec": 3.700
				,"percent": 85.46
				}
			,{
				"<=msec": 3.800
				,"percent": 85.98
				}
			,{
				"<=msec": 3.900
				,"percent": 86.52
				}
			,{
				"<=msec": 4.000
				,"percent": 86.97
				}
			,{
				"<=msec": 4.100
				,"percent": 87.39
				}
			,{
				"<=msec": 4.200
				,"percent": 87.85
				}
			,{
				"<=msec": 4.300
				,"percent": 88.27
				}
			,{
				"<=msec": 4.400
				,"percent": 88.62
				}
			,{
				"<=msec": 4.500
				,"percent": 88.97
				}
			,{
				"<=msec": 4.600
				,"percent": 89.28
				}
			,{
				"<=msec": 4.700
				,"percent": 89.61
				}
			,{
				"<=msec": 4.800
				,"percent": 89.87
				}
			,{
				"<=msec": 4.900
				,"percent": 90.19
				}
			,{
				"<=msec": 5.000
				,"percent": 90.52
				}
			,{
				"<=msec": 5.100
				,"percent": 90.76
				}
			,{
				"<=msec": 5.200
				,"percent": 91.11
				}
			,{
				"<=msec": 5.300
				,"percent": 91.40
				}
			,{
				"<=msec": 5.400
				,"percent": 91.65
				}
			,{
				"<=msec": 5.500
				,"percent": 91.92
				}
			,{
				"<=msec": 5.600
				,"percent": 92.11
				}
			,{
				"<=msec": 5.700
				,"percent": 92.40
				}
			,{
				"<=msec": 5.800
				,"percent": 92.63
				}
			,{
				"<=msec": 5.900
				,"percent": 92.86
				}
			,{
				"<=msec": 6.000
				,"percent": 93.15
				}
			,{
				"<=msec": 6.100
				,"percent": 93.40
				}
			,{
				"<=msec": 6.200
				,"percent": 93.64
				}
			,{
				"<=msec": 6.300
				,"percent": 93.96
				}
			,{
				"<=msec": 6.400
				,"percent": 94.15
				}
			,{
				"<=msec": 6.500
				,"percent": 94.44
				}
			,{
				"<=msec": 6.600
				,"percent": 94.62
				}
			,{
				"<=msec": 6.700
				,"percent": 94.82
				}
			,{
				"<=msec": 6.800
				,"percent": 95.06
				}
			,{
				"<=msec": 6.900
				,"percent": 95.29
				}
			,{
				"<=msec": 7.000
				,"percent": 95.52
				}
			,{
				"<=msec": 7.100
				,"percent": 95.72
				}
			,{
				"<=msec": 7.200
				,"percent": 95.96
				}
			,{
				"<=msec": 7.300
				,"percent": 96.20
				}
			,{
				"<=msec": 7.400
				,"percent": 96.43
				}
			,{
				"<=msec": 7.500
				,"percent": 96.67
				}
			,{
				"<=msec": 7.600
				,"percent": 96.88
				}
			,{
				"<=msec": 7.700
				,"percent": 97.14
				}
			,{
				"<=msec": 7.800
				,"percent": 97.32
				}
			,{
				"<=msec": 7.900
				,"percent": 97.53
				}
			,{
				"<=msec": 8.000
				,"percent": 97.70
				}
			,{
				"<=msec": 8.100
				,"percent": 97.84
				}
			,{
				"<=msec": 8.200
				,"percent": 97.97
				}
			,{
				"<=msec": 8.300
				,"percent": 98.10
				}
			,{
				"<=msec": 8.400
				,"percent": 98.21
				}
			,{
				"<=msec": 8.500
				,"percent": 98.37
				}
			,{
				"<=msec": 8.600
				,"percent": 98.49
				}
			,{
				"<=msec": 8.700
				,"percent": 98.55
				}
			,{
				"<=msec": 8.800
				,"percent": 98.62
				}
			,{
				"<=msec": 8.900
				,"percent": 98.69
				}
			,{
				"<=msec": 9.000
				,"percent": 98.73
				}
			,{
				"<=msec": 9.100
				,"percent": 98.78
				}
			,{
				"<=msec": 9.200
				,"percent": 98.87
				}
			,{
				"<=msec": 9.300
				,"percent": 98.91
				}
			,{
				"<=msec": 9.400
				,"percent": 98.94
				}
			,{
				"<=msec": 9.500
				,"percent": 98.98
				}
			,{
				"<=msec": 9.600
				,"percent": 99.02
				}
			,{
				"<=msec": 9.700
				,"percent": 99.05
				}
			,{
				"<=msec": 9.800
				,"percent": 99.10
				}
			,{
				"<=msec": 9.900
				,"percent": 99.15
				}
			,{
				"<=msec": 10.000
				,"percent": 99.32
				}
			,{
				"<=msec": 11.000
				,"percent": 99.61
				}
			,{
				"<=msec": 12.000
				,"percent": 99.73
				}
			,{
				"<=msec": 13.000
				,"percent": 99.82
				}
			,{
				"<=msec": 14.000
				,"percent": 99.86
				}
			,{
				"<=msec": 15.000
				,"percent": 99.88
				}
			,{
				"<=msec": 16.000
				,"percent": 99.89
				}
			,{
				"<=msec": 17.000
				,"percent": 99.92
				}
			,{
				"<=msec": 18.000
				,"percent": 99.93
				}
			,{
				"<=msec": 19.000
				,"percent": 99.93
				}
			,{
				"<=msec": 20.000
				,"percent": 99.95
				}
			,{
				"<=msec": 21.000
				,"percent": 99.95
				}
			,{
				"<=msec": 22.000
				,"percent": 99.96
				}
			,{
				"<=msec": 23.000
				,"percent": 99.96
				}
			,{
				"<=msec": 24.000
				,"percent": 99.97
				}
			,{
				"<=msec": 25.000
				,"percent": 99.98
				}
			,{
				"<=msec": 26.000
				,"percent": 99.98
				}
			,{
				"<=msec": 27.000
				,"percent": 99.99
				}
			,{
				"<=msec": 34.000
				,"percent": 99.99
				}
			,{
				"<=msec": 36.000
				,"percent": 100.00
				}
			,{
				"<=msec": 210.000
				,"percent": 100.00
				}
			]
		,"GET":[
			{
				"<=msec": 1.100
				,"percent": 0.00
				}
			,{
				"<=msec": 1.200
				,"percent": 0.09
				}
			,{
				"<=msec": 1.300
				,"percent": 1.48
				}
			,{
				"<=msec": 1.400
				,"percent": 7.24
				}
			,{
				"<=msec": 1.500
				,"percent": 19.05
				}
			,{
				"<=msec": 1.600
				,"percent": 33.43
				}
			,{
				"<=msec": 1.700
				,"percent": 47.13
				}
			,{
				"<=msec": 1.800
				,"percent": 58.27
				}
			,{
				"<=msec": 1.900
				,"percent": 66.50
				}
			,{
				"<=msec": 2.000
				,"percent": 72.57
				}
			,{
				"<=msec": 2.100
				,"percent": 76.98
				}
			,{
				"<=msec": 2.200
				,"percent": 80.14
				}
			,{
				"<=msec": 2.300
				,"percent": 82.56
				}
			,{
				"<=msec": 2.400
				,"percent": 84.56
				}
			,{
				"<=msec": 2.500
				,"percent": 86.15
				}
			,{
				"<=msec": 2.600
				,"percent": 87.26
				}
			,{
				"<=msec": 2.700
				,"percent": 88.33
				}
			,{
				"<=msec": 2.800
				,"percent": 89.26
				}
			,{
				"<=msec": 2.900
				,"percent": 90.00
				}
			,{
				"<=msec": 3.000
				,"percent": 90.64
				}
			,{
				"<=msec": 3.100
				,"percent": 91.13
				}
			,{
				"<=msec": 3.200
				,"percent": 91.60
				}
			,{
				"<=msec": 3.300
				,"percent": 92.03
				}
			,{
				"<=msec": 3.400
				,"percent": 92.42
				}
			,{
				"<=msec": 3.500
				,"percent": 92.83
				}
			,{
				"<=msec": 3.600
				,"percent": 93.10
				}
			,{
				"<=msec": 3.700
				,"percent": 93.42
				}
			,{
				"<=msec": 3.800
				,"percent": 93.68
				}
			,{
				"<=msec": 3.900
				,"percent": 93.87
				}
			,{
				"<=msec": 4.000
				,"percent": 94.16
				}
			,{
				"<=msec": 4.100
				,"percent": 94.33
				}
			,{
				"<=msec": 4.200
				,"percent": 94.58
				}
			,{
				"<=msec": 4.300
				,"percent": 94.77
				}
			,{
				"<=msec": 4.400
				,"percent": 94.94
				}
			,{
				"<=msec": 4.500
				,"percent": 95.11
				}
			,{
				"<=msec": 4.600
				,"percent": 95.27
				}
			,{
				"<=msec": 4.700
				,"percent": 95.43
				}
			,{
				"<=msec": 4.800
				,"percent": 95.59
				}
			,{
				"<=msec": 4.900
				,"percent": 95.75
				}
			,{
				"<=msec": 5.000
				,"percent": 95.93
				}
			,{
				"<=msec": 5.100
				,"percent": 96.06
				}
			,{
				"<=msec": 5.200
				,"percent": 96.22
				}
			,{
				"<=msec": 5.300
				,"percent": 96.34
				}
			,{
				"<=msec": 5.400
				,"percent": 96.45
				}
			,{
				"<=msec": 5.500
				,"percent": 96.56
				}
			,{
				"<=msec": 5.600
				,"percent": 96.69
				}
			,{
				"<=msec": 5.700
				,"percent": 96.80
				}
			,{
				"<=msec": 5.800
				,"percent": 96.90
				}
			,{
				"<=msec": 5.900
				,"percent": 97.05
				}
			,{
				"<=msec": 6.000
				,"percent": 97.17
				}
			,{
				"<=msec": 6.100
				,"percent": 97.30
				}
			,{
				"<=msec": 6.200
				,"percent": 97.42
				}
			,{
				"<=msec": 6.300
				,"percent": 97.55
				}
			,{
				"<=msec": 6.400
				,"percent": 97.66
				}
			,{
				"<=msec": 6.500
				,"percent": 97.77
				}
			,{
				"<=msec": 6.600
				,"percent": 97.90
				}
			,{
				"<=msec": 6.700
				,"percent": 98.03
				}
			,{
				"<=msec": 6.800
				,"percent": 98.15
				}
			,{
				"<=msec": 6.900
				,"percent": 98.27
				}
			,{
				"<=msec": 7.000
				,"percent": 98.36
				}
			,{
				"<=msec": 7.100
				,"percent": 98.45
				}
			,{
				"<=msec": 7.200
				,"percent": 98.58
				}
			,{
				"<=msec": 7.300
				,"percent": 98.66
				}
			,{
				"<=msec": 7.400
				,"percent": 98.73
				}
			,{
				"<=msec": 7.500
				,"percent": 98.83
				}
			,{
				"<=msec": 7.600
				,"percent": 98.91
				}
			,{
				"<=msec": 7.700
				,"percent": 98.95
				}
			,{
				"<=msec": 7.800
				,"percent": 99.00
				}
			,{
				"<=msec": 7.900
				,"percent": 99.05
				}
			,{
				"<=msec": 8.000
				,"percent": 99.11
				}
			,{
				"<=msec": 8.100
				,"percent": 99.14
				}
			,{
				"<=msec": 8.200
				,"percent": 99.21
				}
			,{
				"<=msec": 8.300
				,"percent": 99.27
				}
			,{
				"<=msec": 8.400
				,"percent": 99.29
				}
			,{
				"<=msec": 8.500
				,"percent": 99.34
				}
			,{
				"<=msec": 8.600
				,"percent": 99.38
				}
			,{
				"<=msec": 8.700
				,"percent": 99.39
				}
			,{
				"<=msec": 8.800
				,"percent": 99.41
				}
			,{
				"<=msec": 8.900
				,"percent": 99.44
				}
			,{
				"<=msec": 9.000
				,"percent": 99.46
				}
			,{
				"<=msec": 9.100
				,"percent": 99.50
				}
			,{
				"<=msec": 9.200
				,"percent": 99.53
				}
			,{
				"<=msec": 9.300
				,"percent": 99.55
				}
			,{
				"<=msec": 9.400
				,"percent": 99.57
				}
			,{
				"<=msec": 9.500
				,"percent": 99.59
				}
			,{
				"<=msec": 9.600
				,"percent": 99.61
				}
			,{
				"<=msec": 9.700
				,"percent": 99.64
				}
			,{
				"<=msec": 9.800
				,"percent": 99.64
				}
			,{
				"<=msec": 9.900
				,"percent": 99.67
				}
			,{
				"<=msec": 10.000
				,"percent": 99.76
				}
			,{
				"<=msec": 11.000
				,"percent": 99.85
				}
			,{
				"<=msec": 12.000
				,"percent": 99.91
				}
			,{
				"<=msec": 13.000
				,"percent": 99.93
				}
			,{
				"<=msec": 14.000
				,"percent": 99.93
				}
			,{
				"<=msec": 15.000
				,"percent": 99.95
				}
			,{
				"<=msec": 16.000
				,"percent": 99.97
				}
			,{
				"<=msec": 17.000
				,"percent": 99.98
				}
			,{
				"<=msec": 18.000
				,"percent": 99.98
				}
			,{
				"<=msec": 19.000
				,"percent": 99.99
				}
			,{
				"<=msec": 22.000
				,"percent": 100.00
				}
			]
		,"WAIT":[
		]
		}
	}
