{
	"configuration":{
		"server": "10.0.0.4"
		,"port": 11212
		,"unix socket": "(null)"
		,"protocol": "memcache_text"
		,"out_file": "(null)"
		,"client_stats": "(null)"
		,"run_count": 1
		,"debug": 0
		,"requests": 0
		,"clients": 2
		,"threads": 1
		,"test_time": 60
		,"ratio": "1:6"
		,"pipeline": 1
		,"data_size": 4096
		,"data_offset": 0
		,"random_data": "false"
		,"data_size_range": "0:0"
		,"data_size_list": ""
		,"data_size_pattern": "R"
		,"expiry_range": "9999:10000"
		,"data_import": "(null)"
		,"data_verify": "false"
		,"verify_only": "false"
		,"generate_keys": "false"
		,"key_prefix": "memtier-"
		,"key_minimum":           0
		,"key_maximum":        1000
		,"key_pattern": "R:R"
		,"key_stddev": 0.000000
		,"key_median": 0.000000
		,"reconnect_interval": 0
		,"multi_key_get": 6
		,"authenticate": ""
		,"select-db": 0
		,"no-expiry": "false"
		,"wait-ratio": "0:0"
		,"num-slaves": "0:0"
		,"wait-timeout": "0-0"
		}
	,"run information":{
		"Threads": 1
		,"Connections per thread": 2
		,"Seconds": 60
		}
	,"ALL STATS":{
		"Sets":{
			"Ops/sec": 223.98
			,"Hits/sec": 0.00
			,"Misses/sec": 0.00
			,"Latency": 4.55
			,"KB/sec": 904.52
			}
		,"Gets":{
			"Ops/sec": 223.94
			,"Hits/sec": 1343.65
			,"Misses/sec": 0.00
			,"Latency": 4.35
			,"KB/sec": 5429.00
			}
		,"Waits":{
			"Ops/sec": 0.00
			,"Hits/sec": 0.00
			,"Misses/sec": 0.00
			,"Latency": 0.00
			,"KB/sec": 0.00
			}
		,"Totals":{
			"Ops/sec": 447.92
			,"Hits/sec": 1343.65
			,"Misses/sec": 0.00
			,"Latency": 4.45
			,"KB/sec": 6333.51
			}
		,"SET":[
			{
				"<=msec": 1.400
				,"percent": 0.04
				}
			,{
				"<=msec": 1.500
				,"percent": 0.29
				}
			,{
				"<=msec": 1.600
				,"percent": 1.45
				}
			,{
				"<=msec": 1.700
				,"percent": 4.44
				}
			,{
				"<=msec": 1.800
				,"percent": 9.76
				}
			,{
				"<=msec": 1.900
				,"percent": 16.12
				}
			,{
				"<=msec": 2.000
				,"percent": 22.44
				}
			,{
				"<=msec": 2.100
				,"percent": 28.18
				}
			,{
				"<=msec": 2.200
				,"percent": 33.51
				}
			,{
				"<=msec": 2.300
				,"percent": 38.01
				}
			,{
				"<=msec": 2.400
				,"percent": 41.35
				}
			,{
				"<=msec": 2.500
				,"percent": 44.35
				}
			,{
				"<=msec": 2.600
				,"percent": 46.74
				}
			,{
				"<=msec": 2.700
				,"percent": 48.66
				}
			,{
				"<=msec": 2.800
				,"percent": 50.31
				}
			,{
				"<=msec": 2.900
				,"percent": 51.68
				}
			,{
				"<=msec": 3.000
				,"percent": 52.95
				}
			,{
				"<=msec": 3.100
				,"percent": 54.07
				}
			,{
				"<=msec": 3.200
				,"percent": 55.10
				}
			,{
				"<=msec": 3.300
				,"percent": 55.92
				}
			,{
				"<=msec": 3.400
				,"percent": 56.75
				}
			,{
				"<=msec": 3.500
				,"percent": 57.53
				}
			,{
				"<=msec": 3.600
				,"percent": 58.35
				}
			,{
				"<=msec": 3.700
				,"percent": 58.96
				}
			,{
				"<=msec": 3.800
				,"percent": 59.71
				}
			,{
				"<=msec": 3.900
				,"percent": 60.33
				}
			,{
				"<=msec": 4.000
				,"percent": 60.98
				}
			,{
				"<=msec": 4.100
				,"percent": 61.61
				}
			,{
				"<=msec": 4.200
				,"percent": 62.22
				}
			,{
				"<=msec": 4.300
				,"percent": 62.77
				}
			,{
				"<=msec": 4.400
				,"percent": 63.32
				}
			,{
				"<=msec": 4.500
				,"percent": 63.78
				}
			,{
				"<=msec": 4.600
				,"percent": 64.33
				}
			,{
				"<=msec": 4.700
				,"percent": 64.80
				}
			,{
				"<=msec": 4.800
				,"percent": 65.25
				}
			,{
				"<=msec": 4.900
				,"percent": 65.74
				}
			,{
				"<=msec": 5.000
				,"percent": 66.15
				}
			,{
				"<=msec": 5.100
				,"percent": 66.63
				}
			,{
				"<=msec": 5.200
				,"percent": 67.13
				}
			,{
				"<=msec": 5.300
				,"percent": 67.68
				}
			,{
				"<=msec": 5.400
				,"percent": 68.18
				}
			,{
				"<=msec": 5.500
				,"percent": 68.70
				}
			,{
				"<=msec": 5.600
				,"percent": 69.10
				}
			,{
				"<=msec": 5.700
				,"percent": 69.58
				}
			,{
				"<=msec": 5.800
				,"percent": 70.10
				}
			,{
				"<=msec": 5.900
				,"percent": 70.70
				}
			,{
				"<=msec": 6.000
				,"percent": 71.22
				}
			,{
				"<=msec": 6.100
				,"percent": 71.78
				}
			,{
				"<=msec": 6.200
				,"percent": 72.30
				}
			,{
				"<=msec": 6.300
				,"percent": 72.94
				}
			,{
				"<=msec": 6.400
				,"percent": 73.39
				}
			,{
				"<=msec": 6.500
				,"percent": 73.78
				}
			,{
				"<=msec": 6.600
				,"percent": 74.30
				}
			,{
				"<=msec": 6.700
				,"percent": 74.88
				}
			,{
				"<=msec": 6.800
				,"percent": 75.41
				}
			,{
				"<=msec": 6.900
				,"percent": 75.94
				}
			,{
				"<=msec": 7.000
				,"percent": 76.49
				}
			,{
				"<=msec": 7.100
				,"percent": 77.07
				}
			,{
				"<=msec": 7.200
				,"percent": 77.57
				}
			,{
				"<=msec": 7.300
				,"percent": 78.20
				}
			,{
				"<=msec": 7.400
				,"percent": 78.79
				}
			,{
				"<=msec": 7.500
				,"percent": 79.37
				}
			,{
				"<=msec": 7.600
				,"percent": 79.97
				}
			,{
				"<=msec": 7.700
				,"percent": 80.68
				}
			,{
				"<=msec": 7.800
				,"percent": 81.23
				}
			,{
				"<=msec": 7.900
				,"percent": 81.85
				}
			,{
				"<=msec": 8.000
				,"percent": 82.49
				}
			,{
				"<=msec": 8.100
				,"percent": 83.00
				}
			,{
				"<=msec": 8.200
				,"percent": 83.59
				}
			,{
				"<=msec": 8.300
				,"percent": 84.10
				}
			,{
				"<=msec": 8.400
				,"percent": 84.56
				}
			,{
				"<=msec": 8.500
				,"percent": 85.13
				}
			,{
				"<=msec": 8.600
				,"percent": 85.72
				}
			,{
				"<=msec": 8.700
				,"percent": 86.29
				}
			,{
				"<=msec": 8.800
				,"percent": 86.87
				}
			,{
				"<=msec": 8.900
				,"percent": 87.39
				}
			,{
				"<=msec": 9.000
				,"percent": 87.78
				}
			,{
				"<=msec": 9.100
				,"percent": 88.17
				}
			,{
				"<=msec": 9.200
				,"percent": 88.71
				}
			,{
				"<=msec": 9.300
				,"percent": 89.22
				}
			,{
				"<=msec": 9.400
				,"percent": 89.67
				}
			,{
				"<=msec": 9.500
				,"percent": 90.11
				}
			,{
				"<=msec": 9.600
				,"percent": 90.42
				}
			,{
				"<=msec": 9.700
				,"percent": 90.83
				}
			,{
				"<=msec": 9.800
				,"percent": 91.29
				}
			,{
				"<=msec": 9.900
				,"percent": 91.71
				}
			,{
				"<=msec": 10.000
				,"percent": 93.98
				}
			,{
				"<=msec": 11.000
				,"percent": 96.11
				}
			,{
				"<=msec": 12.000
				,"percent": 97.76
				}
			,{
				"<=msec": 13.000
				,"percent": 99.00
				}
			,{
				"<=msec": 14.000
				,"percent": 99.45
				}
			,{
				"<=msec": 15.000
				,"percent": 99.68
				}
			,{
				"<=msec": 16.000
				,"percent": 99.75
				}
			,{
				"<=msec": 17.000
				,"percent": 99.82
				}
			,{
				"<=msec": 18.000
				,"percent": 99.88
				}
			,{
				"<=msec": 19.000
				,"percent": 99.92
				}
			,{
				"<=msec": 20.000
				,"percent": 99.93
				}
			,{
				"<=msec": 21.000
				,"percent": 99.95
				}
			,{
				"<=msec": 23.000
				,"percent": 99.96
				}
			,{
				"<=msec": 26.000
				,"percent": 99.97
				}
			,{
				"<=msec": 28.000
				,"percent": 99.98
				}
			,{
				"<=msec": 30.000
				,"percent": 99.99
				}
			,{
				"<=msec": 57.000
				,"percent": 99.99
				}
			,{
				"<=msec": 59.000
				,"percent": 100.00
				}
			]
		,"GET":[
			{
				"<=msec": 1.600
				,"percent": 0.03
				}
			,{
				"<=msec": 1.700
				,"percent": 0.45
				}
			,{
				"<=msec": 1.800
				,"percent": 1.93
				}
			,{
				"<=msec": 1.900
				,"percent": 4.82
				}
			,{
				"<=msec": 2.000
				,"percent": 8.97
				}
			,{
				"<=msec": 2.100
				,"percent": 14.02
				}
			,{
				"<=msec": 2.200
				,"percent": 19.13
				}
			,{
				"<=msec": 2.300
				,"percent": 24.07
				}
			,{
				"<=msec": 2.400
				,"percent": 28.90
				}
			,{
				"<=msec": 2.500
				,"percent": 34.02
				}
			,{
				"<=msec": 2.600
				,"percent": 39.08
				}
			,{
				"<=msec": 2.700
				,"percent": 44.02
				}
			,{
				"<=msec": 2.800
				,"percent": 48.43
				}
			,{
				"<=msec": 2.900
				,"percent": 52.45
				}
			,{
				"<=msec": 3.000
				,"percent": 55.84
				}
			,{
				"<=msec": 3.100
				,"percent": 58.82
				}
			,{
				"<=msec": 3.200
				,"percent": 61.50
				}
			,{
				"<=msec": 3.300
				,"percent": 63.56
				}
			,{
				"<=msec": 3.400
				,"percent": 65.53
				}
			,{
				"<=msec": 3.500
				,"percent": 67.16
				}
			,{
				"<=msec": 3.600
				,"percent": 68.69
				}
			,{
				"<=msec": 3.700
				,"percent": 69.88
				}
			,{
				"<=msec": 3.800
				,"percent": 70.87
				}
			,{
				"<=msec": 3.900
				,"percent": 71.73
				}
			,{
				"<=msec": 4.000
				,"percent": 72.49
				}
			,{
				"<=msec": 4.100
				,"percent": 73.30
				}
			,{
				"<=msec": 4.200
				,"percent": 73.96
				}
			,{
				"<=msec": 4.300
				,"percent": 74.57
				}
			,{
				"<=msec": 4.400
				,"percent": 75.02
				}
			,{
				"<=msec": 4.500
				,"percent": 75.39
				}
			,{
				"<=msec": 4.600
				,"percent": 75.80
				}
			,{
				"<=msec": 4.700
				,"percent": 76.17
				}
			,{
				"<=msec": 4.800
				,"percent": 76.52
				}
			,{
				"<=msec": 4.900
				,"percent": 76.88
				}
			,{
				"<=msec": 5.000
				,"percent": 77.20
				}
			,{
				"<=msec": 5.100
				,"percent": 77.46
				}
			,{
				"<=msec": 5.200
				,"percent": 77.76
				}
			,{
				"<=msec": 5.300
				,"percent": 78.14
				}
			,{
				"<=msec": 5.400
				,"percent": 78.49
				}
			,{
				"<=msec": 5.500
				,"percent": 78.81
				}
			,{
				"<=msec": 5.600
				,"percent": 79.15
				}
			,{
				"<=msec": 5.700
				,"percent": 79.36
				}
			,{
				"<=msec": 5.800
				,"percent": 79.62
				}
			,{
				"<=msec": 5.900
				,"percent": 79.91
				}
			,{
				"<=msec": 6.000
				,"percent": 80.13
				}
			,{
				"<=msec": 6.100
				,"percent": 80.44
				}
			,{
				"<=msec": 6.200
				,"percent": 80.76
				}
			,{
				"<=msec": 6.300
				,"percent": 80.99
				}
			,{
				"<=msec": 6.400
				,"percent": 81.23
				}
			,{
				"<=msec": 6.500
				,"percent": 81.48
				}
			,{
				"<=msec": 6.600
				,"percent": 81.78
				}
			,{
				"<=msec": 6.700
				,"percent": 81.97
				}
			,{
				"<=msec": 6.800
				,"percent": 82.21
				}
			,{
				"<=msec": 6.900
				,"percent": 82.40
				}
			,{
				"<=msec": 7.000
				,"percent": 82.64
				}
			,{
				"<=msec": 7.100
				,"percent": 82.94
				}
			,{
				"<=msec": 7.200
				,"percent": 83.08
				}
			,{
				"<=msec": 7.300
				,"percent": 83.29
				}
			,{
				"<=msec": 7.400
				,"percent": 83.53
				}
			,{
				"<=msec": 7.500
				,"percent": 83.75
				}
			,{
				"<=msec": 7.600
				,"percent": 84.00
				}
			,{
				"<=msec": 7.700
				,"percent": 84.30
				}
			,{
				"<=msec": 7.800
				,"percent": 84.59
				}
			,{
				"<=msec": 7.900
				,"percent": 84.86
				}
			,{
				"<=msec": 8.000
				,"percent": 85.09
				}
			,{
				"<=msec": 8.100
				,"percent": 85.41
				}
			,{
				"<=msec": 8.200
				,"percent": 85.61
				}
			,{
				"<=msec": 8.300
				,"percent": 85.83
				}
			,{
				"<=msec": 8.400
				,"percent": 86.07
				}
			,{
				"<=msec": 8.500
				,"percent": 86.21
				}
			,{
				"<=msec": 8.600
				,"percent": 86.46
				}
			,{
				"<=msec": 8.700
				,"percent": 86.63
				}
			,{
				"<=msec": 8.800
				,"percent": 86.85
				}
			,{
				"<=msec": 8.900
				,"percent": 87.07
				}
			,{
				"<=msec": 9.000
				,"percent": 87.32
				}
			,{
				"<=msec": 9.100
				,"percent": 87.53
				}
			,{
				"<=msec": 9.200
				,"percent": 87.67
				}
			,{
				"<=msec": 9.300
				,"percent": 87.83
				}
			,{
				"<=msec": 9.400
				,"percent": 88.04
				}
			,{
				"<=msec": 9.500
				,"percent": 88.26
				}
			,{
				"<=msec": 9.600
				,"percent": 88.48
				}
			,{
				"<=msec": 9.700
				,"percent": 88.66
				}
			,{
				"<=msec": 9.800
				,"percent": 88.90
				}
			,{
				"<=msec": 9.900
				,"percent": 89.08
				}
			,{
				"<=msec": 10.000
				,"percent": 90.19
				}
			,{
				"<=msec": 11.000
				,"percent": 93.24
				}
			,{
				"<=msec": 12.000
				,"percent": 96.43
				}
			,{
				"<=msec": 13.000
				,"percent": 98.45
				}
			,{
				"<=msec": 14.000
				,"percent": 99.26
				}
			,{
				"<=msec": 15.000
				,"percent": 99.52
				}
			,{
				"<=msec": 16.000
				,"percent": 99.69
				}
			,{
				"<=msec": 17.000
				,"percent": 99.81
				}
			,{
				"<=msec": 18.000
				,"percent": 99.87
				}
			,{
				"<=msec": 19.000
				,"percent": 99.92
				}
			,{
				"<=msec": 20.000
				,"percent": 99.94
				}
			,{
				"<=msec": 21.000
				,"percent": 99.95
				}
			,{
				"<=msec": 22.000
				,"percent": 99.96
				}
			,{
				"<=msec": 26.000
				,"percent": 99.97
				}
			,{
				"<=msec": 29.000
				,"percent": 99.98
				}
			,{
				"<=msec": 30.000
				,"percent": 99.99
				}
			,{
				"<=msec": 34.000
				,"percent": 99.99
				}
			,{
				"<=msec": 210.000
				,"percent": 100.00
				}
			]
		,"WAIT":[
		]
		}
	}
