{
	"configuration":{
		"server": "10.0.0.4"
		,"port": 11212
		,"unix socket": "(null)"
		,"protocol": "memcache_text"
		,"out_file": "(null)"
		,"client_stats": "(null)"
		,"run_count": 1
		,"debug": 0
		,"requests": 0
		,"clients": 2
		,"threads": 1
		,"test_time": 60
		,"ratio": "1:1"
		,"pipeline": 1
		,"data_size": 4096
		,"data_offset": 0
		,"random_data": "false"
		,"data_size_range": "0:0"
		,"data_size_list": ""
		,"data_size_pattern": "R"
		,"expiry_range": "9999:10000"
		,"data_import": "(null)"
		,"data_verify": "false"
		,"verify_only": "false"
		,"generate_keys": "false"
		,"key_prefix": "memtier-"
		,"key_minimum":           0
		,"key_maximum":        1000
		,"key_pattern": "R:R"
		,"key_stddev": 0.000000
		,"key_median": 0.000000
		,"reconnect_interval": 0
		,"multi_key_get": 1
		,"authenticate": ""
		,"select-db": 0
		,"no-expiry": "false"
		,"wait-ratio": "0:0"
		,"num-slaves": "0:0"
		,"wait-timeout": "0-0"
		}
	,"run information":{
		"Threads": 1
		,"Connections per thread": 2
		,"Seconds": 60
		}
	,"ALL STATS":{
		"Sets":{
			"Ops/sec": 353.54
			,"Hits/sec": 0.00
			,"Misses/sec": 0.00
			,"Latency": 3.19
			,"KB/sec": 1427.78
			}
		,"Gets":{
			"Ops/sec": 353.53
			,"Hits/sec": 353.53
			,"Misses/sec": 0.00
			,"Latency": 2.45
			,"KB/sec": 1431.30
			}
		,"Waits":{
			"Ops/sec": 0.00
			,"Hits/sec": 0.00
			,"Misses/sec": 0.00
			,"Latency": 0.00
			,"KB/sec": 0.00
			}
		,"Totals":{
			"Ops/sec": 707.07
			,"Hits/sec": 353.53
			,"Misses/sec": 0.00
			,"Latency": 2.82
			,"KB/sec": 2859.07
			}
		,"SET":[
			{
				"<=msec": 1.400
				,"percent": 0.03
				}
			,{
				"<=msec": 1.500
				,"percent": 0.24
				}
			,{
				"<=msec": 1.600
				,"percent": 1.36
				}
			,{
				"<=msec": 1.700
				,"percent": 4.31
				}
			,{
				"<=msec": 1.800
				,"percent": 9.22
				}
			,{
				"<=msec": 1.900
				,"percent": 15.72
				}
			,{
				"<=msec": 2.000
				,"percent": 22.97
				}
			,{
				"<=msec": 2.100
				,"percent": 30.27
				}
			,{
				"<=msec": 2.200
				,"percent": 37.27
				}
			,{
				"<=msec": 2.300
				,"percent": 43.59
				}
			,{
				"<=msec": 2.400
				,"percent": 49.13
				}
			,{
				"<=msec": 2.500
				,"percent": 53.91
				}
			,{
				"<=msec": 2.600
				,"percent": 58.13
				}
			,{
				"<=msec": 2.700
				,"percent": 61.63
				}
			,{
				"<=msec": 2.800
				,"percent": 64.63
				}
			,{
				"<=msec": 2.900
				,"percent": 67.19
				}
			,{
				"<=msec": 3.000
				,"percent": 69.70
				}
			,{
				"<=msec": 3.100
				,"percent": 71.54
				}
			,{
				"<=msec": 3.200
				,"percent": 73.32
				}
			,{
				"<=msec": 3.300
				,"percent": 75.02
				}
			,{
				"<=msec": 3.400
				,"percent": 76.32
				}
			,{
				"<=msec": 3.500
				,"percent": 77.58
				}
			,{
				"<=msec": 3.600
				,"percent": 78.60
				}
			,{
				"<=msec": 3.700
				,"percent": 79.65
				}
			,{
				"<=msec": 3.800
				,"percent": 80.59
				}
			,{
				"<=msec": 3.900
				,"percent": 81.29
				}
			,{
				"<=msec": 4.000
				,"percent": 82.04
				}
			,{
				"<=msec": 4.100
				,"percent": 82.73
				}
			,{
				"<=msec": 4.200
				,"percent": 83.41
				}
			,{
				"<=msec": 4.300
				,"percent": 84.09
				}
			,{
				"<=msec": 4.400
				,"percent": 84.62
				}
			,{
				"<=msec": 4.500
				,"percent": 85.12
				}
			,{
				"<=msec": 4.600
				,"percent": 85.66
				}
			,{
				"<=msec": 4.700
				,"percent": 86.07
				}
			,{
				"<=msec": 4.800
				,"percent": 86.48
				}
			,{
				"<=msec": 4.900
				,"percent": 86.96
				}
			,{
				"<=msec": 5.000
				,"percent": 87.36
				}
			,{
				"<=msec": 5.100
				,"percent": 87.62
				}
			,{
				"<=msec": 5.200
				,"percent": 88.03
				}
			,{
				"<=msec": 5.300
				,"percent": 88.41
				}
			,{
				"<=msec": 5.400
				,"percent": 88.72
				}
			,{
				"<=msec": 5.500
				,"percent": 89.10
				}
			,{
				"<=msec": 5.600
				,"percent": 89.40
				}
			,{
				"<=msec": 5.700
				,"percent": 89.75
				}
			,{
				"<=msec": 5.800
				,"percent": 90.06
				}
			,{
				"<=msec": 5.900
				,"percent": 90.43
				}
			,{
				"<=msec": 6.000
				,"percent": 90.75
				}
			,{
				"<=msec": 6.100
				,"percent": 91.07
				}
			,{
				"<=msec": 6.200
				,"percent": 91.43
				}
			,{
				"<=msec": 6.300
				,"percent": 91.71
				}
			,{
				"<=msec": 6.400
				,"percent": 92.08
				}
			,{
				"<=msec": 6.500
				,"percent": 92.41
				}
			,{
				"<=msec": 6.600
				,"percent": 92.71
				}
			,{
				"<=msec": 6.700
				,"percent": 92.96
				}
			,{
				"<=msec": 6.800
				,"percent": 93.17
				}
			,{
				"<=msec": 6.900
				,"percent": 93.46
				}
			,{
				"<=msec": 7.000
				,"percent": 93.73
				}
			,{
				"<=msec": 7.100
				,"percent": 94.02
				}
			,{
				"<=msec": 7.200
				,"percent": 94.43
				}
			,{
				"<=msec": 7.300
				,"percent": 94.72
				}
			,{
				"<=msec": 7.400
				,"percent": 95.05
				}
			,{
				"<=msec": 7.500
				,"percent": 95.40
				}
			,{
				"<=msec": 7.600
				,"percent": 95.73
				}
			,{
				"<=msec": 7.700
				,"percent": 96.03
				}
			,{
				"<=msec": 7.800
				,"percent": 96.35
				}
			,{
				"<=msec": 7.900
				,"percent": 96.54
				}
			,{
				"<=msec": 8.000
				,"percent": 96.75
				}
			,{
				"<=msec": 8.100
				,"percent": 97.01
				}
			,{
				"<=msec": 8.200
				,"percent": 97.12
				}
			,{
				"<=msec": 8.300
				,"percent": 97.28
				}
			,{
				"<=msec": 8.400
				,"percent": 97.40
				}
			,{
				"<=msec": 8.500
				,"percent": 97.54
				}
			,{
				"<=msec": 8.600
				,"percent": 97.69
				}
			,{
				"<=msec": 8.700
				,"percent": 97.81
				}
			,{
				"<=msec": 8.800
				,"percent": 97.93
				}
			,{
				"<=msec": 8.900
				,"percent": 98.02
				}
			,{
				"<=msec": 9.000
				,"percent": 98.15
				}
			,{
				"<=msec": 9.100
				,"percent": 98.23
				}
			,{
				"<=msec": 9.200
				,"percent": 98.32
				}
			,{
				"<=msec": 9.300
				,"percent": 98.36
				}
			,{
				"<=msec": 9.400
				,"percent": 98.43
				}
			,{
				"<=msec": 9.500
				,"percent": 98.49
				}
			,{
				"<=msec": 9.600
				,"percent": 98.54
				}
			,{
				"<=msec": 9.700
				,"percent": 98.62
				}
			,{
				"<=msec": 9.800
				,"percent": 98.70
				}
			,{
				"<=msec": 9.900
				,"percent": 98.76
				}
			,{
				"<=msec": 10.000
				,"percent": 99.03
				}
			,{
				"<=msec": 11.000
				,"percent": 99.32
				}
			,{
				"<=msec": 12.000
				,"percent": 99.53
				}
			,{
				"<=msec": 13.000
				,"percent": 99.65
				}
			,{
				"<=msec": 14.000
				,"percent": 99.74
				}
			,{
				"<=msec": 15.000
				,"percent": 99.78
				}
			,{
				"<=msec": 16.000
				,"percent": 99.84
				}
			,{
				"<=msec": 17.000
				,"percent": 99.86
				}
			,{
				"<=msec": 18.000
				,"percent": 99.87
				}
			,{
				"<=msec": 19.000
				,"percent": 99.91
				}
			,{
				"<=msec": 20.000
				,"percent": 99.92
				}
			,{
				"<=msec": 21.000
				,"percent": 99.94
				}
			,{
				"<=msec": 22.000
				,"percent": 99.96
				}
			,{
				"<=msec": 24.000
				,"percent": 99.97
				}
			,{
				"<=msec": 25.000
				,"percent": 99.98
				}
			,{
				"<=msec": 28.000
				,"percent": 99.99
				}
			,{
				"<=msec": 30.000
				,"percent": 100.00
				}
			,{
				"<=msec": 220.000
				,"percent": 100.00
				}
			]
		,"GET":[
			{
				"<=msec": 1.200
				,"percent": 0.00
				}
			,{
				"<=msec": 1.300
				,"percent": 0.16
				}
			,{
				"<=msec": 1.400
				,"percent": 1.82
				}
			,{
				"<=msec": 1.500
				,"percent": 7.14
				}
			,{
				"<=msec": 1.600
				,"percent": 15.39
				}
			,{
				"<=msec": 1.700
				,"percent": 25.98
				}
			,{
				"<=msec": 1.800
				,"percent": 36.09
				}
			,{
				"<=msec": 1.900
				,"percent": 45.04
				}
			,{
				"<=msec": 2.000
				,"percent": 52.84
				}
			,{
				"<=msec": 2.100
				,"percent": 59.70
				}
			,{
				"<=msec": 2.200
				,"percent": 65.22
				}
			,{
				"<=msec": 2.300
				,"percent": 69.59
				}
			,{
				"<=msec": 2.400
				,"percent": 73.21
				}
			,{
				"<=msec": 2.500
				,"percent": 76.21
				}
			,{
				"<=msec": 2.600
				,"percent": 78.63
				}
			,{
				"<=msec": 2.700
				,"percent": 80.69
				}
			,{
				"<=msec": 2.800
				,"percent": 82.55
				}
			,{
				"<=msec": 2.900
				,"percent": 84.15
				}
			,{
				"<=msec": 3.000
				,"percent": 85.34
				}
			,{
				"<=msec": 3.100
				,"percent": 86.32
				}
			,{
				"<=msec": 3.200
				,"percent": 87.42
				}
			,{
				"<=msec": 3.300
				,"percent": 88.10
				}
			,{
				"<=msec": 3.400
				,"percent": 88.74
				}
			,{
				"<=msec": 3.500
				,"percent": 89.36
				}
			,{
				"<=msec": 3.600
				,"percent": 89.99
				}
			,{
				"<=msec": 3.700
				,"percent": 90.57
				}
			,{
				"<=msec": 3.800
				,"percent": 90.99
				}
			,{
				"<=msec": 3.900
				,"percent": 91.47
				}
			,{
				"<=msec": 4.000
				,"percent": 91.82
				}
			,{
				"<=msec": 4.100
				,"percent": 92.12
				}
			,{
				"<=msec": 4.200
				,"percent": 92.41
				}
			,{
				"<=msec": 4.300
				,"percent": 92.75
				}
			,{
				"<=msec": 4.400
				,"percent": 93.02
				}
			,{
				"<=msec": 4.500
				,"percent": 93.29
				}
			,{
				"<=msec": 4.600
				,"percent": 93.52
				}
			,{
				"<=msec": 4.700
				,"percent": 93.71
				}
			,{
				"<=msec": 4.800
				,"percent": 93.89
				}
			,{
				"<=msec": 4.900
				,"percent": 94.15
				}
			,{
				"<=msec": 5.000
				,"percent": 94.33
				}
			,{
				"<=msec": 5.100
				,"percent": 94.54
				}
			,{
				"<=msec": 5.200
				,"percent": 94.83
				}
			,{
				"<=msec": 5.300
				,"percent": 95.05
				}
			,{
				"<=msec": 5.400
				,"percent": 95.21
				}
			,{
				"<=msec": 5.500
				,"percent": 95.38
				}
			,{
				"<=msec": 5.600
				,"percent": 95.57
				}
			,{
				"<=msec": 5.700
				,"percent": 95.78
				}
			,{
				"<=msec": 5.800
				,"percent": 95.91
				}
			,{
				"<=msec": 5.900
				,"percent": 96.08
				}
			,{
				"<=msec": 6.000
				,"percent": 96.22
				}
			,{
				"<=msec": 6.100
				,"percent": 96.37
				}
			,{
				"<=msec": 6.200
				,"percent": 96.51
				}
			,{
				"<=msec": 6.300
				,"percent": 96.65
				}
			,{
				"<=msec": 6.400
				,"percent": 96.82
				}
			,{
				"<=msec": 6.500
				,"percent": 96.95
				}
			,{
				"<=msec": 6.600
				,"percent": 97.08
				}
			,{
				"<=msec": 6.700
				,"percent": 97.19
				}
			,{
				"<=msec": 6.800
				,"percent": 97.34
				}
			,{
				"<=msec": 6.900
				,"percent": 97.45
				}
			,{
				"<=msec": 7.000
				,"percent": 97.59
				}
			,{
				"<=msec": 7.100
				,"percent": 97.75
				}
			,{
				"<=msec": 7.200
				,"percent": 97.89
				}
			,{
				"<=msec": 7.300
				,"percent": 98.03
				}
			,{
				"<=msec": 7.400
				,"percent": 98.18
				}
			,{
				"<=msec": 7.500
				,"percent": 98.31
				}
			,{
				"<=msec": 7.600
				,"percent": 98.43
				}
			,{
				"<=msec": 7.700
				,"percent": 98.56
				}
			,{
				"<=msec": 7.800
				,"percent": 98.67
				}
			,{
				"<=msec": 7.900
				,"percent": 98.77
				}
			,{
				"<=msec": 8.000
				,"percent": 98.87
				}
			,{
				"<=msec": 8.100
				,"percent": 98.96
				}
			,{
				"<=msec": 8.200
				,"percent": 99.01
				}
			,{
				"<=msec": 8.300
				,"percent": 99.05
				}
			,{
				"<=msec": 8.400
				,"percent": 99.11
				}
			,{
				"<=msec": 8.500
				,"percent": 99.15
				}
			,{
				"<=msec": 8.600
				,"percent": 99.19
				}
			,{
				"<=msec": 8.700
				,"percent": 99.21
				}
			,{
				"<=msec": 8.800
				,"percent": 99.24
				}
			,{
				"<=msec": 8.900
				,"percent": 99.26
				}
			,{
				"<=msec": 9.000
				,"percent": 99.28
				}
			,{
				"<=msec": 9.100
				,"percent": 99.32
				}
			,{
				"<=msec": 9.200
				,"percent": 99.36
				}
			,{
				"<=msec": 9.300
				,"percent": 99.38
				}
			,{
				"<=msec": 9.400
				,"percent": 99.42
				}
			,{
				"<=msec": 9.500
				,"percent": 99.43
				}
			,{
				"<=msec": 9.600
				,"percent": 99.46
				}
			,{
				"<=msec": 9.700
				,"percent": 99.48
				}
			,{
				"<=msec": 9.800
				,"percent": 99.54
				}
			,{
				"<=msec": 9.900
				,"percent": 99.55
				}
			,{
				"<=msec": 10.000
				,"percent": 99.67
				}
			,{
				"<=msec": 11.000
				,"percent": 99.80
				}
			,{
				"<=msec": 12.000
				,"percent": 99.86
				}
			,{
				"<=msec": 13.000
				,"percent": 99.95
				}
			,{
				"<=msec": 14.000
				,"percent": 99.96
				}
			,{
				"<=msec": 15.000
				,"percent": 99.97
				}
			,{
				"<=msec": 16.000
				,"percent": 99.98
				}
			,{
				"<=msec": 17.000
				,"percent": 99.98
				}
			,{
				"<=msec": 18.000
				,"percent": 100.00
				}
			,{
				"<=msec": 27.000
				,"percent": 100.00
				}
			]
		,"WAIT":[
		]
		}
	}
