{
	"configuration":{
		"server": "10.0.0.4"
		,"port": 11212
		,"unix socket": "(null)"
		,"protocol": "memcache_text"
		,"out_file": "(null)"
		,"client_stats": "(null)"
		,"run_count": 1
		,"debug": 0
		,"requests": 0
		,"clients": 2
		,"threads": 1
		,"test_time": 60
		,"ratio": "1:9"
		,"pipeline": 1
		,"data_size": 4096
		,"data_offset": 0
		,"random_data": "false"
		,"data_size_range": "0:0"
		,"data_size_list": ""
		,"data_size_pattern": "R"
		,"expiry_range": "9999:10000"
		,"data_import": "(null)"
		,"data_verify": "false"
		,"verify_only": "false"
		,"generate_keys": "false"
		,"key_prefix": "memtier-"
		,"key_minimum":           0
		,"key_maximum":        1000
		,"key_pattern": "R:R"
		,"key_stddev": 0.000000
		,"key_median": 0.000000
		,"reconnect_interval": 0
		,"multi_key_get": 9
		,"authenticate": ""
		,"select-db": 0
		,"no-expiry": "false"
		,"wait-ratio": "0:0"
		,"num-slaves": "0:0"
		,"wait-timeout": "0-0"
		}
	,"run information":{
		"Threads": 1
		,"Connections per thread": 2
		,"Seconds": 60
		}
	,"ALL STATS":{
		"Sets":{
			"Ops/sec": 137.85
			,"Hits/sec": 0.00
			,"Misses/sec": 0.00
			,"Latency": 4.60
			,"KB/sec": 556.68
			}
		,"Gets":{
			"Ops/sec": 137.81
			,"Hits/sec": 1240.31
			,"Misses/sec": 0.00
			,"Latency": 9.88
			,"KB/sec": 5010.77
			}
		,"Waits":{
			"Ops/sec": 0.00
			,"Hits/sec": 0.00
			,"Misses/sec": 0.00
			,"Latency": 0.00
			,"KB/sec": 0.00
			}
		,"Totals":{
			"Ops/sec": 275.66
			,"Hits/sec": 1240.31
			,"Misses/sec": 0.00
			,"Latency": 7.24
			,"KB/sec": 5567.45
			}
		,"SET":[
			{
				"<=msec": 1.600
				,"percent": 0.04
				}
			,{
				"<=msec": 1.700
				,"percent": 0.13
				}
			,{
				"<=msec": 1.800
				,"percent": 0.60
				}
			,{
				"<=msec": 1.900
				,"percent": 1.70
				}
			,{
				"<=msec": 2.000
				,"percent": 3.98
				}
			,{
				"<=msec": 2.100
				,"percent": 7.63
				}
			,{
				"<=msec": 2.200
				,"percent": 12.82
				}
			,{
				"<=msec": 2.300
				,"percent": 18.69
				}
			,{
				"<=msec": 2.400
				,"percent": 24.98
				}
			,{
				"<=msec": 2.500
				,"percent": 30.94
				}
			,{
				"<=msec": 2.600
				,"percent": 36.40
				}
			,{
				"<=msec": 2.700
				,"percent": 41.47
				}
			,{
				"<=msec": 2.800
				,"percent": 45.85
				}
			,{
				"<=msec": 2.900
				,"percent": 49.58
				}
			,{
				"<=msec": 3.000
				,"percent": 52.75
				}
			,{
				"<=msec": 3.100
				,"percent": 55.52
				}
			,{
				"<=msec": 3.200
				,"percent": 57.89
				}
			,{
				"<=msec": 3.300
				,"percent": 59.75
				}
			,{
				"<=msec": 3.400
				,"percent": 61.29
				}
			,{
				"<=msec": 3.500
				,"percent": 62.70
				}
			,{
				"<=msec": 3.600
				,"percent": 63.95
				}
			,{
				"<=msec": 3.700
				,"percent": 65.00
				}
			,{
				"<=msec": 3.800
				,"percent": 65.93
				}
			,{
				"<=msec": 3.900
				,"percent": 66.92
				}
			,{
				"<=msec": 4.000
				,"percent": 67.60
				}
			,{
				"<=msec": 4.100
				,"percent": 68.31
				}
			,{
				"<=msec": 4.200
				,"percent": 69.04
				}
			,{
				"<=msec": 4.300
				,"percent": 69.52
				}
			,{
				"<=msec": 4.400
				,"percent": 70.23
				}
			,{
				"<=msec": 4.500
				,"percent": 70.72
				}
			,{
				"<=msec": 4.600
				,"percent": 71.26
				}
			,{
				"<=msec": 4.700
				,"percent": 71.68
				}
			,{
				"<=msec": 4.800
				,"percent": 72.11
				}
			,{
				"<=msec": 4.900
				,"percent": 72.53
				}
			,{
				"<=msec": 5.000
				,"percent": 72.89
				}
			,{
				"<=msec": 5.100
				,"percent": 73.24
				}
			,{
				"<=msec": 5.200
				,"percent": 73.53
				}
			,{
				"<=msec": 5.300
				,"percent": 74.04
				}
			,{
				"<=msec": 5.400
				,"percent": 74.39
				}
			,{
				"<=msec": 5.500
				,"percent": 74.78
				}
			,{
				"<=msec": 5.600
				,"percent": 75.20
				}
			,{
				"<=msec": 5.700
				,"percent": 75.57
				}
			,{
				"<=msec": 5.800
				,"percent": 76.02
				}
			,{
				"<=msec": 5.900
				,"percent": 76.35
				}
			,{
				"<=msec": 6.000
				,"percent": 76.76
				}
			,{
				"<=msec": 6.100
				,"percent": 77.05
				}
			,{
				"<=msec": 6.200
				,"percent": 77.42
				}
			,{
				"<=msec": 6.300
				,"percent": 77.85
				}
			,{
				"<=msec": 6.400
				,"percent": 78.24
				}
			,{
				"<=msec": 6.500
				,"percent": 78.70
				}
			,{
				"<=msec": 6.600
				,"percent": 79.01
				}
			,{
				"<=msec": 6.700
				,"percent": 79.36
				}
			,{
				"<=msec": 6.800
				,"percent": 79.60
				}
			,{
				"<=msec": 6.900
				,"percent": 79.95
				}
			,{
				"<=msec": 7.000
				,"percent": 80.29
				}
			,{
				"<=msec": 7.100
				,"percent": 80.64
				}
			,{
				"<=msec": 7.200
				,"percent": 80.96
				}
			,{
				"<=msec": 7.300
				,"percent": 81.25
				}
			,{
				"<=msec": 7.400
				,"percent": 81.51
				}
			,{
				"<=msec": 7.500
				,"percent": 81.92
				}
			,{
				"<=msec": 7.600
				,"percent": 82.24
				}
			,{
				"<=msec": 7.700
				,"percent": 82.61
				}
			,{
				"<=msec": 7.800
				,"percent": 82.93
				}
			,{
				"<=msec": 7.900
				,"percent": 83.38
				}
			,{
				"<=msec": 8.000
				,"percent": 83.63
				}
			,{
				"<=msec": 8.100
				,"percent": 83.90
				}
			,{
				"<=msec": 8.200
				,"percent": 84.05
				}
			,{
				"<=msec": 8.300
				,"percent": 84.40
				}
			,{
				"<=msec": 8.400
				,"percent": 84.72
				}
			,{
				"<=msec": 8.500
				,"percent": 84.90
				}
			,{
				"<=msec": 8.600
				,"percent": 85.13
				}
			,{
				"<=msec": 8.700
				,"percent": 85.36
				}
			,{
				"<=msec": 8.800
				,"percent": 85.59
				}
			,{
				"<=msec": 8.900
				,"percent": 85.90
				}
			,{
				"<=msec": 9.000
				,"percent": 86.27
				}
			,{
				"<=msec": 9.100
				,"percent": 86.45
				}
			,{
				"<=msec": 9.200
				,"percent": 86.64
				}
			,{
				"<=msec": 9.300
				,"percent": 86.91
				}
			,{
				"<=msec": 9.400
				,"percent": 87.18
				}
			,{
				"<=msec": 9.500
				,"percent": 87.41
				}
			,{
				"<=msec": 9.600
				,"percent": 87.68
				}
			,{
				"<=msec": 9.700
				,"percent": 87.93
				}
			,{
				"<=msec": 9.800
				,"percent": 88.19
				}
			,{
				"<=msec": 9.900
				,"percent": 88.39
				}
			,{
				"<=msec": 10.000
				,"percent": 89.90
				}
			,{
				"<=msec": 11.000
				,"percent": 92.43
				}
			,{
				"<=msec": 12.000
				,"percent": 96.20
				}
			,{
				"<=msec": 13.000
				,"percent": 98.60
				}
			,{
				"<=msec": 14.000
				,"percent": 99.18
				}
			,{
				"<=msec": 15.000
				,"percent": 99.59
				}
			,{
				"<=msec": 16.000
				,"percent": 99.70
				}
			,{
				"<=msec": 17.000
				,"percent": 99.71
				}
			,{
				"<=msec": 19.000
				,"percent": 99.77
				}
			,{
				"<=msec": 20.000
				,"percent": 99.84
				}
			,{
				"<=msec": 21.000
				,"percent": 99.88
				}
			,{
				"<=msec": 24.000
				,"percent": 99.92
				}
			,{
				"<=msec": 26.000
				,"percent": 99.93
				}
			,{
				"<=msec": 27.000
				,"percent": 99.95
				}
			,{
				"<=msec": 28.000
				,"percent": 99.96
				}
			,{
				"<=msec": 30.000
				,"percent": 99.99
				}
			,{
				"<=msec": 33.000
				,"percent": 100.00
				}
			]
		,"GET":[
			{
				"<=msec": 2.100
				,"percent": 0.04
				}
			,{
				"<=msec": 2.200
				,"percent": 0.07
				}
			,{
				"<=msec": 2.300
				,"percent": 0.17
				}
			,{
				"<=msec": 2.400
				,"percent": 0.40
				}
			,{
				"<=msec": 2.500
				,"percent": 0.85
				}
			,{
				"<=msec": 2.600
				,"percent": 1.44
				}
			,{
				"<=msec": 2.700
				,"percent": 2.39
				}
			,{
				"<=msec": 2.800
				,"percent": 3.68
				}
			,{
				"<=msec": 2.900
				,"percent": 5.15
				}
			,{
				"<=msec": 3.000
				,"percent": 6.95
				}
			,{
				"<=msec": 3.100
				,"percent": 8.44
				}
			,{
				"<=msec": 3.200
				,"percent": 10.00
				}
			,{
				"<=msec": 3.300
				,"percent": 11.36
				}
			,{
				"<=msec": 3.400
				,"percent": 12.55
				}
			,{
				"<=msec": 3.500
				,"percent": 13.70
				}
			,{
				"<=msec": 3.600
				,"percent": 14.84
				}
			,{
				"<=msec": 3.700
				,"percent": 15.62
				}
			,{
				"<=msec": 3.800
				,"percent": 16.47
				}
			,{
				"<=msec": 3.900
				,"percent": 17.21
				}
			,{
				"<=msec": 4.000
				,"percent": 17.96
				}
			,{
				"<=msec": 4.100
				,"percent": 18.64
				}
			,{
				"<=msec": 4.200
				,"percent": 19.20
				}
			,{
				"<=msec": 4.300
				,"percent": 19.65
				}
			,{
				"<=msec": 4.400
				,"percent": 20.23
				}
			,{
				"<=msec": 4.500
				,"percent": 20.57
				}
			,{
				"<=msec": 4.600
				,"percent": 21.10
				}
			,{
				"<=msec": 4.700
				,"percent": 21.41
				}
			,{
				"<=msec": 4.800
				,"percent": 21.64
				}
			,{
				"<=msec": 4.900
				,"percent": 21.83
				}
			,{
				"<=msec": 5.000
				,"percent": 22.17
				}
			,{
				"<=msec": 5.100
				,"percent": 22.40
				}
			,{
				"<=msec": 5.200
				,"percent": 22.77
				}
			,{
				"<=msec": 5.300
				,"percent": 23.00
				}
			,{
				"<=msec": 5.400
				,"percent": 23.24
				}
			,{
				"<=msec": 5.500
				,"percent": 23.51
				}
			,{
				"<=msec": 5.600
				,"percent": 23.84
				}
			,{
				"<=msec": 5.700
				,"percent": 24.11
				}
			,{
				"<=msec": 5.800
				,"percent": 24.30
				}
			,{
				"<=msec": 5.900
				,"percent": 24.49
				}
			,{
				"<=msec": 6.000
				,"percent": 24.69
				}
			,{
				"<=msec": 6.100
				,"percent": 24.94
				}
			,{
				"<=msec": 6.200
				,"percent": 25.35
				}
			,{
				"<=msec": 6.300
				,"percent": 25.58
				}
			,{
				"<=msec": 6.400
				,"percent": 25.82
				}
			,{
				"<=msec": 6.500
				,"percent": 26.01
				}
			,{
				"<=msec": 6.600
				,"percent": 26.22
				}
			,{
				"<=msec": 6.700
				,"percent": 26.44
				}
			,{
				"<=msec": 6.800
				,"percent": 26.70
				}
			,{
				"<=msec": 6.900
				,"percent": 26.91
				}
			,{
				"<=msec": 7.000
				,"percent": 27.20
				}
			,{
				"<=msec": 7.100
				,"percent": 27.43
				}
			,{
				"<=msec": 7.200
				,"percent": 27.77
				}
			,{
				"<=msec": 7.300
				,"percent": 28.19
				}
			,{
				"<=msec": 7.400
				,"percent": 28.55
				}
			,{
				"<=msec": 7.500
				,"percent": 28.89
				}
			,{
				"<=msec": 7.600
				,"percent": 29.21
				}
			,{
				"<=msec": 7.700
				,"percent": 29.65
				}
			,{
				"<=msec": 7.800
				,"percent": 30.09
				}
			,{
				"<=msec": 7.900
				,"percent": 30.57
				}
			,{
				"<=msec": 8.000
				,"percent": 31.08
				}
			,{
				"<=msec": 8.100
				,"percent": 31.58
				}
			,{
				"<=msec": 8.200
				,"percent": 31.88
				}
			,{
				"<=msec": 8.300
				,"percent": 32.22
				}
			,{
				"<=msec": 8.400
				,"percent": 32.56
				}
			,{
				"<=msec": 8.500
				,"percent": 32.94
				}
			,{
				"<=msec": 8.600
				,"percent": 33.45
				}
			,{
				"<=msec": 8.700
				,"percent": 33.78
				}
			,{
				"<=msec": 8.800
				,"percent": 34.30
				}
			,{
				"<=msec": 8.900
				,"percent": 34.78
				}
			,{
				"<=msec": 9.000
				,"percent": 35.25
				}
			,{
				"<=msec": 9.100
				,"percent": 35.74
				}
			,{
				"<=msec": 9.200
				,"percent": 36.07
				}
			,{
				"<=msec": 9.300
				,"percent": 36.50
				}
			,{
				"<=msec": 9.400
				,"percent": 36.97
				}
			,{
				"<=msec": 9.500
				,"percent": 37.42
				}
			,{
				"<=msec": 9.600
				,"percent": 37.85
				}
			,{
				"<=msec": 9.700
				,"percent": 38.32
				}
			,{
				"<=msec": 9.800
				,"percent": 38.70
				}
			,{
				"<=msec": 9.900
				,"percent": 39.11
				}
			,{
				"<=msec": 10.000
				,"percent": 42.05
				}
			,{
				"<=msec": 11.000
				,"percent": 49.01
				}
			,{
				"<=msec": 12.000
				,"percent": 61.88
				}
			,{
				"<=msec": 13.000
				,"percent": 88.40
				}
			,{
				"<=msec": 14.000
				,"percent": 96.17
				}
			,{
				"<=msec": 15.000
				,"percent": 97.84
				}
			,{
				"<=msec": 16.000
				,"percent": 98.55
				}
			,{
				"<=msec": 17.000
				,"percent": 99.07
				}
			,{
				"<=msec": 18.000
				,"percent": 99.38
				}
			,{
				"<=msec": 19.000
				,"percent": 99.58
				}
			,{
				"<=msec": 20.000
				,"percent": 99.69
				}
			,{
				"<=msec": 21.000
				,"percent": 99.71
				}
			,{
				"<=msec": 23.000
				,"percent": 99.75
				}
			,{
				"<=msec": 24.000
				,"percent": 99.77
				}
			,{
				"<=msec": 25.000
				,"percent": 99.79
				}
			,{
				"<=msec": 26.000
				,"percent": 99.81
				}
			,{
				"<=msec": 27.000
				,"percent": 99.88
				}
			,{
				"<=msec": 28.000
				,"percent": 99.95
				}
			,{
				"<=msec": 29.000
				,"percent": 99.98
				}
			,{
				"<=msec": 31.000
				,"percent": 99.99
				}
			,{
				"<=msec": 37.000
				,"percent": 100.00
				}
			]
		,"WAIT":[
		]
		}
	}
