{
	"configuration":{
		"server": "10.0.0.4"
		,"port": 11212
		,"unix socket": "(null)"
		,"protocol": "memcache_text"
		,"out_file": "(null)"
		,"client_stats": "(null)"
		,"run_count": 1
		,"debug": 0
		,"requests": 0
		,"clients": 2
		,"threads": 1
		,"test_time": 60
		,"ratio": "1:9"
		,"pipeline": 1
		,"data_size": 4096
		,"data_offset": 0
		,"random_data": "false"
		,"data_size_range": "0:0"
		,"data_size_list": ""
		,"data_size_pattern": "R"
		,"expiry_range": "9999:10000"
		,"data_import": "(null)"
		,"data_verify": "false"
		,"verify_only": "false"
		,"generate_keys": "false"
		,"key_prefix": "memtier-"
		,"key_minimum":           0
		,"key_maximum":        1000
		,"key_pattern": "R:R"
		,"key_stddev": 0.000000
		,"key_median": 0.000000
		,"reconnect_interval": 0
		,"multi_key_get": 9
		,"authenticate": ""
		,"select-db": 0
		,"no-expiry": "false"
		,"wait-ratio": "0:0"
		,"num-slaves": "0:0"
		,"wait-timeout": "0-0"
		}
	,"run information":{
		"Threads": 1
		,"Connections per thread": 2
		,"Seconds": 60
		}
	,"ALL STATS":{
		"Sets":{
			"Ops/sec": 141.28
			,"Hits/sec": 0.00
			,"Misses/sec": 0.00
			,"Latency": 4.43
			,"KB/sec": 570.56
			}
		,"Gets":{
			"Ops/sec": 141.26
			,"Hits/sec": 1271.38
			,"Misses/sec": 0.00
			,"Latency": 9.70
			,"KB/sec": 5136.30
			}
		,"Waits":{
			"Ops/sec": 0.00
			,"Hits/sec": 0.00
			,"Misses/sec": 0.00
			,"Latency": 0.00
			,"KB/sec": 0.00
			}
		,"Totals":{
			"Ops/sec": 282.55
			,"Hits/sec": 1271.38
			,"Misses/sec": 0.00
			,"Latency": 7.07
			,"KB/sec": 5706.86
			}
		,"SET":[
			{
				"<=msec": 1.500
				,"percent": 0.01
				}
			,{
				"<=msec": 1.600
				,"percent": 0.02
				}
			,{
				"<=msec": 1.700
				,"percent": 0.21
				}
			,{
				"<=msec": 1.800
				,"percent": 0.88
				}
			,{
				"<=msec": 1.900
				,"percent": 2.55
				}
			,{
				"<=msec": 2.000
				,"percent": 6.09
				}
			,{
				"<=msec": 2.100
				,"percent": 11.36
				}
			,{
				"<=msec": 2.200
				,"percent": 17.80
				}
			,{
				"<=msec": 2.300
				,"percent": 24.64
				}
			,{
				"<=msec": 2.400
				,"percent": 31.15
				}
			,{
				"<=msec": 2.500
				,"percent": 37.63
				}
			,{
				"<=msec": 2.600
				,"percent": 42.95
				}
			,{
				"<=msec": 2.700
				,"percent": 47.87
				}
			,{
				"<=msec": 2.800
				,"percent": 51.59
				}
			,{
				"<=msec": 2.900
				,"percent": 54.61
				}
			,{
				"<=msec": 3.000
				,"percent": 56.85
				}
			,{
				"<=msec": 3.100
				,"percent": 58.81
				}
			,{
				"<=msec": 3.200
				,"percent": 60.62
				}
			,{
				"<=msec": 3.300
				,"percent": 62.26
				}
			,{
				"<=msec": 3.400
				,"percent": 63.69
				}
			,{
				"<=msec": 3.500
				,"percent": 64.63
				}
			,{
				"<=msec": 3.600
				,"percent": 65.73
				}
			,{
				"<=msec": 3.700
				,"percent": 66.52
				}
			,{
				"<=msec": 3.800
				,"percent": 67.38
				}
			,{
				"<=msec": 3.900
				,"percent": 68.05
				}
			,{
				"<=msec": 4.000
				,"percent": 68.74
				}
			,{
				"<=msec": 4.100
				,"percent": 69.25
				}
			,{
				"<=msec": 4.200
				,"percent": 70.00
				}
			,{
				"<=msec": 4.300
				,"percent": 70.53
				}
			,{
				"<=msec": 4.400
				,"percent": 71.10
				}
			,{
				"<=msec": 4.500
				,"percent": 71.61
				}
			,{
				"<=msec": 4.600
				,"percent": 72.07
				}
			,{
				"<=msec": 4.700
				,"percent": 72.60
				}
			,{
				"<=msec": 4.800
				,"percent": 73.01
				}
			,{
				"<=msec": 4.900
				,"percent": 73.52
				}
			,{
				"<=msec": 5.000
				,"percent": 74.02
				}
			,{
				"<=msec": 5.100
				,"percent": 74.47
				}
			,{
				"<=msec": 5.200
				,"percent": 74.99
				}
			,{
				"<=msec": 5.300
				,"percent": 75.46
				}
			,{
				"<=msec": 5.400
				,"percent": 75.92
				}
			,{
				"<=msec": 5.500
				,"percent": 76.28
				}
			,{
				"<=msec": 5.600
				,"percent": 76.68
				}
			,{
				"<=msec": 5.700
				,"percent": 77.01
				}
			,{
				"<=msec": 5.800
				,"percent": 77.37
				}
			,{
				"<=msec": 5.900
				,"percent": 77.72
				}
			,{
				"<=msec": 6.000
				,"percent": 78.01
				}
			,{
				"<=msec": 6.100
				,"percent": 78.33
				}
			,{
				"<=msec": 6.200
				,"percent": 78.68
				}
			,{
				"<=msec": 6.300
				,"percent": 78.98
				}
			,{
				"<=msec": 6.400
				,"percent": 79.33
				}
			,{
				"<=msec": 6.500
				,"percent": 79.58
				}
			,{
				"<=msec": 6.600
				,"percent": 79.82
				}
			,{
				"<=msec": 6.700
				,"percent": 80.17
				}
			,{
				"<=msec": 6.800
				,"percent": 80.49
				}
			,{
				"<=msec": 6.900
				,"percent": 80.80
				}
			,{
				"<=msec": 7.000
				,"percent": 81.03
				}
			,{
				"<=msec": 7.100
				,"percent": 81.28
				}
			,{
				"<=msec": 7.200
				,"percent": 81.62
				}
			,{
				"<=msec": 7.300
				,"percent": 81.89
				}
			,{
				"<=msec": 7.400
				,"percent": 82.18
				}
			,{
				"<=msec": 7.500
				,"percent": 82.49
				}
			,{
				"<=msec": 7.600
				,"percent": 82.88
				}
			,{
				"<=msec": 7.700
				,"percent": 83.14
				}
			,{
				"<=msec": 7.800
				,"percent": 83.40
				}
			,{
				"<=msec": 7.900
				,"percent": 83.66
				}
			,{
				"<=msec": 8.000
				,"percent": 83.99
				}
			,{
				"<=msec": 8.100
				,"percent": 84.28
				}
			,{
				"<=msec": 8.200
				,"percent": 84.48
				}
			,{
				"<=msec": 8.300
				,"percent": 84.72
				}
			,{
				"<=msec": 8.400
				,"percent": 84.95
				}
			,{
				"<=msec": 8.500
				,"percent": 85.28
				}
			,{
				"<=msec": 8.600
				,"percent": 85.63
				}
			,{
				"<=msec": 8.700
				,"percent": 85.94
				}
			,{
				"<=msec": 8.800
				,"percent": 86.17
				}
			,{
				"<=msec": 8.900
				,"percent": 86.50
				}
			,{
				"<=msec": 9.000
				,"percent": 86.69
				}
			,{
				"<=msec": 9.100
				,"percent": 86.89
				}
			,{
				"<=msec": 9.200
				,"percent": 87.34
				}
			,{
				"<=msec": 9.300
				,"percent": 87.70
				}
			,{
				"<=msec": 9.400
				,"percent": 87.99
				}
			,{
				"<=msec": 9.500
				,"percent": 88.31
				}
			,{
				"<=msec": 9.600
				,"percent": 88.66
				}
			,{
				"<=msec": 9.700
				,"percent": 89.03
				}
			,{
				"<=msec": 9.800
				,"percent": 89.42
				}
			,{
				"<=msec": 9.900
				,"percent": 89.70
				}
			,{
				"<=msec": 10.000
				,"percent": 91.19
				}
			,{
				"<=msec": 11.000
				,"percent": 92.83
				}
			,{
				"<=msec": 12.000
				,"percent": 96.66
				}
			,{
				"<=msec": 13.000
				,"percent": 99.08
				}
			,{
				"<=msec": 14.000
				,"percent": 99.43
				}
			,{
				"<=msec": 15.000
				,"percent": 99.71
				}
			,{
				"<=msec": 16.000
				,"percent": 99.83
				}
			,{
				"<=msec": 18.000
				,"percent": 99.85
				}
			,{
				"<=msec": 19.000
				,"percent": 99.86
				}
			,{
				"<=msec": 20.000
				,"percent": 99.88
				}
			,{
				"<=msec": 21.000
				,"percent": 99.94
				}
			,{
				"<=msec": 22.000
				,"percent": 99.95
				}
			,{
				"<=msec": 23.000
				,"percent": 99.96
				}
			,{
				"<=msec": 28.000
				,"percent": 99.99
				}
			,{
				"<=msec": 29.000
				,"percent": 100.00
				}
			]
		,"GET":[
			{
				"<=msec": 2.100
				,"percent": 0.04
				}
			,{
				"<=msec": 2.200
				,"percent": 0.06
				}
			,{
				"<=msec": 2.300
				,"percent": 0.19
				}
			,{
				"<=msec": 2.400
				,"percent": 0.54
				}
			,{
				"<=msec": 2.500
				,"percent": 1.24
				}
			,{
				"<=msec": 2.600
				,"percent": 2.29
				}
			,{
				"<=msec": 2.700
				,"percent": 3.49
				}
			,{
				"<=msec": 2.800
				,"percent": 5.25
				}
			,{
				"<=msec": 2.900
				,"percent": 7.08
				}
			,{
				"<=msec": 3.000
				,"percent": 8.93
				}
			,{
				"<=msec": 3.100
				,"percent": 10.67
				}
			,{
				"<=msec": 3.200
				,"percent": 12.51
				}
			,{
				"<=msec": 3.300
				,"percent": 14.17
				}
			,{
				"<=msec": 3.400
				,"percent": 15.51
				}
			,{
				"<=msec": 3.500
				,"percent": 16.85
				}
			,{
				"<=msec": 3.600
				,"percent": 17.86
				}
			,{
				"<=msec": 3.700
				,"percent": 18.68
				}
			,{
				"<=msec": 3.800
				,"percent": 19.48
				}
			,{
				"<=msec": 3.900
				,"percent": 20.15
				}
			,{
				"<=msec": 4.000
				,"percent": 20.85
				}
			,{
				"<=msec": 4.100
				,"percent": 21.44
				}
			,{
				"<=msec": 4.200
				,"percent": 21.87
				}
			,{
				"<=msec": 4.300
				,"percent": 22.31
				}
			,{
				"<=msec": 4.400
				,"percent": 22.64
				}
			,{
				"<=msec": 4.500
				,"percent": 22.94
				}
			,{
				"<=msec": 4.600
				,"percent": 23.21
				}
			,{
				"<=msec": 4.700
				,"percent": 23.54
				}
			,{
				"<=msec": 4.800
				,"percent": 23.87
				}
			,{
				"<=msec": 4.900
				,"percent": 24.12
				}
			,{
				"<=msec": 5.000
				,"percent": 24.32
				}
			,{
				"<=msec": 5.100
				,"percent": 24.61
				}
			,{
				"<=msec": 5.200
				,"percent": 24.86
				}
			,{
				"<=msec": 5.300
				,"percent": 25.11
				}
			,{
				"<=msec": 5.400
				,"percent": 25.26
				}
			,{
				"<=msec": 5.500
				,"percent": 25.41
				}
			,{
				"<=msec": 5.600
				,"percent": 25.54
				}
			,{
				"<=msec": 5.700
				,"percent": 25.78
				}
			,{
				"<=msec": 5.800
				,"percent": 26.00
				}
			,{
				"<=msec": 5.900
				,"percent": 26.19
				}
			,{
				"<=msec": 6.000
				,"percent": 26.39
				}
			,{
				"<=msec": 6.100
				,"percent": 26.59
				}
			,{
				"<=msec": 6.200
				,"percent": 26.84
				}
			,{
				"<=msec": 6.300
				,"percent": 27.09
				}
			,{
				"<=msec": 6.400
				,"percent": 27.48
				}
			,{
				"<=msec": 6.500
				,"percent": 27.71
				}
			,{
				"<=msec": 6.600
				,"percent": 28.03
				}
			,{
				"<=msec": 6.700
				,"percent": 28.29
				}
			,{
				"<=msec": 6.800
				,"percent": 28.54
				}
			,{
				"<=msec": 6.900
				,"percent": 28.89
				}
			,{
				"<=msec": 7.000
				,"percent": 29.37
				}
			,{
				"<=msec": 7.100
				,"percent": 29.74
				}
			,{
				"<=msec": 7.200
				,"percent": 30.18
				}
			,{
				"<=msec": 7.300
				,"percent": 30.57
				}
			,{
				"<=msec": 7.400
				,"percent": 30.98
				}
			,{
				"<=msec": 7.500
				,"percent": 31.43
				}
			,{
				"<=msec": 7.600
				,"percent": 31.85
				}
			,{
				"<=msec": 7.700
				,"percent": 32.26
				}
			,{
				"<=msec": 7.800
				,"percent": 32.65
				}
			,{
				"<=msec": 7.900
				,"percent": 32.89
				}
			,{
				"<=msec": 8.000
				,"percent": 33.29
				}
			,{
				"<=msec": 8.100
				,"percent": 33.60
				}
			,{
				"<=msec": 8.200
				,"percent": 34.05
				}
			,{
				"<=msec": 8.300
				,"percent": 34.44
				}
			,{
				"<=msec": 8.400
				,"percent": 34.72
				}
			,{
				"<=msec": 8.500
				,"percent": 35.03
				}
			,{
				"<=msec": 8.600
				,"percent": 35.41
				}
			,{
				"<=msec": 8.700
				,"percent": 35.72
				}
			,{
				"<=msec": 8.800
				,"percent": 35.98
				}
			,{
				"<=msec": 8.900
				,"percent": 36.30
				}
			,{
				"<=msec": 9.000
				,"percent": 36.64
				}
			,{
				"<=msec": 9.100
				,"percent": 37.01
				}
			,{
				"<=msec": 9.200
				,"percent": 37.42
				}
			,{
				"<=msec": 9.300
				,"percent": 37.82
				}
			,{
				"<=msec": 9.400
				,"percent": 38.15
				}
			,{
				"<=msec": 9.500
				,"percent": 38.49
				}
			,{
				"<=msec": 9.600
				,"percent": 38.90
				}
			,{
				"<=msec": 9.700
				,"percent": 39.29
				}
			,{
				"<=msec": 9.800
				,"percent": 39.59
				}
			,{
				"<=msec": 9.900
				,"percent": 40.08
				}
			,{
				"<=msec": 10.000
				,"percent": 43.22
				}
			,{
				"<=msec": 11.000
				,"percent": 49.91
				}
			,{
				"<=msec": 12.000
				,"percent": 61.35
				}
			,{
				"<=msec": 13.000
				,"percent": 88.47
				}
			,{
				"<=msec": 14.000
				,"percent": 96.77
				}
			,{
				"<=msec": 15.000
				,"percent": 98.27
				}
			,{
				"<=msec": 16.000
				,"percent": 98.96
				}
			,{
				"<=msec": 17.000
				,"percent": 99.28
				}
			,{
				"<=msec": 18.000
				,"percent": 99.45
				}
			,{
				"<=msec": 19.000
				,"percent": 99.60
				}
			,{
				"<=msec": 20.000
				,"percent": 99.65
				}
			,{
				"<=msec": 21.000
				,"percent": 99.71
				}
			,{
				"<=msec": 23.000
				,"percent": 99.73
				}
			,{
				"<=msec": 24.000
				,"percent": 99.78
				}
			,{
				"<=msec": 25.000
				,"percent": 99.80
				}
			,{
				"<=msec": 26.000
				,"percent": 99.83
				}
			,{
				"<=msec": 27.000
				,"percent": 99.87
				}
			,{
				"<=msec": 28.000
				,"percent": 99.96
				}
			,{
				"<=msec": 29.000
				,"percent": 99.98
				}
			,{
				"<=msec": 32.000
				,"percent": 99.99
				}
			,{
				"<=msec": 41.000
				,"percent": 100.00
				}
			]
		,"WAIT":[
		]
		}
	}
