{
	"configuration":{
		"server": "10.0.0.4"
		,"port": 11212
		,"unix socket": "(null)"
		,"protocol": "memcache_text"
		,"out_file": "(null)"
		,"client_stats": "(null)"
		,"run_count": 1
		,"debug": 0
		,"requests": 0
		,"clients": 2
		,"threads": 1
		,"test_time": 60
		,"ratio": "1:1"
		,"pipeline": 1
		,"data_size": 4096
		,"data_offset": 0
		,"random_data": "false"
		,"data_size_range": "0:0"
		,"data_size_list": ""
		,"data_size_pattern": "R"
		,"expiry_range": "9999:10000"
		,"data_import": "(null)"
		,"data_verify": "false"
		,"verify_only": "false"
		,"generate_keys": "false"
		,"key_prefix": "memtier-"
		,"key_minimum":           0
		,"key_maximum":        1000
		,"key_pattern": "R:R"
		,"key_stddev": 0.000000
		,"key_median": 0.000000
		,"reconnect_interval": 0
		,"multi_key_get": 1
		,"authenticate": ""
		,"select-db": 0
		,"no-expiry": "false"
		,"wait-ratio": "0:0"
		,"num-slaves": "0:0"
		,"wait-timeout": "0-0"
		}
	,"run information":{
		"Threads": 1
		,"Connections per thread": 2
		,"Seconds": 60
		}
	,"ALL STATS":{
		"Sets":{
			"Ops/sec": 359.27
			,"Hits/sec": 0.00
			,"Misses/sec": 0.00
			,"Latency": 3.15
			,"KB/sec": 1450.91
			}
		,"Gets":{
			"Ops/sec": 359.24
			,"Hits/sec": 359.24
			,"Misses/sec": 0.00
			,"Latency": 2.40
			,"KB/sec": 1454.42
			}
		,"Waits":{
			"Ops/sec": 0.00
			,"Hits/sec": 0.00
			,"Misses/sec": 0.00
			,"Latency": 0.00
			,"KB/sec": 0.00
			}
		,"Totals":{
			"Ops/sec": 718.51
			,"Hits/sec": 359.24
			,"Misses/sec": 0.00
			,"Latency": 2.77
			,"KB/sec": 2905.34
			}
		,"SET":[
			{
				"<=msec": 1.400
				,"percent": 0.00
				}
			,{
				"<=msec": 1.500
				,"percent": 0.36
				}
			,{
				"<=msec": 1.600
				,"percent": 1.78
				}
			,{
				"<=msec": 1.700
				,"percent": 5.74
				}
			,{
				"<=msec": 1.800
				,"percent": 11.79
				}
			,{
				"<=msec": 1.900
				,"percent": 19.03
				}
			,{
				"<=msec": 2.000
				,"percent": 26.56
				}
			,{
				"<=msec": 2.100
				,"percent": 33.93
				}
			,{
				"<=msec": 2.200
				,"percent": 40.64
				}
			,{
				"<=msec": 2.300
				,"percent": 46.76
				}
			,{
				"<=msec": 2.400
				,"percent": 52.19
				}
			,{
				"<=msec": 2.500
				,"percent": 56.77
				}
			,{
				"<=msec": 2.600
				,"percent": 60.55
				}
			,{
				"<=msec": 2.700
				,"percent": 63.78
				}
			,{
				"<=msec": 2.800
				,"percent": 66.64
				}
			,{
				"<=msec": 2.900
				,"percent": 68.94
				}
			,{
				"<=msec": 3.000
				,"percent": 70.99
				}
			,{
				"<=msec": 3.100
				,"percent": 72.59
				}
			,{
				"<=msec": 3.200
				,"percent": 74.14
				}
			,{
				"<=msec": 3.300
				,"percent": 75.38
				}
			,{
				"<=msec": 3.400
				,"percent": 76.49
				}
			,{
				"<=msec": 3.500
				,"percent": 77.55
				}
			,{
				"<=msec": 3.600
				,"percent": 78.59
				}
			,{
				"<=msec": 3.700
				,"percent": 79.62
				}
			,{
				"<=msec": 3.800
				,"percent": 80.44
				}
			,{
				"<=msec": 3.900
				,"percent": 81.13
				}
			,{
				"<=msec": 4.000
				,"percent": 81.71
				}
			,{
				"<=msec": 4.100
				,"percent": 82.31
				}
			,{
				"<=msec": 4.200
				,"percent": 83.00
				}
			,{
				"<=msec": 4.300
				,"percent": 83.60
				}
			,{
				"<=msec": 4.400
				,"percent": 84.14
				}
			,{
				"<=msec": 4.500
				,"percent": 84.56
				}
			,{
				"<=msec": 4.600
				,"percent": 84.98
				}
			,{
				"<=msec": 4.700
				,"percent": 85.42
				}
			,{
				"<=msec": 4.800
				,"percent": 85.82
				}
			,{
				"<=msec": 4.900
				,"percent": 86.19
				}
			,{
				"<=msec": 5.000
				,"percent": 86.63
				}
			,{
				"<=msec": 5.100
				,"percent": 87.04
				}
			,{
				"<=msec": 5.200
				,"percent": 87.40
				}
			,{
				"<=msec": 5.300
				,"percent": 87.79
				}
			,{
				"<=msec": 5.400
				,"percent": 88.11
				}
			,{
				"<=msec": 5.500
				,"percent": 88.48
				}
			,{
				"<=msec": 5.600
				,"percent": 88.82
				}
			,{
				"<=msec": 5.700
				,"percent": 89.23
				}
			,{
				"<=msec": 5.800
				,"percent": 89.67
				}
			,{
				"<=msec": 5.900
				,"percent": 89.97
				}
			,{
				"<=msec": 6.000
				,"percent": 90.37
				}
			,{
				"<=msec": 6.100
				,"percent": 90.68
				}
			,{
				"<=msec": 6.200
				,"percent": 91.00
				}
			,{
				"<=msec": 6.300
				,"percent": 91.28
				}
			,{
				"<=msec": 6.400
				,"percent": 91.65
				}
			,{
				"<=msec": 6.500
				,"percent": 91.95
				}
			,{
				"<=msec": 6.600
				,"percent": 92.29
				}
			,{
				"<=msec": 6.700
				,"percent": 92.55
				}
			,{
				"<=msec": 6.800
				,"percent": 92.88
				}
			,{
				"<=msec": 6.900
				,"percent": 93.22
				}
			,{
				"<=msec": 7.000
				,"percent": 93.60
				}
			,{
				"<=msec": 7.100
				,"percent": 93.92
				}
			,{
				"<=msec": 7.200
				,"percent": 94.21
				}
			,{
				"<=msec": 7.300
				,"percent": 94.61
				}
			,{
				"<=msec": 7.400
				,"percent": 94.91
				}
			,{
				"<=msec": 7.500
				,"percent": 95.27
				}
			,{
				"<=msec": 7.600
				,"percent": 95.64
				}
			,{
				"<=msec": 7.700
				,"percent": 95.96
				}
			,{
				"<=msec": 7.800
				,"percent": 96.20
				}
			,{
				"<=msec": 7.900
				,"percent": 96.47
				}
			,{
				"<=msec": 8.000
				,"percent": 96.66
				}
			,{
				"<=msec": 8.100
				,"percent": 96.87
				}
			,{
				"<=msec": 8.200
				,"percent": 97.07
				}
			,{
				"<=msec": 8.300
				,"percent": 97.25
				}
			,{
				"<=msec": 8.400
				,"percent": 97.44
				}
			,{
				"<=msec": 8.500
				,"percent": 97.57
				}
			,{
				"<=msec": 8.600
				,"percent": 97.74
				}
			,{
				"<=msec": 8.700
				,"percent": 97.87
				}
			,{
				"<=msec": 8.800
				,"percent": 97.97
				}
			,{
				"<=msec": 8.900
				,"percent": 98.07
				}
			,{
				"<=msec": 9.000
				,"percent": 98.16
				}
			,{
				"<=msec": 9.100
				,"percent": 98.30
				}
			,{
				"<=msec": 9.200
				,"percent": 98.37
				}
			,{
				"<=msec": 9.300
				,"percent": 98.43
				}
			,{
				"<=msec": 9.400
				,"percent": 98.49
				}
			,{
				"<=msec": 9.500
				,"percent": 98.53
				}
			,{
				"<=msec": 9.600
				,"percent": 98.64
				}
			,{
				"<=msec": 9.700
				,"percent": 98.70
				}
			,{
				"<=msec": 9.800
				,"percent": 98.72
				}
			,{
				"<=msec": 9.900
				,"percent": 98.77
				}
			,{
				"<=msec": 10.000
				,"percent": 99.08
				}
			,{
				"<=msec": 11.000
				,"percent": 99.38
				}
			,{
				"<=msec": 12.000
				,"percent": 99.64
				}
			,{
				"<=msec": 13.000
				,"percent": 99.74
				}
			,{
				"<=msec": 14.000
				,"percent": 99.82
				}
			,{
				"<=msec": 15.000
				,"percent": 99.87
				}
			,{
				"<=msec": 16.000
				,"percent": 99.90
				}
			,{
				"<=msec": 17.000
				,"percent": 99.93
				}
			,{
				"<=msec": 18.000
				,"percent": 99.94
				}
			,{
				"<=msec": 19.000
				,"percent": 99.96
				}
			,{
				"<=msec": 20.000
				,"percent": 99.97
				}
			,{
				"<=msec": 21.000
				,"percent": 99.98
				}
			,{
				"<=msec": 22.000
				,"percent": 99.98
				}
			,{
				"<=msec": 23.000
				,"percent": 99.99
				}
			,{
				"<=msec": 24.000
				,"percent": 99.99
				}
			,{
				"<=msec": 28.000
				,"percent": 100.00
				}
			,{
				"<=msec": 29.000
				,"percent": 100.00
				}
			]
		,"GET":[
			{
				"<=msec": 1.200
				,"percent": 0.00
				}
			,{
				"<=msec": 1.300
				,"percent": 0.14
				}
			,{
				"<=msec": 1.400
				,"percent": 1.84
				}
			,{
				"<=msec": 1.500
				,"percent": 7.46
				}
			,{
				"<=msec": 1.600
				,"percent": 17.09
				}
			,{
				"<=msec": 1.700
				,"percent": 28.44
				}
			,{
				"<=msec": 1.800
				,"percent": 39.19
				}
			,{
				"<=msec": 1.900
				,"percent": 48.07
				}
			,{
				"<=msec": 2.000
				,"percent": 55.51
				}
			,{
				"<=msec": 2.100
				,"percent": 62.03
				}
			,{
				"<=msec": 2.200
				,"percent": 67.29
				}
			,{
				"<=msec": 2.300
				,"percent": 71.65
				}
			,{
				"<=msec": 2.400
				,"percent": 75.14
				}
			,{
				"<=msec": 2.500
				,"percent": 78.04
				}
			,{
				"<=msec": 2.600
				,"percent": 80.29
				}
			,{
				"<=msec": 2.700
				,"percent": 82.28
				}
			,{
				"<=msec": 2.800
				,"percent": 83.91
				}
			,{
				"<=msec": 2.900
				,"percent": 85.33
				}
			,{
				"<=msec": 3.000
				,"percent": 86.47
				}
			,{
				"<=msec": 3.100
				,"percent": 87.52
				}
			,{
				"<=msec": 3.200
				,"percent": 88.42
				}
			,{
				"<=msec": 3.300
				,"percent": 89.11
				}
			,{
				"<=msec": 3.400
				,"percent": 89.76
				}
			,{
				"<=msec": 3.500
				,"percent": 90.29
				}
			,{
				"<=msec": 3.600
				,"percent": 90.81
				}
			,{
				"<=msec": 3.700
				,"percent": 91.27
				}
			,{
				"<=msec": 3.800
				,"percent": 91.64
				}
			,{
				"<=msec": 3.900
				,"percent": 91.97
				}
			,{
				"<=msec": 4.000
				,"percent": 92.34
				}
			,{
				"<=msec": 4.100
				,"percent": 92.67
				}
			,{
				"<=msec": 4.200
				,"percent": 92.99
				}
			,{
				"<=msec": 4.300
				,"percent": 93.31
				}
			,{
				"<=msec": 4.400
				,"percent": 93.57
				}
			,{
				"<=msec": 4.500
				,"percent": 93.75
				}
			,{
				"<=msec": 4.600
				,"percent": 93.98
				}
			,{
				"<=msec": 4.700
				,"percent": 94.19
				}
			,{
				"<=msec": 4.800
				,"percent": 94.32
				}
			,{
				"<=msec": 4.900
				,"percent": 94.53
				}
			,{
				"<=msec": 5.000
				,"percent": 94.70
				}
			,{
				"<=msec": 5.100
				,"percent": 94.92
				}
			,{
				"<=msec": 5.200
				,"percent": 95.08
				}
			,{
				"<=msec": 5.300
				,"percent": 95.26
				}
			,{
				"<=msec": 5.400
				,"percent": 95.45
				}
			,{
				"<=msec": 5.500
				,"percent": 95.56
				}
			,{
				"<=msec": 5.600
				,"percent": 95.69
				}
			,{
				"<=msec": 5.700
				,"percent": 95.89
				}
			,{
				"<=msec": 5.800
				,"percent": 96.01
				}
			,{
				"<=msec": 5.900
				,"percent": 96.21
				}
			,{
				"<=msec": 6.000
				,"percent": 96.38
				}
			,{
				"<=msec": 6.100
				,"percent": 96.48
				}
			,{
				"<=msec": 6.200
				,"percent": 96.68
				}
			,{
				"<=msec": 6.300
				,"percent": 96.85
				}
			,{
				"<=msec": 6.400
				,"percent": 96.98
				}
			,{
				"<=msec": 6.500
				,"percent": 97.13
				}
			,{
				"<=msec": 6.600
				,"percent": 97.29
				}
			,{
				"<=msec": 6.700
				,"percent": 97.43
				}
			,{
				"<=msec": 6.800
				,"percent": 97.56
				}
			,{
				"<=msec": 6.900
				,"percent": 97.72
				}
			,{
				"<=msec": 7.000
				,"percent": 97.84
				}
			,{
				"<=msec": 7.100
				,"percent": 97.99
				}
			,{
				"<=msec": 7.200
				,"percent": 98.09
				}
			,{
				"<=msec": 7.300
				,"percent": 98.26
				}
			,{
				"<=msec": 7.400
				,"percent": 98.41
				}
			,{
				"<=msec": 7.500
				,"percent": 98.55
				}
			,{
				"<=msec": 7.600
				,"percent": 98.62
				}
			,{
				"<=msec": 7.700
				,"percent": 98.71
				}
			,{
				"<=msec": 7.800
				,"percent": 98.79
				}
			,{
				"<=msec": 7.900
				,"percent": 98.84
				}
			,{
				"<=msec": 8.000
				,"percent": 98.91
				}
			,{
				"<=msec": 8.100
				,"percent": 98.96
				}
			,{
				"<=msec": 8.200
				,"percent": 99.01
				}
			,{
				"<=msec": 8.300
				,"percent": 99.04
				}
			,{
				"<=msec": 8.400
				,"percent": 99.08
				}
			,{
				"<=msec": 8.500
				,"percent": 99.13
				}
			,{
				"<=msec": 8.600
				,"percent": 99.16
				}
			,{
				"<=msec": 8.700
				,"percent": 99.20
				}
			,{
				"<=msec": 8.800
				,"percent": 99.26
				}
			,{
				"<=msec": 8.900
				,"percent": 99.30
				}
			,{
				"<=msec": 9.000
				,"percent": 99.31
				}
			,{
				"<=msec": 9.100
				,"percent": 99.33
				}
			,{
				"<=msec": 9.200
				,"percent": 99.36
				}
			,{
				"<=msec": 9.300
				,"percent": 99.38
				}
			,{
				"<=msec": 9.400
				,"percent": 99.40
				}
			,{
				"<=msec": 9.500
				,"percent": 99.44
				}
			,{
				"<=msec": 9.600
				,"percent": 99.48
				}
			,{
				"<=msec": 9.700
				,"percent": 99.52
				}
			,{
				"<=msec": 9.800
				,"percent": 99.54
				}
			,{
				"<=msec": 9.900
				,"percent": 99.56
				}
			,{
				"<=msec": 10.000
				,"percent": 99.67
				}
			,{
				"<=msec": 11.000
				,"percent": 99.78
				}
			,{
				"<=msec": 12.000
				,"percent": 99.87
				}
			,{
				"<=msec": 13.000
				,"percent": 99.91
				}
			,{
				"<=msec": 14.000
				,"percent": 99.94
				}
			,{
				"<=msec": 15.000
				,"percent": 99.94
				}
			,{
				"<=msec": 16.000
				,"percent": 99.96
				}
			,{
				"<=msec": 17.000
				,"percent": 99.98
				}
			,{
				"<=msec": 18.000
				,"percent": 99.98
				}
			,{
				"<=msec": 19.000
				,"percent": 99.99
				}
			,{
				"<=msec": 24.000
				,"percent": 100.00
				}
			,{
				"<=msec": 28.000
				,"percent": 100.00
				}
			]
		,"WAIT":[
		]
		}
	}
