{
	"configuration":{
		"server": "10.0.0.4"
		,"port": 11212
		,"unix socket": "(null)"
		,"protocol": "memcache_text"
		,"out_file": "(null)"
		,"client_stats": "(null)"
		,"run_count": 1
		,"debug": 0
		,"requests": 0
		,"clients": 2
		,"threads": 1
		,"test_time": 60
		,"ratio": "1:1"
		,"pipeline": 1
		,"data_size": 4096
		,"data_offset": 0
		,"random_data": "false"
		,"data_size_range": "0:0"
		,"data_size_list": ""
		,"data_size_pattern": "R"
		,"expiry_range": "9999:10000"
		,"data_import": "(null)"
		,"data_verify": "false"
		,"verify_only": "false"
		,"generate_keys": "false"
		,"key_prefix": "memtier-"
		,"key_minimum":           0
		,"key_maximum":        1000
		,"key_pattern": "R:R"
		,"key_stddev": 0.000000
		,"key_median": 0.000000
		,"reconnect_interval": 0
		,"multi_key_get": 1
		,"authenticate": ""
		,"select-db": 0
		,"no-expiry": "false"
		,"wait-ratio": "0:0"
		,"num-slaves": "0:0"
		,"wait-timeout": "0-0"
		}
	,"run information":{
		"Threads": 1
		,"Connections per thread": 2
		,"Seconds": 60
		}
	,"ALL STATS":{
		"Sets":{
			"Ops/sec": 359.90
			,"Hits/sec": 0.00
			,"Misses/sec": 0.00
			,"Latency": 3.16
			,"KB/sec": 1453.44
			}
		,"Gets":{
			"Ops/sec": 359.90
			,"Hits/sec": 359.90
			,"Misses/sec": 0.00
			,"Latency": 2.38
			,"KB/sec": 1457.09
			}
		,"Waits":{
			"Ops/sec": 0.00
			,"Hits/sec": 0.00
			,"Misses/sec": 0.00
			,"Latency": 0.00
			,"KB/sec": 0.00
			}
		,"Totals":{
			"Ops/sec": 719.80
			,"Hits/sec": 359.90
			,"Misses/sec": 0.00
			,"Latency": 2.77
			,"KB/sec": 2910.52
			}
		,"SET":[
			{
				"<=msec": 1.300
				,"percent": 0.00
				}
			,{
				"<=msec": 1.400
				,"percent": 0.01
				}
			,{
				"<=msec": 1.500
				,"percent": 0.15
				}
			,{
				"<=msec": 1.600
				,"percent": 1.24
				}
			,{
				"<=msec": 1.700
				,"percent": 4.09
				}
			,{
				"<=msec": 1.800
				,"percent": 9.31
				}
			,{
				"<=msec": 1.900
				,"percent": 16.43
				}
			,{
				"<=msec": 2.000
				,"percent": 23.90
				}
			,{
				"<=msec": 2.100
				,"percent": 31.77
				}
			,{
				"<=msec": 2.200
				,"percent": 38.87
				}
			,{
				"<=msec": 2.300
				,"percent": 45.42
				}
			,{
				"<=msec": 2.400
				,"percent": 50.83
				}
			,{
				"<=msec": 2.500
				,"percent": 55.58
				}
			,{
				"<=msec": 2.600
				,"percent": 59.42
				}
			,{
				"<=msec": 2.700
				,"percent": 62.80
				}
			,{
				"<=msec": 2.800
				,"percent": 65.62
				}
			,{
				"<=msec": 2.900
				,"percent": 67.94
				}
			,{
				"<=msec": 3.000
				,"percent": 70.12
				}
			,{
				"<=msec": 3.100
				,"percent": 71.96
				}
			,{
				"<=msec": 3.200
				,"percent": 73.69
				}
			,{
				"<=msec": 3.300
				,"percent": 75.13
				}
			,{
				"<=msec": 3.400
				,"percent": 76.43
				}
			,{
				"<=msec": 3.500
				,"percent": 77.57
				}
			,{
				"<=msec": 3.600
				,"percent": 78.58
				}
			,{
				"<=msec": 3.700
				,"percent": 79.59
				}
			,{
				"<=msec": 3.800
				,"percent": 80.34
				}
			,{
				"<=msec": 3.900
				,"percent": 81.14
				}
			,{
				"<=msec": 4.000
				,"percent": 81.81
				}
			,{
				"<=msec": 4.100
				,"percent": 82.50
				}
			,{
				"<=msec": 4.200
				,"percent": 83.11
				}
			,{
				"<=msec": 4.300
				,"percent": 83.70
				}
			,{
				"<=msec": 4.400
				,"percent": 84.29
				}
			,{
				"<=msec": 4.500
				,"percent": 84.83
				}
			,{
				"<=msec": 4.600
				,"percent": 85.25
				}
			,{
				"<=msec": 4.700
				,"percent": 85.73
				}
			,{
				"<=msec": 4.800
				,"percent": 86.14
				}
			,{
				"<=msec": 4.900
				,"percent": 86.59
				}
			,{
				"<=msec": 5.000
				,"percent": 87.01
				}
			,{
				"<=msec": 5.100
				,"percent": 87.46
				}
			,{
				"<=msec": 5.200
				,"percent": 87.77
				}
			,{
				"<=msec": 5.300
				,"percent": 88.19
				}
			,{
				"<=msec": 5.400
				,"percent": 88.55
				}
			,{
				"<=msec": 5.500
				,"percent": 88.91
				}
			,{
				"<=msec": 5.600
				,"percent": 89.35
				}
			,{
				"<=msec": 5.700
				,"percent": 89.71
				}
			,{
				"<=msec": 5.800
				,"percent": 90.00
				}
			,{
				"<=msec": 5.900
				,"percent": 90.41
				}
			,{
				"<=msec": 6.000
				,"percent": 90.76
				}
			,{
				"<=msec": 6.100
				,"percent": 91.03
				}
			,{
				"<=msec": 6.200
				,"percent": 91.34
				}
			,{
				"<=msec": 6.300
				,"percent": 91.69
				}
			,{
				"<=msec": 6.400
				,"percent": 91.97
				}
			,{
				"<=msec": 6.500
				,"percent": 92.26
				}
			,{
				"<=msec": 6.600
				,"percent": 92.62
				}
			,{
				"<=msec": 6.700
				,"percent": 92.97
				}
			,{
				"<=msec": 6.800
				,"percent": 93.30
				}
			,{
				"<=msec": 6.900
				,"percent": 93.63
				}
			,{
				"<=msec": 7.000
				,"percent": 93.97
				}
			,{
				"<=msec": 7.100
				,"percent": 94.34
				}
			,{
				"<=msec": 7.200
				,"percent": 94.65
				}
			,{
				"<=msec": 7.300
				,"percent": 94.96
				}
			,{
				"<=msec": 7.400
				,"percent": 95.25
				}
			,{
				"<=msec": 7.500
				,"percent": 95.50
				}
			,{
				"<=msec": 7.600
				,"percent": 95.91
				}
			,{
				"<=msec": 7.700
				,"percent": 96.26
				}
			,{
				"<=msec": 7.800
				,"percent": 96.50
				}
			,{
				"<=msec": 7.900
				,"percent": 96.83
				}
			,{
				"<=msec": 8.000
				,"percent": 97.09
				}
			,{
				"<=msec": 8.100
				,"percent": 97.30
				}
			,{
				"<=msec": 8.200
				,"percent": 97.48
				}
			,{
				"<=msec": 8.300
				,"percent": 97.62
				}
			,{
				"<=msec": 8.400
				,"percent": 97.76
				}
			,{
				"<=msec": 8.500
				,"percent": 97.88
				}
			,{
				"<=msec": 8.600
				,"percent": 97.95
				}
			,{
				"<=msec": 8.700
				,"percent": 98.03
				}
			,{
				"<=msec": 8.800
				,"percent": 98.11
				}
			,{
				"<=msec": 8.900
				,"percent": 98.19
				}
			,{
				"<=msec": 9.000
				,"percent": 98.25
				}
			,{
				"<=msec": 9.100
				,"percent": 98.34
				}
			,{
				"<=msec": 9.200
				,"percent": 98.42
				}
			,{
				"<=msec": 9.300
				,"percent": 98.47
				}
			,{
				"<=msec": 9.400
				,"percent": 98.53
				}
			,{
				"<=msec": 9.500
				,"percent": 98.58
				}
			,{
				"<=msec": 9.600
				,"percent": 98.65
				}
			,{
				"<=msec": 9.700
				,"percent": 98.69
				}
			,{
				"<=msec": 9.800
				,"percent": 98.78
				}
			,{
				"<=msec": 9.900
				,"percent": 98.81
				}
			,{
				"<=msec": 10.000
				,"percent": 99.10
				}
			,{
				"<=msec": 11.000
				,"percent": 99.44
				}
			,{
				"<=msec": 12.000
				,"percent": 99.68
				}
			,{
				"<=msec": 13.000
				,"percent": 99.80
				}
			,{
				"<=msec": 14.000
				,"percent": 99.83
				}
			,{
				"<=msec": 15.000
				,"percent": 99.87
				}
			,{
				"<=msec": 16.000
				,"percent": 99.89
				}
			,{
				"<=msec": 17.000
				,"percent": 99.90
				}
			,{
				"<=msec": 18.000
				,"percent": 99.93
				}
			,{
				"<=msec": 19.000
				,"percent": 99.94
				}
			,{
				"<=msec": 20.000
				,"percent": 99.95
				}
			,{
				"<=msec": 21.000
				,"percent": 99.96
				}
			,{
				"<=msec": 22.000
				,"percent": 99.97
				}
			,{
				"<=msec": 23.000
				,"percent": 99.97
				}
			,{
				"<=msec": 24.000
				,"percent": 99.98
				}
			,{
				"<=msec": 25.000
				,"percent": 99.98
				}
			,{
				"<=msec": 26.000
				,"percent": 99.99
				}
			,{
				"<=msec": 28.000
				,"percent": 100.00
				}
			]
		,"GET":[
			{
				"<=msec": 1.300
				,"percent": 0.14
				}
			,{
				"<=msec": 1.400
				,"percent": 1.39
				}
			,{
				"<=msec": 1.500
				,"percent": 6.21
				}
			,{
				"<=msec": 1.600
				,"percent": 15.11
				}
			,{
				"<=msec": 1.700
				,"percent": 26.05
				}
			,{
				"<=msec": 1.800
				,"percent": 37.28
				}
			,{
				"<=msec": 1.900
				,"percent": 46.99
				}
			,{
				"<=msec": 2.000
				,"percent": 55.43
				}
			,{
				"<=msec": 2.100
				,"percent": 62.11
				}
			,{
				"<=msec": 2.200
				,"percent": 67.50
				}
			,{
				"<=msec": 2.300
				,"percent": 71.58
				}
			,{
				"<=msec": 2.400
				,"percent": 74.88
				}
			,{
				"<=msec": 2.500
				,"percent": 77.65
				}
			,{
				"<=msec": 2.600
				,"percent": 80.07
				}
			,{
				"<=msec": 2.700
				,"percent": 82.24
				}
			,{
				"<=msec": 2.800
				,"percent": 84.05
				}
			,{
				"<=msec": 2.900
				,"percent": 85.41
				}
			,{
				"<=msec": 3.000
				,"percent": 86.68
				}
			,{
				"<=msec": 3.100
				,"percent": 87.66
				}
			,{
				"<=msec": 3.200
				,"percent": 88.58
				}
			,{
				"<=msec": 3.300
				,"percent": 89.44
				}
			,{
				"<=msec": 3.400
				,"percent": 90.01
				}
			,{
				"<=msec": 3.500
				,"percent": 90.62
				}
			,{
				"<=msec": 3.600
				,"percent": 91.16
				}
			,{
				"<=msec": 3.700
				,"percent": 91.65
				}
			,{
				"<=msec": 3.800
				,"percent": 92.13
				}
			,{
				"<=msec": 3.900
				,"percent": 92.52
				}
			,{
				"<=msec": 4.000
				,"percent": 92.90
				}
			,{
				"<=msec": 4.100
				,"percent": 93.23
				}
			,{
				"<=msec": 4.200
				,"percent": 93.51
				}
			,{
				"<=msec": 4.300
				,"percent": 93.81
				}
			,{
				"<=msec": 4.400
				,"percent": 94.04
				}
			,{
				"<=msec": 4.500
				,"percent": 94.29
				}
			,{
				"<=msec": 4.600
				,"percent": 94.51
				}
			,{
				"<=msec": 4.700
				,"percent": 94.72
				}
			,{
				"<=msec": 4.800
				,"percent": 94.92
				}
			,{
				"<=msec": 4.900
				,"percent": 95.13
				}
			,{
				"<=msec": 5.000
				,"percent": 95.29
				}
			,{
				"<=msec": 5.100
				,"percent": 95.46
				}
			,{
				"<=msec": 5.200
				,"percent": 95.64
				}
			,{
				"<=msec": 5.300
				,"percent": 95.83
				}
			,{
				"<=msec": 5.400
				,"percent": 96.00
				}
			,{
				"<=msec": 5.500
				,"percent": 96.15
				}
			,{
				"<=msec": 5.600
				,"percent": 96.30
				}
			,{
				"<=msec": 5.700
				,"percent": 96.47
				}
			,{
				"<=msec": 5.800
				,"percent": 96.64
				}
			,{
				"<=msec": 5.900
				,"percent": 96.86
				}
			,{
				"<=msec": 6.000
				,"percent": 97.02
				}
			,{
				"<=msec": 6.100
				,"percent": 97.22
				}
			,{
				"<=msec": 6.200
				,"percent": 97.32
				}
			,{
				"<=msec": 6.300
				,"percent": 97.47
				}
			,{
				"<=msec": 6.400
				,"percent": 97.59
				}
			,{
				"<=msec": 6.500
				,"percent": 97.68
				}
			,{
				"<=msec": 6.600
				,"percent": 97.82
				}
			,{
				"<=msec": 6.700
				,"percent": 97.91
				}
			,{
				"<=msec": 6.800
				,"percent": 98.03
				}
			,{
				"<=msec": 6.900
				,"percent": 98.13
				}
			,{
				"<=msec": 7.000
				,"percent": 98.21
				}
			,{
				"<=msec": 7.100
				,"percent": 98.31
				}
			,{
				"<=msec": 7.200
				,"percent": 98.39
				}
			,{
				"<=msec": 7.300
				,"percent": 98.52
				}
			,{
				"<=msec": 7.400
				,"percent": 98.61
				}
			,{
				"<=msec": 7.500
				,"percent": 98.66
				}
			,{
				"<=msec": 7.600
				,"percent": 98.74
				}
			,{
				"<=msec": 7.700
				,"percent": 98.82
				}
			,{
				"<=msec": 7.800
				,"percent": 98.90
				}
			,{
				"<=msec": 7.900
				,"percent": 98.97
				}
			,{
				"<=msec": 8.000
				,"percent": 99.05
				}
			,{
				"<=msec": 8.100
				,"percent": 99.11
				}
			,{
				"<=msec": 8.200
				,"percent": 99.16
				}
			,{
				"<=msec": 8.300
				,"percent": 99.20
				}
			,{
				"<=msec": 8.400
				,"percent": 99.24
				}
			,{
				"<=msec": 8.500
				,"percent": 99.27
				}
			,{
				"<=msec": 8.600
				,"percent": 99.31
				}
			,{
				"<=msec": 8.700
				,"percent": 99.34
				}
			,{
				"<=msec": 8.800
				,"percent": 99.37
				}
			,{
				"<=msec": 8.900
				,"percent": 99.39
				}
			,{
				"<=msec": 9.000
				,"percent": 99.44
				}
			,{
				"<=msec": 9.100
				,"percent": 99.47
				}
			,{
				"<=msec": 9.200
				,"percent": 99.48
				}
			,{
				"<=msec": 9.300
				,"percent": 99.49
				}
			,{
				"<=msec": 9.400
				,"percent": 99.51
				}
			,{
				"<=msec": 9.500
				,"percent": 99.53
				}
			,{
				"<=msec": 9.600
				,"percent": 99.57
				}
			,{
				"<=msec": 9.700
				,"percent": 99.59
				}
			,{
				"<=msec": 9.800
				,"percent": 99.60
				}
			,{
				"<=msec": 9.900
				,"percent": 99.64
				}
			,{
				"<=msec": 10.000
				,"percent": 99.71
				}
			,{
				"<=msec": 11.000
				,"percent": 99.83
				}
			,{
				"<=msec": 12.000
				,"percent": 99.91
				}
			,{
				"<=msec": 13.000
				,"percent": 99.94
				}
			,{
				"<=msec": 14.000
				,"percent": 99.95
				}
			,{
				"<=msec": 15.000
				,"percent": 99.97
				}
			,{
				"<=msec": 16.000
				,"percent": 99.98
				}
			,{
				"<=msec": 17.000
				,"percent": 99.98
				}
			,{
				"<=msec": 18.000
				,"percent": 99.99
				}
			,{
				"<=msec": 20.000
				,"percent": 100.00
				}
			,{
				"<=msec": 21.000
				,"percent": 100.00
				}
			]
		,"WAIT":[
		]
		}
	}
