{
	"configuration":{
		"server": "10.0.0.4"
		,"port": 11212
		,"unix socket": "(null)"
		,"protocol": "memcache_text"
		,"out_file": "(null)"
		,"client_stats": "(null)"
		,"run_count": 1
		,"debug": 0
		,"requests": 0
		,"clients": 2
		,"threads": 1
		,"test_time": 60
		,"ratio": "1:1"
		,"pipeline": 1
		,"data_size": 4096
		,"data_offset": 0
		,"random_data": "false"
		,"data_size_range": "0:0"
		,"data_size_list": ""
		,"data_size_pattern": "R"
		,"expiry_range": "9999:10000"
		,"data_import": "(null)"
		,"data_verify": "false"
		,"verify_only": "false"
		,"generate_keys": "false"
		,"key_prefix": "memtier-"
		,"key_minimum":           0
		,"key_maximum":        1000
		,"key_pattern": "R:R"
		,"key_stddev": 0.000000
		,"key_median": 0.000000
		,"reconnect_interval": 0
		,"multi_key_get": 1
		,"authenticate": ""
		,"select-db": 0
		,"no-expiry": "false"
		,"wait-ratio": "0:0"
		,"num-slaves": "0:0"
		,"wait-timeout": "0-0"
		}
	,"run information":{
		"Threads": 1
		,"Connections per thread": 2
		,"Seconds": 60
		}
	,"ALL STATS":{
		"Sets":{
			"Ops/sec": 379.43
			,"Hits/sec": 0.00
			,"Misses/sec": 0.00
			,"Latency": 2.99
			,"KB/sec": 1532.32
			}
		,"Gets":{
			"Ops/sec": 379.41
			,"Hits/sec": 379.41
			,"Misses/sec": 0.00
			,"Latency": 2.26
			,"KB/sec": 1536.10
			}
		,"Waits":{
			"Ops/sec": 0.00
			,"Hits/sec": 0.00
			,"Misses/sec": 0.00
			,"Latency": 0.00
			,"KB/sec": 0.00
			}
		,"Totals":{
			"Ops/sec": 758.84
			,"Hits/sec": 379.41
			,"Misses/sec": 0.00
			,"Latency": 2.63
			,"KB/sec": 3068.41
			}
		,"SET":[
			{
				"<=msec": 1.400
				,"percent": 0.03
				}
			,{
				"<=msec": 1.500
				,"percent": 0.52
				}
			,{
				"<=msec": 1.600
				,"percent": 2.57
				}
			,{
				"<=msec": 1.700
				,"percent": 7.67
				}
			,{
				"<=msec": 1.800
				,"percent": 15.42
				}
			,{
				"<=msec": 1.900
				,"percent": 24.05
				}
			,{
				"<=msec": 2.000
				,"percent": 32.81
				}
			,{
				"<=msec": 2.100
				,"percent": 40.73
				}
			,{
				"<=msec": 2.200
				,"percent": 47.33
				}
			,{
				"<=msec": 2.300
				,"percent": 53.26
				}
			,{
				"<=msec": 2.400
				,"percent": 57.90
				}
			,{
				"<=msec": 2.500
				,"percent": 61.97
				}
			,{
				"<=msec": 2.600
				,"percent": 65.15
				}
			,{
				"<=msec": 2.700
				,"percent": 68.10
				}
			,{
				"<=msec": 2.800
				,"percent": 70.42
				}
			,{
				"<=msec": 2.900
				,"percent": 72.49
				}
			,{
				"<=msec": 3.000
				,"percent": 74.07
				}
			,{
				"<=msec": 3.100
				,"percent": 75.55
				}
			,{
				"<=msec": 3.200
				,"percent": 76.89
				}
			,{
				"<=msec": 3.300
				,"percent": 78.02
				}
			,{
				"<=msec": 3.400
				,"percent": 79.02
				}
			,{
				"<=msec": 3.500
				,"percent": 79.85
				}
			,{
				"<=msec": 3.600
				,"percent": 80.68
				}
			,{
				"<=msec": 3.700
				,"percent": 81.48
				}
			,{
				"<=msec": 3.800
				,"percent": 82.18
				}
			,{
				"<=msec": 3.900
				,"percent": 82.87
				}
			,{
				"<=msec": 4.000
				,"percent": 83.54
				}
			,{
				"<=msec": 4.100
				,"percent": 84.24
				}
			,{
				"<=msec": 4.200
				,"percent": 84.89
				}
			,{
				"<=msec": 4.300
				,"percent": 85.38
				}
			,{
				"<=msec": 4.400
				,"percent": 85.84
				}
			,{
				"<=msec": 4.500
				,"percent": 86.31
				}
			,{
				"<=msec": 4.600
				,"percent": 86.84
				}
			,{
				"<=msec": 4.700
				,"percent": 87.33
				}
			,{
				"<=msec": 4.800
				,"percent": 87.77
				}
			,{
				"<=msec": 4.900
				,"percent": 88.06
				}
			,{
				"<=msec": 5.000
				,"percent": 88.44
				}
			,{
				"<=msec": 5.100
				,"percent": 88.81
				}
			,{
				"<=msec": 5.200
				,"percent": 89.12
				}
			,{
				"<=msec": 5.300
				,"percent": 89.52
				}
			,{
				"<=msec": 5.400
				,"percent": 89.87
				}
			,{
				"<=msec": 5.500
				,"percent": 90.16
				}
			,{
				"<=msec": 5.600
				,"percent": 90.46
				}
			,{
				"<=msec": 5.700
				,"percent": 90.75
				}
			,{
				"<=msec": 5.800
				,"percent": 91.05
				}
			,{
				"<=msec": 5.900
				,"percent": 91.38
				}
			,{
				"<=msec": 6.000
				,"percent": 91.71
				}
			,{
				"<=msec": 6.100
				,"percent": 91.98
				}
			,{
				"<=msec": 6.200
				,"percent": 92.27
				}
			,{
				"<=msec": 6.300
				,"percent": 92.64
				}
			,{
				"<=msec": 6.400
				,"percent": 92.95
				}
			,{
				"<=msec": 6.500
				,"percent": 93.21
				}
			,{
				"<=msec": 6.600
				,"percent": 93.49
				}
			,{
				"<=msec": 6.700
				,"percent": 93.82
				}
			,{
				"<=msec": 6.800
				,"percent": 94.12
				}
			,{
				"<=msec": 6.900
				,"percent": 94.46
				}
			,{
				"<=msec": 7.000
				,"percent": 94.75
				}
			,{
				"<=msec": 7.100
				,"percent": 95.02
				}
			,{
				"<=msec": 7.200
				,"percent": 95.31
				}
			,{
				"<=msec": 7.300
				,"percent": 95.55
				}
			,{
				"<=msec": 7.400
				,"percent": 95.84
				}
			,{
				"<=msec": 7.500
				,"percent": 96.13
				}
			,{
				"<=msec": 7.600
				,"percent": 96.46
				}
			,{
				"<=msec": 7.700
				,"percent": 96.76
				}
			,{
				"<=msec": 7.800
				,"percent": 97.04
				}
			,{
				"<=msec": 7.900
				,"percent": 97.24
				}
			,{
				"<=msec": 8.000
				,"percent": 97.48
				}
			,{
				"<=msec": 8.100
				,"percent": 97.62
				}
			,{
				"<=msec": 8.200
				,"percent": 97.77
				}
			,{
				"<=msec": 8.300
				,"percent": 97.89
				}
			,{
				"<=msec": 8.400
				,"percent": 98.01
				}
			,{
				"<=msec": 8.500
				,"percent": 98.10
				}
			,{
				"<=msec": 8.600
				,"percent": 98.20
				}
			,{
				"<=msec": 8.700
				,"percent": 98.27
				}
			,{
				"<=msec": 8.800
				,"percent": 98.33
				}
			,{
				"<=msec": 8.900
				,"percent": 98.40
				}
			,{
				"<=msec": 9.000
				,"percent": 98.47
				}
			,{
				"<=msec": 9.100
				,"percent": 98.55
				}
			,{
				"<=msec": 9.200
				,"percent": 98.63
				}
			,{
				"<=msec": 9.300
				,"percent": 98.69
				}
			,{
				"<=msec": 9.400
				,"percent": 98.74
				}
			,{
				"<=msec": 9.500
				,"percent": 98.81
				}
			,{
				"<=msec": 9.600
				,"percent": 98.88
				}
			,{
				"<=msec": 9.700
				,"percent": 98.93
				}
			,{
				"<=msec": 9.800
				,"percent": 98.98
				}
			,{
				"<=msec": 9.900
				,"percent": 99.01
				}
			,{
				"<=msec": 10.000
				,"percent": 99.20
				}
			,{
				"<=msec": 11.000
				,"percent": 99.55
				}
			,{
				"<=msec": 12.000
				,"percent": 99.72
				}
			,{
				"<=msec": 13.000
				,"percent": 99.83
				}
			,{
				"<=msec": 14.000
				,"percent": 99.89
				}
			,{
				"<=msec": 15.000
				,"percent": 99.91
				}
			,{
				"<=msec": 16.000
				,"percent": 99.92
				}
			,{
				"<=msec": 17.000
				,"percent": 99.93
				}
			,{
				"<=msec": 18.000
				,"percent": 99.96
				}
			,{
				"<=msec": 19.000
				,"percent": 99.96
				}
			,{
				"<=msec": 20.000
				,"percent": 99.96
				}
			,{
				"<=msec": 22.000
				,"percent": 99.97
				}
			,{
				"<=msec": 24.000
				,"percent": 99.98
				}
			,{
				"<=msec": 26.000
				,"percent": 99.99
				}
			,{
				"<=msec": 27.000
				,"percent": 99.99
				}
			,{
				"<=msec": 29.000
				,"percent": 100.00
				}
			,{
				"<=msec": 32.000
				,"percent": 100.00
				}
			]
		,"GET":[
			{
				"<=msec": 1.200
				,"percent": 0.01
				}
			,{
				"<=msec": 1.300
				,"percent": 0.42
				}
			,{
				"<=msec": 1.400
				,"percent": 3.57
				}
			,{
				"<=msec": 1.500
				,"percent": 11.93
				}
			,{
				"<=msec": 1.600
				,"percent": 23.72
				}
			,{
				"<=msec": 1.700
				,"percent": 36.44
				}
			,{
				"<=msec": 1.800
				,"percent": 47.85
				}
			,{
				"<=msec": 1.900
				,"percent": 57.08
				}
			,{
				"<=msec": 2.000
				,"percent": 64.44
				}
			,{
				"<=msec": 2.100
				,"percent": 70.07
				}
			,{
				"<=msec": 2.200
				,"percent": 74.74
				}
			,{
				"<=msec": 2.300
				,"percent": 78.16
				}
			,{
				"<=msec": 2.400
				,"percent": 80.70
				}
			,{
				"<=msec": 2.500
				,"percent": 82.78
				}
			,{
				"<=msec": 2.600
				,"percent": 84.42
				}
			,{
				"<=msec": 2.700
				,"percent": 85.79
				}
			,{
				"<=msec": 2.800
				,"percent": 87.02
				}
			,{
				"<=msec": 2.900
				,"percent": 88.07
				}
			,{
				"<=msec": 3.000
				,"percent": 88.82
				}
			,{
				"<=msec": 3.100
				,"percent": 89.48
				}
			,{
				"<=msec": 3.200
				,"percent": 90.14
				}
			,{
				"<=msec": 3.300
				,"percent": 90.75
				}
			,{
				"<=msec": 3.400
				,"percent": 91.27
				}
			,{
				"<=msec": 3.500
				,"percent": 91.72
				}
			,{
				"<=msec": 3.600
				,"percent": 92.11
				}
			,{
				"<=msec": 3.700
				,"percent": 92.41
				}
			,{
				"<=msec": 3.800
				,"percent": 92.74
				}
			,{
				"<=msec": 3.900
				,"percent": 93.00
				}
			,{
				"<=msec": 4.000
				,"percent": 93.25
				}
			,{
				"<=msec": 4.100
				,"percent": 93.51
				}
			,{
				"<=msec": 4.200
				,"percent": 93.81
				}
			,{
				"<=msec": 4.300
				,"percent": 94.07
				}
			,{
				"<=msec": 4.400
				,"percent": 94.29
				}
			,{
				"<=msec": 4.500
				,"percent": 94.55
				}
			,{
				"<=msec": 4.600
				,"percent": 94.79
				}
			,{
				"<=msec": 4.700
				,"percent": 94.99
				}
			,{
				"<=msec": 4.800
				,"percent": 95.16
				}
			,{
				"<=msec": 4.900
				,"percent": 95.34
				}
			,{
				"<=msec": 5.000
				,"percent": 95.46
				}
			,{
				"<=msec": 5.100
				,"percent": 95.65
				}
			,{
				"<=msec": 5.200
				,"percent": 95.78
				}
			,{
				"<=msec": 5.300
				,"percent": 95.95
				}
			,{
				"<=msec": 5.400
				,"percent": 96.05
				}
			,{
				"<=msec": 5.500
				,"percent": 96.21
				}
			,{
				"<=msec": 5.600
				,"percent": 96.36
				}
			,{
				"<=msec": 5.700
				,"percent": 96.51
				}
			,{
				"<=msec": 5.800
				,"percent": 96.65
				}
			,{
				"<=msec": 5.900
				,"percent": 96.82
				}
			,{
				"<=msec": 6.000
				,"percent": 96.94
				}
			,{
				"<=msec": 6.100
				,"percent": 97.10
				}
			,{
				"<=msec": 6.200
				,"percent": 97.19
				}
			,{
				"<=msec": 6.300
				,"percent": 97.36
				}
			,{
				"<=msec": 6.400
				,"percent": 97.49
				}
			,{
				"<=msec": 6.500
				,"percent": 97.64
				}
			,{
				"<=msec": 6.600
				,"percent": 97.83
				}
			,{
				"<=msec": 6.700
				,"percent": 97.93
				}
			,{
				"<=msec": 6.800
				,"percent": 98.04
				}
			,{
				"<=msec": 6.900
				,"percent": 98.14
				}
			,{
				"<=msec": 7.000
				,"percent": 98.23
				}
			,{
				"<=msec": 7.100
				,"percent": 98.34
				}
			,{
				"<=msec": 7.200
				,"percent": 98.45
				}
			,{
				"<=msec": 7.300
				,"percent": 98.58
				}
			,{
				"<=msec": 7.400
				,"percent": 98.69
				}
			,{
				"<=msec": 7.500
				,"percent": 98.80
				}
			,{
				"<=msec": 7.600
				,"percent": 98.93
				}
			,{
				"<=msec": 7.700
				,"percent": 98.99
				}
			,{
				"<=msec": 7.800
				,"percent": 99.05
				}
			,{
				"<=msec": 7.900
				,"percent": 99.09
				}
			,{
				"<=msec": 8.000
				,"percent": 99.12
				}
			,{
				"<=msec": 8.100
				,"percent": 99.16
				}
			,{
				"<=msec": 8.200
				,"percent": 99.22
				}
			,{
				"<=msec": 8.300
				,"percent": 99.25
				}
			,{
				"<=msec": 8.400
				,"percent": 99.27
				}
			,{
				"<=msec": 8.500
				,"percent": 99.31
				}
			,{
				"<=msec": 8.600
				,"percent": 99.34
				}
			,{
				"<=msec": 8.700
				,"percent": 99.37
				}
			,{
				"<=msec": 8.800
				,"percent": 99.40
				}
			,{
				"<=msec": 8.900
				,"percent": 99.45
				}
			,{
				"<=msec": 9.000
				,"percent": 99.46
				}
			,{
				"<=msec": 9.100
				,"percent": 99.49
				}
			,{
				"<=msec": 9.200
				,"percent": 99.49
				}
			,{
				"<=msec": 9.300
				,"percent": 99.52
				}
			,{
				"<=msec": 9.400
				,"percent": 99.54
				}
			,{
				"<=msec": 9.500
				,"percent": 99.57
				}
			,{
				"<=msec": 9.600
				,"percent": 99.57
				}
			,{
				"<=msec": 9.700
				,"percent": 99.60
				}
			,{
				"<=msec": 9.800
				,"percent": 99.66
				}
			,{
				"<=msec": 9.900
				,"percent": 99.68
				}
			,{
				"<=msec": 10.000
				,"percent": 99.74
				}
			,{
				"<=msec": 11.000
				,"percent": 99.84
				}
			,{
				"<=msec": 12.000
				,"percent": 99.91
				}
			,{
				"<=msec": 13.000
				,"percent": 99.93
				}
			,{
				"<=msec": 14.000
				,"percent": 99.95
				}
			,{
				"<=msec": 15.000
				,"percent": 99.95
				}
			,{
				"<=msec": 16.000
				,"percent": 99.96
				}
			,{
				"<=msec": 17.000
				,"percent": 99.98
				}
			,{
				"<=msec": 22.000
				,"percent": 99.99
				}
			,{
				"<=msec": 23.000
				,"percent": 99.99
				}
			,{
				"<=msec": 25.000
				,"percent": 100.00
				}
			,{
				"<=msec": 27.000
				,"percent": 100.00
				}
			]
		,"WAIT":[
		]
		}
	}
