{
	"configuration":{
		"server": "10.0.0.4"
		,"port": 11212
		,"unix socket": "(null)"
		,"protocol": "memcache_text"
		,"out_file": "(null)"
		,"client_stats": "(null)"
		,"run_count": 1
		,"debug": 0
		,"requests": 0
		,"clients": 2
		,"threads": 1
		,"test_time": 60
		,"ratio": "1:9"
		,"pipeline": 1
		,"data_size": 4096
		,"data_offset": 0
		,"random_data": "false"
		,"data_size_range": "0:0"
		,"data_size_list": ""
		,"data_size_pattern": "R"
		,"expiry_range": "9999:10000"
		,"data_import": "(null)"
		,"data_verify": "false"
		,"verify_only": "false"
		,"generate_keys": "false"
		,"key_prefix": "memtier-"
		,"key_minimum":           0
		,"key_maximum":        1000
		,"key_pattern": "R:R"
		,"key_stddev": 0.000000
		,"key_median": 0.000000
		,"reconnect_interval": 0
		,"multi_key_get": 9
		,"authenticate": ""
		,"select-db": 0
		,"no-expiry": "false"
		,"wait-ratio": "0:0"
		,"num-slaves": "0:0"
		,"wait-timeout": "0-0"
		}
	,"run information":{
		"Threads": 1
		,"Connections per thread": 2
		,"Seconds": 60
		}
	,"ALL STATS":{
		"Sets":{
			"Ops/sec": 143.84
			,"Hits/sec": 0.00
			,"Misses/sec": 0.00
			,"Latency": 4.62
			,"KB/sec": 580.90
			}
		,"Gets":{
			"Ops/sec": 143.83
			,"Hits/sec": 1294.43
			,"Misses/sec": 0.00
			,"Latency": 9.26
			,"KB/sec": 5229.43
			}
		,"Waits":{
			"Ops/sec": 0.00
			,"Hits/sec": 0.00
			,"Misses/sec": 0.00
			,"Latency": 0.00
			,"KB/sec": 0.00
			}
		,"Totals":{
			"Ops/sec": 287.67
			,"Hits/sec": 1294.43
			,"Misses/sec": 0.00
			,"Latency": 6.94
			,"KB/sec": 5810.33
			}
		,"SET":[
			{
				"<=msec": 1.600
				,"percent": 0.02
				}
			,{
				"<=msec": 1.700
				,"percent": 0.32
				}
			,{
				"<=msec": 1.800
				,"percent": 1.36
				}
			,{
				"<=msec": 1.900
				,"percent": 3.75
				}
			,{
				"<=msec": 2.000
				,"percent": 7.50
				}
			,{
				"<=msec": 2.100
				,"percent": 12.74
				}
			,{
				"<=msec": 2.200
				,"percent": 18.93
				}
			,{
				"<=msec": 2.300
				,"percent": 26.01
				}
			,{
				"<=msec": 2.400
				,"percent": 32.60
				}
			,{
				"<=msec": 2.500
				,"percent": 38.59
				}
			,{
				"<=msec": 2.600
				,"percent": 43.78
				}
			,{
				"<=msec": 2.700
				,"percent": 48.00
				}
			,{
				"<=msec": 2.800
				,"percent": 51.64
				}
			,{
				"<=msec": 2.900
				,"percent": 54.40
				}
			,{
				"<=msec": 3.000
				,"percent": 56.96
				}
			,{
				"<=msec": 3.100
				,"percent": 58.90
				}
			,{
				"<=msec": 3.200
				,"percent": 60.51
				}
			,{
				"<=msec": 3.300
				,"percent": 61.94
				}
			,{
				"<=msec": 3.400
				,"percent": 63.20
				}
			,{
				"<=msec": 3.500
				,"percent": 64.04
				}
			,{
				"<=msec": 3.600
				,"percent": 64.96
				}
			,{
				"<=msec": 3.700
				,"percent": 65.89
				}
			,{
				"<=msec": 3.800
				,"percent": 66.61
				}
			,{
				"<=msec": 3.900
				,"percent": 67.32
				}
			,{
				"<=msec": 4.000
				,"percent": 67.79
				}
			,{
				"<=msec": 4.100
				,"percent": 68.30
				}
			,{
				"<=msec": 4.200
				,"percent": 68.74
				}
			,{
				"<=msec": 4.300
				,"percent": 69.13
				}
			,{
				"<=msec": 4.400
				,"percent": 69.61
				}
			,{
				"<=msec": 4.500
				,"percent": 70.10
				}
			,{
				"<=msec": 4.600
				,"percent": 70.55
				}
			,{
				"<=msec": 4.700
				,"percent": 70.98
				}
			,{
				"<=msec": 4.800
				,"percent": 71.30
				}
			,{
				"<=msec": 4.900
				,"percent": 71.56
				}
			,{
				"<=msec": 5.000
				,"percent": 71.87
				}
			,{
				"<=msec": 5.100
				,"percent": 72.22
				}
			,{
				"<=msec": 5.200
				,"percent": 72.54
				}
			,{
				"<=msec": 5.300
				,"percent": 72.83
				}
			,{
				"<=msec": 5.400
				,"percent": 73.11
				}
			,{
				"<=msec": 5.500
				,"percent": 73.44
				}
			,{
				"<=msec": 5.600
				,"percent": 73.76
				}
			,{
				"<=msec": 5.700
				,"percent": 73.99
				}
			,{
				"<=msec": 5.800
				,"percent": 74.30
				}
			,{
				"<=msec": 5.900
				,"percent": 74.66
				}
			,{
				"<=msec": 6.000
				,"percent": 75.00
				}
			,{
				"<=msec": 6.100
				,"percent": 75.36
				}
			,{
				"<=msec": 6.200
				,"percent": 75.69
				}
			,{
				"<=msec": 6.300
				,"percent": 75.99
				}
			,{
				"<=msec": 6.400
				,"percent": 76.32
				}
			,{
				"<=msec": 6.500
				,"percent": 76.69
				}
			,{
				"<=msec": 6.600
				,"percent": 77.00
				}
			,{
				"<=msec": 6.700
				,"percent": 77.37
				}
			,{
				"<=msec": 6.800
				,"percent": 77.67
				}
			,{
				"<=msec": 6.900
				,"percent": 77.99
				}
			,{
				"<=msec": 7.000
				,"percent": 78.33
				}
			,{
				"<=msec": 7.100
				,"percent": 78.69
				}
			,{
				"<=msec": 7.200
				,"percent": 79.04
				}
			,{
				"<=msec": 7.300
				,"percent": 79.34
				}
			,{
				"<=msec": 7.400
				,"percent": 79.63
				}
			,{
				"<=msec": 7.500
				,"percent": 79.97
				}
			,{
				"<=msec": 7.600
				,"percent": 80.29
				}
			,{
				"<=msec": 7.700
				,"percent": 80.67
				}
			,{
				"<=msec": 7.800
				,"percent": 81.07
				}
			,{
				"<=msec": 7.900
				,"percent": 81.42
				}
			,{
				"<=msec": 8.000
				,"percent": 81.83
				}
			,{
				"<=msec": 8.100
				,"percent": 82.19
				}
			,{
				"<=msec": 8.200
				,"percent": 82.59
				}
			,{
				"<=msec": 8.300
				,"percent": 82.89
				}
			,{
				"<=msec": 8.400
				,"percent": 83.15
				}
			,{
				"<=msec": 8.500
				,"percent": 83.40
				}
			,{
				"<=msec": 8.600
				,"percent": 83.62
				}
			,{
				"<=msec": 8.700
				,"percent": 83.86
				}
			,{
				"<=msec": 8.800
				,"percent": 84.03
				}
			,{
				"<=msec": 8.900
				,"percent": 84.22
				}
			,{
				"<=msec": 9.000
				,"percent": 84.44
				}
			,{
				"<=msec": 9.100
				,"percent": 84.75
				}
			,{
				"<=msec": 9.200
				,"percent": 85.08
				}
			,{
				"<=msec": 9.300
				,"percent": 85.45
				}
			,{
				"<=msec": 9.400
				,"percent": 85.78
				}
			,{
				"<=msec": 9.500
				,"percent": 86.13
				}
			,{
				"<=msec": 9.600
				,"percent": 86.48
				}
			,{
				"<=msec": 9.700
				,"percent": 86.83
				}
			,{
				"<=msec": 9.800
				,"percent": 87.27
				}
			,{
				"<=msec": 9.900
				,"percent": 87.48
				}
			,{
				"<=msec": 10.000
				,"percent": 89.35
				}
			,{
				"<=msec": 11.000
				,"percent": 91.43
				}
			,{
				"<=msec": 12.000
				,"percent": 95.76
				}
			,{
				"<=msec": 13.000
				,"percent": 98.86
				}
			,{
				"<=msec": 14.000
				,"percent": 99.19
				}
			,{
				"<=msec": 15.000
				,"percent": 99.56
				}
			,{
				"<=msec": 16.000
				,"percent": 99.66
				}
			,{
				"<=msec": 17.000
				,"percent": 99.71
				}
			,{
				"<=msec": 19.000
				,"percent": 99.75
				}
			,{
				"<=msec": 20.000
				,"percent": 99.84
				}
			,{
				"<=msec": 21.000
				,"percent": 99.86
				}
			,{
				"<=msec": 23.000
				,"percent": 99.90
				}
			,{
				"<=msec": 25.000
				,"percent": 99.93
				}
			,{
				"<=msec": 27.000
				,"percent": 99.98
				}
			,{
				"<=msec": 28.000
				,"percent": 99.99
				}
			,{
				"<=msec": 30.000
				,"percent": 100.00
				}
			]
		,"GET":[
			{
				"<=msec": 2.100
				,"percent": 0.01
				}
			,{
				"<=msec": 2.200
				,"percent": 0.09
				}
			,{
				"<=msec": 2.300
				,"percent": 0.31
				}
			,{
				"<=msec": 2.400
				,"percent": 0.87
				}
			,{
				"<=msec": 2.500
				,"percent": 1.82
				}
			,{
				"<=msec": 2.600
				,"percent": 3.24
				}
			,{
				"<=msec": 2.700
				,"percent": 5.17
				}
			,{
				"<=msec": 2.800
				,"percent": 7.28
				}
			,{
				"<=msec": 2.900
				,"percent": 9.57
				}
			,{
				"<=msec": 3.000
				,"percent": 11.84
				}
			,{
				"<=msec": 3.100
				,"percent": 14.10
				}
			,{
				"<=msec": 3.200
				,"percent": 16.12
				}
			,{
				"<=msec": 3.300
				,"percent": 17.58
				}
			,{
				"<=msec": 3.400
				,"percent": 19.17
				}
			,{
				"<=msec": 3.500
				,"percent": 20.41
				}
			,{
				"<=msec": 3.600
				,"percent": 21.68
				}
			,{
				"<=msec": 3.700
				,"percent": 22.79
				}
			,{
				"<=msec": 3.800
				,"percent": 23.60
				}
			,{
				"<=msec": 3.900
				,"percent": 24.21
				}
			,{
				"<=msec": 4.000
				,"percent": 24.80
				}
			,{
				"<=msec": 4.100
				,"percent": 25.35
				}
			,{
				"<=msec": 4.200
				,"percent": 25.85
				}
			,{
				"<=msec": 4.300
				,"percent": 26.40
				}
			,{
				"<=msec": 4.400
				,"percent": 26.84
				}
			,{
				"<=msec": 4.500
				,"percent": 27.16
				}
			,{
				"<=msec": 4.600
				,"percent": 27.42
				}
			,{
				"<=msec": 4.700
				,"percent": 27.65
				}
			,{
				"<=msec": 4.800
				,"percent": 27.91
				}
			,{
				"<=msec": 4.900
				,"percent": 28.18
				}
			,{
				"<=msec": 5.000
				,"percent": 28.44
				}
			,{
				"<=msec": 5.100
				,"percent": 28.69
				}
			,{
				"<=msec": 5.200
				,"percent": 28.98
				}
			,{
				"<=msec": 5.300
				,"percent": 29.15
				}
			,{
				"<=msec": 5.400
				,"percent": 29.43
				}
			,{
				"<=msec": 5.500
				,"percent": 29.65
				}
			,{
				"<=msec": 5.600
				,"percent": 29.93
				}
			,{
				"<=msec": 5.700
				,"percent": 30.19
				}
			,{
				"<=msec": 5.800
				,"percent": 30.46
				}
			,{
				"<=msec": 5.900
				,"percent": 30.73
				}
			,{
				"<=msec": 6.000
				,"percent": 30.93
				}
			,{
				"<=msec": 6.100
				,"percent": 31.24
				}
			,{
				"<=msec": 6.200
				,"percent": 31.44
				}
			,{
				"<=msec": 6.300
				,"percent": 31.65
				}
			,{
				"<=msec": 6.400
				,"percent": 31.92
				}
			,{
				"<=msec": 6.500
				,"percent": 32.12
				}
			,{
				"<=msec": 6.600
				,"percent": 32.43
				}
			,{
				"<=msec": 6.700
				,"percent": 32.60
				}
			,{
				"<=msec": 6.800
				,"percent": 32.83
				}
			,{
				"<=msec": 6.900
				,"percent": 33.01
				}
			,{
				"<=msec": 7.000
				,"percent": 33.34
				}
			,{
				"<=msec": 7.100
				,"percent": 33.62
				}
			,{
				"<=msec": 7.200
				,"percent": 33.88
				}
			,{
				"<=msec": 7.300
				,"percent": 34.26
				}
			,{
				"<=msec": 7.400
				,"percent": 34.66
				}
			,{
				"<=msec": 7.500
				,"percent": 35.10
				}
			,{
				"<=msec": 7.600
				,"percent": 35.52
				}
			,{
				"<=msec": 7.700
				,"percent": 36.06
				}
			,{
				"<=msec": 7.800
				,"percent": 36.54
				}
			,{
				"<=msec": 7.900
				,"percent": 36.91
				}
			,{
				"<=msec": 8.000
				,"percent": 37.38
				}
			,{
				"<=msec": 8.100
				,"percent": 37.81
				}
			,{
				"<=msec": 8.200
				,"percent": 38.23
				}
			,{
				"<=msec": 8.300
				,"percent": 38.74
				}
			,{
				"<=msec": 8.400
				,"percent": 39.14
				}
			,{
				"<=msec": 8.500
				,"percent": 39.69
				}
			,{
				"<=msec": 8.600
				,"percent": 40.09
				}
			,{
				"<=msec": 8.700
				,"percent": 40.51
				}
			,{
				"<=msec": 8.800
				,"percent": 40.95
				}
			,{
				"<=msec": 8.900
				,"percent": 41.26
				}
			,{
				"<=msec": 9.000
				,"percent": 41.53
				}
			,{
				"<=msec": 9.100
				,"percent": 41.98
				}
			,{
				"<=msec": 9.200
				,"percent": 42.36
				}
			,{
				"<=msec": 9.300
				,"percent": 42.68
				}
			,{
				"<=msec": 9.400
				,"percent": 43.07
				}
			,{
				"<=msec": 9.500
				,"percent": 43.43
				}
			,{
				"<=msec": 9.600
				,"percent": 43.79
				}
			,{
				"<=msec": 9.700
				,"percent": 44.25
				}
			,{
				"<=msec": 9.800
				,"percent": 44.63
				}
			,{
				"<=msec": 9.900
				,"percent": 45.04
				}
			,{
				"<=msec": 10.000
				,"percent": 47.54
				}
			,{
				"<=msec": 11.000
				,"percent": 54.03
				}
			,{
				"<=msec": 12.000
				,"percent": 64.30
				}
			,{
				"<=msec": 13.000
				,"percent": 89.50
				}
			,{
				"<=msec": 14.000
				,"percent": 97.17
				}
			,{
				"<=msec": 15.000
				,"percent": 98.12
				}
			,{
				"<=msec": 16.000
				,"percent": 98.89
				}
			,{
				"<=msec": 17.000
				,"percent": 99.36
				}
			,{
				"<=msec": 18.000
				,"percent": 99.51
				}
			,{
				"<=msec": 19.000
				,"percent": 99.64
				}
			,{
				"<=msec": 20.000
				,"percent": 99.75
				}
			,{
				"<=msec": 21.000
				,"percent": 99.77
				}
			,{
				"<=msec": 22.000
				,"percent": 99.79
				}
			,{
				"<=msec": 23.000
				,"percent": 99.80
				}
			,{
				"<=msec": 24.000
				,"percent": 99.81
				}
			,{
				"<=msec": 25.000
				,"percent": 99.83
				}
			,{
				"<=msec": 26.000
				,"percent": 99.92
				}
			,{
				"<=msec": 27.000
				,"percent": 99.94
				}
			,{
				"<=msec": 28.000
				,"percent": 99.98
				}
			,{
				"<=msec": 33.000
				,"percent": 99.99
				}
			,{
				"<=msec": 34.000
				,"percent": 100.00
				}
			]
		,"WAIT":[
		]
		}
	}
