{
	"configuration":{
		"server": "10.0.0.4"
		,"port": 11212
		,"unix socket": "(null)"
		,"protocol": "memcache_text"
		,"out_file": "(null)"
		,"client_stats": "(null)"
		,"run_count": 1
		,"debug": 0
		,"requests": 0
		,"clients": 2
		,"threads": 1
		,"test_time": 60
		,"ratio": "1:1"
		,"pipeline": 1
		,"data_size": 4096
		,"data_offset": 0
		,"random_data": "false"
		,"data_size_range": "0:0"
		,"data_size_list": ""
		,"data_size_pattern": "R"
		,"expiry_range": "9999:10000"
		,"data_import": "(null)"
		,"data_verify": "false"
		,"verify_only": "false"
		,"generate_keys": "false"
		,"key_prefix": "memtier-"
		,"key_minimum":           0
		,"key_maximum":        1000
		,"key_pattern": "R:R"
		,"key_stddev": 0.000000
		,"key_median": 0.000000
		,"reconnect_interval": 0
		,"multi_key_get": 1
		,"authenticate": ""
		,"select-db": 0
		,"no-expiry": "false"
		,"wait-ratio": "0:0"
		,"num-slaves": "0:0"
		,"wait-timeout": "0-0"
		}
	,"run information":{
		"Threads": 1
		,"Connections per thread": 2
		,"Seconds": 60
		}
	,"ALL STATS":{
		"Sets":{
			"Ops/sec": 363.22
			,"Hits/sec": 0.00
			,"Misses/sec": 0.00
			,"Latency": 3.12
			,"KB/sec": 1466.86
			}
		,"Gets":{
			"Ops/sec": 363.19
			,"Hits/sec": 363.19
			,"Misses/sec": 0.00
			,"Latency": 2.36
			,"KB/sec": 1470.41
			}
		,"Waits":{
			"Ops/sec": 0.00
			,"Hits/sec": 0.00
			,"Misses/sec": 0.00
			,"Latency": 0.00
			,"KB/sec": 0.00
			}
		,"Totals":{
			"Ops/sec": 726.41
			,"Hits/sec": 363.19
			,"Misses/sec": 0.00
			,"Latency": 2.75
			,"KB/sec": 2937.28
			}
		,"SET":[
			{
				"<=msec": 1.400
				,"percent": 0.02
				}
			,{
				"<=msec": 1.500
				,"percent": 0.39
				}
			,{
				"<=msec": 1.600
				,"percent": 1.95
				}
			,{
				"<=msec": 1.700
				,"percent": 6.01
				}
			,{
				"<=msec": 1.800
				,"percent": 12.25
				}
			,{
				"<=msec": 1.900
				,"percent": 19.58
				}
			,{
				"<=msec": 2.000
				,"percent": 26.99
				}
			,{
				"<=msec": 2.100
				,"percent": 34.81
				}
			,{
				"<=msec": 2.200
				,"percent": 41.97
				}
			,{
				"<=msec": 2.300
				,"percent": 48.09
				}
			,{
				"<=msec": 2.400
				,"percent": 53.33
				}
			,{
				"<=msec": 2.500
				,"percent": 57.78
				}
			,{
				"<=msec": 2.600
				,"percent": 61.73
				}
			,{
				"<=msec": 2.700
				,"percent": 64.70
				}
			,{
				"<=msec": 2.800
				,"percent": 67.40
				}
			,{
				"<=msec": 2.900
				,"percent": 69.66
				}
			,{
				"<=msec": 3.000
				,"percent": 71.42
				}
			,{
				"<=msec": 3.100
				,"percent": 73.23
				}
			,{
				"<=msec": 3.200
				,"percent": 74.80
				}
			,{
				"<=msec": 3.300
				,"percent": 76.00
				}
			,{
				"<=msec": 3.400
				,"percent": 77.26
				}
			,{
				"<=msec": 3.500
				,"percent": 78.06
				}
			,{
				"<=msec": 3.600
				,"percent": 79.03
				}
			,{
				"<=msec": 3.700
				,"percent": 79.89
				}
			,{
				"<=msec": 3.800
				,"percent": 80.73
				}
			,{
				"<=msec": 3.900
				,"percent": 81.45
				}
			,{
				"<=msec": 4.000
				,"percent": 82.17
				}
			,{
				"<=msec": 4.100
				,"percent": 82.78
				}
			,{
				"<=msec": 4.200
				,"percent": 83.33
				}
			,{
				"<=msec": 4.300
				,"percent": 83.87
				}
			,{
				"<=msec": 4.400
				,"percent": 84.39
				}
			,{
				"<=msec": 4.500
				,"percent": 84.92
				}
			,{
				"<=msec": 4.600
				,"percent": 85.44
				}
			,{
				"<=msec": 4.700
				,"percent": 85.90
				}
			,{
				"<=msec": 4.800
				,"percent": 86.35
				}
			,{
				"<=msec": 4.900
				,"percent": 86.72
				}
			,{
				"<=msec": 5.000
				,"percent": 87.10
				}
			,{
				"<=msec": 5.100
				,"percent": 87.46
				}
			,{
				"<=msec": 5.200
				,"percent": 87.83
				}
			,{
				"<=msec": 5.300
				,"percent": 88.18
				}
			,{
				"<=msec": 5.400
				,"percent": 88.58
				}
			,{
				"<=msec": 5.500
				,"percent": 88.91
				}
			,{
				"<=msec": 5.600
				,"percent": 89.19
				}
			,{
				"<=msec": 5.700
				,"percent": 89.53
				}
			,{
				"<=msec": 5.800
				,"percent": 89.88
				}
			,{
				"<=msec": 5.900
				,"percent": 90.14
				}
			,{
				"<=msec": 6.000
				,"percent": 90.44
				}
			,{
				"<=msec": 6.100
				,"percent": 90.77
				}
			,{
				"<=msec": 6.200
				,"percent": 91.07
				}
			,{
				"<=msec": 6.300
				,"percent": 91.34
				}
			,{
				"<=msec": 6.400
				,"percent": 91.67
				}
			,{
				"<=msec": 6.500
				,"percent": 91.98
				}
			,{
				"<=msec": 6.600
				,"percent": 92.33
				}
			,{
				"<=msec": 6.700
				,"percent": 92.63
				}
			,{
				"<=msec": 6.800
				,"percent": 92.91
				}
			,{
				"<=msec": 6.900
				,"percent": 93.23
				}
			,{
				"<=msec": 7.000
				,"percent": 93.65
				}
			,{
				"<=msec": 7.100
				,"percent": 93.98
				}
			,{
				"<=msec": 7.200
				,"percent": 94.38
				}
			,{
				"<=msec": 7.300
				,"percent": 94.78
				}
			,{
				"<=msec": 7.400
				,"percent": 95.16
				}
			,{
				"<=msec": 7.500
				,"percent": 95.50
				}
			,{
				"<=msec": 7.600
				,"percent": 95.81
				}
			,{
				"<=msec": 7.700
				,"percent": 96.11
				}
			,{
				"<=msec": 7.800
				,"percent": 96.42
				}
			,{
				"<=msec": 7.900
				,"percent": 96.74
				}
			,{
				"<=msec": 8.000
				,"percent": 96.99
				}
			,{
				"<=msec": 8.100
				,"percent": 97.18
				}
			,{
				"<=msec": 8.200
				,"percent": 97.38
				}
			,{
				"<=msec": 8.300
				,"percent": 97.55
				}
			,{
				"<=msec": 8.400
				,"percent": 97.69
				}
			,{
				"<=msec": 8.500
				,"percent": 97.84
				}
			,{
				"<=msec": 8.600
				,"percent": 97.94
				}
			,{
				"<=msec": 8.700
				,"percent": 98.02
				}
			,{
				"<=msec": 8.800
				,"percent": 98.14
				}
			,{
				"<=msec": 8.900
				,"percent": 98.24
				}
			,{
				"<=msec": 9.000
				,"percent": 98.34
				}
			,{
				"<=msec": 9.100
				,"percent": 98.40
				}
			,{
				"<=msec": 9.200
				,"percent": 98.47
				}
			,{
				"<=msec": 9.300
				,"percent": 98.52
				}
			,{
				"<=msec": 9.400
				,"percent": 98.58
				}
			,{
				"<=msec": 9.500
				,"percent": 98.64
				}
			,{
				"<=msec": 9.600
				,"percent": 98.73
				}
			,{
				"<=msec": 9.700
				,"percent": 98.79
				}
			,{
				"<=msec": 9.800
				,"percent": 98.84
				}
			,{
				"<=msec": 9.900
				,"percent": 98.89
				}
			,{
				"<=msec": 10.000
				,"percent": 99.15
				}
			,{
				"<=msec": 11.000
				,"percent": 99.45
				}
			,{
				"<=msec": 12.000
				,"percent": 99.60
				}
			,{
				"<=msec": 13.000
				,"percent": 99.74
				}
			,{
				"<=msec": 14.000
				,"percent": 99.78
				}
			,{
				"<=msec": 15.000
				,"percent": 99.81
				}
			,{
				"<=msec": 16.000
				,"percent": 99.84
				}
			,{
				"<=msec": 17.000
				,"percent": 99.89
				}
			,{
				"<=msec": 18.000
				,"percent": 99.91
				}
			,{
				"<=msec": 19.000
				,"percent": 99.94
				}
			,{
				"<=msec": 20.000
				,"percent": 99.96
				}
			,{
				"<=msec": 22.000
				,"percent": 99.96
				}
			,{
				"<=msec": 23.000
				,"percent": 99.97
				}
			,{
				"<=msec": 24.000
				,"percent": 99.98
				}
			,{
				"<=msec": 25.000
				,"percent": 99.99
				}
			,{
				"<=msec": 28.000
				,"percent": 100.00
				}
			,{
				"<=msec": 29.000
				,"percent": 100.00
				}
			]
		,"GET":[
			{
				"<=msec": 1.300
				,"percent": 0.33
				}
			,{
				"<=msec": 1.400
				,"percent": 2.51
				}
			,{
				"<=msec": 1.500
				,"percent": 9.54
				}
			,{
				"<=msec": 1.600
				,"percent": 19.89
				}
			,{
				"<=msec": 1.700
				,"percent": 31.58
				}
			,{
				"<=msec": 1.800
				,"percent": 42.92
				}
			,{
				"<=msec": 1.900
				,"percent": 52.06
				}
			,{
				"<=msec": 2.000
				,"percent": 59.69
				}
			,{
				"<=msec": 2.100
				,"percent": 65.59
				}
			,{
				"<=msec": 2.200
				,"percent": 70.36
				}
			,{
				"<=msec": 2.300
				,"percent": 74.17
				}
			,{
				"<=msec": 2.400
				,"percent": 77.23
				}
			,{
				"<=msec": 2.500
				,"percent": 79.60
				}
			,{
				"<=msec": 2.600
				,"percent": 81.65
				}
			,{
				"<=msec": 2.700
				,"percent": 83.22
				}
			,{
				"<=msec": 2.800
				,"percent": 84.64
				}
			,{
				"<=msec": 2.900
				,"percent": 85.83
				}
			,{
				"<=msec": 3.000
				,"percent": 86.86
				}
			,{
				"<=msec": 3.100
				,"percent": 87.83
				}
			,{
				"<=msec": 3.200
				,"percent": 88.57
				}
			,{
				"<=msec": 3.300
				,"percent": 89.26
				}
			,{
				"<=msec": 3.400
				,"percent": 89.86
				}
			,{
				"<=msec": 3.500
				,"percent": 90.40
				}
			,{
				"<=msec": 3.600
				,"percent": 90.81
				}
			,{
				"<=msec": 3.700
				,"percent": 91.19
				}
			,{
				"<=msec": 3.800
				,"percent": 91.60
				}
			,{
				"<=msec": 3.900
				,"percent": 91.92
				}
			,{
				"<=msec": 4.000
				,"percent": 92.26
				}
			,{
				"<=msec": 4.100
				,"percent": 92.52
				}
			,{
				"<=msec": 4.200
				,"percent": 92.84
				}
			,{
				"<=msec": 4.300
				,"percent": 93.13
				}
			,{
				"<=msec": 4.400
				,"percent": 93.41
				}
			,{
				"<=msec": 4.500
				,"percent": 93.60
				}
			,{
				"<=msec": 4.600
				,"percent": 93.78
				}
			,{
				"<=msec": 4.700
				,"percent": 93.96
				}
			,{
				"<=msec": 4.800
				,"percent": 94.12
				}
			,{
				"<=msec": 4.900
				,"percent": 94.32
				}
			,{
				"<=msec": 5.000
				,"percent": 94.50
				}
			,{
				"<=msec": 5.100
				,"percent": 94.64
				}
			,{
				"<=msec": 5.200
				,"percent": 94.82
				}
			,{
				"<=msec": 5.300
				,"percent": 95.00
				}
			,{
				"<=msec": 5.400
				,"percent": 95.20
				}
			,{
				"<=msec": 5.500
				,"percent": 95.42
				}
			,{
				"<=msec": 5.600
				,"percent": 95.60
				}
			,{
				"<=msec": 5.700
				,"percent": 95.81
				}
			,{
				"<=msec": 5.800
				,"percent": 96.01
				}
			,{
				"<=msec": 5.900
				,"percent": 96.21
				}
			,{
				"<=msec": 6.000
				,"percent": 96.33
				}
			,{
				"<=msec": 6.100
				,"percent": 96.45
				}
			,{
				"<=msec": 6.200
				,"percent": 96.62
				}
			,{
				"<=msec": 6.300
				,"percent": 96.77
				}
			,{
				"<=msec": 6.400
				,"percent": 96.93
				}
			,{
				"<=msec": 6.500
				,"percent": 97.10
				}
			,{
				"<=msec": 6.600
				,"percent": 97.27
				}
			,{
				"<=msec": 6.700
				,"percent": 97.41
				}
			,{
				"<=msec": 6.800
				,"percent": 97.55
				}
			,{
				"<=msec": 6.900
				,"percent": 97.65
				}
			,{
				"<=msec": 7.000
				,"percent": 97.78
				}
			,{
				"<=msec": 7.100
				,"percent": 97.88
				}
			,{
				"<=msec": 7.200
				,"percent": 98.02
				}
			,{
				"<=msec": 7.300
				,"percent": 98.14
				}
			,{
				"<=msec": 7.400
				,"percent": 98.26
				}
			,{
				"<=msec": 7.500
				,"percent": 98.38
				}
			,{
				"<=msec": 7.600
				,"percent": 98.49
				}
			,{
				"<=msec": 7.700
				,"percent": 98.62
				}
			,{
				"<=msec": 7.800
				,"percent": 98.72
				}
			,{
				"<=msec": 7.900
				,"percent": 98.80
				}
			,{
				"<=msec": 8.000
				,"percent": 98.86
				}
			,{
				"<=msec": 8.100
				,"percent": 98.95
				}
			,{
				"<=msec": 8.200
				,"percent": 99.00
				}
			,{
				"<=msec": 8.300
				,"percent": 99.05
				}
			,{
				"<=msec": 8.400
				,"percent": 99.08
				}
			,{
				"<=msec": 8.500
				,"percent": 99.12
				}
			,{
				"<=msec": 8.600
				,"percent": 99.16
				}
			,{
				"<=msec": 8.700
				,"percent": 99.21
				}
			,{
				"<=msec": 8.800
				,"percent": 99.24
				}
			,{
				"<=msec": 8.900
				,"percent": 99.27
				}
			,{
				"<=msec": 9.000
				,"percent": 99.29
				}
			,{
				"<=msec": 9.100
				,"percent": 99.33
				}
			,{
				"<=msec": 9.200
				,"percent": 99.38
				}
			,{
				"<=msec": 9.300
				,"percent": 99.40
				}
			,{
				"<=msec": 9.400
				,"percent": 99.43
				}
			,{
				"<=msec": 9.500
				,"percent": 99.46
				}
			,{
				"<=msec": 9.600
				,"percent": 99.49
				}
			,{
				"<=msec": 9.700
				,"percent": 99.51
				}
			,{
				"<=msec": 9.800
				,"percent": 99.53
				}
			,{
				"<=msec": 9.900
				,"percent": 99.57
				}
			,{
				"<=msec": 10.000
				,"percent": 99.69
				}
			,{
				"<=msec": 11.000
				,"percent": 99.79
				}
			,{
				"<=msec": 12.000
				,"percent": 99.88
				}
			,{
				"<=msec": 13.000
				,"percent": 99.91
				}
			,{
				"<=msec": 14.000
				,"percent": 99.94
				}
			,{
				"<=msec": 15.000
				,"percent": 99.96
				}
			,{
				"<=msec": 16.000
				,"percent": 99.98
				}
			,{
				"<=msec": 18.000
				,"percent": 99.99
				}
			,{
				"<=msec": 22.000
				,"percent": 100.00
				}
			,{
				"<=msec": 23.000
				,"percent": 100.00
				}
			]
		,"WAIT":[
		]
		}
	}
