{
	"configuration":{
		"server": "10.0.0.4"
		,"port": 11212
		,"unix socket": "(null)"
		,"protocol": "memcache_text"
		,"out_file": "(null)"
		,"client_stats": "(null)"
		,"run_count": 1
		,"debug": 0
		,"requests": 0
		,"clients": 2
		,"threads": 1
		,"test_time": 60
		,"ratio": "1:3"
		,"pipeline": 1
		,"data_size": 4096
		,"data_offset": 0
		,"random_data": "false"
		,"data_size_range": "0:0"
		,"data_size_list": ""
		,"data_size_pattern": "R"
		,"expiry_range": "9999:10000"
		,"data_import": "(null)"
		,"data_verify": "false"
		,"verify_only": "false"
		,"generate_keys": "false"
		,"key_prefix": "memtier-"
		,"key_minimum":           0
		,"key_maximum":        1000
		,"key_pattern": "R:R"
		,"key_stddev": 0.000000
		,"key_median": 0.000000
		,"reconnect_interval": 0
		,"multi_key_get": 3
		,"authenticate": ""
		,"select-db": 0
		,"no-expiry": "false"
		,"wait-ratio": "0:0"
		,"num-slaves": "0:0"
		,"wait-timeout": "0-0"
		}
	,"run information":{
		"Threads": 1
		,"Connections per thread": 2
		,"Seconds": 60
		}
	,"ALL STATS":{
		"Sets":{
			"Ops/sec": 328.71
			,"Hits/sec": 0.00
			,"Misses/sec": 0.00
			,"Latency": 3.01
			,"KB/sec": 1327.47
			}
		,"Gets":{
			"Ops/sec": 328.69
			,"Hits/sec": 986.07
			,"Misses/sec": 0.00
			,"Latency": 3.05
			,"KB/sec": 3985.80
			}
		,"Waits":{
			"Ops/sec": 0.00
			,"Hits/sec": 0.00
			,"Misses/sec": 0.00
			,"Latency": 0.00
			,"KB/sec": 0.00
			}
		,"Totals":{
			"Ops/sec": 657.40
			,"Hits/sec": 986.07
			,"Misses/sec": 0.00
			,"Latency": 3.03
			,"KB/sec": 5313.28
			}
		,"SET":[
			{
				"<=msec": 1.400
				,"percent": 0.04
				}
			,{
				"<=msec": 1.500
				,"percent": 0.51
				}
			,{
				"<=msec": 1.600
				,"percent": 2.07
				}
			,{
				"<=msec": 1.700
				,"percent": 5.90
				}
			,{
				"<=msec": 1.800
				,"percent": 12.15
				}
			,{
				"<=msec": 1.900
				,"percent": 20.18
				}
			,{
				"<=msec": 2.000
				,"percent": 28.58
				}
			,{
				"<=msec": 2.100
				,"percent": 36.87
				}
			,{
				"<=msec": 2.200
				,"percent": 44.14
				}
			,{
				"<=msec": 2.300
				,"percent": 50.96
				}
			,{
				"<=msec": 2.400
				,"percent": 56.32
				}
			,{
				"<=msec": 2.500
				,"percent": 61.05
				}
			,{
				"<=msec": 2.600
				,"percent": 64.89
				}
			,{
				"<=msec": 2.700
				,"percent": 67.99
				}
			,{
				"<=msec": 2.800
				,"percent": 70.60
				}
			,{
				"<=msec": 2.900
				,"percent": 72.76
				}
			,{
				"<=msec": 3.000
				,"percent": 74.67
				}
			,{
				"<=msec": 3.100
				,"percent": 76.32
				}
			,{
				"<=msec": 3.200
				,"percent": 77.61
				}
			,{
				"<=msec": 3.300
				,"percent": 78.87
				}
			,{
				"<=msec": 3.400
				,"percent": 79.83
				}
			,{
				"<=msec": 3.500
				,"percent": 80.76
				}
			,{
				"<=msec": 3.600
				,"percent": 81.56
				}
			,{
				"<=msec": 3.700
				,"percent": 82.34
				}
			,{
				"<=msec": 3.800
				,"percent": 82.96
				}
			,{
				"<=msec": 3.900
				,"percent": 83.66
				}
			,{
				"<=msec": 4.000
				,"percent": 84.28
				}
			,{
				"<=msec": 4.100
				,"percent": 84.72
				}
			,{
				"<=msec": 4.200
				,"percent": 85.19
				}
			,{
				"<=msec": 4.300
				,"percent": 85.70
				}
			,{
				"<=msec": 4.400
				,"percent": 86.22
				}
			,{
				"<=msec": 4.500
				,"percent": 86.65
				}
			,{
				"<=msec": 4.600
				,"percent": 87.05
				}
			,{
				"<=msec": 4.700
				,"percent": 87.34
				}
			,{
				"<=msec": 4.800
				,"percent": 87.67
				}
			,{
				"<=msec": 4.900
				,"percent": 88.05
				}
			,{
				"<=msec": 5.000
				,"percent": 88.58
				}
			,{
				"<=msec": 5.100
				,"percent": 88.89
				}
			,{
				"<=msec": 5.200
				,"percent": 89.24
				}
			,{
				"<=msec": 5.300
				,"percent": 89.60
				}
			,{
				"<=msec": 5.400
				,"percent": 89.90
				}
			,{
				"<=msec": 5.500
				,"percent": 90.21
				}
			,{
				"<=msec": 5.600
				,"percent": 90.48
				}
			,{
				"<=msec": 5.700
				,"percent": 90.79
				}
			,{
				"<=msec": 5.800
				,"percent": 91.06
				}
			,{
				"<=msec": 5.900
				,"percent": 91.31
				}
			,{
				"<=msec": 6.000
				,"percent": 91.53
				}
			,{
				"<=msec": 6.100
				,"percent": 91.80
				}
			,{
				"<=msec": 6.200
				,"percent": 92.10
				}
			,{
				"<=msec": 6.300
				,"percent": 92.39
				}
			,{
				"<=msec": 6.400
				,"percent": 92.75
				}
			,{
				"<=msec": 6.500
				,"percent": 93.15
				}
			,{
				"<=msec": 6.600
				,"percent": 93.49
				}
			,{
				"<=msec": 6.700
				,"percent": 93.78
				}
			,{
				"<=msec": 6.800
				,"percent": 94.14
				}
			,{
				"<=msec": 6.900
				,"percent": 94.46
				}
			,{
				"<=msec": 7.000
				,"percent": 94.75
				}
			,{
				"<=msec": 7.100
				,"percent": 95.06
				}
			,{
				"<=msec": 7.200
				,"percent": 95.37
				}
			,{
				"<=msec": 7.300
				,"percent": 95.77
				}
			,{
				"<=msec": 7.400
				,"percent": 96.02
				}
			,{
				"<=msec": 7.500
				,"percent": 96.35
				}
			,{
				"<=msec": 7.600
				,"percent": 96.61
				}
			,{
				"<=msec": 7.700
				,"percent": 96.88
				}
			,{
				"<=msec": 7.800
				,"percent": 97.19
				}
			,{
				"<=msec": 7.900
				,"percent": 97.42
				}
			,{
				"<=msec": 8.000
				,"percent": 97.55
				}
			,{
				"<=msec": 8.100
				,"percent": 97.69
				}
			,{
				"<=msec": 8.200
				,"percent": 97.81
				}
			,{
				"<=msec": 8.300
				,"percent": 97.89
				}
			,{
				"<=msec": 8.400
				,"percent": 97.99
				}
			,{
				"<=msec": 8.500
				,"percent": 98.06
				}
			,{
				"<=msec": 8.600
				,"percent": 98.13
				}
			,{
				"<=msec": 8.700
				,"percent": 98.21
				}
			,{
				"<=msec": 8.800
				,"percent": 98.29
				}
			,{
				"<=msec": 8.900
				,"percent": 98.35
				}
			,{
				"<=msec": 9.000
				,"percent": 98.43
				}
			,{
				"<=msec": 9.100
				,"percent": 98.50
				}
			,{
				"<=msec": 9.200
				,"percent": 98.61
				}
			,{
				"<=msec": 9.300
				,"percent": 98.65
				}
			,{
				"<=msec": 9.400
				,"percent": 98.74
				}
			,{
				"<=msec": 9.500
				,"percent": 98.79
				}
			,{
				"<=msec": 9.600
				,"percent": 98.83
				}
			,{
				"<=msec": 9.700
				,"percent": 98.91
				}
			,{
				"<=msec": 9.800
				,"percent": 98.98
				}
			,{
				"<=msec": 9.900
				,"percent": 99.03
				}
			,{
				"<=msec": 10.000
				,"percent": 99.19
				}
			,{
				"<=msec": 11.000
				,"percent": 99.50
				}
			,{
				"<=msec": 12.000
				,"percent": 99.65
				}
			,{
				"<=msec": 13.000
				,"percent": 99.73
				}
			,{
				"<=msec": 14.000
				,"percent": 99.78
				}
			,{
				"<=msec": 15.000
				,"percent": 99.84
				}
			,{
				"<=msec": 16.000
				,"percent": 99.85
				}
			,{
				"<=msec": 17.000
				,"percent": 99.90
				}
			,{
				"<=msec": 18.000
				,"percent": 99.95
				}
			,{
				"<=msec": 19.000
				,"percent": 99.96
				}
			,{
				"<=msec": 20.000
				,"percent": 99.97
				}
			,{
				"<=msec": 21.000
				,"percent": 99.97
				}
			,{
				"<=msec": 22.000
				,"percent": 99.98
				}
			,{
				"<=msec": 23.000
				,"percent": 99.98
				}
			,{
				"<=msec": 24.000
				,"percent": 99.99
				}
			,{
				"<=msec": 28.000
				,"percent": 100.00
				}
			]
		,"GET":[
			{
				"<=msec": 1.400
				,"percent": 0.01
				}
			,{
				"<=msec": 1.500
				,"percent": 0.07
				}
			,{
				"<=msec": 1.600
				,"percent": 0.64
				}
			,{
				"<=msec": 1.700
				,"percent": 2.82
				}
			,{
				"<=msec": 1.800
				,"percent": 7.07
				}
			,{
				"<=msec": 1.900
				,"percent": 13.95
				}
			,{
				"<=msec": 2.000
				,"percent": 22.18
				}
			,{
				"<=msec": 2.100
				,"percent": 30.41
				}
			,{
				"<=msec": 2.200
				,"percent": 38.61
				}
			,{
				"<=msec": 2.300
				,"percent": 46.22
				}
			,{
				"<=msec": 2.400
				,"percent": 52.78
				}
			,{
				"<=msec": 2.500
				,"percent": 58.18
				}
			,{
				"<=msec": 2.600
				,"percent": 62.85
				}
			,{
				"<=msec": 2.700
				,"percent": 66.68
				}
			,{
				"<=msec": 2.800
				,"percent": 69.82
				}
			,{
				"<=msec": 2.900
				,"percent": 72.12
				}
			,{
				"<=msec": 3.000
				,"percent": 74.20
				}
			,{
				"<=msec": 3.100
				,"percent": 75.88
				}
			,{
				"<=msec": 3.200
				,"percent": 77.46
				}
			,{
				"<=msec": 3.300
				,"percent": 78.74
				}
			,{
				"<=msec": 3.400
				,"percent": 79.89
				}
			,{
				"<=msec": 3.500
				,"percent": 80.96
				}
			,{
				"<=msec": 3.600
				,"percent": 81.89
				}
			,{
				"<=msec": 3.700
				,"percent": 82.69
				}
			,{
				"<=msec": 3.800
				,"percent": 83.37
				}
			,{
				"<=msec": 3.900
				,"percent": 84.08
				}
			,{
				"<=msec": 4.000
				,"percent": 84.67
				}
			,{
				"<=msec": 4.100
				,"percent": 85.14
				}
			,{
				"<=msec": 4.200
				,"percent": 85.70
				}
			,{
				"<=msec": 4.300
				,"percent": 86.14
				}
			,{
				"<=msec": 4.400
				,"percent": 86.54
				}
			,{
				"<=msec": 4.500
				,"percent": 86.96
				}
			,{
				"<=msec": 4.600
				,"percent": 87.33
				}
			,{
				"<=msec": 4.700
				,"percent": 87.72
				}
			,{
				"<=msec": 4.800
				,"percent": 88.14
				}
			,{
				"<=msec": 4.900
				,"percent": 88.48
				}
			,{
				"<=msec": 5.000
				,"percent": 88.76
				}
			,{
				"<=msec": 5.100
				,"percent": 89.10
				}
			,{
				"<=msec": 5.200
				,"percent": 89.39
				}
			,{
				"<=msec": 5.300
				,"percent": 89.69
				}
			,{
				"<=msec": 5.400
				,"percent": 90.08
				}
			,{
				"<=msec": 5.500
				,"percent": 90.40
				}
			,{
				"<=msec": 5.600
				,"percent": 90.68
				}
			,{
				"<=msec": 5.700
				,"percent": 90.97
				}
			,{
				"<=msec": 5.800
				,"percent": 91.20
				}
			,{
				"<=msec": 5.900
				,"percent": 91.46
				}
			,{
				"<=msec": 6.000
				,"percent": 91.69
				}
			,{
				"<=msec": 6.100
				,"percent": 91.92
				}
			,{
				"<=msec": 6.200
				,"percent": 92.16
				}
			,{
				"<=msec": 6.300
				,"percent": 92.48
				}
			,{
				"<=msec": 6.400
				,"percent": 92.79
				}
			,{
				"<=msec": 6.500
				,"percent": 93.09
				}
			,{
				"<=msec": 6.600
				,"percent": 93.35
				}
			,{
				"<=msec": 6.700
				,"percent": 93.68
				}
			,{
				"<=msec": 6.800
				,"percent": 93.97
				}
			,{
				"<=msec": 6.900
				,"percent": 94.28
				}
			,{
				"<=msec": 7.000
				,"percent": 94.68
				}
			,{
				"<=msec": 7.100
				,"percent": 95.00
				}
			,{
				"<=msec": 7.200
				,"percent": 95.31
				}
			,{
				"<=msec": 7.300
				,"percent": 95.59
				}
			,{
				"<=msec": 7.400
				,"percent": 95.89
				}
			,{
				"<=msec": 7.500
				,"percent": 96.16
				}
			,{
				"<=msec": 7.600
				,"percent": 96.50
				}
			,{
				"<=msec": 7.700
				,"percent": 96.75
				}
			,{
				"<=msec": 7.800
				,"percent": 97.00
				}
			,{
				"<=msec": 7.900
				,"percent": 97.24
				}
			,{
				"<=msec": 8.000
				,"percent": 97.43
				}
			,{
				"<=msec": 8.100
				,"percent": 97.57
				}
			,{
				"<=msec": 8.200
				,"percent": 97.68
				}
			,{
				"<=msec": 8.300
				,"percent": 97.80
				}
			,{
				"<=msec": 8.400
				,"percent": 97.93
				}
			,{
				"<=msec": 8.500
				,"percent": 98.04
				}
			,{
				"<=msec": 8.600
				,"percent": 98.12
				}
			,{
				"<=msec": 8.700
				,"percent": 98.19
				}
			,{
				"<=msec": 8.800
				,"percent": 98.28
				}
			,{
				"<=msec": 8.900
				,"percent": 98.39
				}
			,{
				"<=msec": 9.000
				,"percent": 98.46
				}
			,{
				"<=msec": 9.100
				,"percent": 98.50
				}
			,{
				"<=msec": 9.200
				,"percent": 98.55
				}
			,{
				"<=msec": 9.300
				,"percent": 98.62
				}
			,{
				"<=msec": 9.400
				,"percent": 98.67
				}
			,{
				"<=msec": 9.500
				,"percent": 98.72
				}
			,{
				"<=msec": 9.600
				,"percent": 98.77
				}
			,{
				"<=msec": 9.700
				,"percent": 98.84
				}
			,{
				"<=msec": 9.800
				,"percent": 98.90
				}
			,{
				"<=msec": 9.900
				,"percent": 98.97
				}
			,{
				"<=msec": 10.000
				,"percent": 99.24
				}
			,{
				"<=msec": 11.000
				,"percent": 99.55
				}
			,{
				"<=msec": 12.000
				,"percent": 99.72
				}
			,{
				"<=msec": 13.000
				,"percent": 99.81
				}
			,{
				"<=msec": 14.000
				,"percent": 99.84
				}
			,{
				"<=msec": 15.000
				,"percent": 99.87
				}
			,{
				"<=msec": 16.000
				,"percent": 99.91
				}
			,{
				"<=msec": 17.000
				,"percent": 99.94
				}
			,{
				"<=msec": 18.000
				,"percent": 99.96
				}
			,{
				"<=msec": 20.000
				,"percent": 99.97
				}
			,{
				"<=msec": 22.000
				,"percent": 99.99
				}
			,{
				"<=msec": 28.000
				,"percent": 100.00
				}
			]
		,"WAIT":[
		]
		}
	}
