{
	"configuration":{
		"server": "10.0.0.4"
		,"port": 11212
		,"unix socket": "(null)"
		,"protocol": "memcache_text"
		,"out_file": "(null)"
		,"client_stats": "(null)"
		,"run_count": 1
		,"debug": 0
		,"requests": 0
		,"clients": 2
		,"threads": 1
		,"test_time": 60
		,"ratio": "1:3"
		,"pipeline": 1
		,"data_size": 4096
		,"data_offset": 0
		,"random_data": "false"
		,"data_size_range": "0:0"
		,"data_size_list": ""
		,"data_size_pattern": "R"
		,"expiry_range": "9999:10000"
		,"data_import": "(null)"
		,"data_verify": "false"
		,"verify_only": "false"
		,"generate_keys": "false"
		,"key_prefix": "memtier-"
		,"key_minimum":           0
		,"key_maximum":        1000
		,"key_pattern": "R:R"
		,"key_stddev": 0.000000
		,"key_median": 0.000000
		,"reconnect_interval": 0
		,"multi_key_get": 3
		,"authenticate": ""
		,"select-db": 0
		,"no-expiry": "false"
		,"wait-ratio": "0:0"
		,"num-slaves": "0:0"
		,"wait-timeout": "0-0"
		}
	,"run information":{
		"Threads": 1
		,"Connections per thread": 2
		,"Seconds": 60
		}
	,"ALL STATS":{
		"Sets":{
			"Ops/sec": 318.61
			,"Hits/sec": 0.00
			,"Misses/sec": 0.00
			,"Latency": 3.07
			,"KB/sec": 1286.68
			}
		,"Gets":{
			"Ops/sec": 318.61
			,"Hits/sec": 955.82
			,"Misses/sec": 0.00
			,"Latency": 3.19
			,"KB/sec": 3863.52
			}
		,"Waits":{
			"Ops/sec": 0.00
			,"Hits/sec": 0.00
			,"Misses/sec": 0.00
			,"Latency": 0.00
			,"KB/sec": 0.00
			}
		,"Totals":{
			"Ops/sec": 637.21
			,"Hits/sec": 955.82
			,"Misses/sec": 0.00
			,"Latency": 3.13
			,"KB/sec": 5150.20
			}
		,"SET":[
			{
				"<=msec": 1.400
				,"percent": 0.04
				}
			,{
				"<=msec": 1.500
				,"percent": 0.55
				}
			,{
				"<=msec": 1.600
				,"percent": 2.48
				}
			,{
				"<=msec": 1.700
				,"percent": 6.75
				}
			,{
				"<=msec": 1.800
				,"percent": 13.69
				}
			,{
				"<=msec": 1.900
				,"percent": 21.77
				}
			,{
				"<=msec": 2.000
				,"percent": 30.77
				}
			,{
				"<=msec": 2.100
				,"percent": 39.03
				}
			,{
				"<=msec": 2.200
				,"percent": 46.19
				}
			,{
				"<=msec": 2.300
				,"percent": 52.53
				}
			,{
				"<=msec": 2.400
				,"percent": 57.71
				}
			,{
				"<=msec": 2.500
				,"percent": 62.12
				}
			,{
				"<=msec": 2.600
				,"percent": 65.62
				}
			,{
				"<=msec": 2.700
				,"percent": 68.75
				}
			,{
				"<=msec": 2.800
				,"percent": 71.22
				}
			,{
				"<=msec": 2.900
				,"percent": 73.35
				}
			,{
				"<=msec": 3.000
				,"percent": 75.11
				}
			,{
				"<=msec": 3.100
				,"percent": 76.77
				}
			,{
				"<=msec": 3.200
				,"percent": 78.28
				}
			,{
				"<=msec": 3.300
				,"percent": 79.37
				}
			,{
				"<=msec": 3.400
				,"percent": 80.22
				}
			,{
				"<=msec": 3.500
				,"percent": 81.21
				}
			,{
				"<=msec": 3.600
				,"percent": 81.94
				}
			,{
				"<=msec": 3.700
				,"percent": 82.61
				}
			,{
				"<=msec": 3.800
				,"percent": 83.10
				}
			,{
				"<=msec": 3.900
				,"percent": 83.69
				}
			,{
				"<=msec": 4.000
				,"percent": 84.25
				}
			,{
				"<=msec": 4.100
				,"percent": 84.71
				}
			,{
				"<=msec": 4.200
				,"percent": 85.15
				}
			,{
				"<=msec": 4.300
				,"percent": 85.62
				}
			,{
				"<=msec": 4.400
				,"percent": 86.03
				}
			,{
				"<=msec": 4.500
				,"percent": 86.32
				}
			,{
				"<=msec": 4.600
				,"percent": 86.73
				}
			,{
				"<=msec": 4.700
				,"percent": 87.11
				}
			,{
				"<=msec": 4.800
				,"percent": 87.55
				}
			,{
				"<=msec": 4.900
				,"percent": 87.94
				}
			,{
				"<=msec": 5.000
				,"percent": 88.21
				}
			,{
				"<=msec": 5.100
				,"percent": 88.53
				}
			,{
				"<=msec": 5.200
				,"percent": 88.73
				}
			,{
				"<=msec": 5.300
				,"percent": 89.10
				}
			,{
				"<=msec": 5.400
				,"percent": 89.45
				}
			,{
				"<=msec": 5.500
				,"percent": 89.73
				}
			,{
				"<=msec": 5.600
				,"percent": 90.01
				}
			,{
				"<=msec": 5.700
				,"percent": 90.35
				}
			,{
				"<=msec": 5.800
				,"percent": 90.59
				}
			,{
				"<=msec": 5.900
				,"percent": 90.81
				}
			,{
				"<=msec": 6.000
				,"percent": 91.16
				}
			,{
				"<=msec": 6.100
				,"percent": 91.46
				}
			,{
				"<=msec": 6.200
				,"percent": 91.71
				}
			,{
				"<=msec": 6.300
				,"percent": 91.97
				}
			,{
				"<=msec": 6.400
				,"percent": 92.20
				}
			,{
				"<=msec": 6.500
				,"percent": 92.57
				}
			,{
				"<=msec": 6.600
				,"percent": 92.92
				}
			,{
				"<=msec": 6.700
				,"percent": 93.19
				}
			,{
				"<=msec": 6.800
				,"percent": 93.50
				}
			,{
				"<=msec": 6.900
				,"percent": 93.82
				}
			,{
				"<=msec": 7.000
				,"percent": 94.17
				}
			,{
				"<=msec": 7.100
				,"percent": 94.52
				}
			,{
				"<=msec": 7.200
				,"percent": 94.82
				}
			,{
				"<=msec": 7.300
				,"percent": 95.16
				}
			,{
				"<=msec": 7.400
				,"percent": 95.43
				}
			,{
				"<=msec": 7.500
				,"percent": 95.86
				}
			,{
				"<=msec": 7.600
				,"percent": 96.13
				}
			,{
				"<=msec": 7.700
				,"percent": 96.39
				}
			,{
				"<=msec": 7.800
				,"percent": 96.63
				}
			,{
				"<=msec": 7.900
				,"percent": 96.81
				}
			,{
				"<=msec": 8.000
				,"percent": 97.02
				}
			,{
				"<=msec": 8.100
				,"percent": 97.16
				}
			,{
				"<=msec": 8.200
				,"percent": 97.27
				}
			,{
				"<=msec": 8.300
				,"percent": 97.45
				}
			,{
				"<=msec": 8.400
				,"percent": 97.59
				}
			,{
				"<=msec": 8.500
				,"percent": 97.70
				}
			,{
				"<=msec": 8.600
				,"percent": 97.82
				}
			,{
				"<=msec": 8.700
				,"percent": 97.89
				}
			,{
				"<=msec": 8.800
				,"percent": 97.98
				}
			,{
				"<=msec": 8.900
				,"percent": 98.07
				}
			,{
				"<=msec": 9.000
				,"percent": 98.16
				}
			,{
				"<=msec": 9.100
				,"percent": 98.24
				}
			,{
				"<=msec": 9.200
				,"percent": 98.31
				}
			,{
				"<=msec": 9.300
				,"percent": 98.40
				}
			,{
				"<=msec": 9.400
				,"percent": 98.45
				}
			,{
				"<=msec": 9.500
				,"percent": 98.54
				}
			,{
				"<=msec": 9.600
				,"percent": 98.60
				}
			,{
				"<=msec": 9.700
				,"percent": 98.66
				}
			,{
				"<=msec": 9.800
				,"percent": 98.74
				}
			,{
				"<=msec": 9.900
				,"percent": 98.79
				}
			,{
				"<=msec": 10.000
				,"percent": 99.06
				}
			,{
				"<=msec": 11.000
				,"percent": 99.47
				}
			,{
				"<=msec": 12.000
				,"percent": 99.58
				}
			,{
				"<=msec": 13.000
				,"percent": 99.71
				}
			,{
				"<=msec": 14.000
				,"percent": 99.75
				}
			,{
				"<=msec": 15.000
				,"percent": 99.82
				}
			,{
				"<=msec": 16.000
				,"percent": 99.85
				}
			,{
				"<=msec": 17.000
				,"percent": 99.87
				}
			,{
				"<=msec": 18.000
				,"percent": 99.90
				}
			,{
				"<=msec": 19.000
				,"percent": 99.91
				}
			,{
				"<=msec": 20.000
				,"percent": 99.92
				}
			,{
				"<=msec": 23.000
				,"percent": 99.93
				}
			,{
				"<=msec": 24.000
				,"percent": 99.93
				}
			,{
				"<=msec": 25.000
				,"percent": 99.94
				}
			,{
				"<=msec": 26.000
				,"percent": 99.95
				}
			,{
				"<=msec": 27.000
				,"percent": 99.95
				}
			,{
				"<=msec": 28.000
				,"percent": 99.96
				}
			,{
				"<=msec": 29.000
				,"percent": 99.97
				}
			,{
				"<=msec": 30.000
				,"percent": 99.97
				}
			,{
				"<=msec": 64.000
				,"percent": 99.98
				}
			,{
				"<=msec": 130.000
				,"percent": 99.98
				}
			,{
				"<=msec": 230.000
				,"percent": 99.99
				}
			,{
				"<=msec": 330.000
				,"percent": 99.99
				}
			,{
				"<=msec": 350.000
				,"percent": 100.00
				}
			]
		,"GET":[
			{
				"<=msec": 1.400
				,"percent": 0.01
				}
			,{
				"<=msec": 1.500
				,"percent": 0.06
				}
			,{
				"<=msec": 1.600
				,"percent": 0.74
				}
			,{
				"<=msec": 1.700
				,"percent": 3.01
				}
			,{
				"<=msec": 1.800
				,"percent": 7.45
				}
			,{
				"<=msec": 1.900
				,"percent": 14.73
				}
			,{
				"<=msec": 2.000
				,"percent": 23.29
				}
			,{
				"<=msec": 2.100
				,"percent": 31.62
				}
			,{
				"<=msec": 2.200
				,"percent": 39.99
				}
			,{
				"<=msec": 2.300
				,"percent": 47.29
				}
			,{
				"<=msec": 2.400
				,"percent": 53.19
				}
			,{
				"<=msec": 2.500
				,"percent": 58.42
				}
			,{
				"<=msec": 2.600
				,"percent": 62.71
				}
			,{
				"<=msec": 2.700
				,"percent": 66.20
				}
			,{
				"<=msec": 2.800
				,"percent": 69.36
				}
			,{
				"<=msec": 2.900
				,"percent": 72.00
				}
			,{
				"<=msec": 3.000
				,"percent": 74.01
				}
			,{
				"<=msec": 3.100
				,"percent": 75.98
				}
			,{
				"<=msec": 3.200
				,"percent": 77.30
				}
			,{
				"<=msec": 3.300
				,"percent": 78.65
				}
			,{
				"<=msec": 3.400
				,"percent": 79.90
				}
			,{
				"<=msec": 3.500
				,"percent": 80.95
				}
			,{
				"<=msec": 3.600
				,"percent": 81.88
				}
			,{
				"<=msec": 3.700
				,"percent": 82.57
				}
			,{
				"<=msec": 3.800
				,"percent": 83.38
				}
			,{
				"<=msec": 3.900
				,"percent": 83.98
				}
			,{
				"<=msec": 4.000
				,"percent": 84.56
				}
			,{
				"<=msec": 4.100
				,"percent": 85.06
				}
			,{
				"<=msec": 4.200
				,"percent": 85.52
				}
			,{
				"<=msec": 4.300
				,"percent": 85.87
				}
			,{
				"<=msec": 4.400
				,"percent": 86.29
				}
			,{
				"<=msec": 4.500
				,"percent": 86.57
				}
			,{
				"<=msec": 4.600
				,"percent": 86.90
				}
			,{
				"<=msec": 4.700
				,"percent": 87.25
				}
			,{
				"<=msec": 4.800
				,"percent": 87.52
				}
			,{
				"<=msec": 4.900
				,"percent": 87.84
				}
			,{
				"<=msec": 5.000
				,"percent": 88.13
				}
			,{
				"<=msec": 5.100
				,"percent": 88.49
				}
			,{
				"<=msec": 5.200
				,"percent": 88.70
				}
			,{
				"<=msec": 5.300
				,"percent": 89.00
				}
			,{
				"<=msec": 5.400
				,"percent": 89.26
				}
			,{
				"<=msec": 5.500
				,"percent": 89.51
				}
			,{
				"<=msec": 5.600
				,"percent": 89.78
				}
			,{
				"<=msec": 5.700
				,"percent": 90.05
				}
			,{
				"<=msec": 5.800
				,"percent": 90.32
				}
			,{
				"<=msec": 5.900
				,"percent": 90.62
				}
			,{
				"<=msec": 6.000
				,"percent": 90.95
				}
			,{
				"<=msec": 6.100
				,"percent": 91.25
				}
			,{
				"<=msec": 6.200
				,"percent": 91.55
				}
			,{
				"<=msec": 6.300
				,"percent": 91.80
				}
			,{
				"<=msec": 6.400
				,"percent": 92.06
				}
			,{
				"<=msec": 6.500
				,"percent": 92.33
				}
			,{
				"<=msec": 6.600
				,"percent": 92.60
				}
			,{
				"<=msec": 6.700
				,"percent": 92.93
				}
			,{
				"<=msec": 6.800
				,"percent": 93.21
				}
			,{
				"<=msec": 6.900
				,"percent": 93.50
				}
			,{
				"<=msec": 7.000
				,"percent": 93.90
				}
			,{
				"<=msec": 7.100
				,"percent": 94.20
				}
			,{
				"<=msec": 7.200
				,"percent": 94.48
				}
			,{
				"<=msec": 7.300
				,"percent": 94.85
				}
			,{
				"<=msec": 7.400
				,"percent": 95.16
				}
			,{
				"<=msec": 7.500
				,"percent": 95.55
				}
			,{
				"<=msec": 7.600
				,"percent": 95.86
				}
			,{
				"<=msec": 7.700
				,"percent": 96.16
				}
			,{
				"<=msec": 7.800
				,"percent": 96.50
				}
			,{
				"<=msec": 7.900
				,"percent": 96.72
				}
			,{
				"<=msec": 8.000
				,"percent": 97.01
				}
			,{
				"<=msec": 8.100
				,"percent": 97.15
				}
			,{
				"<=msec": 8.200
				,"percent": 97.35
				}
			,{
				"<=msec": 8.300
				,"percent": 97.54
				}
			,{
				"<=msec": 8.400
				,"percent": 97.65
				}
			,{
				"<=msec": 8.500
				,"percent": 97.76
				}
			,{
				"<=msec": 8.600
				,"percent": 97.86
				}
			,{
				"<=msec": 8.700
				,"percent": 97.94
				}
			,{
				"<=msec": 8.800
				,"percent": 98.04
				}
			,{
				"<=msec": 8.900
				,"percent": 98.13
				}
			,{
				"<=msec": 9.000
				,"percent": 98.22
				}
			,{
				"<=msec": 9.100
				,"percent": 98.25
				}
			,{
				"<=msec": 9.200
				,"percent": 98.31
				}
			,{
				"<=msec": 9.300
				,"percent": 98.39
				}
			,{
				"<=msec": 9.400
				,"percent": 98.46
				}
			,{
				"<=msec": 9.500
				,"percent": 98.52
				}
			,{
				"<=msec": 9.600
				,"percent": 98.59
				}
			,{
				"<=msec": 9.700
				,"percent": 98.66
				}
			,{
				"<=msec": 9.800
				,"percent": 98.69
				}
			,{
				"<=msec": 9.900
				,"percent": 98.75
				}
			,{
				"<=msec": 10.000
				,"percent": 99.05
				}
			,{
				"<=msec": 11.000
				,"percent": 99.43
				}
			,{
				"<=msec": 12.000
				,"percent": 99.63
				}
			,{
				"<=msec": 13.000
				,"percent": 99.70
				}
			,{
				"<=msec": 14.000
				,"percent": 99.77
				}
			,{
				"<=msec": 15.000
				,"percent": 99.81
				}
			,{
				"<=msec": 16.000
				,"percent": 99.87
				}
			,{
				"<=msec": 17.000
				,"percent": 99.88
				}
			,{
				"<=msec": 18.000
				,"percent": 99.92
				}
			,{
				"<=msec": 22.000
				,"percent": 99.94
				}
			,{
				"<=msec": 23.000
				,"percent": 99.94
				}
			,{
				"<=msec": 26.000
				,"percent": 99.95
				}
			,{
				"<=msec": 31.000
				,"percent": 99.95
				}
			,{
				"<=msec": 32.000
				,"percent": 99.96
				}
			,{
				"<=msec": 56.000
				,"percent": 99.96
				}
			,{
				"<=msec": 68.000
				,"percent": 99.97
				}
			,{
				"<=msec": 71.000
				,"percent": 99.97
				}
			,{
				"<=msec": 76.000
				,"percent": 99.98
				}
			,{
				"<=msec": 120.000
				,"percent": 99.98
				}
			,{
				"<=msec": 220.000
				,"percent": 99.99
				}
			,{
				"<=msec": 550.000
				,"percent": 99.99
				}
			,{
				"<=msec": 840.000
				,"percent": 100.00
				}
			]
		,"WAIT":[
		]
		}
	}
