{
	"configuration":{
		"server": "10.0.0.4"
		,"port": 11212
		,"unix socket": "(null)"
		,"protocol": "memcache_text"
		,"out_file": "(null)"
		,"client_stats": "(null)"
		,"run_count": 1
		,"debug": 0
		,"requests": 0
		,"clients": 2
		,"threads": 1
		,"test_time": 60
		,"ratio": "1:9"
		,"pipeline": 1
		,"data_size": 4096
		,"data_offset": 0
		,"random_data": "false"
		,"data_size_range": "0:0"
		,"data_size_list": ""
		,"data_size_pattern": "R"
		,"expiry_range": "9999:10000"
		,"data_import": "(null)"
		,"data_verify": "false"
		,"verify_only": "false"
		,"generate_keys": "false"
		,"key_prefix": "memtier-"
		,"key_minimum":           0
		,"key_maximum":        1000
		,"key_pattern": "R:R"
		,"key_stddev": 0.000000
		,"key_median": 0.000000
		,"reconnect_interval": 0
		,"multi_key_get": 9
		,"authenticate": ""
		,"select-db": 0
		,"no-expiry": "false"
		,"wait-ratio": "0:0"
		,"num-slaves": "0:0"
		,"wait-timeout": "0-0"
		}
	,"run information":{
		"Threads": 1
		,"Connections per thread": 2
		,"Seconds": 60
		}
	,"ALL STATS":{
		"Sets":{
			"Ops/sec": 144.14
			,"Hits/sec": 0.00
			,"Misses/sec": 0.00
			,"Latency": 4.58
			,"KB/sec": 582.09
			}
		,"Gets":{
			"Ops/sec": 144.12
			,"Hits/sec": 1297.08
			,"Misses/sec": 0.00
			,"Latency": 9.27
			,"KB/sec": 5240.10
			}
		,"Waits":{
			"Ops/sec": 0.00
			,"Hits/sec": 0.00
			,"Misses/sec": 0.00
			,"Latency": 0.00
			,"KB/sec": 0.00
			}
		,"Totals":{
			"Ops/sec": 288.26
			,"Hits/sec": 1297.08
			,"Misses/sec": 0.00
			,"Latency": 6.92
			,"KB/sec": 5822.19
			}
		,"SET":[
			{
				"<=msec": 1.600
				,"percent": 0.09
				}
			,{
				"<=msec": 1.700
				,"percent": 0.45
				}
			,{
				"<=msec": 1.800
				,"percent": 1.60
				}
			,{
				"<=msec": 1.900
				,"percent": 4.16
				}
			,{
				"<=msec": 2.000
				,"percent": 8.32
				}
			,{
				"<=msec": 2.100
				,"percent": 14.37
				}
			,{
				"<=msec": 2.200
				,"percent": 21.37
				}
			,{
				"<=msec": 2.300
				,"percent": 28.30
				}
			,{
				"<=msec": 2.400
				,"percent": 34.78
				}
			,{
				"<=msec": 2.500
				,"percent": 40.46
				}
			,{
				"<=msec": 2.600
				,"percent": 45.09
				}
			,{
				"<=msec": 2.700
				,"percent": 48.68
				}
			,{
				"<=msec": 2.800
				,"percent": 52.23
				}
			,{
				"<=msec": 2.900
				,"percent": 54.64
				}
			,{
				"<=msec": 3.000
				,"percent": 56.85
				}
			,{
				"<=msec": 3.100
				,"percent": 58.49
				}
			,{
				"<=msec": 3.200
				,"percent": 59.93
				}
			,{
				"<=msec": 3.300
				,"percent": 61.23
				}
			,{
				"<=msec": 3.400
				,"percent": 62.33
				}
			,{
				"<=msec": 3.500
				,"percent": 63.34
				}
			,{
				"<=msec": 3.600
				,"percent": 64.00
				}
			,{
				"<=msec": 3.700
				,"percent": 64.63
				}
			,{
				"<=msec": 3.800
				,"percent": 65.29
				}
			,{
				"<=msec": 3.900
				,"percent": 65.87
				}
			,{
				"<=msec": 4.000
				,"percent": 66.45
				}
			,{
				"<=msec": 4.100
				,"percent": 67.04
				}
			,{
				"<=msec": 4.200
				,"percent": 67.52
				}
			,{
				"<=msec": 4.300
				,"percent": 68.23
				}
			,{
				"<=msec": 4.400
				,"percent": 68.74
				}
			,{
				"<=msec": 4.500
				,"percent": 69.27
				}
			,{
				"<=msec": 4.600
				,"percent": 69.68
				}
			,{
				"<=msec": 4.700
				,"percent": 70.19
				}
			,{
				"<=msec": 4.800
				,"percent": 70.75
				}
			,{
				"<=msec": 4.900
				,"percent": 71.21
				}
			,{
				"<=msec": 5.000
				,"percent": 71.56
				}
			,{
				"<=msec": 5.100
				,"percent": 71.93
				}
			,{
				"<=msec": 5.200
				,"percent": 72.36
				}
			,{
				"<=msec": 5.300
				,"percent": 72.91
				}
			,{
				"<=msec": 5.400
				,"percent": 73.31
				}
			,{
				"<=msec": 5.500
				,"percent": 73.74
				}
			,{
				"<=msec": 5.600
				,"percent": 74.18
				}
			,{
				"<=msec": 5.700
				,"percent": 74.71
				}
			,{
				"<=msec": 5.800
				,"percent": 74.98
				}
			,{
				"<=msec": 5.900
				,"percent": 75.44
				}
			,{
				"<=msec": 6.000
				,"percent": 75.95
				}
			,{
				"<=msec": 6.100
				,"percent": 76.40
				}
			,{
				"<=msec": 6.200
				,"percent": 76.61
				}
			,{
				"<=msec": 6.300
				,"percent": 77.00
				}
			,{
				"<=msec": 6.400
				,"percent": 77.28
				}
			,{
				"<=msec": 6.500
				,"percent": 77.56
				}
			,{
				"<=msec": 6.600
				,"percent": 77.80
				}
			,{
				"<=msec": 6.700
				,"percent": 78.10
				}
			,{
				"<=msec": 6.800
				,"percent": 78.37
				}
			,{
				"<=msec": 6.900
				,"percent": 78.76
				}
			,{
				"<=msec": 7.000
				,"percent": 79.05
				}
			,{
				"<=msec": 7.100
				,"percent": 79.32
				}
			,{
				"<=msec": 7.200
				,"percent": 79.69
				}
			,{
				"<=msec": 7.300
				,"percent": 79.97
				}
			,{
				"<=msec": 7.400
				,"percent": 80.17
				}
			,{
				"<=msec": 7.500
				,"percent": 80.47
				}
			,{
				"<=msec": 7.600
				,"percent": 80.78
				}
			,{
				"<=msec": 7.700
				,"percent": 81.11
				}
			,{
				"<=msec": 7.800
				,"percent": 81.45
				}
			,{
				"<=msec": 7.900
				,"percent": 81.66
				}
			,{
				"<=msec": 8.000
				,"percent": 81.92
				}
			,{
				"<=msec": 8.100
				,"percent": 82.17
				}
			,{
				"<=msec": 8.200
				,"percent": 82.45
				}
			,{
				"<=msec": 8.300
				,"percent": 82.69
				}
			,{
				"<=msec": 8.400
				,"percent": 82.91
				}
			,{
				"<=msec": 8.500
				,"percent": 83.19
				}
			,{
				"<=msec": 8.600
				,"percent": 83.49
				}
			,{
				"<=msec": 8.700
				,"percent": 83.76
				}
			,{
				"<=msec": 8.800
				,"percent": 84.00
				}
			,{
				"<=msec": 8.900
				,"percent": 84.45
				}
			,{
				"<=msec": 9.000
				,"percent": 84.96
				}
			,{
				"<=msec": 9.100
				,"percent": 85.24
				}
			,{
				"<=msec": 9.200
				,"percent": 85.52
				}
			,{
				"<=msec": 9.300
				,"percent": 85.87
				}
			,{
				"<=msec": 9.400
				,"percent": 86.23
				}
			,{
				"<=msec": 9.500
				,"percent": 86.72
				}
			,{
				"<=msec": 9.600
				,"percent": 87.06
				}
			,{
				"<=msec": 9.700
				,"percent": 87.49
				}
			,{
				"<=msec": 9.800
				,"percent": 87.70
				}
			,{
				"<=msec": 9.900
				,"percent": 88.07
				}
			,{
				"<=msec": 10.000
				,"percent": 89.70
				}
			,{
				"<=msec": 11.000
				,"percent": 91.92
				}
			,{
				"<=msec": 12.000
				,"percent": 96.22
				}
			,{
				"<=msec": 13.000
				,"percent": 98.99
				}
			,{
				"<=msec": 14.000
				,"percent": 99.38
				}
			,{
				"<=msec": 15.000
				,"percent": 99.66
				}
			,{
				"<=msec": 16.000
				,"percent": 99.75
				}
			,{
				"<=msec": 17.000
				,"percent": 99.79
				}
			,{
				"<=msec": 18.000
				,"percent": 99.84
				}
			,{
				"<=msec": 19.000
				,"percent": 99.85
				}
			,{
				"<=msec": 20.000
				,"percent": 99.93
				}
			,{
				"<=msec": 21.000
				,"percent": 99.94
				}
			,{
				"<=msec": 22.000
				,"percent": 99.95
				}
			,{
				"<=msec": 24.000
				,"percent": 99.97
				}
			,{
				"<=msec": 26.000
				,"percent": 99.98
				}
			,{
				"<=msec": 30.000
				,"percent": 99.99
				}
			,{
				"<=msec": 31.000
				,"percent": 100.00
				}
			]
		,"GET":[
			{
				"<=msec": 1.900
				,"percent": 0.01
				}
			,{
				"<=msec": 2.000
				,"percent": 0.03
				}
			,{
				"<=msec": 2.100
				,"percent": 0.06
				}
			,{
				"<=msec": 2.200
				,"percent": 0.12
				}
			,{
				"<=msec": 2.300
				,"percent": 0.36
				}
			,{
				"<=msec": 2.400
				,"percent": 0.89
				}
			,{
				"<=msec": 2.500
				,"percent": 1.94
				}
			,{
				"<=msec": 2.600
				,"percent": 3.46
				}
			,{
				"<=msec": 2.700
				,"percent": 5.24
				}
			,{
				"<=msec": 2.800
				,"percent": 7.25
				}
			,{
				"<=msec": 2.900
				,"percent": 9.49
				}
			,{
				"<=msec": 3.000
				,"percent": 11.88
				}
			,{
				"<=msec": 3.100
				,"percent": 13.80
				}
			,{
				"<=msec": 3.200
				,"percent": 15.83
				}
			,{
				"<=msec": 3.300
				,"percent": 17.61
				}
			,{
				"<=msec": 3.400
				,"percent": 19.20
				}
			,{
				"<=msec": 3.500
				,"percent": 20.66
				}
			,{
				"<=msec": 3.600
				,"percent": 21.79
				}
			,{
				"<=msec": 3.700
				,"percent": 22.70
				}
			,{
				"<=msec": 3.800
				,"percent": 23.52
				}
			,{
				"<=msec": 3.900
				,"percent": 24.33
				}
			,{
				"<=msec": 4.000
				,"percent": 24.86
				}
			,{
				"<=msec": 4.100
				,"percent": 25.50
				}
			,{
				"<=msec": 4.200
				,"percent": 25.87
				}
			,{
				"<=msec": 4.300
				,"percent": 26.31
				}
			,{
				"<=msec": 4.400
				,"percent": 26.60
				}
			,{
				"<=msec": 4.500
				,"percent": 27.01
				}
			,{
				"<=msec": 4.600
				,"percent": 27.39
				}
			,{
				"<=msec": 4.700
				,"percent": 27.58
				}
			,{
				"<=msec": 4.800
				,"percent": 27.71
				}
			,{
				"<=msec": 4.900
				,"percent": 27.95
				}
			,{
				"<=msec": 5.000
				,"percent": 28.18
				}
			,{
				"<=msec": 5.100
				,"percent": 28.33
				}
			,{
				"<=msec": 5.200
				,"percent": 28.57
				}
			,{
				"<=msec": 5.300
				,"percent": 28.78
				}
			,{
				"<=msec": 5.400
				,"percent": 29.05
				}
			,{
				"<=msec": 5.500
				,"percent": 29.29
				}
			,{
				"<=msec": 5.600
				,"percent": 29.54
				}
			,{
				"<=msec": 5.700
				,"percent": 29.80
				}
			,{
				"<=msec": 5.800
				,"percent": 29.91
				}
			,{
				"<=msec": 5.900
				,"percent": 30.17
				}
			,{
				"<=msec": 6.000
				,"percent": 30.41
				}
			,{
				"<=msec": 6.100
				,"percent": 30.63
				}
			,{
				"<=msec": 6.200
				,"percent": 30.83
				}
			,{
				"<=msec": 6.300
				,"percent": 31.09
				}
			,{
				"<=msec": 6.400
				,"percent": 31.31
				}
			,{
				"<=msec": 6.500
				,"percent": 31.74
				}
			,{
				"<=msec": 6.600
				,"percent": 32.10
				}
			,{
				"<=msec": 6.700
				,"percent": 32.40
				}
			,{
				"<=msec": 6.800
				,"percent": 32.83
				}
			,{
				"<=msec": 6.900
				,"percent": 33.27
				}
			,{
				"<=msec": 7.000
				,"percent": 33.63
				}
			,{
				"<=msec": 7.100
				,"percent": 34.01
				}
			,{
				"<=msec": 7.200
				,"percent": 34.54
				}
			,{
				"<=msec": 7.300
				,"percent": 34.94
				}
			,{
				"<=msec": 7.400
				,"percent": 35.33
				}
			,{
				"<=msec": 7.500
				,"percent": 35.64
				}
			,{
				"<=msec": 7.600
				,"percent": 35.93
				}
			,{
				"<=msec": 7.700
				,"percent": 36.46
				}
			,{
				"<=msec": 7.800
				,"percent": 36.81
				}
			,{
				"<=msec": 7.900
				,"percent": 37.38
				}
			,{
				"<=msec": 8.000
				,"percent": 37.85
				}
			,{
				"<=msec": 8.100
				,"percent": 38.34
				}
			,{
				"<=msec": 8.200
				,"percent": 38.71
				}
			,{
				"<=msec": 8.300
				,"percent": 38.95
				}
			,{
				"<=msec": 8.400
				,"percent": 39.34
				}
			,{
				"<=msec": 8.500
				,"percent": 39.86
				}
			,{
				"<=msec": 8.600
				,"percent": 40.17
				}
			,{
				"<=msec": 8.700
				,"percent": 40.47
				}
			,{
				"<=msec": 8.800
				,"percent": 40.92
				}
			,{
				"<=msec": 8.900
				,"percent": 41.19
				}
			,{
				"<=msec": 9.000
				,"percent": 41.64
				}
			,{
				"<=msec": 9.100
				,"percent": 41.95
				}
			,{
				"<=msec": 9.200
				,"percent": 42.28
				}
			,{
				"<=msec": 9.300
				,"percent": 42.63
				}
			,{
				"<=msec": 9.400
				,"percent": 42.97
				}
			,{
				"<=msec": 9.500
				,"percent": 43.37
				}
			,{
				"<=msec": 9.600
				,"percent": 43.84
				}
			,{
				"<=msec": 9.700
				,"percent": 44.18
				}
			,{
				"<=msec": 9.800
				,"percent": 44.59
				}
			,{
				"<=msec": 9.900
				,"percent": 45.09
				}
			,{
				"<=msec": 10.000
				,"percent": 48.24
				}
			,{
				"<=msec": 11.000
				,"percent": 55.24
				}
			,{
				"<=msec": 12.000
				,"percent": 64.65
				}
			,{
				"<=msec": 13.000
				,"percent": 88.61
				}
			,{
				"<=msec": 14.000
				,"percent": 96.31
				}
			,{
				"<=msec": 15.000
				,"percent": 97.83
				}
			,{
				"<=msec": 16.000
				,"percent": 98.66
				}
			,{
				"<=msec": 17.000
				,"percent": 99.16
				}
			,{
				"<=msec": 18.000
				,"percent": 99.43
				}
			,{
				"<=msec": 19.000
				,"percent": 99.56
				}
			,{
				"<=msec": 20.000
				,"percent": 99.62
				}
			,{
				"<=msec": 21.000
				,"percent": 99.68
				}
			,{
				"<=msec": 22.000
				,"percent": 99.71
				}
			,{
				"<=msec": 23.000
				,"percent": 99.76
				}
			,{
				"<=msec": 24.000
				,"percent": 99.77
				}
			,{
				"<=msec": 25.000
				,"percent": 99.80
				}
			,{
				"<=msec": 26.000
				,"percent": 99.83
				}
			,{
				"<=msec": 27.000
				,"percent": 99.86
				}
			,{
				"<=msec": 28.000
				,"percent": 99.94
				}
			,{
				"<=msec": 29.000
				,"percent": 99.98
				}
			,{
				"<=msec": 31.000
				,"percent": 99.99
				}
			,{
				"<=msec": 42.000
				,"percent": 100.00
				}
			]
		,"WAIT":[
		]
		}
	}
