{
	"configuration":{
		"server": "10.0.0.4"
		,"port": 11212
		,"unix socket": "(null)"
		,"protocol": "memcache_text"
		,"out_file": "(null)"
		,"client_stats": "(null)"
		,"run_count": 1
		,"debug": 0
		,"requests": 0
		,"clients": 2
		,"threads": 1
		,"test_time": 60
		,"ratio": "1:6"
		,"pipeline": 1
		,"data_size": 4096
		,"data_offset": 0
		,"random_data": "false"
		,"data_size_range": "0:0"
		,"data_size_list": ""
		,"data_size_pattern": "R"
		,"expiry_range": "9999:10000"
		,"data_import": "(null)"
		,"data_verify": "false"
		,"verify_only": "false"
		,"generate_keys": "false"
		,"key_prefix": "memtier-"
		,"key_minimum":           0
		,"key_maximum":        1000
		,"key_pattern": "R:R"
		,"key_stddev": 0.000000
		,"key_median": 0.000000
		,"reconnect_interval": 0
		,"multi_key_get": 6
		,"authenticate": ""
		,"select-db": 0
		,"no-expiry": "false"
		,"wait-ratio": "0:0"
		,"num-slaves": "0:0"
		,"wait-timeout": "0-0"
		}
	,"run information":{
		"Threads": 1
		,"Connections per thread": 2
		,"Seconds": 60
		}
	,"ALL STATS":{
		"Sets":{
			"Ops/sec": 224.38
			,"Hits/sec": 0.00
			,"Misses/sec": 0.00
			,"Latency": 4.01
			,"KB/sec": 906.15
			}
		,"Gets":{
			"Ops/sec": 224.35
			,"Hits/sec": 1346.07
			,"Misses/sec": 0.00
			,"Latency": 4.88
			,"KB/sec": 5438.77
			}
		,"Waits":{
			"Ops/sec": 0.00
			,"Hits/sec": 0.00
			,"Misses/sec": 0.00
			,"Latency": 0.00
			,"KB/sec": 0.00
			}
		,"Totals":{
			"Ops/sec": 448.72
			,"Hits/sec": 1346.07
			,"Misses/sec": 0.00
			,"Latency": 4.45
			,"KB/sec": 6344.92
			}
		,"SET":[
			{
				"<=msec": 1.400
				,"percent": 0.02
				}
			,{
				"<=msec": 1.500
				,"percent": 0.12
				}
			,{
				"<=msec": 1.600
				,"percent": 0.73
				}
			,{
				"<=msec": 1.700
				,"percent": 2.50
				}
			,{
				"<=msec": 1.800
				,"percent": 5.64
				}
			,{
				"<=msec": 1.900
				,"percent": 10.27
				}
			,{
				"<=msec": 2.000
				,"percent": 15.93
				}
			,{
				"<=msec": 2.100
				,"percent": 22.15
				}
			,{
				"<=msec": 2.200
				,"percent": 27.99
				}
			,{
				"<=msec": 2.300
				,"percent": 33.64
				}
			,{
				"<=msec": 2.400
				,"percent": 38.45
				}
			,{
				"<=msec": 2.500
				,"percent": 42.90
				}
			,{
				"<=msec": 2.600
				,"percent": 46.66
				}
			,{
				"<=msec": 2.700
				,"percent": 49.77
				}
			,{
				"<=msec": 2.800
				,"percent": 52.34
				}
			,{
				"<=msec": 2.900
				,"percent": 54.49
				}
			,{
				"<=msec": 3.000
				,"percent": 56.41
				}
			,{
				"<=msec": 3.100
				,"percent": 58.17
				}
			,{
				"<=msec": 3.200
				,"percent": 59.75
				}
			,{
				"<=msec": 3.300
				,"percent": 61.06
				}
			,{
				"<=msec": 3.400
				,"percent": 62.34
				}
			,{
				"<=msec": 3.500
				,"percent": 63.51
				}
			,{
				"<=msec": 3.600
				,"percent": 64.46
				}
			,{
				"<=msec": 3.700
				,"percent": 65.42
				}
			,{
				"<=msec": 3.800
				,"percent": 66.30
				}
			,{
				"<=msec": 3.900
				,"percent": 67.07
				}
			,{
				"<=msec": 4.000
				,"percent": 67.79
				}
			,{
				"<=msec": 4.100
				,"percent": 68.39
				}
			,{
				"<=msec": 4.200
				,"percent": 68.90
				}
			,{
				"<=msec": 4.300
				,"percent": 69.48
				}
			,{
				"<=msec": 4.400
				,"percent": 69.97
				}
			,{
				"<=msec": 4.500
				,"percent": 70.56
				}
			,{
				"<=msec": 4.600
				,"percent": 71.14
				}
			,{
				"<=msec": 4.700
				,"percent": 71.63
				}
			,{
				"<=msec": 4.800
				,"percent": 72.12
				}
			,{
				"<=msec": 4.900
				,"percent": 72.68
				}
			,{
				"<=msec": 5.000
				,"percent": 73.21
				}
			,{
				"<=msec": 5.100
				,"percent": 73.71
				}
			,{
				"<=msec": 5.200
				,"percent": 74.14
				}
			,{
				"<=msec": 5.300
				,"percent": 74.59
				}
			,{
				"<=msec": 5.400
				,"percent": 75.11
				}
			,{
				"<=msec": 5.500
				,"percent": 75.66
				}
			,{
				"<=msec": 5.600
				,"percent": 76.16
				}
			,{
				"<=msec": 5.700
				,"percent": 76.62
				}
			,{
				"<=msec": 5.800
				,"percent": 77.06
				}
			,{
				"<=msec": 5.900
				,"percent": 77.70
				}
			,{
				"<=msec": 6.000
				,"percent": 78.35
				}
			,{
				"<=msec": 6.100
				,"percent": 78.82
				}
			,{
				"<=msec": 6.200
				,"percent": 79.51
				}
			,{
				"<=msec": 6.300
				,"percent": 80.15
				}
			,{
				"<=msec": 6.400
				,"percent": 80.67
				}
			,{
				"<=msec": 6.500
				,"percent": 81.28
				}
			,{
				"<=msec": 6.600
				,"percent": 81.76
				}
			,{
				"<=msec": 6.700
				,"percent": 82.33
				}
			,{
				"<=msec": 6.800
				,"percent": 82.89
				}
			,{
				"<=msec": 6.900
				,"percent": 83.52
				}
			,{
				"<=msec": 7.000
				,"percent": 84.11
				}
			,{
				"<=msec": 7.100
				,"percent": 84.85
				}
			,{
				"<=msec": 7.200
				,"percent": 85.46
				}
			,{
				"<=msec": 7.300
				,"percent": 86.07
				}
			,{
				"<=msec": 7.400
				,"percent": 86.69
				}
			,{
				"<=msec": 7.500
				,"percent": 87.45
				}
			,{
				"<=msec": 7.600
				,"percent": 88.15
				}
			,{
				"<=msec": 7.700
				,"percent": 88.87
				}
			,{
				"<=msec": 7.800
				,"percent": 89.29
				}
			,{
				"<=msec": 7.900
				,"percent": 89.73
				}
			,{
				"<=msec": 8.000
				,"percent": 90.12
				}
			,{
				"<=msec": 8.100
				,"percent": 90.55
				}
			,{
				"<=msec": 8.200
				,"percent": 90.96
				}
			,{
				"<=msec": 8.300
				,"percent": 91.28
				}
			,{
				"<=msec": 8.400
				,"percent": 91.67
				}
			,{
				"<=msec": 8.500
				,"percent": 92.06
				}
			,{
				"<=msec": 8.600
				,"percent": 92.44
				}
			,{
				"<=msec": 8.700
				,"percent": 92.99
				}
			,{
				"<=msec": 8.800
				,"percent": 93.40
				}
			,{
				"<=msec": 8.900
				,"percent": 93.81
				}
			,{
				"<=msec": 9.000
				,"percent": 94.23
				}
			,{
				"<=msec": 9.100
				,"percent": 94.66
				}
			,{
				"<=msec": 9.200
				,"percent": 95.01
				}
			,{
				"<=msec": 9.300
				,"percent": 95.31
				}
			,{
				"<=msec": 9.400
				,"percent": 95.68
				}
			,{
				"<=msec": 9.500
				,"percent": 95.91
				}
			,{
				"<=msec": 9.600
				,"percent": 96.32
				}
			,{
				"<=msec": 9.700
				,"percent": 96.65
				}
			,{
				"<=msec": 9.800
				,"percent": 96.87
				}
			,{
				"<=msec": 9.900
				,"percent": 97.16
				}
			,{
				"<=msec": 10.000
				,"percent": 98.39
				}
			,{
				"<=msec": 11.000
				,"percent": 99.09
				}
			,{
				"<=msec": 12.000
				,"percent": 99.44
				}
			,{
				"<=msec": 13.000
				,"percent": 99.61
				}
			,{
				"<=msec": 14.000
				,"percent": 99.71
				}
			,{
				"<=msec": 15.000
				,"percent": 99.76
				}
			,{
				"<=msec": 16.000
				,"percent": 99.80
				}
			,{
				"<=msec": 17.000
				,"percent": 99.83
				}
			,{
				"<=msec": 18.000
				,"percent": 99.85
				}
			,{
				"<=msec": 19.000
				,"percent": 99.87
				}
			,{
				"<=msec": 20.000
				,"percent": 99.90
				}
			,{
				"<=msec": 21.000
				,"percent": 99.91
				}
			,{
				"<=msec": 22.000
				,"percent": 99.94
				}
			,{
				"<=msec": 23.000
				,"percent": 99.95
				}
			,{
				"<=msec": 24.000
				,"percent": 99.96
				}
			,{
				"<=msec": 25.000
				,"percent": 99.96
				}
			,{
				"<=msec": 26.000
				,"percent": 99.98
				}
			,{
				"<=msec": 30.000
				,"percent": 99.99
				}
			,{
				"<=msec": 33.000
				,"percent": 99.99
				}
			,{
				"<=msec": 38.000
				,"percent": 100.00
				}
			]
		,"GET":[
			{
				"<=msec": 1.800
				,"percent": 0.03
				}
			,{
				"<=msec": 1.900
				,"percent": 0.14
				}
			,{
				"<=msec": 2.000
				,"percent": 0.59
				}
			,{
				"<=msec": 2.100
				,"percent": 1.63
				}
			,{
				"<=msec": 2.200
				,"percent": 3.26
				}
			,{
				"<=msec": 2.300
				,"percent": 5.72
				}
			,{
				"<=msec": 2.400
				,"percent": 9.19
				}
			,{
				"<=msec": 2.500
				,"percent": 13.13
				}
			,{
				"<=msec": 2.600
				,"percent": 17.03
				}
			,{
				"<=msec": 2.700
				,"percent": 21.71
				}
			,{
				"<=msec": 2.800
				,"percent": 26.02
				}
			,{
				"<=msec": 2.900
				,"percent": 30.21
				}
			,{
				"<=msec": 3.000
				,"percent": 34.11
				}
			,{
				"<=msec": 3.100
				,"percent": 37.78
				}
			,{
				"<=msec": 3.200
				,"percent": 40.95
				}
			,{
				"<=msec": 3.300
				,"percent": 43.69
				}
			,{
				"<=msec": 3.400
				,"percent": 46.27
				}
			,{
				"<=msec": 3.500
				,"percent": 48.70
				}
			,{
				"<=msec": 3.600
				,"percent": 50.66
				}
			,{
				"<=msec": 3.700
				,"percent": 52.24
				}
			,{
				"<=msec": 3.800
				,"percent": 53.87
				}
			,{
				"<=msec": 3.900
				,"percent": 55.35
				}
			,{
				"<=msec": 4.000
				,"percent": 56.61
				}
			,{
				"<=msec": 4.100
				,"percent": 57.71
				}
			,{
				"<=msec": 4.200
				,"percent": 58.90
				}
			,{
				"<=msec": 4.300
				,"percent": 59.89
				}
			,{
				"<=msec": 4.400
				,"percent": 60.78
				}
			,{
				"<=msec": 4.500
				,"percent": 61.50
				}
			,{
				"<=msec": 4.600
				,"percent": 62.25
				}
			,{
				"<=msec": 4.700
				,"percent": 63.01
				}
			,{
				"<=msec": 4.800
				,"percent": 63.76
				}
			,{
				"<=msec": 4.900
				,"percent": 64.38
				}
			,{
				"<=msec": 5.000
				,"percent": 65.12
				}
			,{
				"<=msec": 5.100
				,"percent": 65.86
				}
			,{
				"<=msec": 5.200
				,"percent": 66.54
				}
			,{
				"<=msec": 5.300
				,"percent": 67.22
				}
			,{
				"<=msec": 5.400
				,"percent": 67.89
				}
			,{
				"<=msec": 5.500
				,"percent": 68.61
				}
			,{
				"<=msec": 5.600
				,"percent": 69.28
				}
			,{
				"<=msec": 5.700
				,"percent": 69.98
				}
			,{
				"<=msec": 5.800
				,"percent": 70.51
				}
			,{
				"<=msec": 5.900
				,"percent": 71.06
				}
			,{
				"<=msec": 6.000
				,"percent": 71.62
				}
			,{
				"<=msec": 6.100
				,"percent": 72.31
				}
			,{
				"<=msec": 6.200
				,"percent": 72.91
				}
			,{
				"<=msec": 6.300
				,"percent": 73.46
				}
			,{
				"<=msec": 6.400
				,"percent": 74.07
				}
			,{
				"<=msec": 6.500
				,"percent": 74.57
				}
			,{
				"<=msec": 6.600
				,"percent": 75.14
				}
			,{
				"<=msec": 6.700
				,"percent": 75.69
				}
			,{
				"<=msec": 6.800
				,"percent": 76.36
				}
			,{
				"<=msec": 6.900
				,"percent": 77.04
				}
			,{
				"<=msec": 7.000
				,"percent": 77.74
				}
			,{
				"<=msec": 7.100
				,"percent": 78.31
				}
			,{
				"<=msec": 7.200
				,"percent": 78.92
				}
			,{
				"<=msec": 7.300
				,"percent": 79.46
				}
			,{
				"<=msec": 7.400
				,"percent": 80.07
				}
			,{
				"<=msec": 7.500
				,"percent": 80.77
				}
			,{
				"<=msec": 7.600
				,"percent": 81.50
				}
			,{
				"<=msec": 7.700
				,"percent": 82.16
				}
			,{
				"<=msec": 7.800
				,"percent": 82.79
				}
			,{
				"<=msec": 7.900
				,"percent": 83.42
				}
			,{
				"<=msec": 8.000
				,"percent": 84.12
				}
			,{
				"<=msec": 8.100
				,"percent": 84.90
				}
			,{
				"<=msec": 8.200
				,"percent": 85.60
				}
			,{
				"<=msec": 8.300
				,"percent": 86.32
				}
			,{
				"<=msec": 8.400
				,"percent": 87.04
				}
			,{
				"<=msec": 8.500
				,"percent": 87.78
				}
			,{
				"<=msec": 8.600
				,"percent": 88.31
				}
			,{
				"<=msec": 8.700
				,"percent": 88.81
				}
			,{
				"<=msec": 8.800
				,"percent": 89.26
				}
			,{
				"<=msec": 8.900
				,"percent": 89.76
				}
			,{
				"<=msec": 9.000
				,"percent": 90.13
				}
			,{
				"<=msec": 9.100
				,"percent": 90.75
				}
			,{
				"<=msec": 9.200
				,"percent": 91.23
				}
			,{
				"<=msec": 9.300
				,"percent": 91.61
				}
			,{
				"<=msec": 9.400
				,"percent": 92.04
				}
			,{
				"<=msec": 9.500
				,"percent": 92.46
				}
			,{
				"<=msec": 9.600
				,"percent": 92.83
				}
			,{
				"<=msec": 9.700
				,"percent": 93.15
				}
			,{
				"<=msec": 9.800
				,"percent": 93.48
				}
			,{
				"<=msec": 9.900
				,"percent": 93.87
				}
			,{
				"<=msec": 10.000
				,"percent": 95.66
				}
			,{
				"<=msec": 11.000
				,"percent": 97.93
				}
			,{
				"<=msec": 12.000
				,"percent": 98.80
				}
			,{
				"<=msec": 13.000
				,"percent": 99.25
				}
			,{
				"<=msec": 14.000
				,"percent": 99.42
				}
			,{
				"<=msec": 15.000
				,"percent": 99.56
				}
			,{
				"<=msec": 16.000
				,"percent": 99.68
				}
			,{
				"<=msec": 17.000
				,"percent": 99.76
				}
			,{
				"<=msec": 18.000
				,"percent": 99.84
				}
			,{
				"<=msec": 19.000
				,"percent": 99.88
				}
			,{
				"<=msec": 20.000
				,"percent": 99.90
				}
			,{
				"<=msec": 21.000
				,"percent": 99.93
				}
			,{
				"<=msec": 22.000
				,"percent": 99.96
				}
			,{
				"<=msec": 23.000
				,"percent": 99.98
				}
			,{
				"<=msec": 25.000
				,"percent": 99.99
				}
			,{
				"<=msec": 27.000
				,"percent": 99.99
				}
			,{
				"<=msec": 33.000
				,"percent": 100.00
				}
			]
		,"WAIT":[
		]
		}
	}
