{
	"configuration":{
		"server": "10.0.0.4"
		,"port": 11212
		,"unix socket": "(null)"
		,"protocol": "memcache_text"
		,"out_file": "(null)"
		,"client_stats": "(null)"
		,"run_count": 1
		,"debug": 0
		,"requests": 0
		,"clients": 2
		,"threads": 1
		,"test_time": 60
		,"ratio": "1:1"
		,"pipeline": 1
		,"data_size": 4096
		,"data_offset": 0
		,"random_data": "false"
		,"data_size_range": "0:0"
		,"data_size_list": ""
		,"data_size_pattern": "R"
		,"expiry_range": "9999:10000"
		,"data_import": "(null)"
		,"data_verify": "false"
		,"verify_only": "false"
		,"generate_keys": "false"
		,"key_prefix": "memtier-"
		,"key_minimum":           0
		,"key_maximum":        1000
		,"key_pattern": "R:R"
		,"key_stddev": 0.000000
		,"key_median": 0.000000
		,"reconnect_interval": 0
		,"multi_key_get": 1
		,"authenticate": ""
		,"select-db": 0
		,"no-expiry": "false"
		,"wait-ratio": "0:0"
		,"num-slaves": "0:0"
		,"wait-timeout": "0-0"
		}
	,"run information":{
		"Threads": 1
		,"Connections per thread": 2
		,"Seconds": 60
		}
	,"ALL STATS":{
		"Sets":{
			"Ops/sec": 367.85
			,"Hits/sec": 0.00
			,"Misses/sec": 0.00
			,"Latency": 3.11
			,"KB/sec": 1485.55
			}
		,"Gets":{
			"Ops/sec": 367.85
			,"Hits/sec": 367.85
			,"Misses/sec": 0.00
			,"Latency": 2.31
			,"KB/sec": 1489.28
			}
		,"Waits":{
			"Ops/sec": 0.00
			,"Hits/sec": 0.00
			,"Misses/sec": 0.00
			,"Latency": 0.00
			,"KB/sec": 0.00
			}
		,"Totals":{
			"Ops/sec": 735.70
			,"Hits/sec": 367.85
			,"Misses/sec": 0.00
			,"Latency": 2.71
			,"KB/sec": 2974.83
			}
		,"SET":[
			{
				"<=msec": 1.400
				,"percent": 0.07
				}
			,{
				"<=msec": 1.500
				,"percent": 0.67
				}
			,{
				"<=msec": 1.600
				,"percent": 3.18
				}
			,{
				"<=msec": 1.700
				,"percent": 8.81
				}
			,{
				"<=msec": 1.800
				,"percent": 16.49
				}
			,{
				"<=msec": 1.900
				,"percent": 25.35
				}
			,{
				"<=msec": 2.000
				,"percent": 33.95
				}
			,{
				"<=msec": 2.100
				,"percent": 41.52
				}
			,{
				"<=msec": 2.200
				,"percent": 47.97
				}
			,{
				"<=msec": 2.300
				,"percent": 53.54
				}
			,{
				"<=msec": 2.400
				,"percent": 58.15
				}
			,{
				"<=msec": 2.500
				,"percent": 61.92
				}
			,{
				"<=msec": 2.600
				,"percent": 65.39
				}
			,{
				"<=msec": 2.700
				,"percent": 67.89
				}
			,{
				"<=msec": 2.800
				,"percent": 69.97
				}
			,{
				"<=msec": 2.900
				,"percent": 71.85
				}
			,{
				"<=msec": 3.000
				,"percent": 73.43
				}
			,{
				"<=msec": 3.100
				,"percent": 74.87
				}
			,{
				"<=msec": 3.200
				,"percent": 76.25
				}
			,{
				"<=msec": 3.300
				,"percent": 77.51
				}
			,{
				"<=msec": 3.400
				,"percent": 78.49
				}
			,{
				"<=msec": 3.500
				,"percent": 79.45
				}
			,{
				"<=msec": 3.600
				,"percent": 80.29
				}
			,{
				"<=msec": 3.700
				,"percent": 81.11
				}
			,{
				"<=msec": 3.800
				,"percent": 81.88
				}
			,{
				"<=msec": 3.900
				,"percent": 82.53
				}
			,{
				"<=msec": 4.000
				,"percent": 83.10
				}
			,{
				"<=msec": 4.100
				,"percent": 83.61
				}
			,{
				"<=msec": 4.200
				,"percent": 84.18
				}
			,{
				"<=msec": 4.300
				,"percent": 84.66
				}
			,{
				"<=msec": 4.400
				,"percent": 85.15
				}
			,{
				"<=msec": 4.500
				,"percent": 85.64
				}
			,{
				"<=msec": 4.600
				,"percent": 86.04
				}
			,{
				"<=msec": 4.700
				,"percent": 86.45
				}
			,{
				"<=msec": 4.800
				,"percent": 86.88
				}
			,{
				"<=msec": 4.900
				,"percent": 87.27
				}
			,{
				"<=msec": 5.000
				,"percent": 87.61
				}
			,{
				"<=msec": 5.100
				,"percent": 87.99
				}
			,{
				"<=msec": 5.200
				,"percent": 88.39
				}
			,{
				"<=msec": 5.300
				,"percent": 88.70
				}
			,{
				"<=msec": 5.400
				,"percent": 89.08
				}
			,{
				"<=msec": 5.500
				,"percent": 89.41
				}
			,{
				"<=msec": 5.600
				,"percent": 89.66
				}
			,{
				"<=msec": 5.700
				,"percent": 89.97
				}
			,{
				"<=msec": 5.800
				,"percent": 90.22
				}
			,{
				"<=msec": 5.900
				,"percent": 90.58
				}
			,{
				"<=msec": 6.000
				,"percent": 90.82
				}
			,{
				"<=msec": 6.100
				,"percent": 91.17
				}
			,{
				"<=msec": 6.200
				,"percent": 91.58
				}
			,{
				"<=msec": 6.300
				,"percent": 91.97
				}
			,{
				"<=msec": 6.400
				,"percent": 92.32
				}
			,{
				"<=msec": 6.500
				,"percent": 92.59
				}
			,{
				"<=msec": 6.600
				,"percent": 92.84
				}
			,{
				"<=msec": 6.700
				,"percent": 93.14
				}
			,{
				"<=msec": 6.800
				,"percent": 93.38
				}
			,{
				"<=msec": 6.900
				,"percent": 93.68
				}
			,{
				"<=msec": 7.000
				,"percent": 93.97
				}
			,{
				"<=msec": 7.100
				,"percent": 94.35
				}
			,{
				"<=msec": 7.200
				,"percent": 94.68
				}
			,{
				"<=msec": 7.300
				,"percent": 95.07
				}
			,{
				"<=msec": 7.400
				,"percent": 95.32
				}
			,{
				"<=msec": 7.500
				,"percent": 95.69
				}
			,{
				"<=msec": 7.600
				,"percent": 96.04
				}
			,{
				"<=msec": 7.700
				,"percent": 96.28
				}
			,{
				"<=msec": 7.800
				,"percent": 96.57
				}
			,{
				"<=msec": 7.900
				,"percent": 96.83
				}
			,{
				"<=msec": 8.000
				,"percent": 97.10
				}
			,{
				"<=msec": 8.100
				,"percent": 97.28
				}
			,{
				"<=msec": 8.200
				,"percent": 97.45
				}
			,{
				"<=msec": 8.300
				,"percent": 97.61
				}
			,{
				"<=msec": 8.400
				,"percent": 97.72
				}
			,{
				"<=msec": 8.500
				,"percent": 97.85
				}
			,{
				"<=msec": 8.600
				,"percent": 98.01
				}
			,{
				"<=msec": 8.700
				,"percent": 98.09
				}
			,{
				"<=msec": 8.800
				,"percent": 98.16
				}
			,{
				"<=msec": 8.900
				,"percent": 98.23
				}
			,{
				"<=msec": 9.000
				,"percent": 98.34
				}
			,{
				"<=msec": 9.100
				,"percent": 98.42
				}
			,{
				"<=msec": 9.200
				,"percent": 98.47
				}
			,{
				"<=msec": 9.300
				,"percent": 98.52
				}
			,{
				"<=msec": 9.400
				,"percent": 98.59
				}
			,{
				"<=msec": 9.500
				,"percent": 98.64
				}
			,{
				"<=msec": 9.600
				,"percent": 98.69
				}
			,{
				"<=msec": 9.700
				,"percent": 98.74
				}
			,{
				"<=msec": 9.800
				,"percent": 98.79
				}
			,{
				"<=msec": 9.900
				,"percent": 98.89
				}
			,{
				"<=msec": 10.000
				,"percent": 99.15
				}
			,{
				"<=msec": 11.000
				,"percent": 99.51
				}
			,{
				"<=msec": 12.000
				,"percent": 99.70
				}
			,{
				"<=msec": 13.000
				,"percent": 99.77
				}
			,{
				"<=msec": 14.000
				,"percent": 99.83
				}
			,{
				"<=msec": 15.000
				,"percent": 99.86
				}
			,{
				"<=msec": 16.000
				,"percent": 99.87
				}
			,{
				"<=msec": 17.000
				,"percent": 99.90
				}
			,{
				"<=msec": 18.000
				,"percent": 99.92
				}
			,{
				"<=msec": 19.000
				,"percent": 99.93
				}
			,{
				"<=msec": 20.000
				,"percent": 99.93
				}
			,{
				"<=msec": 21.000
				,"percent": 99.95
				}
			,{
				"<=msec": 23.000
				,"percent": 99.95
				}
			,{
				"<=msec": 24.000
				,"percent": 99.95
				}
			,{
				"<=msec": 28.000
				,"percent": 99.96
				}
			,{
				"<=msec": 29.000
				,"percent": 99.96
				}
			,{
				"<=msec": 35.000
				,"percent": 99.97
				}
			,{
				"<=msec": 44.000
				,"percent": 99.97
				}
			,{
				"<=msec": 73.000
				,"percent": 99.98
				}
			,{
				"<=msec": 150.000
				,"percent": 99.98
				}
			,{
				"<=msec": 220.000
				,"percent": 99.99
				}
			,{
				"<=msec": 370.000
				,"percent": 99.99
				}
			,{
				"<=msec": 400.000
				,"percent": 100.00
				}
			,{
				"<=msec": 700.000
				,"percent": 100.00
				}
			]
		,"GET":[
			{
				"<=msec": 1.200
				,"percent": 0.00
				}
			,{
				"<=msec": 1.300
				,"percent": 0.40
				}
			,{
				"<=msec": 1.400
				,"percent": 3.67
				}
			,{
				"<=msec": 1.500
				,"percent": 12.31
				}
			,{
				"<=msec": 1.600
				,"percent": 25.11
				}
			,{
				"<=msec": 1.700
				,"percent": 37.95
				}
			,{
				"<=msec": 1.800
				,"percent": 49.53
				}
			,{
				"<=msec": 1.900
				,"percent": 58.70
				}
			,{
				"<=msec": 2.000
				,"percent": 65.87
				}
			,{
				"<=msec": 2.100
				,"percent": 71.24
				}
			,{
				"<=msec": 2.200
				,"percent": 75.42
				}
			,{
				"<=msec": 2.300
				,"percent": 78.63
				}
			,{
				"<=msec": 2.400
				,"percent": 80.96
				}
			,{
				"<=msec": 2.500
				,"percent": 83.01
				}
			,{
				"<=msec": 2.600
				,"percent": 84.80
				}
			,{
				"<=msec": 2.700
				,"percent": 86.18
				}
			,{
				"<=msec": 2.800
				,"percent": 87.28
				}
			,{
				"<=msec": 2.900
				,"percent": 88.27
				}
			,{
				"<=msec": 3.000
				,"percent": 89.13
				}
			,{
				"<=msec": 3.100
				,"percent": 89.83
				}
			,{
				"<=msec": 3.200
				,"percent": 90.44
				}
			,{
				"<=msec": 3.300
				,"percent": 91.03
				}
			,{
				"<=msec": 3.400
				,"percent": 91.52
				}
			,{
				"<=msec": 3.500
				,"percent": 91.91
				}
			,{
				"<=msec": 3.600
				,"percent": 92.30
				}
			,{
				"<=msec": 3.700
				,"percent": 92.64
				}
			,{
				"<=msec": 3.800
				,"percent": 92.95
				}
			,{
				"<=msec": 3.900
				,"percent": 93.27
				}
			,{
				"<=msec": 4.000
				,"percent": 93.53
				}
			,{
				"<=msec": 4.100
				,"percent": 93.78
				}
			,{
				"<=msec": 4.200
				,"percent": 93.98
				}
			,{
				"<=msec": 4.300
				,"percent": 94.17
				}
			,{
				"<=msec": 4.400
				,"percent": 94.38
				}
			,{
				"<=msec": 4.500
				,"percent": 94.57
				}
			,{
				"<=msec": 4.600
				,"percent": 94.79
				}
			,{
				"<=msec": 4.700
				,"percent": 94.98
				}
			,{
				"<=msec": 4.800
				,"percent": 95.12
				}
			,{
				"<=msec": 4.900
				,"percent": 95.27
				}
			,{
				"<=msec": 5.000
				,"percent": 95.41
				}
			,{
				"<=msec": 5.100
				,"percent": 95.57
				}
			,{
				"<=msec": 5.200
				,"percent": 95.72
				}
			,{
				"<=msec": 5.300
				,"percent": 95.85
				}
			,{
				"<=msec": 5.400
				,"percent": 95.99
				}
			,{
				"<=msec": 5.500
				,"percent": 96.19
				}
			,{
				"<=msec": 5.600
				,"percent": 96.32
				}
			,{
				"<=msec": 5.700
				,"percent": 96.42
				}
			,{
				"<=msec": 5.800
				,"percent": 96.54
				}
			,{
				"<=msec": 5.900
				,"percent": 96.71
				}
			,{
				"<=msec": 6.000
				,"percent": 96.85
				}
			,{
				"<=msec": 6.100
				,"percent": 97.01
				}
			,{
				"<=msec": 6.200
				,"percent": 97.15
				}
			,{
				"<=msec": 6.300
				,"percent": 97.34
				}
			,{
				"<=msec": 6.400
				,"percent": 97.46
				}
			,{
				"<=msec": 6.500
				,"percent": 97.61
				}
			,{
				"<=msec": 6.600
				,"percent": 97.73
				}
			,{
				"<=msec": 6.700
				,"percent": 97.90
				}
			,{
				"<=msec": 6.800
				,"percent": 98.01
				}
			,{
				"<=msec": 6.900
				,"percent": 98.10
				}
			,{
				"<=msec": 7.000
				,"percent": 98.22
				}
			,{
				"<=msec": 7.100
				,"percent": 98.32
				}
			,{
				"<=msec": 7.200
				,"percent": 98.44
				}
			,{
				"<=msec": 7.300
				,"percent": 98.55
				}
			,{
				"<=msec": 7.400
				,"percent": 98.60
				}
			,{
				"<=msec": 7.500
				,"percent": 98.68
				}
			,{
				"<=msec": 7.600
				,"percent": 98.76
				}
			,{
				"<=msec": 7.700
				,"percent": 98.84
				}
			,{
				"<=msec": 7.800
				,"percent": 98.93
				}
			,{
				"<=msec": 7.900
				,"percent": 98.97
				}
			,{
				"<=msec": 8.000
				,"percent": 99.04
				}
			,{
				"<=msec": 8.100
				,"percent": 99.10
				}
			,{
				"<=msec": 8.200
				,"percent": 99.13
				}
			,{
				"<=msec": 8.300
				,"percent": 99.20
				}
			,{
				"<=msec": 8.400
				,"percent": 99.24
				}
			,{
				"<=msec": 8.500
				,"percent": 99.27
				}
			,{
				"<=msec": 8.600
				,"percent": 99.30
				}
			,{
				"<=msec": 8.700
				,"percent": 99.32
				}
			,{
				"<=msec": 8.800
				,"percent": 99.36
				}
			,{
				"<=msec": 8.900
				,"percent": 99.40
				}
			,{
				"<=msec": 9.000
				,"percent": 99.42
				}
			,{
				"<=msec": 9.100
				,"percent": 99.44
				}
			,{
				"<=msec": 9.200
				,"percent": 99.46
				}
			,{
				"<=msec": 9.300
				,"percent": 99.47
				}
			,{
				"<=msec": 9.400
				,"percent": 99.49
				}
			,{
				"<=msec": 9.500
				,"percent": 99.51
				}
			,{
				"<=msec": 9.600
				,"percent": 99.53
				}
			,{
				"<=msec": 9.700
				,"percent": 99.54
				}
			,{
				"<=msec": 9.800
				,"percent": 99.56
				}
			,{
				"<=msec": 9.900
				,"percent": 99.57
				}
			,{
				"<=msec": 10.000
				,"percent": 99.65
				}
			,{
				"<=msec": 11.000
				,"percent": 99.77
				}
			,{
				"<=msec": 12.000
				,"percent": 99.85
				}
			,{
				"<=msec": 13.000
				,"percent": 99.87
				}
			,{
				"<=msec": 14.000
				,"percent": 99.90
				}
			,{
				"<=msec": 15.000
				,"percent": 99.92
				}
			,{
				"<=msec": 16.000
				,"percent": 99.93
				}
			,{
				"<=msec": 17.000
				,"percent": 99.95
				}
			,{
				"<=msec": 19.000
				,"percent": 99.95
				}
			,{
				"<=msec": 20.000
				,"percent": 99.96
				}
			,{
				"<=msec": 21.000
				,"percent": 99.96
				}
			,{
				"<=msec": 27.000
				,"percent": 99.97
				}
			,{
				"<=msec": 37.000
				,"percent": 99.97
				}
			,{
				"<=msec": 40.000
				,"percent": 99.98
				}
			,{
				"<=msec": 120.000
				,"percent": 99.98
				}
			,{
				"<=msec": 170.000
				,"percent": 99.99
				}
			,{
				"<=msec": 300.000
				,"percent": 100.00
				}
			,{
				"<=msec": 420.000
				,"percent": 100.00
				}
			]
		,"WAIT":[
		]
		}
	}
