{
	"configuration":{
		"server": "10.0.0.4"
		,"port": 11212
		,"unix socket": "(null)"
		,"protocol": "memcache_text"
		,"out_file": "(null)"
		,"client_stats": "(null)"
		,"run_count": 1
		,"debug": 0
		,"requests": 0
		,"clients": 32
		,"threads": 1
		,"test_time": 60
		,"ratio": "0:1"
		,"pipeline": 1
		,"data_size": 4096
		,"data_offset": 0
		,"random_data": "false"
		,"data_size_range": "0:0"
		,"data_size_list": ""
		,"data_size_pattern": "R"
		,"expiry_range": "9999:10000"
		,"data_import": "(null)"
		,"data_verify": "false"
		,"verify_only": "false"
		,"generate_keys": "false"
		,"key_prefix": "memtier-"
		,"key_minimum":           0
		,"key_maximum":        1000
		,"key_pattern": "R:R"
		,"key_stddev": 0.000000
		,"key_median": 0.000000
		,"reconnect_interval": 0
		,"multi_key_get": 0
		,"authenticate": ""
		,"select-db": 0
		,"no-expiry": "false"
		,"wait-ratio": "0:0"
		,"num-slaves": "0:0"
		,"wait-timeout": "0-0"
		}
	,"run information":{
		"Threads": 1
		,"Connections per thread": 32
		,"Seconds": 60
		}
	,"ALL STATS":{
		"Sets":{
			"Ops/sec": 0.00
			,"Hits/sec": 0.00
			,"Misses/sec": 0.00
			,"Latency": 0.00
			,"KB/sec": 0.00
			}
		,"Gets":{
			"Ops/sec": 1488.41
			,"Hits/sec": 1468.41
			,"Misses/sec": 20.00
			,"Latency": 21.49
			,"KB/sec": 5945.42
			}
		,"Waits":{
			"Ops/sec": 0.00
			,"Hits/sec": 0.00
			,"Misses/sec": 0.00
			,"Latency": 0.00
			,"KB/sec": 0.00
			}
		,"Totals":{
			"Ops/sec": 1488.41
			,"Hits/sec": 1468.41
			,"Misses/sec": 20.00
			,"Latency": 21.49
			,"KB/sec": 5945.42
			}
		,"SET":[
		]
		,"GET":[
			{
				"<=msec": 1.100
				,"percent": 0.00
				}
			,{
				"<=msec": 1.200
				,"percent": 0.01
				}
			,{
				"<=msec": 1.300
				,"percent": 0.01
				}
			,{
				"<=msec": 1.400
				,"percent": 0.01
				}
			,{
				"<=msec": 1.500
				,"percent": 0.02
				}
			,{
				"<=msec": 1.700
				,"percent": 0.02
				}
			,{
				"<=msec": 1.800
				,"percent": 0.02
				}
			,{
				"<=msec": 1.900
				,"percent": 0.02
				}
			,{
				"<=msec": 2.000
				,"percent": 0.02
				}
			,{
				"<=msec": 2.100
				,"percent": 0.02
				}
			,{
				"<=msec": 2.200
				,"percent": 0.03
				}
			,{
				"<=msec": 2.300
				,"percent": 0.04
				}
			,{
				"<=msec": 2.400
				,"percent": 0.04
				}
			,{
				"<=msec": 2.500
				,"percent": 0.05
				}
			,{
				"<=msec": 2.600
				,"percent": 0.05
				}
			,{
				"<=msec": 2.700
				,"percent": 0.06
				}
			,{
				"<=msec": 2.800
				,"percent": 0.07
				}
			,{
				"<=msec": 2.900
				,"percent": 0.07
				}
			,{
				"<=msec": 3.200
				,"percent": 0.07
				}
			,{
				"<=msec": 3.300
				,"percent": 0.07
				}
			,{
				"<=msec": 3.600
				,"percent": 0.07
				}
			,{
				"<=msec": 4.900
				,"percent": 0.08
				}
			,{
				"<=msec": 5.000
				,"percent": 0.08
				}
			,{
				"<=msec": 5.100
				,"percent": 0.08
				}
			,{
				"<=msec": 5.300
				,"percent": 0.08
				}
			,{
				"<=msec": 5.400
				,"percent": 0.08
				}
			,{
				"<=msec": 5.500
				,"percent": 0.08
				}
			,{
				"<=msec": 5.800
				,"percent": 0.08
				}
			,{
				"<=msec": 5.900
				,"percent": 0.09
				}
			,{
				"<=msec": 6.000
				,"percent": 0.09
				}
			,{
				"<=msec": 6.100
				,"percent": 0.10
				}
			,{
				"<=msec": 6.200
				,"percent": 0.10
				}
			,{
				"<=msec": 6.300
				,"percent": 0.10
				}
			,{
				"<=msec": 6.500
				,"percent": 0.11
				}
			,{
				"<=msec": 6.600
				,"percent": 0.11
				}
			,{
				"<=msec": 6.700
				,"percent": 0.11
				}
			,{
				"<=msec": 6.800
				,"percent": 0.11
				}
			,{
				"<=msec": 6.900
				,"percent": 0.12
				}
			,{
				"<=msec": 7.000
				,"percent": 0.12
				}
			,{
				"<=msec": 7.100
				,"percent": 0.12
				}
			,{
				"<=msec": 7.200
				,"percent": 0.13
				}
			,{
				"<=msec": 7.300
				,"percent": 0.14
				}
			,{
				"<=msec": 7.400
				,"percent": 0.15
				}
			,{
				"<=msec": 7.500
				,"percent": 0.16
				}
			,{
				"<=msec": 7.600
				,"percent": 0.17
				}
			,{
				"<=msec": 7.700
				,"percent": 0.18
				}
			,{
				"<=msec": 7.800
				,"percent": 0.20
				}
			,{
				"<=msec": 7.900
				,"percent": 0.22
				}
			,{
				"<=msec": 8.000
				,"percent": 0.23
				}
			,{
				"<=msec": 8.100
				,"percent": 0.25
				}
			,{
				"<=msec": 8.200
				,"percent": 0.27
				}
			,{
				"<=msec": 8.300
				,"percent": 0.29
				}
			,{
				"<=msec": 8.400
				,"percent": 0.31
				}
			,{
				"<=msec": 8.500
				,"percent": 0.33
				}
			,{
				"<=msec": 8.600
				,"percent": 0.35
				}
			,{
				"<=msec": 8.700
				,"percent": 0.38
				}
			,{
				"<=msec": 8.800
				,"percent": 0.40
				}
			,{
				"<=msec": 8.900
				,"percent": 0.43
				}
			,{
				"<=msec": 9.000
				,"percent": 0.45
				}
			,{
				"<=msec": 9.100
				,"percent": 0.49
				}
			,{
				"<=msec": 9.200
				,"percent": 0.52
				}
			,{
				"<=msec": 9.300
				,"percent": 0.55
				}
			,{
				"<=msec": 9.400
				,"percent": 0.58
				}
			,{
				"<=msec": 9.500
				,"percent": 0.60
				}
			,{
				"<=msec": 9.600
				,"percent": 0.62
				}
			,{
				"<=msec": 9.700
				,"percent": 0.63
				}
			,{
				"<=msec": 9.800
				,"percent": 0.66
				}
			,{
				"<=msec": 9.900
				,"percent": 0.68
				}
			,{
				"<=msec": 10.000
				,"percent": 0.80
				}
			,{
				"<=msec": 11.000
				,"percent": 1.18
				}
			,{
				"<=msec": 12.000
				,"percent": 1.69
				}
			,{
				"<=msec": 13.000
				,"percent": 2.41
				}
			,{
				"<=msec": 14.000
				,"percent": 3.53
				}
			,{
				"<=msec": 15.000
				,"percent": 5.19
				}
			,{
				"<=msec": 16.000
				,"percent": 8.23
				}
			,{
				"<=msec": 17.000
				,"percent": 16.97
				}
			,{
				"<=msec": 18.000
				,"percent": 35.23
				}
			,{
				"<=msec": 19.000
				,"percent": 47.79
				}
			,{
				"<=msec": 20.000
				,"percent": 54.01
				}
			,{
				"<=msec": 21.000
				,"percent": 58.37
				}
			,{
				"<=msec": 22.000
				,"percent": 61.96
				}
			,{
				"<=msec": 23.000
				,"percent": 65.28
				}
			,{
				"<=msec": 24.000
				,"percent": 69.00
				}
			,{
				"<=msec": 25.000
				,"percent": 73.29
				}
			,{
				"<=msec": 26.000
				,"percent": 79.40
				}
			,{
				"<=msec": 27.000
				,"percent": 87.48
				}
			,{
				"<=msec": 28.000
				,"percent": 93.99
				}
			,{
				"<=msec": 29.000
				,"percent": 96.71
				}
			,{
				"<=msec": 30.000
				,"percent": 97.75
				}
			,{
				"<=msec": 31.000
				,"percent": 98.45
				}
			,{
				"<=msec": 32.000
				,"percent": 98.93
				}
			,{
				"<=msec": 33.000
				,"percent": 99.27
				}
			,{
				"<=msec": 34.000
				,"percent": 99.47
				}
			,{
				"<=msec": 35.000
				,"percent": 99.58
				}
			,{
				"<=msec": 36.000
				,"percent": 99.66
				}
			,{
				"<=msec": 37.000
				,"percent": 99.70
				}
			,{
				"<=msec": 38.000
				,"percent": 99.74
				}
			,{
				"<=msec": 39.000
				,"percent": 99.77
				}
			,{
				"<=msec": 40.000
				,"percent": 99.82
				}
			,{
				"<=msec": 41.000
				,"percent": 99.86
				}
			,{
				"<=msec": 42.000
				,"percent": 99.90
				}
			,{
				"<=msec": 43.000
				,"percent": 99.93
				}
			,{
				"<=msec": 44.000
				,"percent": 99.95
				}
			,{
				"<=msec": 45.000
				,"percent": 99.96
				}
			,{
				"<=msec": 46.000
				,"percent": 99.96
				}
			,{
				"<=msec": 49.000
				,"percent": 99.96
				}
			,{
				"<=msec": 50.000
				,"percent": 99.96
				}
			,{
				"<=msec": 59.000
				,"percent": 99.96
				}
			,{
				"<=msec": 150.000
				,"percent": 99.98
				}
			,{
				"<=msec": 160.000
				,"percent": 99.98
				}
			,{
				"<=msec": 180.000
				,"percent": 99.98
				}
			,{
				"<=msec": 200.000
				,"percent": 99.99
				}
			,{
				"<=msec": 210.000
				,"percent": 100.00
				}
			]
		,"WAIT":[
		]
		}
	}
