{
	"configuration":{
		"server": "10.0.0.4"
		,"port": 11212
		,"unix socket": "(null)"
		,"protocol": "memcache_text"
		,"out_file": "(null)"
		,"client_stats": "(null)"
		,"run_count": 1
		,"debug": 0
		,"requests": 0
		,"clients": 32
		,"threads": 1
		,"test_time": 60
		,"ratio": "0:1"
		,"pipeline": 1
		,"data_size": 4096
		,"data_offset": 0
		,"random_data": "false"
		,"data_size_range": "0:0"
		,"data_size_list": ""
		,"data_size_pattern": "R"
		,"expiry_range": "9999:10000"
		,"data_import": "(null)"
		,"data_verify": "false"
		,"verify_only": "false"
		,"generate_keys": "false"
		,"key_prefix": "memtier-"
		,"key_minimum":           0
		,"key_maximum":        1000
		,"key_pattern": "R:R"
		,"key_stddev": 0.000000
		,"key_median": 0.000000
		,"reconnect_interval": 0
		,"multi_key_get": 0
		,"authenticate": ""
		,"select-db": 0
		,"no-expiry": "false"
		,"wait-ratio": "0:0"
		,"num-slaves": "0:0"
		,"wait-timeout": "0-0"
		}
	,"run information":{
		"Threads": 1
		,"Connections per thread": 32
		,"Seconds": 60
		}
	,"ALL STATS":{
		"Sets":{
			"Ops/sec": 0.00
			,"Hits/sec": 0.00
			,"Misses/sec": 0.00
			,"Latency": 0.00
			,"KB/sec": 0.00
			}
		,"Gets":{
			"Ops/sec": 1590.45
			,"Hits/sec": 1568.45
			,"Misses/sec": 22.00
			,"Latency": 20.11
			,"KB/sec": 6350.48
			}
		,"Waits":{
			"Ops/sec": 0.00
			,"Hits/sec": 0.00
			,"Misses/sec": 0.00
			,"Latency": 0.00
			,"KB/sec": 0.00
			}
		,"Totals":{
			"Ops/sec": 1590.45
			,"Hits/sec": 1568.45
			,"Misses/sec": 22.00
			,"Latency": 20.11
			,"KB/sec": 6350.48
			}
		,"SET":[
		]
		,"GET":[
			{
				"<=msec": 1.600
				,"percent": 0.00
				}
			,{
				"<=msec": 3.300
				,"percent": 0.00
				}
			,{
				"<=msec": 3.700
				,"percent": 0.00
				}
			,{
				"<=msec": 4.400
				,"percent": 0.00
				}
			,{
				"<=msec": 4.500
				,"percent": 0.01
				}
			,{
				"<=msec": 4.800
				,"percent": 0.01
				}
			,{
				"<=msec": 4.900
				,"percent": 0.01
				}
			,{
				"<=msec": 5.000
				,"percent": 0.01
				}
			,{
				"<=msec": 5.100
				,"percent": 0.01
				}
			,{
				"<=msec": 5.200
				,"percent": 0.02
				}
			,{
				"<=msec": 5.300
				,"percent": 0.03
				}
			,{
				"<=msec": 5.400
				,"percent": 0.03
				}
			,{
				"<=msec": 5.500
				,"percent": 0.03
				}
			,{
				"<=msec": 5.600
				,"percent": 0.05
				}
			,{
				"<=msec": 5.700
				,"percent": 0.06
				}
			,{
				"<=msec": 5.800
				,"percent": 0.07
				}
			,{
				"<=msec": 5.900
				,"percent": 0.09
				}
			,{
				"<=msec": 6.000
				,"percent": 0.12
				}
			,{
				"<=msec": 6.100
				,"percent": 0.13
				}
			,{
				"<=msec": 6.200
				,"percent": 0.17
				}
			,{
				"<=msec": 6.300
				,"percent": 0.22
				}
			,{
				"<=msec": 6.400
				,"percent": 0.26
				}
			,{
				"<=msec": 6.500
				,"percent": 0.35
				}
			,{
				"<=msec": 6.600
				,"percent": 0.44
				}
			,{
				"<=msec": 6.700
				,"percent": 0.55
				}
			,{
				"<=msec": 6.800
				,"percent": 0.68
				}
			,{
				"<=msec": 6.900
				,"percent": 0.81
				}
			,{
				"<=msec": 7.000
				,"percent": 0.94
				}
			,{
				"<=msec": 7.100
				,"percent": 1.08
				}
			,{
				"<=msec": 7.200
				,"percent": 1.24
				}
			,{
				"<=msec": 7.300
				,"percent": 1.42
				}
			,{
				"<=msec": 7.400
				,"percent": 1.64
				}
			,{
				"<=msec": 7.500
				,"percent": 1.84
				}
			,{
				"<=msec": 7.600
				,"percent": 2.03
				}
			,{
				"<=msec": 7.700
				,"percent": 2.23
				}
			,{
				"<=msec": 7.800
				,"percent": 2.39
				}
			,{
				"<=msec": 7.900
				,"percent": 2.58
				}
			,{
				"<=msec": 8.000
				,"percent": 2.75
				}
			,{
				"<=msec": 8.100
				,"percent": 2.94
				}
			,{
				"<=msec": 8.200
				,"percent": 3.10
				}
			,{
				"<=msec": 8.300
				,"percent": 3.25
				}
			,{
				"<=msec": 8.400
				,"percent": 3.40
				}
			,{
				"<=msec": 8.500
				,"percent": 3.55
				}
			,{
				"<=msec": 8.600
				,"percent": 3.71
				}
			,{
				"<=msec": 8.700
				,"percent": 3.85
				}
			,{
				"<=msec": 8.800
				,"percent": 4.00
				}
			,{
				"<=msec": 8.900
				,"percent": 4.13
				}
			,{
				"<=msec": 9.000
				,"percent": 4.26
				}
			,{
				"<=msec": 9.100
				,"percent": 4.43
				}
			,{
				"<=msec": 9.200
				,"percent": 4.57
				}
			,{
				"<=msec": 9.300
				,"percent": 4.71
				}
			,{
				"<=msec": 9.400
				,"percent": 4.88
				}
			,{
				"<=msec": 9.500
				,"percent": 5.02
				}
			,{
				"<=msec": 9.600
				,"percent": 5.13
				}
			,{
				"<=msec": 9.700
				,"percent": 5.27
				}
			,{
				"<=msec": 9.800
				,"percent": 5.42
				}
			,{
				"<=msec": 9.900
				,"percent": 5.54
				}
			,{
				"<=msec": 10.000
				,"percent": 6.29
				}
			,{
				"<=msec": 11.000
				,"percent": 7.98
				}
			,{
				"<=msec": 12.000
				,"percent": 9.90
				}
			,{
				"<=msec": 13.000
				,"percent": 12.04
				}
			,{
				"<=msec": 14.000
				,"percent": 13.90
				}
			,{
				"<=msec": 15.000
				,"percent": 15.83
				}
			,{
				"<=msec": 16.000
				,"percent": 19.07
				}
			,{
				"<=msec": 17.000
				,"percent": 27.31
				}
			,{
				"<=msec": 18.000
				,"percent": 43.62
				}
			,{
				"<=msec": 19.000
				,"percent": 55.09
				}
			,{
				"<=msec": 20.000
				,"percent": 60.77
				}
			,{
				"<=msec": 21.000
				,"percent": 64.42
				}
			,{
				"<=msec": 22.000
				,"percent": 67.32
				}
			,{
				"<=msec": 23.000
				,"percent": 69.98
				}
			,{
				"<=msec": 24.000
				,"percent": 72.73
				}
			,{
				"<=msec": 25.000
				,"percent": 76.41
				}
			,{
				"<=msec": 26.000
				,"percent": 82.43
				}
			,{
				"<=msec": 27.000
				,"percent": 90.18
				}
			,{
				"<=msec": 28.000
				,"percent": 95.39
				}
			,{
				"<=msec": 29.000
				,"percent": 97.55
				}
			,{
				"<=msec": 30.000
				,"percent": 98.40
				}
			,{
				"<=msec": 31.000
				,"percent": 98.91
				}
			,{
				"<=msec": 32.000
				,"percent": 99.26
				}
			,{
				"<=msec": 33.000
				,"percent": 99.49
				}
			,{
				"<=msec": 34.000
				,"percent": 99.62
				}
			,{
				"<=msec": 35.000
				,"percent": 99.71
				}
			,{
				"<=msec": 36.000
				,"percent": 99.75
				}
			,{
				"<=msec": 37.000
				,"percent": 99.78
				}
			,{
				"<=msec": 38.000
				,"percent": 99.80
				}
			,{
				"<=msec": 39.000
				,"percent": 99.82
				}
			,{
				"<=msec": 40.000
				,"percent": 99.85
				}
			,{
				"<=msec": 41.000
				,"percent": 99.88
				}
			,{
				"<=msec": 42.000
				,"percent": 99.92
				}
			,{
				"<=msec": 43.000
				,"percent": 99.94
				}
			,{
				"<=msec": 44.000
				,"percent": 99.96
				}
			,{
				"<=msec": 45.000
				,"percent": 99.96
				}
			,{
				"<=msec": 46.000
				,"percent": 99.96
				}
			,{
				"<=msec": 47.000
				,"percent": 99.96
				}
			,{
				"<=msec": 48.000
				,"percent": 99.97
				}
			,{
				"<=msec": 100.000
				,"percent": 99.97
				}
			,{
				"<=msec": 110.000
				,"percent": 99.97
				}
			,{
				"<=msec": 120.000
				,"percent": 99.97
				}
			,{
				"<=msec": 130.000
				,"percent": 99.97
				}
			,{
				"<=msec": 140.000
				,"percent": 99.97
				}
			,{
				"<=msec": 150.000
				,"percent": 99.98
				}
			,{
				"<=msec": 160.000
				,"percent": 100.00
				}
			,{
				"<=msec": 170.000
				,"percent": 100.00
				}
			]
		,"WAIT":[
		]
		}
	}
