{
	"configuration":{
		"server": "10.0.0.4"
		,"port": 11212
		,"unix socket": "(null)"
		,"protocol": "memcache_text"
		,"out_file": "(null)"
		,"client_stats": "(null)"
		,"run_count": 1
		,"debug": 0
		,"requests": 0
		,"clients": 32
		,"threads": 1
		,"test_time": 60
		,"ratio": "0:1"
		,"pipeline": 1
		,"data_size": 4096
		,"data_offset": 0
		,"random_data": "false"
		,"data_size_range": "0:0"
		,"data_size_list": ""
		,"data_size_pattern": "R"
		,"expiry_range": "9999:10000"
		,"data_import": "(null)"
		,"data_verify": "false"
		,"verify_only": "false"
		,"generate_keys": "false"
		,"key_prefix": "memtier-"
		,"key_minimum":           0
		,"key_maximum":        1000
		,"key_pattern": "R:R"
		,"key_stddev": 0.000000
		,"key_median": 0.000000
		,"reconnect_interval": 0
		,"multi_key_get": 0
		,"authenticate": ""
		,"select-db": 0
		,"no-expiry": "false"
		,"wait-ratio": "0:0"
		,"num-slaves": "0:0"
		,"wait-timeout": "0-0"
		}
	,"run information":{
		"Threads": 1
		,"Connections per thread": 32
		,"Seconds": 60
		}
	,"ALL STATS":{
		"Sets":{
			"Ops/sec": 0.00
			,"Hits/sec": 0.00
			,"Misses/sec": 0.00
			,"Latency": 0.00
			,"KB/sec": 0.00
			}
		,"Gets":{
			"Ops/sec": 1180.46
			,"Hits/sec": 1164.83
			,"Misses/sec": 15.63
			,"Latency": 27.10
			,"KB/sec": 4716.28
			}
		,"Waits":{
			"Ops/sec": 0.00
			,"Hits/sec": 0.00
			,"Misses/sec": 0.00
			,"Latency": 0.00
			,"KB/sec": 0.00
			}
		,"Totals":{
			"Ops/sec": 1180.46
			,"Hits/sec": 1164.83
			,"Misses/sec": 15.63
			,"Latency": 27.10
			,"KB/sec": 4716.28
			}
		,"SET":[
		]
		,"GET":[
			{
				"<=msec": 1.500
				,"percent": 0.00
				}
			,{
				"<=msec": 1.800
				,"percent": 0.00
				}
			,{
				"<=msec": 1.900
				,"percent": 0.01
				}
			,{
				"<=msec": 2.000
				,"percent": 0.01
				}
			,{
				"<=msec": 2.100
				,"percent": 0.02
				}
			,{
				"<=msec": 2.200
				,"percent": 0.03
				}
			,{
				"<=msec": 2.300
				,"percent": 0.04
				}
			,{
				"<=msec": 2.400
				,"percent": 0.05
				}
			,{
				"<=msec": 2.500
				,"percent": 0.06
				}
			,{
				"<=msec": 2.600
				,"percent": 0.07
				}
			,{
				"<=msec": 2.700
				,"percent": 0.08
				}
			,{
				"<=msec": 2.800
				,"percent": 0.10
				}
			,{
				"<=msec": 2.900
				,"percent": 0.12
				}
			,{
				"<=msec": 3.000
				,"percent": 0.14
				}
			,{
				"<=msec": 3.100
				,"percent": 0.17
				}
			,{
				"<=msec": 3.200
				,"percent": 0.20
				}
			,{
				"<=msec": 3.300
				,"percent": 0.24
				}
			,{
				"<=msec": 3.400
				,"percent": 0.27
				}
			,{
				"<=msec": 3.500
				,"percent": 0.31
				}
			,{
				"<=msec": 3.600
				,"percent": 0.36
				}
			,{
				"<=msec": 3.700
				,"percent": 0.41
				}
			,{
				"<=msec": 3.800
				,"percent": 0.47
				}
			,{
				"<=msec": 3.900
				,"percent": 0.54
				}
			,{
				"<=msec": 4.000
				,"percent": 0.62
				}
			,{
				"<=msec": 4.100
				,"percent": 0.69
				}
			,{
				"<=msec": 4.200
				,"percent": 0.78
				}
			,{
				"<=msec": 4.300
				,"percent": 0.86
				}
			,{
				"<=msec": 4.400
				,"percent": 0.93
				}
			,{
				"<=msec": 4.500
				,"percent": 1.02
				}
			,{
				"<=msec": 4.600
				,"percent": 1.13
				}
			,{
				"<=msec": 4.700
				,"percent": 1.21
				}
			,{
				"<=msec": 4.800
				,"percent": 1.31
				}
			,{
				"<=msec": 4.900
				,"percent": 1.41
				}
			,{
				"<=msec": 5.000
				,"percent": 1.47
				}
			,{
				"<=msec": 5.100
				,"percent": 1.55
				}
			,{
				"<=msec": 5.200
				,"percent": 1.62
				}
			,{
				"<=msec": 5.300
				,"percent": 1.70
				}
			,{
				"<=msec": 5.400
				,"percent": 1.79
				}
			,{
				"<=msec": 5.500
				,"percent": 1.85
				}
			,{
				"<=msec": 5.600
				,"percent": 1.89
				}
			,{
				"<=msec": 5.700
				,"percent": 1.96
				}
			,{
				"<=msec": 5.800
				,"percent": 2.02
				}
			,{
				"<=msec": 5.900
				,"percent": 2.07
				}
			,{
				"<=msec": 6.000
				,"percent": 2.12
				}
			,{
				"<=msec": 6.100
				,"percent": 2.16
				}
			,{
				"<=msec": 6.200
				,"percent": 2.21
				}
			,{
				"<=msec": 6.300
				,"percent": 2.24
				}
			,{
				"<=msec": 6.400
				,"percent": 2.28
				}
			,{
				"<=msec": 6.500
				,"percent": 2.32
				}
			,{
				"<=msec": 6.600
				,"percent": 2.35
				}
			,{
				"<=msec": 6.700
				,"percent": 2.39
				}
			,{
				"<=msec": 6.800
				,"percent": 2.43
				}
			,{
				"<=msec": 6.900
				,"percent": 2.45
				}
			,{
				"<=msec": 7.000
				,"percent": 2.50
				}
			,{
				"<=msec": 7.100
				,"percent": 2.54
				}
			,{
				"<=msec": 7.200
				,"percent": 2.57
				}
			,{
				"<=msec": 7.300
				,"percent": 2.61
				}
			,{
				"<=msec": 7.400
				,"percent": 2.63
				}
			,{
				"<=msec": 7.500
				,"percent": 2.67
				}
			,{
				"<=msec": 7.600
				,"percent": 2.70
				}
			,{
				"<=msec": 7.700
				,"percent": 2.72
				}
			,{
				"<=msec": 7.800
				,"percent": 2.74
				}
			,{
				"<=msec": 7.900
				,"percent": 2.78
				}
			,{
				"<=msec": 8.000
				,"percent": 2.80
				}
			,{
				"<=msec": 8.100
				,"percent": 2.84
				}
			,{
				"<=msec": 8.200
				,"percent": 2.88
				}
			,{
				"<=msec": 8.300
				,"percent": 2.92
				}
			,{
				"<=msec": 8.400
				,"percent": 2.96
				}
			,{
				"<=msec": 8.500
				,"percent": 3.00
				}
			,{
				"<=msec": 8.600
				,"percent": 3.04
				}
			,{
				"<=msec": 8.700
				,"percent": 3.08
				}
			,{
				"<=msec": 8.800
				,"percent": 3.14
				}
			,{
				"<=msec": 8.900
				,"percent": 3.18
				}
			,{
				"<=msec": 9.000
				,"percent": 3.22
				}
			,{
				"<=msec": 9.100
				,"percent": 3.28
				}
			,{
				"<=msec": 9.200
				,"percent": 3.32
				}
			,{
				"<=msec": 9.300
				,"percent": 3.37
				}
			,{
				"<=msec": 9.400
				,"percent": 3.43
				}
			,{
				"<=msec": 9.500
				,"percent": 3.48
				}
			,{
				"<=msec": 9.600
				,"percent": 3.53
				}
			,{
				"<=msec": 9.700
				,"percent": 3.57
				}
			,{
				"<=msec": 9.800
				,"percent": 3.61
				}
			,{
				"<=msec": 9.900
				,"percent": 3.67
				}
			,{
				"<=msec": 10.000
				,"percent": 4.03
				}
			,{
				"<=msec": 11.000
				,"percent": 4.66
				}
			,{
				"<=msec": 12.000
				,"percent": 5.50
				}
			,{
				"<=msec": 13.000
				,"percent": 6.60
				}
			,{
				"<=msec": 14.000
				,"percent": 8.48
				}
			,{
				"<=msec": 15.000
				,"percent": 15.13
				}
			,{
				"<=msec": 16.000
				,"percent": 37.04
				}
			,{
				"<=msec": 17.000
				,"percent": 52.85
				}
			,{
				"<=msec": 18.000
				,"percent": 58.21
				}
			,{
				"<=msec": 19.000
				,"percent": 60.17
				}
			,{
				"<=msec": 20.000
				,"percent": 61.40
				}
			,{
				"<=msec": 21.000
				,"percent": 62.29
				}
			,{
				"<=msec": 22.000
				,"percent": 63.05
				}
			,{
				"<=msec": 23.000
				,"percent": 63.69
				}
			,{
				"<=msec": 24.000
				,"percent": 64.31
				}
			,{
				"<=msec": 25.000
				,"percent": 65.04
				}
			,{
				"<=msec": 26.000
				,"percent": 66.20
				}
			,{
				"<=msec": 27.000
				,"percent": 68.16
				}
			,{
				"<=msec": 28.000
				,"percent": 71.95
				}
			,{
				"<=msec": 29.000
				,"percent": 78.36
				}
			,{
				"<=msec": 30.000
				,"percent": 85.06
				}
			,{
				"<=msec": 31.000
				,"percent": 92.45
				}
			,{
				"<=msec": 32.000
				,"percent": 94.81
				}
			,{
				"<=msec": 33.000
				,"percent": 95.28
				}
			,{
				"<=msec": 34.000
				,"percent": 95.53
				}
			,{
				"<=msec": 35.000
				,"percent": 95.69
				}
			,{
				"<=msec": 36.000
				,"percent": 95.80
				}
			,{
				"<=msec": 37.000
				,"percent": 95.84
				}
			,{
				"<=msec": 38.000
				,"percent": 95.90
				}
			,{
				"<=msec": 39.000
				,"percent": 95.99
				}
			,{
				"<=msec": 40.000
				,"percent": 96.09
				}
			,{
				"<=msec": 41.000
				,"percent": 96.20
				}
			,{
				"<=msec": 42.000
				,"percent": 96.38
				}
			,{
				"<=msec": 43.000
				,"percent": 96.63
				}
			,{
				"<=msec": 44.000
				,"percent": 96.98
				}
			,{
				"<=msec": 45.000
				,"percent": 97.43
				}
			,{
				"<=msec": 46.000
				,"percent": 97.79
				}
			,{
				"<=msec": 47.000
				,"percent": 98.12
				}
			,{
				"<=msec": 48.000
				,"percent": 98.18
				}
			,{
				"<=msec": 49.000
				,"percent": 98.19
				}
			,{
				"<=msec": 50.000
				,"percent": 98.21
				}
			,{
				"<=msec": 51.000
				,"percent": 98.22
				}
			,{
				"<=msec": 52.000
				,"percent": 98.24
				}
			,{
				"<=msec": 53.000
				,"percent": 98.24
				}
			,{
				"<=msec": 54.000
				,"percent": 98.25
				}
			,{
				"<=msec": 55.000
				,"percent": 98.26
				}
			,{
				"<=msec": 56.000
				,"percent": 98.28
				}
			,{
				"<=msec": 57.000
				,"percent": 98.30
				}
			,{
				"<=msec": 58.000
				,"percent": 98.33
				}
			,{
				"<=msec": 59.000
				,"percent": 98.39
				}
			,{
				"<=msec": 60.000
				,"percent": 98.46
				}
			,{
				"<=msec": 61.000
				,"percent": 98.54
				}
			,{
				"<=msec": 62.000
				,"percent": 98.63
				}
			,{
				"<=msec": 63.000
				,"percent": 98.65
				}
			,{
				"<=msec": 64.000
				,"percent": 98.66
				}
			,{
				"<=msec": 65.000
				,"percent": 98.67
				}
			,{
				"<=msec": 66.000
				,"percent": 98.67
				}
			,{
				"<=msec": 67.000
				,"percent": 98.68
				}
			,{
				"<=msec": 68.000
				,"percent": 98.68
				}
			,{
				"<=msec": 69.000
				,"percent": 98.68
				}
			,{
				"<=msec": 70.000
				,"percent": 98.69
				}
			,{
				"<=msec": 72.000
				,"percent": 98.70
				}
			,{
				"<=msec": 73.000
				,"percent": 98.71
				}
			,{
				"<=msec": 74.000
				,"percent": 98.72
				}
			,{
				"<=msec": 75.000
				,"percent": 98.74
				}
			,{
				"<=msec": 76.000
				,"percent": 98.77
				}
			,{
				"<=msec": 77.000
				,"percent": 98.80
				}
			,{
				"<=msec": 78.000
				,"percent": 98.82
				}
			,{
				"<=msec": 79.000
				,"percent": 98.83
				}
			,{
				"<=msec": 80.000
				,"percent": 98.83
				}
			,{
				"<=msec": 81.000
				,"percent": 98.84
				}
			,{
				"<=msec": 85.000
				,"percent": 98.84
				}
			,{
				"<=msec": 86.000
				,"percent": 98.84
				}
			,{
				"<=msec": 88.000
				,"percent": 98.84
				}
			,{
				"<=msec": 89.000
				,"percent": 98.85
				}
			,{
				"<=msec": 90.000
				,"percent": 98.86
				}
			,{
				"<=msec": 91.000
				,"percent": 98.86
				}
			,{
				"<=msec": 92.000
				,"percent": 98.87
				}
			,{
				"<=msec": 93.000
				,"percent": 98.88
				}
			,{
				"<=msec": 94.000
				,"percent": 98.89
				}
			,{
				"<=msec": 95.000
				,"percent": 98.90
				}
			,{
				"<=msec": 96.000
				,"percent": 98.90
				}
			,{
				"<=msec": 97.000
				,"percent": 98.91
				}
			,{
				"<=msec": 98.000
				,"percent": 98.91
				}
			,{
				"<=msec": 99.000
				,"percent": 98.91
				}
			,{
				"<=msec": 100.000
				,"percent": 98.93
				}
			,{
				"<=msec": 110.000
				,"percent": 98.99
				}
			,{
				"<=msec": 120.000
				,"percent": 99.02
				}
			,{
				"<=msec": 130.000
				,"percent": 99.05
				}
			,{
				"<=msec": 140.000
				,"percent": 99.06
				}
			,{
				"<=msec": 150.000
				,"percent": 99.08
				}
			,{
				"<=msec": 160.000
				,"percent": 99.10
				}
			,{
				"<=msec": 170.000
				,"percent": 99.11
				}
			,{
				"<=msec": 180.000
				,"percent": 99.12
				}
			,{
				"<=msec": 190.000
				,"percent": 99.15
				}
			,{
				"<=msec": 200.000
				,"percent": 99.18
				}
			,{
				"<=msec": 210.000
				,"percent": 99.19
				}
			,{
				"<=msec": 220.000
				,"percent": 99.21
				}
			,{
				"<=msec": 230.000
				,"percent": 99.25
				}
			,{
				"<=msec": 240.000
				,"percent": 99.29
				}
			,{
				"<=msec": 250.000
				,"percent": 99.32
				}
			,{
				"<=msec": 260.000
				,"percent": 99.33
				}
			,{
				"<=msec": 270.000
				,"percent": 99.34
				}
			,{
				"<=msec": 280.000
				,"percent": 99.34
				}
			,{
				"<=msec": 300.000
				,"percent": 99.35
				}
			,{
				"<=msec": 310.000
				,"percent": 99.37
				}
			,{
				"<=msec": 320.000
				,"percent": 99.37
				}
			,{
				"<=msec": 330.000
				,"percent": 99.41
				}
			,{
				"<=msec": 340.000
				,"percent": 99.42
				}
			,{
				"<=msec": 350.000
				,"percent": 99.44
				}
			,{
				"<=msec": 360.000
				,"percent": 99.44
				}
			,{
				"<=msec": 370.000
				,"percent": 99.44
				}
			,{
				"<=msec": 380.000
				,"percent": 99.46
				}
			,{
				"<=msec": 390.000
				,"percent": 99.46
				}
			,{
				"<=msec": 400.000
				,"percent": 99.48
				}
			,{
				"<=msec": 410.000
				,"percent": 99.49
				}
			,{
				"<=msec": 420.000
				,"percent": 99.50
				}
			,{
				"<=msec": 430.000
				,"percent": 99.51
				}
			,{
				"<=msec": 440.000
				,"percent": 99.52
				}
			,{
				"<=msec": 450.000
				,"percent": 99.52
				}
			,{
				"<=msec": 460.000
				,"percent": 99.53
				}
			,{
				"<=msec": 470.000
				,"percent": 99.54
				}
			,{
				"<=msec": 480.000
				,"percent": 99.54
				}
			,{
				"<=msec": 490.000
				,"percent": 99.55
				}
			,{
				"<=msec": 500.000
				,"percent": 99.55
				}
			,{
				"<=msec": 510.000
				,"percent": 99.55
				}
			,{
				"<=msec": 560.000
				,"percent": 99.56
				}
			,{
				"<=msec": 570.000
				,"percent": 99.57
				}
			,{
				"<=msec": 580.000
				,"percent": 99.58
				}
			,{
				"<=msec": 590.000
				,"percent": 99.58
				}
			,{
				"<=msec": 630.000
				,"percent": 99.58
				}
			,{
				"<=msec": 650.000
				,"percent": 99.59
				}
			,{
				"<=msec": 660.000
				,"percent": 99.59
				}
			,{
				"<=msec": 670.000
				,"percent": 99.61
				}
			,{
				"<=msec": 680.000
				,"percent": 99.61
				}
			,{
				"<=msec": 690.000
				,"percent": 99.62
				}
			,{
				"<=msec": 700.000
				,"percent": 99.63
				}
			,{
				"<=msec": 710.000
				,"percent": 99.64
				}
			,{
				"<=msec": 720.000
				,"percent": 99.65
				}
			,{
				"<=msec": 730.000
				,"percent": 99.66
				}
			,{
				"<=msec": 740.000
				,"percent": 99.66
				}
			,{
				"<=msec": 750.000
				,"percent": 99.66
				}
			,{
				"<=msec": 760.000
				,"percent": 99.67
				}
			,{
				"<=msec": 770.000
				,"percent": 99.67
				}
			,{
				"<=msec": 780.000
				,"percent": 99.67
				}
			,{
				"<=msec": 800.000
				,"percent": 99.68
				}
			,{
				"<=msec": 810.000
				,"percent": 99.68
				}
			,{
				"<=msec": 820.000
				,"percent": 99.69
				}
			,{
				"<=msec": 830.000
				,"percent": 99.70
				}
			,{
				"<=msec": 890.000
				,"percent": 99.71
				}
			,{
				"<=msec": 900.000
				,"percent": 99.73
				}
			,{
				"<=msec": 910.000
				,"percent": 99.74
				}
			,{
				"<=msec": 920.000
				,"percent": 99.76
				}
			,{
				"<=msec": 930.000
				,"percent": 99.77
				}
			,{
				"<=msec": 940.000
				,"percent": 99.78
				}
			,{
				"<=msec": 950.000
				,"percent": 99.79
				}
			,{
				"<=msec": 960.000
				,"percent": 99.80
				}
			,{
				"<=msec": 990.000
				,"percent": 99.80
				}
			,{
				"<=msec": 1000.000
				,"percent": 99.83
				}
			,{
				"<=msec": 1100.000
				,"percent": 99.87
				}
			,{
				"<=msec": 1200.000
				,"percent": 99.91
				}
			,{
				"<=msec": 1300.000
				,"percent": 99.96
				}
			,{
				"<=msec": 1400.000
				,"percent": 99.97
				}
			,{
				"<=msec": 1500.000
				,"percent": 99.99
				}
			,{
				"<=msec": 1600.000
				,"percent": 100.00
				}
			]
		,"WAIT":[
		]
		}
	}
