{
	"configuration":{
		"server": "10.0.0.4"
		,"port": 11212
		,"unix socket": "(null)"
		,"protocol": "memcache_text"
		,"out_file": "(null)"
		,"client_stats": "(null)"
		,"run_count": 1
		,"debug": 0
		,"requests": 0
		,"clients": 32
		,"threads": 1
		,"test_time": 60
		,"ratio": "1:0"
		,"pipeline": 1
		,"data_size": 4096
		,"data_offset": 0
		,"random_data": "false"
		,"data_size_range": "0:0"
		,"data_size_list": ""
		,"data_size_pattern": "R"
		,"expiry_range": "9999:10000"
		,"data_import": "(null)"
		,"data_verify": "false"
		,"verify_only": "false"
		,"generate_keys": "false"
		,"key_prefix": "memtier-"
		,"key_minimum":           0
		,"key_maximum":        1000
		,"key_pattern": "R:R"
		,"key_stddev": 0.000000
		,"key_median": 0.000000
		,"reconnect_interval": 0
		,"multi_key_get": 0
		,"authenticate": ""
		,"select-db": 0
		,"no-expiry": "false"
		,"wait-ratio": "0:0"
		,"num-slaves": "0:0"
		,"wait-timeout": "0-0"
		}
	,"run information":{
		"Threads": 1
		,"Connections per thread": 32
		,"Seconds": 60
		}
	,"ALL STATS":{
		"Sets":{
			"Ops/sec": 1295.16
			,"Hits/sec": 0.00
			,"Misses/sec": 0.00
			,"Latency": 25.12
			,"KB/sec": 5230.46
			}
		,"Gets":{
			"Ops/sec": 0.00
			,"Hits/sec": 0.00
			,"Misses/sec": 0.00
			,"Latency": 0.00
			,"KB/sec": 0.00
			}
		,"Waits":{
			"Ops/sec": 0.00
			,"Hits/sec": 0.00
			,"Misses/sec": 0.00
			,"Latency": 0.00
			,"KB/sec": 0.00
			}
		,"Totals":{
			"Ops/sec": 1295.16
			,"Hits/sec": 0.00
			,"Misses/sec": 0.00
			,"Latency": 25.12
			,"KB/sec": 5230.46
			}
		,"SET":[
			{
				"<=msec": 4.000
				,"percent": 0.00
				}
			,{
				"<=msec": 4.100
				,"percent": 0.00
				}
			,{
				"<=msec": 4.900
				,"percent": 0.01
				}
			,{
				"<=msec": 5.300
				,"percent": 0.01
				}
			,{
				"<=msec": 6.800
				,"percent": 0.01
				}
			,{
				"<=msec": 6.900
				,"percent": 0.01
				}
			,{
				"<=msec": 7.000
				,"percent": 0.02
				}
			,{
				"<=msec": 7.200
				,"percent": 0.02
				}
			,{
				"<=msec": 8.000
				,"percent": 0.02
				}
			,{
				"<=msec": 8.100
				,"percent": 0.03
				}
			,{
				"<=msec": 8.200
				,"percent": 0.03
				}
			,{
				"<=msec": 8.400
				,"percent": 0.03
				}
			,{
				"<=msec": 8.900
				,"percent": 0.04
				}
			,{
				"<=msec": 9.300
				,"percent": 0.04
				}
			,{
				"<=msec": 9.500
				,"percent": 0.04
				}
			,{
				"<=msec": 9.600
				,"percent": 0.04
				}
			,{
				"<=msec": 9.700
				,"percent": 0.04
				}
			,{
				"<=msec": 9.800
				,"percent": 0.05
				}
			,{
				"<=msec": 9.900
				,"percent": 0.05
				}
			,{
				"<=msec": 10.000
				,"percent": 0.06
				}
			,{
				"<=msec": 11.000
				,"percent": 0.10
				}
			,{
				"<=msec": 12.000
				,"percent": 0.20
				}
			,{
				"<=msec": 13.000
				,"percent": 0.66
				}
			,{
				"<=msec": 14.000
				,"percent": 1.49
				}
			,{
				"<=msec": 15.000
				,"percent": 3.26
				}
			,{
				"<=msec": 16.000
				,"percent": 5.72
				}
			,{
				"<=msec": 17.000
				,"percent": 9.07
				}
			,{
				"<=msec": 18.000
				,"percent": 13.20
				}
			,{
				"<=msec": 19.000
				,"percent": 18.52
				}
			,{
				"<=msec": 20.000
				,"percent": 25.42
				}
			,{
				"<=msec": 21.000
				,"percent": 33.11
				}
			,{
				"<=msec": 22.000
				,"percent": 40.84
				}
			,{
				"<=msec": 23.000
				,"percent": 47.79
				}
			,{
				"<=msec": 24.000
				,"percent": 54.05
				}
			,{
				"<=msec": 25.000
				,"percent": 60.32
				}
			,{
				"<=msec": 26.000
				,"percent": 66.89
				}
			,{
				"<=msec": 27.000
				,"percent": 72.82
				}
			,{
				"<=msec": 28.000
				,"percent": 77.33
				}
			,{
				"<=msec": 29.000
				,"percent": 80.60
				}
			,{
				"<=msec": 30.000
				,"percent": 83.18
				}
			,{
				"<=msec": 31.000
				,"percent": 85.18
				}
			,{
				"<=msec": 32.000
				,"percent": 86.99
				}
			,{
				"<=msec": 33.000
				,"percent": 88.56
				}
			,{
				"<=msec": 34.000
				,"percent": 90.05
				}
			,{
				"<=msec": 35.000
				,"percent": 91.41
				}
			,{
				"<=msec": 36.000
				,"percent": 92.57
				}
			,{
				"<=msec": 37.000
				,"percent": 93.56
				}
			,{
				"<=msec": 38.000
				,"percent": 94.47
				}
			,{
				"<=msec": 39.000
				,"percent": 95.41
				}
			,{
				"<=msec": 40.000
				,"percent": 96.21
				}
			,{
				"<=msec": 41.000
				,"percent": 96.79
				}
			,{
				"<=msec": 42.000
				,"percent": 97.37
				}
			,{
				"<=msec": 43.000
				,"percent": 97.81
				}
			,{
				"<=msec": 44.000
				,"percent": 98.20
				}
			,{
				"<=msec": 45.000
				,"percent": 98.61
				}
			,{
				"<=msec": 46.000
				,"percent": 98.90
				}
			,{
				"<=msec": 47.000
				,"percent": 99.13
				}
			,{
				"<=msec": 48.000
				,"percent": 99.31
				}
			,{
				"<=msec": 49.000
				,"percent": 99.45
				}
			,{
				"<=msec": 50.000
				,"percent": 99.54
				}
			,{
				"<=msec": 51.000
				,"percent": 99.62
				}
			,{
				"<=msec": 52.000
				,"percent": 99.69
				}
			,{
				"<=msec": 53.000
				,"percent": 99.73
				}
			,{
				"<=msec": 54.000
				,"percent": 99.76
				}
			,{
				"<=msec": 55.000
				,"percent": 99.79
				}
			,{
				"<=msec": 56.000
				,"percent": 99.80
				}
			,{
				"<=msec": 57.000
				,"percent": 99.82
				}
			,{
				"<=msec": 58.000
				,"percent": 99.85
				}
			,{
				"<=msec": 59.000
				,"percent": 99.87
				}
			,{
				"<=msec": 60.000
				,"percent": 99.88
				}
			,{
				"<=msec": 61.000
				,"percent": 99.88
				}
			,{
				"<=msec": 62.000
				,"percent": 99.88
				}
			,{
				"<=msec": 63.000
				,"percent": 99.89
				}
			,{
				"<=msec": 64.000
				,"percent": 99.91
				}
			,{
				"<=msec": 65.000
				,"percent": 99.92
				}
			,{
				"<=msec": 66.000
				,"percent": 99.92
				}
			,{
				"<=msec": 70.000
				,"percent": 99.93
				}
			,{
				"<=msec": 71.000
				,"percent": 99.93
				}
			,{
				"<=msec": 72.000
				,"percent": 99.93
				}
			,{
				"<=msec": 74.000
				,"percent": 99.94
				}
			,{
				"<=msec": 77.000
				,"percent": 99.94
				}
			,{
				"<=msec": 78.000
				,"percent": 99.94
				}
			,{
				"<=msec": 80.000
				,"percent": 99.94
				}
			,{
				"<=msec": 81.000
				,"percent": 99.95
				}
			,{
				"<=msec": 84.000
				,"percent": 99.95
				}
			,{
				"<=msec": 85.000
				,"percent": 99.96
				}
			,{
				"<=msec": 130.000
				,"percent": 99.96
				}
			,{
				"<=msec": 140.000
				,"percent": 99.98
				}
			,{
				"<=msec": 150.000
				,"percent": 100.00
				}
			]
		,"GET":[
		]
		,"WAIT":[
		]
		}
	}
