{
	"configuration":{
		"server": "10.0.0.4"
		,"port": 11212
		,"unix socket": "(null)"
		,"protocol": "memcache_text"
		,"out_file": "(null)"
		,"client_stats": "(null)"
		,"run_count": 1
		,"debug": 0
		,"requests": 0
		,"clients": 32
		,"threads": 1
		,"test_time": 60
		,"ratio": "1:0"
		,"pipeline": 1
		,"data_size": 4096
		,"data_offset": 0
		,"random_data": "false"
		,"data_size_range": "0:0"
		,"data_size_list": ""
		,"data_size_pattern": "R"
		,"expiry_range": "9999:10000"
		,"data_import": "(null)"
		,"data_verify": "false"
		,"verify_only": "false"
		,"generate_keys": "false"
		,"key_prefix": "memtier-"
		,"key_minimum":           0
		,"key_maximum":        1000
		,"key_pattern": "R:R"
		,"key_stddev": 0.000000
		,"key_median": 0.000000
		,"reconnect_interval": 0
		,"multi_key_get": 0
		,"authenticate": ""
		,"select-db": 0
		,"no-expiry": "false"
		,"wait-ratio": "0:0"
		,"num-slaves": "0:0"
		,"wait-timeout": "0-0"
		}
	,"run information":{
		"Threads": 1
		,"Connections per thread": 32
		,"Seconds": 60
		}
	,"ALL STATS":{
		"Sets":{
			"Ops/sec": 1212.77
			,"Hits/sec": 0.00
			,"Misses/sec": 0.00
			,"Latency": 26.38
			,"KB/sec": 4897.73
			}
		,"Gets":{
			"Ops/sec": 0.00
			,"Hits/sec": 0.00
			,"Misses/sec": 0.00
			,"Latency": 0.00
			,"KB/sec": 0.00
			}
		,"Waits":{
			"Ops/sec": 0.00
			,"Hits/sec": 0.00
			,"Misses/sec": 0.00
			,"Latency": 0.00
			,"KB/sec": 0.00
			}
		,"Totals":{
			"Ops/sec": 1212.77
			,"Hits/sec": 0.00
			,"Misses/sec": 0.00
			,"Latency": 26.38
			,"KB/sec": 4897.73
			}
		,"SET":[
			{
				"<=msec": 9.100
				,"percent": 0.00
				}
			,{
				"<=msec": 12.000
				,"percent": 0.00
				}
			,{
				"<=msec": 13.000
				,"percent": 0.06
				}
			,{
				"<=msec": 14.000
				,"percent": 0.39
				}
			,{
				"<=msec": 15.000
				,"percent": 1.13
				}
			,{
				"<=msec": 16.000
				,"percent": 2.64
				}
			,{
				"<=msec": 17.000
				,"percent": 4.91
				}
			,{
				"<=msec": 18.000
				,"percent": 8.17
				}
			,{
				"<=msec": 19.000
				,"percent": 12.51
				}
			,{
				"<=msec": 20.000
				,"percent": 18.12
				}
			,{
				"<=msec": 21.000
				,"percent": 25.07
				}
			,{
				"<=msec": 22.000
				,"percent": 32.38
				}
			,{
				"<=msec": 23.000
				,"percent": 39.14
				}
			,{
				"<=msec": 24.000
				,"percent": 45.23
				}
			,{
				"<=msec": 25.000
				,"percent": 51.90
				}
			,{
				"<=msec": 26.000
				,"percent": 59.27
				}
			,{
				"<=msec": 27.000
				,"percent": 66.22
				}
			,{
				"<=msec": 28.000
				,"percent": 71.82
				}
			,{
				"<=msec": 29.000
				,"percent": 76.03
				}
			,{
				"<=msec": 30.000
				,"percent": 79.22
				}
			,{
				"<=msec": 31.000
				,"percent": 81.83
				}
			,{
				"<=msec": 32.000
				,"percent": 84.07
				}
			,{
				"<=msec": 33.000
				,"percent": 86.02
				}
			,{
				"<=msec": 34.000
				,"percent": 87.73
				}
			,{
				"<=msec": 35.000
				,"percent": 89.31
				}
			,{
				"<=msec": 36.000
				,"percent": 90.68
				}
			,{
				"<=msec": 37.000
				,"percent": 91.93
				}
			,{
				"<=msec": 38.000
				,"percent": 93.05
				}
			,{
				"<=msec": 39.000
				,"percent": 94.02
				}
			,{
				"<=msec": 40.000
				,"percent": 94.81
				}
			,{
				"<=msec": 41.000
				,"percent": 95.56
				}
			,{
				"<=msec": 42.000
				,"percent": 96.33
				}
			,{
				"<=msec": 43.000
				,"percent": 96.93
				}
			,{
				"<=msec": 44.000
				,"percent": 97.52
				}
			,{
				"<=msec": 45.000
				,"percent": 98.00
				}
			,{
				"<=msec": 46.000
				,"percent": 98.33
				}
			,{
				"<=msec": 47.000
				,"percent": 98.62
				}
			,{
				"<=msec": 48.000
				,"percent": 98.83
				}
			,{
				"<=msec": 49.000
				,"percent": 98.99
				}
			,{
				"<=msec": 50.000
				,"percent": 99.14
				}
			,{
				"<=msec": 51.000
				,"percent": 99.26
				}
			,{
				"<=msec": 52.000
				,"percent": 99.39
				}
			,{
				"<=msec": 53.000
				,"percent": 99.50
				}
			,{
				"<=msec": 54.000
				,"percent": 99.59
				}
			,{
				"<=msec": 55.000
				,"percent": 99.66
				}
			,{
				"<=msec": 56.000
				,"percent": 99.69
				}
			,{
				"<=msec": 57.000
				,"percent": 99.74
				}
			,{
				"<=msec": 58.000
				,"percent": 99.77
				}
			,{
				"<=msec": 59.000
				,"percent": 99.83
				}
			,{
				"<=msec": 60.000
				,"percent": 99.86
				}
			,{
				"<=msec": 61.000
				,"percent": 99.88
				}
			,{
				"<=msec": 62.000
				,"percent": 99.91
				}
			,{
				"<=msec": 63.000
				,"percent": 99.94
				}
			,{
				"<=msec": 64.000
				,"percent": 99.95
				}
			,{
				"<=msec": 65.000
				,"percent": 99.97
				}
			,{
				"<=msec": 66.000
				,"percent": 99.98
				}
			,{
				"<=msec": 67.000
				,"percent": 99.99
				}
			,{
				"<=msec": 68.000
				,"percent": 99.99
				}
			,{
				"<=msec": 69.000
				,"percent": 99.99
				}
			,{
				"<=msec": 70.000
				,"percent": 99.99
				}
			,{
				"<=msec": 71.000
				,"percent": 100.00
				}
			,{
				"<=msec": 73.000
				,"percent": 100.00
				}
			]
		,"GET":[
		]
		,"WAIT":[
		]
		}
	}
