{
	"configuration":{
		"server": "10.0.0.4"
		,"port": 11212
		,"unix socket": "(null)"
		,"protocol": "memcache_text"
		,"out_file": "(null)"
		,"client_stats": "(null)"
		,"run_count": 1
		,"debug": 0
		,"requests": 0
		,"clients": 32
		,"threads": 2
		,"test_time": 60
		,"ratio": "1:0"
		,"pipeline": 1
		,"data_size": 4096
		,"data_offset": 0
		,"random_data": "false"
		,"data_size_range": "0:0"
		,"data_size_list": ""
		,"data_size_pattern": "R"
		,"expiry_range": "9999:10000"
		,"data_import": "(null)"
		,"data_verify": "false"
		,"verify_only": "false"
		,"generate_keys": "false"
		,"key_prefix": "memtier-"
		,"key_minimum":           0
		,"key_maximum":        1000
		,"key_pattern": "R:R"
		,"key_stddev": 0.000000
		,"key_median": 0.000000
		,"reconnect_interval": 0
		,"multi_key_get": 0
		,"authenticate": ""
		,"select-db": 0
		,"no-expiry": "false"
		,"wait-ratio": "0:0"
		,"num-slaves": "0:0"
		,"wait-timeout": "0-0"
		}
	,"run information":{
		"Threads": 2
		,"Connections per thread": 32
		,"Seconds": 60
		}
	,"ALL STATS":{
		"Sets":{
			"Ops/sec": 1221.67
			,"Hits/sec": 0.00
			,"Misses/sec": 0.00
			,"Latency": 52.38
			,"KB/sec": 4933.63
			}
		,"Gets":{
			"Ops/sec": 0.00
			,"Hits/sec": 0.00
			,"Misses/sec": 0.00
			,"Latency": 0.00
			,"KB/sec": 0.00
			}
		,"Waits":{
			"Ops/sec": 0.00
			,"Hits/sec": 0.00
			,"Misses/sec": 0.00
			,"Latency": 0.00
			,"KB/sec": 0.00
			}
		,"Totals":{
			"Ops/sec": 1221.67
			,"Hits/sec": 0.00
			,"Misses/sec": 0.00
			,"Latency": 52.38
			,"KB/sec": 4933.63
			}
		,"SET":[
			{
				"<=msec": 27.000
				,"percent": 0.00
				}
			,{
				"<=msec": 28.000
				,"percent": 0.02
				}
			,{
				"<=msec": 29.000
				,"percent": 0.03
				}
			,{
				"<=msec": 30.000
				,"percent": 0.07
				}
			,{
				"<=msec": 31.000
				,"percent": 0.13
				}
			,{
				"<=msec": 32.000
				,"percent": 0.21
				}
			,{
				"<=msec": 33.000
				,"percent": 0.35
				}
			,{
				"<=msec": 34.000
				,"percent": 0.55
				}
			,{
				"<=msec": 35.000
				,"percent": 0.83
				}
			,{
				"<=msec": 36.000
				,"percent": 1.42
				}
			,{
				"<=msec": 37.000
				,"percent": 2.13
				}
			,{
				"<=msec": 38.000
				,"percent": 3.25
				}
			,{
				"<=msec": 39.000
				,"percent": 4.73
				}
			,{
				"<=msec": 40.000
				,"percent": 6.58
				}
			,{
				"<=msec": 41.000
				,"percent": 8.87
				}
			,{
				"<=msec": 42.000
				,"percent": 11.62
				}
			,{
				"<=msec": 43.000
				,"percent": 15.35
				}
			,{
				"<=msec": 44.000
				,"percent": 19.91
				}
			,{
				"<=msec": 45.000
				,"percent": 25.49
				}
			,{
				"<=msec": 46.000
				,"percent": 31.51
				}
			,{
				"<=msec": 47.000
				,"percent": 37.54
				}
			,{
				"<=msec": 48.000
				,"percent": 42.67
				}
			,{
				"<=msec": 49.000
				,"percent": 47.41
				}
			,{
				"<=msec": 50.000
				,"percent": 52.21
				}
			,{
				"<=msec": 51.000
				,"percent": 57.24
				}
			,{
				"<=msec": 52.000
				,"percent": 61.71
				}
			,{
				"<=msec": 53.000
				,"percent": 65.28
				}
			,{
				"<=msec": 54.000
				,"percent": 68.30
				}
			,{
				"<=msec": 55.000
				,"percent": 71.28
				}
			,{
				"<=msec": 56.000
				,"percent": 73.56
				}
			,{
				"<=msec": 57.000
				,"percent": 75.66
				}
			,{
				"<=msec": 58.000
				,"percent": 77.57
				}
			,{
				"<=msec": 59.000
				,"percent": 79.26
				}
			,{
				"<=msec": 60.000
				,"percent": 80.87
				}
			,{
				"<=msec": 61.000
				,"percent": 82.62
				}
			,{
				"<=msec": 62.000
				,"percent": 84.34
				}
			,{
				"<=msec": 63.000
				,"percent": 85.95
				}
			,{
				"<=msec": 64.000
				,"percent": 87.27
				}
			,{
				"<=msec": 65.000
				,"percent": 88.62
				}
			,{
				"<=msec": 66.000
				,"percent": 89.88
				}
			,{
				"<=msec": 67.000
				,"percent": 91.16
				}
			,{
				"<=msec": 68.000
				,"percent": 92.41
				}
			,{
				"<=msec": 69.000
				,"percent": 93.53
				}
			,{
				"<=msec": 70.000
				,"percent": 94.42
				}
			,{
				"<=msec": 71.000
				,"percent": 95.29
				}
			,{
				"<=msec": 72.000
				,"percent": 96.00
				}
			,{
				"<=msec": 73.000
				,"percent": 96.65
				}
			,{
				"<=msec": 74.000
				,"percent": 97.20
				}
			,{
				"<=msec": 75.000
				,"percent": 97.69
				}
			,{
				"<=msec": 76.000
				,"percent": 98.04
				}
			,{
				"<=msec": 77.000
				,"percent": 98.30
				}
			,{
				"<=msec": 78.000
				,"percent": 98.52
				}
			,{
				"<=msec": 79.000
				,"percent": 98.69
				}
			,{
				"<=msec": 80.000
				,"percent": 98.91
				}
			,{
				"<=msec": 81.000
				,"percent": 99.08
				}
			,{
				"<=msec": 82.000
				,"percent": 99.17
				}
			,{
				"<=msec": 83.000
				,"percent": 99.28
				}
			,{
				"<=msec": 84.000
				,"percent": 99.38
				}
			,{
				"<=msec": 85.000
				,"percent": 99.49
				}
			,{
				"<=msec": 86.000
				,"percent": 99.57
				}
			,{
				"<=msec": 87.000
				,"percent": 99.64
				}
			,{
				"<=msec": 88.000
				,"percent": 99.73
				}
			,{
				"<=msec": 89.000
				,"percent": 99.79
				}
			,{
				"<=msec": 90.000
				,"percent": 99.83
				}
			,{
				"<=msec": 91.000
				,"percent": 99.85
				}
			,{
				"<=msec": 92.000
				,"percent": 99.87
				}
			,{
				"<=msec": 93.000
				,"percent": 99.88
				}
			,{
				"<=msec": 94.000
				,"percent": 99.90
				}
			,{
				"<=msec": 95.000
				,"percent": 99.90
				}
			,{
				"<=msec": 96.000
				,"percent": 99.91
				}
			,{
				"<=msec": 98.000
				,"percent": 99.91
				}
			,{
				"<=msec": 99.000
				,"percent": 99.91
				}
			,{
				"<=msec": 260.000
				,"percent": 99.92
				}
			,{
				"<=msec": 270.000
				,"percent": 99.92
				}
			,{
				"<=msec": 280.000
				,"percent": 99.93
				}
			,{
				"<=msec": 290.000
				,"percent": 99.93
				}
			,{
				"<=msec": 300.000
				,"percent": 99.93
				}
			,{
				"<=msec": 310.000
				,"percent": 99.94
				}
			,{
				"<=msec": 320.000
				,"percent": 99.94
				}
			,{
				"<=msec": 330.000
				,"percent": 99.95
				}
			,{
				"<=msec": 340.000
				,"percent": 99.95
				}
			,{
				"<=msec": 350.000
				,"percent": 99.96
				}
			,{
				"<=msec": 360.000
				,"percent": 99.97
				}
			,{
				"<=msec": 370.000
				,"percent": 99.98
				}
			,{
				"<=msec": 380.000
				,"percent": 99.98
				}
			,{
				"<=msec": 390.000
				,"percent": 100.00
				}
			,{
				"<=msec": 400.000
				,"percent": 100.00
				}
			]
		,"GET":[
		]
		,"WAIT":[
		]
		}
	}
