{
	"configuration":{
		"server": "10.0.0.4"
		,"port": 11212
		,"unix socket": "(null)"
		,"protocol": "memcache_text"
		,"out_file": "(null)"
		,"client_stats": "(null)"
		,"run_count": 1
		,"debug": 0
		,"requests": 0
		,"clients": 32
		,"threads": 1
		,"test_time": 60
		,"ratio": "1:0"
		,"pipeline": 1
		,"data_size": 4096
		,"data_offset": 0
		,"random_data": "false"
		,"data_size_range": "0:0"
		,"data_size_list": ""
		,"data_size_pattern": "R"
		,"expiry_range": "9999:10000"
		,"data_import": "(null)"
		,"data_verify": "false"
		,"verify_only": "false"
		,"generate_keys": "false"
		,"key_prefix": "memtier-"
		,"key_minimum":           0
		,"key_maximum":        1000
		,"key_pattern": "R:R"
		,"key_stddev": 0.000000
		,"key_median": 0.000000
		,"reconnect_interval": 0
		,"multi_key_get": 0
		,"authenticate": ""
		,"select-db": 0
		,"no-expiry": "false"
		,"wait-ratio": "0:0"
		,"num-slaves": "0:0"
		,"wait-timeout": "0-0"
		}
	,"run information":{
		"Threads": 1
		,"Connections per thread": 32
		,"Seconds": 60
		}
	,"ALL STATS":{
		"Sets":{
			"Ops/sec": 1856.27
			,"Hits/sec": 0.00
			,"Misses/sec": 0.00
			,"Latency": 17.23
			,"KB/sec": 7496.47
			}
		,"Gets":{
			"Ops/sec": 0.00
			,"Hits/sec": 0.00
			,"Misses/sec": 0.00
			,"Latency": 0.00
			,"KB/sec": 0.00
			}
		,"Waits":{
			"Ops/sec": 0.00
			,"Hits/sec": 0.00
			,"Misses/sec": 0.00
			,"Latency": 0.00
			,"KB/sec": 0.00
			}
		,"Totals":{
			"Ops/sec": 1856.27
			,"Hits/sec": 0.00
			,"Misses/sec": 0.00
			,"Latency": 17.23
			,"KB/sec": 7496.47
			}
		,"SET":[
			{
				"<=msec": 2.100
				,"percent": 0.00
				}
			,{
				"<=msec": 2.200
				,"percent": 0.00
				}
			,{
				"<=msec": 2.300
				,"percent": 0.00
				}
			,{
				"<=msec": 2.600
				,"percent": 0.00
				}
			,{
				"<=msec": 2.700
				,"percent": 0.01
				}
			,{
				"<=msec": 2.900
				,"percent": 0.01
				}
			,{
				"<=msec": 3.000
				,"percent": 0.01
				}
			,{
				"<=msec": 3.100
				,"percent": 0.01
				}
			,{
				"<=msec": 3.200
				,"percent": 0.01
				}
			,{
				"<=msec": 3.400
				,"percent": 0.02
				}
			,{
				"<=msec": 3.500
				,"percent": 0.02
				}
			,{
				"<=msec": 3.600
				,"percent": 0.02
				}
			,{
				"<=msec": 3.700
				,"percent": 0.03
				}
			,{
				"<=msec": 3.800
				,"percent": 0.03
				}
			,{
				"<=msec": 3.900
				,"percent": 0.03
				}
			,{
				"<=msec": 4.000
				,"percent": 0.04
				}
			,{
				"<=msec": 4.100
				,"percent": 0.04
				}
			,{
				"<=msec": 4.200
				,"percent": 0.05
				}
			,{
				"<=msec": 4.300
				,"percent": 0.05
				}
			,{
				"<=msec": 4.400
				,"percent": 0.06
				}
			,{
				"<=msec": 4.500
				,"percent": 0.07
				}
			,{
				"<=msec": 4.600
				,"percent": 0.09
				}
			,{
				"<=msec": 4.700
				,"percent": 0.11
				}
			,{
				"<=msec": 4.800
				,"percent": 0.13
				}
			,{
				"<=msec": 4.900
				,"percent": 0.16
				}
			,{
				"<=msec": 5.000
				,"percent": 0.18
				}
			,{
				"<=msec": 5.100
				,"percent": 0.21
				}
			,{
				"<=msec": 5.200
				,"percent": 0.24
				}
			,{
				"<=msec": 5.300
				,"percent": 0.28
				}
			,{
				"<=msec": 5.400
				,"percent": 0.31
				}
			,{
				"<=msec": 5.500
				,"percent": 0.35
				}
			,{
				"<=msec": 5.600
				,"percent": 0.40
				}
			,{
				"<=msec": 5.700
				,"percent": 0.45
				}
			,{
				"<=msec": 5.800
				,"percent": 0.49
				}
			,{
				"<=msec": 5.900
				,"percent": 0.53
				}
			,{
				"<=msec": 6.000
				,"percent": 0.58
				}
			,{
				"<=msec": 6.100
				,"percent": 0.61
				}
			,{
				"<=msec": 6.200
				,"percent": 0.67
				}
			,{
				"<=msec": 6.300
				,"percent": 0.71
				}
			,{
				"<=msec": 6.400
				,"percent": 0.76
				}
			,{
				"<=msec": 6.500
				,"percent": 0.80
				}
			,{
				"<=msec": 6.600
				,"percent": 0.85
				}
			,{
				"<=msec": 6.700
				,"percent": 0.88
				}
			,{
				"<=msec": 6.800
				,"percent": 0.91
				}
			,{
				"<=msec": 6.900
				,"percent": 0.96
				}
			,{
				"<=msec": 7.000
				,"percent": 0.99
				}
			,{
				"<=msec": 7.100
				,"percent": 1.03
				}
			,{
				"<=msec": 7.200
				,"percent": 1.06
				}
			,{
				"<=msec": 7.300
				,"percent": 1.10
				}
			,{
				"<=msec": 7.400
				,"percent": 1.14
				}
			,{
				"<=msec": 7.500
				,"percent": 1.17
				}
			,{
				"<=msec": 7.600
				,"percent": 1.19
				}
			,{
				"<=msec": 7.700
				,"percent": 1.21
				}
			,{
				"<=msec": 7.800
				,"percent": 1.24
				}
			,{
				"<=msec": 7.900
				,"percent": 1.28
				}
			,{
				"<=msec": 8.000
				,"percent": 1.32
				}
			,{
				"<=msec": 8.100
				,"percent": 1.36
				}
			,{
				"<=msec": 8.200
				,"percent": 1.41
				}
			,{
				"<=msec": 8.300
				,"percent": 1.45
				}
			,{
				"<=msec": 8.400
				,"percent": 1.49
				}
			,{
				"<=msec": 8.500
				,"percent": 1.54
				}
			,{
				"<=msec": 8.600
				,"percent": 1.59
				}
			,{
				"<=msec": 8.700
				,"percent": 1.65
				}
			,{
				"<=msec": 8.800
				,"percent": 1.72
				}
			,{
				"<=msec": 8.900
				,"percent": 1.77
				}
			,{
				"<=msec": 9.000
				,"percent": 1.84
				}
			,{
				"<=msec": 9.100
				,"percent": 1.93
				}
			,{
				"<=msec": 9.200
				,"percent": 2.01
				}
			,{
				"<=msec": 9.300
				,"percent": 2.10
				}
			,{
				"<=msec": 9.400
				,"percent": 2.20
				}
			,{
				"<=msec": 9.500
				,"percent": 2.31
				}
			,{
				"<=msec": 9.600
				,"percent": 2.44
				}
			,{
				"<=msec": 9.700
				,"percent": 2.57
				}
			,{
				"<=msec": 9.800
				,"percent": 2.73
				}
			,{
				"<=msec": 9.900
				,"percent": 2.90
				}
			,{
				"<=msec": 10.000
				,"percent": 4.06
				}
			,{
				"<=msec": 11.000
				,"percent": 8.23
				}
			,{
				"<=msec": 12.000
				,"percent": 15.48
				}
			,{
				"<=msec": 13.000
				,"percent": 24.17
				}
			,{
				"<=msec": 14.000
				,"percent": 32.64
				}
			,{
				"<=msec": 15.000
				,"percent": 40.20
				}
			,{
				"<=msec": 16.000
				,"percent": 47.57
				}
			,{
				"<=msec": 17.000
				,"percent": 55.52
				}
			,{
				"<=msec": 18.000
				,"percent": 63.94
				}
			,{
				"<=msec": 19.000
				,"percent": 71.95
				}
			,{
				"<=msec": 20.000
				,"percent": 79.14
				}
			,{
				"<=msec": 21.000
				,"percent": 84.91
				}
			,{
				"<=msec": 22.000
				,"percent": 89.46
				}
			,{
				"<=msec": 23.000
				,"percent": 92.36
				}
			,{
				"<=msec": 24.000
				,"percent": 94.02
				}
			,{
				"<=msec": 25.000
				,"percent": 95.05
				}
			,{
				"<=msec": 26.000
				,"percent": 95.87
				}
			,{
				"<=msec": 27.000
				,"percent": 96.68
				}
			,{
				"<=msec": 28.000
				,"percent": 97.35
				}
			,{
				"<=msec": 29.000
				,"percent": 97.88
				}
			,{
				"<=msec": 30.000
				,"percent": 98.35
				}
			,{
				"<=msec": 31.000
				,"percent": 98.65
				}
			,{
				"<=msec": 32.000
				,"percent": 98.87
				}
			,{
				"<=msec": 33.000
				,"percent": 99.04
				}
			,{
				"<=msec": 34.000
				,"percent": 99.17
				}
			,{
				"<=msec": 35.000
				,"percent": 99.25
				}
			,{
				"<=msec": 36.000
				,"percent": 99.34
				}
			,{
				"<=msec": 37.000
				,"percent": 99.45
				}
			,{
				"<=msec": 38.000
				,"percent": 99.56
				}
			,{
				"<=msec": 39.000
				,"percent": 99.64
				}
			,{
				"<=msec": 40.000
				,"percent": 99.70
				}
			,{
				"<=msec": 41.000
				,"percent": 99.75
				}
			,{
				"<=msec": 42.000
				,"percent": 99.79
				}
			,{
				"<=msec": 43.000
				,"percent": 99.82
				}
			,{
				"<=msec": 44.000
				,"percent": 99.86
				}
			,{
				"<=msec": 45.000
				,"percent": 99.88
				}
			,{
				"<=msec": 46.000
				,"percent": 99.89
				}
			,{
				"<=msec": 47.000
				,"percent": 99.91
				}
			,{
				"<=msec": 48.000
				,"percent": 99.92
				}
			,{
				"<=msec": 49.000
				,"percent": 99.93
				}
			,{
				"<=msec": 50.000
				,"percent": 99.94
				}
			,{
				"<=msec": 51.000
				,"percent": 99.95
				}
			,{
				"<=msec": 52.000
				,"percent": 99.95
				}
			,{
				"<=msec": 53.000
				,"percent": 99.95
				}
			,{
				"<=msec": 54.000
				,"percent": 99.96
				}
			,{
				"<=msec": 55.000
				,"percent": 99.96
				}
			,{
				"<=msec": 56.000
				,"percent": 99.96
				}
			,{
				"<=msec": 57.000
				,"percent": 99.96
				}
			,{
				"<=msec": 60.000
				,"percent": 99.97
				}
			,{
				"<=msec": 61.000
				,"percent": 99.97
				}
			,{
				"<=msec": 65.000
				,"percent": 99.97
				}
			,{
				"<=msec": 72.000
				,"percent": 99.97
				}
			,{
				"<=msec": 140.000
				,"percent": 99.98
				}
			,{
				"<=msec": 150.000
				,"percent": 99.98
				}
			,{
				"<=msec": 170.000
				,"percent": 99.98
				}
			,{
				"<=msec": 180.000
				,"percent": 99.99
				}
			,{
				"<=msec": 200.000
				,"percent": 99.99
				}
			,{
				"<=msec": 310.000
				,"percent": 99.99
				}
			,{
				"<=msec": 320.000
				,"percent": 99.99
				}
			,{
				"<=msec": 330.000
				,"percent": 99.99
				}
			,{
				"<=msec": 340.000
				,"percent": 99.99
				}
			,{
				"<=msec": 350.000
				,"percent": 99.99
				}
			,{
				"<=msec": 360.000
				,"percent": 100.00
				}
			,{
				"<=msec": 390.000
				,"percent": 100.00
				}
			,{
				"<=msec": 400.000
				,"percent": 100.00
				}
			]
		,"GET":[
		]
		,"WAIT":[
		]
		}
	}
