\BOOKMARK [0][-]{chapter.1}{Introduzione}{}% 1
\BOOKMARK [0][-]{chapter.2}{Il problema}{}% 2
\BOOKMARK [1][-]{section.2.1}{Principali metodi}{chapter.2}% 3
\BOOKMARK [1][-]{section.2.2}{Valutazione}{chapter.2}% 4
\BOOKMARK [1][-]{section.2.3}{Lo stato dell'arte}{chapter.2}% 5
\BOOKMARK [0][-]{chapter.3}{Naive Bayes and Logistic Regression}{}% 6
\BOOKMARK [1][-]{section.3.1}{Introduzione}{chapter.3}% 7
\BOOKMARK [1][-]{section.3.2}{Implementazione}{chapter.3}% 8
\BOOKMARK [1][-]{section.3.3}{Risultati}{chapter.3}% 9
\BOOKMARK [0][-]{chapter.4}{Reti neurali}{}% 10
\BOOKMARK [1][-]{section.4.1}{Introduzione}{chapter.4}% 11
\BOOKMARK [1][-]{section.4.2}{Implementazione}{chapter.4}% 12
\BOOKMARK [1][-]{section.4.3}{Risultati}{chapter.4}% 13
\BOOKMARK [0][-]{chapter.5}{Word embeddings}{}% 14
\BOOKMARK [1][-]{section.5.1}{Introduzione}{chapter.5}% 15
\BOOKMARK [1][-]{section.5.2}{Implementazione}{chapter.5}% 16
\BOOKMARK [1][-]{section.5.3}{Risultati}{chapter.5}% 17
\BOOKMARK [0][-]{chapter.6}{Conclusioni}{}% 18
\BOOKMARK [0][-]{chapter.7}{Style features of sapthesis}{}% 19
\BOOKMARK [1][-]{section.7.1}{Page layout}{chapter.7}% 20
\BOOKMARK [1][-]{section.7.2}{Page style}{chapter.7}% 21
\BOOKMARK [1][-]{section.7.3}{About figures and tables}{chapter.7}% 22
\BOOKMARK [1][-]{section.7.4}{A section}{chapter.7}% 23
\BOOKMARK [1][-]{section.7.5}{Another section}{chapter.7}% 24
\BOOKMARK [0][-]{appendix.Alph1}{Special commands provided by sapthesis}{}% 25
