{
	"configuration":{
		"server": "10.0.0.9"
		,"port": 11212
		,"unix socket": "(null)"
		,"protocol": "memcache_text"
		,"out_file": "(null)"
		,"client_stats": "(null)"
		,"run_count": 1
		,"debug": 0
		,"requests": 0
		,"clients": 2
		,"threads": 1
		,"test_time": 60
		,"ratio": "1:9"
		,"pipeline": 1
		,"data_size": 4096
		,"data_offset": 0
		,"random_data": "false"
		,"data_size_range": "0:0"
		,"data_size_list": ""
		,"data_size_pattern": "R"
		,"expiry_range": "9999:10000"
		,"data_import": "(null)"
		,"data_verify": "false"
		,"verify_only": "false"
		,"generate_keys": "false"
		,"key_prefix": "memtier-"
		,"key_minimum":           0
		,"key_maximum":        1000
		,"key_pattern": "R:R"
		,"key_stddev": 0.000000
		,"key_median": 0.000000
		,"reconnect_interval": 0
		,"multi_key_get": 9
		,"authenticate": ""
		,"select-db": 0
		,"no-expiry": "false"
		,"wait-ratio": "0:0"
		,"num-slaves": "0:0"
		,"wait-timeout": "0-0"
		}
	,"run information":{
		"Threads": 1
		,"Connections per thread": 2
		,"Seconds": 60
		}
	,"ALL STATS":{
		"Sets":{
			"Ops/sec": 189.82
			,"Hits/sec": 0.00
			,"Misses/sec": 0.00
			,"Latency": 5.88
			,"KB/sec": 766.56
			}
		,"Gets":{
			"Ops/sec": 189.78
			,"Hits/sec": 1708.04
			,"Misses/sec": 0.00
			,"Latency": 4.63
			,"KB/sec": 6900.35
			}
		,"Waits":{
			"Ops/sec": 0.00
			,"Hits/sec": 0.00
			,"Misses/sec": 0.00
			,"Latency": 0.00
			,"KB/sec": 0.00
			}
		,"Totals":{
			"Ops/sec": 379.60
			,"Hits/sec": 1708.04
			,"Misses/sec": 0.00
			,"Latency": 5.25
			,"KB/sec": 7666.91
			}
		,"SET":[
			{
				"<=msec": 0.890
				,"percent": 0.01
				}
			,{
				"<=msec": 0.900
				,"percent": 0.02
				}
			,{
				"<=msec": 0.910
				,"percent": 0.03
				}
			,{
				"<=msec": 0.920
				,"percent": 0.04
				}
			,{
				"<=msec": 0.930
				,"percent": 0.04
				}
			,{
				"<=msec": 0.940
				,"percent": 0.05
				}
			,{
				"<=msec": 0.950
				,"percent": 0.09
				}
			,{
				"<=msec": 0.960
				,"percent": 0.11
				}
			,{
				"<=msec": 0.970
				,"percent": 0.11
				}
			,{
				"<=msec": 0.980
				,"percent": 0.18
				}
			,{
				"<=msec": 0.990
				,"percent": 0.19
				}
			,{
				"<=msec": 1.000
				,"percent": 0.66
				}
			,{
				"<=msec": 1.100
				,"percent": 2.59
				}
			,{
				"<=msec": 1.200
				,"percent": 6.42
				}
			,{
				"<=msec": 1.300
				,"percent": 11.96
				}
			,{
				"<=msec": 1.400
				,"percent": 18.26
				}
			,{
				"<=msec": 1.500
				,"percent": 24.51
				}
			,{
				"<=msec": 1.600
				,"percent": 30.34
				}
			,{
				"<=msec": 1.700
				,"percent": 35.02
				}
			,{
				"<=msec": 1.800
				,"percent": 38.50
				}
			,{
				"<=msec": 1.900
				,"percent": 41.20
				}
			,{
				"<=msec": 2.000
				,"percent": 43.25
				}
			,{
				"<=msec": 2.100
				,"percent": 44.76
				}
			,{
				"<=msec": 2.200
				,"percent": 45.94
				}
			,{
				"<=msec": 2.300
				,"percent": 46.74
				}
			,{
				"<=msec": 2.400
				,"percent": 47.45
				}
			,{
				"<=msec": 2.500
				,"percent": 48.13
				}
			,{
				"<=msec": 2.600
				,"percent": 48.53
				}
			,{
				"<=msec": 2.700
				,"percent": 49.12
				}
			,{
				"<=msec": 2.800
				,"percent": 49.56
				}
			,{
				"<=msec": 2.900
				,"percent": 49.91
				}
			,{
				"<=msec": 3.000
				,"percent": 50.27
				}
			,{
				"<=msec": 3.100
				,"percent": 50.66
				}
			,{
				"<=msec": 3.200
				,"percent": 50.95
				}
			,{
				"<=msec": 3.300
				,"percent": 51.26
				}
			,{
				"<=msec": 3.400
				,"percent": 51.50
				}
			,{
				"<=msec": 3.500
				,"percent": 51.81
				}
			,{
				"<=msec": 3.600
				,"percent": 52.07
				}
			,{
				"<=msec": 3.700
				,"percent": 52.31
				}
			,{
				"<=msec": 3.800
				,"percent": 52.52
				}
			,{
				"<=msec": 3.900
				,"percent": 52.70
				}
			,{
				"<=msec": 4.000
				,"percent": 52.91
				}
			,{
				"<=msec": 4.100
				,"percent": 53.20
				}
			,{
				"<=msec": 4.200
				,"percent": 53.46
				}
			,{
				"<=msec": 4.300
				,"percent": 53.69
				}
			,{
				"<=msec": 4.400
				,"percent": 53.96
				}
			,{
				"<=msec": 4.500
				,"percent": 54.23
				}
			,{
				"<=msec": 4.600
				,"percent": 54.50
				}
			,{
				"<=msec": 4.700
				,"percent": 54.78
				}
			,{
				"<=msec": 4.800
				,"percent": 55.02
				}
			,{
				"<=msec": 4.900
				,"percent": 55.27
				}
			,{
				"<=msec": 5.000
				,"percent": 55.50
				}
			,{
				"<=msec": 5.100
				,"percent": 55.74
				}
			,{
				"<=msec": 5.200
				,"percent": 55.99
				}
			,{
				"<=msec": 5.300
				,"percent": 56.27
				}
			,{
				"<=msec": 5.400
				,"percent": 56.53
				}
			,{
				"<=msec": 5.500
				,"percent": 56.82
				}
			,{
				"<=msec": 5.600
				,"percent": 57.04
				}
			,{
				"<=msec": 5.700
				,"percent": 57.28
				}
			,{
				"<=msec": 5.800
				,"percent": 57.47
				}
			,{
				"<=msec": 5.900
				,"percent": 57.76
				}
			,{
				"<=msec": 6.000
				,"percent": 58.02
				}
			,{
				"<=msec": 6.100
				,"percent": 58.24
				}
			,{
				"<=msec": 6.200
				,"percent": 58.57
				}
			,{
				"<=msec": 6.300
				,"percent": 58.94
				}
			,{
				"<=msec": 6.400
				,"percent": 59.31
				}
			,{
				"<=msec": 6.500
				,"percent": 59.57
				}
			,{
				"<=msec": 6.600
				,"percent": 59.96
				}
			,{
				"<=msec": 6.700
				,"percent": 60.30
				}
			,{
				"<=msec": 6.800
				,"percent": 60.54
				}
			,{
				"<=msec": 6.900
				,"percent": 60.90
				}
			,{
				"<=msec": 7.000
				,"percent": 61.26
				}
			,{
				"<=msec": 7.100
				,"percent": 61.65
				}
			,{
				"<=msec": 7.200
				,"percent": 61.92
				}
			,{
				"<=msec": 7.300
				,"percent": 62.25
				}
			,{
				"<=msec": 7.400
				,"percent": 62.63
				}
			,{
				"<=msec": 7.500
				,"percent": 62.87
				}
			,{
				"<=msec": 7.600
				,"percent": 63.26
				}
			,{
				"<=msec": 7.700
				,"percent": 63.63
				}
			,{
				"<=msec": 7.800
				,"percent": 63.98
				}
			,{
				"<=msec": 7.900
				,"percent": 64.14
				}
			,{
				"<=msec": 8.000
				,"percent": 64.41
				}
			,{
				"<=msec": 8.100
				,"percent": 64.70
				}
			,{
				"<=msec": 8.200
				,"percent": 65.02
				}
			,{
				"<=msec": 8.300
				,"percent": 65.32
				}
			,{
				"<=msec": 8.400
				,"percent": 65.66
				}
			,{
				"<=msec": 8.500
				,"percent": 65.94
				}
			,{
				"<=msec": 8.600
				,"percent": 66.29
				}
			,{
				"<=msec": 8.700
				,"percent": 66.63
				}
			,{
				"<=msec": 8.800
				,"percent": 67.08
				}
			,{
				"<=msec": 8.900
				,"percent": 67.52
				}
			,{
				"<=msec": 9.000
				,"percent": 67.93
				}
			,{
				"<=msec": 9.100
				,"percent": 68.43
				}
			,{
				"<=msec": 9.200
				,"percent": 68.95
				}
			,{
				"<=msec": 9.300
				,"percent": 69.52
				}
			,{
				"<=msec": 9.400
				,"percent": 70.15
				}
			,{
				"<=msec": 9.500
				,"percent": 70.69
				}
			,{
				"<=msec": 9.600
				,"percent": 71.28
				}
			,{
				"<=msec": 9.700
				,"percent": 71.95
				}
			,{
				"<=msec": 9.800
				,"percent": 72.53
				}
			,{
				"<=msec": 9.900
				,"percent": 73.17
				}
			,{
				"<=msec": 10.000
				,"percent": 76.59
				}
			,{
				"<=msec": 11.000
				,"percent": 80.81
				}
			,{
				"<=msec": 12.000
				,"percent": 83.78
				}
			,{
				"<=msec": 13.000
				,"percent": 89.27
				}
			,{
				"<=msec": 14.000
				,"percent": 95.50
				}
			,{
				"<=msec": 15.000
				,"percent": 99.35
				}
			,{
				"<=msec": 16.000
				,"percent": 99.64
				}
			,{
				"<=msec": 17.000
				,"percent": 99.73
				}
			,{
				"<=msec": 18.000
				,"percent": 99.81
				}
			,{
				"<=msec": 19.000
				,"percent": 99.83
				}
			,{
				"<=msec": 20.000
				,"percent": 99.85
				}
			,{
				"<=msec": 21.000
				,"percent": 99.88
				}
			,{
				"<=msec": 22.000
				,"percent": 99.90
				}
			,{
				"<=msec": 23.000
				,"percent": 99.93
				}
			,{
				"<=msec": 25.000
				,"percent": 99.96
				}
			,{
				"<=msec": 27.000
				,"percent": 99.96
				}
			,{
				"<=msec": 30.000
				,"percent": 99.98
				}
			,{
				"<=msec": 33.000
				,"percent": 99.99
				}
			,{
				"<=msec": 43.000
				,"percent": 100.00
				}
			]
		,"GET":[
			{
				"<=msec": 1.200
				,"percent": 0.02
				}
			,{
				"<=msec": 1.300
				,"percent": 0.18
				}
			,{
				"<=msec": 1.400
				,"percent": 1.12
				}
			,{
				"<=msec": 1.500
				,"percent": 3.58
				}
			,{
				"<=msec": 1.600
				,"percent": 7.80
				}
			,{
				"<=msec": 1.700
				,"percent": 13.76
				}
			,{
				"<=msec": 1.800
				,"percent": 20.01
				}
			,{
				"<=msec": 1.900
				,"percent": 26.83
				}
			,{
				"<=msec": 2.000
				,"percent": 32.89
				}
			,{
				"<=msec": 2.100
				,"percent": 38.69
				}
			,{
				"<=msec": 2.200
				,"percent": 44.33
				}
			,{
				"<=msec": 2.300
				,"percent": 49.33
				}
			,{
				"<=msec": 2.400
				,"percent": 53.56
				}
			,{
				"<=msec": 2.500
				,"percent": 57.21
				}
			,{
				"<=msec": 2.600
				,"percent": 60.68
				}
			,{
				"<=msec": 2.700
				,"percent": 63.32
				}
			,{
				"<=msec": 2.800
				,"percent": 65.57
				}
			,{
				"<=msec": 2.900
				,"percent": 67.40
				}
			,{
				"<=msec": 3.000
				,"percent": 68.97
				}
			,{
				"<=msec": 3.100
				,"percent": 70.15
				}
			,{
				"<=msec": 3.200
				,"percent": 71.15
				}
			,{
				"<=msec": 3.300
				,"percent": 71.98
				}
			,{
				"<=msec": 3.400
				,"percent": 72.62
				}
			,{
				"<=msec": 3.500
				,"percent": 73.02
				}
			,{
				"<=msec": 3.600
				,"percent": 73.52
				}
			,{
				"<=msec": 3.700
				,"percent": 73.94
				}
			,{
				"<=msec": 3.800
				,"percent": 74.21
				}
			,{
				"<=msec": 3.900
				,"percent": 74.50
				}
			,{
				"<=msec": 4.000
				,"percent": 74.69
				}
			,{
				"<=msec": 4.100
				,"percent": 74.96
				}
			,{
				"<=msec": 4.200
				,"percent": 75.12
				}
			,{
				"<=msec": 4.300
				,"percent": 75.20
				}
			,{
				"<=msec": 4.400
				,"percent": 75.34
				}
			,{
				"<=msec": 4.500
				,"percent": 75.49
				}
			,{
				"<=msec": 4.600
				,"percent": 75.68
				}
			,{
				"<=msec": 4.700
				,"percent": 75.89
				}
			,{
				"<=msec": 4.800
				,"percent": 76.05
				}
			,{
				"<=msec": 4.900
				,"percent": 76.14
				}
			,{
				"<=msec": 5.000
				,"percent": 76.35
				}
			,{
				"<=msec": 5.100
				,"percent": 76.47
				}
			,{
				"<=msec": 5.200
				,"percent": 76.56
				}
			,{
				"<=msec": 5.300
				,"percent": 76.64
				}
			,{
				"<=msec": 5.400
				,"percent": 76.78
				}
			,{
				"<=msec": 5.500
				,"percent": 76.95
				}
			,{
				"<=msec": 5.600
				,"percent": 77.06
				}
			,{
				"<=msec": 5.700
				,"percent": 77.13
				}
			,{
				"<=msec": 5.800
				,"percent": 77.31
				}
			,{
				"<=msec": 5.900
				,"percent": 77.43
				}
			,{
				"<=msec": 6.000
				,"percent": 77.50
				}
			,{
				"<=msec": 6.100
				,"percent": 77.60
				}
			,{
				"<=msec": 6.200
				,"percent": 77.73
				}
			,{
				"<=msec": 6.300
				,"percent": 77.90
				}
			,{
				"<=msec": 6.400
				,"percent": 78.00
				}
			,{
				"<=msec": 6.500
				,"percent": 78.06
				}
			,{
				"<=msec": 6.600
				,"percent": 78.20
				}
			,{
				"<=msec": 6.700
				,"percent": 78.32
				}
			,{
				"<=msec": 6.800
				,"percent": 78.46
				}
			,{
				"<=msec": 6.900
				,"percent": 78.57
				}
			,{
				"<=msec": 7.000
				,"percent": 78.70
				}
			,{
				"<=msec": 7.100
				,"percent": 78.84
				}
			,{
				"<=msec": 7.200
				,"percent": 79.00
				}
			,{
				"<=msec": 7.300
				,"percent": 79.14
				}
			,{
				"<=msec": 7.400
				,"percent": 79.25
				}
			,{
				"<=msec": 7.500
				,"percent": 79.39
				}
			,{
				"<=msec": 7.600
				,"percent": 79.62
				}
			,{
				"<=msec": 7.700
				,"percent": 79.76
				}
			,{
				"<=msec": 7.800
				,"percent": 79.89
				}
			,{
				"<=msec": 7.900
				,"percent": 80.00
				}
			,{
				"<=msec": 8.000
				,"percent": 80.21
				}
			,{
				"<=msec": 8.100
				,"percent": 80.33
				}
			,{
				"<=msec": 8.200
				,"percent": 80.44
				}
			,{
				"<=msec": 8.300
				,"percent": 80.61
				}
			,{
				"<=msec": 8.400
				,"percent": 80.73
				}
			,{
				"<=msec": 8.500
				,"percent": 80.88
				}
			,{
				"<=msec": 8.600
				,"percent": 80.97
				}
			,{
				"<=msec": 8.700
				,"percent": 81.12
				}
			,{
				"<=msec": 8.800
				,"percent": 81.30
				}
			,{
				"<=msec": 8.900
				,"percent": 81.48
				}
			,{
				"<=msec": 9.000
				,"percent": 81.59
				}
			,{
				"<=msec": 9.100
				,"percent": 81.69
				}
			,{
				"<=msec": 9.200
				,"percent": 81.78
				}
			,{
				"<=msec": 9.300
				,"percent": 81.90
				}
			,{
				"<=msec": 9.400
				,"percent": 82.02
				}
			,{
				"<=msec": 9.500
				,"percent": 82.15
				}
			,{
				"<=msec": 9.600
				,"percent": 82.29
				}
			,{
				"<=msec": 9.700
				,"percent": 82.47
				}
			,{
				"<=msec": 9.800
				,"percent": 82.63
				}
			,{
				"<=msec": 9.900
				,"percent": 82.87
				}
			,{
				"<=msec": 10.000
				,"percent": 83.80
				}
			,{
				"<=msec": 11.000
				,"percent": 85.59
				}
			,{
				"<=msec": 12.000
				,"percent": 88.81
				}
			,{
				"<=msec": 13.000
				,"percent": 92.30
				}
			,{
				"<=msec": 14.000
				,"percent": 94.89
				}
			,{
				"<=msec": 15.000
				,"percent": 95.87
				}
			,{
				"<=msec": 16.000
				,"percent": 98.37
				}
			,{
				"<=msec": 17.000
				,"percent": 98.96
				}
			,{
				"<=msec": 18.000
				,"percent": 99.06
				}
			,{
				"<=msec": 19.000
				,"percent": 99.10
				}
			,{
				"<=msec": 20.000
				,"percent": 99.17
				}
			,{
				"<=msec": 21.000
				,"percent": 99.24
				}
			,{
				"<=msec": 22.000
				,"percent": 99.27
				}
			,{
				"<=msec": 23.000
				,"percent": 99.34
				}
			,{
				"<=msec": 24.000
				,"percent": 99.39
				}
			,{
				"<=msec": 25.000
				,"percent": 99.49
				}
			,{
				"<=msec": 26.000
				,"percent": 99.56
				}
			,{
				"<=msec": 27.000
				,"percent": 99.64
				}
			,{
				"<=msec": 28.000
				,"percent": 99.79
				}
			,{
				"<=msec": 29.000
				,"percent": 99.84
				}
			,{
				"<=msec": 30.000
				,"percent": 99.92
				}
			,{
				"<=msec": 31.000
				,"percent": 99.94
				}
			,{
				"<=msec": 32.000
				,"percent": 99.97
				}
			,{
				"<=msec": 41.000
				,"percent": 99.98
				}
			,{
				"<=msec": 42.000
				,"percent": 99.99
				}
			,{
				"<=msec": 49.000
				,"percent": 100.00
				}
			]
		,"WAIT":[
		]
		}
	}
