{
	"configuration":{
		"server": "10.0.0.9"
		,"port": 11212
		,"unix socket": "(null)"
		,"protocol": "memcache_text"
		,"out_file": "(null)"
		,"client_stats": "(null)"
		,"run_count": 1
		,"debug": 0
		,"requests": 0
		,"clients": 2
		,"threads": 1
		,"test_time": 60
		,"ratio": "1:1"
		,"pipeline": 1
		,"data_size": 4096
		,"data_offset": 0
		,"random_data": "false"
		,"data_size_range": "0:0"
		,"data_size_list": ""
		,"data_size_pattern": "R"
		,"expiry_range": "9999:10000"
		,"data_import": "(null)"
		,"data_verify": "false"
		,"verify_only": "false"
		,"generate_keys": "false"
		,"key_prefix": "memtier-"
		,"key_minimum":           0
		,"key_maximum":        1000
		,"key_pattern": "R:R"
		,"key_stddev": 0.000000
		,"key_median": 0.000000
		,"reconnect_interval": 0
		,"multi_key_get": 1
		,"authenticate": ""
		,"select-db": 0
		,"no-expiry": "false"
		,"wait-ratio": "0:0"
		,"num-slaves": "0:0"
		,"wait-timeout": "0-0"
		}
	,"run information":{
		"Threads": 1
		,"Connections per thread": 2
		,"Seconds": 60
		}
	,"ALL STATS":{
		"Sets":{
			"Ops/sec": 612.36
			,"Hits/sec": 0.00
			,"Misses/sec": 0.00
			,"Latency": 1.88
			,"KB/sec": 2473.00
			}
		,"Gets":{
			"Ops/sec": 612.33
			,"Hits/sec": 612.33
			,"Misses/sec": 0.00
			,"Latency": 1.37
			,"KB/sec": 2479.08
			}
		,"Waits":{
			"Ops/sec": 0.00
			,"Hits/sec": 0.00
			,"Misses/sec": 0.00
			,"Latency": 0.00
			,"KB/sec": 0.00
			}
		,"Totals":{
			"Ops/sec": 1224.69
			,"Hits/sec": 612.33
			,"Misses/sec": 0.00
			,"Latency": 1.62
			,"KB/sec": 4952.09
			}
		,"SET":[
			{
				"<=msec": 0.740
				,"percent": 0.00
				}
			,{
				"<=msec": 0.750
				,"percent": 0.01
				}
			,{
				"<=msec": 0.770
				,"percent": 0.01
				}
			,{
				"<=msec": 0.780
				,"percent": 0.01
				}
			,{
				"<=msec": 0.790
				,"percent": 0.02
				}
			,{
				"<=msec": 0.800
				,"percent": 0.03
				}
			,{
				"<=msec": 0.810
				,"percent": 0.06
				}
			,{
				"<=msec": 0.820
				,"percent": 0.09
				}
			,{
				"<=msec": 0.830
				,"percent": 0.14
				}
			,{
				"<=msec": 0.840
				,"percent": 0.20
				}
			,{
				"<=msec": 0.850
				,"percent": 0.26
				}
			,{
				"<=msec": 0.860
				,"percent": 0.34
				}
			,{
				"<=msec": 0.870
				,"percent": 0.46
				}
			,{
				"<=msec": 0.880
				,"percent": 0.59
				}
			,{
				"<=msec": 0.890
				,"percent": 0.76
				}
			,{
				"<=msec": 0.900
				,"percent": 1.00
				}
			,{
				"<=msec": 0.910
				,"percent": 1.31
				}
			,{
				"<=msec": 0.920
				,"percent": 1.66
				}
			,{
				"<=msec": 0.930
				,"percent": 2.02
				}
			,{
				"<=msec": 0.940
				,"percent": 2.43
				}
			,{
				"<=msec": 0.950
				,"percent": 2.94
				}
			,{
				"<=msec": 0.960
				,"percent": 3.46
				}
			,{
				"<=msec": 0.970
				,"percent": 4.12
				}
			,{
				"<=msec": 0.980
				,"percent": 4.76
				}
			,{
				"<=msec": 0.990
				,"percent": 5.50
				}
			,{
				"<=msec": 1.000
				,"percent": 10.79
				}
			,{
				"<=msec": 1.100
				,"percent": 23.65
				}
			,{
				"<=msec": 1.200
				,"percent": 37.99
				}
			,{
				"<=msec": 1.300
				,"percent": 50.60
				}
			,{
				"<=msec": 1.400
				,"percent": 60.94
				}
			,{
				"<=msec": 1.500
				,"percent": 68.69
				}
			,{
				"<=msec": 1.600
				,"percent": 74.18
				}
			,{
				"<=msec": 1.700
				,"percent": 78.16
				}
			,{
				"<=msec": 1.800
				,"percent": 80.80
				}
			,{
				"<=msec": 1.900
				,"percent": 82.59
				}
			,{
				"<=msec": 2.000
				,"percent": 84.05
				}
			,{
				"<=msec": 2.100
				,"percent": 85.15
				}
			,{
				"<=msec": 2.200
				,"percent": 86.02
				}
			,{
				"<=msec": 2.300
				,"percent": 86.72
				}
			,{
				"<=msec": 2.400
				,"percent": 87.24
				}
			,{
				"<=msec": 2.500
				,"percent": 87.69
				}
			,{
				"<=msec": 2.600
				,"percent": 88.13
				}
			,{
				"<=msec": 2.700
				,"percent": 88.48
				}
			,{
				"<=msec": 2.800
				,"percent": 88.80
				}
			,{
				"<=msec": 2.900
				,"percent": 89.10
				}
			,{
				"<=msec": 3.000
				,"percent": 89.37
				}
			,{
				"<=msec": 3.100
				,"percent": 89.64
				}
			,{
				"<=msec": 3.200
				,"percent": 89.90
				}
			,{
				"<=msec": 3.300
				,"percent": 90.18
				}
			,{
				"<=msec": 3.400
				,"percent": 90.42
				}
			,{
				"<=msec": 3.500
				,"percent": 90.61
				}
			,{
				"<=msec": 3.600
				,"percent": 90.81
				}
			,{
				"<=msec": 3.700
				,"percent": 90.99
				}
			,{
				"<=msec": 3.800
				,"percent": 91.20
				}
			,{
				"<=msec": 3.900
				,"percent": 91.41
				}
			,{
				"<=msec": 4.000
				,"percent": 91.63
				}
			,{
				"<=msec": 4.100
				,"percent": 91.85
				}
			,{
				"<=msec": 4.200
				,"percent": 92.04
				}
			,{
				"<=msec": 4.300
				,"percent": 92.24
				}
			,{
				"<=msec": 4.400
				,"percent": 92.41
				}
			,{
				"<=msec": 4.500
				,"percent": 92.54
				}
			,{
				"<=msec": 4.600
				,"percent": 92.70
				}
			,{
				"<=msec": 4.700
				,"percent": 92.85
				}
			,{
				"<=msec": 4.800
				,"percent": 92.99
				}
			,{
				"<=msec": 4.900
				,"percent": 93.18
				}
			,{
				"<=msec": 5.000
				,"percent": 93.35
				}
			,{
				"<=msec": 5.100
				,"percent": 93.53
				}
			,{
				"<=msec": 5.200
				,"percent": 93.69
				}
			,{
				"<=msec": 5.300
				,"percent": 93.89
				}
			,{
				"<=msec": 5.400
				,"percent": 94.07
				}
			,{
				"<=msec": 5.500
				,"percent": 94.27
				}
			,{
				"<=msec": 5.600
				,"percent": 94.45
				}
			,{
				"<=msec": 5.700
				,"percent": 94.64
				}
			,{
				"<=msec": 5.800
				,"percent": 94.89
				}
			,{
				"<=msec": 5.900
				,"percent": 95.10
				}
			,{
				"<=msec": 6.000
				,"percent": 95.30
				}
			,{
				"<=msec": 6.100
				,"percent": 95.57
				}
			,{
				"<=msec": 6.200
				,"percent": 95.82
				}
			,{
				"<=msec": 6.300
				,"percent": 96.03
				}
			,{
				"<=msec": 6.400
				,"percent": 96.25
				}
			,{
				"<=msec": 6.500
				,"percent": 96.50
				}
			,{
				"<=msec": 6.600
				,"percent": 96.79
				}
			,{
				"<=msec": 6.700
				,"percent": 97.01
				}
			,{
				"<=msec": 6.800
				,"percent": 97.19
				}
			,{
				"<=msec": 6.900
				,"percent": 97.40
				}
			,{
				"<=msec": 7.000
				,"percent": 97.58
				}
			,{
				"<=msec": 7.100
				,"percent": 97.72
				}
			,{
				"<=msec": 7.200
				,"percent": 97.84
				}
			,{
				"<=msec": 7.300
				,"percent": 97.96
				}
			,{
				"<=msec": 7.400
				,"percent": 98.04
				}
			,{
				"<=msec": 7.500
				,"percent": 98.14
				}
			,{
				"<=msec": 7.600
				,"percent": 98.24
				}
			,{
				"<=msec": 7.700
				,"percent": 98.33
				}
			,{
				"<=msec": 7.800
				,"percent": 98.39
				}
			,{
				"<=msec": 7.900
				,"percent": 98.46
				}
			,{
				"<=msec": 8.000
				,"percent": 98.53
				}
			,{
				"<=msec": 8.100
				,"percent": 98.60
				}
			,{
				"<=msec": 8.200
				,"percent": 98.65
				}
			,{
				"<=msec": 8.300
				,"percent": 98.72
				}
			,{
				"<=msec": 8.400
				,"percent": 98.79
				}
			,{
				"<=msec": 8.500
				,"percent": 98.85
				}
			,{
				"<=msec": 8.600
				,"percent": 98.87
				}
			,{
				"<=msec": 8.700
				,"percent": 98.91
				}
			,{
				"<=msec": 8.800
				,"percent": 98.96
				}
			,{
				"<=msec": 8.900
				,"percent": 99.00
				}
			,{
				"<=msec": 9.000
				,"percent": 99.03
				}
			,{
				"<=msec": 9.100
				,"percent": 99.07
				}
			,{
				"<=msec": 9.200
				,"percent": 99.12
				}
			,{
				"<=msec": 9.300
				,"percent": 99.15
				}
			,{
				"<=msec": 9.400
				,"percent": 99.19
				}
			,{
				"<=msec": 9.500
				,"percent": 99.22
				}
			,{
				"<=msec": 9.600
				,"percent": 99.27
				}
			,{
				"<=msec": 9.700
				,"percent": 99.30
				}
			,{
				"<=msec": 9.800
				,"percent": 99.34
				}
			,{
				"<=msec": 9.900
				,"percent": 99.37
				}
			,{
				"<=msec": 10.000
				,"percent": 99.50
				}
			,{
				"<=msec": 11.000
				,"percent": 99.67
				}
			,{
				"<=msec": 12.000
				,"percent": 99.76
				}
			,{
				"<=msec": 13.000
				,"percent": 99.82
				}
			,{
				"<=msec": 14.000
				,"percent": 99.84
				}
			,{
				"<=msec": 15.000
				,"percent": 99.88
				}
			,{
				"<=msec": 16.000
				,"percent": 99.92
				}
			,{
				"<=msec": 17.000
				,"percent": 99.93
				}
			,{
				"<=msec": 18.000
				,"percent": 99.93
				}
			,{
				"<=msec": 19.000
				,"percent": 99.94
				}
			,{
				"<=msec": 20.000
				,"percent": 99.95
				}
			,{
				"<=msec": 21.000
				,"percent": 99.97
				}
			,{
				"<=msec": 22.000
				,"percent": 99.98
				}
			,{
				"<=msec": 23.000
				,"percent": 99.99
				}
			,{
				"<=msec": 24.000
				,"percent": 99.99
				}
			,{
				"<=msec": 33.000
				,"percent": 99.99
				}
			,{
				"<=msec": 34.000
				,"percent": 99.99
				}
			,{
				"<=msec": 37.000
				,"percent": 100.00
				}
			,{
				"<=msec": 38.000
				,"percent": 100.00
				}
			]
		,"GET":[
			{
				"<=msec": 0.590
				,"percent": 0.00
				}
			,{
				"<=msec": 0.620
				,"percent": 0.02
				}
			,{
				"<=msec": 0.630
				,"percent": 0.02
				}
			,{
				"<=msec": 0.640
				,"percent": 0.03
				}
			,{
				"<=msec": 0.650
				,"percent": 0.05
				}
			,{
				"<=msec": 0.660
				,"percent": 0.07
				}
			,{
				"<=msec": 0.670
				,"percent": 0.10
				}
			,{
				"<=msec": 0.680
				,"percent": 0.19
				}
			,{
				"<=msec": 0.690
				,"percent": 0.27
				}
			,{
				"<=msec": 0.700
				,"percent": 0.45
				}
			,{
				"<=msec": 0.710
				,"percent": 0.59
				}
			,{
				"<=msec": 0.720
				,"percent": 0.79
				}
			,{
				"<=msec": 0.730
				,"percent": 1.07
				}
			,{
				"<=msec": 0.740
				,"percent": 1.43
				}
			,{
				"<=msec": 0.750
				,"percent": 1.79
				}
			,{
				"<=msec": 0.760
				,"percent": 2.25
				}
			,{
				"<=msec": 0.770
				,"percent": 2.74
				}
			,{
				"<=msec": 0.780
				,"percent": 3.39
				}
			,{
				"<=msec": 0.790
				,"percent": 4.10
				}
			,{
				"<=msec": 0.800
				,"percent": 4.93
				}
			,{
				"<=msec": 0.810
				,"percent": 5.84
				}
			,{
				"<=msec": 0.820
				,"percent": 6.72
				}
			,{
				"<=msec": 0.830
				,"percent": 7.92
				}
			,{
				"<=msec": 0.840
				,"percent": 9.06
				}
			,{
				"<=msec": 0.850
				,"percent": 10.26
				}
			,{
				"<=msec": 0.860
				,"percent": 11.58
				}
			,{
				"<=msec": 0.870
				,"percent": 12.92
				}
			,{
				"<=msec": 0.880
				,"percent": 14.47
				}
			,{
				"<=msec": 0.890
				,"percent": 16.13
				}
			,{
				"<=msec": 0.900
				,"percent": 17.85
				}
			,{
				"<=msec": 0.910
				,"percent": 19.62
				}
			,{
				"<=msec": 0.920
				,"percent": 21.25
				}
			,{
				"<=msec": 0.930
				,"percent": 22.97
				}
			,{
				"<=msec": 0.940
				,"percent": 24.79
				}
			,{
				"<=msec": 0.950
				,"percent": 26.80
				}
			,{
				"<=msec": 0.960
				,"percent": 28.60
				}
			,{
				"<=msec": 0.970
				,"percent": 30.57
				}
			,{
				"<=msec": 0.980
				,"percent": 32.54
				}
			,{
				"<=msec": 0.990
				,"percent": 34.33
				}
			,{
				"<=msec": 1.000
				,"percent": 44.52
				}
			,{
				"<=msec": 1.100
				,"percent": 59.74
				}
			,{
				"<=msec": 1.200
				,"percent": 70.93
				}
			,{
				"<=msec": 1.300
				,"percent": 78.56
				}
			,{
				"<=msec": 1.400
				,"percent": 83.77
				}
			,{
				"<=msec": 1.500
				,"percent": 87.00
				}
			,{
				"<=msec": 1.600
				,"percent": 89.25
				}
			,{
				"<=msec": 1.700
				,"percent": 90.76
				}
			,{
				"<=msec": 1.800
				,"percent": 91.69
				}
			,{
				"<=msec": 1.900
				,"percent": 92.42
				}
			,{
				"<=msec": 2.000
				,"percent": 92.96
				}
			,{
				"<=msec": 2.100
				,"percent": 93.37
				}
			,{
				"<=msec": 2.200
				,"percent": 93.67
				}
			,{
				"<=msec": 2.300
				,"percent": 93.91
				}
			,{
				"<=msec": 2.400
				,"percent": 94.15
				}
			,{
				"<=msec": 2.500
				,"percent": 94.34
				}
			,{
				"<=msec": 2.600
				,"percent": 94.52
				}
			,{
				"<=msec": 2.700
				,"percent": 94.70
				}
			,{
				"<=msec": 2.800
				,"percent": 94.87
				}
			,{
				"<=msec": 2.900
				,"percent": 95.03
				}
			,{
				"<=msec": 3.000
				,"percent": 95.16
				}
			,{
				"<=msec": 3.100
				,"percent": 95.28
				}
			,{
				"<=msec": 3.200
				,"percent": 95.38
				}
			,{
				"<=msec": 3.300
				,"percent": 95.48
				}
			,{
				"<=msec": 3.400
				,"percent": 95.57
				}
			,{
				"<=msec": 3.500
				,"percent": 95.67
				}
			,{
				"<=msec": 3.600
				,"percent": 95.79
				}
			,{
				"<=msec": 3.700
				,"percent": 95.87
				}
			,{
				"<=msec": 3.800
				,"percent": 95.96
				}
			,{
				"<=msec": 3.900
				,"percent": 96.06
				}
			,{
				"<=msec": 4.000
				,"percent": 96.18
				}
			,{
				"<=msec": 4.100
				,"percent": 96.28
				}
			,{
				"<=msec": 4.200
				,"percent": 96.35
				}
			,{
				"<=msec": 4.300
				,"percent": 96.45
				}
			,{
				"<=msec": 4.400
				,"percent": 96.53
				}
			,{
				"<=msec": 4.500
				,"percent": 96.61
				}
			,{
				"<=msec": 4.600
				,"percent": 96.67
				}
			,{
				"<=msec": 4.700
				,"percent": 96.77
				}
			,{
				"<=msec": 4.800
				,"percent": 96.83
				}
			,{
				"<=msec": 4.900
				,"percent": 96.90
				}
			,{
				"<=msec": 5.000
				,"percent": 96.99
				}
			,{
				"<=msec": 5.100
				,"percent": 97.10
				}
			,{
				"<=msec": 5.200
				,"percent": 97.24
				}
			,{
				"<=msec": 5.300
				,"percent": 97.38
				}
			,{
				"<=msec": 5.400
				,"percent": 97.49
				}
			,{
				"<=msec": 5.500
				,"percent": 97.57
				}
			,{
				"<=msec": 5.600
				,"percent": 97.66
				}
			,{
				"<=msec": 5.700
				,"percent": 97.75
				}
			,{
				"<=msec": 5.800
				,"percent": 97.86
				}
			,{
				"<=msec": 5.900
				,"percent": 97.94
				}
			,{
				"<=msec": 6.000
				,"percent": 98.05
				}
			,{
				"<=msec": 6.100
				,"percent": 98.15
				}
			,{
				"<=msec": 6.200
				,"percent": 98.26
				}
			,{
				"<=msec": 6.300
				,"percent": 98.36
				}
			,{
				"<=msec": 6.400
				,"percent": 98.46
				}
			,{
				"<=msec": 6.500
				,"percent": 98.64
				}
			,{
				"<=msec": 6.600
				,"percent": 98.78
				}
			,{
				"<=msec": 6.700
				,"percent": 98.88
				}
			,{
				"<=msec": 6.800
				,"percent": 98.98
				}
			,{
				"<=msec": 6.900
				,"percent": 99.07
				}
			,{
				"<=msec": 7.000
				,"percent": 99.15
				}
			,{
				"<=msec": 7.100
				,"percent": 99.24
				}
			,{
				"<=msec": 7.200
				,"percent": 99.30
				}
			,{
				"<=msec": 7.300
				,"percent": 99.34
				}
			,{
				"<=msec": 7.400
				,"percent": 99.37
				}
			,{
				"<=msec": 7.500
				,"percent": 99.40
				}
			,{
				"<=msec": 7.600
				,"percent": 99.43
				}
			,{
				"<=msec": 7.700
				,"percent": 99.47
				}
			,{
				"<=msec": 7.800
				,"percent": 99.49
				}
			,{
				"<=msec": 7.900
				,"percent": 99.52
				}
			,{
				"<=msec": 8.000
				,"percent": 99.55
				}
			,{
				"<=msec": 8.100
				,"percent": 99.57
				}
			,{
				"<=msec": 8.200
				,"percent": 99.58
				}
			,{
				"<=msec": 8.300
				,"percent": 99.59
				}
			,{
				"<=msec": 8.400
				,"percent": 99.62
				}
			,{
				"<=msec": 8.500
				,"percent": 99.63
				}
			,{
				"<=msec": 8.600
				,"percent": 99.64
				}
			,{
				"<=msec": 8.700
				,"percent": 99.65
				}
			,{
				"<=msec": 8.800
				,"percent": 99.66
				}
			,{
				"<=msec": 8.900
				,"percent": 99.67
				}
			,{
				"<=msec": 9.000
				,"percent": 99.68
				}
			,{
				"<=msec": 9.100
				,"percent": 99.69
				}
			,{
				"<=msec": 9.200
				,"percent": 99.70
				}
			,{
				"<=msec": 9.300
				,"percent": 99.72
				}
			,{
				"<=msec": 9.400
				,"percent": 99.73
				}
			,{
				"<=msec": 9.500
				,"percent": 99.73
				}
			,{
				"<=msec": 9.600
				,"percent": 99.74
				}
			,{
				"<=msec": 9.700
				,"percent": 99.76
				}
			,{
				"<=msec": 9.800
				,"percent": 99.78
				}
			,{
				"<=msec": 9.900
				,"percent": 99.78
				}
			,{
				"<=msec": 10.000
				,"percent": 99.84
				}
			,{
				"<=msec": 11.000
				,"percent": 99.91
				}
			,{
				"<=msec": 12.000
				,"percent": 99.94
				}
			,{
				"<=msec": 13.000
				,"percent": 99.95
				}
			,{
				"<=msec": 14.000
				,"percent": 99.96
				}
			,{
				"<=msec": 15.000
				,"percent": 99.97
				}
			,{
				"<=msec": 16.000
				,"percent": 99.98
				}
			,{
				"<=msec": 17.000
				,"percent": 99.99
				}
			,{
				"<=msec": 19.000
				,"percent": 99.99
				}
			,{
				"<=msec": 20.000
				,"percent": 100.00
				}
			,{
				"<=msec": 28.000
				,"percent": 100.00
				}
			]
		,"WAIT":[
		]
		}
	}
