{
	"configuration":{
		"server": "10.0.0.9"
		,"port": 11212
		,"unix socket": "(null)"
		,"protocol": "memcache_text"
		,"out_file": "(null)"
		,"client_stats": "(null)"
		,"run_count": 1
		,"debug": 0
		,"requests": 0
		,"clients": 2
		,"threads": 1
		,"test_time": 60
		,"ratio": "1:3"
		,"pipeline": 1
		,"data_size": 4096
		,"data_offset": 0
		,"random_data": "false"
		,"data_size_range": "0:0"
		,"data_size_list": ""
		,"data_size_pattern": "R"
		,"expiry_range": "9999:10000"
		,"data_import": "(null)"
		,"data_verify": "false"
		,"verify_only": "false"
		,"generate_keys": "false"
		,"key_prefix": "memtier-"
		,"key_minimum":           0
		,"key_maximum":        1000
		,"key_pattern": "R:R"
		,"key_stddev": 0.000000
		,"key_median": 0.000000
		,"reconnect_interval": 0
		,"multi_key_get": 3
		,"authenticate": ""
		,"select-db": 0
		,"no-expiry": "false"
		,"wait-ratio": "0:0"
		,"num-slaves": "0:0"
		,"wait-timeout": "0-0"
		}
	,"run information":{
		"Threads": 1
		,"Connections per thread": 2
		,"Seconds": 60
		}
	,"ALL STATS":{
		"Sets":{
			"Ops/sec": 548.78
			,"Hits/sec": 0.00
			,"Misses/sec": 0.00
			,"Latency": 1.89
			,"KB/sec": 2216.24
			}
		,"Gets":{
			"Ops/sec": 548.75
			,"Hits/sec": 1646.24
			,"Misses/sec": 0.00
			,"Latency": 1.73
			,"KB/sec": 6654.29
			}
		,"Waits":{
			"Ops/sec": 0.00
			,"Hits/sec": 0.00
			,"Misses/sec": 0.00
			,"Latency": 0.00
			,"KB/sec": 0.00
			}
		,"Totals":{
			"Ops/sec": 1097.53
			,"Hits/sec": 1646.24
			,"Misses/sec": 0.00
			,"Latency": 1.81
			,"KB/sec": 8870.52
			}
		,"SET":[
			{
				"<=msec": 0.770
				,"percent": 0.01
				}
			,{
				"<=msec": 0.780
				,"percent": 0.01
				}
			,{
				"<=msec": 0.790
				,"percent": 0.02
				}
			,{
				"<=msec": 0.800
				,"percent": 0.03
				}
			,{
				"<=msec": 0.810
				,"percent": 0.05
				}
			,{
				"<=msec": 0.820
				,"percent": 0.06
				}
			,{
				"<=msec": 0.830
				,"percent": 0.09
				}
			,{
				"<=msec": 0.840
				,"percent": 0.15
				}
			,{
				"<=msec": 0.850
				,"percent": 0.23
				}
			,{
				"<=msec": 0.860
				,"percent": 0.32
				}
			,{
				"<=msec": 0.870
				,"percent": 0.40
				}
			,{
				"<=msec": 0.880
				,"percent": 0.54
				}
			,{
				"<=msec": 0.890
				,"percent": 0.70
				}
			,{
				"<=msec": 0.900
				,"percent": 0.94
				}
			,{
				"<=msec": 0.910
				,"percent": 1.18
				}
			,{
				"<=msec": 0.920
				,"percent": 1.45
				}
			,{
				"<=msec": 0.930
				,"percent": 1.78
				}
			,{
				"<=msec": 0.940
				,"percent": 2.20
				}
			,{
				"<=msec": 0.950
				,"percent": 2.63
				}
			,{
				"<=msec": 0.960
				,"percent": 3.13
				}
			,{
				"<=msec": 0.970
				,"percent": 3.73
				}
			,{
				"<=msec": 0.980
				,"percent": 4.41
				}
			,{
				"<=msec": 0.990
				,"percent": 5.14
				}
			,{
				"<=msec": 1.000
				,"percent": 10.03
				}
			,{
				"<=msec": 1.100
				,"percent": 22.51
				}
			,{
				"<=msec": 1.200
				,"percent": 36.91
				}
			,{
				"<=msec": 1.300
				,"percent": 49.91
				}
			,{
				"<=msec": 1.400
				,"percent": 59.94
				}
			,{
				"<=msec": 1.500
				,"percent": 67.42
				}
			,{
				"<=msec": 1.600
				,"percent": 72.85
				}
			,{
				"<=msec": 1.700
				,"percent": 76.81
				}
			,{
				"<=msec": 1.800
				,"percent": 79.67
				}
			,{
				"<=msec": 1.900
				,"percent": 81.67
				}
			,{
				"<=msec": 2.000
				,"percent": 83.23
				}
			,{
				"<=msec": 2.100
				,"percent": 84.48
				}
			,{
				"<=msec": 2.200
				,"percent": 85.35
				}
			,{
				"<=msec": 2.300
				,"percent": 86.08
				}
			,{
				"<=msec": 2.400
				,"percent": 86.70
				}
			,{
				"<=msec": 2.500
				,"percent": 87.17
				}
			,{
				"<=msec": 2.600
				,"percent": 87.58
				}
			,{
				"<=msec": 2.700
				,"percent": 88.01
				}
			,{
				"<=msec": 2.800
				,"percent": 88.35
				}
			,{
				"<=msec": 2.900
				,"percent": 88.68
				}
			,{
				"<=msec": 3.000
				,"percent": 89.02
				}
			,{
				"<=msec": 3.100
				,"percent": 89.32
				}
			,{
				"<=msec": 3.200
				,"percent": 89.61
				}
			,{
				"<=msec": 3.300
				,"percent": 89.90
				}
			,{
				"<=msec": 3.400
				,"percent": 90.16
				}
			,{
				"<=msec": 3.500
				,"percent": 90.38
				}
			,{
				"<=msec": 3.600
				,"percent": 90.63
				}
			,{
				"<=msec": 3.700
				,"percent": 90.85
				}
			,{
				"<=msec": 3.800
				,"percent": 91.07
				}
			,{
				"<=msec": 3.900
				,"percent": 91.25
				}
			,{
				"<=msec": 4.000
				,"percent": 91.46
				}
			,{
				"<=msec": 4.100
				,"percent": 91.70
				}
			,{
				"<=msec": 4.200
				,"percent": 91.89
				}
			,{
				"<=msec": 4.300
				,"percent": 92.13
				}
			,{
				"<=msec": 4.400
				,"percent": 92.35
				}
			,{
				"<=msec": 4.500
				,"percent": 92.58
				}
			,{
				"<=msec": 4.600
				,"percent": 92.74
				}
			,{
				"<=msec": 4.700
				,"percent": 92.95
				}
			,{
				"<=msec": 4.800
				,"percent": 93.13
				}
			,{
				"<=msec": 4.900
				,"percent": 93.36
				}
			,{
				"<=msec": 5.000
				,"percent": 93.56
				}
			,{
				"<=msec": 5.100
				,"percent": 93.75
				}
			,{
				"<=msec": 5.200
				,"percent": 93.94
				}
			,{
				"<=msec": 5.300
				,"percent": 94.08
				}
			,{
				"<=msec": 5.400
				,"percent": 94.30
				}
			,{
				"<=msec": 5.500
				,"percent": 94.47
				}
			,{
				"<=msec": 5.600
				,"percent": 94.66
				}
			,{
				"<=msec": 5.700
				,"percent": 94.87
				}
			,{
				"<=msec": 5.800
				,"percent": 95.06
				}
			,{
				"<=msec": 5.900
				,"percent": 95.27
				}
			,{
				"<=msec": 6.000
				,"percent": 95.52
				}
			,{
				"<=msec": 6.100
				,"percent": 95.71
				}
			,{
				"<=msec": 6.200
				,"percent": 95.93
				}
			,{
				"<=msec": 6.300
				,"percent": 96.18
				}
			,{
				"<=msec": 6.400
				,"percent": 96.38
				}
			,{
				"<=msec": 6.500
				,"percent": 96.60
				}
			,{
				"<=msec": 6.600
				,"percent": 96.79
				}
			,{
				"<=msec": 6.700
				,"percent": 96.98
				}
			,{
				"<=msec": 6.800
				,"percent": 97.20
				}
			,{
				"<=msec": 6.900
				,"percent": 97.37
				}
			,{
				"<=msec": 7.000
				,"percent": 97.52
				}
			,{
				"<=msec": 7.100
				,"percent": 97.67
				}
			,{
				"<=msec": 7.200
				,"percent": 97.81
				}
			,{
				"<=msec": 7.300
				,"percent": 97.98
				}
			,{
				"<=msec": 7.400
				,"percent": 98.06
				}
			,{
				"<=msec": 7.500
				,"percent": 98.17
				}
			,{
				"<=msec": 7.600
				,"percent": 98.27
				}
			,{
				"<=msec": 7.700
				,"percent": 98.36
				}
			,{
				"<=msec": 7.800
				,"percent": 98.48
				}
			,{
				"<=msec": 7.900
				,"percent": 98.58
				}
			,{
				"<=msec": 8.000
				,"percent": 98.67
				}
			,{
				"<=msec": 8.100
				,"percent": 98.73
				}
			,{
				"<=msec": 8.200
				,"percent": 98.79
				}
			,{
				"<=msec": 8.300
				,"percent": 98.84
				}
			,{
				"<=msec": 8.400
				,"percent": 98.90
				}
			,{
				"<=msec": 8.500
				,"percent": 98.96
				}
			,{
				"<=msec": 8.600
				,"percent": 98.99
				}
			,{
				"<=msec": 8.700
				,"percent": 99.05
				}
			,{
				"<=msec": 8.800
				,"percent": 99.08
				}
			,{
				"<=msec": 8.900
				,"percent": 99.13
				}
			,{
				"<=msec": 9.000
				,"percent": 99.14
				}
			,{
				"<=msec": 9.100
				,"percent": 99.17
				}
			,{
				"<=msec": 9.200
				,"percent": 99.20
				}
			,{
				"<=msec": 9.300
				,"percent": 99.23
				}
			,{
				"<=msec": 9.400
				,"percent": 99.27
				}
			,{
				"<=msec": 9.500
				,"percent": 99.30
				}
			,{
				"<=msec": 9.600
				,"percent": 99.32
				}
			,{
				"<=msec": 9.700
				,"percent": 99.35
				}
			,{
				"<=msec": 9.800
				,"percent": 99.39
				}
			,{
				"<=msec": 9.900
				,"percent": 99.42
				}
			,{
				"<=msec": 10.000
				,"percent": 99.55
				}
			,{
				"<=msec": 11.000
				,"percent": 99.71
				}
			,{
				"<=msec": 12.000
				,"percent": 99.83
				}
			,{
				"<=msec": 13.000
				,"percent": 99.86
				}
			,{
				"<=msec": 14.000
				,"percent": 99.88
				}
			,{
				"<=msec": 15.000
				,"percent": 99.88
				}
			,{
				"<=msec": 16.000
				,"percent": 99.93
				}
			,{
				"<=msec": 17.000
				,"percent": 99.95
				}
			,{
				"<=msec": 18.000
				,"percent": 99.96
				}
			,{
				"<=msec": 19.000
				,"percent": 99.96
				}
			,{
				"<=msec": 20.000
				,"percent": 99.97
				}
			,{
				"<=msec": 21.000
				,"percent": 99.98
				}
			,{
				"<=msec": 22.000
				,"percent": 99.98
				}
			,{
				"<=msec": 24.000
				,"percent": 99.99
				}
			,{
				"<=msec": 25.000
				,"percent": 99.99
				}
			,{
				"<=msec": 28.000
				,"percent": 99.99
				}
			,{
				"<=msec": 30.000
				,"percent": 100.00
				}
			,{
				"<=msec": 38.000
				,"percent": 100.00
				}
			]
		,"GET":[
			{
				"<=msec": 0.780
				,"percent": 0.00
				}
			,{
				"<=msec": 0.790
				,"percent": 0.01
				}
			,{
				"<=msec": 0.810
				,"percent": 0.03
				}
			,{
				"<=msec": 0.820
				,"percent": 0.05
				}
			,{
				"<=msec": 0.830
				,"percent": 0.06
				}
			,{
				"<=msec": 0.840
				,"percent": 0.08
				}
			,{
				"<=msec": 0.850
				,"percent": 0.11
				}
			,{
				"<=msec": 0.860
				,"percent": 0.15
				}
			,{
				"<=msec": 0.870
				,"percent": 0.20
				}
			,{
				"<=msec": 0.880
				,"percent": 0.29
				}
			,{
				"<=msec": 0.890
				,"percent": 0.36
				}
			,{
				"<=msec": 0.900
				,"percent": 0.46
				}
			,{
				"<=msec": 0.910
				,"percent": 0.56
				}
			,{
				"<=msec": 0.920
				,"percent": 0.64
				}
			,{
				"<=msec": 0.930
				,"percent": 0.85
				}
			,{
				"<=msec": 0.940
				,"percent": 1.02
				}
			,{
				"<=msec": 0.950
				,"percent": 1.20
				}
			,{
				"<=msec": 0.960
				,"percent": 1.42
				}
			,{
				"<=msec": 0.970
				,"percent": 1.66
				}
			,{
				"<=msec": 0.980
				,"percent": 1.89
				}
			,{
				"<=msec": 0.990
				,"percent": 2.27
				}
			,{
				"<=msec": 1.000
				,"percent": 4.99
				}
			,{
				"<=msec": 1.100
				,"percent": 13.00
				}
			,{
				"<=msec": 1.200
				,"percent": 24.45
				}
			,{
				"<=msec": 1.300
				,"percent": 37.87
				}
			,{
				"<=msec": 1.400
				,"percent": 50.46
				}
			,{
				"<=msec": 1.500
				,"percent": 61.19
				}
			,{
				"<=msec": 1.600
				,"percent": 69.63
				}
			,{
				"<=msec": 1.700
				,"percent": 76.38
				}
			,{
				"<=msec": 1.800
				,"percent": 81.16
				}
			,{
				"<=msec": 1.900
				,"percent": 84.69
				}
			,{
				"<=msec": 2.000
				,"percent": 87.29
				}
			,{
				"<=msec": 2.100
				,"percent": 89.21
				}
			,{
				"<=msec": 2.200
				,"percent": 90.54
				}
			,{
				"<=msec": 2.300
				,"percent": 91.55
				}
			,{
				"<=msec": 2.400
				,"percent": 92.28
				}
			,{
				"<=msec": 2.500
				,"percent": 92.88
				}
			,{
				"<=msec": 2.600
				,"percent": 93.37
				}
			,{
				"<=msec": 2.700
				,"percent": 93.75
				}
			,{
				"<=msec": 2.800
				,"percent": 94.02
				}
			,{
				"<=msec": 2.900
				,"percent": 94.32
				}
			,{
				"<=msec": 3.000
				,"percent": 94.55
				}
			,{
				"<=msec": 3.100
				,"percent": 94.75
				}
			,{
				"<=msec": 3.200
				,"percent": 94.94
				}
			,{
				"<=msec": 3.300
				,"percent": 95.13
				}
			,{
				"<=msec": 3.400
				,"percent": 95.31
				}
			,{
				"<=msec": 3.500
				,"percent": 95.44
				}
			,{
				"<=msec": 3.600
				,"percent": 95.55
				}
			,{
				"<=msec": 3.700
				,"percent": 95.69
				}
			,{
				"<=msec": 3.800
				,"percent": 95.86
				}
			,{
				"<=msec": 3.900
				,"percent": 95.99
				}
			,{
				"<=msec": 4.000
				,"percent": 96.08
				}
			,{
				"<=msec": 4.100
				,"percent": 96.18
				}
			,{
				"<=msec": 4.200
				,"percent": 96.31
				}
			,{
				"<=msec": 4.300
				,"percent": 96.41
				}
			,{
				"<=msec": 4.400
				,"percent": 96.48
				}
			,{
				"<=msec": 4.500
				,"percent": 96.57
				}
			,{
				"<=msec": 4.600
				,"percent": 96.66
				}
			,{
				"<=msec": 4.700
				,"percent": 96.75
				}
			,{
				"<=msec": 4.800
				,"percent": 96.80
				}
			,{
				"<=msec": 4.900
				,"percent": 96.85
				}
			,{
				"<=msec": 5.000
				,"percent": 96.91
				}
			,{
				"<=msec": 5.100
				,"percent": 96.96
				}
			,{
				"<=msec": 5.200
				,"percent": 97.05
				}
			,{
				"<=msec": 5.300
				,"percent": 97.15
				}
			,{
				"<=msec": 5.400
				,"percent": 97.21
				}
			,{
				"<=msec": 5.500
				,"percent": 97.29
				}
			,{
				"<=msec": 5.600
				,"percent": 97.35
				}
			,{
				"<=msec": 5.700
				,"percent": 97.42
				}
			,{
				"<=msec": 5.800
				,"percent": 97.51
				}
			,{
				"<=msec": 5.900
				,"percent": 97.57
				}
			,{
				"<=msec": 6.000
				,"percent": 97.66
				}
			,{
				"<=msec": 6.100
				,"percent": 97.76
				}
			,{
				"<=msec": 6.200
				,"percent": 97.85
				}
			,{
				"<=msec": 6.300
				,"percent": 97.94
				}
			,{
				"<=msec": 6.400
				,"percent": 98.06
				}
			,{
				"<=msec": 6.500
				,"percent": 98.17
				}
			,{
				"<=msec": 6.600
				,"percent": 98.27
				}
			,{
				"<=msec": 6.700
				,"percent": 98.36
				}
			,{
				"<=msec": 6.800
				,"percent": 98.44
				}
			,{
				"<=msec": 6.900
				,"percent": 98.54
				}
			,{
				"<=msec": 7.000
				,"percent": 98.64
				}
			,{
				"<=msec": 7.100
				,"percent": 98.75
				}
			,{
				"<=msec": 7.200
				,"percent": 98.84
				}
			,{
				"<=msec": 7.300
				,"percent": 98.96
				}
			,{
				"<=msec": 7.400
				,"percent": 99.02
				}
			,{
				"<=msec": 7.500
				,"percent": 99.08
				}
			,{
				"<=msec": 7.600
				,"percent": 99.13
				}
			,{
				"<=msec": 7.700
				,"percent": 99.16
				}
			,{
				"<=msec": 7.800
				,"percent": 99.21
				}
			,{
				"<=msec": 7.900
				,"percent": 99.27
				}
			,{
				"<=msec": 8.000
				,"percent": 99.31
				}
			,{
				"<=msec": 8.100
				,"percent": 99.35
				}
			,{
				"<=msec": 8.200
				,"percent": 99.38
				}
			,{
				"<=msec": 8.300
				,"percent": 99.41
				}
			,{
				"<=msec": 8.400
				,"percent": 99.43
				}
			,{
				"<=msec": 8.500
				,"percent": 99.44
				}
			,{
				"<=msec": 8.600
				,"percent": 99.47
				}
			,{
				"<=msec": 8.700
				,"percent": 99.49
				}
			,{
				"<=msec": 8.800
				,"percent": 99.51
				}
			,{
				"<=msec": 8.900
				,"percent": 99.53
				}
			,{
				"<=msec": 9.000
				,"percent": 99.55
				}
			,{
				"<=msec": 9.100
				,"percent": 99.56
				}
			,{
				"<=msec": 9.200
				,"percent": 99.57
				}
			,{
				"<=msec": 9.300
				,"percent": 99.58
				}
			,{
				"<=msec": 9.400
				,"percent": 99.59
				}
			,{
				"<=msec": 9.500
				,"percent": 99.61
				}
			,{
				"<=msec": 9.600
				,"percent": 99.61
				}
			,{
				"<=msec": 9.700
				,"percent": 99.63
				}
			,{
				"<=msec": 9.800
				,"percent": 99.65
				}
			,{
				"<=msec": 9.900
				,"percent": 99.65
				}
			,{
				"<=msec": 10.000
				,"percent": 99.71
				}
			,{
				"<=msec": 11.000
				,"percent": 99.81
				}
			,{
				"<=msec": 12.000
				,"percent": 99.90
				}
			,{
				"<=msec": 13.000
				,"percent": 99.92
				}
			,{
				"<=msec": 14.000
				,"percent": 99.95
				}
			,{
				"<=msec": 15.000
				,"percent": 99.96
				}
			,{
				"<=msec": 16.000
				,"percent": 99.97
				}
			,{
				"<=msec": 18.000
				,"percent": 99.98
				}
			,{
				"<=msec": 19.000
				,"percent": 99.98
				}
			,{
				"<=msec": 20.000
				,"percent": 99.99
				}
			,{
				"<=msec": 21.000
				,"percent": 99.99
				}
			,{
				"<=msec": 22.000
				,"percent": 99.99
				}
			,{
				"<=msec": 26.000
				,"percent": 100.00
				}
			,{
				"<=msec": 42.000
				,"percent": 100.00
				}
			]
		,"WAIT":[
		]
		}
	}
