{
	"configuration":{
		"server": "10.0.0.9"
		,"port": 11212
		,"unix socket": "(null)"
		,"protocol": "memcache_text"
		,"out_file": "(null)"
		,"client_stats": "(null)"
		,"run_count": 1
		,"debug": 0
		,"requests": 0
		,"clients": 2
		,"threads": 1
		,"test_time": 60
		,"ratio": "1:6"
		,"pipeline": 1
		,"data_size": 4096
		,"data_offset": 0
		,"random_data": "false"
		,"data_size_range": "0:0"
		,"data_size_list": ""
		,"data_size_pattern": "R"
		,"expiry_range": "9999:10000"
		,"data_import": "(null)"
		,"data_verify": "false"
		,"verify_only": "false"
		,"generate_keys": "false"
		,"key_prefix": "memtier-"
		,"key_minimum":           0
		,"key_maximum":        1000
		,"key_pattern": "R:R"
		,"key_stddev": 0.000000
		,"key_median": 0.000000
		,"reconnect_interval": 0
		,"multi_key_get": 6
		,"authenticate": ""
		,"select-db": 0
		,"no-expiry": "false"
		,"wait-ratio": "0:0"
		,"num-slaves": "0:0"
		,"wait-timeout": "0-0"
		}
	,"run information":{
		"Threads": 1
		,"Connections per thread": 2
		,"Seconds": 60
		}
	,"ALL STATS":{
		"Sets":{
			"Ops/sec": 285.39
			,"Hits/sec": 0.00
			,"Misses/sec": 0.00
			,"Latency": 3.60
			,"KB/sec": 1152.56
			}
		,"Gets":{
			"Ops/sec": 285.38
			,"Hits/sec": 1712.27
			,"Misses/sec": 0.00
			,"Latency": 3.38
			,"KB/sec": 6918.38
			}
		,"Waits":{
			"Ops/sec": 0.00
			,"Hits/sec": 0.00
			,"Misses/sec": 0.00
			,"Latency": 0.00
			,"KB/sec": 0.00
			}
		,"Totals":{
			"Ops/sec": 570.77
			,"Hits/sec": 1712.27
			,"Misses/sec": 0.00
			,"Latency": 3.49
			,"KB/sec": 8070.94
			}
		,"SET":[
			{
				"<=msec": 0.820
				,"percent": 0.01
				}
			,{
				"<=msec": 0.830
				,"percent": 0.02
				}
			,{
				"<=msec": 0.840
				,"percent": 0.03
				}
			,{
				"<=msec": 0.860
				,"percent": 0.06
				}
			,{
				"<=msec": 0.870
				,"percent": 0.08
				}
			,{
				"<=msec": 0.880
				,"percent": 0.09
				}
			,{
				"<=msec": 0.890
				,"percent": 0.14
				}
			,{
				"<=msec": 0.900
				,"percent": 0.23
				}
			,{
				"<=msec": 0.910
				,"percent": 0.32
				}
			,{
				"<=msec": 0.920
				,"percent": 0.37
				}
			,{
				"<=msec": 0.930
				,"percent": 0.52
				}
			,{
				"<=msec": 0.940
				,"percent": 0.64
				}
			,{
				"<=msec": 0.950
				,"percent": 0.79
				}
			,{
				"<=msec": 0.960
				,"percent": 1.01
				}
			,{
				"<=msec": 0.970
				,"percent": 1.20
				}
			,{
				"<=msec": 0.980
				,"percent": 1.49
				}
			,{
				"<=msec": 0.990
				,"percent": 1.76
				}
			,{
				"<=msec": 1.000
				,"percent": 4.09
				}
			,{
				"<=msec": 1.100
				,"percent": 11.09
				}
			,{
				"<=msec": 1.200
				,"percent": 20.43
				}
			,{
				"<=msec": 1.300
				,"percent": 30.75
				}
			,{
				"<=msec": 1.400
				,"percent": 39.15
				}
			,{
				"<=msec": 1.500
				,"percent": 46.36
				}
			,{
				"<=msec": 1.600
				,"percent": 51.60
				}
			,{
				"<=msec": 1.700
				,"percent": 55.10
				}
			,{
				"<=msec": 1.800
				,"percent": 57.67
				}
			,{
				"<=msec": 1.900
				,"percent": 59.46
				}
			,{
				"<=msec": 2.000
				,"percent": 61.00
				}
			,{
				"<=msec": 2.100
				,"percent": 62.10
				}
			,{
				"<=msec": 2.200
				,"percent": 62.95
				}
			,{
				"<=msec": 2.300
				,"percent": 63.54
				}
			,{
				"<=msec": 2.400
				,"percent": 64.18
				}
			,{
				"<=msec": 2.500
				,"percent": 64.71
				}
			,{
				"<=msec": 2.600
				,"percent": 65.12
				}
			,{
				"<=msec": 2.700
				,"percent": 65.54
				}
			,{
				"<=msec": 2.800
				,"percent": 65.97
				}
			,{
				"<=msec": 2.900
				,"percent": 66.40
				}
			,{
				"<=msec": 3.000
				,"percent": 66.65
				}
			,{
				"<=msec": 3.100
				,"percent": 67.05
				}
			,{
				"<=msec": 3.200
				,"percent": 67.38
				}
			,{
				"<=msec": 3.300
				,"percent": 67.66
				}
			,{
				"<=msec": 3.400
				,"percent": 67.88
				}
			,{
				"<=msec": 3.500
				,"percent": 68.16
				}
			,{
				"<=msec": 3.600
				,"percent": 68.48
				}
			,{
				"<=msec": 3.700
				,"percent": 68.74
				}
			,{
				"<=msec": 3.800
				,"percent": 69.03
				}
			,{
				"<=msec": 3.900
				,"percent": 69.40
				}
			,{
				"<=msec": 4.000
				,"percent": 69.66
				}
			,{
				"<=msec": 4.100
				,"percent": 69.94
				}
			,{
				"<=msec": 4.200
				,"percent": 70.24
				}
			,{
				"<=msec": 4.300
				,"percent": 70.62
				}
			,{
				"<=msec": 4.400
				,"percent": 70.88
				}
			,{
				"<=msec": 4.500
				,"percent": 71.19
				}
			,{
				"<=msec": 4.600
				,"percent": 71.39
				}
			,{
				"<=msec": 4.700
				,"percent": 71.66
				}
			,{
				"<=msec": 4.800
				,"percent": 71.88
				}
			,{
				"<=msec": 4.900
				,"percent": 72.15
				}
			,{
				"<=msec": 5.000
				,"percent": 72.43
				}
			,{
				"<=msec": 5.100
				,"percent": 72.82
				}
			,{
				"<=msec": 5.200
				,"percent": 73.11
				}
			,{
				"<=msec": 5.300
				,"percent": 73.36
				}
			,{
				"<=msec": 5.400
				,"percent": 73.73
				}
			,{
				"<=msec": 5.500
				,"percent": 74.13
				}
			,{
				"<=msec": 5.600
				,"percent": 74.46
				}
			,{
				"<=msec": 5.700
				,"percent": 74.88
				}
			,{
				"<=msec": 5.800
				,"percent": 75.24
				}
			,{
				"<=msec": 5.900
				,"percent": 75.60
				}
			,{
				"<=msec": 6.000
				,"percent": 75.98
				}
			,{
				"<=msec": 6.100
				,"percent": 76.41
				}
			,{
				"<=msec": 6.200
				,"percent": 76.81
				}
			,{
				"<=msec": 6.300
				,"percent": 77.20
				}
			,{
				"<=msec": 6.400
				,"percent": 77.62
				}
			,{
				"<=msec": 6.500
				,"percent": 78.07
				}
			,{
				"<=msec": 6.600
				,"percent": 78.52
				}
			,{
				"<=msec": 6.700
				,"percent": 78.97
				}
			,{
				"<=msec": 6.800
				,"percent": 79.43
				}
			,{
				"<=msec": 6.900
				,"percent": 79.94
				}
			,{
				"<=msec": 7.000
				,"percent": 80.40
				}
			,{
				"<=msec": 7.100
				,"percent": 80.80
				}
			,{
				"<=msec": 7.200
				,"percent": 81.21
				}
			,{
				"<=msec": 7.300
				,"percent": 81.66
				}
			,{
				"<=msec": 7.400
				,"percent": 82.08
				}
			,{
				"<=msec": 7.500
				,"percent": 82.47
				}
			,{
				"<=msec": 7.600
				,"percent": 82.87
				}
			,{
				"<=msec": 7.700
				,"percent": 83.27
				}
			,{
				"<=msec": 7.800
				,"percent": 83.70
				}
			,{
				"<=msec": 7.900
				,"percent": 84.08
				}
			,{
				"<=msec": 8.000
				,"percent": 84.46
				}
			,{
				"<=msec": 8.100
				,"percent": 84.88
				}
			,{
				"<=msec": 8.200
				,"percent": 85.31
				}
			,{
				"<=msec": 8.300
				,"percent": 85.63
				}
			,{
				"<=msec": 8.400
				,"percent": 85.96
				}
			,{
				"<=msec": 8.500
				,"percent": 86.36
				}
			,{
				"<=msec": 8.600
				,"percent": 86.72
				}
			,{
				"<=msec": 8.700
				,"percent": 87.09
				}
			,{
				"<=msec": 8.800
				,"percent": 87.48
				}
			,{
				"<=msec": 8.900
				,"percent": 87.87
				}
			,{
				"<=msec": 9.000
				,"percent": 88.19
				}
			,{
				"<=msec": 9.100
				,"percent": 88.55
				}
			,{
				"<=msec": 9.200
				,"percent": 89.06
				}
			,{
				"<=msec": 9.300
				,"percent": 89.55
				}
			,{
				"<=msec": 9.400
				,"percent": 90.01
				}
			,{
				"<=msec": 9.500
				,"percent": 90.48
				}
			,{
				"<=msec": 9.600
				,"percent": 90.92
				}
			,{
				"<=msec": 9.700
				,"percent": 91.41
				}
			,{
				"<=msec": 9.800
				,"percent": 91.92
				}
			,{
				"<=msec": 9.900
				,"percent": 92.43
				}
			,{
				"<=msec": 10.000
				,"percent": 95.01
				}
			,{
				"<=msec": 11.000
				,"percent": 98.22
				}
			,{
				"<=msec": 12.000
				,"percent": 99.23
				}
			,{
				"<=msec": 13.000
				,"percent": 99.51
				}
			,{
				"<=msec": 14.000
				,"percent": 99.68
				}
			,{
				"<=msec": 15.000
				,"percent": 99.77
				}
			,{
				"<=msec": 16.000
				,"percent": 99.81
				}
			,{
				"<=msec": 17.000
				,"percent": 99.87
				}
			,{
				"<=msec": 18.000
				,"percent": 99.88
				}
			,{
				"<=msec": 19.000
				,"percent": 99.90
				}
			,{
				"<=msec": 20.000
				,"percent": 99.91
				}
			,{
				"<=msec": 21.000
				,"percent": 99.93
				}
			,{
				"<=msec": 22.000
				,"percent": 99.95
				}
			,{
				"<=msec": 26.000
				,"percent": 99.96
				}
			,{
				"<=msec": 28.000
				,"percent": 99.96
				}
			,{
				"<=msec": 32.000
				,"percent": 99.98
				}
			,{
				"<=msec": 57.000
				,"percent": 99.98
				}
			,{
				"<=msec": 90.000
				,"percent": 99.99
				}
			,{
				"<=msec": 96.000
				,"percent": 99.99
				}
			,{
				"<=msec": 100.000
				,"percent": 100.00
				}
			]
		,"GET":[
			{
				"<=msec": 0.980
				,"percent": 0.01
				}
			,{
				"<=msec": 1.000
				,"percent": 0.01
				}
			,{
				"<=msec": 1.100
				,"percent": 0.21
				}
			,{
				"<=msec": 1.200
				,"percent": 1.05
				}
			,{
				"<=msec": 1.300
				,"percent": 2.88
				}
			,{
				"<=msec": 1.400
				,"percent": 6.19
				}
			,{
				"<=msec": 1.500
				,"percent": 10.73
				}
			,{
				"<=msec": 1.600
				,"percent": 15.63
				}
			,{
				"<=msec": 1.700
				,"percent": 21.68
				}
			,{
				"<=msec": 1.800
				,"percent": 27.91
				}
			,{
				"<=msec": 1.900
				,"percent": 34.72
				}
			,{
				"<=msec": 2.000
				,"percent": 41.32
				}
			,{
				"<=msec": 2.100
				,"percent": 47.16
				}
			,{
				"<=msec": 2.200
				,"percent": 52.83
				}
			,{
				"<=msec": 2.300
				,"percent": 57.90
				}
			,{
				"<=msec": 2.400
				,"percent": 62.44
				}
			,{
				"<=msec": 2.500
				,"percent": 65.98
				}
			,{
				"<=msec": 2.600
				,"percent": 69.04
				}
			,{
				"<=msec": 2.700
				,"percent": 71.71
				}
			,{
				"<=msec": 2.800
				,"percent": 73.86
				}
			,{
				"<=msec": 2.900
				,"percent": 75.36
				}
			,{
				"<=msec": 3.000
				,"percent": 76.73
				}
			,{
				"<=msec": 3.100
				,"percent": 77.79
				}
			,{
				"<=msec": 3.200
				,"percent": 78.64
				}
			,{
				"<=msec": 3.300
				,"percent": 79.45
				}
			,{
				"<=msec": 3.400
				,"percent": 79.98
				}
			,{
				"<=msec": 3.500
				,"percent": 80.50
				}
			,{
				"<=msec": 3.600
				,"percent": 80.93
				}
			,{
				"<=msec": 3.700
				,"percent": 81.33
				}
			,{
				"<=msec": 3.800
				,"percent": 81.67
				}
			,{
				"<=msec": 3.900
				,"percent": 81.97
				}
			,{
				"<=msec": 4.000
				,"percent": 82.19
				}
			,{
				"<=msec": 4.100
				,"percent": 82.44
				}
			,{
				"<=msec": 4.200
				,"percent": 82.69
				}
			,{
				"<=msec": 4.300
				,"percent": 82.89
				}
			,{
				"<=msec": 4.400
				,"percent": 83.12
				}
			,{
				"<=msec": 4.500
				,"percent": 83.27
				}
			,{
				"<=msec": 4.600
				,"percent": 83.38
				}
			,{
				"<=msec": 4.700
				,"percent": 83.54
				}
			,{
				"<=msec": 4.800
				,"percent": 83.70
				}
			,{
				"<=msec": 4.900
				,"percent": 83.87
				}
			,{
				"<=msec": 5.000
				,"percent": 84.00
				}
			,{
				"<=msec": 5.100
				,"percent": 84.11
				}
			,{
				"<=msec": 5.200
				,"percent": 84.29
				}
			,{
				"<=msec": 5.300
				,"percent": 84.41
				}
			,{
				"<=msec": 5.400
				,"percent": 84.51
				}
			,{
				"<=msec": 5.500
				,"percent": 84.61
				}
			,{
				"<=msec": 5.600
				,"percent": 84.71
				}
			,{
				"<=msec": 5.700
				,"percent": 84.90
				}
			,{
				"<=msec": 5.800
				,"percent": 85.03
				}
			,{
				"<=msec": 5.900
				,"percent": 85.21
				}
			,{
				"<=msec": 6.000
				,"percent": 85.40
				}
			,{
				"<=msec": 6.100
				,"percent": 85.55
				}
			,{
				"<=msec": 6.200
				,"percent": 85.70
				}
			,{
				"<=msec": 6.300
				,"percent": 85.90
				}
			,{
				"<=msec": 6.400
				,"percent": 86.04
				}
			,{
				"<=msec": 6.500
				,"percent": 86.21
				}
			,{
				"<=msec": 6.600
				,"percent": 86.42
				}
			,{
				"<=msec": 6.700
				,"percent": 86.60
				}
			,{
				"<=msec": 6.800
				,"percent": 86.80
				}
			,{
				"<=msec": 6.900
				,"percent": 86.99
				}
			,{
				"<=msec": 7.000
				,"percent": 87.25
				}
			,{
				"<=msec": 7.100
				,"percent": 87.42
				}
			,{
				"<=msec": 7.200
				,"percent": 87.65
				}
			,{
				"<=msec": 7.300
				,"percent": 87.79
				}
			,{
				"<=msec": 7.400
				,"percent": 88.01
				}
			,{
				"<=msec": 7.500
				,"percent": 88.20
				}
			,{
				"<=msec": 7.600
				,"percent": 88.34
				}
			,{
				"<=msec": 7.700
				,"percent": 88.55
				}
			,{
				"<=msec": 7.800
				,"percent": 88.78
				}
			,{
				"<=msec": 7.900
				,"percent": 88.97
				}
			,{
				"<=msec": 8.000
				,"percent": 89.12
				}
			,{
				"<=msec": 8.100
				,"percent": 89.35
				}
			,{
				"<=msec": 8.200
				,"percent": 89.54
				}
			,{
				"<=msec": 8.300
				,"percent": 89.68
				}
			,{
				"<=msec": 8.400
				,"percent": 89.84
				}
			,{
				"<=msec": 8.500
				,"percent": 89.96
				}
			,{
				"<=msec": 8.600
				,"percent": 90.15
				}
			,{
				"<=msec": 8.700
				,"percent": 90.33
				}
			,{
				"<=msec": 8.800
				,"percent": 90.48
				}
			,{
				"<=msec": 8.900
				,"percent": 90.66
				}
			,{
				"<=msec": 9.000
				,"percent": 90.81
				}
			,{
				"<=msec": 9.100
				,"percent": 91.06
				}
			,{
				"<=msec": 9.200
				,"percent": 91.26
				}
			,{
				"<=msec": 9.300
				,"percent": 91.44
				}
			,{
				"<=msec": 9.400
				,"percent": 91.63
				}
			,{
				"<=msec": 9.500
				,"percent": 91.84
				}
			,{
				"<=msec": 9.600
				,"percent": 92.08
				}
			,{
				"<=msec": 9.700
				,"percent": 92.29
				}
			,{
				"<=msec": 9.800
				,"percent": 92.53
				}
			,{
				"<=msec": 9.900
				,"percent": 92.74
				}
			,{
				"<=msec": 10.000
				,"percent": 93.83
				}
			,{
				"<=msec": 11.000
				,"percent": 95.87
				}
			,{
				"<=msec": 12.000
				,"percent": 97.57
				}
			,{
				"<=msec": 13.000
				,"percent": 99.12
				}
			,{
				"<=msec": 14.000
				,"percent": 99.52
				}
			,{
				"<=msec": 15.000
				,"percent": 99.68
				}
			,{
				"<=msec": 16.000
				,"percent": 99.80
				}
			,{
				"<=msec": 17.000
				,"percent": 99.87
				}
			,{
				"<=msec": 18.000
				,"percent": 99.89
				}
			,{
				"<=msec": 19.000
				,"percent": 99.92
				}
			,{
				"<=msec": 20.000
				,"percent": 99.95
				}
			,{
				"<=msec": 21.000
				,"percent": 99.95
				}
			,{
				"<=msec": 23.000
				,"percent": 99.96
				}
			,{
				"<=msec": 26.000
				,"percent": 99.97
				}
			,{
				"<=msec": 27.000
				,"percent": 99.98
				}
			,{
				"<=msec": 28.000
				,"percent": 99.98
				}
			,{
				"<=msec": 45.000
				,"percent": 99.99
				}
			,{
				"<=msec": 61.000
				,"percent": 99.99
				}
			,{
				"<=msec": 100.000
				,"percent": 100.00
				}
			]
		,"WAIT":[
		]
		}
	}
