{
	"configuration":{
		"server": "10.0.0.9"
		,"port": 11212
		,"unix socket": "(null)"
		,"protocol": "memcache_text"
		,"out_file": "(null)"
		,"client_stats": "(null)"
		,"run_count": 1
		,"debug": 0
		,"requests": 0
		,"clients": 2
		,"threads": 1
		,"test_time": 60
		,"ratio": "1:6"
		,"pipeline": 1
		,"data_size": 4096
		,"data_offset": 0
		,"random_data": "false"
		,"data_size_range": "0:0"
		,"data_size_list": ""
		,"data_size_pattern": "R"
		,"expiry_range": "9999:10000"
		,"data_import": "(null)"
		,"data_verify": "false"
		,"verify_only": "false"
		,"generate_keys": "false"
		,"key_prefix": "memtier-"
		,"key_minimum":           0
		,"key_maximum":        1000
		,"key_pattern": "R:R"
		,"key_stddev": 0.000000
		,"key_median": 0.000000
		,"reconnect_interval": 0
		,"multi_key_get": 6
		,"authenticate": ""
		,"select-db": 0
		,"no-expiry": "false"
		,"wait-ratio": "0:0"
		,"num-slaves": "0:0"
		,"wait-timeout": "0-0"
		}
	,"run information":{
		"Threads": 1
		,"Connections per thread": 2
		,"Seconds": 60
		}
	,"ALL STATS":{
		"Sets":{
			"Ops/sec": 283.72
			,"Hits/sec": 0.00
			,"Misses/sec": 0.00
			,"Latency": 3.67
			,"KB/sec": 1145.79
			}
		,"Gets":{
			"Ops/sec": 283.72
			,"Hits/sec": 1702.32
			,"Misses/sec": 0.00
			,"Latency": 3.35
			,"KB/sec": 6878.16
			}
		,"Waits":{
			"Ops/sec": 0.00
			,"Hits/sec": 0.00
			,"Misses/sec": 0.00
			,"Latency": 0.00
			,"KB/sec": 0.00
			}
		,"Totals":{
			"Ops/sec": 567.44
			,"Hits/sec": 1702.32
			,"Misses/sec": 0.00
			,"Latency": 3.51
			,"KB/sec": 8023.95
			}
		,"SET":[
			{
				"<=msec": 0.790
				,"percent": 0.01
				}
			,{
				"<=msec": 0.820
				,"percent": 0.02
				}
			,{
				"<=msec": 0.830
				,"percent": 0.02
				}
			,{
				"<=msec": 0.840
				,"percent": 0.04
				}
			,{
				"<=msec": 0.850
				,"percent": 0.04
				}
			,{
				"<=msec": 0.860
				,"percent": 0.06
				}
			,{
				"<=msec": 0.870
				,"percent": 0.09
				}
			,{
				"<=msec": 0.880
				,"percent": 0.12
				}
			,{
				"<=msec": 0.890
				,"percent": 0.19
				}
			,{
				"<=msec": 0.900
				,"percent": 0.27
				}
			,{
				"<=msec": 0.910
				,"percent": 0.36
				}
			,{
				"<=msec": 0.920
				,"percent": 0.45
				}
			,{
				"<=msec": 0.930
				,"percent": 0.53
				}
			,{
				"<=msec": 0.940
				,"percent": 0.68
				}
			,{
				"<=msec": 0.950
				,"percent": 0.85
				}
			,{
				"<=msec": 0.960
				,"percent": 0.99
				}
			,{
				"<=msec": 0.970
				,"percent": 1.18
				}
			,{
				"<=msec": 0.980
				,"percent": 1.49
				}
			,{
				"<=msec": 0.990
				,"percent": 1.80
				}
			,{
				"<=msec": 1.000
				,"percent": 4.02
				}
			,{
				"<=msec": 1.100
				,"percent": 10.93
				}
			,{
				"<=msec": 1.200
				,"percent": 19.98
				}
			,{
				"<=msec": 1.300
				,"percent": 29.58
				}
			,{
				"<=msec": 1.400
				,"percent": 37.93
				}
			,{
				"<=msec": 1.500
				,"percent": 44.63
				}
			,{
				"<=msec": 1.600
				,"percent": 49.52
				}
			,{
				"<=msec": 1.700
				,"percent": 53.17
				}
			,{
				"<=msec": 1.800
				,"percent": 55.78
				}
			,{
				"<=msec": 1.900
				,"percent": 57.55
				}
			,{
				"<=msec": 2.000
				,"percent": 59.07
				}
			,{
				"<=msec": 2.100
				,"percent": 60.23
				}
			,{
				"<=msec": 2.200
				,"percent": 61.13
				}
			,{
				"<=msec": 2.300
				,"percent": 61.88
				}
			,{
				"<=msec": 2.400
				,"percent": 62.48
				}
			,{
				"<=msec": 2.500
				,"percent": 62.90
				}
			,{
				"<=msec": 2.600
				,"percent": 63.45
				}
			,{
				"<=msec": 2.700
				,"percent": 63.94
				}
			,{
				"<=msec": 2.800
				,"percent": 64.37
				}
			,{
				"<=msec": 2.900
				,"percent": 64.77
				}
			,{
				"<=msec": 3.000
				,"percent": 65.05
				}
			,{
				"<=msec": 3.100
				,"percent": 65.30
				}
			,{
				"<=msec": 3.200
				,"percent": 65.57
				}
			,{
				"<=msec": 3.300
				,"percent": 65.96
				}
			,{
				"<=msec": 3.400
				,"percent": 66.28
				}
			,{
				"<=msec": 3.500
				,"percent": 66.64
				}
			,{
				"<=msec": 3.600
				,"percent": 66.98
				}
			,{
				"<=msec": 3.700
				,"percent": 67.28
				}
			,{
				"<=msec": 3.800
				,"percent": 67.52
				}
			,{
				"<=msec": 3.900
				,"percent": 67.82
				}
			,{
				"<=msec": 4.000
				,"percent": 68.11
				}
			,{
				"<=msec": 4.100
				,"percent": 68.43
				}
			,{
				"<=msec": 4.200
				,"percent": 68.68
				}
			,{
				"<=msec": 4.300
				,"percent": 69.02
				}
			,{
				"<=msec": 4.400
				,"percent": 69.33
				}
			,{
				"<=msec": 4.500
				,"percent": 69.72
				}
			,{
				"<=msec": 4.600
				,"percent": 70.06
				}
			,{
				"<=msec": 4.700
				,"percent": 70.37
				}
			,{
				"<=msec": 4.800
				,"percent": 70.65
				}
			,{
				"<=msec": 4.900
				,"percent": 70.92
				}
			,{
				"<=msec": 5.000
				,"percent": 71.25
				}
			,{
				"<=msec": 5.100
				,"percent": 71.70
				}
			,{
				"<=msec": 5.200
				,"percent": 72.05
				}
			,{
				"<=msec": 5.300
				,"percent": 72.38
				}
			,{
				"<=msec": 5.400
				,"percent": 72.82
				}
			,{
				"<=msec": 5.500
				,"percent": 73.10
				}
			,{
				"<=msec": 5.600
				,"percent": 73.46
				}
			,{
				"<=msec": 5.700
				,"percent": 73.90
				}
			,{
				"<=msec": 5.800
				,"percent": 74.28
				}
			,{
				"<=msec": 5.900
				,"percent": 74.70
				}
			,{
				"<=msec": 6.000
				,"percent": 75.19
				}
			,{
				"<=msec": 6.100
				,"percent": 75.67
				}
			,{
				"<=msec": 6.200
				,"percent": 76.18
				}
			,{
				"<=msec": 6.300
				,"percent": 76.56
				}
			,{
				"<=msec": 6.400
				,"percent": 76.96
				}
			,{
				"<=msec": 6.500
				,"percent": 77.44
				}
			,{
				"<=msec": 6.600
				,"percent": 78.02
				}
			,{
				"<=msec": 6.700
				,"percent": 78.37
				}
			,{
				"<=msec": 6.800
				,"percent": 78.87
				}
			,{
				"<=msec": 6.900
				,"percent": 79.44
				}
			,{
				"<=msec": 7.000
				,"percent": 80.04
				}
			,{
				"<=msec": 7.100
				,"percent": 80.49
				}
			,{
				"<=msec": 7.200
				,"percent": 80.97
				}
			,{
				"<=msec": 7.300
				,"percent": 81.41
				}
			,{
				"<=msec": 7.400
				,"percent": 81.82
				}
			,{
				"<=msec": 7.500
				,"percent": 82.29
				}
			,{
				"<=msec": 7.600
				,"percent": 82.67
				}
			,{
				"<=msec": 7.700
				,"percent": 83.10
				}
			,{
				"<=msec": 7.800
				,"percent": 83.61
				}
			,{
				"<=msec": 7.900
				,"percent": 84.01
				}
			,{
				"<=msec": 8.000
				,"percent": 84.44
				}
			,{
				"<=msec": 8.100
				,"percent": 84.75
				}
			,{
				"<=msec": 8.200
				,"percent": 85.13
				}
			,{
				"<=msec": 8.300
				,"percent": 85.56
				}
			,{
				"<=msec": 8.400
				,"percent": 85.94
				}
			,{
				"<=msec": 8.500
				,"percent": 86.30
				}
			,{
				"<=msec": 8.600
				,"percent": 86.80
				}
			,{
				"<=msec": 8.700
				,"percent": 87.11
				}
			,{
				"<=msec": 8.800
				,"percent": 87.45
				}
			,{
				"<=msec": 8.900
				,"percent": 87.92
				}
			,{
				"<=msec": 9.000
				,"percent": 88.25
				}
			,{
				"<=msec": 9.100
				,"percent": 88.72
				}
			,{
				"<=msec": 9.200
				,"percent": 89.04
				}
			,{
				"<=msec": 9.300
				,"percent": 89.42
				}
			,{
				"<=msec": 9.400
				,"percent": 89.89
				}
			,{
				"<=msec": 9.500
				,"percent": 90.34
				}
			,{
				"<=msec": 9.600
				,"percent": 90.80
				}
			,{
				"<=msec": 9.700
				,"percent": 91.25
				}
			,{
				"<=msec": 9.800
				,"percent": 91.69
				}
			,{
				"<=msec": 9.900
				,"percent": 92.20
				}
			,{
				"<=msec": 10.000
				,"percent": 94.74
				}
			,{
				"<=msec": 11.000
				,"percent": 98.19
				}
			,{
				"<=msec": 12.000
				,"percent": 99.24
				}
			,{
				"<=msec": 13.000
				,"percent": 99.46
				}
			,{
				"<=msec": 14.000
				,"percent": 99.66
				}
			,{
				"<=msec": 15.000
				,"percent": 99.77
				}
			,{
				"<=msec": 16.000
				,"percent": 99.82
				}
			,{
				"<=msec": 17.000
				,"percent": 99.83
				}
			,{
				"<=msec": 18.000
				,"percent": 99.84
				}
			,{
				"<=msec": 19.000
				,"percent": 99.88
				}
			,{
				"<=msec": 20.000
				,"percent": 99.91
				}
			,{
				"<=msec": 22.000
				,"percent": 99.92
				}
			,{
				"<=msec": 24.000
				,"percent": 99.94
				}
			,{
				"<=msec": 25.000
				,"percent": 99.94
				}
			,{
				"<=msec": 26.000
				,"percent": 99.96
				}
			,{
				"<=msec": 27.000
				,"percent": 99.97
				}
			,{
				"<=msec": 28.000
				,"percent": 99.98
				}
			,{
				"<=msec": 32.000
				,"percent": 99.98
				}
			,{
				"<=msec": 33.000
				,"percent": 99.99
				}
			,{
				"<=msec": 37.000
				,"percent": 99.99
				}
			,{
				"<=msec": 49.000
				,"percent": 100.00
				}
			]
		,"GET":[
			{
				"<=msec": 1.000
				,"percent": 0.03
				}
			,{
				"<=msec": 1.100
				,"percent": 0.28
				}
			,{
				"<=msec": 1.200
				,"percent": 1.42
				}
			,{
				"<=msec": 1.300
				,"percent": 3.92
				}
			,{
				"<=msec": 1.400
				,"percent": 7.80
				}
			,{
				"<=msec": 1.500
				,"percent": 12.74
				}
			,{
				"<=msec": 1.600
				,"percent": 18.59
				}
			,{
				"<=msec": 1.700
				,"percent": 24.87
				}
			,{
				"<=msec": 1.800
				,"percent": 31.80
				}
			,{
				"<=msec": 1.900
				,"percent": 38.20
				}
			,{
				"<=msec": 2.000
				,"percent": 44.25
				}
			,{
				"<=msec": 2.100
				,"percent": 49.99
				}
			,{
				"<=msec": 2.200
				,"percent": 54.81
				}
			,{
				"<=msec": 2.300
				,"percent": 59.31
				}
			,{
				"<=msec": 2.400
				,"percent": 63.13
				}
			,{
				"<=msec": 2.500
				,"percent": 66.49
				}
			,{
				"<=msec": 2.600
				,"percent": 69.22
				}
			,{
				"<=msec": 2.700
				,"percent": 71.48
				}
			,{
				"<=msec": 2.800
				,"percent": 73.30
				}
			,{
				"<=msec": 2.900
				,"percent": 75.01
				}
			,{
				"<=msec": 3.000
				,"percent": 76.29
				}
			,{
				"<=msec": 3.100
				,"percent": 77.30
				}
			,{
				"<=msec": 3.200
				,"percent": 78.09
				}
			,{
				"<=msec": 3.300
				,"percent": 78.83
				}
			,{
				"<=msec": 3.400
				,"percent": 79.45
				}
			,{
				"<=msec": 3.500
				,"percent": 79.99
				}
			,{
				"<=msec": 3.600
				,"percent": 80.42
				}
			,{
				"<=msec": 3.700
				,"percent": 80.79
				}
			,{
				"<=msec": 3.800
				,"percent": 81.13
				}
			,{
				"<=msec": 3.900
				,"percent": 81.44
				}
			,{
				"<=msec": 4.000
				,"percent": 81.66
				}
			,{
				"<=msec": 4.100
				,"percent": 81.91
				}
			,{
				"<=msec": 4.200
				,"percent": 82.16
				}
			,{
				"<=msec": 4.300
				,"percent": 82.38
				}
			,{
				"<=msec": 4.400
				,"percent": 82.56
				}
			,{
				"<=msec": 4.500
				,"percent": 82.79
				}
			,{
				"<=msec": 4.600
				,"percent": 82.95
				}
			,{
				"<=msec": 4.700
				,"percent": 83.11
				}
			,{
				"<=msec": 4.800
				,"percent": 83.31
				}
			,{
				"<=msec": 4.900
				,"percent": 83.48
				}
			,{
				"<=msec": 5.000
				,"percent": 83.64
				}
			,{
				"<=msec": 5.100
				,"percent": 83.79
				}
			,{
				"<=msec": 5.200
				,"percent": 84.01
				}
			,{
				"<=msec": 5.300
				,"percent": 84.21
				}
			,{
				"<=msec": 5.400
				,"percent": 84.43
				}
			,{
				"<=msec": 5.500
				,"percent": 84.57
				}
			,{
				"<=msec": 5.600
				,"percent": 84.75
				}
			,{
				"<=msec": 5.700
				,"percent": 84.91
				}
			,{
				"<=msec": 5.800
				,"percent": 85.09
				}
			,{
				"<=msec": 5.900
				,"percent": 85.27
				}
			,{
				"<=msec": 6.000
				,"percent": 85.42
				}
			,{
				"<=msec": 6.100
				,"percent": 85.60
				}
			,{
				"<=msec": 6.200
				,"percent": 85.80
				}
			,{
				"<=msec": 6.300
				,"percent": 86.01
				}
			,{
				"<=msec": 6.400
				,"percent": 86.15
				}
			,{
				"<=msec": 6.500
				,"percent": 86.29
				}
			,{
				"<=msec": 6.600
				,"percent": 86.44
				}
			,{
				"<=msec": 6.700
				,"percent": 86.61
				}
			,{
				"<=msec": 6.800
				,"percent": 86.76
				}
			,{
				"<=msec": 6.900
				,"percent": 86.94
				}
			,{
				"<=msec": 7.000
				,"percent": 87.12
				}
			,{
				"<=msec": 7.100
				,"percent": 87.31
				}
			,{
				"<=msec": 7.200
				,"percent": 87.46
				}
			,{
				"<=msec": 7.300
				,"percent": 87.63
				}
			,{
				"<=msec": 7.400
				,"percent": 87.84
				}
			,{
				"<=msec": 7.500
				,"percent": 88.00
				}
			,{
				"<=msec": 7.600
				,"percent": 88.18
				}
			,{
				"<=msec": 7.700
				,"percent": 88.35
				}
			,{
				"<=msec": 7.800
				,"percent": 88.58
				}
			,{
				"<=msec": 7.900
				,"percent": 88.76
				}
			,{
				"<=msec": 8.000
				,"percent": 88.95
				}
			,{
				"<=msec": 8.100
				,"percent": 89.13
				}
			,{
				"<=msec": 8.200
				,"percent": 89.32
				}
			,{
				"<=msec": 8.300
				,"percent": 89.50
				}
			,{
				"<=msec": 8.400
				,"percent": 89.67
				}
			,{
				"<=msec": 8.500
				,"percent": 89.84
				}
			,{
				"<=msec": 8.600
				,"percent": 90.06
				}
			,{
				"<=msec": 8.700
				,"percent": 90.28
				}
			,{
				"<=msec": 8.800
				,"percent": 90.44
				}
			,{
				"<=msec": 8.900
				,"percent": 90.60
				}
			,{
				"<=msec": 9.000
				,"percent": 90.74
				}
			,{
				"<=msec": 9.100
				,"percent": 90.95
				}
			,{
				"<=msec": 9.200
				,"percent": 91.17
				}
			,{
				"<=msec": 9.300
				,"percent": 91.36
				}
			,{
				"<=msec": 9.400
				,"percent": 91.55
				}
			,{
				"<=msec": 9.500
				,"percent": 91.79
				}
			,{
				"<=msec": 9.600
				,"percent": 92.01
				}
			,{
				"<=msec": 9.700
				,"percent": 92.22
				}
			,{
				"<=msec": 9.800
				,"percent": 92.43
				}
			,{
				"<=msec": 9.900
				,"percent": 92.63
				}
			,{
				"<=msec": 10.000
				,"percent": 93.98
				}
			,{
				"<=msec": 11.000
				,"percent": 95.85
				}
			,{
				"<=msec": 12.000
				,"percent": 97.78
				}
			,{
				"<=msec": 13.000
				,"percent": 99.22
				}
			,{
				"<=msec": 14.000
				,"percent": 99.63
				}
			,{
				"<=msec": 15.000
				,"percent": 99.82
				}
			,{
				"<=msec": 16.000
				,"percent": 99.87
				}
			,{
				"<=msec": 17.000
				,"percent": 99.91
				}
			,{
				"<=msec": 18.000
				,"percent": 99.94
				}
			,{
				"<=msec": 19.000
				,"percent": 99.96
				}
			,{
				"<=msec": 20.000
				,"percent": 99.97
				}
			,{
				"<=msec": 21.000
				,"percent": 99.99
				}
			,{
				"<=msec": 22.000
				,"percent": 99.99
				}
			,{
				"<=msec": 23.000
				,"percent": 100.00
				}
			]
		,"WAIT":[
		]
		}
	}
