{
	"configuration":{
		"server": "10.0.0.9"
		,"port": 11212
		,"unix socket": "(null)"
		,"protocol": "memcache_text"
		,"out_file": "(null)"
		,"client_stats": "(null)"
		,"run_count": 1
		,"debug": 0
		,"requests": 0
		,"clients": 2
		,"threads": 1
		,"test_time": 60
		,"ratio": "1:9"
		,"pipeline": 1
		,"data_size": 4096
		,"data_offset": 0
		,"random_data": "false"
		,"data_size_range": "0:0"
		,"data_size_list": ""
		,"data_size_pattern": "R"
		,"expiry_range": "9999:10000"
		,"data_import": "(null)"
		,"data_verify": "false"
		,"verify_only": "false"
		,"generate_keys": "false"
		,"key_prefix": "memtier-"
		,"key_minimum":           0
		,"key_maximum":        1000
		,"key_pattern": "R:R"
		,"key_stddev": 0.000000
		,"key_median": 0.000000
		,"reconnect_interval": 0
		,"multi_key_get": 9
		,"authenticate": ""
		,"select-db": 0
		,"no-expiry": "false"
		,"wait-ratio": "0:0"
		,"num-slaves": "0:0"
		,"wait-timeout": "0-0"
		}
	,"run information":{
		"Threads": 1
		,"Connections per thread": 2
		,"Seconds": 60
		}
	,"ALL STATS":{
		"Sets":{
			"Ops/sec": 165.67
			,"Hits/sec": 0.00
			,"Misses/sec": 0.00
			,"Latency": 4.88
			,"KB/sec": 669.07
			}
		,"Gets":{
			"Ops/sec": 165.64
			,"Hits/sec": 1490.76
			,"Misses/sec": 0.00
			,"Latency": 7.16
			,"KB/sec": 6022.58
			}
		,"Waits":{
			"Ops/sec": 0.00
			,"Hits/sec": 0.00
			,"Misses/sec": 0.00
			,"Latency": 0.00
			,"KB/sec": 0.00
			}
		,"Totals":{
			"Ops/sec": 331.31
			,"Hits/sec": 1490.76
			,"Misses/sec": 0.00
			,"Latency": 6.02
			,"KB/sec": 6691.65
			}
		,"SET":[
			{
				"<=msec": 1.300
				,"percent": 0.02
				}
			,{
				"<=msec": 1.400
				,"percent": 0.13
				}
			,{
				"<=msec": 1.500
				,"percent": 0.81
				}
			,{
				"<=msec": 1.600
				,"percent": 2.43
				}
			,{
				"<=msec": 1.700
				,"percent": 5.50
				}
			,{
				"<=msec": 1.800
				,"percent": 10.51
				}
			,{
				"<=msec": 1.900
				,"percent": 16.32
				}
			,{
				"<=msec": 2.000
				,"percent": 22.84
				}
			,{
				"<=msec": 2.100
				,"percent": 28.62
				}
			,{
				"<=msec": 2.200
				,"percent": 34.34
				}
			,{
				"<=msec": 2.300
				,"percent": 39.05
				}
			,{
				"<=msec": 2.400
				,"percent": 42.52
				}
			,{
				"<=msec": 2.500
				,"percent": 45.19
				}
			,{
				"<=msec": 2.600
				,"percent": 47.62
				}
			,{
				"<=msec": 2.700
				,"percent": 49.79
				}
			,{
				"<=msec": 2.800
				,"percent": 51.64
				}
			,{
				"<=msec": 2.900
				,"percent": 52.84
				}
			,{
				"<=msec": 3.000
				,"percent": 54.17
				}
			,{
				"<=msec": 3.100
				,"percent": 55.28
				}
			,{
				"<=msec": 3.200
				,"percent": 56.15
				}
			,{
				"<=msec": 3.300
				,"percent": 56.99
				}
			,{
				"<=msec": 3.400
				,"percent": 57.79
				}
			,{
				"<=msec": 3.500
				,"percent": 58.51
				}
			,{
				"<=msec": 3.600
				,"percent": 59.21
				}
			,{
				"<=msec": 3.700
				,"percent": 59.75
				}
			,{
				"<=msec": 3.800
				,"percent": 60.32
				}
			,{
				"<=msec": 3.900
				,"percent": 60.81
				}
			,{
				"<=msec": 4.000
				,"percent": 61.25
				}
			,{
				"<=msec": 4.100
				,"percent": 61.76
				}
			,{
				"<=msec": 4.200
				,"percent": 62.12
				}
			,{
				"<=msec": 4.300
				,"percent": 62.49
				}
			,{
				"<=msec": 4.400
				,"percent": 62.93
				}
			,{
				"<=msec": 4.500
				,"percent": 63.30
				}
			,{
				"<=msec": 4.600
				,"percent": 63.66
				}
			,{
				"<=msec": 4.700
				,"percent": 64.02
				}
			,{
				"<=msec": 4.800
				,"percent": 64.37
				}
			,{
				"<=msec": 4.900
				,"percent": 64.94
				}
			,{
				"<=msec": 5.000
				,"percent": 65.29
				}
			,{
				"<=msec": 5.100
				,"percent": 65.69
				}
			,{
				"<=msec": 5.200
				,"percent": 66.14
				}
			,{
				"<=msec": 5.300
				,"percent": 66.51
				}
			,{
				"<=msec": 5.400
				,"percent": 66.87
				}
			,{
				"<=msec": 5.500
				,"percent": 67.20
				}
			,{
				"<=msec": 5.600
				,"percent": 67.61
				}
			,{
				"<=msec": 5.700
				,"percent": 68.04
				}
			,{
				"<=msec": 5.800
				,"percent": 68.50
				}
			,{
				"<=msec": 5.900
				,"percent": 68.97
				}
			,{
				"<=msec": 6.000
				,"percent": 69.36
				}
			,{
				"<=msec": 6.100
				,"percent": 69.78
				}
			,{
				"<=msec": 6.200
				,"percent": 70.16
				}
			,{
				"<=msec": 6.300
				,"percent": 70.41
				}
			,{
				"<=msec": 6.400
				,"percent": 70.75
				}
			,{
				"<=msec": 6.500
				,"percent": 71.13
				}
			,{
				"<=msec": 6.600
				,"percent": 71.53
				}
			,{
				"<=msec": 6.700
				,"percent": 71.91
				}
			,{
				"<=msec": 6.800
				,"percent": 72.23
				}
			,{
				"<=msec": 6.900
				,"percent": 72.53
				}
			,{
				"<=msec": 7.000
				,"percent": 72.92
				}
			,{
				"<=msec": 7.100
				,"percent": 73.23
				}
			,{
				"<=msec": 7.200
				,"percent": 73.62
				}
			,{
				"<=msec": 7.300
				,"percent": 73.98
				}
			,{
				"<=msec": 7.400
				,"percent": 74.30
				}
			,{
				"<=msec": 7.500
				,"percent": 74.52
				}
			,{
				"<=msec": 7.600
				,"percent": 74.75
				}
			,{
				"<=msec": 7.700
				,"percent": 74.92
				}
			,{
				"<=msec": 7.800
				,"percent": 75.12
				}
			,{
				"<=msec": 7.900
				,"percent": 75.44
				}
			,{
				"<=msec": 8.000
				,"percent": 75.71
				}
			,{
				"<=msec": 8.100
				,"percent": 76.09
				}
			,{
				"<=msec": 8.200
				,"percent": 76.41
				}
			,{
				"<=msec": 8.300
				,"percent": 76.64
				}
			,{
				"<=msec": 8.400
				,"percent": 76.93
				}
			,{
				"<=msec": 8.500
				,"percent": 77.24
				}
			,{
				"<=msec": 8.600
				,"percent": 77.66
				}
			,{
				"<=msec": 8.700
				,"percent": 78.03
				}
			,{
				"<=msec": 8.800
				,"percent": 78.35
				}
			,{
				"<=msec": 8.900
				,"percent": 78.67
				}
			,{
				"<=msec": 9.000
				,"percent": 79.14
				}
			,{
				"<=msec": 9.100
				,"percent": 79.47
				}
			,{
				"<=msec": 9.200
				,"percent": 79.76
				}
			,{
				"<=msec": 9.300
				,"percent": 80.26
				}
			,{
				"<=msec": 9.400
				,"percent": 80.66
				}
			,{
				"<=msec": 9.500
				,"percent": 81.20
				}
			,{
				"<=msec": 9.600
				,"percent": 81.89
				}
			,{
				"<=msec": 9.700
				,"percent": 82.51
				}
			,{
				"<=msec": 9.800
				,"percent": 83.20
				}
			,{
				"<=msec": 9.900
				,"percent": 83.96
				}
			,{
				"<=msec": 10.000
				,"percent": 88.30
				}
			,{
				"<=msec": 11.000
				,"percent": 93.75
				}
			,{
				"<=msec": 12.000
				,"percent": 96.83
				}
			,{
				"<=msec": 13.000
				,"percent": 99.04
				}
			,{
				"<=msec": 14.000
				,"percent": 99.41
				}
			,{
				"<=msec": 15.000
				,"percent": 99.60
				}
			,{
				"<=msec": 16.000
				,"percent": 99.74
				}
			,{
				"<=msec": 17.000
				,"percent": 99.78
				}
			,{
				"<=msec": 18.000
				,"percent": 99.82
				}
			,{
				"<=msec": 19.000
				,"percent": 99.84
				}
			,{
				"<=msec": 20.000
				,"percent": 99.85
				}
			,{
				"<=msec": 21.000
				,"percent": 99.87
				}
			,{
				"<=msec": 22.000
				,"percent": 99.88
				}
			,{
				"<=msec": 23.000
				,"percent": 99.91
				}
			,{
				"<=msec": 24.000
				,"percent": 99.92
				}
			,{
				"<=msec": 25.000
				,"percent": 99.95
				}
			,{
				"<=msec": 26.000
				,"percent": 99.96
				}
			,{
				"<=msec": 27.000
				,"percent": 99.97
				}
			,{
				"<=msec": 28.000
				,"percent": 99.98
				}
			,{
				"<=msec": 32.000
				,"percent": 99.99
				}
			,{
				"<=msec": 46.000
				,"percent": 100.00
				}
			]
		,"GET":[
			{
				"<=msec": 1.700
				,"percent": 0.01
				}
			,{
				"<=msec": 1.800
				,"percent": 0.03
				}
			,{
				"<=msec": 1.900
				,"percent": 0.24
				}
			,{
				"<=msec": 2.000
				,"percent": 0.77
				}
			,{
				"<=msec": 2.100
				,"percent": 2.10
				}
			,{
				"<=msec": 2.200
				,"percent": 4.36
				}
			,{
				"<=msec": 2.300
				,"percent": 7.67
				}
			,{
				"<=msec": 2.400
				,"percent": 11.54
				}
			,{
				"<=msec": 2.500
				,"percent": 15.52
				}
			,{
				"<=msec": 2.600
				,"percent": 19.24
				}
			,{
				"<=msec": 2.700
				,"percent": 22.99
				}
			,{
				"<=msec": 2.800
				,"percent": 26.21
				}
			,{
				"<=msec": 2.900
				,"percent": 28.98
				}
			,{
				"<=msec": 3.000
				,"percent": 31.27
				}
			,{
				"<=msec": 3.100
				,"percent": 33.30
				}
			,{
				"<=msec": 3.200
				,"percent": 34.46
				}
			,{
				"<=msec": 3.300
				,"percent": 35.83
				}
			,{
				"<=msec": 3.400
				,"percent": 36.86
				}
			,{
				"<=msec": 3.500
				,"percent": 37.89
				}
			,{
				"<=msec": 3.600
				,"percent": 38.69
				}
			,{
				"<=msec": 3.700
				,"percent": 39.37
				}
			,{
				"<=msec": 3.800
				,"percent": 40.12
				}
			,{
				"<=msec": 3.900
				,"percent": 40.82
				}
			,{
				"<=msec": 4.000
				,"percent": 41.41
				}
			,{
				"<=msec": 4.100
				,"percent": 42.08
				}
			,{
				"<=msec": 4.200
				,"percent": 42.59
				}
			,{
				"<=msec": 4.300
				,"percent": 43.07
				}
			,{
				"<=msec": 4.400
				,"percent": 43.46
				}
			,{
				"<=msec": 4.500
				,"percent": 43.79
				}
			,{
				"<=msec": 4.600
				,"percent": 44.13
				}
			,{
				"<=msec": 4.700
				,"percent": 44.58
				}
			,{
				"<=msec": 4.800
				,"percent": 44.92
				}
			,{
				"<=msec": 4.900
				,"percent": 45.22
				}
			,{
				"<=msec": 5.000
				,"percent": 45.46
				}
			,{
				"<=msec": 5.100
				,"percent": 45.74
				}
			,{
				"<=msec": 5.200
				,"percent": 45.99
				}
			,{
				"<=msec": 5.300
				,"percent": 46.31
				}
			,{
				"<=msec": 5.400
				,"percent": 46.62
				}
			,{
				"<=msec": 5.500
				,"percent": 46.96
				}
			,{
				"<=msec": 5.600
				,"percent": 47.31
				}
			,{
				"<=msec": 5.700
				,"percent": 47.64
				}
			,{
				"<=msec": 5.800
				,"percent": 48.03
				}
			,{
				"<=msec": 5.900
				,"percent": 48.37
				}
			,{
				"<=msec": 6.000
				,"percent": 48.73
				}
			,{
				"<=msec": 6.100
				,"percent": 49.13
				}
			,{
				"<=msec": 6.200
				,"percent": 49.52
				}
			,{
				"<=msec": 6.300
				,"percent": 49.90
				}
			,{
				"<=msec": 6.400
				,"percent": 50.26
				}
			,{
				"<=msec": 6.500
				,"percent": 50.73
				}
			,{
				"<=msec": 6.600
				,"percent": 51.08
				}
			,{
				"<=msec": 6.700
				,"percent": 51.39
				}
			,{
				"<=msec": 6.800
				,"percent": 51.73
				}
			,{
				"<=msec": 6.900
				,"percent": 52.24
				}
			,{
				"<=msec": 7.000
				,"percent": 52.76
				}
			,{
				"<=msec": 7.100
				,"percent": 53.18
				}
			,{
				"<=msec": 7.200
				,"percent": 53.63
				}
			,{
				"<=msec": 7.300
				,"percent": 54.16
				}
			,{
				"<=msec": 7.400
				,"percent": 54.66
				}
			,{
				"<=msec": 7.500
				,"percent": 55.08
				}
			,{
				"<=msec": 7.600
				,"percent": 55.46
				}
			,{
				"<=msec": 7.700
				,"percent": 55.91
				}
			,{
				"<=msec": 7.800
				,"percent": 56.36
				}
			,{
				"<=msec": 7.900
				,"percent": 56.82
				}
			,{
				"<=msec": 8.000
				,"percent": 57.26
				}
			,{
				"<=msec": 8.100
				,"percent": 57.66
				}
			,{
				"<=msec": 8.200
				,"percent": 58.03
				}
			,{
				"<=msec": 8.300
				,"percent": 58.34
				}
			,{
				"<=msec": 8.400
				,"percent": 58.70
				}
			,{
				"<=msec": 8.500
				,"percent": 59.05
				}
			,{
				"<=msec": 8.600
				,"percent": 59.40
				}
			,{
				"<=msec": 8.700
				,"percent": 59.81
				}
			,{
				"<=msec": 8.800
				,"percent": 60.38
				}
			,{
				"<=msec": 8.900
				,"percent": 60.84
				}
			,{
				"<=msec": 9.000
				,"percent": 61.27
				}
			,{
				"<=msec": 9.100
				,"percent": 61.76
				}
			,{
				"<=msec": 9.200
				,"percent": 62.12
				}
			,{
				"<=msec": 9.300
				,"percent": 62.53
				}
			,{
				"<=msec": 9.400
				,"percent": 63.02
				}
			,{
				"<=msec": 9.500
				,"percent": 63.60
				}
			,{
				"<=msec": 9.600
				,"percent": 63.99
				}
			,{
				"<=msec": 9.700
				,"percent": 64.42
				}
			,{
				"<=msec": 9.800
				,"percent": 64.95
				}
			,{
				"<=msec": 9.900
				,"percent": 65.38
				}
			,{
				"<=msec": 10.000
				,"percent": 68.17
				}
			,{
				"<=msec": 11.000
				,"percent": 76.07
				}
			,{
				"<=msec": 12.000
				,"percent": 84.52
				}
			,{
				"<=msec": 13.000
				,"percent": 94.27
				}
			,{
				"<=msec": 14.000
				,"percent": 98.29
				}
			,{
				"<=msec": 15.000
				,"percent": 98.83
				}
			,{
				"<=msec": 16.000
				,"percent": 99.22
				}
			,{
				"<=msec": 17.000
				,"percent": 99.45
				}
			,{
				"<=msec": 18.000
				,"percent": 99.60
				}
			,{
				"<=msec": 19.000
				,"percent": 99.65
				}
			,{
				"<=msec": 20.000
				,"percent": 99.70
				}
			,{
				"<=msec": 21.000
				,"percent": 99.76
				}
			,{
				"<=msec": 22.000
				,"percent": 99.81
				}
			,{
				"<=msec": 23.000
				,"percent": 99.83
				}
			,{
				"<=msec": 24.000
				,"percent": 99.88
				}
			,{
				"<=msec": 25.000
				,"percent": 99.90
				}
			,{
				"<=msec": 26.000
				,"percent": 99.93
				}
			,{
				"<=msec": 27.000
				,"percent": 99.95
				}
			,{
				"<=msec": 29.000
				,"percent": 99.96
				}
			,{
				"<=msec": 34.000
				,"percent": 99.97
				}
			,{
				"<=msec": 43.000
				,"percent": 99.98
				}
			,{
				"<=msec": 110.000
				,"percent": 100.00
				}
			]
		,"WAIT":[
		]
		}
	}
