{
	"configuration":{
		"server": "10.0.0.9"
		,"port": 11212
		,"unix socket": "(null)"
		,"protocol": "memcache_text"
		,"out_file": "(null)"
		,"client_stats": "(null)"
		,"run_count": 1
		,"debug": 0
		,"requests": 0
		,"clients": 2
		,"threads": 1
		,"test_time": 60
		,"ratio": "1:3"
		,"pipeline": 1
		,"data_size": 4096
		,"data_offset": 0
		,"random_data": "false"
		,"data_size_range": "0:0"
		,"data_size_list": ""
		,"data_size_pattern": "R"
		,"expiry_range": "9999:10000"
		,"data_import": "(null)"
		,"data_verify": "false"
		,"verify_only": "false"
		,"generate_keys": "false"
		,"key_prefix": "memtier-"
		,"key_minimum":           0
		,"key_maximum":        1000
		,"key_pattern": "R:R"
		,"key_stddev": 0.000000
		,"key_median": 0.000000
		,"reconnect_interval": 0
		,"multi_key_get": 3
		,"authenticate": ""
		,"select-db": 0
		,"no-expiry": "false"
		,"wait-ratio": "0:0"
		,"num-slaves": "0:0"
		,"wait-timeout": "0-0"
		}
	,"run information":{
		"Threads": 1
		,"Connections per thread": 2
		,"Seconds": 60
		}
	,"ALL STATS":{
		"Sets":{
			"Ops/sec": 355.85
			,"Hits/sec": 0.00
			,"Misses/sec": 0.00
			,"Latency": 2.77
			,"KB/sec": 1437.08
			}
		,"Gets":{
			"Ops/sec": 355.83
			,"Hits/sec": 1067.50
			,"Misses/sec": 0.00
			,"Latency": 2.83
			,"KB/sec": 4314.93
			}
		,"Waits":{
			"Ops/sec": 0.00
			,"Hits/sec": 0.00
			,"Misses/sec": 0.00
			,"Latency": 0.00
			,"KB/sec": 0.00
			}
		,"Totals":{
			"Ops/sec": 711.68
			,"Hits/sec": 1067.50
			,"Misses/sec": 0.00
			,"Latency": 2.80
			,"KB/sec": 5752.01
			}
		,"SET":[
			{
				"<=msec": 1.100
				,"percent": 0.00
				}
			,{
				"<=msec": 1.200
				,"percent": 0.03
				}
			,{
				"<=msec": 1.300
				,"percent": 0.25
				}
			,{
				"<=msec": 1.400
				,"percent": 1.43
				}
			,{
				"<=msec": 1.500
				,"percent": 4.62
				}
			,{
				"<=msec": 1.600
				,"percent": 10.60
				}
			,{
				"<=msec": 1.700
				,"percent": 18.85
				}
			,{
				"<=msec": 1.800
				,"percent": 28.00
				}
			,{
				"<=msec": 1.900
				,"percent": 37.11
				}
			,{
				"<=msec": 2.000
				,"percent": 45.48
				}
			,{
				"<=msec": 2.100
				,"percent": 52.93
				}
			,{
				"<=msec": 2.200
				,"percent": 58.89
				}
			,{
				"<=msec": 2.300
				,"percent": 63.53
				}
			,{
				"<=msec": 2.400
				,"percent": 67.38
				}
			,{
				"<=msec": 2.500
				,"percent": 70.37
				}
			,{
				"<=msec": 2.600
				,"percent": 72.74
				}
			,{
				"<=msec": 2.700
				,"percent": 74.68
				}
			,{
				"<=msec": 2.800
				,"percent": 76.39
				}
			,{
				"<=msec": 2.900
				,"percent": 77.73
				}
			,{
				"<=msec": 3.000
				,"percent": 78.96
				}
			,{
				"<=msec": 3.100
				,"percent": 80.13
				}
			,{
				"<=msec": 3.200
				,"percent": 81.04
				}
			,{
				"<=msec": 3.300
				,"percent": 81.88
				}
			,{
				"<=msec": 3.400
				,"percent": 82.65
				}
			,{
				"<=msec": 3.500
				,"percent": 83.32
				}
			,{
				"<=msec": 3.600
				,"percent": 83.99
				}
			,{
				"<=msec": 3.700
				,"percent": 84.62
				}
			,{
				"<=msec": 3.800
				,"percent": 85.14
				}
			,{
				"<=msec": 3.900
				,"percent": 85.62
				}
			,{
				"<=msec": 4.000
				,"percent": 86.06
				}
			,{
				"<=msec": 4.100
				,"percent": 86.46
				}
			,{
				"<=msec": 4.200
				,"percent": 86.86
				}
			,{
				"<=msec": 4.300
				,"percent": 87.31
				}
			,{
				"<=msec": 4.400
				,"percent": 87.67
				}
			,{
				"<=msec": 4.500
				,"percent": 88.10
				}
			,{
				"<=msec": 4.600
				,"percent": 88.39
				}
			,{
				"<=msec": 4.700
				,"percent": 88.82
				}
			,{
				"<=msec": 4.800
				,"percent": 89.14
				}
			,{
				"<=msec": 4.900
				,"percent": 89.48
				}
			,{
				"<=msec": 5.000
				,"percent": 89.74
				}
			,{
				"<=msec": 5.100
				,"percent": 90.09
				}
			,{
				"<=msec": 5.200
				,"percent": 90.34
				}
			,{
				"<=msec": 5.300
				,"percent": 90.60
				}
			,{
				"<=msec": 5.400
				,"percent": 90.92
				}
			,{
				"<=msec": 5.500
				,"percent": 91.19
				}
			,{
				"<=msec": 5.600
				,"percent": 91.50
				}
			,{
				"<=msec": 5.700
				,"percent": 91.76
				}
			,{
				"<=msec": 5.800
				,"percent": 92.10
				}
			,{
				"<=msec": 5.900
				,"percent": 92.48
				}
			,{
				"<=msec": 6.000
				,"percent": 92.79
				}
			,{
				"<=msec": 6.100
				,"percent": 93.03
				}
			,{
				"<=msec": 6.200
				,"percent": 93.35
				}
			,{
				"<=msec": 6.300
				,"percent": 93.62
				}
			,{
				"<=msec": 6.400
				,"percent": 93.91
				}
			,{
				"<=msec": 6.500
				,"percent": 94.20
				}
			,{
				"<=msec": 6.600
				,"percent": 94.45
				}
			,{
				"<=msec": 6.700
				,"percent": 94.75
				}
			,{
				"<=msec": 6.800
				,"percent": 95.08
				}
			,{
				"<=msec": 6.900
				,"percent": 95.37
				}
			,{
				"<=msec": 7.000
				,"percent": 95.62
				}
			,{
				"<=msec": 7.100
				,"percent": 95.85
				}
			,{
				"<=msec": 7.200
				,"percent": 96.12
				}
			,{
				"<=msec": 7.300
				,"percent": 96.36
				}
			,{
				"<=msec": 7.400
				,"percent": 96.67
				}
			,{
				"<=msec": 7.500
				,"percent": 96.87
				}
			,{
				"<=msec": 7.600
				,"percent": 97.04
				}
			,{
				"<=msec": 7.700
				,"percent": 97.29
				}
			,{
				"<=msec": 7.800
				,"percent": 97.45
				}
			,{
				"<=msec": 7.900
				,"percent": 97.63
				}
			,{
				"<=msec": 8.000
				,"percent": 97.76
				}
			,{
				"<=msec": 8.100
				,"percent": 97.91
				}
			,{
				"<=msec": 8.200
				,"percent": 97.99
				}
			,{
				"<=msec": 8.300
				,"percent": 98.08
				}
			,{
				"<=msec": 8.400
				,"percent": 98.15
				}
			,{
				"<=msec": 8.500
				,"percent": 98.24
				}
			,{
				"<=msec": 8.600
				,"percent": 98.31
				}
			,{
				"<=msec": 8.700
				,"percent": 98.37
				}
			,{
				"<=msec": 8.800
				,"percent": 98.43
				}
			,{
				"<=msec": 8.900
				,"percent": 98.46
				}
			,{
				"<=msec": 9.000
				,"percent": 98.49
				}
			,{
				"<=msec": 9.100
				,"percent": 98.56
				}
			,{
				"<=msec": 9.200
				,"percent": 98.65
				}
			,{
				"<=msec": 9.300
				,"percent": 98.70
				}
			,{
				"<=msec": 9.400
				,"percent": 98.73
				}
			,{
				"<=msec": 9.500
				,"percent": 98.80
				}
			,{
				"<=msec": 9.600
				,"percent": 98.88
				}
			,{
				"<=msec": 9.700
				,"percent": 98.92
				}
			,{
				"<=msec": 9.800
				,"percent": 98.96
				}
			,{
				"<=msec": 9.900
				,"percent": 98.99
				}
			,{
				"<=msec": 10.000
				,"percent": 99.25
				}
			,{
				"<=msec": 11.000
				,"percent": 99.57
				}
			,{
				"<=msec": 12.000
				,"percent": 99.71
				}
			,{
				"<=msec": 13.000
				,"percent": 99.79
				}
			,{
				"<=msec": 14.000
				,"percent": 99.85
				}
			,{
				"<=msec": 15.000
				,"percent": 99.86
				}
			,{
				"<=msec": 16.000
				,"percent": 99.91
				}
			,{
				"<=msec": 17.000
				,"percent": 99.93
				}
			,{
				"<=msec": 18.000
				,"percent": 99.95
				}
			,{
				"<=msec": 19.000
				,"percent": 99.97
				}
			,{
				"<=msec": 20.000
				,"percent": 99.98
				}
			,{
				"<=msec": 21.000
				,"percent": 99.98
				}
			,{
				"<=msec": 22.000
				,"percent": 99.99
				}
			,{
				"<=msec": 26.000
				,"percent": 99.99
				}
			,{
				"<=msec": 41.000
				,"percent": 100.00
				}
			,{
				"<=msec": 100.000
				,"percent": 100.00
				}
			]
		,"GET":[
			{
				"<=msec": 1.300
				,"percent": 0.03
				}
			,{
				"<=msec": 1.400
				,"percent": 0.35
				}
			,{
				"<=msec": 1.500
				,"percent": 1.75
				}
			,{
				"<=msec": 1.600
				,"percent": 5.00
				}
			,{
				"<=msec": 1.700
				,"percent": 11.15
				}
			,{
				"<=msec": 1.800
				,"percent": 19.59
				}
			,{
				"<=msec": 1.900
				,"percent": 28.77
				}
			,{
				"<=msec": 2.000
				,"percent": 38.47
				}
			,{
				"<=msec": 2.100
				,"percent": 47.07
				}
			,{
				"<=msec": 2.200
				,"percent": 54.37
				}
			,{
				"<=msec": 2.300
				,"percent": 60.39
				}
			,{
				"<=msec": 2.400
				,"percent": 65.11
				}
			,{
				"<=msec": 2.500
				,"percent": 68.98
				}
			,{
				"<=msec": 2.600
				,"percent": 71.81
				}
			,{
				"<=msec": 2.700
				,"percent": 74.04
				}
			,{
				"<=msec": 2.800
				,"percent": 75.86
				}
			,{
				"<=msec": 2.900
				,"percent": 77.44
				}
			,{
				"<=msec": 3.000
				,"percent": 78.87
				}
			,{
				"<=msec": 3.100
				,"percent": 79.99
				}
			,{
				"<=msec": 3.200
				,"percent": 81.00
				}
			,{
				"<=msec": 3.300
				,"percent": 81.98
				}
			,{
				"<=msec": 3.400
				,"percent": 82.77
				}
			,{
				"<=msec": 3.500
				,"percent": 83.41
				}
			,{
				"<=msec": 3.600
				,"percent": 84.00
				}
			,{
				"<=msec": 3.700
				,"percent": 84.59
				}
			,{
				"<=msec": 3.800
				,"percent": 85.09
				}
			,{
				"<=msec": 3.900
				,"percent": 85.63
				}
			,{
				"<=msec": 4.000
				,"percent": 86.11
				}
			,{
				"<=msec": 4.100
				,"percent": 86.58
				}
			,{
				"<=msec": 4.200
				,"percent": 87.03
				}
			,{
				"<=msec": 4.300
				,"percent": 87.52
				}
			,{
				"<=msec": 4.400
				,"percent": 87.86
				}
			,{
				"<=msec": 4.500
				,"percent": 88.22
				}
			,{
				"<=msec": 4.600
				,"percent": 88.62
				}
			,{
				"<=msec": 4.700
				,"percent": 89.00
				}
			,{
				"<=msec": 4.800
				,"percent": 89.33
				}
			,{
				"<=msec": 4.900
				,"percent": 89.63
				}
			,{
				"<=msec": 5.000
				,"percent": 89.92
				}
			,{
				"<=msec": 5.100
				,"percent": 90.23
				}
			,{
				"<=msec": 5.200
				,"percent": 90.58
				}
			,{
				"<=msec": 5.300
				,"percent": 90.78
				}
			,{
				"<=msec": 5.400
				,"percent": 91.07
				}
			,{
				"<=msec": 5.500
				,"percent": 91.37
				}
			,{
				"<=msec": 5.600
				,"percent": 91.64
				}
			,{
				"<=msec": 5.700
				,"percent": 91.96
				}
			,{
				"<=msec": 5.800
				,"percent": 92.22
				}
			,{
				"<=msec": 5.900
				,"percent": 92.49
				}
			,{
				"<=msec": 6.000
				,"percent": 92.79
				}
			,{
				"<=msec": 6.100
				,"percent": 93.11
				}
			,{
				"<=msec": 6.200
				,"percent": 93.43
				}
			,{
				"<=msec": 6.300
				,"percent": 93.77
				}
			,{
				"<=msec": 6.400
				,"percent": 94.06
				}
			,{
				"<=msec": 6.500
				,"percent": 94.36
				}
			,{
				"<=msec": 6.600
				,"percent": 94.63
				}
			,{
				"<=msec": 6.700
				,"percent": 94.92
				}
			,{
				"<=msec": 6.800
				,"percent": 95.14
				}
			,{
				"<=msec": 6.900
				,"percent": 95.42
				}
			,{
				"<=msec": 7.000
				,"percent": 95.69
				}
			,{
				"<=msec": 7.100
				,"percent": 95.93
				}
			,{
				"<=msec": 7.200
				,"percent": 96.21
				}
			,{
				"<=msec": 7.300
				,"percent": 96.47
				}
			,{
				"<=msec": 7.400
				,"percent": 96.71
				}
			,{
				"<=msec": 7.500
				,"percent": 96.93
				}
			,{
				"<=msec": 7.600
				,"percent": 97.18
				}
			,{
				"<=msec": 7.700
				,"percent": 97.40
				}
			,{
				"<=msec": 7.800
				,"percent": 97.56
				}
			,{
				"<=msec": 7.900
				,"percent": 97.69
				}
			,{
				"<=msec": 8.000
				,"percent": 97.80
				}
			,{
				"<=msec": 8.100
				,"percent": 97.92
				}
			,{
				"<=msec": 8.200
				,"percent": 98.00
				}
			,{
				"<=msec": 8.300
				,"percent": 98.09
				}
			,{
				"<=msec": 8.400
				,"percent": 98.19
				}
			,{
				"<=msec": 8.500
				,"percent": 98.30
				}
			,{
				"<=msec": 8.600
				,"percent": 98.42
				}
			,{
				"<=msec": 8.700
				,"percent": 98.49
				}
			,{
				"<=msec": 8.800
				,"percent": 98.55
				}
			,{
				"<=msec": 8.900
				,"percent": 98.60
				}
			,{
				"<=msec": 9.000
				,"percent": 98.66
				}
			,{
				"<=msec": 9.100
				,"percent": 98.69
				}
			,{
				"<=msec": 9.200
				,"percent": 98.74
				}
			,{
				"<=msec": 9.300
				,"percent": 98.80
				}
			,{
				"<=msec": 9.400
				,"percent": 98.85
				}
			,{
				"<=msec": 9.500
				,"percent": 98.89
				}
			,{
				"<=msec": 9.600
				,"percent": 98.95
				}
			,{
				"<=msec": 9.700
				,"percent": 98.97
				}
			,{
				"<=msec": 9.800
				,"percent": 99.06
				}
			,{
				"<=msec": 9.900
				,"percent": 99.13
				}
			,{
				"<=msec": 10.000
				,"percent": 99.37
				}
			,{
				"<=msec": 11.000
				,"percent": 99.61
				}
			,{
				"<=msec": 12.000
				,"percent": 99.74
				}
			,{
				"<=msec": 13.000
				,"percent": 99.78
				}
			,{
				"<=msec": 14.000
				,"percent": 99.81
				}
			,{
				"<=msec": 15.000
				,"percent": 99.85
				}
			,{
				"<=msec": 16.000
				,"percent": 99.90
				}
			,{
				"<=msec": 17.000
				,"percent": 99.93
				}
			,{
				"<=msec": 18.000
				,"percent": 99.94
				}
			,{
				"<=msec": 19.000
				,"percent": 99.95
				}
			,{
				"<=msec": 20.000
				,"percent": 99.96
				}
			,{
				"<=msec": 21.000
				,"percent": 99.97
				}
			,{
				"<=msec": 22.000
				,"percent": 99.97
				}
			,{
				"<=msec": 23.000
				,"percent": 99.98
				}
			,{
				"<=msec": 41.000
				,"percent": 99.99
				}
			,{
				"<=msec": 45.000
				,"percent": 100.00
				}
			,{
				"<=msec": 100.000
				,"percent": 100.00
				}
			]
		,"WAIT":[
		]
		}
	}
