{
	"configuration":{
		"server": "10.0.0.9"
		,"port": 11212
		,"unix socket": "(null)"
		,"protocol": "memcache_text"
		,"out_file": "(null)"
		,"client_stats": "(null)"
		,"run_count": 1
		,"debug": 0
		,"requests": 0
		,"clients": 2
		,"threads": 1
		,"test_time": 60
		,"ratio": "1:3"
		,"pipeline": 1
		,"data_size": 4096
		,"data_offset": 0
		,"random_data": "false"
		,"data_size_range": "0:0"
		,"data_size_list": ""
		,"data_size_pattern": "R"
		,"expiry_range": "9999:10000"
		,"data_import": "(null)"
		,"data_verify": "false"
		,"verify_only": "false"
		,"generate_keys": "false"
		,"key_prefix": "memtier-"
		,"key_minimum":           0
		,"key_maximum":        1000
		,"key_pattern": "R:R"
		,"key_stddev": 0.000000
		,"key_median": 0.000000
		,"reconnect_interval": 0
		,"multi_key_get": 3
		,"authenticate": ""
		,"select-db": 0
		,"no-expiry": "false"
		,"wait-ratio": "0:0"
		,"num-slaves": "0:0"
		,"wait-timeout": "0-0"
		}
	,"run information":{
		"Threads": 1
		,"Connections per thread": 2
		,"Seconds": 60
		}
	,"ALL STATS":{
		"Sets":{
			"Ops/sec": 357.22
			,"Hits/sec": 0.00
			,"Misses/sec": 0.00
			,"Latency": 2.77
			,"KB/sec": 1442.63
			}
		,"Gets":{
			"Ops/sec": 357.19
			,"Hits/sec": 1071.57
			,"Misses/sec": 0.00
			,"Latency": 2.81
			,"KB/sec": 4331.38
			}
		,"Waits":{
			"Ops/sec": 0.00
			,"Hits/sec": 0.00
			,"Misses/sec": 0.00
			,"Latency": 0.00
			,"KB/sec": 0.00
			}
		,"Totals":{
			"Ops/sec": 714.41
			,"Hits/sec": 1071.57
			,"Misses/sec": 0.00
			,"Latency": 2.79
			,"KB/sec": 5774.01
			}
		,"SET":[
			{
				"<=msec": 1.200
				,"percent": 0.01
				}
			,{
				"<=msec": 1.300
				,"percent": 0.21
				}
			,{
				"<=msec": 1.400
				,"percent": 1.39
				}
			,{
				"<=msec": 1.500
				,"percent": 4.82
				}
			,{
				"<=msec": 1.600
				,"percent": 11.02
				}
			,{
				"<=msec": 1.700
				,"percent": 19.68
				}
			,{
				"<=msec": 1.800
				,"percent": 29.15
				}
			,{
				"<=msec": 1.900
				,"percent": 38.72
				}
			,{
				"<=msec": 2.000
				,"percent": 46.78
				}
			,{
				"<=msec": 2.100
				,"percent": 54.25
				}
			,{
				"<=msec": 2.200
				,"percent": 59.83
				}
			,{
				"<=msec": 2.300
				,"percent": 64.44
				}
			,{
				"<=msec": 2.400
				,"percent": 67.92
				}
			,{
				"<=msec": 2.500
				,"percent": 70.86
				}
			,{
				"<=msec": 2.600
				,"percent": 73.10
				}
			,{
				"<=msec": 2.700
				,"percent": 74.94
				}
			,{
				"<=msec": 2.800
				,"percent": 76.54
				}
			,{
				"<=msec": 2.900
				,"percent": 77.79
				}
			,{
				"<=msec": 3.000
				,"percent": 79.04
				}
			,{
				"<=msec": 3.100
				,"percent": 80.13
				}
			,{
				"<=msec": 3.200
				,"percent": 81.07
				}
			,{
				"<=msec": 3.300
				,"percent": 81.75
				}
			,{
				"<=msec": 3.400
				,"percent": 82.42
				}
			,{
				"<=msec": 3.500
				,"percent": 83.07
				}
			,{
				"<=msec": 3.600
				,"percent": 83.75
				}
			,{
				"<=msec": 3.700
				,"percent": 84.30
				}
			,{
				"<=msec": 3.800
				,"percent": 84.85
				}
			,{
				"<=msec": 3.900
				,"percent": 85.32
				}
			,{
				"<=msec": 4.000
				,"percent": 85.80
				}
			,{
				"<=msec": 4.100
				,"percent": 86.30
				}
			,{
				"<=msec": 4.200
				,"percent": 86.72
				}
			,{
				"<=msec": 4.300
				,"percent": 87.15
				}
			,{
				"<=msec": 4.400
				,"percent": 87.51
				}
			,{
				"<=msec": 4.500
				,"percent": 87.83
				}
			,{
				"<=msec": 4.600
				,"percent": 88.17
				}
			,{
				"<=msec": 4.700
				,"percent": 88.49
				}
			,{
				"<=msec": 4.800
				,"percent": 88.86
				}
			,{
				"<=msec": 4.900
				,"percent": 89.22
				}
			,{
				"<=msec": 5.000
				,"percent": 89.61
				}
			,{
				"<=msec": 5.100
				,"percent": 89.97
				}
			,{
				"<=msec": 5.200
				,"percent": 90.27
				}
			,{
				"<=msec": 5.300
				,"percent": 90.57
				}
			,{
				"<=msec": 5.400
				,"percent": 90.89
				}
			,{
				"<=msec": 5.500
				,"percent": 91.16
				}
			,{
				"<=msec": 5.600
				,"percent": 91.51
				}
			,{
				"<=msec": 5.700
				,"percent": 91.80
				}
			,{
				"<=msec": 5.800
				,"percent": 92.13
				}
			,{
				"<=msec": 5.900
				,"percent": 92.45
				}
			,{
				"<=msec": 6.000
				,"percent": 92.80
				}
			,{
				"<=msec": 6.100
				,"percent": 93.12
				}
			,{
				"<=msec": 6.200
				,"percent": 93.55
				}
			,{
				"<=msec": 6.300
				,"percent": 93.84
				}
			,{
				"<=msec": 6.400
				,"percent": 94.12
				}
			,{
				"<=msec": 6.500
				,"percent": 94.44
				}
			,{
				"<=msec": 6.600
				,"percent": 94.70
				}
			,{
				"<=msec": 6.700
				,"percent": 94.93
				}
			,{
				"<=msec": 6.800
				,"percent": 95.21
				}
			,{
				"<=msec": 6.900
				,"percent": 95.43
				}
			,{
				"<=msec": 7.000
				,"percent": 95.56
				}
			,{
				"<=msec": 7.100
				,"percent": 95.79
				}
			,{
				"<=msec": 7.200
				,"percent": 96.03
				}
			,{
				"<=msec": 7.300
				,"percent": 96.24
				}
			,{
				"<=msec": 7.400
				,"percent": 96.51
				}
			,{
				"<=msec": 7.500
				,"percent": 96.80
				}
			,{
				"<=msec": 7.600
				,"percent": 97.03
				}
			,{
				"<=msec": 7.700
				,"percent": 97.23
				}
			,{
				"<=msec": 7.800
				,"percent": 97.39
				}
			,{
				"<=msec": 7.900
				,"percent": 97.56
				}
			,{
				"<=msec": 8.000
				,"percent": 97.72
				}
			,{
				"<=msec": 8.100
				,"percent": 97.89
				}
			,{
				"<=msec": 8.200
				,"percent": 98.03
				}
			,{
				"<=msec": 8.300
				,"percent": 98.17
				}
			,{
				"<=msec": 8.400
				,"percent": 98.22
				}
			,{
				"<=msec": 8.500
				,"percent": 98.29
				}
			,{
				"<=msec": 8.600
				,"percent": 98.34
				}
			,{
				"<=msec": 8.700
				,"percent": 98.40
				}
			,{
				"<=msec": 8.800
				,"percent": 98.48
				}
			,{
				"<=msec": 8.900
				,"percent": 98.53
				}
			,{
				"<=msec": 9.000
				,"percent": 98.59
				}
			,{
				"<=msec": 9.100
				,"percent": 98.65
				}
			,{
				"<=msec": 9.200
				,"percent": 98.70
				}
			,{
				"<=msec": 9.300
				,"percent": 98.75
				}
			,{
				"<=msec": 9.400
				,"percent": 98.81
				}
			,{
				"<=msec": 9.500
				,"percent": 98.87
				}
			,{
				"<=msec": 9.600
				,"percent": 98.97
				}
			,{
				"<=msec": 9.700
				,"percent": 99.02
				}
			,{
				"<=msec": 9.800
				,"percent": 99.06
				}
			,{
				"<=msec": 9.900
				,"percent": 99.10
				}
			,{
				"<=msec": 10.000
				,"percent": 99.35
				}
			,{
				"<=msec": 11.000
				,"percent": 99.60
				}
			,{
				"<=msec": 12.000
				,"percent": 99.74
				}
			,{
				"<=msec": 13.000
				,"percent": 99.83
				}
			,{
				"<=msec": 14.000
				,"percent": 99.86
				}
			,{
				"<=msec": 15.000
				,"percent": 99.89
				}
			,{
				"<=msec": 16.000
				,"percent": 99.90
				}
			,{
				"<=msec": 17.000
				,"percent": 99.93
				}
			,{
				"<=msec": 18.000
				,"percent": 99.93
				}
			,{
				"<=msec": 20.000
				,"percent": 99.94
				}
			,{
				"<=msec": 21.000
				,"percent": 99.95
				}
			,{
				"<=msec": 22.000
				,"percent": 99.96
				}
			,{
				"<=msec": 23.000
				,"percent": 99.97
				}
			,{
				"<=msec": 35.000
				,"percent": 99.98
				}
			,{
				"<=msec": 36.000
				,"percent": 99.98
				}
			,{
				"<=msec": 41.000
				,"percent": 99.99
				}
			,{
				"<=msec": 110.000
				,"percent": 100.00
				}
			]
		,"GET":[
			{
				"<=msec": 1.300
				,"percent": 0.03
				}
			,{
				"<=msec": 1.400
				,"percent": 0.34
				}
			,{
				"<=msec": 1.500
				,"percent": 1.75
				}
			,{
				"<=msec": 1.600
				,"percent": 5.45
				}
			,{
				"<=msec": 1.700
				,"percent": 12.27
				}
			,{
				"<=msec": 1.800
				,"percent": 20.77
				}
			,{
				"<=msec": 1.900
				,"percent": 30.88
				}
			,{
				"<=msec": 2.000
				,"percent": 40.22
				}
			,{
				"<=msec": 2.100
				,"percent": 48.42
				}
			,{
				"<=msec": 2.200
				,"percent": 55.14
				}
			,{
				"<=msec": 2.300
				,"percent": 60.49
				}
			,{
				"<=msec": 2.400
				,"percent": 65.04
				}
			,{
				"<=msec": 2.500
				,"percent": 68.73
				}
			,{
				"<=msec": 2.600
				,"percent": 71.56
				}
			,{
				"<=msec": 2.700
				,"percent": 73.89
				}
			,{
				"<=msec": 2.800
				,"percent": 75.72
				}
			,{
				"<=msec": 2.900
				,"percent": 77.41
				}
			,{
				"<=msec": 3.000
				,"percent": 78.76
				}
			,{
				"<=msec": 3.100
				,"percent": 79.90
				}
			,{
				"<=msec": 3.200
				,"percent": 81.03
				}
			,{
				"<=msec": 3.300
				,"percent": 81.91
				}
			,{
				"<=msec": 3.400
				,"percent": 82.77
				}
			,{
				"<=msec": 3.500
				,"percent": 83.52
				}
			,{
				"<=msec": 3.600
				,"percent": 84.20
				}
			,{
				"<=msec": 3.700
				,"percent": 84.71
				}
			,{
				"<=msec": 3.800
				,"percent": 85.25
				}
			,{
				"<=msec": 3.900
				,"percent": 85.82
				}
			,{
				"<=msec": 4.000
				,"percent": 86.31
				}
			,{
				"<=msec": 4.100
				,"percent": 86.75
				}
			,{
				"<=msec": 4.200
				,"percent": 87.12
				}
			,{
				"<=msec": 4.300
				,"percent": 87.54
				}
			,{
				"<=msec": 4.400
				,"percent": 87.99
				}
			,{
				"<=msec": 4.500
				,"percent": 88.42
				}
			,{
				"<=msec": 4.600
				,"percent": 88.76
				}
			,{
				"<=msec": 4.700
				,"percent": 89.12
				}
			,{
				"<=msec": 4.800
				,"percent": 89.44
				}
			,{
				"<=msec": 4.900
				,"percent": 89.87
				}
			,{
				"<=msec": 5.000
				,"percent": 90.20
				}
			,{
				"<=msec": 5.100
				,"percent": 90.53
				}
			,{
				"<=msec": 5.200
				,"percent": 90.84
				}
			,{
				"<=msec": 5.300
				,"percent": 91.06
				}
			,{
				"<=msec": 5.400
				,"percent": 91.33
				}
			,{
				"<=msec": 5.500
				,"percent": 91.55
				}
			,{
				"<=msec": 5.600
				,"percent": 91.86
				}
			,{
				"<=msec": 5.700
				,"percent": 92.15
				}
			,{
				"<=msec": 5.800
				,"percent": 92.49
				}
			,{
				"<=msec": 5.900
				,"percent": 92.81
				}
			,{
				"<=msec": 6.000
				,"percent": 93.08
				}
			,{
				"<=msec": 6.100
				,"percent": 93.37
				}
			,{
				"<=msec": 6.200
				,"percent": 93.67
				}
			,{
				"<=msec": 6.300
				,"percent": 94.02
				}
			,{
				"<=msec": 6.400
				,"percent": 94.37
				}
			,{
				"<=msec": 6.500
				,"percent": 94.63
				}
			,{
				"<=msec": 6.600
				,"percent": 94.88
				}
			,{
				"<=msec": 6.700
				,"percent": 95.10
				}
			,{
				"<=msec": 6.800
				,"percent": 95.28
				}
			,{
				"<=msec": 6.900
				,"percent": 95.48
				}
			,{
				"<=msec": 7.000
				,"percent": 95.70
				}
			,{
				"<=msec": 7.100
				,"percent": 95.89
				}
			,{
				"<=msec": 7.200
				,"percent": 96.11
				}
			,{
				"<=msec": 7.300
				,"percent": 96.28
				}
			,{
				"<=msec": 7.400
				,"percent": 96.49
				}
			,{
				"<=msec": 7.500
				,"percent": 96.69
				}
			,{
				"<=msec": 7.600
				,"percent": 96.90
				}
			,{
				"<=msec": 7.700
				,"percent": 97.13
				}
			,{
				"<=msec": 7.800
				,"percent": 97.33
				}
			,{
				"<=msec": 7.900
				,"percent": 97.53
				}
			,{
				"<=msec": 8.000
				,"percent": 97.73
				}
			,{
				"<=msec": 8.100
				,"percent": 97.87
				}
			,{
				"<=msec": 8.200
				,"percent": 97.97
				}
			,{
				"<=msec": 8.300
				,"percent": 98.04
				}
			,{
				"<=msec": 8.400
				,"percent": 98.17
				}
			,{
				"<=msec": 8.500
				,"percent": 98.23
				}
			,{
				"<=msec": 8.600
				,"percent": 98.27
				}
			,{
				"<=msec": 8.700
				,"percent": 98.34
				}
			,{
				"<=msec": 8.800
				,"percent": 98.41
				}
			,{
				"<=msec": 8.900
				,"percent": 98.45
				}
			,{
				"<=msec": 9.000
				,"percent": 98.52
				}
			,{
				"<=msec": 9.100
				,"percent": 98.57
				}
			,{
				"<=msec": 9.200
				,"percent": 98.62
				}
			,{
				"<=msec": 9.300
				,"percent": 98.69
				}
			,{
				"<=msec": 9.400
				,"percent": 98.75
				}
			,{
				"<=msec": 9.500
				,"percent": 98.79
				}
			,{
				"<=msec": 9.600
				,"percent": 98.84
				}
			,{
				"<=msec": 9.700
				,"percent": 98.88
				}
			,{
				"<=msec": 9.800
				,"percent": 98.91
				}
			,{
				"<=msec": 9.900
				,"percent": 98.95
				}
			,{
				"<=msec": 10.000
				,"percent": 99.26
				}
			,{
				"<=msec": 11.000
				,"percent": 99.60
				}
			,{
				"<=msec": 12.000
				,"percent": 99.76
				}
			,{
				"<=msec": 13.000
				,"percent": 99.83
				}
			,{
				"<=msec": 14.000
				,"percent": 99.87
				}
			,{
				"<=msec": 15.000
				,"percent": 99.89
				}
			,{
				"<=msec": 16.000
				,"percent": 99.93
				}
			,{
				"<=msec": 17.000
				,"percent": 99.94
				}
			,{
				"<=msec": 18.000
				,"percent": 99.95
				}
			,{
				"<=msec": 19.000
				,"percent": 99.96
				}
			,{
				"<=msec": 21.000
				,"percent": 99.98
				}
			,{
				"<=msec": 22.000
				,"percent": 99.99
				}
			,{
				"<=msec": 25.000
				,"percent": 100.00
				}
			,{
				"<=msec": 41.000
				,"percent": 100.00
				}
			]
		,"WAIT":[
		]
		}
	}
