{
	"configuration":{
		"server": "10.0.0.9"
		,"port": 11212
		,"unix socket": "(null)"
		,"protocol": "memcache_text"
		,"out_file": "(null)"
		,"client_stats": "(null)"
		,"run_count": 1
		,"debug": 0
		,"requests": 0
		,"clients": 2
		,"threads": 1
		,"test_time": 60
		,"ratio": "1:1"
		,"pipeline": 1
		,"data_size": 4096
		,"data_offset": 0
		,"random_data": "false"
		,"data_size_range": "0:0"
		,"data_size_list": ""
		,"data_size_pattern": "R"
		,"expiry_range": "9999:10000"
		,"data_import": "(null)"
		,"data_verify": "false"
		,"verify_only": "false"
		,"generate_keys": "false"
		,"key_prefix": "memtier-"
		,"key_minimum":           0
		,"key_maximum":        1000
		,"key_pattern": "R:R"
		,"key_stddev": 0.000000
		,"key_median": 0.000000
		,"reconnect_interval": 0
		,"multi_key_get": 1
		,"authenticate": ""
		,"select-db": 0
		,"no-expiry": "false"
		,"wait-ratio": "0:0"
		,"num-slaves": "0:0"
		,"wait-timeout": "0-0"
		}
	,"run information":{
		"Threads": 1
		,"Connections per thread": 2
		,"Seconds": 60
		}
	,"ALL STATS":{
		"Sets":{
			"Ops/sec": 412.12
			,"Hits/sec": 0.00
			,"Misses/sec": 0.00
			,"Latency": 2.75
			,"KB/sec": 1664.31
			}
		,"Gets":{
			"Ops/sec": 412.12
			,"Hits/sec": 412.12
			,"Misses/sec": 0.00
			,"Latency": 2.09
			,"KB/sec": 1668.49
			}
		,"Waits":{
			"Ops/sec": 0.00
			,"Hits/sec": 0.00
			,"Misses/sec": 0.00
			,"Latency": 0.00
			,"KB/sec": 0.00
			}
		,"Totals":{
			"Ops/sec": 824.23
			,"Hits/sec": 412.12
			,"Misses/sec": 0.00
			,"Latency": 2.42
			,"KB/sec": 3332.81
			}
		,"SET":[
			{
				"<=msec": 1.100
				,"percent": 0.00
				}
			,{
				"<=msec": 1.200
				,"percent": 0.04
				}
			,{
				"<=msec": 1.300
				,"percent": 0.34
				}
			,{
				"<=msec": 1.400
				,"percent": 1.93
				}
			,{
				"<=msec": 1.500
				,"percent": 6.37
				}
			,{
				"<=msec": 1.600
				,"percent": 14.31
				}
			,{
				"<=msec": 1.700
				,"percent": 24.24
				}
			,{
				"<=msec": 1.800
				,"percent": 34.09
				}
			,{
				"<=msec": 1.900
				,"percent": 42.85
				}
			,{
				"<=msec": 2.000
				,"percent": 50.19
				}
			,{
				"<=msec": 2.100
				,"percent": 56.38
				}
			,{
				"<=msec": 2.200
				,"percent": 61.35
				}
			,{
				"<=msec": 2.300
				,"percent": 65.28
				}
			,{
				"<=msec": 2.400
				,"percent": 68.34
				}
			,{
				"<=msec": 2.500
				,"percent": 70.74
				}
			,{
				"<=msec": 2.600
				,"percent": 72.65
				}
			,{
				"<=msec": 2.700
				,"percent": 74.51
				}
			,{
				"<=msec": 2.800
				,"percent": 75.93
				}
			,{
				"<=msec": 2.900
				,"percent": 77.11
				}
			,{
				"<=msec": 3.000
				,"percent": 78.21
				}
			,{
				"<=msec": 3.100
				,"percent": 79.23
				}
			,{
				"<=msec": 3.200
				,"percent": 80.14
				}
			,{
				"<=msec": 3.300
				,"percent": 80.83
				}
			,{
				"<=msec": 3.400
				,"percent": 81.66
				}
			,{
				"<=msec": 3.500
				,"percent": 82.32
				}
			,{
				"<=msec": 3.600
				,"percent": 82.97
				}
			,{
				"<=msec": 3.700
				,"percent": 83.56
				}
			,{
				"<=msec": 3.800
				,"percent": 84.12
				}
			,{
				"<=msec": 3.900
				,"percent": 84.70
				}
			,{
				"<=msec": 4.000
				,"percent": 85.23
				}
			,{
				"<=msec": 4.100
				,"percent": 85.65
				}
			,{
				"<=msec": 4.200
				,"percent": 86.14
				}
			,{
				"<=msec": 4.300
				,"percent": 86.61
				}
			,{
				"<=msec": 4.400
				,"percent": 87.09
				}
			,{
				"<=msec": 4.500
				,"percent": 87.56
				}
			,{
				"<=msec": 4.600
				,"percent": 87.99
				}
			,{
				"<=msec": 4.700
				,"percent": 88.41
				}
			,{
				"<=msec": 4.800
				,"percent": 88.84
				}
			,{
				"<=msec": 4.900
				,"percent": 89.26
				}
			,{
				"<=msec": 5.000
				,"percent": 89.62
				}
			,{
				"<=msec": 5.100
				,"percent": 89.99
				}
			,{
				"<=msec": 5.200
				,"percent": 90.31
				}
			,{
				"<=msec": 5.300
				,"percent": 90.73
				}
			,{
				"<=msec": 5.400
				,"percent": 91.12
				}
			,{
				"<=msec": 5.500
				,"percent": 91.47
				}
			,{
				"<=msec": 5.600
				,"percent": 91.75
				}
			,{
				"<=msec": 5.700
				,"percent": 92.01
				}
			,{
				"<=msec": 5.800
				,"percent": 92.31
				}
			,{
				"<=msec": 5.900
				,"percent": 92.59
				}
			,{
				"<=msec": 6.000
				,"percent": 92.93
				}
			,{
				"<=msec": 6.100
				,"percent": 93.22
				}
			,{
				"<=msec": 6.200
				,"percent": 93.51
				}
			,{
				"<=msec": 6.300
				,"percent": 93.85
				}
			,{
				"<=msec": 6.400
				,"percent": 94.19
				}
			,{
				"<=msec": 6.500
				,"percent": 94.55
				}
			,{
				"<=msec": 6.600
				,"percent": 94.86
				}
			,{
				"<=msec": 6.700
				,"percent": 95.21
				}
			,{
				"<=msec": 6.800
				,"percent": 95.44
				}
			,{
				"<=msec": 6.900
				,"percent": 95.70
				}
			,{
				"<=msec": 7.000
				,"percent": 95.94
				}
			,{
				"<=msec": 7.100
				,"percent": 96.13
				}
			,{
				"<=msec": 7.200
				,"percent": 96.34
				}
			,{
				"<=msec": 7.300
				,"percent": 96.56
				}
			,{
				"<=msec": 7.400
				,"percent": 96.84
				}
			,{
				"<=msec": 7.500
				,"percent": 97.05
				}
			,{
				"<=msec": 7.600
				,"percent": 97.23
				}
			,{
				"<=msec": 7.700
				,"percent": 97.42
				}
			,{
				"<=msec": 7.800
				,"percent": 97.56
				}
			,{
				"<=msec": 7.900
				,"percent": 97.68
				}
			,{
				"<=msec": 8.000
				,"percent": 97.82
				}
			,{
				"<=msec": 8.100
				,"percent": 97.95
				}
			,{
				"<=msec": 8.200
				,"percent": 98.05
				}
			,{
				"<=msec": 8.300
				,"percent": 98.16
				}
			,{
				"<=msec": 8.400
				,"percent": 98.29
				}
			,{
				"<=msec": 8.500
				,"percent": 98.38
				}
			,{
				"<=msec": 8.600
				,"percent": 98.46
				}
			,{
				"<=msec": 8.700
				,"percent": 98.53
				}
			,{
				"<=msec": 8.800
				,"percent": 98.59
				}
			,{
				"<=msec": 8.900
				,"percent": 98.67
				}
			,{
				"<=msec": 9.000
				,"percent": 98.71
				}
			,{
				"<=msec": 9.100
				,"percent": 98.77
				}
			,{
				"<=msec": 9.200
				,"percent": 98.82
				}
			,{
				"<=msec": 9.300
				,"percent": 98.88
				}
			,{
				"<=msec": 9.400
				,"percent": 98.93
				}
			,{
				"<=msec": 9.500
				,"percent": 98.98
				}
			,{
				"<=msec": 9.600
				,"percent": 99.02
				}
			,{
				"<=msec": 9.700
				,"percent": 99.05
				}
			,{
				"<=msec": 9.800
				,"percent": 99.07
				}
			,{
				"<=msec": 9.900
				,"percent": 99.12
				}
			,{
				"<=msec": 10.000
				,"percent": 99.33
				}
			,{
				"<=msec": 11.000
				,"percent": 99.58
				}
			,{
				"<=msec": 12.000
				,"percent": 99.72
				}
			,{
				"<=msec": 13.000
				,"percent": 99.83
				}
			,{
				"<=msec": 14.000
				,"percent": 99.88
				}
			,{
				"<=msec": 15.000
				,"percent": 99.92
				}
			,{
				"<=msec": 16.000
				,"percent": 99.93
				}
			,{
				"<=msec": 17.000
				,"percent": 99.94
				}
			,{
				"<=msec": 18.000
				,"percent": 99.95
				}
			,{
				"<=msec": 20.000
				,"percent": 99.96
				}
			,{
				"<=msec": 22.000
				,"percent": 99.96
				}
			,{
				"<=msec": 23.000
				,"percent": 99.97
				}
			,{
				"<=msec": 24.000
				,"percent": 99.97
				}
			,{
				"<=msec": 26.000
				,"percent": 99.98
				}
			,{
				"<=msec": 28.000
				,"percent": 99.98
				}
			,{
				"<=msec": 29.000
				,"percent": 99.99
				}
			,{
				"<=msec": 40.000
				,"percent": 99.99
				}
			,{
				"<=msec": 110.000
				,"percent": 100.00
				}
			,{
				"<=msec": 150.000
				,"percent": 100.00
				}
			]
		,"GET":[
			{
				"<=msec": 1.100
				,"percent": 0.20
				}
			,{
				"<=msec": 1.200
				,"percent": 2.39
				}
			,{
				"<=msec": 1.300
				,"percent": 9.86
				}
			,{
				"<=msec": 1.400
				,"percent": 22.40
				}
			,{
				"<=msec": 1.500
				,"percent": 36.54
				}
			,{
				"<=msec": 1.600
				,"percent": 48.69
				}
			,{
				"<=msec": 1.700
				,"percent": 59.10
				}
			,{
				"<=msec": 1.800
				,"percent": 66.46
				}
			,{
				"<=msec": 1.900
				,"percent": 71.69
				}
			,{
				"<=msec": 2.000
				,"percent": 75.75
				}
			,{
				"<=msec": 2.100
				,"percent": 78.79
				}
			,{
				"<=msec": 2.200
				,"percent": 81.13
				}
			,{
				"<=msec": 2.300
				,"percent": 83.09
				}
			,{
				"<=msec": 2.400
				,"percent": 84.57
				}
			,{
				"<=msec": 2.500
				,"percent": 85.74
				}
			,{
				"<=msec": 2.600
				,"percent": 86.81
				}
			,{
				"<=msec": 2.700
				,"percent": 87.67
				}
			,{
				"<=msec": 2.800
				,"percent": 88.41
				}
			,{
				"<=msec": 2.900
				,"percent": 89.08
				}
			,{
				"<=msec": 3.000
				,"percent": 89.58
				}
			,{
				"<=msec": 3.100
				,"percent": 90.09
				}
			,{
				"<=msec": 3.200
				,"percent": 90.60
				}
			,{
				"<=msec": 3.300
				,"percent": 90.88
				}
			,{
				"<=msec": 3.400
				,"percent": 91.25
				}
			,{
				"<=msec": 3.500
				,"percent": 91.56
				}
			,{
				"<=msec": 3.600
				,"percent": 91.86
				}
			,{
				"<=msec": 3.700
				,"percent": 92.16
				}
			,{
				"<=msec": 3.800
				,"percent": 92.49
				}
			,{
				"<=msec": 3.900
				,"percent": 92.79
				}
			,{
				"<=msec": 4.000
				,"percent": 93.05
				}
			,{
				"<=msec": 4.100
				,"percent": 93.29
				}
			,{
				"<=msec": 4.200
				,"percent": 93.57
				}
			,{
				"<=msec": 4.300
				,"percent": 93.78
				}
			,{
				"<=msec": 4.400
				,"percent": 94.07
				}
			,{
				"<=msec": 4.500
				,"percent": 94.29
				}
			,{
				"<=msec": 4.600
				,"percent": 94.46
				}
			,{
				"<=msec": 4.700
				,"percent": 94.65
				}
			,{
				"<=msec": 4.800
				,"percent": 94.82
				}
			,{
				"<=msec": 4.900
				,"percent": 95.01
				}
			,{
				"<=msec": 5.000
				,"percent": 95.20
				}
			,{
				"<=msec": 5.100
				,"percent": 95.40
				}
			,{
				"<=msec": 5.200
				,"percent": 95.58
				}
			,{
				"<=msec": 5.300
				,"percent": 95.77
				}
			,{
				"<=msec": 5.400
				,"percent": 95.92
				}
			,{
				"<=msec": 5.500
				,"percent": 96.10
				}
			,{
				"<=msec": 5.600
				,"percent": 96.22
				}
			,{
				"<=msec": 5.700
				,"percent": 96.40
				}
			,{
				"<=msec": 5.800
				,"percent": 96.58
				}
			,{
				"<=msec": 5.900
				,"percent": 96.74
				}
			,{
				"<=msec": 6.000
				,"percent": 96.91
				}
			,{
				"<=msec": 6.100
				,"percent": 97.13
				}
			,{
				"<=msec": 6.200
				,"percent": 97.31
				}
			,{
				"<=msec": 6.300
				,"percent": 97.48
				}
			,{
				"<=msec": 6.400
				,"percent": 97.65
				}
			,{
				"<=msec": 6.500
				,"percent": 97.80
				}
			,{
				"<=msec": 6.600
				,"percent": 97.98
				}
			,{
				"<=msec": 6.700
				,"percent": 98.10
				}
			,{
				"<=msec": 6.800
				,"percent": 98.21
				}
			,{
				"<=msec": 6.900
				,"percent": 98.33
				}
			,{
				"<=msec": 7.000
				,"percent": 98.46
				}
			,{
				"<=msec": 7.100
				,"percent": 98.53
				}
			,{
				"<=msec": 7.200
				,"percent": 98.65
				}
			,{
				"<=msec": 7.300
				,"percent": 98.74
				}
			,{
				"<=msec": 7.400
				,"percent": 98.81
				}
			,{
				"<=msec": 7.500
				,"percent": 98.88
				}
			,{
				"<=msec": 7.600
				,"percent": 98.93
				}
			,{
				"<=msec": 7.700
				,"percent": 98.98
				}
			,{
				"<=msec": 7.800
				,"percent": 99.03
				}
			,{
				"<=msec": 7.900
				,"percent": 99.08
				}
			,{
				"<=msec": 8.000
				,"percent": 99.13
				}
			,{
				"<=msec": 8.100
				,"percent": 99.17
				}
			,{
				"<=msec": 8.200
				,"percent": 99.20
				}
			,{
				"<=msec": 8.300
				,"percent": 99.24
				}
			,{
				"<=msec": 8.400
				,"percent": 99.29
				}
			,{
				"<=msec": 8.500
				,"percent": 99.31
				}
			,{
				"<=msec": 8.600
				,"percent": 99.34
				}
			,{
				"<=msec": 8.700
				,"percent": 99.37
				}
			,{
				"<=msec": 8.800
				,"percent": 99.41
				}
			,{
				"<=msec": 8.900
				,"percent": 99.43
				}
			,{
				"<=msec": 9.000
				,"percent": 99.46
				}
			,{
				"<=msec": 9.100
				,"percent": 99.48
				}
			,{
				"<=msec": 9.200
				,"percent": 99.49
				}
			,{
				"<=msec": 9.300
				,"percent": 99.51
				}
			,{
				"<=msec": 9.400
				,"percent": 99.52
				}
			,{
				"<=msec": 9.500
				,"percent": 99.55
				}
			,{
				"<=msec": 9.600
				,"percent": 99.57
				}
			,{
				"<=msec": 9.700
				,"percent": 99.60
				}
			,{
				"<=msec": 9.800
				,"percent": 99.62
				}
			,{
				"<=msec": 9.900
				,"percent": 99.64
				}
			,{
				"<=msec": 10.000
				,"percent": 99.71
				}
			,{
				"<=msec": 11.000
				,"percent": 99.81
				}
			,{
				"<=msec": 12.000
				,"percent": 99.90
				}
			,{
				"<=msec": 13.000
				,"percent": 99.92
				}
			,{
				"<=msec": 14.000
				,"percent": 99.93
				}
			,{
				"<=msec": 15.000
				,"percent": 99.96
				}
			,{
				"<=msec": 16.000
				,"percent": 99.97
				}
			,{
				"<=msec": 18.000
				,"percent": 99.97
				}
			,{
				"<=msec": 19.000
				,"percent": 99.98
				}
			,{
				"<=msec": 20.000
				,"percent": 99.98
				}
			,{
				"<=msec": 23.000
				,"percent": 99.98
				}
			,{
				"<=msec": 39.000
				,"percent": 99.99
				}
			,{
				"<=msec": 41.000
				,"percent": 99.99
				}
			,{
				"<=msec": 72.000
				,"percent": 100.00
				}
			,{
				"<=msec": 110.000
				,"percent": 100.00
				}
			]
		,"WAIT":[
		]
		}
	}
