{
	"configuration":{
		"server": "10.0.0.9"
		,"port": 11212
		,"unix socket": "(null)"
		,"protocol": "memcache_text"
		,"out_file": "(null)"
		,"client_stats": "(null)"
		,"run_count": 1
		,"debug": 0
		,"requests": 0
		,"clients": 2
		,"threads": 1
		,"test_time": 60
		,"ratio": "1:6"
		,"pipeline": 1
		,"data_size": 4096
		,"data_offset": 0
		,"random_data": "false"
		,"data_size_range": "0:0"
		,"data_size_list": ""
		,"data_size_pattern": "R"
		,"expiry_range": "9999:10000"
		,"data_import": "(null)"
		,"data_verify": "false"
		,"verify_only": "false"
		,"generate_keys": "false"
		,"key_prefix": "memtier-"
		,"key_minimum":           0
		,"key_maximum":        1000
		,"key_pattern": "R:R"
		,"key_stddev": 0.000000
		,"key_median": 0.000000
		,"reconnect_interval": 0
		,"multi_key_get": 6
		,"authenticate": ""
		,"select-db": 0
		,"no-expiry": "false"
		,"wait-ratio": "0:0"
		,"num-slaves": "0:0"
		,"wait-timeout": "0-0"
		}
	,"run information":{
		"Threads": 1
		,"Connections per thread": 2
		,"Seconds": 60
		}
	,"ALL STATS":{
		"Sets":{
			"Ops/sec": 249.19
			,"Hits/sec": 0.00
			,"Misses/sec": 0.00
			,"Latency": 3.54
			,"KB/sec": 1006.33
			}
		,"Gets":{
			"Ops/sec": 249.19
			,"Hits/sec": 1495.11
			,"Misses/sec": 0.00
			,"Latency": 4.46
			,"KB/sec": 6040.96
			}
		,"Waits":{
			"Ops/sec": 0.00
			,"Hits/sec": 0.00
			,"Misses/sec": 0.00
			,"Latency": 0.00
			,"KB/sec": 0.00
			}
		,"Totals":{
			"Ops/sec": 498.37
			,"Hits/sec": 1495.11
			,"Misses/sec": 0.00
			,"Latency": 4.00
			,"KB/sec": 7047.29
			}
		,"SET":[
			{
				"<=msec": 1.200
				,"percent": 0.01
				}
			,{
				"<=msec": 1.300
				,"percent": 0.07
				}
			,{
				"<=msec": 1.400
				,"percent": 0.50
				}
			,{
				"<=msec": 1.500
				,"percent": 2.17
				}
			,{
				"<=msec": 1.600
				,"percent": 5.14
				}
			,{
				"<=msec": 1.700
				,"percent": 10.47
				}
			,{
				"<=msec": 1.800
				,"percent": 16.94
				}
			,{
				"<=msec": 1.900
				,"percent": 24.32
				}
			,{
				"<=msec": 2.000
				,"percent": 31.63
				}
			,{
				"<=msec": 2.100
				,"percent": 38.04
				}
			,{
				"<=msec": 2.200
				,"percent": 43.91
				}
			,{
				"<=msec": 2.300
				,"percent": 48.63
				}
			,{
				"<=msec": 2.400
				,"percent": 52.46
				}
			,{
				"<=msec": 2.500
				,"percent": 55.58
				}
			,{
				"<=msec": 2.600
				,"percent": 58.27
				}
			,{
				"<=msec": 2.700
				,"percent": 60.41
				}
			,{
				"<=msec": 2.800
				,"percent": 62.36
				}
			,{
				"<=msec": 2.900
				,"percent": 64.01
				}
			,{
				"<=msec": 3.000
				,"percent": 65.28
				}
			,{
				"<=msec": 3.100
				,"percent": 66.59
				}
			,{
				"<=msec": 3.200
				,"percent": 67.73
				}
			,{
				"<=msec": 3.300
				,"percent": 68.75
				}
			,{
				"<=msec": 3.400
				,"percent": 69.68
				}
			,{
				"<=msec": 3.500
				,"percent": 70.52
				}
			,{
				"<=msec": 3.600
				,"percent": 71.20
				}
			,{
				"<=msec": 3.700
				,"percent": 71.84
				}
			,{
				"<=msec": 3.800
				,"percent": 72.38
				}
			,{
				"<=msec": 3.900
				,"percent": 73.06
				}
			,{
				"<=msec": 4.000
				,"percent": 73.64
				}
			,{
				"<=msec": 4.100
				,"percent": 74.08
				}
			,{
				"<=msec": 4.200
				,"percent": 74.58
				}
			,{
				"<=msec": 4.300
				,"percent": 74.99
				}
			,{
				"<=msec": 4.400
				,"percent": 75.56
				}
			,{
				"<=msec": 4.500
				,"percent": 76.12
				}
			,{
				"<=msec": 4.600
				,"percent": 76.63
				}
			,{
				"<=msec": 4.700
				,"percent": 77.01
				}
			,{
				"<=msec": 4.800
				,"percent": 77.41
				}
			,{
				"<=msec": 4.900
				,"percent": 77.89
				}
			,{
				"<=msec": 5.000
				,"percent": 78.26
				}
			,{
				"<=msec": 5.100
				,"percent": 78.71
				}
			,{
				"<=msec": 5.200
				,"percent": 79.03
				}
			,{
				"<=msec": 5.300
				,"percent": 79.49
				}
			,{
				"<=msec": 5.400
				,"percent": 79.97
				}
			,{
				"<=msec": 5.500
				,"percent": 80.35
				}
			,{
				"<=msec": 5.600
				,"percent": 80.84
				}
			,{
				"<=msec": 5.700
				,"percent": 81.36
				}
			,{
				"<=msec": 5.800
				,"percent": 81.83
				}
			,{
				"<=msec": 5.900
				,"percent": 82.30
				}
			,{
				"<=msec": 6.000
				,"percent": 82.75
				}
			,{
				"<=msec": 6.100
				,"percent": 83.29
				}
			,{
				"<=msec": 6.200
				,"percent": 83.74
				}
			,{
				"<=msec": 6.300
				,"percent": 84.22
				}
			,{
				"<=msec": 6.400
				,"percent": 84.72
				}
			,{
				"<=msec": 6.500
				,"percent": 85.25
				}
			,{
				"<=msec": 6.600
				,"percent": 85.76
				}
			,{
				"<=msec": 6.700
				,"percent": 86.35
				}
			,{
				"<=msec": 6.800
				,"percent": 86.91
				}
			,{
				"<=msec": 6.900
				,"percent": 87.39
				}
			,{
				"<=msec": 7.000
				,"percent": 87.85
				}
			,{
				"<=msec": 7.100
				,"percent": 88.35
				}
			,{
				"<=msec": 7.200
				,"percent": 88.81
				}
			,{
				"<=msec": 7.300
				,"percent": 89.26
				}
			,{
				"<=msec": 7.400
				,"percent": 89.78
				}
			,{
				"<=msec": 7.500
				,"percent": 90.32
				}
			,{
				"<=msec": 7.600
				,"percent": 90.80
				}
			,{
				"<=msec": 7.700
				,"percent": 91.34
				}
			,{
				"<=msec": 7.800
				,"percent": 91.83
				}
			,{
				"<=msec": 7.900
				,"percent": 92.20
				}
			,{
				"<=msec": 8.000
				,"percent": 92.58
				}
			,{
				"<=msec": 8.100
				,"percent": 93.00
				}
			,{
				"<=msec": 8.200
				,"percent": 93.39
				}
			,{
				"<=msec": 8.300
				,"percent": 93.71
				}
			,{
				"<=msec": 8.400
				,"percent": 94.09
				}
			,{
				"<=msec": 8.500
				,"percent": 94.48
				}
			,{
				"<=msec": 8.600
				,"percent": 94.82
				}
			,{
				"<=msec": 8.700
				,"percent": 95.18
				}
			,{
				"<=msec": 8.800
				,"percent": 95.45
				}
			,{
				"<=msec": 8.900
				,"percent": 95.73
				}
			,{
				"<=msec": 9.000
				,"percent": 95.96
				}
			,{
				"<=msec": 9.100
				,"percent": 96.20
				}
			,{
				"<=msec": 9.200
				,"percent": 96.47
				}
			,{
				"<=msec": 9.300
				,"percent": 96.78
				}
			,{
				"<=msec": 9.400
				,"percent": 97.04
				}
			,{
				"<=msec": 9.500
				,"percent": 97.22
				}
			,{
				"<=msec": 9.600
				,"percent": 97.37
				}
			,{
				"<=msec": 9.700
				,"percent": 97.57
				}
			,{
				"<=msec": 9.800
				,"percent": 97.77
				}
			,{
				"<=msec": 9.900
				,"percent": 98.04
				}
			,{
				"<=msec": 10.000
				,"percent": 98.90
				}
			,{
				"<=msec": 11.000
				,"percent": 99.46
				}
			,{
				"<=msec": 12.000
				,"percent": 99.65
				}
			,{
				"<=msec": 13.000
				,"percent": 99.74
				}
			,{
				"<=msec": 14.000
				,"percent": 99.78
				}
			,{
				"<=msec": 15.000
				,"percent": 99.81
				}
			,{
				"<=msec": 16.000
				,"percent": 99.87
				}
			,{
				"<=msec": 17.000
				,"percent": 99.90
				}
			,{
				"<=msec": 18.000
				,"percent": 99.91
				}
			,{
				"<=msec": 19.000
				,"percent": 99.96
				}
			,{
				"<=msec": 20.000
				,"percent": 99.97
				}
			,{
				"<=msec": 21.000
				,"percent": 99.98
				}
			,{
				"<=msec": 27.000
				,"percent": 99.99
				}
			,{
				"<=msec": 39.000
				,"percent": 99.99
				}
			,{
				"<=msec": 110.000
				,"percent": 100.00
				}
			]
		,"GET":[
			{
				"<=msec": 1.600
				,"percent": 0.01
				}
			,{
				"<=msec": 1.700
				,"percent": 0.09
				}
			,{
				"<=msec": 1.800
				,"percent": 0.49
				}
			,{
				"<=msec": 1.900
				,"percent": 1.18
				}
			,{
				"<=msec": 2.000
				,"percent": 2.51
				}
			,{
				"<=msec": 2.100
				,"percent": 4.98
				}
			,{
				"<=msec": 2.200
				,"percent": 8.37
				}
			,{
				"<=msec": 2.300
				,"percent": 12.54
				}
			,{
				"<=msec": 2.400
				,"percent": 17.50
				}
			,{
				"<=msec": 2.500
				,"percent": 22.49
				}
			,{
				"<=msec": 2.600
				,"percent": 27.73
				}
			,{
				"<=msec": 2.700
				,"percent": 32.58
				}
			,{
				"<=msec": 2.800
				,"percent": 37.60
				}
			,{
				"<=msec": 2.900
				,"percent": 41.51
				}
			,{
				"<=msec": 3.000
				,"percent": 45.12
				}
			,{
				"<=msec": 3.100
				,"percent": 48.43
				}
			,{
				"<=msec": 3.200
				,"percent": 51.13
				}
			,{
				"<=msec": 3.300
				,"percent": 53.55
				}
			,{
				"<=msec": 3.400
				,"percent": 55.60
				}
			,{
				"<=msec": 3.500
				,"percent": 57.35
				}
			,{
				"<=msec": 3.600
				,"percent": 58.69
				}
			,{
				"<=msec": 3.700
				,"percent": 60.10
				}
			,{
				"<=msec": 3.800
				,"percent": 61.37
				}
			,{
				"<=msec": 3.900
				,"percent": 62.56
				}
			,{
				"<=msec": 4.000
				,"percent": 63.52
				}
			,{
				"<=msec": 4.100
				,"percent": 64.39
				}
			,{
				"<=msec": 4.200
				,"percent": 65.19
				}
			,{
				"<=msec": 4.300
				,"percent": 66.02
				}
			,{
				"<=msec": 4.400
				,"percent": 66.87
				}
			,{
				"<=msec": 4.500
				,"percent": 67.51
				}
			,{
				"<=msec": 4.600
				,"percent": 68.02
				}
			,{
				"<=msec": 4.700
				,"percent": 68.63
				}
			,{
				"<=msec": 4.800
				,"percent": 69.19
				}
			,{
				"<=msec": 4.900
				,"percent": 69.74
				}
			,{
				"<=msec": 5.000
				,"percent": 70.34
				}
			,{
				"<=msec": 5.100
				,"percent": 70.89
				}
			,{
				"<=msec": 5.200
				,"percent": 71.38
				}
			,{
				"<=msec": 5.300
				,"percent": 71.82
				}
			,{
				"<=msec": 5.400
				,"percent": 72.31
				}
			,{
				"<=msec": 5.500
				,"percent": 72.72
				}
			,{
				"<=msec": 5.600
				,"percent": 73.19
				}
			,{
				"<=msec": 5.700
				,"percent": 73.64
				}
			,{
				"<=msec": 5.800
				,"percent": 74.04
				}
			,{
				"<=msec": 5.900
				,"percent": 74.59
				}
			,{
				"<=msec": 6.000
				,"percent": 75.08
				}
			,{
				"<=msec": 6.100
				,"percent": 75.69
				}
			,{
				"<=msec": 6.200
				,"percent": 76.18
				}
			,{
				"<=msec": 6.300
				,"percent": 76.65
				}
			,{
				"<=msec": 6.400
				,"percent": 77.31
				}
			,{
				"<=msec": 6.500
				,"percent": 77.78
				}
			,{
				"<=msec": 6.600
				,"percent": 78.50
				}
			,{
				"<=msec": 6.700
				,"percent": 79.22
				}
			,{
				"<=msec": 6.800
				,"percent": 79.91
				}
			,{
				"<=msec": 6.900
				,"percent": 80.50
				}
			,{
				"<=msec": 7.000
				,"percent": 81.06
				}
			,{
				"<=msec": 7.100
				,"percent": 81.72
				}
			,{
				"<=msec": 7.200
				,"percent": 82.36
				}
			,{
				"<=msec": 7.300
				,"percent": 83.07
				}
			,{
				"<=msec": 7.400
				,"percent": 83.69
				}
			,{
				"<=msec": 7.500
				,"percent": 84.41
				}
			,{
				"<=msec": 7.600
				,"percent": 85.05
				}
			,{
				"<=msec": 7.700
				,"percent": 85.61
				}
			,{
				"<=msec": 7.800
				,"percent": 86.26
				}
			,{
				"<=msec": 7.900
				,"percent": 86.86
				}
			,{
				"<=msec": 8.000
				,"percent": 87.46
				}
			,{
				"<=msec": 8.100
				,"percent": 88.05
				}
			,{
				"<=msec": 8.200
				,"percent": 88.58
				}
			,{
				"<=msec": 8.300
				,"percent": 89.21
				}
			,{
				"<=msec": 8.400
				,"percent": 89.68
				}
			,{
				"<=msec": 8.500
				,"percent": 90.25
				}
			,{
				"<=msec": 8.600
				,"percent": 90.85
				}
			,{
				"<=msec": 8.700
				,"percent": 91.49
				}
			,{
				"<=msec": 8.800
				,"percent": 92.01
				}
			,{
				"<=msec": 8.900
				,"percent": 92.59
				}
			,{
				"<=msec": 9.000
				,"percent": 93.11
				}
			,{
				"<=msec": 9.100
				,"percent": 93.54
				}
			,{
				"<=msec": 9.200
				,"percent": 93.95
				}
			,{
				"<=msec": 9.300
				,"percent": 94.36
				}
			,{
				"<=msec": 9.400
				,"percent": 94.78
				}
			,{
				"<=msec": 9.500
				,"percent": 95.14
				}
			,{
				"<=msec": 9.600
				,"percent": 95.53
				}
			,{
				"<=msec": 9.700
				,"percent": 95.85
				}
			,{
				"<=msec": 9.800
				,"percent": 96.19
				}
			,{
				"<=msec": 9.900
				,"percent": 96.42
				}
			,{
				"<=msec": 10.000
				,"percent": 97.44
				}
			,{
				"<=msec": 11.000
				,"percent": 98.74
				}
			,{
				"<=msec": 12.000
				,"percent": 99.24
				}
			,{
				"<=msec": 13.000
				,"percent": 99.47
				}
			,{
				"<=msec": 14.000
				,"percent": 99.57
				}
			,{
				"<=msec": 15.000
				,"percent": 99.63
				}
			,{
				"<=msec": 16.000
				,"percent": 99.69
				}
			,{
				"<=msec": 17.000
				,"percent": 99.73
				}
			,{
				"<=msec": 18.000
				,"percent": 99.79
				}
			,{
				"<=msec": 19.000
				,"percent": 99.81
				}
			,{
				"<=msec": 20.000
				,"percent": 99.85
				}
			,{
				"<=msec": 21.000
				,"percent": 99.90
				}
			,{
				"<=msec": 22.000
				,"percent": 99.92
				}
			,{
				"<=msec": 23.000
				,"percent": 99.93
				}
			,{
				"<=msec": 24.000
				,"percent": 99.94
				}
			,{
				"<=msec": 26.000
				,"percent": 99.95
				}
			,{
				"<=msec": 27.000
				,"percent": 99.97
				}
			,{
				"<=msec": 28.000
				,"percent": 99.98
				}
			,{
				"<=msec": 33.000
				,"percent": 99.99
				}
			,{
				"<=msec": 35.000
				,"percent": 99.99
				}
			,{
				"<=msec": 110.000
				,"percent": 100.00
				}
			]
		,"WAIT":[
		]
		}
	}
