{
	"configuration":{
		"server": "10.0.0.9"
		,"port": 11212
		,"unix socket": "(null)"
		,"protocol": "memcache_text"
		,"out_file": "(null)"
		,"client_stats": "(null)"
		,"run_count": 1
		,"debug": 0
		,"requests": 0
		,"clients": 2
		,"threads": 1
		,"test_time": 60
		,"ratio": "1:6"
		,"pipeline": 1
		,"data_size": 4096
		,"data_offset": 0
		,"random_data": "false"
		,"data_size_range": "0:0"
		,"data_size_list": ""
		,"data_size_pattern": "R"
		,"expiry_range": "9999:10000"
		,"data_import": "(null)"
		,"data_verify": "false"
		,"verify_only": "false"
		,"generate_keys": "false"
		,"key_prefix": "memtier-"
		,"key_minimum":           0
		,"key_maximum":        1000
		,"key_pattern": "R:R"
		,"key_stddev": 0.000000
		,"key_median": 0.000000
		,"reconnect_interval": 0
		,"multi_key_get": 6
		,"authenticate": ""
		,"select-db": 0
		,"no-expiry": "false"
		,"wait-ratio": "0:0"
		,"num-slaves": "0:0"
		,"wait-timeout": "0-0"
		}
	,"run information":{
		"Threads": 1
		,"Connections per thread": 2
		,"Seconds": 60
		}
	,"ALL STATS":{
		"Sets":{
			"Ops/sec": 257.22
			,"Hits/sec": 0.00
			,"Misses/sec": 0.00
			,"Latency": 3.40
			,"KB/sec": 1038.78
			}
		,"Gets":{
			"Ops/sec": 257.22
			,"Hits/sec": 1543.34
			,"Misses/sec": 0.00
			,"Latency": 4.35
			,"KB/sec": 6235.81
			}
		,"Waits":{
			"Ops/sec": 0.00
			,"Hits/sec": 0.00
			,"Misses/sec": 0.00
			,"Latency": 0.00
			,"KB/sec": 0.00
			}
		,"Totals":{
			"Ops/sec": 514.45
			,"Hits/sec": 1543.34
			,"Misses/sec": 0.00
			,"Latency": 3.88
			,"KB/sec": 7274.59
			}
		,"SET":[
			{
				"<=msec": 0.970
				,"percent": 0.01
				}
			,{
				"<=msec": 1.000
				,"percent": 0.06
				}
			,{
				"<=msec": 1.100
				,"percent": 0.32
				}
			,{
				"<=msec": 1.200
				,"percent": 1.39
				}
			,{
				"<=msec": 1.300
				,"percent": 3.68
				}
			,{
				"<=msec": 1.400
				,"percent": 8.00
				}
			,{
				"<=msec": 1.500
				,"percent": 13.86
				}
			,{
				"<=msec": 1.600
				,"percent": 20.23
				}
			,{
				"<=msec": 1.700
				,"percent": 26.31
				}
			,{
				"<=msec": 1.800
				,"percent": 32.45
				}
			,{
				"<=msec": 1.900
				,"percent": 38.25
				}
			,{
				"<=msec": 2.000
				,"percent": 43.36
				}
			,{
				"<=msec": 2.100
				,"percent": 47.80
				}
			,{
				"<=msec": 2.200
				,"percent": 51.60
				}
			,{
				"<=msec": 2.300
				,"percent": 54.70
				}
			,{
				"<=msec": 2.400
				,"percent": 57.41
				}
			,{
				"<=msec": 2.500
				,"percent": 59.47
				}
			,{
				"<=msec": 2.600
				,"percent": 61.31
				}
			,{
				"<=msec": 2.700
				,"percent": 62.84
				}
			,{
				"<=msec": 2.800
				,"percent": 64.32
				}
			,{
				"<=msec": 2.900
				,"percent": 65.60
				}
			,{
				"<=msec": 3.000
				,"percent": 66.83
				}
			,{
				"<=msec": 3.100
				,"percent": 67.89
				}
			,{
				"<=msec": 3.200
				,"percent": 68.72
				}
			,{
				"<=msec": 3.300
				,"percent": 69.45
				}
			,{
				"<=msec": 3.400
				,"percent": 70.27
				}
			,{
				"<=msec": 3.500
				,"percent": 70.87
				}
			,{
				"<=msec": 3.600
				,"percent": 71.59
				}
			,{
				"<=msec": 3.700
				,"percent": 72.18
				}
			,{
				"<=msec": 3.800
				,"percent": 72.77
				}
			,{
				"<=msec": 3.900
				,"percent": 73.31
				}
			,{
				"<=msec": 4.000
				,"percent": 73.74
				}
			,{
				"<=msec": 4.100
				,"percent": 74.21
				}
			,{
				"<=msec": 4.200
				,"percent": 74.65
				}
			,{
				"<=msec": 4.300
				,"percent": 75.18
				}
			,{
				"<=msec": 4.400
				,"percent": 75.64
				}
			,{
				"<=msec": 4.500
				,"percent": 76.09
				}
			,{
				"<=msec": 4.600
				,"percent": 76.52
				}
			,{
				"<=msec": 4.700
				,"percent": 77.06
				}
			,{
				"<=msec": 4.800
				,"percent": 77.54
				}
			,{
				"<=msec": 4.900
				,"percent": 77.94
				}
			,{
				"<=msec": 5.000
				,"percent": 78.33
				}
			,{
				"<=msec": 5.100
				,"percent": 78.72
				}
			,{
				"<=msec": 5.200
				,"percent": 79.12
				}
			,{
				"<=msec": 5.300
				,"percent": 79.49
				}
			,{
				"<=msec": 5.400
				,"percent": 79.96
				}
			,{
				"<=msec": 5.500
				,"percent": 80.34
				}
			,{
				"<=msec": 5.600
				,"percent": 80.82
				}
			,{
				"<=msec": 5.700
				,"percent": 81.36
				}
			,{
				"<=msec": 5.800
				,"percent": 81.77
				}
			,{
				"<=msec": 5.900
				,"percent": 82.37
				}
			,{
				"<=msec": 6.000
				,"percent": 82.82
				}
			,{
				"<=msec": 6.100
				,"percent": 83.32
				}
			,{
				"<=msec": 6.200
				,"percent": 83.83
				}
			,{
				"<=msec": 6.300
				,"percent": 84.39
				}
			,{
				"<=msec": 6.400
				,"percent": 84.94
				}
			,{
				"<=msec": 6.500
				,"percent": 85.47
				}
			,{
				"<=msec": 6.600
				,"percent": 86.08
				}
			,{
				"<=msec": 6.700
				,"percent": 86.59
				}
			,{
				"<=msec": 6.800
				,"percent": 87.05
				}
			,{
				"<=msec": 6.900
				,"percent": 87.61
				}
			,{
				"<=msec": 7.000
				,"percent": 88.18
				}
			,{
				"<=msec": 7.100
				,"percent": 88.56
				}
			,{
				"<=msec": 7.200
				,"percent": 89.07
				}
			,{
				"<=msec": 7.300
				,"percent": 89.46
				}
			,{
				"<=msec": 7.400
				,"percent": 89.87
				}
			,{
				"<=msec": 7.500
				,"percent": 90.29
				}
			,{
				"<=msec": 7.600
				,"percent": 90.65
				}
			,{
				"<=msec": 7.700
				,"percent": 91.01
				}
			,{
				"<=msec": 7.800
				,"percent": 91.45
				}
			,{
				"<=msec": 7.900
				,"percent": 91.91
				}
			,{
				"<=msec": 8.000
				,"percent": 92.38
				}
			,{
				"<=msec": 8.100
				,"percent": 92.75
				}
			,{
				"<=msec": 8.200
				,"percent": 93.20
				}
			,{
				"<=msec": 8.300
				,"percent": 93.58
				}
			,{
				"<=msec": 8.400
				,"percent": 93.92
				}
			,{
				"<=msec": 8.500
				,"percent": 94.27
				}
			,{
				"<=msec": 8.600
				,"percent": 94.64
				}
			,{
				"<=msec": 8.700
				,"percent": 94.99
				}
			,{
				"<=msec": 8.800
				,"percent": 95.39
				}
			,{
				"<=msec": 8.900
				,"percent": 95.70
				}
			,{
				"<=msec": 9.000
				,"percent": 96.01
				}
			,{
				"<=msec": 9.100
				,"percent": 96.27
				}
			,{
				"<=msec": 9.200
				,"percent": 96.51
				}
			,{
				"<=msec": 9.300
				,"percent": 96.73
				}
			,{
				"<=msec": 9.400
				,"percent": 97.06
				}
			,{
				"<=msec": 9.500
				,"percent": 97.30
				}
			,{
				"<=msec": 9.600
				,"percent": 97.49
				}
			,{
				"<=msec": 9.700
				,"percent": 97.66
				}
			,{
				"<=msec": 9.800
				,"percent": 97.80
				}
			,{
				"<=msec": 9.900
				,"percent": 97.97
				}
			,{
				"<=msec": 10.000
				,"percent": 98.64
				}
			,{
				"<=msec": 11.000
				,"percent": 99.37
				}
			,{
				"<=msec": 12.000
				,"percent": 99.60
				}
			,{
				"<=msec": 13.000
				,"percent": 99.71
				}
			,{
				"<=msec": 14.000
				,"percent": 99.76
				}
			,{
				"<=msec": 15.000
				,"percent": 99.82
				}
			,{
				"<=msec": 16.000
				,"percent": 99.85
				}
			,{
				"<=msec": 17.000
				,"percent": 99.87
				}
			,{
				"<=msec": 18.000
				,"percent": 99.88
				}
			,{
				"<=msec": 19.000
				,"percent": 99.90
				}
			,{
				"<=msec": 20.000
				,"percent": 99.94
				}
			,{
				"<=msec": 21.000
				,"percent": 99.95
				}
			,{
				"<=msec": 22.000
				,"percent": 99.96
				}
			,{
				"<=msec": 23.000
				,"percent": 99.97
				}
			,{
				"<=msec": 25.000
				,"percent": 99.98
				}
			,{
				"<=msec": 28.000
				,"percent": 99.99
				}
			,{
				"<=msec": 39.000
				,"percent": 99.99
				}
			,{
				"<=msec": 110.000
				,"percent": 100.00
				}
			]
		,"GET":[
			{
				"<=msec": 1.300
				,"percent": 0.03
				}
			,{
				"<=msec": 1.400
				,"percent": 0.09
				}
			,{
				"<=msec": 1.500
				,"percent": 0.36
				}
			,{
				"<=msec": 1.600
				,"percent": 0.91
				}
			,{
				"<=msec": 1.700
				,"percent": 2.38
				}
			,{
				"<=msec": 1.800
				,"percent": 4.56
				}
			,{
				"<=msec": 1.900
				,"percent": 7.63
				}
			,{
				"<=msec": 2.000
				,"percent": 11.37
				}
			,{
				"<=msec": 2.100
				,"percent": 16.15
				}
			,{
				"<=msec": 2.200
				,"percent": 21.03
				}
			,{
				"<=msec": 2.300
				,"percent": 25.57
				}
			,{
				"<=msec": 2.400
				,"percent": 30.01
				}
			,{
				"<=msec": 2.500
				,"percent": 34.77
				}
			,{
				"<=msec": 2.600
				,"percent": 38.55
				}
			,{
				"<=msec": 2.700
				,"percent": 41.99
				}
			,{
				"<=msec": 2.800
				,"percent": 45.13
				}
			,{
				"<=msec": 2.900
				,"percent": 47.97
				}
			,{
				"<=msec": 3.000
				,"percent": 50.33
				}
			,{
				"<=msec": 3.100
				,"percent": 52.64
				}
			,{
				"<=msec": 3.200
				,"percent": 54.53
				}
			,{
				"<=msec": 3.300
				,"percent": 56.37
				}
			,{
				"<=msec": 3.400
				,"percent": 57.92
				}
			,{
				"<=msec": 3.500
				,"percent": 59.35
				}
			,{
				"<=msec": 3.600
				,"percent": 60.72
				}
			,{
				"<=msec": 3.700
				,"percent": 61.92
				}
			,{
				"<=msec": 3.800
				,"percent": 62.81
				}
			,{
				"<=msec": 3.900
				,"percent": 63.57
				}
			,{
				"<=msec": 4.000
				,"percent": 64.36
				}
			,{
				"<=msec": 4.100
				,"percent": 65.03
				}
			,{
				"<=msec": 4.200
				,"percent": 65.76
				}
			,{
				"<=msec": 4.300
				,"percent": 66.41
				}
			,{
				"<=msec": 4.400
				,"percent": 66.97
				}
			,{
				"<=msec": 4.500
				,"percent": 67.58
				}
			,{
				"<=msec": 4.600
				,"percent": 68.25
				}
			,{
				"<=msec": 4.700
				,"percent": 68.74
				}
			,{
				"<=msec": 4.800
				,"percent": 69.24
				}
			,{
				"<=msec": 4.900
				,"percent": 69.66
				}
			,{
				"<=msec": 5.000
				,"percent": 70.14
				}
			,{
				"<=msec": 5.100
				,"percent": 70.63
				}
			,{
				"<=msec": 5.200
				,"percent": 71.14
				}
			,{
				"<=msec": 5.300
				,"percent": 71.50
				}
			,{
				"<=msec": 5.400
				,"percent": 72.00
				}
			,{
				"<=msec": 5.500
				,"percent": 72.39
				}
			,{
				"<=msec": 5.600
				,"percent": 72.86
				}
			,{
				"<=msec": 5.700
				,"percent": 73.29
				}
			,{
				"<=msec": 5.800
				,"percent": 73.75
				}
			,{
				"<=msec": 5.900
				,"percent": 74.30
				}
			,{
				"<=msec": 6.000
				,"percent": 74.75
				}
			,{
				"<=msec": 6.100
				,"percent": 75.09
				}
			,{
				"<=msec": 6.200
				,"percent": 75.56
				}
			,{
				"<=msec": 6.300
				,"percent": 76.07
				}
			,{
				"<=msec": 6.400
				,"percent": 76.58
				}
			,{
				"<=msec": 6.500
				,"percent": 77.15
				}
			,{
				"<=msec": 6.600
				,"percent": 77.66
				}
			,{
				"<=msec": 6.700
				,"percent": 78.20
				}
			,{
				"<=msec": 6.800
				,"percent": 78.82
				}
			,{
				"<=msec": 6.900
				,"percent": 79.51
				}
			,{
				"<=msec": 7.000
				,"percent": 80.08
				}
			,{
				"<=msec": 7.100
				,"percent": 80.68
				}
			,{
				"<=msec": 7.200
				,"percent": 81.26
				}
			,{
				"<=msec": 7.300
				,"percent": 81.92
				}
			,{
				"<=msec": 7.400
				,"percent": 82.55
				}
			,{
				"<=msec": 7.500
				,"percent": 83.15
				}
			,{
				"<=msec": 7.600
				,"percent": 83.80
				}
			,{
				"<=msec": 7.700
				,"percent": 84.39
				}
			,{
				"<=msec": 7.800
				,"percent": 84.97
				}
			,{
				"<=msec": 7.900
				,"percent": 85.55
				}
			,{
				"<=msec": 8.000
				,"percent": 86.15
				}
			,{
				"<=msec": 8.100
				,"percent": 86.72
				}
			,{
				"<=msec": 8.200
				,"percent": 87.19
				}
			,{
				"<=msec": 8.300
				,"percent": 87.82
				}
			,{
				"<=msec": 8.400
				,"percent": 88.41
				}
			,{
				"<=msec": 8.500
				,"percent": 88.97
				}
			,{
				"<=msec": 8.600
				,"percent": 89.52
				}
			,{
				"<=msec": 8.700
				,"percent": 90.03
				}
			,{
				"<=msec": 8.800
				,"percent": 90.66
				}
			,{
				"<=msec": 8.900
				,"percent": 91.26
				}
			,{
				"<=msec": 9.000
				,"percent": 91.66
				}
			,{
				"<=msec": 9.100
				,"percent": 92.21
				}
			,{
				"<=msec": 9.200
				,"percent": 92.75
				}
			,{
				"<=msec": 9.300
				,"percent": 93.20
				}
			,{
				"<=msec": 9.400
				,"percent": 93.75
				}
			,{
				"<=msec": 9.500
				,"percent": 94.24
				}
			,{
				"<=msec": 9.600
				,"percent": 94.64
				}
			,{
				"<=msec": 9.700
				,"percent": 95.08
				}
			,{
				"<=msec": 9.800
				,"percent": 95.54
				}
			,{
				"<=msec": 9.900
				,"percent": 95.86
				}
			,{
				"<=msec": 10.000
				,"percent": 97.53
				}
			,{
				"<=msec": 11.000
				,"percent": 98.74
				}
			,{
				"<=msec": 12.000
				,"percent": 99.20
				}
			,{
				"<=msec": 13.000
				,"percent": 99.42
				}
			,{
				"<=msec": 14.000
				,"percent": 99.59
				}
			,{
				"<=msec": 15.000
				,"percent": 99.64
				}
			,{
				"<=msec": 16.000
				,"percent": 99.71
				}
			,{
				"<=msec": 17.000
				,"percent": 99.77
				}
			,{
				"<=msec": 18.000
				,"percent": 99.81
				}
			,{
				"<=msec": 19.000
				,"percent": 99.86
				}
			,{
				"<=msec": 20.000
				,"percent": 99.91
				}
			,{
				"<=msec": 21.000
				,"percent": 99.93
				}
			,{
				"<=msec": 22.000
				,"percent": 99.95
				}
			,{
				"<=msec": 23.000
				,"percent": 99.97
				}
			,{
				"<=msec": 24.000
				,"percent": 99.97
				}
			,{
				"<=msec": 25.000
				,"percent": 99.98
				}
			,{
				"<=msec": 28.000
				,"percent": 99.99
				}
			,{
				"<=msec": 37.000
				,"percent": 99.99
				}
			,{
				"<=msec": 110.000
				,"percent": 100.00
				}
			]
		,"WAIT":[
		]
		}
	}
