{
	"configuration":{
		"server": "10.0.0.9"
		,"port": 11212
		,"unix socket": "(null)"
		,"protocol": "memcache_text"
		,"out_file": "(null)"
		,"client_stats": "(null)"
		,"run_count": 1
		,"debug": 0
		,"requests": 0
		,"clients": 2
		,"threads": 1
		,"test_time": 60
		,"ratio": "1:9"
		,"pipeline": 1
		,"data_size": 4096
		,"data_offset": 0
		,"random_data": "false"
		,"data_size_range": "0:0"
		,"data_size_list": ""
		,"data_size_pattern": "R"
		,"expiry_range": "9999:10000"
		,"data_import": "(null)"
		,"data_verify": "false"
		,"verify_only": "false"
		,"generate_keys": "false"
		,"key_prefix": "memtier-"
		,"key_minimum":           0
		,"key_maximum":        1000
		,"key_pattern": "R:R"
		,"key_stddev": 0.000000
		,"key_median": 0.000000
		,"reconnect_interval": 0
		,"multi_key_get": 9
		,"authenticate": ""
		,"select-db": 0
		,"no-expiry": "false"
		,"wait-ratio": "0:0"
		,"num-slaves": "0:0"
		,"wait-timeout": "0-0"
		}
	,"run information":{
		"Threads": 1
		,"Connections per thread": 2
		,"Seconds": 60
		}
	,"ALL STATS":{
		"Sets":{
			"Ops/sec": 186.21
			,"Hits/sec": 0.00
			,"Misses/sec": 0.00
			,"Latency": 4.61
			,"KB/sec": 752.02
			}
		,"Gets":{
			"Ops/sec": 186.18
			,"Hits/sec": 1675.62
			,"Misses/sec": 0.00
			,"Latency": 6.10
			,"KB/sec": 6769.41
			}
		,"Waits":{
			"Ops/sec": 0.00
			,"Hits/sec": 0.00
			,"Misses/sec": 0.00
			,"Latency": 0.00
			,"KB/sec": 0.00
			}
		,"Totals":{
			"Ops/sec": 372.39
			,"Hits/sec": 1675.62
			,"Misses/sec": 0.00
			,"Latency": 5.36
			,"KB/sec": 7521.42
			}
		,"SET":[
			{
				"<=msec": 1.100
				,"percent": 0.26
				}
			,{
				"<=msec": 1.200
				,"percent": 1.06
				}
			,{
				"<=msec": 1.300
				,"percent": 3.19
				}
			,{
				"<=msec": 1.400
				,"percent": 6.92
				}
			,{
				"<=msec": 1.500
				,"percent": 11.99
				}
			,{
				"<=msec": 1.600
				,"percent": 17.72
				}
			,{
				"<=msec": 1.700
				,"percent": 23.94
				}
			,{
				"<=msec": 1.800
				,"percent": 29.67
				}
			,{
				"<=msec": 1.900
				,"percent": 34.89
				}
			,{
				"<=msec": 2.000
				,"percent": 39.34
				}
			,{
				"<=msec": 2.100
				,"percent": 42.53
				}
			,{
				"<=msec": 2.200
				,"percent": 45.63
				}
			,{
				"<=msec": 2.300
				,"percent": 47.89
				}
			,{
				"<=msec": 2.400
				,"percent": 49.96
				}
			,{
				"<=msec": 2.500
				,"percent": 51.52
				}
			,{
				"<=msec": 2.600
				,"percent": 53.26
				}
			,{
				"<=msec": 2.700
				,"percent": 54.49
				}
			,{
				"<=msec": 2.800
				,"percent": 55.59
				}
			,{
				"<=msec": 2.900
				,"percent": 56.45
				}
			,{
				"<=msec": 3.000
				,"percent": 57.30
				}
			,{
				"<=msec": 3.100
				,"percent": 58.14
				}
			,{
				"<=msec": 3.200
				,"percent": 58.79
				}
			,{
				"<=msec": 3.300
				,"percent": 59.42
				}
			,{
				"<=msec": 3.400
				,"percent": 60.05
				}
			,{
				"<=msec": 3.500
				,"percent": 60.59
				}
			,{
				"<=msec": 3.600
				,"percent": 61.12
				}
			,{
				"<=msec": 3.700
				,"percent": 61.61
				}
			,{
				"<=msec": 3.800
				,"percent": 62.02
				}
			,{
				"<=msec": 3.900
				,"percent": 62.49
				}
			,{
				"<=msec": 4.000
				,"percent": 62.89
				}
			,{
				"<=msec": 4.100
				,"percent": 63.30
				}
			,{
				"<=msec": 4.200
				,"percent": 63.64
				}
			,{
				"<=msec": 4.300
				,"percent": 64.01
				}
			,{
				"<=msec": 4.400
				,"percent": 64.38
				}
			,{
				"<=msec": 4.500
				,"percent": 64.76
				}
			,{
				"<=msec": 4.600
				,"percent": 65.12
				}
			,{
				"<=msec": 4.700
				,"percent": 65.54
				}
			,{
				"<=msec": 4.800
				,"percent": 65.91
				}
			,{
				"<=msec": 4.900
				,"percent": 66.26
				}
			,{
				"<=msec": 5.000
				,"percent": 66.57
				}
			,{
				"<=msec": 5.100
				,"percent": 66.96
				}
			,{
				"<=msec": 5.200
				,"percent": 67.33
				}
			,{
				"<=msec": 5.300
				,"percent": 67.72
				}
			,{
				"<=msec": 5.400
				,"percent": 68.13
				}
			,{
				"<=msec": 5.500
				,"percent": 68.45
				}
			,{
				"<=msec": 5.600
				,"percent": 68.87
				}
			,{
				"<=msec": 5.700
				,"percent": 69.26
				}
			,{
				"<=msec": 5.800
				,"percent": 69.62
				}
			,{
				"<=msec": 5.900
				,"percent": 69.85
				}
			,{
				"<=msec": 6.000
				,"percent": 70.25
				}
			,{
				"<=msec": 6.100
				,"percent": 70.63
				}
			,{
				"<=msec": 6.200
				,"percent": 71.01
				}
			,{
				"<=msec": 6.300
				,"percent": 71.37
				}
			,{
				"<=msec": 6.400
				,"percent": 71.74
				}
			,{
				"<=msec": 6.500
				,"percent": 72.00
				}
			,{
				"<=msec": 6.600
				,"percent": 72.27
				}
			,{
				"<=msec": 6.700
				,"percent": 72.57
				}
			,{
				"<=msec": 6.800
				,"percent": 72.96
				}
			,{
				"<=msec": 6.900
				,"percent": 73.47
				}
			,{
				"<=msec": 7.000
				,"percent": 73.82
				}
			,{
				"<=msec": 7.100
				,"percent": 74.09
				}
			,{
				"<=msec": 7.200
				,"percent": 74.37
				}
			,{
				"<=msec": 7.300
				,"percent": 74.73
				}
			,{
				"<=msec": 7.400
				,"percent": 74.98
				}
			,{
				"<=msec": 7.500
				,"percent": 75.21
				}
			,{
				"<=msec": 7.600
				,"percent": 75.47
				}
			,{
				"<=msec": 7.700
				,"percent": 75.64
				}
			,{
				"<=msec": 7.800
				,"percent": 75.92
				}
			,{
				"<=msec": 7.900
				,"percent": 76.11
				}
			,{
				"<=msec": 8.000
				,"percent": 76.33
				}
			,{
				"<=msec": 8.100
				,"percent": 76.56
				}
			,{
				"<=msec": 8.200
				,"percent": 76.82
				}
			,{
				"<=msec": 8.300
				,"percent": 77.05
				}
			,{
				"<=msec": 8.400
				,"percent": 77.33
				}
			,{
				"<=msec": 8.500
				,"percent": 77.65
				}
			,{
				"<=msec": 8.600
				,"percent": 77.98
				}
			,{
				"<=msec": 8.700
				,"percent": 78.24
				}
			,{
				"<=msec": 8.800
				,"percent": 78.62
				}
			,{
				"<=msec": 8.900
				,"percent": 78.92
				}
			,{
				"<=msec": 9.000
				,"percent": 79.27
				}
			,{
				"<=msec": 9.100
				,"percent": 79.62
				}
			,{
				"<=msec": 9.200
				,"percent": 79.98
				}
			,{
				"<=msec": 9.300
				,"percent": 80.39
				}
			,{
				"<=msec": 9.400
				,"percent": 80.84
				}
			,{
				"<=msec": 9.500
				,"percent": 81.34
				}
			,{
				"<=msec": 9.600
				,"percent": 81.75
				}
			,{
				"<=msec": 9.700
				,"percent": 82.22
				}
			,{
				"<=msec": 9.800
				,"percent": 82.75
				}
			,{
				"<=msec": 9.900
				,"percent": 83.27
				}
			,{
				"<=msec": 10.000
				,"percent": 86.86
				}
			,{
				"<=msec": 11.000
				,"percent": 95.00
				}
			,{
				"<=msec": 12.000
				,"percent": 98.30
				}
			,{
				"<=msec": 13.000
				,"percent": 99.24
				}
			,{
				"<=msec": 14.000
				,"percent": 99.56
				}
			,{
				"<=msec": 15.000
				,"percent": 99.74
				}
			,{
				"<=msec": 16.000
				,"percent": 99.81
				}
			,{
				"<=msec": 17.000
				,"percent": 99.85
				}
			,{
				"<=msec": 18.000
				,"percent": 99.86
				}
			,{
				"<=msec": 19.000
				,"percent": 99.89
				}
			,{
				"<=msec": 21.000
				,"percent": 99.93
				}
			,{
				"<=msec": 22.000
				,"percent": 99.94
				}
			,{
				"<=msec": 23.000
				,"percent": 99.96
				}
			,{
				"<=msec": 24.000
				,"percent": 99.96
				}
			,{
				"<=msec": 25.000
				,"percent": 99.97
				}
			,{
				"<=msec": 26.000
				,"percent": 99.99
				}
			,{
				"<=msec": 31.000
				,"percent": 100.00
				}
			]
		,"GET":[
			{
				"<=msec": 1.500
				,"percent": 0.11
				}
			,{
				"<=msec": 1.600
				,"percent": 0.41
				}
			,{
				"<=msec": 1.700
				,"percent": 1.33
				}
			,{
				"<=msec": 1.800
				,"percent": 3.11
				}
			,{
				"<=msec": 1.900
				,"percent": 6.53
				}
			,{
				"<=msec": 2.000
				,"percent": 10.30
				}
			,{
				"<=msec": 2.100
				,"percent": 14.72
				}
			,{
				"<=msec": 2.200
				,"percent": 19.31
				}
			,{
				"<=msec": 2.300
				,"percent": 23.77
				}
			,{
				"<=msec": 2.400
				,"percent": 27.87
				}
			,{
				"<=msec": 2.500
				,"percent": 31.53
				}
			,{
				"<=msec": 2.600
				,"percent": 34.92
				}
			,{
				"<=msec": 2.700
				,"percent": 37.33
				}
			,{
				"<=msec": 2.800
				,"percent": 39.65
				}
			,{
				"<=msec": 2.900
				,"percent": 41.33
				}
			,{
				"<=msec": 3.000
				,"percent": 42.80
				}
			,{
				"<=msec": 3.100
				,"percent": 44.21
				}
			,{
				"<=msec": 3.200
				,"percent": 45.33
				}
			,{
				"<=msec": 3.300
				,"percent": 46.27
				}
			,{
				"<=msec": 3.400
				,"percent": 47.19
				}
			,{
				"<=msec": 3.500
				,"percent": 47.99
				}
			,{
				"<=msec": 3.600
				,"percent": 48.74
				}
			,{
				"<=msec": 3.700
				,"percent": 49.37
				}
			,{
				"<=msec": 3.800
				,"percent": 50.07
				}
			,{
				"<=msec": 3.900
				,"percent": 50.66
				}
			,{
				"<=msec": 4.000
				,"percent": 51.28
				}
			,{
				"<=msec": 4.100
				,"percent": 51.75
				}
			,{
				"<=msec": 4.200
				,"percent": 52.14
				}
			,{
				"<=msec": 4.300
				,"percent": 52.60
				}
			,{
				"<=msec": 4.400
				,"percent": 52.99
				}
			,{
				"<=msec": 4.500
				,"percent": 53.40
				}
			,{
				"<=msec": 4.600
				,"percent": 53.80
				}
			,{
				"<=msec": 4.700
				,"percent": 54.15
				}
			,{
				"<=msec": 4.800
				,"percent": 54.56
				}
			,{
				"<=msec": 4.900
				,"percent": 54.93
				}
			,{
				"<=msec": 5.000
				,"percent": 55.19
				}
			,{
				"<=msec": 5.100
				,"percent": 55.46
				}
			,{
				"<=msec": 5.200
				,"percent": 55.74
				}
			,{
				"<=msec": 5.300
				,"percent": 56.04
				}
			,{
				"<=msec": 5.400
				,"percent": 56.37
				}
			,{
				"<=msec": 5.500
				,"percent": 56.67
				}
			,{
				"<=msec": 5.600
				,"percent": 56.83
				}
			,{
				"<=msec": 5.700
				,"percent": 57.08
				}
			,{
				"<=msec": 5.800
				,"percent": 57.47
				}
			,{
				"<=msec": 5.900
				,"percent": 57.72
				}
			,{
				"<=msec": 6.000
				,"percent": 58.03
				}
			,{
				"<=msec": 6.100
				,"percent": 58.31
				}
			,{
				"<=msec": 6.200
				,"percent": 58.65
				}
			,{
				"<=msec": 6.300
				,"percent": 58.98
				}
			,{
				"<=msec": 6.400
				,"percent": 59.35
				}
			,{
				"<=msec": 6.500
				,"percent": 59.68
				}
			,{
				"<=msec": 6.600
				,"percent": 59.92
				}
			,{
				"<=msec": 6.700
				,"percent": 60.34
				}
			,{
				"<=msec": 6.800
				,"percent": 60.79
				}
			,{
				"<=msec": 6.900
				,"percent": 61.14
				}
			,{
				"<=msec": 7.000
				,"percent": 61.57
				}
			,{
				"<=msec": 7.100
				,"percent": 62.20
				}
			,{
				"<=msec": 7.200
				,"percent": 62.61
				}
			,{
				"<=msec": 7.300
				,"percent": 63.07
				}
			,{
				"<=msec": 7.400
				,"percent": 63.42
				}
			,{
				"<=msec": 7.500
				,"percent": 63.88
				}
			,{
				"<=msec": 7.600
				,"percent": 64.34
				}
			,{
				"<=msec": 7.700
				,"percent": 64.63
				}
			,{
				"<=msec": 7.800
				,"percent": 64.95
				}
			,{
				"<=msec": 7.900
				,"percent": 65.37
				}
			,{
				"<=msec": 8.000
				,"percent": 65.64
				}
			,{
				"<=msec": 8.100
				,"percent": 66.01
				}
			,{
				"<=msec": 8.200
				,"percent": 66.37
				}
			,{
				"<=msec": 8.300
				,"percent": 66.64
				}
			,{
				"<=msec": 8.400
				,"percent": 66.92
				}
			,{
				"<=msec": 8.500
				,"percent": 67.32
				}
			,{
				"<=msec": 8.600
				,"percent": 67.67
				}
			,{
				"<=msec": 8.700
				,"percent": 67.92
				}
			,{
				"<=msec": 8.800
				,"percent": 68.28
				}
			,{
				"<=msec": 8.900
				,"percent": 68.66
				}
			,{
				"<=msec": 9.000
				,"percent": 69.04
				}
			,{
				"<=msec": 9.100
				,"percent": 69.41
				}
			,{
				"<=msec": 9.200
				,"percent": 69.75
				}
			,{
				"<=msec": 9.300
				,"percent": 70.12
				}
			,{
				"<=msec": 9.400
				,"percent": 70.60
				}
			,{
				"<=msec": 9.500
				,"percent": 71.03
				}
			,{
				"<=msec": 9.600
				,"percent": 71.58
				}
			,{
				"<=msec": 9.700
				,"percent": 72.02
				}
			,{
				"<=msec": 9.800
				,"percent": 72.57
				}
			,{
				"<=msec": 9.900
				,"percent": 73.20
				}
			,{
				"<=msec": 10.000
				,"percent": 76.07
				}
			,{
				"<=msec": 11.000
				,"percent": 82.73
				}
			,{
				"<=msec": 12.000
				,"percent": 91.69
				}
			,{
				"<=msec": 13.000
				,"percent": 97.53
				}
			,{
				"<=msec": 14.000
				,"percent": 99.08
				}
			,{
				"<=msec": 15.000
				,"percent": 99.41
				}
			,{
				"<=msec": 16.000
				,"percent": 99.54
				}
			,{
				"<=msec": 17.000
				,"percent": 99.66
				}
			,{
				"<=msec": 18.000
				,"percent": 99.71
				}
			,{
				"<=msec": 19.000
				,"percent": 99.74
				}
			,{
				"<=msec": 20.000
				,"percent": 99.78
				}
			,{
				"<=msec": 21.000
				,"percent": 99.80
				}
			,{
				"<=msec": 22.000
				,"percent": 99.81
				}
			,{
				"<=msec": 23.000
				,"percent": 99.84
				}
			,{
				"<=msec": 24.000
				,"percent": 99.87
				}
			,{
				"<=msec": 26.000
				,"percent": 99.92
				}
			,{
				"<=msec": 27.000
				,"percent": 99.97
				}
			,{
				"<=msec": 29.000
				,"percent": 99.98
				}
			,{
				"<=msec": 110.000
				,"percent": 100.00
				}
			]
		,"WAIT":[
		]
		}
	}
