{
	"configuration":{
		"server": "10.0.0.9"
		,"port": 11212
		,"unix socket": "(null)"
		,"protocol": "memcache_text"
		,"out_file": "(null)"
		,"client_stats": "(null)"
		,"run_count": 1
		,"debug": 0
		,"requests": 0
		,"clients": 2
		,"threads": 1
		,"test_time": 60
		,"ratio": "1:1"
		,"pipeline": 1
		,"data_size": 4096
		,"data_offset": 0
		,"random_data": "false"
		,"data_size_range": "0:0"
		,"data_size_list": ""
		,"data_size_pattern": "R"
		,"expiry_range": "9999:10000"
		,"data_import": "(null)"
		,"data_verify": "false"
		,"verify_only": "false"
		,"generate_keys": "false"
		,"key_prefix": "memtier-"
		,"key_minimum":           0
		,"key_maximum":        1000
		,"key_pattern": "R:R"
		,"key_stddev": 0.000000
		,"key_median": 0.000000
		,"reconnect_interval": 0
		,"multi_key_get": 1
		,"authenticate": ""
		,"select-db": 0
		,"no-expiry": "false"
		,"wait-ratio": "0:0"
		,"num-slaves": "0:0"
		,"wait-timeout": "0-0"
		}
	,"run information":{
		"Threads": 1
		,"Connections per thread": 2
		,"Seconds": 60
		}
	,"ALL STATS":{
		"Sets":{
			"Ops/sec": 459.31
			,"Hits/sec": 0.00
			,"Misses/sec": 0.00
			,"Latency": 2.49
			,"KB/sec": 1854.92
			}
		,"Gets":{
			"Ops/sec": 459.28
			,"Hits/sec": 459.28
			,"Misses/sec": 0.00
			,"Latency": 1.85
			,"KB/sec": 1859.44
			}
		,"Waits":{
			"Ops/sec": 0.00
			,"Hits/sec": 0.00
			,"Misses/sec": 0.00
			,"Latency": 0.00
			,"KB/sec": 0.00
			}
		,"Totals":{
			"Ops/sec": 918.59
			,"Hits/sec": 459.28
			,"Misses/sec": 0.00
			,"Latency": 2.17
			,"KB/sec": 3714.36
			}
		,"SET":[
			{
				"<=msec": 0.900
				,"percent": 0.00
				}
			,{
				"<=msec": 0.960
				,"percent": 0.01
				}
			,{
				"<=msec": 0.970
				,"percent": 0.02
				}
			,{
				"<=msec": 0.980
				,"percent": 0.03
				}
			,{
				"<=msec": 0.990
				,"percent": 0.06
				}
			,{
				"<=msec": 1.000
				,"percent": 0.19
				}
			,{
				"<=msec": 1.100
				,"percent": 1.43
				}
			,{
				"<=msec": 1.200
				,"percent": 4.92
				}
			,{
				"<=msec": 1.300
				,"percent": 11.20
				}
			,{
				"<=msec": 1.400
				,"percent": 19.62
				}
			,{
				"<=msec": 1.500
				,"percent": 29.06
				}
			,{
				"<=msec": 1.600
				,"percent": 37.66
				}
			,{
				"<=msec": 1.700
				,"percent": 45.35
				}
			,{
				"<=msec": 1.800
				,"percent": 51.87
				}
			,{
				"<=msec": 1.900
				,"percent": 57.18
				}
			,{
				"<=msec": 2.000
				,"percent": 61.69
				}
			,{
				"<=msec": 2.100
				,"percent": 65.12
				}
			,{
				"<=msec": 2.200
				,"percent": 68.10
				}
			,{
				"<=msec": 2.300
				,"percent": 70.67
				}
			,{
				"<=msec": 2.400
				,"percent": 72.69
				}
			,{
				"<=msec": 2.500
				,"percent": 74.55
				}
			,{
				"<=msec": 2.600
				,"percent": 75.96
				}
			,{
				"<=msec": 2.700
				,"percent": 77.27
				}
			,{
				"<=msec": 2.800
				,"percent": 78.38
				}
			,{
				"<=msec": 2.900
				,"percent": 79.36
				}
			,{
				"<=msec": 3.000
				,"percent": 80.33
				}
			,{
				"<=msec": 3.100
				,"percent": 81.16
				}
			,{
				"<=msec": 3.200
				,"percent": 81.92
				}
			,{
				"<=msec": 3.300
				,"percent": 82.65
				}
			,{
				"<=msec": 3.400
				,"percent": 83.34
				}
			,{
				"<=msec": 3.500
				,"percent": 83.91
				}
			,{
				"<=msec": 3.600
				,"percent": 84.43
				}
			,{
				"<=msec": 3.700
				,"percent": 85.00
				}
			,{
				"<=msec": 3.800
				,"percent": 85.53
				}
			,{
				"<=msec": 3.900
				,"percent": 86.03
				}
			,{
				"<=msec": 4.000
				,"percent": 86.53
				}
			,{
				"<=msec": 4.100
				,"percent": 86.97
				}
			,{
				"<=msec": 4.200
				,"percent": 87.41
				}
			,{
				"<=msec": 4.300
				,"percent": 87.87
				}
			,{
				"<=msec": 4.400
				,"percent": 88.29
				}
			,{
				"<=msec": 4.500
				,"percent": 88.65
				}
			,{
				"<=msec": 4.600
				,"percent": 88.98
				}
			,{
				"<=msec": 4.700
				,"percent": 89.40
				}
			,{
				"<=msec": 4.800
				,"percent": 89.73
				}
			,{
				"<=msec": 4.900
				,"percent": 90.14
				}
			,{
				"<=msec": 5.000
				,"percent": 90.57
				}
			,{
				"<=msec": 5.100
				,"percent": 90.99
				}
			,{
				"<=msec": 5.200
				,"percent": 91.35
				}
			,{
				"<=msec": 5.300
				,"percent": 91.67
				}
			,{
				"<=msec": 5.400
				,"percent": 92.04
				}
			,{
				"<=msec": 5.500
				,"percent": 92.43
				}
			,{
				"<=msec": 5.600
				,"percent": 92.79
				}
			,{
				"<=msec": 5.700
				,"percent": 93.16
				}
			,{
				"<=msec": 5.800
				,"percent": 93.54
				}
			,{
				"<=msec": 5.900
				,"percent": 93.89
				}
			,{
				"<=msec": 6.000
				,"percent": 94.22
				}
			,{
				"<=msec": 6.100
				,"percent": 94.52
				}
			,{
				"<=msec": 6.200
				,"percent": 94.81
				}
			,{
				"<=msec": 6.300
				,"percent": 95.16
				}
			,{
				"<=msec": 6.400
				,"percent": 95.48
				}
			,{
				"<=msec": 6.500
				,"percent": 95.74
				}
			,{
				"<=msec": 6.600
				,"percent": 96.02
				}
			,{
				"<=msec": 6.700
				,"percent": 96.29
				}
			,{
				"<=msec": 6.800
				,"percent": 96.53
				}
			,{
				"<=msec": 6.900
				,"percent": 96.76
				}
			,{
				"<=msec": 7.000
				,"percent": 96.98
				}
			,{
				"<=msec": 7.100
				,"percent": 97.17
				}
			,{
				"<=msec": 7.200
				,"percent": 97.31
				}
			,{
				"<=msec": 7.300
				,"percent": 97.49
				}
			,{
				"<=msec": 7.400
				,"percent": 97.61
				}
			,{
				"<=msec": 7.500
				,"percent": 97.74
				}
			,{
				"<=msec": 7.600
				,"percent": 97.87
				}
			,{
				"<=msec": 7.700
				,"percent": 98.02
				}
			,{
				"<=msec": 7.800
				,"percent": 98.14
				}
			,{
				"<=msec": 7.900
				,"percent": 98.27
				}
			,{
				"<=msec": 8.000
				,"percent": 98.38
				}
			,{
				"<=msec": 8.100
				,"percent": 98.45
				}
			,{
				"<=msec": 8.200
				,"percent": 98.51
				}
			,{
				"<=msec": 8.300
				,"percent": 98.59
				}
			,{
				"<=msec": 8.400
				,"percent": 98.66
				}
			,{
				"<=msec": 8.500
				,"percent": 98.74
				}
			,{
				"<=msec": 8.600
				,"percent": 98.80
				}
			,{
				"<=msec": 8.700
				,"percent": 98.86
				}
			,{
				"<=msec": 8.800
				,"percent": 98.90
				}
			,{
				"<=msec": 8.900
				,"percent": 98.96
				}
			,{
				"<=msec": 9.000
				,"percent": 99.00
				}
			,{
				"<=msec": 9.100
				,"percent": 99.04
				}
			,{
				"<=msec": 9.200
				,"percent": 99.11
				}
			,{
				"<=msec": 9.300
				,"percent": 99.14
				}
			,{
				"<=msec": 9.400
				,"percent": 99.17
				}
			,{
				"<=msec": 9.500
				,"percent": 99.21
				}
			,{
				"<=msec": 9.600
				,"percent": 99.23
				}
			,{
				"<=msec": 9.700
				,"percent": 99.27
				}
			,{
				"<=msec": 9.800
				,"percent": 99.29
				}
			,{
				"<=msec": 9.900
				,"percent": 99.33
				}
			,{
				"<=msec": 10.000
				,"percent": 99.46
				}
			,{
				"<=msec": 11.000
				,"percent": 99.68
				}
			,{
				"<=msec": 12.000
				,"percent": 99.80
				}
			,{
				"<=msec": 13.000
				,"percent": 99.85
				}
			,{
				"<=msec": 14.000
				,"percent": 99.91
				}
			,{
				"<=msec": 15.000
				,"percent": 99.93
				}
			,{
				"<=msec": 16.000
				,"percent": 99.95
				}
			,{
				"<=msec": 17.000
				,"percent": 99.96
				}
			,{
				"<=msec": 19.000
				,"percent": 99.96
				}
			,{
				"<=msec": 22.000
				,"percent": 99.97
				}
			,{
				"<=msec": 23.000
				,"percent": 99.97
				}
			,{
				"<=msec": 24.000
				,"percent": 99.98
				}
			,{
				"<=msec": 25.000
				,"percent": 99.98
				}
			,{
				"<=msec": 29.000
				,"percent": 99.99
				}
			,{
				"<=msec": 48.000
				,"percent": 99.99
				}
			,{
				"<=msec": 110.000
				,"percent": 100.00
				}
			,{
				"<=msec": 150.000
				,"percent": 100.00
				}
			]
		,"GET":[
			{
				"<=msec": 0.810
				,"percent": 0.00
				}
			,{
				"<=msec": 0.820
				,"percent": 0.01
				}
			,{
				"<=msec": 0.830
				,"percent": 0.04
				}
			,{
				"<=msec": 0.840
				,"percent": 0.05
				}
			,{
				"<=msec": 0.850
				,"percent": 0.07
				}
			,{
				"<=msec": 0.860
				,"percent": 0.12
				}
			,{
				"<=msec": 0.870
				,"percent": 0.17
				}
			,{
				"<=msec": 0.880
				,"percent": 0.21
				}
			,{
				"<=msec": 0.890
				,"percent": 0.31
				}
			,{
				"<=msec": 0.900
				,"percent": 0.42
				}
			,{
				"<=msec": 0.910
				,"percent": 0.54
				}
			,{
				"<=msec": 0.920
				,"percent": 0.75
				}
			,{
				"<=msec": 0.930
				,"percent": 0.98
				}
			,{
				"<=msec": 0.940
				,"percent": 1.23
				}
			,{
				"<=msec": 0.950
				,"percent": 1.52
				}
			,{
				"<=msec": 0.960
				,"percent": 1.89
				}
			,{
				"<=msec": 0.970
				,"percent": 2.37
				}
			,{
				"<=msec": 0.980
				,"percent": 2.87
				}
			,{
				"<=msec": 0.990
				,"percent": 3.32
				}
			,{
				"<=msec": 1.000
				,"percent": 7.47
				}
			,{
				"<=msec": 1.100
				,"percent": 18.39
				}
			,{
				"<=msec": 1.200
				,"percent": 31.05
				}
			,{
				"<=msec": 1.300
				,"percent": 43.24
				}
			,{
				"<=msec": 1.400
				,"percent": 52.86
				}
			,{
				"<=msec": 1.500
				,"percent": 60.57
				}
			,{
				"<=msec": 1.600
				,"percent": 66.61
				}
			,{
				"<=msec": 1.700
				,"percent": 71.37
				}
			,{
				"<=msec": 1.800
				,"percent": 75.18
				}
			,{
				"<=msec": 1.900
				,"percent": 78.34
				}
			,{
				"<=msec": 2.000
				,"percent": 80.88
				}
			,{
				"<=msec": 2.100
				,"percent": 82.81
				}
			,{
				"<=msec": 2.200
				,"percent": 84.38
				}
			,{
				"<=msec": 2.300
				,"percent": 85.67
				}
			,{
				"<=msec": 2.400
				,"percent": 86.76
				}
			,{
				"<=msec": 2.500
				,"percent": 87.56
				}
			,{
				"<=msec": 2.600
				,"percent": 88.34
				}
			,{
				"<=msec": 2.700
				,"percent": 89.03
				}
			,{
				"<=msec": 2.800
				,"percent": 89.66
				}
			,{
				"<=msec": 2.900
				,"percent": 90.27
				}
			,{
				"<=msec": 3.000
				,"percent": 90.78
				}
			,{
				"<=msec": 3.100
				,"percent": 91.16
				}
			,{
				"<=msec": 3.200
				,"percent": 91.55
				}
			,{
				"<=msec": 3.300
				,"percent": 91.93
				}
			,{
				"<=msec": 3.400
				,"percent": 92.28
				}
			,{
				"<=msec": 3.500
				,"percent": 92.57
				}
			,{
				"<=msec": 3.600
				,"percent": 92.80
				}
			,{
				"<=msec": 3.700
				,"percent": 93.08
				}
			,{
				"<=msec": 3.800
				,"percent": 93.38
				}
			,{
				"<=msec": 3.900
				,"percent": 93.58
				}
			,{
				"<=msec": 4.000
				,"percent": 93.81
				}
			,{
				"<=msec": 4.100
				,"percent": 94.02
				}
			,{
				"<=msec": 4.200
				,"percent": 94.27
				}
			,{
				"<=msec": 4.300
				,"percent": 94.48
				}
			,{
				"<=msec": 4.400
				,"percent": 94.68
				}
			,{
				"<=msec": 4.500
				,"percent": 94.88
				}
			,{
				"<=msec": 4.600
				,"percent": 95.05
				}
			,{
				"<=msec": 4.700
				,"percent": 95.24
				}
			,{
				"<=msec": 4.800
				,"percent": 95.47
				}
			,{
				"<=msec": 4.900
				,"percent": 95.63
				}
			,{
				"<=msec": 5.000
				,"percent": 95.84
				}
			,{
				"<=msec": 5.100
				,"percent": 95.99
				}
			,{
				"<=msec": 5.200
				,"percent": 96.13
				}
			,{
				"<=msec": 5.300
				,"percent": 96.28
				}
			,{
				"<=msec": 5.400
				,"percent": 96.44
				}
			,{
				"<=msec": 5.500
				,"percent": 96.64
				}
			,{
				"<=msec": 5.600
				,"percent": 96.80
				}
			,{
				"<=msec": 5.700
				,"percent": 96.98
				}
			,{
				"<=msec": 5.800
				,"percent": 97.19
				}
			,{
				"<=msec": 5.900
				,"percent": 97.35
				}
			,{
				"<=msec": 6.000
				,"percent": 97.50
				}
			,{
				"<=msec": 6.100
				,"percent": 97.68
				}
			,{
				"<=msec": 6.200
				,"percent": 97.84
				}
			,{
				"<=msec": 6.300
				,"percent": 98.01
				}
			,{
				"<=msec": 6.400
				,"percent": 98.12
				}
			,{
				"<=msec": 6.500
				,"percent": 98.23
				}
			,{
				"<=msec": 6.600
				,"percent": 98.36
				}
			,{
				"<=msec": 6.700
				,"percent": 98.43
				}
			,{
				"<=msec": 6.800
				,"percent": 98.56
				}
			,{
				"<=msec": 6.900
				,"percent": 98.65
				}
			,{
				"<=msec": 7.000
				,"percent": 98.73
				}
			,{
				"<=msec": 7.100
				,"percent": 98.82
				}
			,{
				"<=msec": 7.200
				,"percent": 98.87
				}
			,{
				"<=msec": 7.300
				,"percent": 98.93
				}
			,{
				"<=msec": 7.400
				,"percent": 98.98
				}
			,{
				"<=msec": 7.500
				,"percent": 99.04
				}
			,{
				"<=msec": 7.600
				,"percent": 99.06
				}
			,{
				"<=msec": 7.700
				,"percent": 99.07
				}
			,{
				"<=msec": 7.800
				,"percent": 99.13
				}
			,{
				"<=msec": 7.900
				,"percent": 99.15
				}
			,{
				"<=msec": 8.000
				,"percent": 99.18
				}
			,{
				"<=msec": 8.100
				,"percent": 99.20
				}
			,{
				"<=msec": 8.200
				,"percent": 99.26
				}
			,{
				"<=msec": 8.300
				,"percent": 99.31
				}
			,{
				"<=msec": 8.400
				,"percent": 99.34
				}
			,{
				"<=msec": 8.500
				,"percent": 99.36
				}
			,{
				"<=msec": 8.600
				,"percent": 99.40
				}
			,{
				"<=msec": 8.700
				,"percent": 99.41
				}
			,{
				"<=msec": 8.800
				,"percent": 99.44
				}
			,{
				"<=msec": 8.900
				,"percent": 99.47
				}
			,{
				"<=msec": 9.000
				,"percent": 99.50
				}
			,{
				"<=msec": 9.100
				,"percent": 99.50
				}
			,{
				"<=msec": 9.200
				,"percent": 99.52
				}
			,{
				"<=msec": 9.300
				,"percent": 99.55
				}
			,{
				"<=msec": 9.400
				,"percent": 99.57
				}
			,{
				"<=msec": 9.500
				,"percent": 99.59
				}
			,{
				"<=msec": 9.600
				,"percent": 99.61
				}
			,{
				"<=msec": 9.700
				,"percent": 99.64
				}
			,{
				"<=msec": 9.800
				,"percent": 99.65
				}
			,{
				"<=msec": 9.900
				,"percent": 99.67
				}
			,{
				"<=msec": 10.000
				,"percent": 99.76
				}
			,{
				"<=msec": 11.000
				,"percent": 99.85
				}
			,{
				"<=msec": 12.000
				,"percent": 99.88
				}
			,{
				"<=msec": 13.000
				,"percent": 99.91
				}
			,{
				"<=msec": 14.000
				,"percent": 99.93
				}
			,{
				"<=msec": 15.000
				,"percent": 99.95
				}
			,{
				"<=msec": 16.000
				,"percent": 99.97
				}
			,{
				"<=msec": 17.000
				,"percent": 99.97
				}
			,{
				"<=msec": 18.000
				,"percent": 99.98
				}
			,{
				"<=msec": 23.000
				,"percent": 99.99
				}
			,{
				"<=msec": 24.000
				,"percent": 99.99
				}
			,{
				"<=msec": 28.000
				,"percent": 99.99
				}
			,{
				"<=msec": 110.000
				,"percent": 100.00
				}
			,{
				"<=msec": 140.000
				,"percent": 100.00
				}
			]
		,"WAIT":[
		]
		}
	}
