{
	"configuration":{
		"server": "10.0.0.4"
		,"port": 11212
		,"unix socket": "(null)"
		,"protocol": "memcache_text"
		,"out_file": "(null)"
		,"client_stats": "(null)"
		,"run_count": 1
		,"debug": 0
		,"requests": 0
		,"clients": 2
		,"threads": 1
		,"test_time": 60
		,"ratio": "1:9"
		,"pipeline": 1
		,"data_size": 4096
		,"data_offset": 0
		,"random_data": "false"
		,"data_size_range": "0:0"
		,"data_size_list": ""
		,"data_size_pattern": "R"
		,"expiry_range": "9999:10000"
		,"data_import": "(null)"
		,"data_verify": "false"
		,"verify_only": "false"
		,"generate_keys": "false"
		,"key_prefix": "memtier-"
		,"key_minimum":           0
		,"key_maximum":        1000
		,"key_pattern": "R:R"
		,"key_stddev": 0.000000
		,"key_median": 0.000000
		,"reconnect_interval": 0
		,"multi_key_get": 9
		,"authenticate": ""
		,"select-db": 0
		,"no-expiry": "false"
		,"wait-ratio": "0:0"
		,"num-slaves": "0:0"
		,"wait-timeout": "0-0"
		}
	,"run information":{
		"Threads": 1
		,"Connections per thread": 2
		,"Seconds": 60
		}
	,"ALL STATS":{
		"Sets":{
			"Ops/sec": 164.06
			,"Hits/sec": 0.00
			,"Misses/sec": 0.00
			,"Latency": 6.54
			,"KB/sec": 662.54
			}
		,"Gets":{
			"Ops/sec": 164.04
			,"Hits/sec": 1476.36
			,"Misses/sec": 0.00
			,"Latency": 5.62
			,"KB/sec": 5964.38
			}
		,"Waits":{
			"Ops/sec": 0.00
			,"Hits/sec": 0.00
			,"Misses/sec": 0.00
			,"Latency": 0.00
			,"KB/sec": 0.00
			}
		,"Totals":{
			"Ops/sec": 328.10
			,"Hits/sec": 1476.36
			,"Misses/sec": 0.00
			,"Latency": 6.08
			,"KB/sec": 6626.92
			}
		,"SET":[
			{
				"<=msec": 1.200
				,"percent": 0.03
				}
			,{
				"<=msec": 1.300
				,"percent": 0.23
				}
			,{
				"<=msec": 1.400
				,"percent": 0.88
				}
			,{
				"<=msec": 1.500
				,"percent": 2.84
				}
			,{
				"<=msec": 1.600
				,"percent": 5.88
				}
			,{
				"<=msec": 1.700
				,"percent": 9.87
				}
			,{
				"<=msec": 1.800
				,"percent": 14.40
				}
			,{
				"<=msec": 1.900
				,"percent": 18.95
				}
			,{
				"<=msec": 2.000
				,"percent": 22.69
				}
			,{
				"<=msec": 2.100
				,"percent": 26.02
				}
			,{
				"<=msec": 2.200
				,"percent": 28.89
				}
			,{
				"<=msec": 2.300
				,"percent": 31.31
				}
			,{
				"<=msec": 2.400
				,"percent": 33.22
				}
			,{
				"<=msec": 2.500
				,"percent": 34.75
				}
			,{
				"<=msec": 2.600
				,"percent": 36.09
				}
			,{
				"<=msec": 2.700
				,"percent": 37.32
				}
			,{
				"<=msec": 2.800
				,"percent": 38.48
				}
			,{
				"<=msec": 2.900
				,"percent": 39.40
				}
			,{
				"<=msec": 3.000
				,"percent": 40.32
				}
			,{
				"<=msec": 3.100
				,"percent": 41.08
				}
			,{
				"<=msec": 3.200
				,"percent": 41.94
				}
			,{
				"<=msec": 3.300
				,"percent": 42.58
				}
			,{
				"<=msec": 3.400
				,"percent": 43.12
				}
			,{
				"<=msec": 3.500
				,"percent": 43.74
				}
			,{
				"<=msec": 3.600
				,"percent": 44.30
				}
			,{
				"<=msec": 3.700
				,"percent": 44.74
				}
			,{
				"<=msec": 3.800
				,"percent": 45.21
				}
			,{
				"<=msec": 3.900
				,"percent": 45.65
				}
			,{
				"<=msec": 4.000
				,"percent": 45.99
				}
			,{
				"<=msec": 4.100
				,"percent": 46.45
				}
			,{
				"<=msec": 4.200
				,"percent": 46.75
				}
			,{
				"<=msec": 4.300
				,"percent": 47.17
				}
			,{
				"<=msec": 4.400
				,"percent": 47.60
				}
			,{
				"<=msec": 4.500
				,"percent": 47.85
				}
			,{
				"<=msec": 4.600
				,"percent": 48.26
				}
			,{
				"<=msec": 4.700
				,"percent": 48.72
				}
			,{
				"<=msec": 4.800
				,"percent": 49.17
				}
			,{
				"<=msec": 4.900
				,"percent": 49.54
				}
			,{
				"<=msec": 5.000
				,"percent": 49.87
				}
			,{
				"<=msec": 5.100
				,"percent": 50.23
				}
			,{
				"<=msec": 5.200
				,"percent": 50.59
				}
			,{
				"<=msec": 5.300
				,"percent": 51.03
				}
			,{
				"<=msec": 5.400
				,"percent": 51.38
				}
			,{
				"<=msec": 5.500
				,"percent": 51.82
				}
			,{
				"<=msec": 5.600
				,"percent": 52.20
				}
			,{
				"<=msec": 5.700
				,"percent": 52.60
				}
			,{
				"<=msec": 5.800
				,"percent": 52.98
				}
			,{
				"<=msec": 5.900
				,"percent": 53.45
				}
			,{
				"<=msec": 6.000
				,"percent": 53.76
				}
			,{
				"<=msec": 6.100
				,"percent": 54.09
				}
			,{
				"<=msec": 6.200
				,"percent": 54.51
				}
			,{
				"<=msec": 6.300
				,"percent": 54.80
				}
			,{
				"<=msec": 6.400
				,"percent": 55.14
				}
			,{
				"<=msec": 6.500
				,"percent": 55.51
				}
			,{
				"<=msec": 6.600
				,"percent": 55.87
				}
			,{
				"<=msec": 6.700
				,"percent": 56.23
				}
			,{
				"<=msec": 6.800
				,"percent": 56.81
				}
			,{
				"<=msec": 6.900
				,"percent": 57.30
				}
			,{
				"<=msec": 7.000
				,"percent": 57.69
				}
			,{
				"<=msec": 7.100
				,"percent": 58.21
				}
			,{
				"<=msec": 7.200
				,"percent": 58.67
				}
			,{
				"<=msec": 7.300
				,"percent": 59.19
				}
			,{
				"<=msec": 7.400
				,"percent": 59.69
				}
			,{
				"<=msec": 7.500
				,"percent": 60.14
				}
			,{
				"<=msec": 7.600
				,"percent": 60.64
				}
			,{
				"<=msec": 7.700
				,"percent": 61.03
				}
			,{
				"<=msec": 7.800
				,"percent": 61.46
				}
			,{
				"<=msec": 7.900
				,"percent": 62.07
				}
			,{
				"<=msec": 8.000
				,"percent": 62.42
				}
			,{
				"<=msec": 8.100
				,"percent": 62.95
				}
			,{
				"<=msec": 8.200
				,"percent": 63.40
				}
			,{
				"<=msec": 8.300
				,"percent": 63.91
				}
			,{
				"<=msec": 8.400
				,"percent": 64.45
				}
			,{
				"<=msec": 8.500
				,"percent": 64.91
				}
			,{
				"<=msec": 8.600
				,"percent": 65.37
				}
			,{
				"<=msec": 8.700
				,"percent": 65.86
				}
			,{
				"<=msec": 8.800
				,"percent": 66.33
				}
			,{
				"<=msec": 8.900
				,"percent": 66.85
				}
			,{
				"<=msec": 9.000
				,"percent": 67.41
				}
			,{
				"<=msec": 9.100
				,"percent": 67.90
				}
			,{
				"<=msec": 9.200
				,"percent": 68.35
				}
			,{
				"<=msec": 9.300
				,"percent": 68.84
				}
			,{
				"<=msec": 9.400
				,"percent": 69.35
				}
			,{
				"<=msec": 9.500
				,"percent": 69.84
				}
			,{
				"<=msec": 9.600
				,"percent": 70.30
				}
			,{
				"<=msec": 9.700
				,"percent": 70.74
				}
			,{
				"<=msec": 9.800
				,"percent": 71.27
				}
			,{
				"<=msec": 9.900
				,"percent": 71.71
				}
			,{
				"<=msec": 10.000
				,"percent": 73.67
				}
			,{
				"<=msec": 11.000
				,"percent": 76.97
				}
			,{
				"<=msec": 12.000
				,"percent": 82.07
				}
			,{
				"<=msec": 13.000
				,"percent": 89.95
				}
			,{
				"<=msec": 14.000
				,"percent": 95.12
				}
			,{
				"<=msec": 15.000
				,"percent": 99.09
				}
			,{
				"<=msec": 16.000
				,"percent": 99.69
				}
			,{
				"<=msec": 17.000
				,"percent": 99.81
				}
			,{
				"<=msec": 18.000
				,"percent": 99.86
				}
			,{
				"<=msec": 19.000
				,"percent": 99.89
				}
			,{
				"<=msec": 20.000
				,"percent": 99.92
				}
			,{
				"<=msec": 21.000
				,"percent": 99.93
				}
			,{
				"<=msec": 22.000
				,"percent": 99.94
				}
			,{
				"<=msec": 23.000
				,"percent": 99.95
				}
			,{
				"<=msec": 25.000
				,"percent": 99.96
				}
			,{
				"<=msec": 27.000
				,"percent": 99.98
				}
			,{
				"<=msec": 30.000
				,"percent": 99.99
				}
			,{
				"<=msec": 34.000
				,"percent": 100.00
				}
			]
		,"GET":[
			{
				"<=msec": 1.600
				,"percent": 0.06
				}
			,{
				"<=msec": 1.700
				,"percent": 0.64
				}
			,{
				"<=msec": 1.800
				,"percent": 2.14
				}
			,{
				"<=msec": 1.900
				,"percent": 4.69
				}
			,{
				"<=msec": 2.000
				,"percent": 8.31
				}
			,{
				"<=msec": 2.100
				,"percent": 12.47
				}
			,{
				"<=msec": 2.200
				,"percent": 16.79
				}
			,{
				"<=msec": 2.300
				,"percent": 20.89
				}
			,{
				"<=msec": 2.400
				,"percent": 24.81
				}
			,{
				"<=msec": 2.500
				,"percent": 28.84
				}
			,{
				"<=msec": 2.600
				,"percent": 32.95
				}
			,{
				"<=msec": 2.700
				,"percent": 36.82
				}
			,{
				"<=msec": 2.800
				,"percent": 40.37
				}
			,{
				"<=msec": 2.900
				,"percent": 43.56
				}
			,{
				"<=msec": 3.000
				,"percent": 46.75
				}
			,{
				"<=msec": 3.100
				,"percent": 49.79
				}
			,{
				"<=msec": 3.200
				,"percent": 52.62
				}
			,{
				"<=msec": 3.300
				,"percent": 55.07
				}
			,{
				"<=msec": 3.400
				,"percent": 57.11
				}
			,{
				"<=msec": 3.500
				,"percent": 58.95
				}
			,{
				"<=msec": 3.600
				,"percent": 60.58
				}
			,{
				"<=msec": 3.700
				,"percent": 61.94
				}
			,{
				"<=msec": 3.800
				,"percent": 63.26
				}
			,{
				"<=msec": 3.900
				,"percent": 64.37
				}
			,{
				"<=msec": 4.000
				,"percent": 65.17
				}
			,{
				"<=msec": 4.100
				,"percent": 66.02
				}
			,{
				"<=msec": 4.200
				,"percent": 66.78
				}
			,{
				"<=msec": 4.300
				,"percent": 67.25
				}
			,{
				"<=msec": 4.400
				,"percent": 67.71
				}
			,{
				"<=msec": 4.500
				,"percent": 68.28
				}
			,{
				"<=msec": 4.600
				,"percent": 68.85
				}
			,{
				"<=msec": 4.700
				,"percent": 69.22
				}
			,{
				"<=msec": 4.800
				,"percent": 69.69
				}
			,{
				"<=msec": 4.900
				,"percent": 70.02
				}
			,{
				"<=msec": 5.000
				,"percent": 70.25
				}
			,{
				"<=msec": 5.100
				,"percent": 70.56
				}
			,{
				"<=msec": 5.200
				,"percent": 70.86
				}
			,{
				"<=msec": 5.300
				,"percent": 71.13
				}
			,{
				"<=msec": 5.400
				,"percent": 71.37
				}
			,{
				"<=msec": 5.500
				,"percent": 71.60
				}
			,{
				"<=msec": 5.600
				,"percent": 71.87
				}
			,{
				"<=msec": 5.700
				,"percent": 72.16
				}
			,{
				"<=msec": 5.800
				,"percent": 72.41
				}
			,{
				"<=msec": 5.900
				,"percent": 72.59
				}
			,{
				"<=msec": 6.000
				,"percent": 72.85
				}
			,{
				"<=msec": 6.100
				,"percent": 73.10
				}
			,{
				"<=msec": 6.200
				,"percent": 73.32
				}
			,{
				"<=msec": 6.300
				,"percent": 73.55
				}
			,{
				"<=msec": 6.400
				,"percent": 73.78
				}
			,{
				"<=msec": 6.500
				,"percent": 73.96
				}
			,{
				"<=msec": 6.600
				,"percent": 74.22
				}
			,{
				"<=msec": 6.700
				,"percent": 74.37
				}
			,{
				"<=msec": 6.800
				,"percent": 74.62
				}
			,{
				"<=msec": 6.900
				,"percent": 74.81
				}
			,{
				"<=msec": 7.000
				,"percent": 74.95
				}
			,{
				"<=msec": 7.100
				,"percent": 75.17
				}
			,{
				"<=msec": 7.200
				,"percent": 75.39
				}
			,{
				"<=msec": 7.300
				,"percent": 75.58
				}
			,{
				"<=msec": 7.400
				,"percent": 75.77
				}
			,{
				"<=msec": 7.500
				,"percent": 76.03
				}
			,{
				"<=msec": 7.600
				,"percent": 76.28
				}
			,{
				"<=msec": 7.700
				,"percent": 76.49
				}
			,{
				"<=msec": 7.800
				,"percent": 76.64
				}
			,{
				"<=msec": 7.900
				,"percent": 76.79
				}
			,{
				"<=msec": 8.000
				,"percent": 76.98
				}
			,{
				"<=msec": 8.100
				,"percent": 77.22
				}
			,{
				"<=msec": 8.200
				,"percent": 77.41
				}
			,{
				"<=msec": 8.300
				,"percent": 77.54
				}
			,{
				"<=msec": 8.400
				,"percent": 77.70
				}
			,{
				"<=msec": 8.500
				,"percent": 77.87
				}
			,{
				"<=msec": 8.600
				,"percent": 78.02
				}
			,{
				"<=msec": 8.700
				,"percent": 78.09
				}
			,{
				"<=msec": 8.800
				,"percent": 78.21
				}
			,{
				"<=msec": 8.900
				,"percent": 78.44
				}
			,{
				"<=msec": 9.000
				,"percent": 78.65
				}
			,{
				"<=msec": 9.100
				,"percent": 78.81
				}
			,{
				"<=msec": 9.200
				,"percent": 78.96
				}
			,{
				"<=msec": 9.300
				,"percent": 79.15
				}
			,{
				"<=msec": 9.400
				,"percent": 79.25
				}
			,{
				"<=msec": 9.500
				,"percent": 79.43
				}
			,{
				"<=msec": 9.600
				,"percent": 79.63
				}
			,{
				"<=msec": 9.700
				,"percent": 79.80
				}
			,{
				"<=msec": 9.800
				,"percent": 79.96
				}
			,{
				"<=msec": 9.900
				,"percent": 80.07
				}
			,{
				"<=msec": 10.000
				,"percent": 80.99
				}
			,{
				"<=msec": 11.000
				,"percent": 83.11
				}
			,{
				"<=msec": 12.000
				,"percent": 85.85
				}
			,{
				"<=msec": 13.000
				,"percent": 88.47
				}
			,{
				"<=msec": 14.000
				,"percent": 90.47
				}
			,{
				"<=msec": 15.000
				,"percent": 92.15
				}
			,{
				"<=msec": 16.000
				,"percent": 96.54
				}
			,{
				"<=msec": 17.000
				,"percent": 98.15
				}
			,{
				"<=msec": 18.000
				,"percent": 98.60
				}
			,{
				"<=msec": 19.000
				,"percent": 98.80
				}
			,{
				"<=msec": 20.000
				,"percent": 98.92
				}
			,{
				"<=msec": 21.000
				,"percent": 99.06
				}
			,{
				"<=msec": 22.000
				,"percent": 99.20
				}
			,{
				"<=msec": 23.000
				,"percent": 99.29
				}
			,{
				"<=msec": 24.000
				,"percent": 99.34
				}
			,{
				"<=msec": 25.000
				,"percent": 99.42
				}
			,{
				"<=msec": 26.000
				,"percent": 99.56
				}
			,{
				"<=msec": 27.000
				,"percent": 99.71
				}
			,{
				"<=msec": 28.000
				,"percent": 99.80
				}
			,{
				"<=msec": 29.000
				,"percent": 99.86
				}
			,{
				"<=msec": 31.000
				,"percent": 99.88
				}
			,{
				"<=msec": 32.000
				,"percent": 99.96
				}
			,{
				"<=msec": 33.000
				,"percent": 99.99
				}
			,{
				"<=msec": 38.000
				,"percent": 100.00
				}
			]
		,"WAIT":[
		]
		}
	}
