{
	"configuration":{
		"server": "10.0.0.4"
		,"port": 11212
		,"unix socket": "(null)"
		,"protocol": "memcache_text"
		,"out_file": "(null)"
		,"client_stats": "(null)"
		,"run_count": 1
		,"debug": 0
		,"requests": 0
		,"clients": 2
		,"threads": 1
		,"test_time": 60
		,"ratio": "1:3"
		,"pipeline": 1
		,"data_size": 4096
		,"data_offset": 0
		,"random_data": "false"
		,"data_size_range": "0:0"
		,"data_size_list": ""
		,"data_size_pattern": "R"
		,"expiry_range": "9999:10000"
		,"data_import": "(null)"
		,"data_verify": "false"
		,"verify_only": "false"
		,"generate_keys": "false"
		,"key_prefix": "memtier-"
		,"key_minimum":           0
		,"key_maximum":        1000
		,"key_pattern": "R:R"
		,"key_stddev": 0.000000
		,"key_median": 0.000000
		,"reconnect_interval": 0
		,"multi_key_get": 3
		,"authenticate": ""
		,"select-db": 0
		,"no-expiry": "false"
		,"wait-ratio": "0:0"
		,"num-slaves": "0:0"
		,"wait-timeout": "0-0"
		}
	,"run information":{
		"Threads": 1
		,"Connections per thread": 2
		,"Seconds": 60
		}
	,"ALL STATS":{
		"Sets":{
			"Ops/sec": 386.99
			,"Hits/sec": 0.00
			,"Misses/sec": 0.00
			,"Latency": 2.67
			,"KB/sec": 1562.85
			}
		,"Gets":{
			"Ops/sec": 386.97
			,"Hits/sec": 1160.92
			,"Misses/sec": 0.00
			,"Latency": 2.48
			,"KB/sec": 4692.56
			}
		,"Waits":{
			"Ops/sec": 0.00
			,"Hits/sec": 0.00
			,"Misses/sec": 0.00
			,"Latency": 0.00
			,"KB/sec": 0.00
			}
		,"Totals":{
			"Ops/sec": 773.97
			,"Hits/sec": 1160.92
			,"Misses/sec": 0.00
			,"Latency": 2.58
			,"KB/sec": 6255.42
			}
		,"SET":[
			{
				"<=msec": 1.100
				,"percent": 0.02
				}
			,{
				"<=msec": 1.200
				,"percent": 0.18
				}
			,{
				"<=msec": 1.300
				,"percent": 1.37
				}
			,{
				"<=msec": 1.400
				,"percent": 4.99
				}
			,{
				"<=msec": 1.500
				,"percent": 11.55
				}
			,{
				"<=msec": 1.600
				,"percent": 20.40
				}
			,{
				"<=msec": 1.700
				,"percent": 29.54
				}
			,{
				"<=msec": 1.800
				,"percent": 38.57
				}
			,{
				"<=msec": 1.900
				,"percent": 46.18
				}
			,{
				"<=msec": 2.000
				,"percent": 52.33
				}
			,{
				"<=msec": 2.100
				,"percent": 57.74
				}
			,{
				"<=msec": 2.200
				,"percent": 62.08
				}
			,{
				"<=msec": 2.300
				,"percent": 65.58
				}
			,{
				"<=msec": 2.400
				,"percent": 68.45
				}
			,{
				"<=msec": 2.500
				,"percent": 71.17
				}
			,{
				"<=msec": 2.600
				,"percent": 73.43
				}
			,{
				"<=msec": 2.700
				,"percent": 75.28
				}
			,{
				"<=msec": 2.800
				,"percent": 76.95
				}
			,{
				"<=msec": 2.900
				,"percent": 78.24
				}
			,{
				"<=msec": 3.000
				,"percent": 79.41
				}
			,{
				"<=msec": 3.100
				,"percent": 80.56
				}
			,{
				"<=msec": 3.200
				,"percent": 81.62
				}
			,{
				"<=msec": 3.300
				,"percent": 82.52
				}
			,{
				"<=msec": 3.400
				,"percent": 83.32
				}
			,{
				"<=msec": 3.500
				,"percent": 84.03
				}
			,{
				"<=msec": 3.600
				,"percent": 84.73
				}
			,{
				"<=msec": 3.700
				,"percent": 85.31
				}
			,{
				"<=msec": 3.800
				,"percent": 85.86
				}
			,{
				"<=msec": 3.900
				,"percent": 86.38
				}
			,{
				"<=msec": 4.000
				,"percent": 86.85
				}
			,{
				"<=msec": 4.100
				,"percent": 87.42
				}
			,{
				"<=msec": 4.200
				,"percent": 87.94
				}
			,{
				"<=msec": 4.300
				,"percent": 88.47
				}
			,{
				"<=msec": 4.400
				,"percent": 88.88
				}
			,{
				"<=msec": 4.500
				,"percent": 89.25
				}
			,{
				"<=msec": 4.600
				,"percent": 89.56
				}
			,{
				"<=msec": 4.700
				,"percent": 89.87
				}
			,{
				"<=msec": 4.800
				,"percent": 90.22
				}
			,{
				"<=msec": 4.900
				,"percent": 90.57
				}
			,{
				"<=msec": 5.000
				,"percent": 90.87
				}
			,{
				"<=msec": 5.100
				,"percent": 91.09
				}
			,{
				"<=msec": 5.200
				,"percent": 91.40
				}
			,{
				"<=msec": 5.300
				,"percent": 91.66
				}
			,{
				"<=msec": 5.400
				,"percent": 91.93
				}
			,{
				"<=msec": 5.500
				,"percent": 92.15
				}
			,{
				"<=msec": 5.600
				,"percent": 92.40
				}
			,{
				"<=msec": 5.700
				,"percent": 92.64
				}
			,{
				"<=msec": 5.800
				,"percent": 92.89
				}
			,{
				"<=msec": 5.900
				,"percent": 93.07
				}
			,{
				"<=msec": 6.000
				,"percent": 93.35
				}
			,{
				"<=msec": 6.100
				,"percent": 93.57
				}
			,{
				"<=msec": 6.200
				,"percent": 93.79
				}
			,{
				"<=msec": 6.300
				,"percent": 94.02
				}
			,{
				"<=msec": 6.400
				,"percent": 94.26
				}
			,{
				"<=msec": 6.500
				,"percent": 94.47
				}
			,{
				"<=msec": 6.600
				,"percent": 94.74
				}
			,{
				"<=msec": 6.700
				,"percent": 94.92
				}
			,{
				"<=msec": 6.800
				,"percent": 95.07
				}
			,{
				"<=msec": 6.900
				,"percent": 95.27
				}
			,{
				"<=msec": 7.000
				,"percent": 95.57
				}
			,{
				"<=msec": 7.100
				,"percent": 95.79
				}
			,{
				"<=msec": 7.200
				,"percent": 96.01
				}
			,{
				"<=msec": 7.300
				,"percent": 96.29
				}
			,{
				"<=msec": 7.400
				,"percent": 96.51
				}
			,{
				"<=msec": 7.500
				,"percent": 96.71
				}
			,{
				"<=msec": 7.600
				,"percent": 96.95
				}
			,{
				"<=msec": 7.700
				,"percent": 97.15
				}
			,{
				"<=msec": 7.800
				,"percent": 97.32
				}
			,{
				"<=msec": 7.900
				,"percent": 97.48
				}
			,{
				"<=msec": 8.000
				,"percent": 97.61
				}
			,{
				"<=msec": 8.100
				,"percent": 97.72
				}
			,{
				"<=msec": 8.200
				,"percent": 97.81
				}
			,{
				"<=msec": 8.300
				,"percent": 97.95
				}
			,{
				"<=msec": 8.400
				,"percent": 98.07
				}
			,{
				"<=msec": 8.500
				,"percent": 98.18
				}
			,{
				"<=msec": 8.600
				,"percent": 98.28
				}
			,{
				"<=msec": 8.700
				,"percent": 98.39
				}
			,{
				"<=msec": 8.800
				,"percent": 98.46
				}
			,{
				"<=msec": 8.900
				,"percent": 98.52
				}
			,{
				"<=msec": 9.000
				,"percent": 98.61
				}
			,{
				"<=msec": 9.100
				,"percent": 98.68
				}
			,{
				"<=msec": 9.200
				,"percent": 98.76
				}
			,{
				"<=msec": 9.300
				,"percent": 98.84
				}
			,{
				"<=msec": 9.400
				,"percent": 98.90
				}
			,{
				"<=msec": 9.500
				,"percent": 98.94
				}
			,{
				"<=msec": 9.600
				,"percent": 98.98
				}
			,{
				"<=msec": 9.700
				,"percent": 99.02
				}
			,{
				"<=msec": 9.800
				,"percent": 99.09
				}
			,{
				"<=msec": 9.900
				,"percent": 99.13
				}
			,{
				"<=msec": 10.000
				,"percent": 99.35
				}
			,{
				"<=msec": 11.000
				,"percent": 99.60
				}
			,{
				"<=msec": 12.000
				,"percent": 99.74
				}
			,{
				"<=msec": 13.000
				,"percent": 99.79
				}
			,{
				"<=msec": 14.000
				,"percent": 99.83
				}
			,{
				"<=msec": 15.000
				,"percent": 99.84
				}
			,{
				"<=msec": 16.000
				,"percent": 99.89
				}
			,{
				"<=msec": 17.000
				,"percent": 99.93
				}
			,{
				"<=msec": 18.000
				,"percent": 99.94
				}
			,{
				"<=msec": 19.000
				,"percent": 99.94
				}
			,{
				"<=msec": 20.000
				,"percent": 99.95
				}
			,{
				"<=msec": 21.000
				,"percent": 99.96
				}
			,{
				"<=msec": 22.000
				,"percent": 99.97
				}
			,{
				"<=msec": 26.000
				,"percent": 99.98
				}
			,{
				"<=msec": 30.000
				,"percent": 99.99
				}
			,{
				"<=msec": 35.000
				,"percent": 99.99
				}
			,{
				"<=msec": 38.000
				,"percent": 100.00
				}
			,{
				"<=msec": 39.000
				,"percent": 100.00
				}
			]
		,"GET":[
			{
				"<=msec": 1.200
				,"percent": 0.13
				}
			,{
				"<=msec": 1.300
				,"percent": 0.82
				}
			,{
				"<=msec": 1.400
				,"percent": 3.08
				}
			,{
				"<=msec": 1.500
				,"percent": 7.30
				}
			,{
				"<=msec": 1.600
				,"percent": 14.16
				}
			,{
				"<=msec": 1.700
				,"percent": 22.66
				}
			,{
				"<=msec": 1.800
				,"percent": 31.66
				}
			,{
				"<=msec": 1.900
				,"percent": 40.25
				}
			,{
				"<=msec": 2.000
				,"percent": 48.43
				}
			,{
				"<=msec": 2.100
				,"percent": 55.59
				}
			,{
				"<=msec": 2.200
				,"percent": 61.80
				}
			,{
				"<=msec": 2.300
				,"percent": 67.04
				}
			,{
				"<=msec": 2.400
				,"percent": 71.32
				}
			,{
				"<=msec": 2.500
				,"percent": 74.81
				}
			,{
				"<=msec": 2.600
				,"percent": 77.41
				}
			,{
				"<=msec": 2.700
				,"percent": 79.70
				}
			,{
				"<=msec": 2.800
				,"percent": 81.71
				}
			,{
				"<=msec": 2.900
				,"percent": 83.40
				}
			,{
				"<=msec": 3.000
				,"percent": 84.78
				}
			,{
				"<=msec": 3.100
				,"percent": 86.02
				}
			,{
				"<=msec": 3.200
				,"percent": 87.08
				}
			,{
				"<=msec": 3.300
				,"percent": 87.91
				}
			,{
				"<=msec": 3.400
				,"percent": 88.66
				}
			,{
				"<=msec": 3.500
				,"percent": 89.37
				}
			,{
				"<=msec": 3.600
				,"percent": 90.00
				}
			,{
				"<=msec": 3.700
				,"percent": 90.59
				}
			,{
				"<=msec": 3.800
				,"percent": 91.15
				}
			,{
				"<=msec": 3.900
				,"percent": 91.65
				}
			,{
				"<=msec": 4.000
				,"percent": 91.99
				}
			,{
				"<=msec": 4.100
				,"percent": 92.37
				}
			,{
				"<=msec": 4.200
				,"percent": 92.73
				}
			,{
				"<=msec": 4.300
				,"percent": 93.00
				}
			,{
				"<=msec": 4.400
				,"percent": 93.28
				}
			,{
				"<=msec": 4.500
				,"percent": 93.48
				}
			,{
				"<=msec": 4.600
				,"percent": 93.77
				}
			,{
				"<=msec": 4.700
				,"percent": 93.96
				}
			,{
				"<=msec": 4.800
				,"percent": 94.22
				}
			,{
				"<=msec": 4.900
				,"percent": 94.49
				}
			,{
				"<=msec": 5.000
				,"percent": 94.67
				}
			,{
				"<=msec": 5.100
				,"percent": 94.87
				}
			,{
				"<=msec": 5.200
				,"percent": 95.06
				}
			,{
				"<=msec": 5.300
				,"percent": 95.22
				}
			,{
				"<=msec": 5.400
				,"percent": 95.38
				}
			,{
				"<=msec": 5.500
				,"percent": 95.52
				}
			,{
				"<=msec": 5.600
				,"percent": 95.67
				}
			,{
				"<=msec": 5.700
				,"percent": 95.83
				}
			,{
				"<=msec": 5.800
				,"percent": 96.00
				}
			,{
				"<=msec": 5.900
				,"percent": 96.13
				}
			,{
				"<=msec": 6.000
				,"percent": 96.27
				}
			,{
				"<=msec": 6.100
				,"percent": 96.39
				}
			,{
				"<=msec": 6.200
				,"percent": 96.52
				}
			,{
				"<=msec": 6.300
				,"percent": 96.65
				}
			,{
				"<=msec": 6.400
				,"percent": 96.79
				}
			,{
				"<=msec": 6.500
				,"percent": 96.95
				}
			,{
				"<=msec": 6.600
				,"percent": 97.10
				}
			,{
				"<=msec": 6.700
				,"percent": 97.24
				}
			,{
				"<=msec": 6.800
				,"percent": 97.36
				}
			,{
				"<=msec": 6.900
				,"percent": 97.49
				}
			,{
				"<=msec": 7.000
				,"percent": 97.61
				}
			,{
				"<=msec": 7.100
				,"percent": 97.73
				}
			,{
				"<=msec": 7.200
				,"percent": 97.87
				}
			,{
				"<=msec": 7.300
				,"percent": 97.98
				}
			,{
				"<=msec": 7.400
				,"percent": 98.08
				}
			,{
				"<=msec": 7.500
				,"percent": 98.18
				}
			,{
				"<=msec": 7.600
				,"percent": 98.26
				}
			,{
				"<=msec": 7.700
				,"percent": 98.40
				}
			,{
				"<=msec": 7.800
				,"percent": 98.49
				}
			,{
				"<=msec": 7.900
				,"percent": 98.56
				}
			,{
				"<=msec": 8.000
				,"percent": 98.63
				}
			,{
				"<=msec": 8.100
				,"percent": 98.69
				}
			,{
				"<=msec": 8.200
				,"percent": 98.76
				}
			,{
				"<=msec": 8.300
				,"percent": 98.81
				}
			,{
				"<=msec": 8.400
				,"percent": 98.85
				}
			,{
				"<=msec": 8.500
				,"percent": 98.91
				}
			,{
				"<=msec": 8.600
				,"percent": 98.97
				}
			,{
				"<=msec": 8.700
				,"percent": 99.06
				}
			,{
				"<=msec": 8.800
				,"percent": 99.10
				}
			,{
				"<=msec": 8.900
				,"percent": 99.15
				}
			,{
				"<=msec": 9.000
				,"percent": 99.17
				}
			,{
				"<=msec": 9.100
				,"percent": 99.21
				}
			,{
				"<=msec": 9.200
				,"percent": 99.26
				}
			,{
				"<=msec": 9.300
				,"percent": 99.28
				}
			,{
				"<=msec": 9.400
				,"percent": 99.32
				}
			,{
				"<=msec": 9.500
				,"percent": 99.35
				}
			,{
				"<=msec": 9.600
				,"percent": 99.38
				}
			,{
				"<=msec": 9.700
				,"percent": 99.40
				}
			,{
				"<=msec": 9.800
				,"percent": 99.43
				}
			,{
				"<=msec": 9.900
				,"percent": 99.45
				}
			,{
				"<=msec": 10.000
				,"percent": 99.59
				}
			,{
				"<=msec": 11.000
				,"percent": 99.72
				}
			,{
				"<=msec": 12.000
				,"percent": 99.84
				}
			,{
				"<=msec": 13.000
				,"percent": 99.92
				}
			,{
				"<=msec": 14.000
				,"percent": 99.94
				}
			,{
				"<=msec": 15.000
				,"percent": 99.96
				}
			,{
				"<=msec": 17.000
				,"percent": 99.96
				}
			,{
				"<=msec": 18.000
				,"percent": 99.97
				}
			,{
				"<=msec": 19.000
				,"percent": 99.98
				}
			,{
				"<=msec": 21.000
				,"percent": 99.99
				}
			,{
				"<=msec": 22.000
				,"percent": 100.00
				}
			]
		,"WAIT":[
		]
		}
	}
