{
	"configuration":{
		"server": "10.0.0.4"
		,"port": 11212
		,"unix socket": "(null)"
		,"protocol": "memcache_text"
		,"out_file": "(null)"
		,"client_stats": "(null)"
		,"run_count": 1
		,"debug": 0
		,"requests": 0
		,"clients": 2
		,"threads": 1
		,"test_time": 60
		,"ratio": "1:6"
		,"pipeline": 1
		,"data_size": 4096
		,"data_offset": 0
		,"random_data": "false"
		,"data_size_range": "0:0"
		,"data_size_list": ""
		,"data_size_pattern": "R"
		,"expiry_range": "9999:10000"
		,"data_import": "(null)"
		,"data_verify": "false"
		,"verify_only": "false"
		,"generate_keys": "false"
		,"key_prefix": "memtier-"
		,"key_minimum":           0
		,"key_maximum":        1000
		,"key_pattern": "R:R"
		,"key_stddev": 0.000000
		,"key_median": 0.000000
		,"reconnect_interval": 0
		,"multi_key_get": 6
		,"authenticate": ""
		,"select-db": 0
		,"no-expiry": "false"
		,"wait-ratio": "0:0"
		,"num-slaves": "0:0"
		,"wait-timeout": "0-0"
		}
	,"run information":{
		"Threads": 1
		,"Connections per thread": 2
		,"Seconds": 60
		}
	,"ALL STATS":{
		"Sets":{
			"Ops/sec": 239.46
			,"Hits/sec": 0.00
			,"Misses/sec": 0.00
			,"Latency": 4.29
			,"KB/sec": 967.06
			}
		,"Gets":{
			"Ops/sec": 239.46
			,"Hits/sec": 1436.77
			,"Misses/sec": 0.00
			,"Latency": 4.04
			,"KB/sec": 5805.25
			}
		,"Waits":{
			"Ops/sec": 0.00
			,"Hits/sec": 0.00
			,"Misses/sec": 0.00
			,"Latency": 0.00
			,"KB/sec": 0.00
			}
		,"Totals":{
			"Ops/sec": 478.92
			,"Hits/sec": 1436.77
			,"Misses/sec": 0.00
			,"Latency": 4.17
			,"KB/sec": 6772.31
			}
		,"SET":[
			{
				"<=msec": 1.200
				,"percent": 0.08
				}
			,{
				"<=msec": 1.300
				,"percent": 0.54
				}
			,{
				"<=msec": 1.400
				,"percent": 2.59
				}
			,{
				"<=msec": 1.500
				,"percent": 6.80
				}
			,{
				"<=msec": 1.600
				,"percent": 12.69
				}
			,{
				"<=msec": 1.700
				,"percent": 19.44
				}
			,{
				"<=msec": 1.800
				,"percent": 26.02
				}
			,{
				"<=msec": 1.900
				,"percent": 32.25
				}
			,{
				"<=msec": 2.000
				,"percent": 37.34
				}
			,{
				"<=msec": 2.100
				,"percent": 41.46
				}
			,{
				"<=msec": 2.200
				,"percent": 44.92
				}
			,{
				"<=msec": 2.300
				,"percent": 47.52
				}
			,{
				"<=msec": 2.400
				,"percent": 49.83
				}
			,{
				"<=msec": 2.500
				,"percent": 51.64
				}
			,{
				"<=msec": 2.600
				,"percent": 53.19
				}
			,{
				"<=msec": 2.700
				,"percent": 54.57
				}
			,{
				"<=msec": 2.800
				,"percent": 55.66
				}
			,{
				"<=msec": 2.900
				,"percent": 56.48
				}
			,{
				"<=msec": 3.000
				,"percent": 57.47
				}
			,{
				"<=msec": 3.100
				,"percent": 58.42
				}
			,{
				"<=msec": 3.200
				,"percent": 59.25
				}
			,{
				"<=msec": 3.300
				,"percent": 60.02
				}
			,{
				"<=msec": 3.400
				,"percent": 60.64
				}
			,{
				"<=msec": 3.500
				,"percent": 61.32
				}
			,{
				"<=msec": 3.600
				,"percent": 61.94
				}
			,{
				"<=msec": 3.700
				,"percent": 62.60
				}
			,{
				"<=msec": 3.800
				,"percent": 63.06
				}
			,{
				"<=msec": 3.900
				,"percent": 63.61
				}
			,{
				"<=msec": 4.000
				,"percent": 64.04
				}
			,{
				"<=msec": 4.100
				,"percent": 64.43
				}
			,{
				"<=msec": 4.200
				,"percent": 64.79
				}
			,{
				"<=msec": 4.300
				,"percent": 65.28
				}
			,{
				"<=msec": 4.400
				,"percent": 65.59
				}
			,{
				"<=msec": 4.500
				,"percent": 65.99
				}
			,{
				"<=msec": 4.600
				,"percent": 66.33
				}
			,{
				"<=msec": 4.700
				,"percent": 66.75
				}
			,{
				"<=msec": 4.800
				,"percent": 67.17
				}
			,{
				"<=msec": 4.900
				,"percent": 67.61
				}
			,{
				"<=msec": 5.000
				,"percent": 68.05
				}
			,{
				"<=msec": 5.100
				,"percent": 68.51
				}
			,{
				"<=msec": 5.200
				,"percent": 68.94
				}
			,{
				"<=msec": 5.300
				,"percent": 69.31
				}
			,{
				"<=msec": 5.400
				,"percent": 69.64
				}
			,{
				"<=msec": 5.500
				,"percent": 70.04
				}
			,{
				"<=msec": 5.600
				,"percent": 70.42
				}
			,{
				"<=msec": 5.700
				,"percent": 70.87
				}
			,{
				"<=msec": 5.800
				,"percent": 71.21
				}
			,{
				"<=msec": 5.900
				,"percent": 71.75
				}
			,{
				"<=msec": 6.000
				,"percent": 72.08
				}
			,{
				"<=msec": 6.100
				,"percent": 72.41
				}
			,{
				"<=msec": 6.200
				,"percent": 72.79
				}
			,{
				"<=msec": 6.300
				,"percent": 73.28
				}
			,{
				"<=msec": 6.400
				,"percent": 73.71
				}
			,{
				"<=msec": 6.500
				,"percent": 74.19
				}
			,{
				"<=msec": 6.600
				,"percent": 74.67
				}
			,{
				"<=msec": 6.700
				,"percent": 75.15
				}
			,{
				"<=msec": 6.800
				,"percent": 75.61
				}
			,{
				"<=msec": 6.900
				,"percent": 76.12
				}
			,{
				"<=msec": 7.000
				,"percent": 76.50
				}
			,{
				"<=msec": 7.100
				,"percent": 76.98
				}
			,{
				"<=msec": 7.200
				,"percent": 77.48
				}
			,{
				"<=msec": 7.300
				,"percent": 77.96
				}
			,{
				"<=msec": 7.400
				,"percent": 78.38
				}
			,{
				"<=msec": 7.500
				,"percent": 78.90
				}
			,{
				"<=msec": 7.600
				,"percent": 79.51
				}
			,{
				"<=msec": 7.700
				,"percent": 79.99
				}
			,{
				"<=msec": 7.800
				,"percent": 80.51
				}
			,{
				"<=msec": 7.900
				,"percent": 81.10
				}
			,{
				"<=msec": 8.000
				,"percent": 81.65
				}
			,{
				"<=msec": 8.100
				,"percent": 82.18
				}
			,{
				"<=msec": 8.200
				,"percent": 82.75
				}
			,{
				"<=msec": 8.300
				,"percent": 83.22
				}
			,{
				"<=msec": 8.400
				,"percent": 83.92
				}
			,{
				"<=msec": 8.500
				,"percent": 84.35
				}
			,{
				"<=msec": 8.600
				,"percent": 84.92
				}
			,{
				"<=msec": 8.700
				,"percent": 85.43
				}
			,{
				"<=msec": 8.800
				,"percent": 86.13
				}
			,{
				"<=msec": 8.900
				,"percent": 86.79
				}
			,{
				"<=msec": 9.000
				,"percent": 87.26
				}
			,{
				"<=msec": 9.100
				,"percent": 87.75
				}
			,{
				"<=msec": 9.200
				,"percent": 88.43
				}
			,{
				"<=msec": 9.300
				,"percent": 89.02
				}
			,{
				"<=msec": 9.400
				,"percent": 89.59
				}
			,{
				"<=msec": 9.500
				,"percent": 90.11
				}
			,{
				"<=msec": 9.600
				,"percent": 90.69
				}
			,{
				"<=msec": 9.700
				,"percent": 91.22
				}
			,{
				"<=msec": 9.800
				,"percent": 91.78
				}
			,{
				"<=msec": 9.900
				,"percent": 92.36
				}
			,{
				"<=msec": 10.000
				,"percent": 94.74
				}
			,{
				"<=msec": 11.000
				,"percent": 97.56
				}
			,{
				"<=msec": 12.000
				,"percent": 98.87
				}
			,{
				"<=msec": 13.000
				,"percent": 99.55
				}
			,{
				"<=msec": 14.000
				,"percent": 99.74
				}
			,{
				"<=msec": 15.000
				,"percent": 99.81
				}
			,{
				"<=msec": 16.000
				,"percent": 99.85
				}
			,{
				"<=msec": 17.000
				,"percent": 99.87
				}
			,{
				"<=msec": 18.000
				,"percent": 99.90
				}
			,{
				"<=msec": 19.000
				,"percent": 99.92
				}
			,{
				"<=msec": 21.000
				,"percent": 99.94
				}
			,{
				"<=msec": 22.000
				,"percent": 99.94
				}
			,{
				"<=msec": 24.000
				,"percent": 99.95
				}
			,{
				"<=msec": 28.000
				,"percent": 99.97
				}
			,{
				"<=msec": 31.000
				,"percent": 99.97
				}
			,{
				"<=msec": 32.000
				,"percent": 99.99
				}
			,{
				"<=msec": 37.000
				,"percent": 100.00
				}
			]
		,"GET":[
			{
				"<=msec": 1.300
				,"percent": 0.01
				}
			,{
				"<=msec": 1.400
				,"percent": 0.10
				}
			,{
				"<=msec": 1.500
				,"percent": 0.69
				}
			,{
				"<=msec": 1.600
				,"percent": 2.21
				}
			,{
				"<=msec": 1.700
				,"percent": 4.99
				}
			,{
				"<=msec": 1.800
				,"percent": 9.29
				}
			,{
				"<=msec": 1.900
				,"percent": 14.05
				}
			,{
				"<=msec": 2.000
				,"percent": 19.24
				}
			,{
				"<=msec": 2.100
				,"percent": 24.69
				}
			,{
				"<=msec": 2.200
				,"percent": 29.93
				}
			,{
				"<=msec": 2.300
				,"percent": 35.29
				}
			,{
				"<=msec": 2.400
				,"percent": 40.48
				}
			,{
				"<=msec": 2.500
				,"percent": 45.20
				}
			,{
				"<=msec": 2.600
				,"percent": 49.44
				}
			,{
				"<=msec": 2.700
				,"percent": 53.36
				}
			,{
				"<=msec": 2.800
				,"percent": 56.78
				}
			,{
				"<=msec": 2.900
				,"percent": 59.87
				}
			,{
				"<=msec": 3.000
				,"percent": 62.63
				}
			,{
				"<=msec": 3.100
				,"percent": 64.79
				}
			,{
				"<=msec": 3.200
				,"percent": 66.76
				}
			,{
				"<=msec": 3.300
				,"percent": 68.35
				}
			,{
				"<=msec": 3.400
				,"percent": 69.75
				}
			,{
				"<=msec": 3.500
				,"percent": 71.04
				}
			,{
				"<=msec": 3.600
				,"percent": 72.16
				}
			,{
				"<=msec": 3.700
				,"percent": 73.21
				}
			,{
				"<=msec": 3.800
				,"percent": 74.05
				}
			,{
				"<=msec": 3.900
				,"percent": 74.85
				}
			,{
				"<=msec": 4.000
				,"percent": 75.54
				}
			,{
				"<=msec": 4.100
				,"percent": 76.06
				}
			,{
				"<=msec": 4.200
				,"percent": 76.59
				}
			,{
				"<=msec": 4.300
				,"percent": 77.05
				}
			,{
				"<=msec": 4.400
				,"percent": 77.45
				}
			,{
				"<=msec": 4.500
				,"percent": 77.89
				}
			,{
				"<=msec": 4.600
				,"percent": 78.18
				}
			,{
				"<=msec": 4.700
				,"percent": 78.54
				}
			,{
				"<=msec": 4.800
				,"percent": 78.92
				}
			,{
				"<=msec": 4.900
				,"percent": 79.22
				}
			,{
				"<=msec": 5.000
				,"percent": 79.49
				}
			,{
				"<=msec": 5.100
				,"percent": 79.75
				}
			,{
				"<=msec": 5.200
				,"percent": 80.06
				}
			,{
				"<=msec": 5.300
				,"percent": 80.34
				}
			,{
				"<=msec": 5.400
				,"percent": 80.59
				}
			,{
				"<=msec": 5.500
				,"percent": 80.84
				}
			,{
				"<=msec": 5.600
				,"percent": 81.15
				}
			,{
				"<=msec": 5.700
				,"percent": 81.32
				}
			,{
				"<=msec": 5.800
				,"percent": 81.48
				}
			,{
				"<=msec": 5.900
				,"percent": 81.72
				}
			,{
				"<=msec": 6.000
				,"percent": 81.92
				}
			,{
				"<=msec": 6.100
				,"percent": 82.11
				}
			,{
				"<=msec": 6.200
				,"percent": 82.34
				}
			,{
				"<=msec": 6.300
				,"percent": 82.54
				}
			,{
				"<=msec": 6.400
				,"percent": 82.74
				}
			,{
				"<=msec": 6.500
				,"percent": 82.96
				}
			,{
				"<=msec": 6.600
				,"percent": 83.17
				}
			,{
				"<=msec": 6.700
				,"percent": 83.37
				}
			,{
				"<=msec": 6.800
				,"percent": 83.58
				}
			,{
				"<=msec": 6.900
				,"percent": 83.80
				}
			,{
				"<=msec": 7.000
				,"percent": 84.02
				}
			,{
				"<=msec": 7.100
				,"percent": 84.25
				}
			,{
				"<=msec": 7.200
				,"percent": 84.47
				}
			,{
				"<=msec": 7.300
				,"percent": 84.67
				}
			,{
				"<=msec": 7.400
				,"percent": 84.82
				}
			,{
				"<=msec": 7.500
				,"percent": 85.08
				}
			,{
				"<=msec": 7.600
				,"percent": 85.31
				}
			,{
				"<=msec": 7.700
				,"percent": 85.45
				}
			,{
				"<=msec": 7.800
				,"percent": 85.62
				}
			,{
				"<=msec": 7.900
				,"percent": 85.91
				}
			,{
				"<=msec": 8.000
				,"percent": 86.14
				}
			,{
				"<=msec": 8.100
				,"percent": 86.28
				}
			,{
				"<=msec": 8.200
				,"percent": 86.44
				}
			,{
				"<=msec": 8.300
				,"percent": 86.66
				}
			,{
				"<=msec": 8.400
				,"percent": 86.89
				}
			,{
				"<=msec": 8.500
				,"percent": 87.15
				}
			,{
				"<=msec": 8.600
				,"percent": 87.34
				}
			,{
				"<=msec": 8.700
				,"percent": 87.48
				}
			,{
				"<=msec": 8.800
				,"percent": 87.70
				}
			,{
				"<=msec": 8.900
				,"percent": 87.97
				}
			,{
				"<=msec": 9.000
				,"percent": 88.15
				}
			,{
				"<=msec": 9.100
				,"percent": 88.39
				}
			,{
				"<=msec": 9.200
				,"percent": 88.61
				}
			,{
				"<=msec": 9.300
				,"percent": 88.89
				}
			,{
				"<=msec": 9.400
				,"percent": 89.12
				}
			,{
				"<=msec": 9.500
				,"percent": 89.23
				}
			,{
				"<=msec": 9.600
				,"percent": 89.53
				}
			,{
				"<=msec": 9.700
				,"percent": 89.79
				}
			,{
				"<=msec": 9.800
				,"percent": 89.96
				}
			,{
				"<=msec": 9.900
				,"percent": 90.16
				}
			,{
				"<=msec": 10.000
				,"percent": 91.19
				}
			,{
				"<=msec": 11.000
				,"percent": 93.92
				}
			,{
				"<=msec": 12.000
				,"percent": 96.85
				}
			,{
				"<=msec": 13.000
				,"percent": 98.79
				}
			,{
				"<=msec": 14.000
				,"percent": 99.49
				}
			,{
				"<=msec": 15.000
				,"percent": 99.67
				}
			,{
				"<=msec": 16.000
				,"percent": 99.77
				}
			,{
				"<=msec": 17.000
				,"percent": 99.82
				}
			,{
				"<=msec": 18.000
				,"percent": 99.88
				}
			,{
				"<=msec": 19.000
				,"percent": 99.90
				}
			,{
				"<=msec": 20.000
				,"percent": 99.93
				}
			,{
				"<=msec": 21.000
				,"percent": 99.95
				}
			,{
				"<=msec": 24.000
				,"percent": 99.97
				}
			,{
				"<=msec": 25.000
				,"percent": 99.98
				}
			,{
				"<=msec": 28.000
				,"percent": 99.99
				}
			,{
				"<=msec": 31.000
				,"percent": 99.99
				}
			,{
				"<=msec": 32.000
				,"percent": 100.00
				}
			]
		,"WAIT":[
		]
		}
	}
