{
	"configuration":{
		"server": "10.0.0.4"
		,"port": 11212
		,"unix socket": "(null)"
		,"protocol": "memcache_text"
		,"out_file": "(null)"
		,"client_stats": "(null)"
		,"run_count": 1
		,"debug": 0
		,"requests": 0
		,"clients": 2
		,"threads": 1
		,"test_time": 60
		,"ratio": "1:6"
		,"pipeline": 1
		,"data_size": 4096
		,"data_offset": 0
		,"random_data": "false"
		,"data_size_range": "0:0"
		,"data_size_list": ""
		,"data_size_pattern": "R"
		,"expiry_range": "9999:10000"
		,"data_import": "(null)"
		,"data_verify": "false"
		,"verify_only": "false"
		,"generate_keys": "false"
		,"key_prefix": "memtier-"
		,"key_minimum":           0
		,"key_maximum":        1000
		,"key_pattern": "R:R"
		,"key_stddev": 0.000000
		,"key_median": 0.000000
		,"reconnect_interval": 0
		,"multi_key_get": 6
		,"authenticate": ""
		,"select-db": 0
		,"no-expiry": "false"
		,"wait-ratio": "0:0"
		,"num-slaves": "0:0"
		,"wait-timeout": "0-0"
		}
	,"run information":{
		"Threads": 1
		,"Connections per thread": 2
		,"Seconds": 60
		}
	,"ALL STATS":{
		"Sets":{
			"Ops/sec": 234.82
			,"Hits/sec": 0.00
			,"Misses/sec": 0.00
			,"Latency": 4.40
			,"KB/sec": 948.33
			}
		,"Gets":{
			"Ops/sec": 234.82
			,"Hits/sec": 1408.95
			,"Misses/sec": 0.00
			,"Latency": 4.09
			,"KB/sec": 5692.83
			}
		,"Waits":{
			"Ops/sec": 0.00
			,"Hits/sec": 0.00
			,"Misses/sec": 0.00
			,"Latency": 0.00
			,"KB/sec": 0.00
			}
		,"Totals":{
			"Ops/sec": 469.65
			,"Hits/sec": 1408.95
			,"Misses/sec": 0.00
			,"Latency": 4.25
			,"KB/sec": 6641.16
			}
		,"SET":[
			{
				"<=msec": 1.100
				,"percent": 0.01
				}
			,{
				"<=msec": 1.200
				,"percent": 0.02
				}
			,{
				"<=msec": 1.300
				,"percent": 0.48
				}
			,{
				"<=msec": 1.400
				,"percent": 2.11
				}
			,{
				"<=msec": 1.500
				,"percent": 5.78
				}
			,{
				"<=msec": 1.600
				,"percent": 11.11
				}
			,{
				"<=msec": 1.700
				,"percent": 17.15
				}
			,{
				"<=msec": 1.800
				,"percent": 23.23
				}
			,{
				"<=msec": 1.900
				,"percent": 28.88
				}
			,{
				"<=msec": 2.000
				,"percent": 33.82
				}
			,{
				"<=msec": 2.100
				,"percent": 37.78
				}
			,{
				"<=msec": 2.200
				,"percent": 41.41
				}
			,{
				"<=msec": 2.300
				,"percent": 44.16
				}
			,{
				"<=msec": 2.400
				,"percent": 46.47
				}
			,{
				"<=msec": 2.500
				,"percent": 48.29
				}
			,{
				"<=msec": 2.600
				,"percent": 49.98
				}
			,{
				"<=msec": 2.700
				,"percent": 51.35
				}
			,{
				"<=msec": 2.800
				,"percent": 52.71
				}
			,{
				"<=msec": 2.900
				,"percent": 53.76
				}
			,{
				"<=msec": 3.000
				,"percent": 54.76
				}
			,{
				"<=msec": 3.100
				,"percent": 55.74
				}
			,{
				"<=msec": 3.200
				,"percent": 56.66
				}
			,{
				"<=msec": 3.300
				,"percent": 57.36
				}
			,{
				"<=msec": 3.400
				,"percent": 58.02
				}
			,{
				"<=msec": 3.500
				,"percent": 58.73
				}
			,{
				"<=msec": 3.600
				,"percent": 59.31
				}
			,{
				"<=msec": 3.700
				,"percent": 59.97
				}
			,{
				"<=msec": 3.800
				,"percent": 60.54
				}
			,{
				"<=msec": 3.900
				,"percent": 61.00
				}
			,{
				"<=msec": 4.000
				,"percent": 61.57
				}
			,{
				"<=msec": 4.100
				,"percent": 62.06
				}
			,{
				"<=msec": 4.200
				,"percent": 62.59
				}
			,{
				"<=msec": 4.300
				,"percent": 63.09
				}
			,{
				"<=msec": 4.400
				,"percent": 63.60
				}
			,{
				"<=msec": 4.500
				,"percent": 64.13
				}
			,{
				"<=msec": 4.600
				,"percent": 64.66
				}
			,{
				"<=msec": 4.700
				,"percent": 65.16
				}
			,{
				"<=msec": 4.800
				,"percent": 65.69
				}
			,{
				"<=msec": 4.900
				,"percent": 66.13
				}
			,{
				"<=msec": 5.000
				,"percent": 66.64
				}
			,{
				"<=msec": 5.100
				,"percent": 67.20
				}
			,{
				"<=msec": 5.200
				,"percent": 67.71
				}
			,{
				"<=msec": 5.300
				,"percent": 68.13
				}
			,{
				"<=msec": 5.400
				,"percent": 68.54
				}
			,{
				"<=msec": 5.500
				,"percent": 68.97
				}
			,{
				"<=msec": 5.600
				,"percent": 69.45
				}
			,{
				"<=msec": 5.700
				,"percent": 70.00
				}
			,{
				"<=msec": 5.800
				,"percent": 70.44
				}
			,{
				"<=msec": 5.900
				,"percent": 71.02
				}
			,{
				"<=msec": 6.000
				,"percent": 71.56
				}
			,{
				"<=msec": 6.100
				,"percent": 72.05
				}
			,{
				"<=msec": 6.200
				,"percent": 72.55
				}
			,{
				"<=msec": 6.300
				,"percent": 73.12
				}
			,{
				"<=msec": 6.400
				,"percent": 73.63
				}
			,{
				"<=msec": 6.500
				,"percent": 74.12
				}
			,{
				"<=msec": 6.600
				,"percent": 74.64
				}
			,{
				"<=msec": 6.700
				,"percent": 75.27
				}
			,{
				"<=msec": 6.800
				,"percent": 75.81
				}
			,{
				"<=msec": 6.900
				,"percent": 76.42
				}
			,{
				"<=msec": 7.000
				,"percent": 76.91
				}
			,{
				"<=msec": 7.100
				,"percent": 77.54
				}
			,{
				"<=msec": 7.200
				,"percent": 78.10
				}
			,{
				"<=msec": 7.300
				,"percent": 78.72
				}
			,{
				"<=msec": 7.400
				,"percent": 79.24
				}
			,{
				"<=msec": 7.500
				,"percent": 79.82
				}
			,{
				"<=msec": 7.600
				,"percent": 80.41
				}
			,{
				"<=msec": 7.700
				,"percent": 80.97
				}
			,{
				"<=msec": 7.800
				,"percent": 81.38
				}
			,{
				"<=msec": 7.900
				,"percent": 81.95
				}
			,{
				"<=msec": 8.000
				,"percent": 82.49
				}
			,{
				"<=msec": 8.100
				,"percent": 83.03
				}
			,{
				"<=msec": 8.200
				,"percent": 83.46
				}
			,{
				"<=msec": 8.300
				,"percent": 84.06
				}
			,{
				"<=msec": 8.400
				,"percent": 84.46
				}
			,{
				"<=msec": 8.500
				,"percent": 84.96
				}
			,{
				"<=msec": 8.600
				,"percent": 85.39
				}
			,{
				"<=msec": 8.700
				,"percent": 85.86
				}
			,{
				"<=msec": 8.800
				,"percent": 86.42
				}
			,{
				"<=msec": 8.900
				,"percent": 87.01
				}
			,{
				"<=msec": 9.000
				,"percent": 87.60
				}
			,{
				"<=msec": 9.100
				,"percent": 88.17
				}
			,{
				"<=msec": 9.200
				,"percent": 88.62
				}
			,{
				"<=msec": 9.300
				,"percent": 89.08
				}
			,{
				"<=msec": 9.400
				,"percent": 89.66
				}
			,{
				"<=msec": 9.500
				,"percent": 90.16
				}
			,{
				"<=msec": 9.600
				,"percent": 90.69
				}
			,{
				"<=msec": 9.700
				,"percent": 91.10
				}
			,{
				"<=msec": 9.800
				,"percent": 91.53
				}
			,{
				"<=msec": 9.900
				,"percent": 92.03
				}
			,{
				"<=msec": 10.000
				,"percent": 94.17
				}
			,{
				"<=msec": 11.000
				,"percent": 96.88
				}
			,{
				"<=msec": 12.000
				,"percent": 98.22
				}
			,{
				"<=msec": 13.000
				,"percent": 99.11
				}
			,{
				"<=msec": 14.000
				,"percent": 99.50
				}
			,{
				"<=msec": 15.000
				,"percent": 99.67
				}
			,{
				"<=msec": 16.000
				,"percent": 99.74
				}
			,{
				"<=msec": 17.000
				,"percent": 99.82
				}
			,{
				"<=msec": 18.000
				,"percent": 99.85
				}
			,{
				"<=msec": 19.000
				,"percent": 99.87
				}
			,{
				"<=msec": 20.000
				,"percent": 99.90
				}
			,{
				"<=msec": 21.000
				,"percent": 99.92
				}
			,{
				"<=msec": 22.000
				,"percent": 99.94
				}
			,{
				"<=msec": 25.000
				,"percent": 99.96
				}
			,{
				"<=msec": 26.000
				,"percent": 99.97
				}
			,{
				"<=msec": 30.000
				,"percent": 99.99
				}
			,{
				"<=msec": 38.000
				,"percent": 100.00
				}
			]
		,"GET":[
			{
				"<=msec": 1.300
				,"percent": 0.01
				}
			,{
				"<=msec": 1.400
				,"percent": 0.08
				}
			,{
				"<=msec": 1.500
				,"percent": 0.57
				}
			,{
				"<=msec": 1.600
				,"percent": 2.26
				}
			,{
				"<=msec": 1.700
				,"percent": 5.29
				}
			,{
				"<=msec": 1.800
				,"percent": 9.09
				}
			,{
				"<=msec": 1.900
				,"percent": 14.03
				}
			,{
				"<=msec": 2.000
				,"percent": 19.27
				}
			,{
				"<=msec": 2.100
				,"percent": 24.57
				}
			,{
				"<=msec": 2.200
				,"percent": 30.00
				}
			,{
				"<=msec": 2.300
				,"percent": 34.92
				}
			,{
				"<=msec": 2.400
				,"percent": 39.71
				}
			,{
				"<=msec": 2.500
				,"percent": 44.40
				}
			,{
				"<=msec": 2.600
				,"percent": 48.23
				}
			,{
				"<=msec": 2.700
				,"percent": 51.96
				}
			,{
				"<=msec": 2.800
				,"percent": 55.35
				}
			,{
				"<=msec": 2.900
				,"percent": 58.28
				}
			,{
				"<=msec": 3.000
				,"percent": 60.65
				}
			,{
				"<=msec": 3.100
				,"percent": 63.02
				}
			,{
				"<=msec": 3.200
				,"percent": 64.74
				}
			,{
				"<=msec": 3.300
				,"percent": 66.43
				}
			,{
				"<=msec": 3.400
				,"percent": 68.04
				}
			,{
				"<=msec": 3.500
				,"percent": 69.28
				}
			,{
				"<=msec": 3.600
				,"percent": 70.46
				}
			,{
				"<=msec": 3.700
				,"percent": 71.41
				}
			,{
				"<=msec": 3.800
				,"percent": 72.28
				}
			,{
				"<=msec": 3.900
				,"percent": 73.14
				}
			,{
				"<=msec": 4.000
				,"percent": 73.83
				}
			,{
				"<=msec": 4.100
				,"percent": 74.57
				}
			,{
				"<=msec": 4.200
				,"percent": 75.18
				}
			,{
				"<=msec": 4.300
				,"percent": 75.73
				}
			,{
				"<=msec": 4.400
				,"percent": 76.28
				}
			,{
				"<=msec": 4.500
				,"percent": 76.81
				}
			,{
				"<=msec": 4.600
				,"percent": 77.24
				}
			,{
				"<=msec": 4.700
				,"percent": 77.65
				}
			,{
				"<=msec": 4.800
				,"percent": 78.09
				}
			,{
				"<=msec": 4.900
				,"percent": 78.47
				}
			,{
				"<=msec": 5.000
				,"percent": 78.83
				}
			,{
				"<=msec": 5.100
				,"percent": 79.16
				}
			,{
				"<=msec": 5.200
				,"percent": 79.45
				}
			,{
				"<=msec": 5.300
				,"percent": 79.80
				}
			,{
				"<=msec": 5.400
				,"percent": 80.04
				}
			,{
				"<=msec": 5.500
				,"percent": 80.35
				}
			,{
				"<=msec": 5.600
				,"percent": 80.55
				}
			,{
				"<=msec": 5.700
				,"percent": 80.82
				}
			,{
				"<=msec": 5.800
				,"percent": 81.06
				}
			,{
				"<=msec": 5.900
				,"percent": 81.31
				}
			,{
				"<=msec": 6.000
				,"percent": 81.52
				}
			,{
				"<=msec": 6.100
				,"percent": 81.78
				}
			,{
				"<=msec": 6.200
				,"percent": 82.05
				}
			,{
				"<=msec": 6.300
				,"percent": 82.35
				}
			,{
				"<=msec": 6.400
				,"percent": 82.58
				}
			,{
				"<=msec": 6.500
				,"percent": 82.83
				}
			,{
				"<=msec": 6.600
				,"percent": 83.14
				}
			,{
				"<=msec": 6.700
				,"percent": 83.34
				}
			,{
				"<=msec": 6.800
				,"percent": 83.56
				}
			,{
				"<=msec": 6.900
				,"percent": 83.79
				}
			,{
				"<=msec": 7.000
				,"percent": 83.94
				}
			,{
				"<=msec": 7.100
				,"percent": 84.16
				}
			,{
				"<=msec": 7.200
				,"percent": 84.42
				}
			,{
				"<=msec": 7.300
				,"percent": 84.66
				}
			,{
				"<=msec": 7.400
				,"percent": 84.90
				}
			,{
				"<=msec": 7.500
				,"percent": 85.17
				}
			,{
				"<=msec": 7.600
				,"percent": 85.35
				}
			,{
				"<=msec": 7.700
				,"percent": 85.56
				}
			,{
				"<=msec": 7.800
				,"percent": 85.83
				}
			,{
				"<=msec": 7.900
				,"percent": 86.01
				}
			,{
				"<=msec": 8.000
				,"percent": 86.25
				}
			,{
				"<=msec": 8.100
				,"percent": 86.44
				}
			,{
				"<=msec": 8.200
				,"percent": 86.71
				}
			,{
				"<=msec": 8.300
				,"percent": 86.92
				}
			,{
				"<=msec": 8.400
				,"percent": 87.23
				}
			,{
				"<=msec": 8.500
				,"percent": 87.51
				}
			,{
				"<=msec": 8.600
				,"percent": 87.74
				}
			,{
				"<=msec": 8.700
				,"percent": 87.91
				}
			,{
				"<=msec": 8.800
				,"percent": 88.05
				}
			,{
				"<=msec": 8.900
				,"percent": 88.22
				}
			,{
				"<=msec": 9.000
				,"percent": 88.50
				}
			,{
				"<=msec": 9.100
				,"percent": 88.64
				}
			,{
				"<=msec": 9.200
				,"percent": 88.88
				}
			,{
				"<=msec": 9.300
				,"percent": 89.08
				}
			,{
				"<=msec": 9.400
				,"percent": 89.24
				}
			,{
				"<=msec": 9.500
				,"percent": 89.44
				}
			,{
				"<=msec": 9.600
				,"percent": 89.67
				}
			,{
				"<=msec": 9.700
				,"percent": 89.83
				}
			,{
				"<=msec": 9.800
				,"percent": 90.01
				}
			,{
				"<=msec": 9.900
				,"percent": 90.20
				}
			,{
				"<=msec": 10.000
				,"percent": 91.41
				}
			,{
				"<=msec": 11.000
				,"percent": 93.73
				}
			,{
				"<=msec": 12.000
				,"percent": 96.59
				}
			,{
				"<=msec": 13.000
				,"percent": 98.53
				}
			,{
				"<=msec": 14.000
				,"percent": 99.21
				}
			,{
				"<=msec": 15.000
				,"percent": 99.46
				}
			,{
				"<=msec": 16.000
				,"percent": 99.69
				}
			,{
				"<=msec": 17.000
				,"percent": 99.77
				}
			,{
				"<=msec": 18.000
				,"percent": 99.86
				}
			,{
				"<=msec": 19.000
				,"percent": 99.91
				}
			,{
				"<=msec": 20.000
				,"percent": 99.94
				}
			,{
				"<=msec": 21.000
				,"percent": 99.94
				}
			,{
				"<=msec": 22.000
				,"percent": 99.97
				}
			,{
				"<=msec": 23.000
				,"percent": 99.99
				}
			,{
				"<=msec": 26.000
				,"percent": 99.99
				}
			,{
				"<=msec": 27.000
				,"percent": 100.00
				}
			]
		,"WAIT":[
		]
		}
	}
