{
	"configuration":{
		"server": "10.0.0.4"
		,"port": 11212
		,"unix socket": "(null)"
		,"protocol": "memcache_text"
		,"out_file": "(null)"
		,"client_stats": "(null)"
		,"run_count": 1
		,"debug": 0
		,"requests": 0
		,"clients": 2
		,"threads": 1
		,"test_time": 60
		,"ratio": "1:9"
		,"pipeline": 1
		,"data_size": 4096
		,"data_offset": 0
		,"random_data": "false"
		,"data_size_range": "0:0"
		,"data_size_list": ""
		,"data_size_pattern": "R"
		,"expiry_range": "9999:10000"
		,"data_import": "(null)"
		,"data_verify": "false"
		,"verify_only": "false"
		,"generate_keys": "false"
		,"key_prefix": "memtier-"
		,"key_minimum":           0
		,"key_maximum":        1000
		,"key_pattern": "R:R"
		,"key_stddev": 0.000000
		,"key_median": 0.000000
		,"reconnect_interval": 0
		,"multi_key_get": 9
		,"authenticate": ""
		,"select-db": 0
		,"no-expiry": "false"
		,"wait-ratio": "0:0"
		,"num-slaves": "0:0"
		,"wait-timeout": "0-0"
		}
	,"run information":{
		"Threads": 1
		,"Connections per thread": 2
		,"Seconds": 60
		}
	,"ALL STATS":{
		"Sets":{
			"Ops/sec": 163.59
			,"Hits/sec": 0.00
			,"Misses/sec": 0.00
			,"Latency": 6.59
			,"KB/sec": 660.67
			}
		,"Gets":{
			"Ops/sec": 163.56
			,"Hits/sec": 1472.04
			,"Misses/sec": 0.00
			,"Latency": 5.61
			,"KB/sec": 5946.95
			}
		,"Waits":{
			"Ops/sec": 0.00
			,"Hits/sec": 0.00
			,"Misses/sec": 0.00
			,"Latency": 0.00
			,"KB/sec": 0.00
			}
		,"Totals":{
			"Ops/sec": 327.15
			,"Hits/sec": 1472.04
			,"Misses/sec": 0.00
			,"Latency": 6.10
			,"KB/sec": 6607.62
			}
		,"SET":[
			{
				"<=msec": 1.300
				,"percent": 0.13
				}
			,{
				"<=msec": 1.400
				,"percent": 1.05
				}
			,{
				"<=msec": 1.500
				,"percent": 3.02
				}
			,{
				"<=msec": 1.600
				,"percent": 6.32
				}
			,{
				"<=msec": 1.700
				,"percent": 11.21
				}
			,{
				"<=msec": 1.800
				,"percent": 16.08
				}
			,{
				"<=msec": 1.900
				,"percent": 20.37
				}
			,{
				"<=msec": 2.000
				,"percent": 24.12
				}
			,{
				"<=msec": 2.100
				,"percent": 27.76
				}
			,{
				"<=msec": 2.200
				,"percent": 30.77
				}
			,{
				"<=msec": 2.300
				,"percent": 32.90
				}
			,{
				"<=msec": 2.400
				,"percent": 34.84
				}
			,{
				"<=msec": 2.500
				,"percent": 36.47
				}
			,{
				"<=msec": 2.600
				,"percent": 37.82
				}
			,{
				"<=msec": 2.700
				,"percent": 38.86
				}
			,{
				"<=msec": 2.800
				,"percent": 39.81
				}
			,{
				"<=msec": 2.900
				,"percent": 40.70
				}
			,{
				"<=msec": 3.000
				,"percent": 41.63
				}
			,{
				"<=msec": 3.100
				,"percent": 42.27
				}
			,{
				"<=msec": 3.200
				,"percent": 43.15
				}
			,{
				"<=msec": 3.300
				,"percent": 43.71
				}
			,{
				"<=msec": 3.400
				,"percent": 44.27
				}
			,{
				"<=msec": 3.500
				,"percent": 44.75
				}
			,{
				"<=msec": 3.600
				,"percent": 45.18
				}
			,{
				"<=msec": 3.700
				,"percent": 45.53
				}
			,{
				"<=msec": 3.800
				,"percent": 45.99
				}
			,{
				"<=msec": 3.900
				,"percent": 46.41
				}
			,{
				"<=msec": 4.000
				,"percent": 46.94
				}
			,{
				"<=msec": 4.100
				,"percent": 47.32
				}
			,{
				"<=msec": 4.200
				,"percent": 47.76
				}
			,{
				"<=msec": 4.300
				,"percent": 48.03
				}
			,{
				"<=msec": 4.400
				,"percent": 48.41
				}
			,{
				"<=msec": 4.500
				,"percent": 48.79
				}
			,{
				"<=msec": 4.600
				,"percent": 49.13
				}
			,{
				"<=msec": 4.700
				,"percent": 49.48
				}
			,{
				"<=msec": 4.800
				,"percent": 49.76
				}
			,{
				"<=msec": 4.900
				,"percent": 50.02
				}
			,{
				"<=msec": 5.000
				,"percent": 50.36
				}
			,{
				"<=msec": 5.100
				,"percent": 50.68
				}
			,{
				"<=msec": 5.200
				,"percent": 51.00
				}
			,{
				"<=msec": 5.300
				,"percent": 51.35
				}
			,{
				"<=msec": 5.400
				,"percent": 51.69
				}
			,{
				"<=msec": 5.500
				,"percent": 51.93
				}
			,{
				"<=msec": 5.600
				,"percent": 52.21
				}
			,{
				"<=msec": 5.700
				,"percent": 52.61
				}
			,{
				"<=msec": 5.800
				,"percent": 52.90
				}
			,{
				"<=msec": 5.900
				,"percent": 53.13
				}
			,{
				"<=msec": 6.000
				,"percent": 53.52
				}
			,{
				"<=msec": 6.100
				,"percent": 53.95
				}
			,{
				"<=msec": 6.200
				,"percent": 54.35
				}
			,{
				"<=msec": 6.300
				,"percent": 54.76
				}
			,{
				"<=msec": 6.400
				,"percent": 55.18
				}
			,{
				"<=msec": 6.500
				,"percent": 55.48
				}
			,{
				"<=msec": 6.600
				,"percent": 55.79
				}
			,{
				"<=msec": 6.700
				,"percent": 56.24
				}
			,{
				"<=msec": 6.800
				,"percent": 56.61
				}
			,{
				"<=msec": 6.900
				,"percent": 57.07
				}
			,{
				"<=msec": 7.000
				,"percent": 57.39
				}
			,{
				"<=msec": 7.100
				,"percent": 57.81
				}
			,{
				"<=msec": 7.200
				,"percent": 58.24
				}
			,{
				"<=msec": 7.300
				,"percent": 58.61
				}
			,{
				"<=msec": 7.400
				,"percent": 59.12
				}
			,{
				"<=msec": 7.500
				,"percent": 59.55
				}
			,{
				"<=msec": 7.600
				,"percent": 60.10
				}
			,{
				"<=msec": 7.700
				,"percent": 60.53
				}
			,{
				"<=msec": 7.800
				,"percent": 60.97
				}
			,{
				"<=msec": 7.900
				,"percent": 61.30
				}
			,{
				"<=msec": 8.000
				,"percent": 61.63
				}
			,{
				"<=msec": 8.100
				,"percent": 62.06
				}
			,{
				"<=msec": 8.200
				,"percent": 62.46
				}
			,{
				"<=msec": 8.300
				,"percent": 62.97
				}
			,{
				"<=msec": 8.400
				,"percent": 63.47
				}
			,{
				"<=msec": 8.500
				,"percent": 63.90
				}
			,{
				"<=msec": 8.600
				,"percent": 64.35
				}
			,{
				"<=msec": 8.700
				,"percent": 64.88
				}
			,{
				"<=msec": 8.800
				,"percent": 65.23
				}
			,{
				"<=msec": 8.900
				,"percent": 65.73
				}
			,{
				"<=msec": 9.000
				,"percent": 66.18
				}
			,{
				"<=msec": 9.100
				,"percent": 66.80
				}
			,{
				"<=msec": 9.200
				,"percent": 67.22
				}
			,{
				"<=msec": 9.300
				,"percent": 67.80
				}
			,{
				"<=msec": 9.400
				,"percent": 68.28
				}
			,{
				"<=msec": 9.500
				,"percent": 68.81
				}
			,{
				"<=msec": 9.600
				,"percent": 69.23
				}
			,{
				"<=msec": 9.700
				,"percent": 69.71
				}
			,{
				"<=msec": 9.800
				,"percent": 70.02
				}
			,{
				"<=msec": 9.900
				,"percent": 70.57
				}
			,{
				"<=msec": 10.000
				,"percent": 72.85
				}
			,{
				"<=msec": 11.000
				,"percent": 76.08
				}
			,{
				"<=msec": 12.000
				,"percent": 80.87
				}
			,{
				"<=msec": 13.000
				,"percent": 88.94
				}
			,{
				"<=msec": 14.000
				,"percent": 93.98
				}
			,{
				"<=msec": 15.000
				,"percent": 98.57
				}
			,{
				"<=msec": 16.000
				,"percent": 99.45
				}
			,{
				"<=msec": 17.000
				,"percent": 99.67
				}
			,{
				"<=msec": 18.000
				,"percent": 99.84
				}
			,{
				"<=msec": 19.000
				,"percent": 99.88
				}
			,{
				"<=msec": 20.000
				,"percent": 99.90
				}
			,{
				"<=msec": 21.000
				,"percent": 99.91
				}
			,{
				"<=msec": 22.000
				,"percent": 99.92
				}
			,{
				"<=msec": 23.000
				,"percent": 99.94
				}
			,{
				"<=msec": 25.000
				,"percent": 99.95
				}
			,{
				"<=msec": 26.000
				,"percent": 99.97
				}
			,{
				"<=msec": 35.000
				,"percent": 99.98
				}
			,{
				"<=msec": 46.000
				,"percent": 99.99
				}
			,{
				"<=msec": 51.000
				,"percent": 100.00
				}
			]
		,"GET":[
			{
				"<=msec": 1.600
				,"percent": 0.15
				}
			,{
				"<=msec": 1.700
				,"percent": 0.88
				}
			,{
				"<=msec": 1.800
				,"percent": 2.47
				}
			,{
				"<=msec": 1.900
				,"percent": 5.56
				}
			,{
				"<=msec": 2.000
				,"percent": 9.68
				}
			,{
				"<=msec": 2.100
				,"percent": 14.35
				}
			,{
				"<=msec": 2.200
				,"percent": 19.06
				}
			,{
				"<=msec": 2.300
				,"percent": 23.60
				}
			,{
				"<=msec": 2.400
				,"percent": 27.62
				}
			,{
				"<=msec": 2.500
				,"percent": 31.74
				}
			,{
				"<=msec": 2.600
				,"percent": 35.55
				}
			,{
				"<=msec": 2.700
				,"percent": 39.39
				}
			,{
				"<=msec": 2.800
				,"percent": 43.38
				}
			,{
				"<=msec": 2.900
				,"percent": 46.90
				}
			,{
				"<=msec": 3.000
				,"percent": 50.14
				}
			,{
				"<=msec": 3.100
				,"percent": 53.10
				}
			,{
				"<=msec": 3.200
				,"percent": 55.77
				}
			,{
				"<=msec": 3.300
				,"percent": 57.79
				}
			,{
				"<=msec": 3.400
				,"percent": 59.65
				}
			,{
				"<=msec": 3.500
				,"percent": 61.27
				}
			,{
				"<=msec": 3.600
				,"percent": 62.71
				}
			,{
				"<=msec": 3.700
				,"percent": 63.98
				}
			,{
				"<=msec": 3.800
				,"percent": 65.16
				}
			,{
				"<=msec": 3.900
				,"percent": 66.01
				}
			,{
				"<=msec": 4.000
				,"percent": 66.88
				}
			,{
				"<=msec": 4.100
				,"percent": 67.57
				}
			,{
				"<=msec": 4.200
				,"percent": 68.18
				}
			,{
				"<=msec": 4.300
				,"percent": 68.68
				}
			,{
				"<=msec": 4.400
				,"percent": 69.07
				}
			,{
				"<=msec": 4.500
				,"percent": 69.42
				}
			,{
				"<=msec": 4.600
				,"percent": 69.80
				}
			,{
				"<=msec": 4.700
				,"percent": 70.29
				}
			,{
				"<=msec": 4.800
				,"percent": 70.61
				}
			,{
				"<=msec": 4.900
				,"percent": 70.92
				}
			,{
				"<=msec": 5.000
				,"percent": 71.18
				}
			,{
				"<=msec": 5.100
				,"percent": 71.56
				}
			,{
				"<=msec": 5.200
				,"percent": 71.82
				}
			,{
				"<=msec": 5.300
				,"percent": 72.09
				}
			,{
				"<=msec": 5.400
				,"percent": 72.34
				}
			,{
				"<=msec": 5.500
				,"percent": 72.56
				}
			,{
				"<=msec": 5.600
				,"percent": 72.79
				}
			,{
				"<=msec": 5.700
				,"percent": 72.90
				}
			,{
				"<=msec": 5.800
				,"percent": 73.15
				}
			,{
				"<=msec": 5.900
				,"percent": 73.38
				}
			,{
				"<=msec": 6.000
				,"percent": 73.67
				}
			,{
				"<=msec": 6.100
				,"percent": 73.90
				}
			,{
				"<=msec": 6.200
				,"percent": 74.09
				}
			,{
				"<=msec": 6.300
				,"percent": 74.25
				}
			,{
				"<=msec": 6.400
				,"percent": 74.38
				}
			,{
				"<=msec": 6.500
				,"percent": 74.58
				}
			,{
				"<=msec": 6.600
				,"percent": 74.80
				}
			,{
				"<=msec": 6.700
				,"percent": 74.93
				}
			,{
				"<=msec": 6.800
				,"percent": 75.05
				}
			,{
				"<=msec": 6.900
				,"percent": 75.18
				}
			,{
				"<=msec": 7.000
				,"percent": 75.29
				}
			,{
				"<=msec": 7.100
				,"percent": 75.49
				}
			,{
				"<=msec": 7.200
				,"percent": 75.70
				}
			,{
				"<=msec": 7.300
				,"percent": 75.85
				}
			,{
				"<=msec": 7.400
				,"percent": 76.07
				}
			,{
				"<=msec": 7.500
				,"percent": 76.23
				}
			,{
				"<=msec": 7.600
				,"percent": 76.33
				}
			,{
				"<=msec": 7.700
				,"percent": 76.50
				}
			,{
				"<=msec": 7.800
				,"percent": 76.65
				}
			,{
				"<=msec": 7.900
				,"percent": 76.72
				}
			,{
				"<=msec": 8.000
				,"percent": 76.87
				}
			,{
				"<=msec": 8.100
				,"percent": 76.96
				}
			,{
				"<=msec": 8.200
				,"percent": 77.16
				}
			,{
				"<=msec": 8.300
				,"percent": 77.27
				}
			,{
				"<=msec": 8.400
				,"percent": 77.40
				}
			,{
				"<=msec": 8.500
				,"percent": 77.62
				}
			,{
				"<=msec": 8.600
				,"percent": 77.70
				}
			,{
				"<=msec": 8.700
				,"percent": 77.81
				}
			,{
				"<=msec": 8.800
				,"percent": 77.96
				}
			,{
				"<=msec": 8.900
				,"percent": 78.05
				}
			,{
				"<=msec": 9.000
				,"percent": 78.19
				}
			,{
				"<=msec": 9.100
				,"percent": 78.34
				}
			,{
				"<=msec": 9.200
				,"percent": 78.45
				}
			,{
				"<=msec": 9.300
				,"percent": 78.61
				}
			,{
				"<=msec": 9.400
				,"percent": 78.72
				}
			,{
				"<=msec": 9.500
				,"percent": 78.90
				}
			,{
				"<=msec": 9.600
				,"percent": 79.09
				}
			,{
				"<=msec": 9.700
				,"percent": 79.20
				}
			,{
				"<=msec": 9.800
				,"percent": 79.37
				}
			,{
				"<=msec": 9.900
				,"percent": 79.47
				}
			,{
				"<=msec": 10.000
				,"percent": 80.22
				}
			,{
				"<=msec": 11.000
				,"percent": 82.52
				}
			,{
				"<=msec": 12.000
				,"percent": 85.45
				}
			,{
				"<=msec": 13.000
				,"percent": 88.26
				}
			,{
				"<=msec": 14.000
				,"percent": 90.36
				}
			,{
				"<=msec": 15.000
				,"percent": 91.72
				}
			,{
				"<=msec": 16.000
				,"percent": 96.25
				}
			,{
				"<=msec": 17.000
				,"percent": 97.89
				}
			,{
				"<=msec": 18.000
				,"percent": 98.35
				}
			,{
				"<=msec": 19.000
				,"percent": 98.53
				}
			,{
				"<=msec": 20.000
				,"percent": 98.66
				}
			,{
				"<=msec": 21.000
				,"percent": 98.70
				}
			,{
				"<=msec": 22.000
				,"percent": 98.83
				}
			,{
				"<=msec": 23.000
				,"percent": 99.02
				}
			,{
				"<=msec": 24.000
				,"percent": 99.11
				}
			,{
				"<=msec": 25.000
				,"percent": 99.18
				}
			,{
				"<=msec": 26.000
				,"percent": 99.33
				}
			,{
				"<=msec": 27.000
				,"percent": 99.58
				}
			,{
				"<=msec": 28.000
				,"percent": 99.75
				}
			,{
				"<=msec": 29.000
				,"percent": 99.82
				}
			,{
				"<=msec": 30.000
				,"percent": 99.88
				}
			,{
				"<=msec": 31.000
				,"percent": 99.92
				}
			,{
				"<=msec": 32.000
				,"percent": 99.97
				}
			,{
				"<=msec": 33.000
				,"percent": 99.98
				}
			,{
				"<=msec": 41.000
				,"percent": 99.99
				}
			,{
				"<=msec": 43.000
				,"percent": 100.00
				}
			]
		,"WAIT":[
		]
		}
	}
