{
	"configuration":{
		"server": "10.0.0.4"
		,"port": 11212
		,"unix socket": "(null)"
		,"protocol": "memcache_text"
		,"out_file": "(null)"
		,"client_stats": "(null)"
		,"run_count": 1
		,"debug": 0
		,"requests": 0
		,"clients": 2
		,"threads": 1
		,"test_time": 60
		,"ratio": "1:1"
		,"pipeline": 1
		,"data_size": 4096
		,"data_offset": 0
		,"random_data": "false"
		,"data_size_range": "0:0"
		,"data_size_list": ""
		,"data_size_pattern": "R"
		,"expiry_range": "9999:10000"
		,"data_import": "(null)"
		,"data_verify": "false"
		,"verify_only": "false"
		,"generate_keys": "false"
		,"key_prefix": "memtier-"
		,"key_minimum":           0
		,"key_maximum":        1000
		,"key_pattern": "R:R"
		,"key_stddev": 0.000000
		,"key_median": 0.000000
		,"reconnect_interval": 0
		,"multi_key_get": 1
		,"authenticate": ""
		,"select-db": 0
		,"no-expiry": "false"
		,"wait-ratio": "0:0"
		,"num-slaves": "0:0"
		,"wait-timeout": "0-0"
		}
	,"run information":{
		"Threads": 1
		,"Connections per thread": 2
		,"Seconds": 60
		}
	,"ALL STATS":{
		"Sets":{
			"Ops/sec": 421.53
			,"Hits/sec": 0.00
			,"Misses/sec": 0.00
			,"Latency": 2.69
			,"KB/sec": 1702.34
			}
		,"Gets":{
			"Ops/sec": 421.52
			,"Hits/sec": 421.52
			,"Misses/sec": 0.00
			,"Latency": 2.05
			,"KB/sec": 1706.55
			}
		,"Waits":{
			"Ops/sec": 0.00
			,"Hits/sec": 0.00
			,"Misses/sec": 0.00
			,"Latency": 0.00
			,"KB/sec": 0.00
			}
		,"Totals":{
			"Ops/sec": 843.05
			,"Hits/sec": 421.52
			,"Misses/sec": 0.00
			,"Latency": 2.37
			,"KB/sec": 3408.89
			}
		,"SET":[
			{
				"<=msec": 1.100
				,"percent": 0.02
				}
			,{
				"<=msec": 1.200
				,"percent": 0.34
				}
			,{
				"<=msec": 1.300
				,"percent": 1.95
				}
			,{
				"<=msec": 1.400
				,"percent": 6.62
				}
			,{
				"<=msec": 1.500
				,"percent": 14.30
				}
			,{
				"<=msec": 1.600
				,"percent": 23.72
				}
			,{
				"<=msec": 1.700
				,"percent": 32.98
				}
			,{
				"<=msec": 1.800
				,"percent": 41.70
				}
			,{
				"<=msec": 1.900
				,"percent": 48.88
				}
			,{
				"<=msec": 2.000
				,"percent": 54.55
				}
			,{
				"<=msec": 2.100
				,"percent": 59.65
				}
			,{
				"<=msec": 2.200
				,"percent": 63.59
				}
			,{
				"<=msec": 2.300
				,"percent": 66.72
				}
			,{
				"<=msec": 2.400
				,"percent": 69.35
				}
			,{
				"<=msec": 2.500
				,"percent": 71.60
				}
			,{
				"<=msec": 2.600
				,"percent": 73.47
				}
			,{
				"<=msec": 2.700
				,"percent": 74.91
				}
			,{
				"<=msec": 2.800
				,"percent": 76.39
				}
			,{
				"<=msec": 2.900
				,"percent": 77.60
				}
			,{
				"<=msec": 3.000
				,"percent": 78.83
				}
			,{
				"<=msec": 3.100
				,"percent": 79.80
				}
			,{
				"<=msec": 3.200
				,"percent": 80.76
				}
			,{
				"<=msec": 3.300
				,"percent": 81.58
				}
			,{
				"<=msec": 3.400
				,"percent": 82.32
				}
			,{
				"<=msec": 3.500
				,"percent": 82.90
				}
			,{
				"<=msec": 3.600
				,"percent": 83.54
				}
			,{
				"<=msec": 3.700
				,"percent": 84.15
				}
			,{
				"<=msec": 3.800
				,"percent": 84.71
				}
			,{
				"<=msec": 3.900
				,"percent": 85.22
				}
			,{
				"<=msec": 4.000
				,"percent": 85.73
				}
			,{
				"<=msec": 4.100
				,"percent": 86.29
				}
			,{
				"<=msec": 4.200
				,"percent": 86.76
				}
			,{
				"<=msec": 4.300
				,"percent": 87.21
				}
			,{
				"<=msec": 4.400
				,"percent": 87.64
				}
			,{
				"<=msec": 4.500
				,"percent": 88.01
				}
			,{
				"<=msec": 4.600
				,"percent": 88.35
				}
			,{
				"<=msec": 4.700
				,"percent": 88.72
				}
			,{
				"<=msec": 4.800
				,"percent": 89.10
				}
			,{
				"<=msec": 4.900
				,"percent": 89.49
				}
			,{
				"<=msec": 5.000
				,"percent": 89.81
				}
			,{
				"<=msec": 5.100
				,"percent": 90.21
				}
			,{
				"<=msec": 5.200
				,"percent": 90.51
				}
			,{
				"<=msec": 5.300
				,"percent": 90.79
				}
			,{
				"<=msec": 5.400
				,"percent": 91.10
				}
			,{
				"<=msec": 5.500
				,"percent": 91.33
				}
			,{
				"<=msec": 5.600
				,"percent": 91.61
				}
			,{
				"<=msec": 5.700
				,"percent": 91.88
				}
			,{
				"<=msec": 5.800
				,"percent": 92.11
				}
			,{
				"<=msec": 5.900
				,"percent": 92.37
				}
			,{
				"<=msec": 6.000
				,"percent": 92.63
				}
			,{
				"<=msec": 6.100
				,"percent": 92.90
				}
			,{
				"<=msec": 6.200
				,"percent": 93.12
				}
			,{
				"<=msec": 6.300
				,"percent": 93.41
				}
			,{
				"<=msec": 6.400
				,"percent": 93.67
				}
			,{
				"<=msec": 6.500
				,"percent": 93.91
				}
			,{
				"<=msec": 6.600
				,"percent": 94.14
				}
			,{
				"<=msec": 6.700
				,"percent": 94.34
				}
			,{
				"<=msec": 6.800
				,"percent": 94.60
				}
			,{
				"<=msec": 6.900
				,"percent": 94.82
				}
			,{
				"<=msec": 7.000
				,"percent": 95.07
				}
			,{
				"<=msec": 7.100
				,"percent": 95.33
				}
			,{
				"<=msec": 7.200
				,"percent": 95.63
				}
			,{
				"<=msec": 7.300
				,"percent": 95.85
				}
			,{
				"<=msec": 7.400
				,"percent": 96.05
				}
			,{
				"<=msec": 7.500
				,"percent": 96.31
				}
			,{
				"<=msec": 7.600
				,"percent": 96.54
				}
			,{
				"<=msec": 7.700
				,"percent": 96.70
				}
			,{
				"<=msec": 7.800
				,"percent": 96.93
				}
			,{
				"<=msec": 7.900
				,"percent": 97.10
				}
			,{
				"<=msec": 8.000
				,"percent": 97.28
				}
			,{
				"<=msec": 8.100
				,"percent": 97.41
				}
			,{
				"<=msec": 8.200
				,"percent": 97.60
				}
			,{
				"<=msec": 8.300
				,"percent": 97.74
				}
			,{
				"<=msec": 8.400
				,"percent": 97.91
				}
			,{
				"<=msec": 8.500
				,"percent": 98.03
				}
			,{
				"<=msec": 8.600
				,"percent": 98.11
				}
			,{
				"<=msec": 8.700
				,"percent": 98.20
				}
			,{
				"<=msec": 8.800
				,"percent": 98.29
				}
			,{
				"<=msec": 8.900
				,"percent": 98.37
				}
			,{
				"<=msec": 9.000
				,"percent": 98.45
				}
			,{
				"<=msec": 9.100
				,"percent": 98.53
				}
			,{
				"<=msec": 9.200
				,"percent": 98.59
				}
			,{
				"<=msec": 9.300
				,"percent": 98.65
				}
			,{
				"<=msec": 9.400
				,"percent": 98.73
				}
			,{
				"<=msec": 9.500
				,"percent": 98.79
				}
			,{
				"<=msec": 9.600
				,"percent": 98.87
				}
			,{
				"<=msec": 9.700
				,"percent": 98.91
				}
			,{
				"<=msec": 9.800
				,"percent": 98.94
				}
			,{
				"<=msec": 9.900
				,"percent": 98.98
				}
			,{
				"<=msec": 10.000
				,"percent": 99.25
				}
			,{
				"<=msec": 11.000
				,"percent": 99.57
				}
			,{
				"<=msec": 12.000
				,"percent": 99.77
				}
			,{
				"<=msec": 13.000
				,"percent": 99.83
				}
			,{
				"<=msec": 14.000
				,"percent": 99.88
				}
			,{
				"<=msec": 15.000
				,"percent": 99.89
				}
			,{
				"<=msec": 16.000
				,"percent": 99.91
				}
			,{
				"<=msec": 17.000
				,"percent": 99.93
				}
			,{
				"<=msec": 18.000
				,"percent": 99.95
				}
			,{
				"<=msec": 19.000
				,"percent": 99.96
				}
			,{
				"<=msec": 20.000
				,"percent": 99.97
				}
			,{
				"<=msec": 21.000
				,"percent": 99.98
				}
			,{
				"<=msec": 22.000
				,"percent": 99.99
				}
			,{
				"<=msec": 24.000
				,"percent": 99.99
				}
			,{
				"<=msec": 30.000
				,"percent": 100.00
				}
			,{
				"<=msec": 36.000
				,"percent": 100.00
				}
			]
		,"GET":[
			{
				"<=msec": 0.870
				,"percent": 0.00
				}
			,{
				"<=msec": 0.980
				,"percent": 0.01
				}
			,{
				"<=msec": 0.990
				,"percent": 0.01
				}
			,{
				"<=msec": 1.000
				,"percent": 0.23
				}
			,{
				"<=msec": 1.100
				,"percent": 1.95
				}
			,{
				"<=msec": 1.200
				,"percent": 8.21
				}
			,{
				"<=msec": 1.300
				,"percent": 18.92
				}
			,{
				"<=msec": 1.400
				,"percent": 31.53
				}
			,{
				"<=msec": 1.500
				,"percent": 43.29
				}
			,{
				"<=msec": 1.600
				,"percent": 53.25
				}
			,{
				"<=msec": 1.700
				,"percent": 60.77
				}
			,{
				"<=msec": 1.800
				,"percent": 66.55
				}
			,{
				"<=msec": 1.900
				,"percent": 71.11
				}
			,{
				"<=msec": 2.000
				,"percent": 74.85
				}
			,{
				"<=msec": 2.100
				,"percent": 77.83
				}
			,{
				"<=msec": 2.200
				,"percent": 79.98
				}
			,{
				"<=msec": 2.300
				,"percent": 81.99
				}
			,{
				"<=msec": 2.400
				,"percent": 83.59
				}
			,{
				"<=msec": 2.500
				,"percent": 84.93
				}
			,{
				"<=msec": 2.600
				,"percent": 86.16
				}
			,{
				"<=msec": 2.700
				,"percent": 87.19
				}
			,{
				"<=msec": 2.800
				,"percent": 88.10
				}
			,{
				"<=msec": 2.900
				,"percent": 88.92
				}
			,{
				"<=msec": 3.000
				,"percent": 89.62
				}
			,{
				"<=msec": 3.100
				,"percent": 90.23
				}
			,{
				"<=msec": 3.200
				,"percent": 90.89
				}
			,{
				"<=msec": 3.300
				,"percent": 91.33
				}
			,{
				"<=msec": 3.400
				,"percent": 91.77
				}
			,{
				"<=msec": 3.500
				,"percent": 92.15
				}
			,{
				"<=msec": 3.600
				,"percent": 92.44
				}
			,{
				"<=msec": 3.700
				,"percent": 92.72
				}
			,{
				"<=msec": 3.800
				,"percent": 93.03
				}
			,{
				"<=msec": 3.900
				,"percent": 93.29
				}
			,{
				"<=msec": 4.000
				,"percent": 93.54
				}
			,{
				"<=msec": 4.100
				,"percent": 93.82
				}
			,{
				"<=msec": 4.200
				,"percent": 94.01
				}
			,{
				"<=msec": 4.300
				,"percent": 94.21
				}
			,{
				"<=msec": 4.400
				,"percent": 94.46
				}
			,{
				"<=msec": 4.500
				,"percent": 94.65
				}
			,{
				"<=msec": 4.600
				,"percent": 94.84
				}
			,{
				"<=msec": 4.700
				,"percent": 95.02
				}
			,{
				"<=msec": 4.800
				,"percent": 95.20
				}
			,{
				"<=msec": 4.900
				,"percent": 95.38
				}
			,{
				"<=msec": 5.000
				,"percent": 95.56
				}
			,{
				"<=msec": 5.100
				,"percent": 95.72
				}
			,{
				"<=msec": 5.200
				,"percent": 95.86
				}
			,{
				"<=msec": 5.300
				,"percent": 95.97
				}
			,{
				"<=msec": 5.400
				,"percent": 96.10
				}
			,{
				"<=msec": 5.500
				,"percent": 96.27
				}
			,{
				"<=msec": 5.600
				,"percent": 96.42
				}
			,{
				"<=msec": 5.700
				,"percent": 96.57
				}
			,{
				"<=msec": 5.800
				,"percent": 96.68
				}
			,{
				"<=msec": 5.900
				,"percent": 96.82
				}
			,{
				"<=msec": 6.000
				,"percent": 96.98
				}
			,{
				"<=msec": 6.100
				,"percent": 97.11
				}
			,{
				"<=msec": 6.200
				,"percent": 97.22
				}
			,{
				"<=msec": 6.300
				,"percent": 97.35
				}
			,{
				"<=msec": 6.400
				,"percent": 97.47
				}
			,{
				"<=msec": 6.500
				,"percent": 97.59
				}
			,{
				"<=msec": 6.600
				,"percent": 97.74
				}
			,{
				"<=msec": 6.700
				,"percent": 97.90
				}
			,{
				"<=msec": 6.800
				,"percent": 98.01
				}
			,{
				"<=msec": 6.900
				,"percent": 98.15
				}
			,{
				"<=msec": 7.000
				,"percent": 98.26
				}
			,{
				"<=msec": 7.100
				,"percent": 98.39
				}
			,{
				"<=msec": 7.200
				,"percent": 98.48
				}
			,{
				"<=msec": 7.300
				,"percent": 98.58
				}
			,{
				"<=msec": 7.400
				,"percent": 98.66
				}
			,{
				"<=msec": 7.500
				,"percent": 98.72
				}
			,{
				"<=msec": 7.600
				,"percent": 98.82
				}
			,{
				"<=msec": 7.700
				,"percent": 98.85
				}
			,{
				"<=msec": 7.800
				,"percent": 98.91
				}
			,{
				"<=msec": 7.900
				,"percent": 98.95
				}
			,{
				"<=msec": 8.000
				,"percent": 99.02
				}
			,{
				"<=msec": 8.100
				,"percent": 99.06
				}
			,{
				"<=msec": 8.200
				,"percent": 99.09
				}
			,{
				"<=msec": 8.300
				,"percent": 99.14
				}
			,{
				"<=msec": 8.400
				,"percent": 99.19
				}
			,{
				"<=msec": 8.500
				,"percent": 99.24
				}
			,{
				"<=msec": 8.600
				,"percent": 99.28
				}
			,{
				"<=msec": 8.700
				,"percent": 99.32
				}
			,{
				"<=msec": 8.800
				,"percent": 99.34
				}
			,{
				"<=msec": 8.900
				,"percent": 99.36
				}
			,{
				"<=msec": 9.000
				,"percent": 99.38
				}
			,{
				"<=msec": 9.100
				,"percent": 99.41
				}
			,{
				"<=msec": 9.200
				,"percent": 99.45
				}
			,{
				"<=msec": 9.300
				,"percent": 99.47
				}
			,{
				"<=msec": 9.400
				,"percent": 99.48
				}
			,{
				"<=msec": 9.500
				,"percent": 99.49
				}
			,{
				"<=msec": 9.600
				,"percent": 99.51
				}
			,{
				"<=msec": 9.700
				,"percent": 99.54
				}
			,{
				"<=msec": 9.800
				,"percent": 99.56
				}
			,{
				"<=msec": 9.900
				,"percent": 99.57
				}
			,{
				"<=msec": 10.000
				,"percent": 99.67
				}
			,{
				"<=msec": 11.000
				,"percent": 99.79
				}
			,{
				"<=msec": 12.000
				,"percent": 99.87
				}
			,{
				"<=msec": 13.000
				,"percent": 99.92
				}
			,{
				"<=msec": 14.000
				,"percent": 99.94
				}
			,{
				"<=msec": 15.000
				,"percent": 99.96
				}
			,{
				"<=msec": 16.000
				,"percent": 99.98
				}
			,{
				"<=msec": 17.000
				,"percent": 99.99
				}
			,{
				"<=msec": 18.000
				,"percent": 100.00
				}
			,{
				"<=msec": 34.000
				,"percent": 100.00
				}
			]
		,"WAIT":[
		]
		}
	}
