{
	"configuration":{
		"server": "10.0.0.4"
		,"port": 11212
		,"unix socket": "(null)"
		,"protocol": "memcache_text"
		,"out_file": "(null)"
		,"client_stats": "(null)"
		,"run_count": 1
		,"debug": 0
		,"requests": 0
		,"clients": 2
		,"threads": 1
		,"test_time": 60
		,"ratio": "1:1"
		,"pipeline": 1
		,"data_size": 4096
		,"data_offset": 0
		,"random_data": "false"
		,"data_size_range": "0:0"
		,"data_size_list": ""
		,"data_size_pattern": "R"
		,"expiry_range": "9999:10000"
		,"data_import": "(null)"
		,"data_verify": "false"
		,"verify_only": "false"
		,"generate_keys": "false"
		,"key_prefix": "memtier-"
		,"key_minimum":           0
		,"key_maximum":        1000
		,"key_pattern": "R:R"
		,"key_stddev": 0.000000
		,"key_median": 0.000000
		,"reconnect_interval": 0
		,"multi_key_get": 1
		,"authenticate": ""
		,"select-db": 0
		,"no-expiry": "false"
		,"wait-ratio": "0:0"
		,"num-slaves": "0:0"
		,"wait-timeout": "0-0"
		}
	,"run information":{
		"Threads": 1
		,"Connections per thread": 2
		,"Seconds": 60
		}
	,"ALL STATS":{
		"Sets":{
			"Ops/sec": 406.69
			,"Hits/sec": 0.00
			,"Misses/sec": 0.00
			,"Latency": 2.81
			,"KB/sec": 1642.42
			}
		,"Gets":{
			"Ops/sec": 406.66
			,"Hits/sec": 406.66
			,"Misses/sec": 0.00
			,"Latency": 2.09
			,"KB/sec": 1646.41
			}
		,"Waits":{
			"Ops/sec": 0.00
			,"Hits/sec": 0.00
			,"Misses/sec": 0.00
			,"Latency": 0.00
			,"KB/sec": 0.00
			}
		,"Totals":{
			"Ops/sec": 813.36
			,"Hits/sec": 406.66
			,"Misses/sec": 0.00
			,"Latency": 2.45
			,"KB/sec": 3288.83
			}
		,"SET":[
			{
				"<=msec": 1.200
				,"percent": 0.06
				}
			,{
				"<=msec": 1.300
				,"percent": 0.75
				}
			,{
				"<=msec": 1.400
				,"percent": 3.45
				}
			,{
				"<=msec": 1.500
				,"percent": 9.20
				}
			,{
				"<=msec": 1.600
				,"percent": 16.99
				}
			,{
				"<=msec": 1.700
				,"percent": 25.75
				}
			,{
				"<=msec": 1.800
				,"percent": 34.07
				}
			,{
				"<=msec": 1.900
				,"percent": 41.91
				}
			,{
				"<=msec": 2.000
				,"percent": 48.47
				}
			,{
				"<=msec": 2.100
				,"percent": 54.36
				}
			,{
				"<=msec": 2.200
				,"percent": 59.18
				}
			,{
				"<=msec": 2.300
				,"percent": 63.11
				}
			,{
				"<=msec": 2.400
				,"percent": 66.26
				}
			,{
				"<=msec": 2.500
				,"percent": 68.76
				}
			,{
				"<=msec": 2.600
				,"percent": 71.19
				}
			,{
				"<=msec": 2.700
				,"percent": 73.25
				}
			,{
				"<=msec": 2.800
				,"percent": 74.97
				}
			,{
				"<=msec": 2.900
				,"percent": 76.35
				}
			,{
				"<=msec": 3.000
				,"percent": 77.45
				}
			,{
				"<=msec": 3.100
				,"percent": 78.56
				}
			,{
				"<=msec": 3.200
				,"percent": 79.56
				}
			,{
				"<=msec": 3.300
				,"percent": 80.39
				}
			,{
				"<=msec": 3.400
				,"percent": 81.09
				}
			,{
				"<=msec": 3.500
				,"percent": 81.78
				}
			,{
				"<=msec": 3.600
				,"percent": 82.44
				}
			,{
				"<=msec": 3.700
				,"percent": 83.05
				}
			,{
				"<=msec": 3.800
				,"percent": 83.63
				}
			,{
				"<=msec": 3.900
				,"percent": 84.12
				}
			,{
				"<=msec": 4.000
				,"percent": 84.69
				}
			,{
				"<=msec": 4.100
				,"percent": 85.10
				}
			,{
				"<=msec": 4.200
				,"percent": 85.44
				}
			,{
				"<=msec": 4.300
				,"percent": 85.91
				}
			,{
				"<=msec": 4.400
				,"percent": 86.30
				}
			,{
				"<=msec": 4.500
				,"percent": 86.69
				}
			,{
				"<=msec": 4.600
				,"percent": 87.02
				}
			,{
				"<=msec": 4.700
				,"percent": 87.45
				}
			,{
				"<=msec": 4.800
				,"percent": 87.77
				}
			,{
				"<=msec": 4.900
				,"percent": 88.10
				}
			,{
				"<=msec": 5.000
				,"percent": 88.39
				}
			,{
				"<=msec": 5.100
				,"percent": 88.67
				}
			,{
				"<=msec": 5.200
				,"percent": 89.01
				}
			,{
				"<=msec": 5.300
				,"percent": 89.26
				}
			,{
				"<=msec": 5.400
				,"percent": 89.55
				}
			,{
				"<=msec": 5.500
				,"percent": 89.84
				}
			,{
				"<=msec": 5.600
				,"percent": 90.13
				}
			,{
				"<=msec": 5.700
				,"percent": 90.41
				}
			,{
				"<=msec": 5.800
				,"percent": 90.81
				}
			,{
				"<=msec": 5.900
				,"percent": 91.11
				}
			,{
				"<=msec": 6.000
				,"percent": 91.47
				}
			,{
				"<=msec": 6.100
				,"percent": 91.83
				}
			,{
				"<=msec": 6.200
				,"percent": 92.12
				}
			,{
				"<=msec": 6.300
				,"percent": 92.43
				}
			,{
				"<=msec": 6.400
				,"percent": 92.73
				}
			,{
				"<=msec": 6.500
				,"percent": 93.07
				}
			,{
				"<=msec": 6.600
				,"percent": 93.45
				}
			,{
				"<=msec": 6.700
				,"percent": 93.74
				}
			,{
				"<=msec": 6.800
				,"percent": 94.05
				}
			,{
				"<=msec": 6.900
				,"percent": 94.37
				}
			,{
				"<=msec": 7.000
				,"percent": 94.68
				}
			,{
				"<=msec": 7.100
				,"percent": 95.07
				}
			,{
				"<=msec": 7.200
				,"percent": 95.38
				}
			,{
				"<=msec": 7.300
				,"percent": 95.66
				}
			,{
				"<=msec": 7.400
				,"percent": 95.94
				}
			,{
				"<=msec": 7.500
				,"percent": 96.22
				}
			,{
				"<=msec": 7.600
				,"percent": 96.52
				}
			,{
				"<=msec": 7.700
				,"percent": 96.75
				}
			,{
				"<=msec": 7.800
				,"percent": 97.01
				}
			,{
				"<=msec": 7.900
				,"percent": 97.16
				}
			,{
				"<=msec": 8.000
				,"percent": 97.34
				}
			,{
				"<=msec": 8.100
				,"percent": 97.51
				}
			,{
				"<=msec": 8.200
				,"percent": 97.63
				}
			,{
				"<=msec": 8.300
				,"percent": 97.79
				}
			,{
				"<=msec": 8.400
				,"percent": 97.92
				}
			,{
				"<=msec": 8.500
				,"percent": 98.02
				}
			,{
				"<=msec": 8.600
				,"percent": 98.11
				}
			,{
				"<=msec": 8.700
				,"percent": 98.20
				}
			,{
				"<=msec": 8.800
				,"percent": 98.27
				}
			,{
				"<=msec": 8.900
				,"percent": 98.38
				}
			,{
				"<=msec": 9.000
				,"percent": 98.45
				}
			,{
				"<=msec": 9.100
				,"percent": 98.48
				}
			,{
				"<=msec": 9.200
				,"percent": 98.55
				}
			,{
				"<=msec": 9.300
				,"percent": 98.62
				}
			,{
				"<=msec": 9.400
				,"percent": 98.67
				}
			,{
				"<=msec": 9.500
				,"percent": 98.73
				}
			,{
				"<=msec": 9.600
				,"percent": 98.77
				}
			,{
				"<=msec": 9.700
				,"percent": 98.82
				}
			,{
				"<=msec": 9.800
				,"percent": 98.89
				}
			,{
				"<=msec": 9.900
				,"percent": 98.93
				}
			,{
				"<=msec": 10.000
				,"percent": 99.22
				}
			,{
				"<=msec": 11.000
				,"percent": 99.55
				}
			,{
				"<=msec": 12.000
				,"percent": 99.70
				}
			,{
				"<=msec": 13.000
				,"percent": 99.78
				}
			,{
				"<=msec": 14.000
				,"percent": 99.82
				}
			,{
				"<=msec": 15.000
				,"percent": 99.86
				}
			,{
				"<=msec": 16.000
				,"percent": 99.89
				}
			,{
				"<=msec": 17.000
				,"percent": 99.91
				}
			,{
				"<=msec": 18.000
				,"percent": 99.92
				}
			,{
				"<=msec": 19.000
				,"percent": 99.93
				}
			,{
				"<=msec": 20.000
				,"percent": 99.95
				}
			,{
				"<=msec": 21.000
				,"percent": 99.96
				}
			,{
				"<=msec": 22.000
				,"percent": 99.97
				}
			,{
				"<=msec": 26.000
				,"percent": 99.97
				}
			,{
				"<=msec": 27.000
				,"percent": 99.98
				}
			,{
				"<=msec": 28.000
				,"percent": 99.98
				}
			,{
				"<=msec": 32.000
				,"percent": 99.99
				}
			,{
				"<=msec": 40.000
				,"percent": 99.99
				}
			,{
				"<=msec": 41.000
				,"percent": 100.00
				}
			,{
				"<=msec": 45.000
				,"percent": 100.00
				}
			]
		,"GET":[
			{
				"<=msec": 1.000
				,"percent": 0.01
				}
			,{
				"<=msec": 1.100
				,"percent": 0.63
				}
			,{
				"<=msec": 1.200
				,"percent": 4.57
				}
			,{
				"<=msec": 1.300
				,"percent": 12.91
				}
			,{
				"<=msec": 1.400
				,"percent": 24.75
				}
			,{
				"<=msec": 1.500
				,"percent": 37.07
				}
			,{
				"<=msec": 1.600
				,"percent": 47.93
				}
			,{
				"<=msec": 1.700
				,"percent": 56.82
				}
			,{
				"<=msec": 1.800
				,"percent": 63.94
				}
			,{
				"<=msec": 1.900
				,"percent": 69.79
				}
			,{
				"<=msec": 2.000
				,"percent": 73.84
				}
			,{
				"<=msec": 2.100
				,"percent": 77.24
				}
			,{
				"<=msec": 2.200
				,"percent": 79.94
				}
			,{
				"<=msec": 2.300
				,"percent": 82.24
				}
			,{
				"<=msec": 2.400
				,"percent": 83.82
				}
			,{
				"<=msec": 2.500
				,"percent": 85.30
				}
			,{
				"<=msec": 2.600
				,"percent": 86.52
				}
			,{
				"<=msec": 2.700
				,"percent": 87.61
				}
			,{
				"<=msec": 2.800
				,"percent": 88.53
				}
			,{
				"<=msec": 2.900
				,"percent": 89.31
				}
			,{
				"<=msec": 3.000
				,"percent": 89.98
				}
			,{
				"<=msec": 3.100
				,"percent": 90.59
				}
			,{
				"<=msec": 3.200
				,"percent": 91.07
				}
			,{
				"<=msec": 3.300
				,"percent": 91.56
				}
			,{
				"<=msec": 3.400
				,"percent": 91.93
				}
			,{
				"<=msec": 3.500
				,"percent": 92.20
				}
			,{
				"<=msec": 3.600
				,"percent": 92.43
				}
			,{
				"<=msec": 3.700
				,"percent": 92.64
				}
			,{
				"<=msec": 3.800
				,"percent": 92.95
				}
			,{
				"<=msec": 3.900
				,"percent": 93.20
				}
			,{
				"<=msec": 4.000
				,"percent": 93.46
				}
			,{
				"<=msec": 4.100
				,"percent": 93.64
				}
			,{
				"<=msec": 4.200
				,"percent": 93.86
				}
			,{
				"<=msec": 4.300
				,"percent": 94.01
				}
			,{
				"<=msec": 4.400
				,"percent": 94.20
				}
			,{
				"<=msec": 4.500
				,"percent": 94.34
				}
			,{
				"<=msec": 4.600
				,"percent": 94.45
				}
			,{
				"<=msec": 4.700
				,"percent": 94.58
				}
			,{
				"<=msec": 4.800
				,"percent": 94.72
				}
			,{
				"<=msec": 4.900
				,"percent": 94.85
				}
			,{
				"<=msec": 5.000
				,"percent": 94.98
				}
			,{
				"<=msec": 5.100
				,"percent": 95.11
				}
			,{
				"<=msec": 5.200
				,"percent": 95.23
				}
			,{
				"<=msec": 5.300
				,"percent": 95.35
				}
			,{
				"<=msec": 5.400
				,"percent": 95.48
				}
			,{
				"<=msec": 5.500
				,"percent": 95.63
				}
			,{
				"<=msec": 5.600
				,"percent": 95.78
				}
			,{
				"<=msec": 5.700
				,"percent": 95.93
				}
			,{
				"<=msec": 5.800
				,"percent": 96.05
				}
			,{
				"<=msec": 5.900
				,"percent": 96.23
				}
			,{
				"<=msec": 6.000
				,"percent": 96.42
				}
			,{
				"<=msec": 6.100
				,"percent": 96.63
				}
			,{
				"<=msec": 6.200
				,"percent": 96.80
				}
			,{
				"<=msec": 6.300
				,"percent": 97.01
				}
			,{
				"<=msec": 6.400
				,"percent": 97.18
				}
			,{
				"<=msec": 6.500
				,"percent": 97.35
				}
			,{
				"<=msec": 6.600
				,"percent": 97.52
				}
			,{
				"<=msec": 6.700
				,"percent": 97.71
				}
			,{
				"<=msec": 6.800
				,"percent": 97.90
				}
			,{
				"<=msec": 6.900
				,"percent": 98.07
				}
			,{
				"<=msec": 7.000
				,"percent": 98.19
				}
			,{
				"<=msec": 7.100
				,"percent": 98.31
				}
			,{
				"<=msec": 7.200
				,"percent": 98.48
				}
			,{
				"<=msec": 7.300
				,"percent": 98.61
				}
			,{
				"<=msec": 7.400
				,"percent": 98.73
				}
			,{
				"<=msec": 7.500
				,"percent": 98.82
				}
			,{
				"<=msec": 7.600
				,"percent": 98.91
				}
			,{
				"<=msec": 7.700
				,"percent": 98.95
				}
			,{
				"<=msec": 7.800
				,"percent": 99.00
				}
			,{
				"<=msec": 7.900
				,"percent": 99.05
				}
			,{
				"<=msec": 8.000
				,"percent": 99.09
				}
			,{
				"<=msec": 8.100
				,"percent": 99.14
				}
			,{
				"<=msec": 8.200
				,"percent": 99.19
				}
			,{
				"<=msec": 8.300
				,"percent": 99.21
				}
			,{
				"<=msec": 8.400
				,"percent": 99.26
				}
			,{
				"<=msec": 8.500
				,"percent": 99.31
				}
			,{
				"<=msec": 8.600
				,"percent": 99.35
				}
			,{
				"<=msec": 8.700
				,"percent": 99.39
				}
			,{
				"<=msec": 8.800
				,"percent": 99.42
				}
			,{
				"<=msec": 8.900
				,"percent": 99.44
				}
			,{
				"<=msec": 9.000
				,"percent": 99.47
				}
			,{
				"<=msec": 9.100
				,"percent": 99.50
				}
			,{
				"<=msec": 9.200
				,"percent": 99.52
				}
			,{
				"<=msec": 9.300
				,"percent": 99.54
				}
			,{
				"<=msec": 9.400
				,"percent": 99.55
				}
			,{
				"<=msec": 9.500
				,"percent": 99.56
				}
			,{
				"<=msec": 9.600
				,"percent": 99.58
				}
			,{
				"<=msec": 9.700
				,"percent": 99.62
				}
			,{
				"<=msec": 9.800
				,"percent": 99.64
				}
			,{
				"<=msec": 9.900
				,"percent": 99.66
				}
			,{
				"<=msec": 10.000
				,"percent": 99.76
				}
			,{
				"<=msec": 11.000
				,"percent": 99.85
				}
			,{
				"<=msec": 12.000
				,"percent": 99.90
				}
			,{
				"<=msec": 13.000
				,"percent": 99.93
				}
			,{
				"<=msec": 14.000
				,"percent": 99.95
				}
			,{
				"<=msec": 15.000
				,"percent": 99.97
				}
			,{
				"<=msec": 16.000
				,"percent": 99.98
				}
			,{
				"<=msec": 17.000
				,"percent": 99.98
				}
			,{
				"<=msec": 18.000
				,"percent": 99.99
				}
			,{
				"<=msec": 19.000
				,"percent": 99.99
				}
			,{
				"<=msec": 27.000
				,"percent": 100.00
				}
			,{
				"<=msec": 29.000
				,"percent": 100.00
				}
			]
		,"WAIT":[
		]
		}
	}
