{
	"configuration":{
		"server": "10.0.0.4"
		,"port": 11212
		,"unix socket": "(null)"
		,"protocol": "memcache_text"
		,"out_file": "(null)"
		,"client_stats": "(null)"
		,"run_count": 1
		,"debug": 0
		,"requests": 0
		,"clients": 2
		,"threads": 1
		,"test_time": 60
		,"ratio": "1:9"
		,"pipeline": 1
		,"data_size": 4096
		,"data_offset": 0
		,"random_data": "false"
		,"data_size_range": "0:0"
		,"data_size_list": ""
		,"data_size_pattern": "R"
		,"expiry_range": "9999:10000"
		,"data_import": "(null)"
		,"data_verify": "false"
		,"verify_only": "false"
		,"generate_keys": "false"
		,"key_prefix": "memtier-"
		,"key_minimum":           0
		,"key_maximum":        1000
		,"key_pattern": "R:R"
		,"key_stddev": 0.000000
		,"key_median": 0.000000
		,"reconnect_interval": 0
		,"multi_key_get": 9
		,"authenticate": ""
		,"select-db": 0
		,"no-expiry": "false"
		,"wait-ratio": "0:0"
		,"num-slaves": "0:0"
		,"wait-timeout": "0-0"
		}
	,"run information":{
		"Threads": 1
		,"Connections per thread": 2
		,"Seconds": 60
		}
	,"ALL STATS":{
		"Sets":{
			"Ops/sec": 153.01
			,"Hits/sec": 0.00
			,"Misses/sec": 0.00
			,"Latency": 4.63
			,"KB/sec": 617.93
			}
		,"Gets":{
			"Ops/sec": 152.98
			,"Hits/sec": 1376.79
			,"Misses/sec": 0.00
			,"Latency": 8.42
			,"KB/sec": 5562.15
			}
		,"Waits":{
			"Ops/sec": 0.00
			,"Hits/sec": 0.00
			,"Misses/sec": 0.00
			,"Latency": 0.00
			,"KB/sec": 0.00
			}
		,"Totals":{
			"Ops/sec": 305.99
			,"Hits/sec": 1376.79
			,"Misses/sec": 0.00
			,"Latency": 6.52
			,"KB/sec": 6180.08
			}
		,"SET":[
			{
				"<=msec": 1.400
				,"percent": 0.02
				}
			,{
				"<=msec": 1.500
				,"percent": 0.20
				}
			,{
				"<=msec": 1.600
				,"percent": 0.84
				}
			,{
				"<=msec": 1.700
				,"percent": 2.56
				}
			,{
				"<=msec": 1.800
				,"percent": 5.65
				}
			,{
				"<=msec": 1.900
				,"percent": 11.03
				}
			,{
				"<=msec": 2.000
				,"percent": 17.44
				}
			,{
				"<=msec": 2.100
				,"percent": 24.66
				}
			,{
				"<=msec": 2.200
				,"percent": 31.21
				}
			,{
				"<=msec": 2.300
				,"percent": 37.31
				}
			,{
				"<=msec": 2.400
				,"percent": 42.38
				}
			,{
				"<=msec": 2.500
				,"percent": 46.51
				}
			,{
				"<=msec": 2.600
				,"percent": 49.99
				}
			,{
				"<=msec": 2.700
				,"percent": 52.66
				}
			,{
				"<=msec": 2.800
				,"percent": 54.80
				}
			,{
				"<=msec": 2.900
				,"percent": 56.80
				}
			,{
				"<=msec": 3.000
				,"percent": 58.50
				}
			,{
				"<=msec": 3.100
				,"percent": 59.94
				}
			,{
				"<=msec": 3.200
				,"percent": 61.00
				}
			,{
				"<=msec": 3.300
				,"percent": 61.80
				}
			,{
				"<=msec": 3.400
				,"percent": 62.71
				}
			,{
				"<=msec": 3.500
				,"percent": 63.39
				}
			,{
				"<=msec": 3.600
				,"percent": 64.20
				}
			,{
				"<=msec": 3.700
				,"percent": 64.99
				}
			,{
				"<=msec": 3.800
				,"percent": 65.56
				}
			,{
				"<=msec": 3.900
				,"percent": 65.97
				}
			,{
				"<=msec": 4.000
				,"percent": 66.54
				}
			,{
				"<=msec": 4.100
				,"percent": 66.84
				}
			,{
				"<=msec": 4.200
				,"percent": 67.19
				}
			,{
				"<=msec": 4.300
				,"percent": 67.53
				}
			,{
				"<=msec": 4.400
				,"percent": 67.94
				}
			,{
				"<=msec": 4.500
				,"percent": 68.34
				}
			,{
				"<=msec": 4.600
				,"percent": 68.71
				}
			,{
				"<=msec": 4.700
				,"percent": 69.18
				}
			,{
				"<=msec": 4.800
				,"percent": 69.48
				}
			,{
				"<=msec": 4.900
				,"percent": 69.79
				}
			,{
				"<=msec": 5.000
				,"percent": 70.05
				}
			,{
				"<=msec": 5.100
				,"percent": 70.46
				}
			,{
				"<=msec": 5.200
				,"percent": 70.69
				}
			,{
				"<=msec": 5.300
				,"percent": 71.05
				}
			,{
				"<=msec": 5.400
				,"percent": 71.28
				}
			,{
				"<=msec": 5.500
				,"percent": 71.53
				}
			,{
				"<=msec": 5.600
				,"percent": 71.76
				}
			,{
				"<=msec": 5.700
				,"percent": 72.00
				}
			,{
				"<=msec": 5.800
				,"percent": 72.24
				}
			,{
				"<=msec": 5.900
				,"percent": 72.64
				}
			,{
				"<=msec": 6.000
				,"percent": 72.99
				}
			,{
				"<=msec": 6.100
				,"percent": 73.31
				}
			,{
				"<=msec": 6.200
				,"percent": 73.63
				}
			,{
				"<=msec": 6.300
				,"percent": 73.97
				}
			,{
				"<=msec": 6.400
				,"percent": 74.35
				}
			,{
				"<=msec": 6.500
				,"percent": 74.67
				}
			,{
				"<=msec": 6.600
				,"percent": 75.06
				}
			,{
				"<=msec": 6.700
				,"percent": 75.32
				}
			,{
				"<=msec": 6.800
				,"percent": 75.63
				}
			,{
				"<=msec": 6.900
				,"percent": 76.09
				}
			,{
				"<=msec": 7.000
				,"percent": 76.49
				}
			,{
				"<=msec": 7.100
				,"percent": 76.94
				}
			,{
				"<=msec": 7.200
				,"percent": 77.42
				}
			,{
				"<=msec": 7.300
				,"percent": 77.70
				}
			,{
				"<=msec": 7.400
				,"percent": 78.16
				}
			,{
				"<=msec": 7.500
				,"percent": 78.49
				}
			,{
				"<=msec": 7.600
				,"percent": 78.77
				}
			,{
				"<=msec": 7.700
				,"percent": 79.10
				}
			,{
				"<=msec": 7.800
				,"percent": 79.36
				}
			,{
				"<=msec": 7.900
				,"percent": 79.63
				}
			,{
				"<=msec": 8.000
				,"percent": 79.92
				}
			,{
				"<=msec": 8.100
				,"percent": 80.24
				}
			,{
				"<=msec": 8.200
				,"percent": 80.48
				}
			,{
				"<=msec": 8.300
				,"percent": 80.70
				}
			,{
				"<=msec": 8.400
				,"percent": 80.97
				}
			,{
				"<=msec": 8.500
				,"percent": 81.24
				}
			,{
				"<=msec": 8.600
				,"percent": 81.47
				}
			,{
				"<=msec": 8.700
				,"percent": 81.77
				}
			,{
				"<=msec": 8.800
				,"percent": 81.96
				}
			,{
				"<=msec": 8.900
				,"percent": 82.14
				}
			,{
				"<=msec": 9.000
				,"percent": 82.38
				}
			,{
				"<=msec": 9.100
				,"percent": 82.57
				}
			,{
				"<=msec": 9.200
				,"percent": 82.94
				}
			,{
				"<=msec": 9.300
				,"percent": 83.34
				}
			,{
				"<=msec": 9.400
				,"percent": 83.64
				}
			,{
				"<=msec": 9.500
				,"percent": 84.03
				}
			,{
				"<=msec": 9.600
				,"percent": 84.62
				}
			,{
				"<=msec": 9.700
				,"percent": 85.18
				}
			,{
				"<=msec": 9.800
				,"percent": 85.63
				}
			,{
				"<=msec": 9.900
				,"percent": 86.16
				}
			,{
				"<=msec": 10.000
				,"percent": 89.21
				}
			,{
				"<=msec": 11.000
				,"percent": 92.39
				}
			,{
				"<=msec": 12.000
				,"percent": 96.14
				}
			,{
				"<=msec": 13.000
				,"percent": 98.82
				}
			,{
				"<=msec": 14.000
				,"percent": 99.23
				}
			,{
				"<=msec": 15.000
				,"percent": 99.56
				}
			,{
				"<=msec": 16.000
				,"percent": 99.71
				}
			,{
				"<=msec": 17.000
				,"percent": 99.74
				}
			,{
				"<=msec": 19.000
				,"percent": 99.79
				}
			,{
				"<=msec": 20.000
				,"percent": 99.85
				}
			,{
				"<=msec": 21.000
				,"percent": 99.86
				}
			,{
				"<=msec": 24.000
				,"percent": 99.89
				}
			,{
				"<=msec": 25.000
				,"percent": 99.93
				}
			,{
				"<=msec": 27.000
				,"percent": 99.96
				}
			,{
				"<=msec": 28.000
				,"percent": 99.98
				}
			,{
				"<=msec": 29.000
				,"percent": 99.99
				}
			,{
				"<=msec": 30.000
				,"percent": 100.00
				}
			]
		,"GET":[
			{
				"<=msec": 2.000
				,"percent": 0.13
				}
			,{
				"<=msec": 2.100
				,"percent": 0.34
				}
			,{
				"<=msec": 2.200
				,"percent": 0.92
				}
			,{
				"<=msec": 2.300
				,"percent": 2.08
				}
			,{
				"<=msec": 2.400
				,"percent": 3.83
				}
			,{
				"<=msec": 2.500
				,"percent": 6.38
				}
			,{
				"<=msec": 2.600
				,"percent": 9.18
				}
			,{
				"<=msec": 2.700
				,"percent": 12.16
				}
			,{
				"<=msec": 2.800
				,"percent": 14.88
				}
			,{
				"<=msec": 2.900
				,"percent": 17.81
				}
			,{
				"<=msec": 3.000
				,"percent": 20.39
				}
			,{
				"<=msec": 3.100
				,"percent": 22.38
				}
			,{
				"<=msec": 3.200
				,"percent": 24.32
				}
			,{
				"<=msec": 3.300
				,"percent": 26.14
				}
			,{
				"<=msec": 3.400
				,"percent": 27.61
				}
			,{
				"<=msec": 3.500
				,"percent": 28.87
				}
			,{
				"<=msec": 3.600
				,"percent": 29.87
				}
			,{
				"<=msec": 3.700
				,"percent": 30.65
				}
			,{
				"<=msec": 3.800
				,"percent": 31.32
				}
			,{
				"<=msec": 3.900
				,"percent": 31.95
				}
			,{
				"<=msec": 4.000
				,"percent": 32.63
				}
			,{
				"<=msec": 4.100
				,"percent": 33.17
				}
			,{
				"<=msec": 4.200
				,"percent": 33.63
				}
			,{
				"<=msec": 4.300
				,"percent": 34.06
				}
			,{
				"<=msec": 4.400
				,"percent": 34.38
				}
			,{
				"<=msec": 4.500
				,"percent": 34.71
				}
			,{
				"<=msec": 4.600
				,"percent": 35.13
				}
			,{
				"<=msec": 4.700
				,"percent": 35.39
				}
			,{
				"<=msec": 4.800
				,"percent": 35.65
				}
			,{
				"<=msec": 4.900
				,"percent": 35.89
				}
			,{
				"<=msec": 5.000
				,"percent": 36.26
				}
			,{
				"<=msec": 5.100
				,"percent": 36.55
				}
			,{
				"<=msec": 5.200
				,"percent": 36.83
				}
			,{
				"<=msec": 5.300
				,"percent": 37.06
				}
			,{
				"<=msec": 5.400
				,"percent": 37.32
				}
			,{
				"<=msec": 5.500
				,"percent": 37.54
				}
			,{
				"<=msec": 5.600
				,"percent": 37.79
				}
			,{
				"<=msec": 5.700
				,"percent": 38.10
				}
			,{
				"<=msec": 5.800
				,"percent": 38.30
				}
			,{
				"<=msec": 5.900
				,"percent": 38.52
				}
			,{
				"<=msec": 6.000
				,"percent": 38.83
				}
			,{
				"<=msec": 6.100
				,"percent": 39.12
				}
			,{
				"<=msec": 6.200
				,"percent": 39.32
				}
			,{
				"<=msec": 6.300
				,"percent": 39.68
				}
			,{
				"<=msec": 6.400
				,"percent": 39.93
				}
			,{
				"<=msec": 6.500
				,"percent": 40.15
				}
			,{
				"<=msec": 6.600
				,"percent": 40.34
				}
			,{
				"<=msec": 6.700
				,"percent": 40.65
				}
			,{
				"<=msec": 6.800
				,"percent": 40.85
				}
			,{
				"<=msec": 6.900
				,"percent": 41.26
				}
			,{
				"<=msec": 7.000
				,"percent": 41.56
				}
			,{
				"<=msec": 7.100
				,"percent": 41.89
				}
			,{
				"<=msec": 7.200
				,"percent": 42.19
				}
			,{
				"<=msec": 7.300
				,"percent": 42.56
				}
			,{
				"<=msec": 7.400
				,"percent": 42.91
				}
			,{
				"<=msec": 7.500
				,"percent": 43.37
				}
			,{
				"<=msec": 7.600
				,"percent": 43.80
				}
			,{
				"<=msec": 7.700
				,"percent": 44.21
				}
			,{
				"<=msec": 7.800
				,"percent": 44.70
				}
			,{
				"<=msec": 7.900
				,"percent": 45.07
				}
			,{
				"<=msec": 8.000
				,"percent": 45.48
				}
			,{
				"<=msec": 8.100
				,"percent": 45.75
				}
			,{
				"<=msec": 8.200
				,"percent": 46.12
				}
			,{
				"<=msec": 8.300
				,"percent": 46.58
				}
			,{
				"<=msec": 8.400
				,"percent": 47.07
				}
			,{
				"<=msec": 8.500
				,"percent": 47.65
				}
			,{
				"<=msec": 8.600
				,"percent": 48.21
				}
			,{
				"<=msec": 8.700
				,"percent": 48.67
				}
			,{
				"<=msec": 8.800
				,"percent": 48.98
				}
			,{
				"<=msec": 8.900
				,"percent": 49.41
				}
			,{
				"<=msec": 9.000
				,"percent": 49.85
				}
			,{
				"<=msec": 9.100
				,"percent": 50.30
				}
			,{
				"<=msec": 9.200
				,"percent": 50.75
				}
			,{
				"<=msec": 9.300
				,"percent": 51.18
				}
			,{
				"<=msec": 9.400
				,"percent": 51.59
				}
			,{
				"<=msec": 9.500
				,"percent": 51.93
				}
			,{
				"<=msec": 9.600
				,"percent": 52.38
				}
			,{
				"<=msec": 9.700
				,"percent": 52.71
				}
			,{
				"<=msec": 9.800
				,"percent": 53.18
				}
			,{
				"<=msec": 9.900
				,"percent": 53.54
				}
			,{
				"<=msec": 10.000
				,"percent": 55.92
				}
			,{
				"<=msec": 11.000
				,"percent": 62.12
				}
			,{
				"<=msec": 12.000
				,"percent": 71.81
				}
			,{
				"<=msec": 13.000
				,"percent": 90.27
				}
			,{
				"<=msec": 14.000
				,"percent": 96.95
				}
			,{
				"<=msec": 15.000
				,"percent": 98.02
				}
			,{
				"<=msec": 16.000
				,"percent": 98.78
				}
			,{
				"<=msec": 17.000
				,"percent": 99.19
				}
			,{
				"<=msec": 18.000
				,"percent": 99.40
				}
			,{
				"<=msec": 19.000
				,"percent": 99.49
				}
			,{
				"<=msec": 20.000
				,"percent": 99.59
				}
			,{
				"<=msec": 21.000
				,"percent": 99.67
				}
			,{
				"<=msec": 22.000
				,"percent": 99.72
				}
			,{
				"<=msec": 23.000
				,"percent": 99.79
				}
			,{
				"<=msec": 24.000
				,"percent": 99.86
				}
			,{
				"<=msec": 25.000
				,"percent": 99.88
				}
			,{
				"<=msec": 26.000
				,"percent": 99.90
				}
			,{
				"<=msec": 27.000
				,"percent": 99.92
				}
			,{
				"<=msec": 28.000
				,"percent": 99.97
				}
			,{
				"<=msec": 29.000
				,"percent": 100.00
				}
			]
		,"WAIT":[
		]
		}
	}
