{
	"configuration":{
		"server": "10.0.0.4"
		,"port": 11212
		,"unix socket": "(null)"
		,"protocol": "memcache_text"
		,"out_file": "(null)"
		,"client_stats": "(null)"
		,"run_count": 1
		,"debug": 0
		,"requests": 0
		,"clients": 2
		,"threads": 1
		,"test_time": 60
		,"ratio": "1:9"
		,"pipeline": 1
		,"data_size": 4096
		,"data_offset": 0
		,"random_data": "false"
		,"data_size_range": "0:0"
		,"data_size_list": ""
		,"data_size_pattern": "R"
		,"expiry_range": "9999:10000"
		,"data_import": "(null)"
		,"data_verify": "false"
		,"verify_only": "false"
		,"generate_keys": "false"
		,"key_prefix": "memtier-"
		,"key_minimum":           0
		,"key_maximum":        1000
		,"key_pattern": "R:R"
		,"key_stddev": 0.000000
		,"key_median": 0.000000
		,"reconnect_interval": 0
		,"multi_key_get": 9
		,"authenticate": ""
		,"select-db": 0
		,"no-expiry": "false"
		,"wait-ratio": "0:0"
		,"num-slaves": "0:0"
		,"wait-timeout": "0-0"
		}
	,"run information":{
		"Threads": 1
		,"Connections per thread": 2
		,"Seconds": 60
		}
	,"ALL STATS":{
		"Sets":{
			"Ops/sec": 152.57
			,"Hits/sec": 0.00
			,"Misses/sec": 0.00
			,"Latency": 4.74
			,"KB/sec": 616.17
			}
		,"Gets":{
			"Ops/sec": 152.57
			,"Hits/sec": 1373.17
			,"Misses/sec": 0.00
			,"Latency": 8.34
			,"KB/sec": 5547.51
			}
		,"Waits":{
			"Ops/sec": 0.00
			,"Hits/sec": 0.00
			,"Misses/sec": 0.00
			,"Latency": 0.00
			,"KB/sec": 0.00
			}
		,"Totals":{
			"Ops/sec": 305.15
			,"Hits/sec": 1373.17
			,"Misses/sec": 0.00
			,"Latency": 6.54
			,"KB/sec": 6163.68
			}
		,"SET":[
			{
				"<=msec": 1.300
				,"percent": 0.01
				}
			,{
				"<=msec": 1.400
				,"percent": 0.08
				}
			,{
				"<=msec": 1.500
				,"percent": 0.36
				}
			,{
				"<=msec": 1.600
				,"percent": 1.14
				}
			,{
				"<=msec": 1.700
				,"percent": 3.01
				}
			,{
				"<=msec": 1.800
				,"percent": 6.23
				}
			,{
				"<=msec": 1.900
				,"percent": 11.11
				}
			,{
				"<=msec": 2.000
				,"percent": 16.72
				}
			,{
				"<=msec": 2.100
				,"percent": 22.94
				}
			,{
				"<=msec": 2.200
				,"percent": 29.24
				}
			,{
				"<=msec": 2.300
				,"percent": 35.01
				}
			,{
				"<=msec": 2.400
				,"percent": 39.97
				}
			,{
				"<=msec": 2.500
				,"percent": 44.02
				}
			,{
				"<=msec": 2.600
				,"percent": 47.45
				}
			,{
				"<=msec": 2.700
				,"percent": 50.19
				}
			,{
				"<=msec": 2.800
				,"percent": 52.26
				}
			,{
				"<=msec": 2.900
				,"percent": 54.20
				}
			,{
				"<=msec": 3.000
				,"percent": 55.97
				}
			,{
				"<=msec": 3.100
				,"percent": 57.35
				}
			,{
				"<=msec": 3.200
				,"percent": 58.32
				}
			,{
				"<=msec": 3.300
				,"percent": 59.53
				}
			,{
				"<=msec": 3.400
				,"percent": 60.72
				}
			,{
				"<=msec": 3.500
				,"percent": 61.58
				}
			,{
				"<=msec": 3.600
				,"percent": 62.50
				}
			,{
				"<=msec": 3.700
				,"percent": 63.34
				}
			,{
				"<=msec": 3.800
				,"percent": 63.98
				}
			,{
				"<=msec": 3.900
				,"percent": 64.60
				}
			,{
				"<=msec": 4.000
				,"percent": 65.24
				}
			,{
				"<=msec": 4.100
				,"percent": 65.90
				}
			,{
				"<=msec": 4.200
				,"percent": 66.42
				}
			,{
				"<=msec": 4.300
				,"percent": 66.79
				}
			,{
				"<=msec": 4.400
				,"percent": 67.29
				}
			,{
				"<=msec": 4.500
				,"percent": 67.58
				}
			,{
				"<=msec": 4.600
				,"percent": 67.90
				}
			,{
				"<=msec": 4.700
				,"percent": 68.24
				}
			,{
				"<=msec": 4.800
				,"percent": 68.60
				}
			,{
				"<=msec": 4.900
				,"percent": 69.04
				}
			,{
				"<=msec": 5.000
				,"percent": 69.39
				}
			,{
				"<=msec": 5.100
				,"percent": 69.82
				}
			,{
				"<=msec": 5.200
				,"percent": 70.15
				}
			,{
				"<=msec": 5.300
				,"percent": 70.46
				}
			,{
				"<=msec": 5.400
				,"percent": 70.80
				}
			,{
				"<=msec": 5.500
				,"percent": 71.16
				}
			,{
				"<=msec": 5.600
				,"percent": 71.55
				}
			,{
				"<=msec": 5.700
				,"percent": 71.99
				}
			,{
				"<=msec": 5.800
				,"percent": 72.29
				}
			,{
				"<=msec": 5.900
				,"percent": 72.59
				}
			,{
				"<=msec": 6.000
				,"percent": 72.85
				}
			,{
				"<=msec": 6.100
				,"percent": 73.06
				}
			,{
				"<=msec": 6.200
				,"percent": 73.35
				}
			,{
				"<=msec": 6.300
				,"percent": 73.69
				}
			,{
				"<=msec": 6.400
				,"percent": 73.98
				}
			,{
				"<=msec": 6.500
				,"percent": 74.30
				}
			,{
				"<=msec": 6.600
				,"percent": 74.64
				}
			,{
				"<=msec": 6.700
				,"percent": 74.86
				}
			,{
				"<=msec": 6.800
				,"percent": 75.22
				}
			,{
				"<=msec": 6.900
				,"percent": 75.43
				}
			,{
				"<=msec": 7.000
				,"percent": 75.69
				}
			,{
				"<=msec": 7.100
				,"percent": 75.98
				}
			,{
				"<=msec": 7.200
				,"percent": 76.30
				}
			,{
				"<=msec": 7.300
				,"percent": 76.57
				}
			,{
				"<=msec": 7.400
				,"percent": 76.92
				}
			,{
				"<=msec": 7.500
				,"percent": 77.11
				}
			,{
				"<=msec": 7.600
				,"percent": 77.36
				}
			,{
				"<=msec": 7.700
				,"percent": 77.66
				}
			,{
				"<=msec": 7.800
				,"percent": 77.91
				}
			,{
				"<=msec": 7.900
				,"percent": 78.22
				}
			,{
				"<=msec": 8.000
				,"percent": 78.53
				}
			,{
				"<=msec": 8.100
				,"percent": 78.80
				}
			,{
				"<=msec": 8.200
				,"percent": 79.17
				}
			,{
				"<=msec": 8.300
				,"percent": 79.48
				}
			,{
				"<=msec": 8.400
				,"percent": 79.69
				}
			,{
				"<=msec": 8.500
				,"percent": 79.86
				}
			,{
				"<=msec": 8.600
				,"percent": 80.19
				}
			,{
				"<=msec": 8.700
				,"percent": 80.42
				}
			,{
				"<=msec": 8.800
				,"percent": 80.62
				}
			,{
				"<=msec": 8.900
				,"percent": 80.97
				}
			,{
				"<=msec": 9.000
				,"percent": 81.37
				}
			,{
				"<=msec": 9.100
				,"percent": 81.79
				}
			,{
				"<=msec": 9.200
				,"percent": 82.16
				}
			,{
				"<=msec": 9.300
				,"percent": 82.60
				}
			,{
				"<=msec": 9.400
				,"percent": 83.07
				}
			,{
				"<=msec": 9.500
				,"percent": 83.55
				}
			,{
				"<=msec": 9.600
				,"percent": 83.98
				}
			,{
				"<=msec": 9.700
				,"percent": 84.42
				}
			,{
				"<=msec": 9.800
				,"percent": 85.01
				}
			,{
				"<=msec": 9.900
				,"percent": 85.57
				}
			,{
				"<=msec": 10.000
				,"percent": 88.41
				}
			,{
				"<=msec": 11.000
				,"percent": 92.21
				}
			,{
				"<=msec": 12.000
				,"percent": 96.00
				}
			,{
				"<=msec": 13.000
				,"percent": 98.77
				}
			,{
				"<=msec": 14.000
				,"percent": 99.12
				}
			,{
				"<=msec": 15.000
				,"percent": 99.52
				}
			,{
				"<=msec": 16.000
				,"percent": 99.63
				}
			,{
				"<=msec": 17.000
				,"percent": 99.67
				}
			,{
				"<=msec": 18.000
				,"percent": 99.74
				}
			,{
				"<=msec": 19.000
				,"percent": 99.75
				}
			,{
				"<=msec": 20.000
				,"percent": 99.78
				}
			,{
				"<=msec": 21.000
				,"percent": 99.85
				}
			,{
				"<=msec": 23.000
				,"percent": 99.86
				}
			,{
				"<=msec": 24.000
				,"percent": 99.89
				}
			,{
				"<=msec": 25.000
				,"percent": 99.92
				}
			,{
				"<=msec": 26.000
				,"percent": 99.95
				}
			,{
				"<=msec": 27.000
				,"percent": 99.98
				}
			,{
				"<=msec": 42.000
				,"percent": 99.99
				}
			,{
				"<=msec": 44.000
				,"percent": 100.00
				}
			]
		,"GET":[
			{
				"<=msec": 1.800
				,"percent": 0.01
				}
			,{
				"<=msec": 1.900
				,"percent": 0.03
				}
			,{
				"<=msec": 2.000
				,"percent": 0.11
				}
			,{
				"<=msec": 2.100
				,"percent": 0.43
				}
			,{
				"<=msec": 2.200
				,"percent": 1.09
				}
			,{
				"<=msec": 2.300
				,"percent": 2.09
				}
			,{
				"<=msec": 2.400
				,"percent": 3.70
				}
			,{
				"<=msec": 2.500
				,"percent": 5.99
				}
			,{
				"<=msec": 2.600
				,"percent": 8.53
				}
			,{
				"<=msec": 2.700
				,"percent": 11.44
				}
			,{
				"<=msec": 2.800
				,"percent": 14.25
				}
			,{
				"<=msec": 2.900
				,"percent": 16.93
				}
			,{
				"<=msec": 3.000
				,"percent": 19.49
				}
			,{
				"<=msec": 3.100
				,"percent": 21.57
				}
			,{
				"<=msec": 3.200
				,"percent": 23.56
				}
			,{
				"<=msec": 3.300
				,"percent": 25.16
				}
			,{
				"<=msec": 3.400
				,"percent": 26.73
				}
			,{
				"<=msec": 3.500
				,"percent": 27.96
				}
			,{
				"<=msec": 3.600
				,"percent": 29.07
				}
			,{
				"<=msec": 3.700
				,"percent": 30.17
				}
			,{
				"<=msec": 3.800
				,"percent": 31.12
				}
			,{
				"<=msec": 3.900
				,"percent": 31.75
				}
			,{
				"<=msec": 4.000
				,"percent": 32.32
				}
			,{
				"<=msec": 4.100
				,"percent": 32.90
				}
			,{
				"<=msec": 4.200
				,"percent": 33.53
				}
			,{
				"<=msec": 4.300
				,"percent": 34.09
				}
			,{
				"<=msec": 4.400
				,"percent": 34.61
				}
			,{
				"<=msec": 4.500
				,"percent": 35.15
				}
			,{
				"<=msec": 4.600
				,"percent": 35.57
				}
			,{
				"<=msec": 4.700
				,"percent": 36.01
				}
			,{
				"<=msec": 4.800
				,"percent": 36.29
				}
			,{
				"<=msec": 4.900
				,"percent": 36.59
				}
			,{
				"<=msec": 5.000
				,"percent": 36.90
				}
			,{
				"<=msec": 5.100
				,"percent": 37.17
				}
			,{
				"<=msec": 5.200
				,"percent": 37.47
				}
			,{
				"<=msec": 5.300
				,"percent": 37.71
				}
			,{
				"<=msec": 5.400
				,"percent": 38.08
				}
			,{
				"<=msec": 5.500
				,"percent": 38.39
				}
			,{
				"<=msec": 5.600
				,"percent": 38.54
				}
			,{
				"<=msec": 5.700
				,"percent": 38.85
				}
			,{
				"<=msec": 5.800
				,"percent": 39.15
				}
			,{
				"<=msec": 5.900
				,"percent": 39.32
				}
			,{
				"<=msec": 6.000
				,"percent": 39.52
				}
			,{
				"<=msec": 6.100
				,"percent": 39.85
				}
			,{
				"<=msec": 6.200
				,"percent": 40.04
				}
			,{
				"<=msec": 6.300
				,"percent": 40.29
				}
			,{
				"<=msec": 6.400
				,"percent": 40.59
				}
			,{
				"<=msec": 6.500
				,"percent": 40.98
				}
			,{
				"<=msec": 6.600
				,"percent": 41.29
				}
			,{
				"<=msec": 6.700
				,"percent": 41.67
				}
			,{
				"<=msec": 6.800
				,"percent": 42.01
				}
			,{
				"<=msec": 6.900
				,"percent": 42.36
				}
			,{
				"<=msec": 7.000
				,"percent": 42.62
				}
			,{
				"<=msec": 7.100
				,"percent": 42.95
				}
			,{
				"<=msec": 7.200
				,"percent": 43.29
				}
			,{
				"<=msec": 7.300
				,"percent": 43.63
				}
			,{
				"<=msec": 7.400
				,"percent": 44.01
				}
			,{
				"<=msec": 7.500
				,"percent": 44.41
				}
			,{
				"<=msec": 7.600
				,"percent": 44.77
				}
			,{
				"<=msec": 7.700
				,"percent": 45.17
				}
			,{
				"<=msec": 7.800
				,"percent": 45.57
				}
			,{
				"<=msec": 7.900
				,"percent": 45.94
				}
			,{
				"<=msec": 8.000
				,"percent": 46.34
				}
			,{
				"<=msec": 8.100
				,"percent": 46.77
				}
			,{
				"<=msec": 8.200
				,"percent": 47.10
				}
			,{
				"<=msec": 8.300
				,"percent": 47.47
				}
			,{
				"<=msec": 8.400
				,"percent": 47.79
				}
			,{
				"<=msec": 8.500
				,"percent": 48.19
				}
			,{
				"<=msec": 8.600
				,"percent": 48.61
				}
			,{
				"<=msec": 8.700
				,"percent": 48.85
				}
			,{
				"<=msec": 8.800
				,"percent": 49.25
				}
			,{
				"<=msec": 8.900
				,"percent": 49.66
				}
			,{
				"<=msec": 9.000
				,"percent": 50.03
				}
			,{
				"<=msec": 9.100
				,"percent": 50.44
				}
			,{
				"<=msec": 9.200
				,"percent": 50.98
				}
			,{
				"<=msec": 9.300
				,"percent": 51.40
				}
			,{
				"<=msec": 9.400
				,"percent": 51.63
				}
			,{
				"<=msec": 9.500
				,"percent": 51.94
				}
			,{
				"<=msec": 9.600
				,"percent": 52.30
				}
			,{
				"<=msec": 9.700
				,"percent": 52.64
				}
			,{
				"<=msec": 9.800
				,"percent": 53.09
				}
			,{
				"<=msec": 9.900
				,"percent": 53.62
				}
			,{
				"<=msec": 10.000
				,"percent": 56.52
				}
			,{
				"<=msec": 11.000
				,"percent": 63.41
				}
			,{
				"<=msec": 12.000
				,"percent": 74.21
				}
			,{
				"<=msec": 13.000
				,"percent": 91.33
				}
			,{
				"<=msec": 14.000
				,"percent": 97.21
				}
			,{
				"<=msec": 15.000
				,"percent": 98.14
				}
			,{
				"<=msec": 16.000
				,"percent": 98.79
				}
			,{
				"<=msec": 17.000
				,"percent": 99.06
				}
			,{
				"<=msec": 18.000
				,"percent": 99.38
				}
			,{
				"<=msec": 19.000
				,"percent": 99.52
				}
			,{
				"<=msec": 20.000
				,"percent": 99.63
				}
			,{
				"<=msec": 21.000
				,"percent": 99.68
				}
			,{
				"<=msec": 23.000
				,"percent": 99.74
				}
			,{
				"<=msec": 24.000
				,"percent": 99.76
				}
			,{
				"<=msec": 25.000
				,"percent": 99.77
				}
			,{
				"<=msec": 26.000
				,"percent": 99.78
				}
			,{
				"<=msec": 27.000
				,"percent": 99.88
				}
			,{
				"<=msec": 28.000
				,"percent": 99.98
				}
			,{
				"<=msec": 30.000
				,"percent": 99.99
				}
			,{
				"<=msec": 31.000
				,"percent": 100.00
				}
			]
		,"WAIT":[
		]
		}
	}
