{
	"configuration":{
		"server": "10.0.0.4"
		,"port": 11212
		,"unix socket": "(null)"
		,"protocol": "memcache_text"
		,"out_file": "(null)"
		,"client_stats": "(null)"
		,"run_count": 1
		,"debug": 0
		,"requests": 0
		,"clients": 2
		,"threads": 1
		,"test_time": 60
		,"ratio": "1:6"
		,"pipeline": 1
		,"data_size": 4096
		,"data_offset": 0
		,"random_data": "false"
		,"data_size_range": "0:0"
		,"data_size_list": ""
		,"data_size_pattern": "R"
		,"expiry_range": "9999:10000"
		,"data_import": "(null)"
		,"data_verify": "false"
		,"verify_only": "false"
		,"generate_keys": "false"
		,"key_prefix": "memtier-"
		,"key_minimum":           0
		,"key_maximum":        1000
		,"key_pattern": "R:R"
		,"key_stddev": 0.000000
		,"key_median": 0.000000
		,"reconnect_interval": 0
		,"multi_key_get": 6
		,"authenticate": ""
		,"select-db": 0
		,"no-expiry": "false"
		,"wait-ratio": "0:0"
		,"num-slaves": "0:0"
		,"wait-timeout": "0-0"
		}
	,"run information":{
		"Threads": 1
		,"Connections per thread": 2
		,"Seconds": 60
		}
	,"ALL STATS":{
		"Sets":{
			"Ops/sec": 238.34
			,"Hits/sec": 0.00
			,"Misses/sec": 0.00
			,"Latency": 3.77
			,"KB/sec": 962.54
			}
		,"Gets":{
			"Ops/sec": 238.34
			,"Hits/sec": 1430.07
			,"Misses/sec": 0.00
			,"Latency": 4.59
			,"KB/sec": 5778.15
			}
		,"Waits":{
			"Ops/sec": 0.00
			,"Hits/sec": 0.00
			,"Misses/sec": 0.00
			,"Latency": 0.00
			,"KB/sec": 0.00
			}
		,"Totals":{
			"Ops/sec": 476.69
			,"Hits/sec": 1430.07
			,"Misses/sec": 0.00
			,"Latency": 4.18
			,"KB/sec": 6740.69
			}
		,"SET":[
			{
				"<=msec": 1.200
				,"percent": 0.01
				}
			,{
				"<=msec": 1.300
				,"percent": 0.11
				}
			,{
				"<=msec": 1.400
				,"percent": 0.66
				}
			,{
				"<=msec": 1.500
				,"percent": 2.19
				}
			,{
				"<=msec": 1.600
				,"percent": 5.15
				}
			,{
				"<=msec": 1.700
				,"percent": 9.63
				}
			,{
				"<=msec": 1.800
				,"percent": 15.18
				}
			,{
				"<=msec": 1.900
				,"percent": 21.99
				}
			,{
				"<=msec": 2.000
				,"percent": 28.11
				}
			,{
				"<=msec": 2.100
				,"percent": 33.97
				}
			,{
				"<=msec": 2.200
				,"percent": 39.10
				}
			,{
				"<=msec": 2.300
				,"percent": 43.63
				}
			,{
				"<=msec": 2.400
				,"percent": 47.37
				}
			,{
				"<=msec": 2.500
				,"percent": 50.55
				}
			,{
				"<=msec": 2.600
				,"percent": 53.19
				}
			,{
				"<=msec": 2.700
				,"percent": 55.57
				}
			,{
				"<=msec": 2.800
				,"percent": 57.78
				}
			,{
				"<=msec": 2.900
				,"percent": 59.69
				}
			,{
				"<=msec": 3.000
				,"percent": 61.32
				}
			,{
				"<=msec": 3.100
				,"percent": 62.67
				}
			,{
				"<=msec": 3.200
				,"percent": 63.94
				}
			,{
				"<=msec": 3.300
				,"percent": 64.96
				}
			,{
				"<=msec": 3.400
				,"percent": 66.00
				}
			,{
				"<=msec": 3.500
				,"percent": 66.85
				}
			,{
				"<=msec": 3.600
				,"percent": 67.84
				}
			,{
				"<=msec": 3.700
				,"percent": 68.63
				}
			,{
				"<=msec": 3.800
				,"percent": 69.27
				}
			,{
				"<=msec": 3.900
				,"percent": 69.88
				}
			,{
				"<=msec": 4.000
				,"percent": 70.42
				}
			,{
				"<=msec": 4.100
				,"percent": 70.93
				}
			,{
				"<=msec": 4.200
				,"percent": 71.47
				}
			,{
				"<=msec": 4.300
				,"percent": 72.02
				}
			,{
				"<=msec": 4.400
				,"percent": 72.51
				}
			,{
				"<=msec": 4.500
				,"percent": 72.99
				}
			,{
				"<=msec": 4.600
				,"percent": 73.44
				}
			,{
				"<=msec": 4.700
				,"percent": 73.83
				}
			,{
				"<=msec": 4.800
				,"percent": 74.30
				}
			,{
				"<=msec": 4.900
				,"percent": 74.74
				}
			,{
				"<=msec": 5.000
				,"percent": 75.26
				}
			,{
				"<=msec": 5.100
				,"percent": 75.71
				}
			,{
				"<=msec": 5.200
				,"percent": 76.16
				}
			,{
				"<=msec": 5.300
				,"percent": 76.62
				}
			,{
				"<=msec": 5.400
				,"percent": 77.16
				}
			,{
				"<=msec": 5.500
				,"percent": 77.46
				}
			,{
				"<=msec": 5.600
				,"percent": 77.90
				}
			,{
				"<=msec": 5.700
				,"percent": 78.36
				}
			,{
				"<=msec": 5.800
				,"percent": 78.91
				}
			,{
				"<=msec": 5.900
				,"percent": 79.44
				}
			,{
				"<=msec": 6.000
				,"percent": 79.99
				}
			,{
				"<=msec": 6.100
				,"percent": 80.47
				}
			,{
				"<=msec": 6.200
				,"percent": 81.02
				}
			,{
				"<=msec": 6.300
				,"percent": 81.47
				}
			,{
				"<=msec": 6.400
				,"percent": 82.04
				}
			,{
				"<=msec": 6.500
				,"percent": 82.43
				}
			,{
				"<=msec": 6.600
				,"percent": 82.94
				}
			,{
				"<=msec": 6.700
				,"percent": 83.32
				}
			,{
				"<=msec": 6.800
				,"percent": 83.94
				}
			,{
				"<=msec": 6.900
				,"percent": 84.43
				}
			,{
				"<=msec": 7.000
				,"percent": 84.98
				}
			,{
				"<=msec": 7.100
				,"percent": 85.61
				}
			,{
				"<=msec": 7.200
				,"percent": 86.32
				}
			,{
				"<=msec": 7.300
				,"percent": 87.08
				}
			,{
				"<=msec": 7.400
				,"percent": 87.81
				}
			,{
				"<=msec": 7.500
				,"percent": 88.51
				}
			,{
				"<=msec": 7.600
				,"percent": 89.04
				}
			,{
				"<=msec": 7.700
				,"percent": 89.69
				}
			,{
				"<=msec": 7.800
				,"percent": 90.21
				}
			,{
				"<=msec": 7.900
				,"percent": 90.67
				}
			,{
				"<=msec": 8.000
				,"percent": 91.20
				}
			,{
				"<=msec": 8.100
				,"percent": 91.62
				}
			,{
				"<=msec": 8.200
				,"percent": 92.13
				}
			,{
				"<=msec": 8.300
				,"percent": 92.52
				}
			,{
				"<=msec": 8.400
				,"percent": 92.92
				}
			,{
				"<=msec": 8.500
				,"percent": 93.18
				}
			,{
				"<=msec": 8.600
				,"percent": 93.57
				}
			,{
				"<=msec": 8.700
				,"percent": 93.98
				}
			,{
				"<=msec": 8.800
				,"percent": 94.43
				}
			,{
				"<=msec": 8.900
				,"percent": 94.78
				}
			,{
				"<=msec": 9.000
				,"percent": 95.10
				}
			,{
				"<=msec": 9.100
				,"percent": 95.38
				}
			,{
				"<=msec": 9.200
				,"percent": 95.68
				}
			,{
				"<=msec": 9.300
				,"percent": 95.99
				}
			,{
				"<=msec": 9.400
				,"percent": 96.27
				}
			,{
				"<=msec": 9.500
				,"percent": 96.56
				}
			,{
				"<=msec": 9.600
				,"percent": 96.77
				}
			,{
				"<=msec": 9.700
				,"percent": 96.95
				}
			,{
				"<=msec": 9.800
				,"percent": 97.23
				}
			,{
				"<=msec": 9.900
				,"percent": 97.47
				}
			,{
				"<=msec": 10.000
				,"percent": 98.43
				}
			,{
				"<=msec": 11.000
				,"percent": 99.20
				}
			,{
				"<=msec": 12.000
				,"percent": 99.41
				}
			,{
				"<=msec": 13.000
				,"percent": 99.57
				}
			,{
				"<=msec": 14.000
				,"percent": 99.67
				}
			,{
				"<=msec": 15.000
				,"percent": 99.72
				}
			,{
				"<=msec": 16.000
				,"percent": 99.76
				}
			,{
				"<=msec": 17.000
				,"percent": 99.81
				}
			,{
				"<=msec": 18.000
				,"percent": 99.85
				}
			,{
				"<=msec": 19.000
				,"percent": 99.89
				}
			,{
				"<=msec": 20.000
				,"percent": 99.92
				}
			,{
				"<=msec": 21.000
				,"percent": 99.93
				}
			,{
				"<=msec": 22.000
				,"percent": 99.94
				}
			,{
				"<=msec": 24.000
				,"percent": 99.97
				}
			,{
				"<=msec": 27.000
				,"percent": 99.97
				}
			,{
				"<=msec": 28.000
				,"percent": 99.98
				}
			,{
				"<=msec": 32.000
				,"percent": 99.99
				}
			,{
				"<=msec": 37.000
				,"percent": 99.99
				}
			,{
				"<=msec": 41.000
				,"percent": 100.00
				}
			]
		,"GET":[
			{
				"<=msec": 1.600
				,"percent": 0.03
				}
			,{
				"<=msec": 1.700
				,"percent": 0.14
				}
			,{
				"<=msec": 1.800
				,"percent": 0.59
				}
			,{
				"<=msec": 1.900
				,"percent": 1.61
				}
			,{
				"<=msec": 2.000
				,"percent": 3.66
				}
			,{
				"<=msec": 2.100
				,"percent": 6.29
				}
			,{
				"<=msec": 2.200
				,"percent": 9.87
				}
			,{
				"<=msec": 2.300
				,"percent": 13.91
				}
			,{
				"<=msec": 2.400
				,"percent": 18.50
				}
			,{
				"<=msec": 2.500
				,"percent": 23.17
				}
			,{
				"<=msec": 2.600
				,"percent": 28.24
				}
			,{
				"<=msec": 2.700
				,"percent": 32.49
				}
			,{
				"<=msec": 2.800
				,"percent": 36.62
				}
			,{
				"<=msec": 2.900
				,"percent": 40.48
				}
			,{
				"<=msec": 3.000
				,"percent": 43.73
				}
			,{
				"<=msec": 3.100
				,"percent": 46.46
				}
			,{
				"<=msec": 3.200
				,"percent": 48.82
				}
			,{
				"<=msec": 3.300
				,"percent": 50.77
				}
			,{
				"<=msec": 3.400
				,"percent": 52.69
				}
			,{
				"<=msec": 3.500
				,"percent": 54.46
				}
			,{
				"<=msec": 3.600
				,"percent": 56.05
				}
			,{
				"<=msec": 3.700
				,"percent": 57.34
				}
			,{
				"<=msec": 3.800
				,"percent": 58.53
				}
			,{
				"<=msec": 3.900
				,"percent": 59.79
				}
			,{
				"<=msec": 4.000
				,"percent": 60.91
				}
			,{
				"<=msec": 4.100
				,"percent": 61.89
				}
			,{
				"<=msec": 4.200
				,"percent": 62.81
				}
			,{
				"<=msec": 4.300
				,"percent": 63.53
				}
			,{
				"<=msec": 4.400
				,"percent": 64.28
				}
			,{
				"<=msec": 4.500
				,"percent": 64.90
				}
			,{
				"<=msec": 4.600
				,"percent": 65.64
				}
			,{
				"<=msec": 4.700
				,"percent": 66.24
				}
			,{
				"<=msec": 4.800
				,"percent": 66.86
				}
			,{
				"<=msec": 4.900
				,"percent": 67.39
				}
			,{
				"<=msec": 5.000
				,"percent": 67.95
				}
			,{
				"<=msec": 5.100
				,"percent": 68.51
				}
			,{
				"<=msec": 5.200
				,"percent": 69.20
				}
			,{
				"<=msec": 5.300
				,"percent": 69.78
				}
			,{
				"<=msec": 5.400
				,"percent": 70.46
				}
			,{
				"<=msec": 5.500
				,"percent": 71.01
				}
			,{
				"<=msec": 5.600
				,"percent": 71.58
				}
			,{
				"<=msec": 5.700
				,"percent": 72.11
				}
			,{
				"<=msec": 5.800
				,"percent": 72.78
				}
			,{
				"<=msec": 5.900
				,"percent": 73.34
				}
			,{
				"<=msec": 6.000
				,"percent": 73.82
				}
			,{
				"<=msec": 6.100
				,"percent": 74.38
				}
			,{
				"<=msec": 6.200
				,"percent": 74.92
				}
			,{
				"<=msec": 6.300
				,"percent": 75.44
				}
			,{
				"<=msec": 6.400
				,"percent": 75.97
				}
			,{
				"<=msec": 6.500
				,"percent": 76.54
				}
			,{
				"<=msec": 6.600
				,"percent": 77.18
				}
			,{
				"<=msec": 6.700
				,"percent": 77.71
				}
			,{
				"<=msec": 6.800
				,"percent": 78.25
				}
			,{
				"<=msec": 6.900
				,"percent": 78.81
				}
			,{
				"<=msec": 7.000
				,"percent": 79.39
				}
			,{
				"<=msec": 7.100
				,"percent": 79.96
				}
			,{
				"<=msec": 7.200
				,"percent": 80.55
				}
			,{
				"<=msec": 7.300
				,"percent": 81.10
				}
			,{
				"<=msec": 7.400
				,"percent": 81.74
				}
			,{
				"<=msec": 7.500
				,"percent": 82.36
				}
			,{
				"<=msec": 7.600
				,"percent": 82.97
				}
			,{
				"<=msec": 7.700
				,"percent": 83.67
				}
			,{
				"<=msec": 7.800
				,"percent": 84.41
				}
			,{
				"<=msec": 7.900
				,"percent": 85.06
				}
			,{
				"<=msec": 8.000
				,"percent": 85.76
				}
			,{
				"<=msec": 8.100
				,"percent": 86.49
				}
			,{
				"<=msec": 8.200
				,"percent": 87.27
				}
			,{
				"<=msec": 8.300
				,"percent": 87.99
				}
			,{
				"<=msec": 8.400
				,"percent": 88.62
				}
			,{
				"<=msec": 8.500
				,"percent": 89.18
				}
			,{
				"<=msec": 8.600
				,"percent": 89.73
				}
			,{
				"<=msec": 8.700
				,"percent": 90.24
				}
			,{
				"<=msec": 8.800
				,"percent": 90.83
				}
			,{
				"<=msec": 8.900
				,"percent": 91.26
				}
			,{
				"<=msec": 9.000
				,"percent": 91.78
				}
			,{
				"<=msec": 9.100
				,"percent": 92.35
				}
			,{
				"<=msec": 9.200
				,"percent": 92.77
				}
			,{
				"<=msec": 9.300
				,"percent": 93.32
				}
			,{
				"<=msec": 9.400
				,"percent": 93.83
				}
			,{
				"<=msec": 9.500
				,"percent": 94.29
				}
			,{
				"<=msec": 9.600
				,"percent": 94.71
				}
			,{
				"<=msec": 9.700
				,"percent": 94.95
				}
			,{
				"<=msec": 9.800
				,"percent": 95.32
				}
			,{
				"<=msec": 9.900
				,"percent": 95.57
				}
			,{
				"<=msec": 10.000
				,"percent": 96.85
				}
			,{
				"<=msec": 11.000
				,"percent": 98.36
				}
			,{
				"<=msec": 12.000
				,"percent": 99.08
				}
			,{
				"<=msec": 13.000
				,"percent": 99.29
				}
			,{
				"<=msec": 14.000
				,"percent": 99.48
				}
			,{
				"<=msec": 15.000
				,"percent": 99.58
				}
			,{
				"<=msec": 16.000
				,"percent": 99.69
				}
			,{
				"<=msec": 17.000
				,"percent": 99.74
				}
			,{
				"<=msec": 18.000
				,"percent": 99.82
				}
			,{
				"<=msec": 19.000
				,"percent": 99.86
				}
			,{
				"<=msec": 20.000
				,"percent": 99.88
				}
			,{
				"<=msec": 21.000
				,"percent": 99.91
				}
			,{
				"<=msec": 22.000
				,"percent": 99.94
				}
			,{
				"<=msec": 23.000
				,"percent": 99.96
				}
			,{
				"<=msec": 27.000
				,"percent": 99.97
				}
			,{
				"<=msec": 30.000
				,"percent": 99.98
				}
			,{
				"<=msec": 33.000
				,"percent": 99.99
				}
			,{
				"<=msec": 40.000
				,"percent": 99.99
				}
			,{
				"<=msec": 210.000
				,"percent": 100.00
				}
			]
		,"WAIT":[
		]
		}
	}
