{
	"configuration":{
		"server": "10.0.0.9"
		,"port": 11212
		,"unix socket": "(null)"
		,"protocol": "memcache_text"
		,"out_file": "(null)"
		,"client_stats": "(null)"
		,"run_count": 1
		,"debug": 0
		,"requests": 0
		,"clients": 2
		,"threads": 1
		,"test_time": 60
		,"ratio": "1:3"
		,"pipeline": 1
		,"data_size": 4096
		,"data_offset": 0
		,"random_data": "false"
		,"data_size_range": "0:0"
		,"data_size_list": ""
		,"data_size_pattern": "R"
		,"expiry_range": "9999:10000"
		,"data_import": "(null)"
		,"data_verify": "false"
		,"verify_only": "false"
		,"generate_keys": "false"
		,"key_prefix": "memtier-"
		,"key_minimum":           0
		,"key_maximum":        1000
		,"key_pattern": "R:R"
		,"key_stddev": 0.000000
		,"key_median": 0.000000
		,"reconnect_interval": 0
		,"multi_key_get": 3
		,"authenticate": ""
		,"select-db": 0
		,"no-expiry": "false"
		,"wait-ratio": "0:0"
		,"num-slaves": "0:0"
		,"wait-timeout": "0-0"
		}
	,"run information":{
		"Threads": 1
		,"Connections per thread": 2
		,"Seconds": 60
		}
	,"ALL STATS":{
		"Sets":{
			"Ops/sec": 402.72
			,"Hits/sec": 0.00
			,"Misses/sec": 0.00
			,"Latency": 2.56
			,"KB/sec": 1626.37
			}
		,"Gets":{
			"Ops/sec": 402.70
			,"Hits/sec": 1208.11
			,"Misses/sec": 0.00
			,"Latency": 2.39
			,"KB/sec": 4883.31
			}
		,"Waits":{
			"Ops/sec": 0.00
			,"Hits/sec": 0.00
			,"Misses/sec": 0.00
			,"Latency": 0.00
			,"KB/sec": 0.00
			}
		,"Totals":{
			"Ops/sec": 805.42
			,"Hits/sec": 1208.11
			,"Misses/sec": 0.00
			,"Latency": 2.47
			,"KB/sec": 6509.68
			}
		,"SET":[
			{
				"<=msec": 1.100
				,"percent": 0.01
				}
			,{
				"<=msec": 1.200
				,"percent": 0.23
				}
			,{
				"<=msec": 1.300
				,"percent": 1.95
				}
			,{
				"<=msec": 1.400
				,"percent": 6.60
				}
			,{
				"<=msec": 1.500
				,"percent": 15.01
				}
			,{
				"<=msec": 1.600
				,"percent": 25.53
				}
			,{
				"<=msec": 1.700
				,"percent": 36.75
				}
			,{
				"<=msec": 1.800
				,"percent": 46.28
				}
			,{
				"<=msec": 1.900
				,"percent": 54.76
				}
			,{
				"<=msec": 2.000
				,"percent": 62.01
				}
			,{
				"<=msec": 2.100
				,"percent": 67.09
				}
			,{
				"<=msec": 2.200
				,"percent": 70.89
				}
			,{
				"<=msec": 2.300
				,"percent": 74.08
				}
			,{
				"<=msec": 2.400
				,"percent": 76.35
				}
			,{
				"<=msec": 2.500
				,"percent": 78.06
				}
			,{
				"<=msec": 2.600
				,"percent": 79.32
				}
			,{
				"<=msec": 2.700
				,"percent": 80.53
				}
			,{
				"<=msec": 2.800
				,"percent": 81.45
				}
			,{
				"<=msec": 2.900
				,"percent": 82.23
				}
			,{
				"<=msec": 3.000
				,"percent": 82.97
				}
			,{
				"<=msec": 3.100
				,"percent": 83.64
				}
			,{
				"<=msec": 3.200
				,"percent": 84.16
				}
			,{
				"<=msec": 3.300
				,"percent": 84.71
				}
			,{
				"<=msec": 3.400
				,"percent": 85.22
				}
			,{
				"<=msec": 3.500
				,"percent": 85.66
				}
			,{
				"<=msec": 3.600
				,"percent": 86.03
				}
			,{
				"<=msec": 3.700
				,"percent": 86.43
				}
			,{
				"<=msec": 3.800
				,"percent": 86.82
				}
			,{
				"<=msec": 3.900
				,"percent": 87.18
				}
			,{
				"<=msec": 4.000
				,"percent": 87.51
				}
			,{
				"<=msec": 4.100
				,"percent": 87.84
				}
			,{
				"<=msec": 4.200
				,"percent": 88.17
				}
			,{
				"<=msec": 4.300
				,"percent": 88.48
				}
			,{
				"<=msec": 4.400
				,"percent": 88.80
				}
			,{
				"<=msec": 4.500
				,"percent": 89.06
				}
			,{
				"<=msec": 4.600
				,"percent": 89.36
				}
			,{
				"<=msec": 4.700
				,"percent": 89.63
				}
			,{
				"<=msec": 4.800
				,"percent": 89.94
				}
			,{
				"<=msec": 4.900
				,"percent": 90.25
				}
			,{
				"<=msec": 5.000
				,"percent": 90.52
				}
			,{
				"<=msec": 5.100
				,"percent": 90.80
				}
			,{
				"<=msec": 5.200
				,"percent": 91.05
				}
			,{
				"<=msec": 5.300
				,"percent": 91.28
				}
			,{
				"<=msec": 5.400
				,"percent": 91.50
				}
			,{
				"<=msec": 5.500
				,"percent": 91.72
				}
			,{
				"<=msec": 5.600
				,"percent": 91.94
				}
			,{
				"<=msec": 5.700
				,"percent": 92.16
				}
			,{
				"<=msec": 5.800
				,"percent": 92.35
				}
			,{
				"<=msec": 5.900
				,"percent": 92.57
				}
			,{
				"<=msec": 6.000
				,"percent": 92.87
				}
			,{
				"<=msec": 6.100
				,"percent": 93.16
				}
			,{
				"<=msec": 6.200
				,"percent": 93.40
				}
			,{
				"<=msec": 6.300
				,"percent": 93.69
				}
			,{
				"<=msec": 6.400
				,"percent": 93.93
				}
			,{
				"<=msec": 6.500
				,"percent": 94.20
				}
			,{
				"<=msec": 6.600
				,"percent": 94.45
				}
			,{
				"<=msec": 6.700
				,"percent": 94.72
				}
			,{
				"<=msec": 6.800
				,"percent": 95.00
				}
			,{
				"<=msec": 6.900
				,"percent": 95.28
				}
			,{
				"<=msec": 7.000
				,"percent": 95.54
				}
			,{
				"<=msec": 7.100
				,"percent": 95.89
				}
			,{
				"<=msec": 7.200
				,"percent": 96.13
				}
			,{
				"<=msec": 7.300
				,"percent": 96.40
				}
			,{
				"<=msec": 7.400
				,"percent": 96.70
				}
			,{
				"<=msec": 7.500
				,"percent": 96.90
				}
			,{
				"<=msec": 7.600
				,"percent": 97.08
				}
			,{
				"<=msec": 7.700
				,"percent": 97.25
				}
			,{
				"<=msec": 7.800
				,"percent": 97.42
				}
			,{
				"<=msec": 7.900
				,"percent": 97.57
				}
			,{
				"<=msec": 8.000
				,"percent": 97.74
				}
			,{
				"<=msec": 8.100
				,"percent": 97.88
				}
			,{
				"<=msec": 8.200
				,"percent": 98.00
				}
			,{
				"<=msec": 8.300
				,"percent": 98.08
				}
			,{
				"<=msec": 8.400
				,"percent": 98.22
				}
			,{
				"<=msec": 8.500
				,"percent": 98.32
				}
			,{
				"<=msec": 8.600
				,"percent": 98.41
				}
			,{
				"<=msec": 8.700
				,"percent": 98.48
				}
			,{
				"<=msec": 8.800
				,"percent": 98.59
				}
			,{
				"<=msec": 8.900
				,"percent": 98.65
				}
			,{
				"<=msec": 9.000
				,"percent": 98.70
				}
			,{
				"<=msec": 9.100
				,"percent": 98.76
				}
			,{
				"<=msec": 9.200
				,"percent": 98.80
				}
			,{
				"<=msec": 9.300
				,"percent": 98.85
				}
			,{
				"<=msec": 9.400
				,"percent": 98.88
				}
			,{
				"<=msec": 9.500
				,"percent": 98.92
				}
			,{
				"<=msec": 9.600
				,"percent": 98.97
				}
			,{
				"<=msec": 9.700
				,"percent": 99.01
				}
			,{
				"<=msec": 9.800
				,"percent": 99.05
				}
			,{
				"<=msec": 9.900
				,"percent": 99.10
				}
			,{
				"<=msec": 10.000
				,"percent": 99.32
				}
			,{
				"<=msec": 11.000
				,"percent": 99.58
				}
			,{
				"<=msec": 12.000
				,"percent": 99.75
				}
			,{
				"<=msec": 13.000
				,"percent": 99.81
				}
			,{
				"<=msec": 14.000
				,"percent": 99.83
				}
			,{
				"<=msec": 15.000
				,"percent": 99.86
				}
			,{
				"<=msec": 16.000
				,"percent": 99.90
				}
			,{
				"<=msec": 17.000
				,"percent": 99.93
				}
			,{
				"<=msec": 18.000
				,"percent": 99.94
				}
			,{
				"<=msec": 19.000
				,"percent": 99.95
				}
			,{
				"<=msec": 20.000
				,"percent": 99.96
				}
			,{
				"<=msec": 21.000
				,"percent": 99.97
				}
			,{
				"<=msec": 22.000
				,"percent": 99.97
				}
			,{
				"<=msec": 23.000
				,"percent": 99.98
				}
			,{
				"<=msec": 25.000
				,"percent": 99.98
				}
			,{
				"<=msec": 29.000
				,"percent": 99.99
				}
			,{
				"<=msec": 30.000
				,"percent": 99.99
				}
			,{
				"<=msec": 38.000
				,"percent": 100.00
				}
			,{
				"<=msec": 210.000
				,"percent": 100.00
				}
			]
		,"GET":[
			{
				"<=msec": 1.200
				,"percent": 0.07
				}
			,{
				"<=msec": 1.300
				,"percent": 0.58
				}
			,{
				"<=msec": 1.400
				,"percent": 2.65
				}
			,{
				"<=msec": 1.500
				,"percent": 7.21
				}
			,{
				"<=msec": 1.600
				,"percent": 14.54
				}
			,{
				"<=msec": 1.700
				,"percent": 24.18
				}
			,{
				"<=msec": 1.800
				,"percent": 34.64
				}
			,{
				"<=msec": 1.900
				,"percent": 44.86
				}
			,{
				"<=msec": 2.000
				,"percent": 54.46
				}
			,{
				"<=msec": 2.100
				,"percent": 62.27
				}
			,{
				"<=msec": 2.200
				,"percent": 68.88
				}
			,{
				"<=msec": 2.300
				,"percent": 74.08
				}
			,{
				"<=msec": 2.400
				,"percent": 78.18
				}
			,{
				"<=msec": 2.500
				,"percent": 81.27
				}
			,{
				"<=msec": 2.600
				,"percent": 83.62
				}
			,{
				"<=msec": 2.700
				,"percent": 85.47
				}
			,{
				"<=msec": 2.800
				,"percent": 86.87
				}
			,{
				"<=msec": 2.900
				,"percent": 87.97
				}
			,{
				"<=msec": 3.000
				,"percent": 88.83
				}
			,{
				"<=msec": 3.100
				,"percent": 89.56
				}
			,{
				"<=msec": 3.200
				,"percent": 90.17
				}
			,{
				"<=msec": 3.300
				,"percent": 90.66
				}
			,{
				"<=msec": 3.400
				,"percent": 91.07
				}
			,{
				"<=msec": 3.500
				,"percent": 91.42
				}
			,{
				"<=msec": 3.600
				,"percent": 91.80
				}
			,{
				"<=msec": 3.700
				,"percent": 92.03
				}
			,{
				"<=msec": 3.800
				,"percent": 92.28
				}
			,{
				"<=msec": 3.900
				,"percent": 92.58
				}
			,{
				"<=msec": 4.000
				,"percent": 92.86
				}
			,{
				"<=msec": 4.100
				,"percent": 93.09
				}
			,{
				"<=msec": 4.200
				,"percent": 93.27
				}
			,{
				"<=msec": 4.300
				,"percent": 93.47
				}
			,{
				"<=msec": 4.400
				,"percent": 93.68
				}
			,{
				"<=msec": 4.500
				,"percent": 93.82
				}
			,{
				"<=msec": 4.600
				,"percent": 94.02
				}
			,{
				"<=msec": 4.700
				,"percent": 94.19
				}
			,{
				"<=msec": 4.800
				,"percent": 94.32
				}
			,{
				"<=msec": 4.900
				,"percent": 94.45
				}
			,{
				"<=msec": 5.000
				,"percent": 94.62
				}
			,{
				"<=msec": 5.100
				,"percent": 94.75
				}
			,{
				"<=msec": 5.200
				,"percent": 94.90
				}
			,{
				"<=msec": 5.300
				,"percent": 95.07
				}
			,{
				"<=msec": 5.400
				,"percent": 95.22
				}
			,{
				"<=msec": 5.500
				,"percent": 95.33
				}
			,{
				"<=msec": 5.600
				,"percent": 95.45
				}
			,{
				"<=msec": 5.700
				,"percent": 95.63
				}
			,{
				"<=msec": 5.800
				,"percent": 95.80
				}
			,{
				"<=msec": 5.900
				,"percent": 95.92
				}
			,{
				"<=msec": 6.000
				,"percent": 96.08
				}
			,{
				"<=msec": 6.100
				,"percent": 96.25
				}
			,{
				"<=msec": 6.200
				,"percent": 96.38
				}
			,{
				"<=msec": 6.300
				,"percent": 96.56
				}
			,{
				"<=msec": 6.400
				,"percent": 96.66
				}
			,{
				"<=msec": 6.500
				,"percent": 96.78
				}
			,{
				"<=msec": 6.600
				,"percent": 96.92
				}
			,{
				"<=msec": 6.700
				,"percent": 97.06
				}
			,{
				"<=msec": 6.800
				,"percent": 97.21
				}
			,{
				"<=msec": 6.900
				,"percent": 97.33
				}
			,{
				"<=msec": 7.000
				,"percent": 97.47
				}
			,{
				"<=msec": 7.100
				,"percent": 97.66
				}
			,{
				"<=msec": 7.200
				,"percent": 97.86
				}
			,{
				"<=msec": 7.300
				,"percent": 98.02
				}
			,{
				"<=msec": 7.400
				,"percent": 98.19
				}
			,{
				"<=msec": 7.500
				,"percent": 98.32
				}
			,{
				"<=msec": 7.600
				,"percent": 98.39
				}
			,{
				"<=msec": 7.700
				,"percent": 98.51
				}
			,{
				"<=msec": 7.800
				,"percent": 98.65
				}
			,{
				"<=msec": 7.900
				,"percent": 98.73
				}
			,{
				"<=msec": 8.000
				,"percent": 98.78
				}
			,{
				"<=msec": 8.100
				,"percent": 98.85
				}
			,{
				"<=msec": 8.200
				,"percent": 98.93
				}
			,{
				"<=msec": 8.300
				,"percent": 98.99
				}
			,{
				"<=msec": 8.400
				,"percent": 99.03
				}
			,{
				"<=msec": 8.500
				,"percent": 99.09
				}
			,{
				"<=msec": 8.600
				,"percent": 99.13
				}
			,{
				"<=msec": 8.700
				,"percent": 99.16
				}
			,{
				"<=msec": 8.800
				,"percent": 99.19
				}
			,{
				"<=msec": 8.900
				,"percent": 99.24
				}
			,{
				"<=msec": 9.000
				,"percent": 99.27
				}
			,{
				"<=msec": 9.100
				,"percent": 99.28
				}
			,{
				"<=msec": 9.200
				,"percent": 99.30
				}
			,{
				"<=msec": 9.300
				,"percent": 99.33
				}
			,{
				"<=msec": 9.400
				,"percent": 99.36
				}
			,{
				"<=msec": 9.500
				,"percent": 99.38
				}
			,{
				"<=msec": 9.600
				,"percent": 99.40
				}
			,{
				"<=msec": 9.700
				,"percent": 99.42
				}
			,{
				"<=msec": 9.800
				,"percent": 99.46
				}
			,{
				"<=msec": 9.900
				,"percent": 99.48
				}
			,{
				"<=msec": 10.000
				,"percent": 99.58
				}
			,{
				"<=msec": 11.000
				,"percent": 99.73
				}
			,{
				"<=msec": 12.000
				,"percent": 99.81
				}
			,{
				"<=msec": 13.000
				,"percent": 99.86
				}
			,{
				"<=msec": 14.000
				,"percent": 99.88
				}
			,{
				"<=msec": 15.000
				,"percent": 99.90
				}
			,{
				"<=msec": 16.000
				,"percent": 99.93
				}
			,{
				"<=msec": 17.000
				,"percent": 99.95
				}
			,{
				"<=msec": 18.000
				,"percent": 99.96
				}
			,{
				"<=msec": 19.000
				,"percent": 99.97
				}
			,{
				"<=msec": 20.000
				,"percent": 99.98
				}
			,{
				"<=msec": 23.000
				,"percent": 99.98
				}
			,{
				"<=msec": 24.000
				,"percent": 99.98
				}
			,{
				"<=msec": 27.000
				,"percent": 99.99
				}
			,{
				"<=msec": 29.000
				,"percent": 99.99
				}
			,{
				"<=msec": 37.000
				,"percent": 100.00
				}
			,{
				"<=msec": 42.000
				,"percent": 100.00
				}
			]
		,"WAIT":[
		]
		}
	}
