{
	"configuration":{
		"server": "10.0.0.9"
		,"port": 11212
		,"unix socket": "(null)"
		,"protocol": "memcache_text"
		,"out_file": "(null)"
		,"client_stats": "(null)"
		,"run_count": 1
		,"debug": 0
		,"requests": 0
		,"clients": 2
		,"threads": 1
		,"test_time": 60
		,"ratio": "1:9"
		,"pipeline": 1
		,"data_size": 4096
		,"data_offset": 0
		,"random_data": "false"
		,"data_size_range": "0:0"
		,"data_size_list": ""
		,"data_size_pattern": "R"
		,"expiry_range": "9999:10000"
		,"data_import": "(null)"
		,"data_verify": "false"
		,"verify_only": "false"
		,"generate_keys": "false"
		,"key_prefix": "memtier-"
		,"key_minimum":           0
		,"key_maximum":        1000
		,"key_pattern": "R:R"
		,"key_stddev": 0.000000
		,"key_median": 0.000000
		,"reconnect_interval": 0
		,"multi_key_get": 9
		,"authenticate": ""
		,"select-db": 0
		,"no-expiry": "false"
		,"wait-ratio": "0:0"
		,"num-slaves": "0:0"
		,"wait-timeout": "0-0"
		}
	,"run information":{
		"Threads": 1
		,"Connections per thread": 2
		,"Seconds": 60
		}
	,"ALL STATS":{
		"Sets":{
			"Ops/sec": 160.58
			,"Hits/sec": 0.00
			,"Misses/sec": 0.00
			,"Latency": 6.71
			,"KB/sec": 648.51
			}
		,"Gets":{
			"Ops/sec": 160.55
			,"Hits/sec": 1444.94
			,"Misses/sec": 0.00
			,"Latency": 5.72
			,"KB/sec": 5837.47
			}
		,"Waits":{
			"Ops/sec": 0.00
			,"Hits/sec": 0.00
			,"Misses/sec": 0.00
			,"Latency": 0.00
			,"KB/sec": 0.00
			}
		,"Totals":{
			"Ops/sec": 321.13
			,"Hits/sec": 1444.94
			,"Misses/sec": 0.00
			,"Latency": 6.21
			,"KB/sec": 6485.97
			}
		,"SET":[
			{
				"<=msec": 1.300
				,"percent": 0.09
				}
			,{
				"<=msec": 1.400
				,"percent": 0.61
				}
			,{
				"<=msec": 1.500
				,"percent": 2.09
				}
			,{
				"<=msec": 1.600
				,"percent": 4.69
				}
			,{
				"<=msec": 1.700
				,"percent": 8.56
				}
			,{
				"<=msec": 1.800
				,"percent": 13.11
				}
			,{
				"<=msec": 1.900
				,"percent": 18.44
				}
			,{
				"<=msec": 2.000
				,"percent": 22.93
				}
			,{
				"<=msec": 2.100
				,"percent": 27.14
				}
			,{
				"<=msec": 2.200
				,"percent": 30.51
				}
			,{
				"<=msec": 2.300
				,"percent": 33.31
				}
			,{
				"<=msec": 2.400
				,"percent": 35.51
				}
			,{
				"<=msec": 2.500
				,"percent": 37.02
				}
			,{
				"<=msec": 2.600
				,"percent": 38.57
				}
			,{
				"<=msec": 2.700
				,"percent": 39.65
				}
			,{
				"<=msec": 2.800
				,"percent": 40.50
				}
			,{
				"<=msec": 2.900
				,"percent": 41.31
				}
			,{
				"<=msec": 3.000
				,"percent": 42.03
				}
			,{
				"<=msec": 3.100
				,"percent": 42.81
				}
			,{
				"<=msec": 3.200
				,"percent": 43.37
				}
			,{
				"<=msec": 3.300
				,"percent": 43.84
				}
			,{
				"<=msec": 3.400
				,"percent": 44.28
				}
			,{
				"<=msec": 3.500
				,"percent": 44.71
				}
			,{
				"<=msec": 3.600
				,"percent": 45.05
				}
			,{
				"<=msec": 3.700
				,"percent": 45.42
				}
			,{
				"<=msec": 3.800
				,"percent": 45.74
				}
			,{
				"<=msec": 3.900
				,"percent": 46.01
				}
			,{
				"<=msec": 4.000
				,"percent": 46.26
				}
			,{
				"<=msec": 4.100
				,"percent": 46.58
				}
			,{
				"<=msec": 4.200
				,"percent": 46.91
				}
			,{
				"<=msec": 4.300
				,"percent": 47.25
				}
			,{
				"<=msec": 4.400
				,"percent": 47.61
				}
			,{
				"<=msec": 4.500
				,"percent": 47.90
				}
			,{
				"<=msec": 4.600
				,"percent": 48.23
				}
			,{
				"<=msec": 4.700
				,"percent": 48.59
				}
			,{
				"<=msec": 4.800
				,"percent": 48.91
				}
			,{
				"<=msec": 4.900
				,"percent": 49.25
				}
			,{
				"<=msec": 5.000
				,"percent": 49.58
				}
			,{
				"<=msec": 5.100
				,"percent": 49.95
				}
			,{
				"<=msec": 5.200
				,"percent": 50.32
				}
			,{
				"<=msec": 5.300
				,"percent": 50.56
				}
			,{
				"<=msec": 5.400
				,"percent": 50.90
				}
			,{
				"<=msec": 5.500
				,"percent": 51.23
				}
			,{
				"<=msec": 5.600
				,"percent": 51.52
				}
			,{
				"<=msec": 5.700
				,"percent": 51.86
				}
			,{
				"<=msec": 5.800
				,"percent": 52.22
				}
			,{
				"<=msec": 5.900
				,"percent": 52.52
				}
			,{
				"<=msec": 6.000
				,"percent": 52.78
				}
			,{
				"<=msec": 6.100
				,"percent": 53.07
				}
			,{
				"<=msec": 6.200
				,"percent": 53.45
				}
			,{
				"<=msec": 6.300
				,"percent": 53.68
				}
			,{
				"<=msec": 6.400
				,"percent": 54.04
				}
			,{
				"<=msec": 6.500
				,"percent": 54.39
				}
			,{
				"<=msec": 6.600
				,"percent": 54.65
				}
			,{
				"<=msec": 6.700
				,"percent": 55.02
				}
			,{
				"<=msec": 6.800
				,"percent": 55.28
				}
			,{
				"<=msec": 6.900
				,"percent": 55.70
				}
			,{
				"<=msec": 7.000
				,"percent": 56.14
				}
			,{
				"<=msec": 7.100
				,"percent": 56.56
				}
			,{
				"<=msec": 7.200
				,"percent": 56.95
				}
			,{
				"<=msec": 7.300
				,"percent": 57.36
				}
			,{
				"<=msec": 7.400
				,"percent": 57.77
				}
			,{
				"<=msec": 7.500
				,"percent": 58.25
				}
			,{
				"<=msec": 7.600
				,"percent": 58.64
				}
			,{
				"<=msec": 7.700
				,"percent": 59.18
				}
			,{
				"<=msec": 7.800
				,"percent": 59.65
				}
			,{
				"<=msec": 7.900
				,"percent": 60.21
				}
			,{
				"<=msec": 8.000
				,"percent": 60.55
				}
			,{
				"<=msec": 8.100
				,"percent": 61.06
				}
			,{
				"<=msec": 8.200
				,"percent": 61.61
				}
			,{
				"<=msec": 8.300
				,"percent": 62.03
				}
			,{
				"<=msec": 8.400
				,"percent": 62.58
				}
			,{
				"<=msec": 8.500
				,"percent": 63.07
				}
			,{
				"<=msec": 8.600
				,"percent": 63.60
				}
			,{
				"<=msec": 8.700
				,"percent": 64.01
				}
			,{
				"<=msec": 8.800
				,"percent": 64.48
				}
			,{
				"<=msec": 8.900
				,"percent": 64.94
				}
			,{
				"<=msec": 9.000
				,"percent": 65.33
				}
			,{
				"<=msec": 9.100
				,"percent": 65.74
				}
			,{
				"<=msec": 9.200
				,"percent": 66.25
				}
			,{
				"<=msec": 9.300
				,"percent": 66.66
				}
			,{
				"<=msec": 9.400
				,"percent": 67.04
				}
			,{
				"<=msec": 9.500
				,"percent": 67.41
				}
			,{
				"<=msec": 9.600
				,"percent": 67.77
				}
			,{
				"<=msec": 9.700
				,"percent": 68.11
				}
			,{
				"<=msec": 9.800
				,"percent": 68.50
				}
			,{
				"<=msec": 9.900
				,"percent": 68.86
				}
			,{
				"<=msec": 10.000
				,"percent": 71.26
				}
			,{
				"<=msec": 11.000
				,"percent": 74.61
				}
			,{
				"<=msec": 12.000
				,"percent": 79.90
				}
			,{
				"<=msec": 13.000
				,"percent": 88.62
				}
			,{
				"<=msec": 14.000
				,"percent": 92.88
				}
			,{
				"<=msec": 15.000
				,"percent": 98.64
				}
			,{
				"<=msec": 16.000
				,"percent": 99.52
				}
			,{
				"<=msec": 17.000
				,"percent": 99.72
				}
			,{
				"<=msec": 18.000
				,"percent": 99.76
				}
			,{
				"<=msec": 19.000
				,"percent": 99.87
				}
			,{
				"<=msec": 20.000
				,"percent": 99.90
				}
			,{
				"<=msec": 21.000
				,"percent": 99.93
				}
			,{
				"<=msec": 22.000
				,"percent": 99.94
				}
			,{
				"<=msec": 23.000
				,"percent": 99.95
				}
			,{
				"<=msec": 24.000
				,"percent": 99.96
				}
			,{
				"<=msec": 25.000
				,"percent": 99.97
				}
			,{
				"<=msec": 26.000
				,"percent": 99.98
				}
			,{
				"<=msec": 29.000
				,"percent": 99.99
				}
			,{
				"<=msec": 37.000
				,"percent": 100.00
				}
			]
		,"GET":[
			{
				"<=msec": 1.600
				,"percent": 0.04
				}
			,{
				"<=msec": 1.700
				,"percent": 0.31
				}
			,{
				"<=msec": 1.800
				,"percent": 1.27
				}
			,{
				"<=msec": 1.900
				,"percent": 2.95
				}
			,{
				"<=msec": 2.000
				,"percent": 5.76
				}
			,{
				"<=msec": 2.100
				,"percent": 9.56
				}
			,{
				"<=msec": 2.200
				,"percent": 14.68
				}
			,{
				"<=msec": 2.300
				,"percent": 19.62
				}
			,{
				"<=msec": 2.400
				,"percent": 24.96
				}
			,{
				"<=msec": 2.500
				,"percent": 30.14
				}
			,{
				"<=msec": 2.600
				,"percent": 34.93
				}
			,{
				"<=msec": 2.700
				,"percent": 39.90
				}
			,{
				"<=msec": 2.800
				,"percent": 44.22
				}
			,{
				"<=msec": 2.900
				,"percent": 48.16
				}
			,{
				"<=msec": 3.000
				,"percent": 51.92
				}
			,{
				"<=msec": 3.100
				,"percent": 55.07
				}
			,{
				"<=msec": 3.200
				,"percent": 57.72
				}
			,{
				"<=msec": 3.300
				,"percent": 59.94
				}
			,{
				"<=msec": 3.400
				,"percent": 62.03
				}
			,{
				"<=msec": 3.500
				,"percent": 63.58
				}
			,{
				"<=msec": 3.600
				,"percent": 64.85
				}
			,{
				"<=msec": 3.700
				,"percent": 65.77
				}
			,{
				"<=msec": 3.800
				,"percent": 66.63
				}
			,{
				"<=msec": 3.900
				,"percent": 67.27
				}
			,{
				"<=msec": 4.000
				,"percent": 67.94
				}
			,{
				"<=msec": 4.100
				,"percent": 68.51
				}
			,{
				"<=msec": 4.200
				,"percent": 68.95
				}
			,{
				"<=msec": 4.300
				,"percent": 69.30
				}
			,{
				"<=msec": 4.400
				,"percent": 69.56
				}
			,{
				"<=msec": 4.500
				,"percent": 69.86
				}
			,{
				"<=msec": 4.600
				,"percent": 70.10
				}
			,{
				"<=msec": 4.700
				,"percent": 70.38
				}
			,{
				"<=msec": 4.800
				,"percent": 70.72
				}
			,{
				"<=msec": 4.900
				,"percent": 70.88
				}
			,{
				"<=msec": 5.000
				,"percent": 71.13
				}
			,{
				"<=msec": 5.100
				,"percent": 71.29
				}
			,{
				"<=msec": 5.200
				,"percent": 71.45
				}
			,{
				"<=msec": 5.300
				,"percent": 71.59
				}
			,{
				"<=msec": 5.400
				,"percent": 71.68
				}
			,{
				"<=msec": 5.500
				,"percent": 71.83
				}
			,{
				"<=msec": 5.600
				,"percent": 71.92
				}
			,{
				"<=msec": 5.700
				,"percent": 72.06
				}
			,{
				"<=msec": 5.800
				,"percent": 72.26
				}
			,{
				"<=msec": 5.900
				,"percent": 72.35
				}
			,{
				"<=msec": 6.000
				,"percent": 72.54
				}
			,{
				"<=msec": 6.100
				,"percent": 72.73
				}
			,{
				"<=msec": 6.200
				,"percent": 72.97
				}
			,{
				"<=msec": 6.300
				,"percent": 73.15
				}
			,{
				"<=msec": 6.400
				,"percent": 73.26
				}
			,{
				"<=msec": 6.500
				,"percent": 73.49
				}
			,{
				"<=msec": 6.600
				,"percent": 73.72
				}
			,{
				"<=msec": 6.700
				,"percent": 73.92
				}
			,{
				"<=msec": 6.800
				,"percent": 74.08
				}
			,{
				"<=msec": 6.900
				,"percent": 74.31
				}
			,{
				"<=msec": 7.000
				,"percent": 74.47
				}
			,{
				"<=msec": 7.100
				,"percent": 74.70
				}
			,{
				"<=msec": 7.200
				,"percent": 74.88
				}
			,{
				"<=msec": 7.300
				,"percent": 75.04
				}
			,{
				"<=msec": 7.400
				,"percent": 75.20
				}
			,{
				"<=msec": 7.500
				,"percent": 75.38
				}
			,{
				"<=msec": 7.600
				,"percent": 75.58
				}
			,{
				"<=msec": 7.700
				,"percent": 75.77
				}
			,{
				"<=msec": 7.800
				,"percent": 75.93
				}
			,{
				"<=msec": 7.900
				,"percent": 76.06
				}
			,{
				"<=msec": 8.000
				,"percent": 76.26
				}
			,{
				"<=msec": 8.100
				,"percent": 76.36
				}
			,{
				"<=msec": 8.200
				,"percent": 76.48
				}
			,{
				"<=msec": 8.300
				,"percent": 76.61
				}
			,{
				"<=msec": 8.400
				,"percent": 76.75
				}
			,{
				"<=msec": 8.500
				,"percent": 76.93
				}
			,{
				"<=msec": 8.600
				,"percent": 77.11
				}
			,{
				"<=msec": 8.700
				,"percent": 77.20
				}
			,{
				"<=msec": 8.800
				,"percent": 77.37
				}
			,{
				"<=msec": 8.900
				,"percent": 77.50
				}
			,{
				"<=msec": 9.000
				,"percent": 77.63
				}
			,{
				"<=msec": 9.100
				,"percent": 77.75
				}
			,{
				"<=msec": 9.200
				,"percent": 77.85
				}
			,{
				"<=msec": 9.300
				,"percent": 77.95
				}
			,{
				"<=msec": 9.400
				,"percent": 78.01
				}
			,{
				"<=msec": 9.500
				,"percent": 78.14
				}
			,{
				"<=msec": 9.600
				,"percent": 78.29
				}
			,{
				"<=msec": 9.700
				,"percent": 78.40
				}
			,{
				"<=msec": 9.800
				,"percent": 78.48
				}
			,{
				"<=msec": 9.900
				,"percent": 78.59
				}
			,{
				"<=msec": 10.000
				,"percent": 79.45
				}
			,{
				"<=msec": 11.000
				,"percent": 81.91
				}
			,{
				"<=msec": 12.000
				,"percent": 84.68
				}
			,{
				"<=msec": 13.000
				,"percent": 87.27
				}
			,{
				"<=msec": 14.000
				,"percent": 89.40
				}
			,{
				"<=msec": 15.000
				,"percent": 90.27
				}
			,{
				"<=msec": 16.000
				,"percent": 95.79
				}
			,{
				"<=msec": 17.000
				,"percent": 97.86
				}
			,{
				"<=msec": 18.000
				,"percent": 98.36
				}
			,{
				"<=msec": 19.000
				,"percent": 98.57
				}
			,{
				"<=msec": 20.000
				,"percent": 98.64
				}
			,{
				"<=msec": 21.000
				,"percent": 98.74
				}
			,{
				"<=msec": 22.000
				,"percent": 98.90
				}
			,{
				"<=msec": 23.000
				,"percent": 99.02
				}
			,{
				"<=msec": 24.000
				,"percent": 99.06
				}
			,{
				"<=msec": 25.000
				,"percent": 99.11
				}
			,{
				"<=msec": 26.000
				,"percent": 99.20
				}
			,{
				"<=msec": 27.000
				,"percent": 99.41
				}
			,{
				"<=msec": 28.000
				,"percent": 99.58
				}
			,{
				"<=msec": 29.000
				,"percent": 99.69
				}
			,{
				"<=msec": 30.000
				,"percent": 99.71
				}
			,{
				"<=msec": 31.000
				,"percent": 99.80
				}
			,{
				"<=msec": 32.000
				,"percent": 99.96
				}
			,{
				"<=msec": 34.000
				,"percent": 99.97
				}
			,{
				"<=msec": 40.000
				,"percent": 99.98
				}
			,{
				"<=msec": 43.000
				,"percent": 99.99
				}
			,{
				"<=msec": 52.000
				,"percent": 100.00
				}
			]
		,"WAIT":[
		]
		}
	}
