{
	"configuration":{
		"server": "10.0.0.9"
		,"port": 11212
		,"unix socket": "(null)"
		,"protocol": "memcache_text"
		,"out_file": "(null)"
		,"client_stats": "(null)"
		,"run_count": 1
		,"debug": 0
		,"requests": 0
		,"clients": 2
		,"threads": 1
		,"test_time": 60
		,"ratio": "1:1"
		,"pipeline": 1
		,"data_size": 4096
		,"data_offset": 0
		,"random_data": "false"
		,"data_size_range": "0:0"
		,"data_size_list": ""
		,"data_size_pattern": "R"
		,"expiry_range": "9999:10000"
		,"data_import": "(null)"
		,"data_verify": "false"
		,"verify_only": "false"
		,"generate_keys": "false"
		,"key_prefix": "memtier-"
		,"key_minimum":           0
		,"key_maximum":        1000
		,"key_pattern": "R:R"
		,"key_stddev": 0.000000
		,"key_median": 0.000000
		,"reconnect_interval": 0
		,"multi_key_get": 1
		,"authenticate": ""
		,"select-db": 0
		,"no-expiry": "false"
		,"wait-ratio": "0:0"
		,"num-slaves": "0:0"
		,"wait-timeout": "0-0"
		}
	,"run information":{
		"Threads": 1
		,"Connections per thread": 2
		,"Seconds": 60
		}
	,"ALL STATS":{
		"Sets":{
			"Ops/sec": 400.83
			,"Hits/sec": 0.00
			,"Misses/sec": 0.00
			,"Latency": 2.79
			,"KB/sec": 1618.74
			}
		,"Gets":{
			"Ops/sec": 400.81
			,"Hits/sec": 400.81
			,"Misses/sec": 0.00
			,"Latency": 2.18
			,"KB/sec": 1622.74
			}
		,"Waits":{
			"Ops/sec": 0.00
			,"Hits/sec": 0.00
			,"Misses/sec": 0.00
			,"Latency": 0.00
			,"KB/sec": 0.00
			}
		,"Totals":{
			"Ops/sec": 801.64
			,"Hits/sec": 400.81
			,"Misses/sec": 0.00
			,"Latency": 2.48
			,"KB/sec": 3241.48
			}
		,"SET":[
			{
				"<=msec": 1.100
				,"percent": 0.01
				}
			,{
				"<=msec": 1.200
				,"percent": 0.54
				}
			,{
				"<=msec": 1.300
				,"percent": 3.28
				}
			,{
				"<=msec": 1.400
				,"percent": 9.68
				}
			,{
				"<=msec": 1.500
				,"percent": 19.33
				}
			,{
				"<=msec": 1.600
				,"percent": 29.95
				}
			,{
				"<=msec": 1.700
				,"percent": 40.77
				}
			,{
				"<=msec": 1.800
				,"percent": 49.79
				}
			,{
				"<=msec": 1.900
				,"percent": 57.21
				}
			,{
				"<=msec": 2.000
				,"percent": 63.09
				}
			,{
				"<=msec": 2.100
				,"percent": 67.53
				}
			,{
				"<=msec": 2.200
				,"percent": 70.92
				}
			,{
				"<=msec": 2.300
				,"percent": 73.54
				}
			,{
				"<=msec": 2.400
				,"percent": 75.43
				}
			,{
				"<=msec": 2.500
				,"percent": 76.95
				}
			,{
				"<=msec": 2.600
				,"percent": 78.23
				}
			,{
				"<=msec": 2.700
				,"percent": 79.18
				}
			,{
				"<=msec": 2.800
				,"percent": 80.17
				}
			,{
				"<=msec": 2.900
				,"percent": 80.88
				}
			,{
				"<=msec": 3.000
				,"percent": 81.62
				}
			,{
				"<=msec": 3.100
				,"percent": 82.35
				}
			,{
				"<=msec": 3.200
				,"percent": 82.95
				}
			,{
				"<=msec": 3.300
				,"percent": 83.41
				}
			,{
				"<=msec": 3.400
				,"percent": 83.95
				}
			,{
				"<=msec": 3.500
				,"percent": 84.45
				}
			,{
				"<=msec": 3.600
				,"percent": 84.94
				}
			,{
				"<=msec": 3.700
				,"percent": 85.41
				}
			,{
				"<=msec": 3.800
				,"percent": 85.88
				}
			,{
				"<=msec": 3.900
				,"percent": 86.34
				}
			,{
				"<=msec": 4.000
				,"percent": 86.76
				}
			,{
				"<=msec": 4.100
				,"percent": 87.17
				}
			,{
				"<=msec": 4.200
				,"percent": 87.56
				}
			,{
				"<=msec": 4.300
				,"percent": 87.96
				}
			,{
				"<=msec": 4.400
				,"percent": 88.34
				}
			,{
				"<=msec": 4.500
				,"percent": 88.68
				}
			,{
				"<=msec": 4.600
				,"percent": 88.96
				}
			,{
				"<=msec": 4.700
				,"percent": 89.23
				}
			,{
				"<=msec": 4.800
				,"percent": 89.53
				}
			,{
				"<=msec": 4.900
				,"percent": 89.88
				}
			,{
				"<=msec": 5.000
				,"percent": 90.22
				}
			,{
				"<=msec": 5.100
				,"percent": 90.52
				}
			,{
				"<=msec": 5.200
				,"percent": 90.78
				}
			,{
				"<=msec": 5.300
				,"percent": 91.06
				}
			,{
				"<=msec": 5.400
				,"percent": 91.28
				}
			,{
				"<=msec": 5.500
				,"percent": 91.57
				}
			,{
				"<=msec": 5.600
				,"percent": 91.79
				}
			,{
				"<=msec": 5.700
				,"percent": 92.04
				}
			,{
				"<=msec": 5.800
				,"percent": 92.32
				}
			,{
				"<=msec": 5.900
				,"percent": 92.56
				}
			,{
				"<=msec": 6.000
				,"percent": 92.87
				}
			,{
				"<=msec": 6.100
				,"percent": 93.12
				}
			,{
				"<=msec": 6.200
				,"percent": 93.36
				}
			,{
				"<=msec": 6.300
				,"percent": 93.65
				}
			,{
				"<=msec": 6.400
				,"percent": 93.92
				}
			,{
				"<=msec": 6.500
				,"percent": 94.23
				}
			,{
				"<=msec": 6.600
				,"percent": 94.51
				}
			,{
				"<=msec": 6.700
				,"percent": 94.75
				}
			,{
				"<=msec": 6.800
				,"percent": 95.01
				}
			,{
				"<=msec": 6.900
				,"percent": 95.23
				}
			,{
				"<=msec": 7.000
				,"percent": 95.43
				}
			,{
				"<=msec": 7.100
				,"percent": 95.66
				}
			,{
				"<=msec": 7.200
				,"percent": 95.89
				}
			,{
				"<=msec": 7.300
				,"percent": 96.08
				}
			,{
				"<=msec": 7.400
				,"percent": 96.30
				}
			,{
				"<=msec": 7.500
				,"percent": 96.49
				}
			,{
				"<=msec": 7.600
				,"percent": 96.69
				}
			,{
				"<=msec": 7.700
				,"percent": 96.88
				}
			,{
				"<=msec": 7.800
				,"percent": 97.08
				}
			,{
				"<=msec": 7.900
				,"percent": 97.23
				}
			,{
				"<=msec": 8.000
				,"percent": 97.39
				}
			,{
				"<=msec": 8.100
				,"percent": 97.53
				}
			,{
				"<=msec": 8.200
				,"percent": 97.67
				}
			,{
				"<=msec": 8.300
				,"percent": 97.84
				}
			,{
				"<=msec": 8.400
				,"percent": 97.95
				}
			,{
				"<=msec": 8.500
				,"percent": 98.02
				}
			,{
				"<=msec": 8.600
				,"percent": 98.13
				}
			,{
				"<=msec": 8.700
				,"percent": 98.18
				}
			,{
				"<=msec": 8.800
				,"percent": 98.28
				}
			,{
				"<=msec": 8.900
				,"percent": 98.34
				}
			,{
				"<=msec": 9.000
				,"percent": 98.42
				}
			,{
				"<=msec": 9.100
				,"percent": 98.46
				}
			,{
				"<=msec": 9.200
				,"percent": 98.52
				}
			,{
				"<=msec": 9.300
				,"percent": 98.57
				}
			,{
				"<=msec": 9.400
				,"percent": 98.62
				}
			,{
				"<=msec": 9.500
				,"percent": 98.68
				}
			,{
				"<=msec": 9.600
				,"percent": 98.75
				}
			,{
				"<=msec": 9.700
				,"percent": 98.82
				}
			,{
				"<=msec": 9.800
				,"percent": 98.86
				}
			,{
				"<=msec": 9.900
				,"percent": 98.90
				}
			,{
				"<=msec": 10.000
				,"percent": 99.12
				}
			,{
				"<=msec": 11.000
				,"percent": 99.40
				}
			,{
				"<=msec": 12.000
				,"percent": 99.56
				}
			,{
				"<=msec": 13.000
				,"percent": 99.65
				}
			,{
				"<=msec": 14.000
				,"percent": 99.69
				}
			,{
				"<=msec": 15.000
				,"percent": 99.76
				}
			,{
				"<=msec": 16.000
				,"percent": 99.79
				}
			,{
				"<=msec": 17.000
				,"percent": 99.81
				}
			,{
				"<=msec": 18.000
				,"percent": 99.83
				}
			,{
				"<=msec": 19.000
				,"percent": 99.83
				}
			,{
				"<=msec": 20.000
				,"percent": 99.84
				}
			,{
				"<=msec": 21.000
				,"percent": 99.85
				}
			,{
				"<=msec": 22.000
				,"percent": 99.86
				}
			,{
				"<=msec": 23.000
				,"percent": 99.87
				}
			,{
				"<=msec": 24.000
				,"percent": 99.87
				}
			,{
				"<=msec": 26.000
				,"percent": 99.88
				}
			,{
				"<=msec": 37.000
				,"percent": 99.88
				}
			,{
				"<=msec": 38.000
				,"percent": 99.89
				}
			,{
				"<=msec": 43.000
				,"percent": 99.90
				}
			,{
				"<=msec": 49.000
				,"percent": 99.90
				}
			,{
				"<=msec": 69.000
				,"percent": 99.90
				}
			,{
				"<=msec": 70.000
				,"percent": 99.91
				}
			,{
				"<=msec": 71.000
				,"percent": 99.92
				}
			,{
				"<=msec": 73.000
				,"percent": 99.92
				}
			,{
				"<=msec": 74.000
				,"percent": 99.93
				}
			,{
				"<=msec": 77.000
				,"percent": 99.93
				}
			,{
				"<=msec": 83.000
				,"percent": 99.93
				}
			,{
				"<=msec": 84.000
				,"percent": 99.94
				}
			,{
				"<=msec": 86.000
				,"percent": 99.94
				}
			,{
				"<=msec": 140.000
				,"percent": 99.95
				}
			,{
				"<=msec": 220.000
				,"percent": 99.96
				}
			,{
				"<=msec": 240.000
				,"percent": 99.96
				}
			,{
				"<=msec": 330.000
				,"percent": 99.97
				}
			,{
				"<=msec": 380.000
				,"percent": 99.97
				}
			,{
				"<=msec": 400.000
				,"percent": 99.98
				}
			,{
				"<=msec": 410.000
				,"percent": 99.98
				}
			,{
				"<=msec": 450.000
				,"percent": 99.98
				}
			,{
				"<=msec": 510.000
				,"percent": 99.99
				}
			,{
				"<=msec": 520.000
				,"percent": 99.99
				}
			,{
				"<=msec": 540.000
				,"percent": 100.00
				}
			,{
				"<=msec": 550.000
				,"percent": 100.00
				}
			]
		,"GET":[
			{
				"<=msec": 0.960
				,"percent": 0.00
				}
			,{
				"<=msec": 0.980
				,"percent": 0.01
				}
			,{
				"<=msec": 0.990
				,"percent": 0.02
				}
			,{
				"<=msec": 1.000
				,"percent": 0.23
				}
			,{
				"<=msec": 1.100
				,"percent": 2.68
				}
			,{
				"<=msec": 1.200
				,"percent": 9.98
				}
			,{
				"<=msec": 1.300
				,"percent": 22.24
				}
			,{
				"<=msec": 1.400
				,"percent": 36.55
				}
			,{
				"<=msec": 1.500
				,"percent": 49.29
				}
			,{
				"<=msec": 1.600
				,"percent": 59.51
				}
			,{
				"<=msec": 1.700
				,"percent": 67.34
				}
			,{
				"<=msec": 1.800
				,"percent": 73.01
				}
			,{
				"<=msec": 1.900
				,"percent": 77.15
				}
			,{
				"<=msec": 2.000
				,"percent": 80.36
				}
			,{
				"<=msec": 2.100
				,"percent": 82.79
				}
			,{
				"<=msec": 2.200
				,"percent": 84.42
				}
			,{
				"<=msec": 2.300
				,"percent": 85.78
				}
			,{
				"<=msec": 2.400
				,"percent": 86.84
				}
			,{
				"<=msec": 2.500
				,"percent": 87.56
				}
			,{
				"<=msec": 2.600
				,"percent": 88.24
				}
			,{
				"<=msec": 2.700
				,"percent": 88.77
				}
			,{
				"<=msec": 2.800
				,"percent": 89.33
				}
			,{
				"<=msec": 2.900
				,"percent": 89.73
				}
			,{
				"<=msec": 3.000
				,"percent": 90.15
				}
			,{
				"<=msec": 3.100
				,"percent": 90.54
				}
			,{
				"<=msec": 3.200
				,"percent": 90.88
				}
			,{
				"<=msec": 3.300
				,"percent": 91.19
				}
			,{
				"<=msec": 3.400
				,"percent": 91.53
				}
			,{
				"<=msec": 3.500
				,"percent": 91.78
				}
			,{
				"<=msec": 3.600
				,"percent": 92.07
				}
			,{
				"<=msec": 3.700
				,"percent": 92.27
				}
			,{
				"<=msec": 3.800
				,"percent": 92.52
				}
			,{
				"<=msec": 3.900
				,"percent": 92.76
				}
			,{
				"<=msec": 4.000
				,"percent": 93.00
				}
			,{
				"<=msec": 4.100
				,"percent": 93.27
				}
			,{
				"<=msec": 4.200
				,"percent": 93.44
				}
			,{
				"<=msec": 4.300
				,"percent": 93.66
				}
			,{
				"<=msec": 4.400
				,"percent": 93.89
				}
			,{
				"<=msec": 4.500
				,"percent": 94.09
				}
			,{
				"<=msec": 4.600
				,"percent": 94.31
				}
			,{
				"<=msec": 4.700
				,"percent": 94.47
				}
			,{
				"<=msec": 4.800
				,"percent": 94.66
				}
			,{
				"<=msec": 4.900
				,"percent": 94.84
				}
			,{
				"<=msec": 5.000
				,"percent": 95.08
				}
			,{
				"<=msec": 5.100
				,"percent": 95.26
				}
			,{
				"<=msec": 5.200
				,"percent": 95.40
				}
			,{
				"<=msec": 5.300
				,"percent": 95.57
				}
			,{
				"<=msec": 5.400
				,"percent": 95.68
				}
			,{
				"<=msec": 5.500
				,"percent": 95.83
				}
			,{
				"<=msec": 5.600
				,"percent": 95.99
				}
			,{
				"<=msec": 5.700
				,"percent": 96.18
				}
			,{
				"<=msec": 5.800
				,"percent": 96.34
				}
			,{
				"<=msec": 5.900
				,"percent": 96.46
				}
			,{
				"<=msec": 6.000
				,"percent": 96.58
				}
			,{
				"<=msec": 6.100
				,"percent": 96.72
				}
			,{
				"<=msec": 6.200
				,"percent": 96.86
				}
			,{
				"<=msec": 6.300
				,"percent": 97.03
				}
			,{
				"<=msec": 6.400
				,"percent": 97.20
				}
			,{
				"<=msec": 6.500
				,"percent": 97.30
				}
			,{
				"<=msec": 6.600
				,"percent": 97.52
				}
			,{
				"<=msec": 6.700
				,"percent": 97.69
				}
			,{
				"<=msec": 6.800
				,"percent": 97.82
				}
			,{
				"<=msec": 6.900
				,"percent": 97.98
				}
			,{
				"<=msec": 7.000
				,"percent": 98.06
				}
			,{
				"<=msec": 7.100
				,"percent": 98.16
				}
			,{
				"<=msec": 7.200
				,"percent": 98.27
				}
			,{
				"<=msec": 7.300
				,"percent": 98.39
				}
			,{
				"<=msec": 7.400
				,"percent": 98.46
				}
			,{
				"<=msec": 7.500
				,"percent": 98.54
				}
			,{
				"<=msec": 7.600
				,"percent": 98.62
				}
			,{
				"<=msec": 7.700
				,"percent": 98.69
				}
			,{
				"<=msec": 7.800
				,"percent": 98.74
				}
			,{
				"<=msec": 7.900
				,"percent": 98.78
				}
			,{
				"<=msec": 8.000
				,"percent": 98.83
				}
			,{
				"<=msec": 8.100
				,"percent": 98.94
				}
			,{
				"<=msec": 8.200
				,"percent": 98.97
				}
			,{
				"<=msec": 8.300
				,"percent": 99.04
				}
			,{
				"<=msec": 8.400
				,"percent": 99.05
				}
			,{
				"<=msec": 8.500
				,"percent": 99.09
				}
			,{
				"<=msec": 8.600
				,"percent": 99.13
				}
			,{
				"<=msec": 8.700
				,"percent": 99.16
				}
			,{
				"<=msec": 8.800
				,"percent": 99.19
				}
			,{
				"<=msec": 8.900
				,"percent": 99.22
				}
			,{
				"<=msec": 9.000
				,"percent": 99.25
				}
			,{
				"<=msec": 9.100
				,"percent": 99.28
				}
			,{
				"<=msec": 9.200
				,"percent": 99.30
				}
			,{
				"<=msec": 9.300
				,"percent": 99.33
				}
			,{
				"<=msec": 9.400
				,"percent": 99.36
				}
			,{
				"<=msec": 9.500
				,"percent": 99.38
				}
			,{
				"<=msec": 9.600
				,"percent": 99.42
				}
			,{
				"<=msec": 9.700
				,"percent": 99.43
				}
			,{
				"<=msec": 9.800
				,"percent": 99.43
				}
			,{
				"<=msec": 9.900
				,"percent": 99.45
				}
			,{
				"<=msec": 10.000
				,"percent": 99.52
				}
			,{
				"<=msec": 11.000
				,"percent": 99.63
				}
			,{
				"<=msec": 12.000
				,"percent": 99.76
				}
			,{
				"<=msec": 13.000
				,"percent": 99.82
				}
			,{
				"<=msec": 14.000
				,"percent": 99.84
				}
			,{
				"<=msec": 15.000
				,"percent": 99.85
				}
			,{
				"<=msec": 16.000
				,"percent": 99.88
				}
			,{
				"<=msec": 17.000
				,"percent": 99.88
				}
			,{
				"<=msec": 19.000
				,"percent": 99.90
				}
			,{
				"<=msec": 21.000
				,"percent": 99.90
				}
			,{
				"<=msec": 22.000
				,"percent": 99.91
				}
			,{
				"<=msec": 23.000
				,"percent": 99.92
				}
			,{
				"<=msec": 24.000
				,"percent": 99.92
				}
			,{
				"<=msec": 68.000
				,"percent": 99.93
				}
			,{
				"<=msec": 69.000
				,"percent": 99.93
				}
			,{
				"<=msec": 71.000
				,"percent": 99.93
				}
			,{
				"<=msec": 72.000
				,"percent": 99.94
				}
			,{
				"<=msec": 79.000
				,"percent": 99.95
				}
			,{
				"<=msec": 82.000
				,"percent": 99.95
				}
			,{
				"<=msec": 83.000
				,"percent": 99.95
				}
			,{
				"<=msec": 88.000
				,"percent": 99.96
				}
			,{
				"<=msec": 140.000
				,"percent": 99.96
				}
			,{
				"<=msec": 150.000
				,"percent": 99.97
				}
			,{
				"<=msec": 170.000
				,"percent": 99.97
				}
			,{
				"<=msec": 180.000
				,"percent": 99.98
				}
			,{
				"<=msec": 320.000
				,"percent": 99.98
				}
			,{
				"<=msec": 600.000
				,"percent": 99.99
				}
			,{
				"<=msec": 700.000
				,"percent": 99.99
				}
			,{
				"<=msec": 720.000
				,"percent": 100.00
				}
			]
		,"WAIT":[
		]
		}
	}
