{
	"configuration":{
		"server": "10.0.0.9"
		,"port": 11212
		,"unix socket": "(null)"
		,"protocol": "memcache_text"
		,"out_file": "(null)"
		,"client_stats": "(null)"
		,"run_count": 1
		,"debug": 0
		,"requests": 0
		,"clients": 2
		,"threads": 1
		,"test_time": 60
		,"ratio": "1:1"
		,"pipeline": 1
		,"data_size": 4096
		,"data_offset": 0
		,"random_data": "false"
		,"data_size_range": "0:0"
		,"data_size_list": ""
		,"data_size_pattern": "R"
		,"expiry_range": "9999:10000"
		,"data_import": "(null)"
		,"data_verify": "false"
		,"verify_only": "false"
		,"generate_keys": "false"
		,"key_prefix": "memtier-"
		,"key_minimum":           0
		,"key_maximum":        1000
		,"key_pattern": "R:R"
		,"key_stddev": 0.000000
		,"key_median": 0.000000
		,"reconnect_interval": 0
		,"multi_key_get": 1
		,"authenticate": ""
		,"select-db": 0
		,"no-expiry": "false"
		,"wait-ratio": "0:0"
		,"num-slaves": "0:0"
		,"wait-timeout": "0-0"
		}
	,"run information":{
		"Threads": 1
		,"Connections per thread": 2
		,"Seconds": 60
		}
	,"ALL STATS":{
		"Sets":{
			"Ops/sec": 433.74
			,"Hits/sec": 0.00
			,"Misses/sec": 0.00
			,"Latency": 2.57
			,"KB/sec": 1751.64
			}
		,"Gets":{
			"Ops/sec": 433.72
			,"Hits/sec": 433.72
			,"Misses/sec": 0.00
			,"Latency": 2.03
			,"KB/sec": 1755.97
			}
		,"Waits":{
			"Ops/sec": 0.00
			,"Hits/sec": 0.00
			,"Misses/sec": 0.00
			,"Latency": 0.00
			,"KB/sec": 0.00
			}
		,"Totals":{
			"Ops/sec": 867.46
			,"Hits/sec": 433.72
			,"Misses/sec": 0.00
			,"Latency": 2.30
			,"KB/sec": 3507.60
			}
		,"SET":[
			{
				"<=msec": 1.100
				,"percent": 0.02
				}
			,{
				"<=msec": 1.200
				,"percent": 0.65
				}
			,{
				"<=msec": 1.300
				,"percent": 3.60
				}
			,{
				"<=msec": 1.400
				,"percent": 10.12
				}
			,{
				"<=msec": 1.500
				,"percent": 20.04
				}
			,{
				"<=msec": 1.600
				,"percent": 31.30
				}
			,{
				"<=msec": 1.700
				,"percent": 41.92
				}
			,{
				"<=msec": 1.800
				,"percent": 51.32
				}
			,{
				"<=msec": 1.900
				,"percent": 58.80
				}
			,{
				"<=msec": 2.000
				,"percent": 64.68
				}
			,{
				"<=msec": 2.100
				,"percent": 69.20
				}
			,{
				"<=msec": 2.200
				,"percent": 72.42
				}
			,{
				"<=msec": 2.300
				,"percent": 74.89
				}
			,{
				"<=msec": 2.400
				,"percent": 76.83
				}
			,{
				"<=msec": 2.500
				,"percent": 78.37
				}
			,{
				"<=msec": 2.600
				,"percent": 79.50
				}
			,{
				"<=msec": 2.700
				,"percent": 80.61
				}
			,{
				"<=msec": 2.800
				,"percent": 81.39
				}
			,{
				"<=msec": 2.900
				,"percent": 82.16
				}
			,{
				"<=msec": 3.000
				,"percent": 82.82
				}
			,{
				"<=msec": 3.100
				,"percent": 83.43
				}
			,{
				"<=msec": 3.200
				,"percent": 83.95
				}
			,{
				"<=msec": 3.300
				,"percent": 84.48
				}
			,{
				"<=msec": 3.400
				,"percent": 84.93
				}
			,{
				"<=msec": 3.500
				,"percent": 85.34
				}
			,{
				"<=msec": 3.600
				,"percent": 85.79
				}
			,{
				"<=msec": 3.700
				,"percent": 86.21
				}
			,{
				"<=msec": 3.800
				,"percent": 86.55
				}
			,{
				"<=msec": 3.900
				,"percent": 86.90
				}
			,{
				"<=msec": 4.000
				,"percent": 87.30
				}
			,{
				"<=msec": 4.100
				,"percent": 87.66
				}
			,{
				"<=msec": 4.200
				,"percent": 87.95
				}
			,{
				"<=msec": 4.300
				,"percent": 88.33
				}
			,{
				"<=msec": 4.400
				,"percent": 88.68
				}
			,{
				"<=msec": 4.500
				,"percent": 89.00
				}
			,{
				"<=msec": 4.600
				,"percent": 89.28
				}
			,{
				"<=msec": 4.700
				,"percent": 89.59
				}
			,{
				"<=msec": 4.800
				,"percent": 89.87
				}
			,{
				"<=msec": 4.900
				,"percent": 90.17
				}
			,{
				"<=msec": 5.000
				,"percent": 90.44
				}
			,{
				"<=msec": 5.100
				,"percent": 90.73
				}
			,{
				"<=msec": 5.200
				,"percent": 91.01
				}
			,{
				"<=msec": 5.300
				,"percent": 91.39
				}
			,{
				"<=msec": 5.400
				,"percent": 91.60
				}
			,{
				"<=msec": 5.500
				,"percent": 91.83
				}
			,{
				"<=msec": 5.600
				,"percent": 92.06
				}
			,{
				"<=msec": 5.700
				,"percent": 92.30
				}
			,{
				"<=msec": 5.800
				,"percent": 92.53
				}
			,{
				"<=msec": 5.900
				,"percent": 92.77
				}
			,{
				"<=msec": 6.000
				,"percent": 93.04
				}
			,{
				"<=msec": 6.100
				,"percent": 93.28
				}
			,{
				"<=msec": 6.200
				,"percent": 93.59
				}
			,{
				"<=msec": 6.300
				,"percent": 93.86
				}
			,{
				"<=msec": 6.400
				,"percent": 94.05
				}
			,{
				"<=msec": 6.500
				,"percent": 94.36
				}
			,{
				"<=msec": 6.600
				,"percent": 94.62
				}
			,{
				"<=msec": 6.700
				,"percent": 94.93
				}
			,{
				"<=msec": 6.800
				,"percent": 95.25
				}
			,{
				"<=msec": 6.900
				,"percent": 95.52
				}
			,{
				"<=msec": 7.000
				,"percent": 95.78
				}
			,{
				"<=msec": 7.100
				,"percent": 96.05
				}
			,{
				"<=msec": 7.200
				,"percent": 96.32
				}
			,{
				"<=msec": 7.300
				,"percent": 96.53
				}
			,{
				"<=msec": 7.400
				,"percent": 96.76
				}
			,{
				"<=msec": 7.500
				,"percent": 96.97
				}
			,{
				"<=msec": 7.600
				,"percent": 97.14
				}
			,{
				"<=msec": 7.700
				,"percent": 97.31
				}
			,{
				"<=msec": 7.800
				,"percent": 97.45
				}
			,{
				"<=msec": 7.900
				,"percent": 97.59
				}
			,{
				"<=msec": 8.000
				,"percent": 97.71
				}
			,{
				"<=msec": 8.100
				,"percent": 97.88
				}
			,{
				"<=msec": 8.200
				,"percent": 98.01
				}
			,{
				"<=msec": 8.300
				,"percent": 98.17
				}
			,{
				"<=msec": 8.400
				,"percent": 98.26
				}
			,{
				"<=msec": 8.500
				,"percent": 98.35
				}
			,{
				"<=msec": 8.600
				,"percent": 98.42
				}
			,{
				"<=msec": 8.700
				,"percent": 98.53
				}
			,{
				"<=msec": 8.800
				,"percent": 98.60
				}
			,{
				"<=msec": 8.900
				,"percent": 98.67
				}
			,{
				"<=msec": 9.000
				,"percent": 98.75
				}
			,{
				"<=msec": 9.100
				,"percent": 98.77
				}
			,{
				"<=msec": 9.200
				,"percent": 98.84
				}
			,{
				"<=msec": 9.300
				,"percent": 98.87
				}
			,{
				"<=msec": 9.400
				,"percent": 98.92
				}
			,{
				"<=msec": 9.500
				,"percent": 98.97
				}
			,{
				"<=msec": 9.600
				,"percent": 99.03
				}
			,{
				"<=msec": 9.700
				,"percent": 99.07
				}
			,{
				"<=msec": 9.800
				,"percent": 99.14
				}
			,{
				"<=msec": 9.900
				,"percent": 99.18
				}
			,{
				"<=msec": 10.000
				,"percent": 99.39
				}
			,{
				"<=msec": 11.000
				,"percent": 99.60
				}
			,{
				"<=msec": 12.000
				,"percent": 99.72
				}
			,{
				"<=msec": 13.000
				,"percent": 99.78
				}
			,{
				"<=msec": 14.000
				,"percent": 99.80
				}
			,{
				"<=msec": 15.000
				,"percent": 99.83
				}
			,{
				"<=msec": 16.000
				,"percent": 99.88
				}
			,{
				"<=msec": 17.000
				,"percent": 99.90
				}
			,{
				"<=msec": 18.000
				,"percent": 99.90
				}
			,{
				"<=msec": 19.000
				,"percent": 99.91
				}
			,{
				"<=msec": 20.000
				,"percent": 99.92
				}
			,{
				"<=msec": 21.000
				,"percent": 99.94
				}
			,{
				"<=msec": 22.000
				,"percent": 99.95
				}
			,{
				"<=msec": 23.000
				,"percent": 99.95
				}
			,{
				"<=msec": 24.000
				,"percent": 99.96
				}
			,{
				"<=msec": 26.000
				,"percent": 99.97
				}
			,{
				"<=msec": 27.000
				,"percent": 99.97
				}
			,{
				"<=msec": 32.000
				,"percent": 99.97
				}
			,{
				"<=msec": 67.000
				,"percent": 99.98
				}
			,{
				"<=msec": 69.000
				,"percent": 99.98
				}
			,{
				"<=msec": 76.000
				,"percent": 99.98
				}
			,{
				"<=msec": 120.000
				,"percent": 99.99
				}
			,{
				"<=msec": 170.000
				,"percent": 99.99
				}
			,{
				"<=msec": 370.000
				,"percent": 100.00
				}
			,{
				"<=msec": 790.000
				,"percent": 100.00
				}
			]
		,"GET":[
			{
				"<=msec": 0.960
				,"percent": 0.00
				}
			,{
				"<=msec": 0.970
				,"percent": 0.01
				}
			,{
				"<=msec": 0.990
				,"percent": 0.02
				}
			,{
				"<=msec": 1.000
				,"percent": 0.23
				}
			,{
				"<=msec": 1.100
				,"percent": 2.61
				}
			,{
				"<=msec": 1.200
				,"percent": 9.92
				}
			,{
				"<=msec": 1.300
				,"percent": 21.91
				}
			,{
				"<=msec": 1.400
				,"percent": 36.53
				}
			,{
				"<=msec": 1.500
				,"percent": 49.92
				}
			,{
				"<=msec": 1.600
				,"percent": 60.58
				}
			,{
				"<=msec": 1.700
				,"percent": 68.61
				}
			,{
				"<=msec": 1.800
				,"percent": 74.69
				}
			,{
				"<=msec": 1.900
				,"percent": 79.08
				}
			,{
				"<=msec": 2.000
				,"percent": 82.28
				}
			,{
				"<=msec": 2.100
				,"percent": 84.53
				}
			,{
				"<=msec": 2.200
				,"percent": 86.14
				}
			,{
				"<=msec": 2.300
				,"percent": 87.37
				}
			,{
				"<=msec": 2.400
				,"percent": 88.38
				}
			,{
				"<=msec": 2.500
				,"percent": 89.16
				}
			,{
				"<=msec": 2.600
				,"percent": 89.71
				}
			,{
				"<=msec": 2.700
				,"percent": 90.19
				}
			,{
				"<=msec": 2.800
				,"percent": 90.65
				}
			,{
				"<=msec": 2.900
				,"percent": 91.03
				}
			,{
				"<=msec": 3.000
				,"percent": 91.45
				}
			,{
				"<=msec": 3.100
				,"percent": 91.73
				}
			,{
				"<=msec": 3.200
				,"percent": 92.06
				}
			,{
				"<=msec": 3.300
				,"percent": 92.32
				}
			,{
				"<=msec": 3.400
				,"percent": 92.58
				}
			,{
				"<=msec": 3.500
				,"percent": 92.80
				}
			,{
				"<=msec": 3.600
				,"percent": 93.03
				}
			,{
				"<=msec": 3.700
				,"percent": 93.26
				}
			,{
				"<=msec": 3.800
				,"percent": 93.46
				}
			,{
				"<=msec": 3.900
				,"percent": 93.63
				}
			,{
				"<=msec": 4.000
				,"percent": 93.81
				}
			,{
				"<=msec": 4.100
				,"percent": 93.98
				}
			,{
				"<=msec": 4.200
				,"percent": 94.14
				}
			,{
				"<=msec": 4.300
				,"percent": 94.34
				}
			,{
				"<=msec": 4.400
				,"percent": 94.49
				}
			,{
				"<=msec": 4.500
				,"percent": 94.68
				}
			,{
				"<=msec": 4.600
				,"percent": 94.87
				}
			,{
				"<=msec": 4.700
				,"percent": 95.00
				}
			,{
				"<=msec": 4.800
				,"percent": 95.16
				}
			,{
				"<=msec": 4.900
				,"percent": 95.29
				}
			,{
				"<=msec": 5.000
				,"percent": 95.45
				}
			,{
				"<=msec": 5.100
				,"percent": 95.59
				}
			,{
				"<=msec": 5.200
				,"percent": 95.70
				}
			,{
				"<=msec": 5.300
				,"percent": 95.85
				}
			,{
				"<=msec": 5.400
				,"percent": 96.02
				}
			,{
				"<=msec": 5.500
				,"percent": 96.15
				}
			,{
				"<=msec": 5.600
				,"percent": 96.32
				}
			,{
				"<=msec": 5.700
				,"percent": 96.48
				}
			,{
				"<=msec": 5.800
				,"percent": 96.66
				}
			,{
				"<=msec": 5.900
				,"percent": 96.81
				}
			,{
				"<=msec": 6.000
				,"percent": 96.97
				}
			,{
				"<=msec": 6.100
				,"percent": 97.13
				}
			,{
				"<=msec": 6.200
				,"percent": 97.27
				}
			,{
				"<=msec": 6.300
				,"percent": 97.41
				}
			,{
				"<=msec": 6.400
				,"percent": 97.56
				}
			,{
				"<=msec": 6.500
				,"percent": 97.70
				}
			,{
				"<=msec": 6.600
				,"percent": 97.89
				}
			,{
				"<=msec": 6.700
				,"percent": 98.08
				}
			,{
				"<=msec": 6.800
				,"percent": 98.24
				}
			,{
				"<=msec": 6.900
				,"percent": 98.42
				}
			,{
				"<=msec": 7.000
				,"percent": 98.53
				}
			,{
				"<=msec": 7.100
				,"percent": 98.66
				}
			,{
				"<=msec": 7.200
				,"percent": 98.75
				}
			,{
				"<=msec": 7.300
				,"percent": 98.87
				}
			,{
				"<=msec": 7.400
				,"percent": 98.96
				}
			,{
				"<=msec": 7.500
				,"percent": 99.02
				}
			,{
				"<=msec": 7.600
				,"percent": 99.11
				}
			,{
				"<=msec": 7.700
				,"percent": 99.17
				}
			,{
				"<=msec": 7.800
				,"percent": 99.21
				}
			,{
				"<=msec": 7.900
				,"percent": 99.25
				}
			,{
				"<=msec": 8.000
				,"percent": 99.27
				}
			,{
				"<=msec": 8.100
				,"percent": 99.30
				}
			,{
				"<=msec": 8.200
				,"percent": 99.35
				}
			,{
				"<=msec": 8.300
				,"percent": 99.37
				}
			,{
				"<=msec": 8.400
				,"percent": 99.39
				}
			,{
				"<=msec": 8.500
				,"percent": 99.40
				}
			,{
				"<=msec": 8.600
				,"percent": 99.44
				}
			,{
				"<=msec": 8.700
				,"percent": 99.46
				}
			,{
				"<=msec": 8.800
				,"percent": 99.47
				}
			,{
				"<=msec": 8.900
				,"percent": 99.49
				}
			,{
				"<=msec": 9.000
				,"percent": 99.50
				}
			,{
				"<=msec": 9.100
				,"percent": 99.52
				}
			,{
				"<=msec": 9.200
				,"percent": 99.53
				}
			,{
				"<=msec": 9.300
				,"percent": 99.56
				}
			,{
				"<=msec": 9.400
				,"percent": 99.57
				}
			,{
				"<=msec": 9.500
				,"percent": 99.60
				}
			,{
				"<=msec": 9.600
				,"percent": 99.62
				}
			,{
				"<=msec": 9.700
				,"percent": 99.63
				}
			,{
				"<=msec": 9.800
				,"percent": 99.64
				}
			,{
				"<=msec": 9.900
				,"percent": 99.66
				}
			,{
				"<=msec": 10.000
				,"percent": 99.73
				}
			,{
				"<=msec": 11.000
				,"percent": 99.81
				}
			,{
				"<=msec": 12.000
				,"percent": 99.88
				}
			,{
				"<=msec": 13.000
				,"percent": 99.90
				}
			,{
				"<=msec": 14.000
				,"percent": 99.92
				}
			,{
				"<=msec": 15.000
				,"percent": 99.93
				}
			,{
				"<=msec": 16.000
				,"percent": 99.95
				}
			,{
				"<=msec": 17.000
				,"percent": 99.95
				}
			,{
				"<=msec": 18.000
				,"percent": 99.95
				}
			,{
				"<=msec": 19.000
				,"percent": 99.96
				}
			,{
				"<=msec": 21.000
				,"percent": 99.96
				}
			,{
				"<=msec": 28.000
				,"percent": 99.97
				}
			,{
				"<=msec": 76.000
				,"percent": 99.97
				}
			,{
				"<=msec": 93.000
				,"percent": 99.97
				}
			,{
				"<=msec": 94.000
				,"percent": 99.98
				}
			,{
				"<=msec": 110.000
				,"percent": 99.98
				}
			,{
				"<=msec": 170.000
				,"percent": 99.98
				}
			,{
				"<=msec": 320.000
				,"percent": 99.99
				}
			,{
				"<=msec": 370.000
				,"percent": 99.99
				}
			,{
				"<=msec": 600.000
				,"percent": 100.00
				}
			,{
				"<=msec": 690.000
				,"percent": 100.00
				}
			]
		,"WAIT":[
		]
		}
	}
