{
	"configuration":{
		"server": "10.0.0.9"
		,"port": 11212
		,"unix socket": "(null)"
		,"protocol": "memcache_text"
		,"out_file": "(null)"
		,"client_stats": "(null)"
		,"run_count": 1
		,"debug": 0
		,"requests": 0
		,"clients": 2
		,"threads": 1
		,"test_time": 60
		,"ratio": "1:6"
		,"pipeline": 1
		,"data_size": 4096
		,"data_offset": 0
		,"random_data": "false"
		,"data_size_range": "0:0"
		,"data_size_list": ""
		,"data_size_pattern": "R"
		,"expiry_range": "9999:10000"
		,"data_import": "(null)"
		,"data_verify": "false"
		,"verify_only": "false"
		,"generate_keys": "false"
		,"key_prefix": "memtier-"
		,"key_minimum":           0
		,"key_maximum":        1000
		,"key_pattern": "R:R"
		,"key_stddev": 0.000000
		,"key_median": 0.000000
		,"reconnect_interval": 0
		,"multi_key_get": 6
		,"authenticate": ""
		,"select-db": 0
		,"no-expiry": "false"
		,"wait-ratio": "0:0"
		,"num-slaves": "0:0"
		,"wait-timeout": "0-0"
		}
	,"run information":{
		"Threads": 1
		,"Connections per thread": 2
		,"Seconds": 60
		}
	,"ALL STATS":{
		"Sets":{
			"Ops/sec": 238.74
			,"Hits/sec": 0.00
			,"Misses/sec": 0.00
			,"Latency": 4.21
			,"KB/sec": 964.16
			}
		,"Gets":{
			"Ops/sec": 238.74
			,"Hits/sec": 1432.47
			,"Misses/sec": 0.00
			,"Latency": 4.14
			,"KB/sec": 5787.85
			}
		,"Waits":{
			"Ops/sec": 0.00
			,"Hits/sec": 0.00
			,"Misses/sec": 0.00
			,"Latency": 0.00
			,"KB/sec": 0.00
			}
		,"Totals":{
			"Ops/sec": 477.49
			,"Hits/sec": 1432.47
			,"Misses/sec": 0.00
			,"Latency": 4.18
			,"KB/sec": 6752.01
			}
		,"SET":[
			{
				"<=msec": 1.200
				,"percent": 0.03
				}
			,{
				"<=msec": 1.300
				,"percent": 0.62
				}
			,{
				"<=msec": 1.400
				,"percent": 2.37
				}
			,{
				"<=msec": 1.500
				,"percent": 6.40
				}
			,{
				"<=msec": 1.600
				,"percent": 12.30
				}
			,{
				"<=msec": 1.700
				,"percent": 19.60
				}
			,{
				"<=msec": 1.800
				,"percent": 27.01
				}
			,{
				"<=msec": 1.900
				,"percent": 33.61
				}
			,{
				"<=msec": 2.000
				,"percent": 39.38
				}
			,{
				"<=msec": 2.100
				,"percent": 44.06
				}
			,{
				"<=msec": 2.200
				,"percent": 47.62
				}
			,{
				"<=msec": 2.300
				,"percent": 50.49
				}
			,{
				"<=msec": 2.400
				,"percent": 52.77
				}
			,{
				"<=msec": 2.500
				,"percent": 54.40
				}
			,{
				"<=msec": 2.600
				,"percent": 55.89
				}
			,{
				"<=msec": 2.700
				,"percent": 57.08
				}
			,{
				"<=msec": 2.800
				,"percent": 58.18
				}
			,{
				"<=msec": 2.900
				,"percent": 58.95
				}
			,{
				"<=msec": 3.000
				,"percent": 59.66
				}
			,{
				"<=msec": 3.100
				,"percent": 60.35
				}
			,{
				"<=msec": 3.200
				,"percent": 61.02
				}
			,{
				"<=msec": 3.300
				,"percent": 61.61
				}
			,{
				"<=msec": 3.400
				,"percent": 62.05
				}
			,{
				"<=msec": 3.500
				,"percent": 62.51
				}
			,{
				"<=msec": 3.600
				,"percent": 62.97
				}
			,{
				"<=msec": 3.700
				,"percent": 63.51
				}
			,{
				"<=msec": 3.800
				,"percent": 63.89
				}
			,{
				"<=msec": 3.900
				,"percent": 64.30
				}
			,{
				"<=msec": 4.000
				,"percent": 64.68
				}
			,{
				"<=msec": 4.100
				,"percent": 65.14
				}
			,{
				"<=msec": 4.200
				,"percent": 65.56
				}
			,{
				"<=msec": 4.300
				,"percent": 65.96
				}
			,{
				"<=msec": 4.400
				,"percent": 66.40
				}
			,{
				"<=msec": 4.500
				,"percent": 66.81
				}
			,{
				"<=msec": 4.600
				,"percent": 67.20
				}
			,{
				"<=msec": 4.700
				,"percent": 67.62
				}
			,{
				"<=msec": 4.800
				,"percent": 68.02
				}
			,{
				"<=msec": 4.900
				,"percent": 68.36
				}
			,{
				"<=msec": 5.000
				,"percent": 68.77
				}
			,{
				"<=msec": 5.100
				,"percent": 69.26
				}
			,{
				"<=msec": 5.200
				,"percent": 69.69
				}
			,{
				"<=msec": 5.300
				,"percent": 70.09
				}
			,{
				"<=msec": 5.400
				,"percent": 70.51
				}
			,{
				"<=msec": 5.500
				,"percent": 70.90
				}
			,{
				"<=msec": 5.600
				,"percent": 71.32
				}
			,{
				"<=msec": 5.700
				,"percent": 71.71
				}
			,{
				"<=msec": 5.800
				,"percent": 72.06
				}
			,{
				"<=msec": 5.900
				,"percent": 72.48
				}
			,{
				"<=msec": 6.000
				,"percent": 72.94
				}
			,{
				"<=msec": 6.100
				,"percent": 73.44
				}
			,{
				"<=msec": 6.200
				,"percent": 73.83
				}
			,{
				"<=msec": 6.300
				,"percent": 74.32
				}
			,{
				"<=msec": 6.400
				,"percent": 74.79
				}
			,{
				"<=msec": 6.500
				,"percent": 75.20
				}
			,{
				"<=msec": 6.600
				,"percent": 75.72
				}
			,{
				"<=msec": 6.700
				,"percent": 76.13
				}
			,{
				"<=msec": 6.800
				,"percent": 76.62
				}
			,{
				"<=msec": 6.900
				,"percent": 77.15
				}
			,{
				"<=msec": 7.000
				,"percent": 77.67
				}
			,{
				"<=msec": 7.100
				,"percent": 78.21
				}
			,{
				"<=msec": 7.200
				,"percent": 78.61
				}
			,{
				"<=msec": 7.300
				,"percent": 78.98
				}
			,{
				"<=msec": 7.400
				,"percent": 79.57
				}
			,{
				"<=msec": 7.500
				,"percent": 80.03
				}
			,{
				"<=msec": 7.600
				,"percent": 80.53
				}
			,{
				"<=msec": 7.700
				,"percent": 81.10
				}
			,{
				"<=msec": 7.800
				,"percent": 81.57
				}
			,{
				"<=msec": 7.900
				,"percent": 82.16
				}
			,{
				"<=msec": 8.000
				,"percent": 82.62
				}
			,{
				"<=msec": 8.100
				,"percent": 83.20
				}
			,{
				"<=msec": 8.200
				,"percent": 83.79
				}
			,{
				"<=msec": 8.300
				,"percent": 84.34
				}
			,{
				"<=msec": 8.400
				,"percent": 84.94
				}
			,{
				"<=msec": 8.500
				,"percent": 85.40
				}
			,{
				"<=msec": 8.600
				,"percent": 85.88
				}
			,{
				"<=msec": 8.700
				,"percent": 86.35
				}
			,{
				"<=msec": 8.800
				,"percent": 86.92
				}
			,{
				"<=msec": 8.900
				,"percent": 87.58
				}
			,{
				"<=msec": 9.000
				,"percent": 88.14
				}
			,{
				"<=msec": 9.100
				,"percent": 88.67
				}
			,{
				"<=msec": 9.200
				,"percent": 89.13
				}
			,{
				"<=msec": 9.300
				,"percent": 89.65
				}
			,{
				"<=msec": 9.400
				,"percent": 90.14
				}
			,{
				"<=msec": 9.500
				,"percent": 90.53
				}
			,{
				"<=msec": 9.600
				,"percent": 91.02
				}
			,{
				"<=msec": 9.700
				,"percent": 91.50
				}
			,{
				"<=msec": 9.800
				,"percent": 91.92
				}
			,{
				"<=msec": 9.900
				,"percent": 92.43
				}
			,{
				"<=msec": 10.000
				,"percent": 94.71
				}
			,{
				"<=msec": 11.000
				,"percent": 97.33
				}
			,{
				"<=msec": 12.000
				,"percent": 98.49
				}
			,{
				"<=msec": 13.000
				,"percent": 99.43
				}
			,{
				"<=msec": 14.000
				,"percent": 99.63
				}
			,{
				"<=msec": 15.000
				,"percent": 99.73
				}
			,{
				"<=msec": 16.000
				,"percent": 99.82
				}
			,{
				"<=msec": 17.000
				,"percent": 99.86
				}
			,{
				"<=msec": 18.000
				,"percent": 99.88
				}
			,{
				"<=msec": 19.000
				,"percent": 99.92
				}
			,{
				"<=msec": 20.000
				,"percent": 99.94
				}
			,{
				"<=msec": 21.000
				,"percent": 99.96
				}
			,{
				"<=msec": 22.000
				,"percent": 99.97
				}
			,{
				"<=msec": 26.000
				,"percent": 99.98
				}
			,{
				"<=msec": 60.000
				,"percent": 99.99
				}
			,{
				"<=msec": 100.000
				,"percent": 100.00
				}
			]
		,"GET":[
			{
				"<=msec": 1.400
				,"percent": 0.01
				}
			,{
				"<=msec": 1.500
				,"percent": 0.19
				}
			,{
				"<=msec": 1.600
				,"percent": 0.79
				}
			,{
				"<=msec": 1.700
				,"percent": 1.85
				}
			,{
				"<=msec": 1.800
				,"percent": 3.70
				}
			,{
				"<=msec": 1.900
				,"percent": 6.42
				}
			,{
				"<=msec": 2.000
				,"percent": 10.51
				}
			,{
				"<=msec": 2.100
				,"percent": 14.92
				}
			,{
				"<=msec": 2.200
				,"percent": 20.29
				}
			,{
				"<=msec": 2.300
				,"percent": 25.84
				}
			,{
				"<=msec": 2.400
				,"percent": 31.69
				}
			,{
				"<=msec": 2.500
				,"percent": 37.15
				}
			,{
				"<=msec": 2.600
				,"percent": 42.76
				}
			,{
				"<=msec": 2.700
				,"percent": 47.88
				}
			,{
				"<=msec": 2.800
				,"percent": 52.54
				}
			,{
				"<=msec": 2.900
				,"percent": 56.55
				}
			,{
				"<=msec": 3.000
				,"percent": 60.30
				}
			,{
				"<=msec": 3.100
				,"percent": 63.43
				}
			,{
				"<=msec": 3.200
				,"percent": 65.96
				}
			,{
				"<=msec": 3.300
				,"percent": 68.10
				}
			,{
				"<=msec": 3.400
				,"percent": 70.09
				}
			,{
				"<=msec": 3.500
				,"percent": 71.48
				}
			,{
				"<=msec": 3.600
				,"percent": 72.87
				}
			,{
				"<=msec": 3.700
				,"percent": 73.84
				}
			,{
				"<=msec": 3.800
				,"percent": 74.69
				}
			,{
				"<=msec": 3.900
				,"percent": 75.30
				}
			,{
				"<=msec": 4.000
				,"percent": 75.99
				}
			,{
				"<=msec": 4.100
				,"percent": 76.50
				}
			,{
				"<=msec": 4.200
				,"percent": 76.99
				}
			,{
				"<=msec": 4.300
				,"percent": 77.49
				}
			,{
				"<=msec": 4.400
				,"percent": 77.92
				}
			,{
				"<=msec": 4.500
				,"percent": 78.24
				}
			,{
				"<=msec": 4.600
				,"percent": 78.62
				}
			,{
				"<=msec": 4.700
				,"percent": 78.96
				}
			,{
				"<=msec": 4.800
				,"percent": 79.33
				}
			,{
				"<=msec": 4.900
				,"percent": 79.53
				}
			,{
				"<=msec": 5.000
				,"percent": 79.82
				}
			,{
				"<=msec": 5.100
				,"percent": 80.15
				}
			,{
				"<=msec": 5.200
				,"percent": 80.45
				}
			,{
				"<=msec": 5.300
				,"percent": 80.71
				}
			,{
				"<=msec": 5.400
				,"percent": 80.98
				}
			,{
				"<=msec": 5.500
				,"percent": 81.24
				}
			,{
				"<=msec": 5.600
				,"percent": 81.41
				}
			,{
				"<=msec": 5.700
				,"percent": 81.58
				}
			,{
				"<=msec": 5.800
				,"percent": 81.75
				}
			,{
				"<=msec": 5.900
				,"percent": 81.94
				}
			,{
				"<=msec": 6.000
				,"percent": 82.16
				}
			,{
				"<=msec": 6.100
				,"percent": 82.35
				}
			,{
				"<=msec": 6.200
				,"percent": 82.57
				}
			,{
				"<=msec": 6.300
				,"percent": 82.79
				}
			,{
				"<=msec": 6.400
				,"percent": 83.00
				}
			,{
				"<=msec": 6.500
				,"percent": 83.24
				}
			,{
				"<=msec": 6.600
				,"percent": 83.46
				}
			,{
				"<=msec": 6.700
				,"percent": 83.69
				}
			,{
				"<=msec": 6.800
				,"percent": 83.93
				}
			,{
				"<=msec": 6.900
				,"percent": 84.15
				}
			,{
				"<=msec": 7.000
				,"percent": 84.38
				}
			,{
				"<=msec": 7.100
				,"percent": 84.59
				}
			,{
				"<=msec": 7.200
				,"percent": 84.76
				}
			,{
				"<=msec": 7.300
				,"percent": 84.99
				}
			,{
				"<=msec": 7.400
				,"percent": 85.21
				}
			,{
				"<=msec": 7.500
				,"percent": 85.43
				}
			,{
				"<=msec": 7.600
				,"percent": 85.65
				}
			,{
				"<=msec": 7.700
				,"percent": 85.95
				}
			,{
				"<=msec": 7.800
				,"percent": 86.16
				}
			,{
				"<=msec": 7.900
				,"percent": 86.35
				}
			,{
				"<=msec": 8.000
				,"percent": 86.64
				}
			,{
				"<=msec": 8.100
				,"percent": 86.87
				}
			,{
				"<=msec": 8.200
				,"percent": 87.06
				}
			,{
				"<=msec": 8.300
				,"percent": 87.21
				}
			,{
				"<=msec": 8.400
				,"percent": 87.39
				}
			,{
				"<=msec": 8.500
				,"percent": 87.57
				}
			,{
				"<=msec": 8.600
				,"percent": 87.73
				}
			,{
				"<=msec": 8.700
				,"percent": 87.96
				}
			,{
				"<=msec": 8.800
				,"percent": 88.17
				}
			,{
				"<=msec": 8.900
				,"percent": 88.36
				}
			,{
				"<=msec": 9.000
				,"percent": 88.57
				}
			,{
				"<=msec": 9.100
				,"percent": 88.66
				}
			,{
				"<=msec": 9.200
				,"percent": 88.80
				}
			,{
				"<=msec": 9.300
				,"percent": 88.94
				}
			,{
				"<=msec": 9.400
				,"percent": 89.13
				}
			,{
				"<=msec": 9.500
				,"percent": 89.27
				}
			,{
				"<=msec": 9.600
				,"percent": 89.42
				}
			,{
				"<=msec": 9.700
				,"percent": 89.64
				}
			,{
				"<=msec": 9.800
				,"percent": 89.82
				}
			,{
				"<=msec": 9.900
				,"percent": 89.98
				}
			,{
				"<=msec": 10.000
				,"percent": 91.14
				}
			,{
				"<=msec": 11.000
				,"percent": 93.76
				}
			,{
				"<=msec": 12.000
				,"percent": 96.83
				}
			,{
				"<=msec": 13.000
				,"percent": 98.58
				}
			,{
				"<=msec": 14.000
				,"percent": 99.29
				}
			,{
				"<=msec": 15.000
				,"percent": 99.55
				}
			,{
				"<=msec": 16.000
				,"percent": 99.69
				}
			,{
				"<=msec": 17.000
				,"percent": 99.78
				}
			,{
				"<=msec": 18.000
				,"percent": 99.83
				}
			,{
				"<=msec": 19.000
				,"percent": 99.90
				}
			,{
				"<=msec": 20.000
				,"percent": 99.92
				}
			,{
				"<=msec": 21.000
				,"percent": 99.93
				}
			,{
				"<=msec": 22.000
				,"percent": 99.95
				}
			,{
				"<=msec": 27.000
				,"percent": 99.96
				}
			,{
				"<=msec": 34.000
				,"percent": 99.97
				}
			,{
				"<=msec": 35.000
				,"percent": 99.98
				}
			,{
				"<=msec": 76.000
				,"percent": 99.99
				}
			,{
				"<=msec": 84.000
				,"percent": 99.99
				}
			,{
				"<=msec": 96.000
				,"percent": 100.00
				}
			]
		,"WAIT":[
		]
		}
	}
