{
	"configuration":{
		"server": "10.0.0.9"
		,"port": 11212
		,"unix socket": "(null)"
		,"protocol": "memcache_text"
		,"out_file": "(null)"
		,"client_stats": "(null)"
		,"run_count": 1
		,"debug": 0
		,"requests": 0
		,"clients": 2
		,"threads": 1
		,"test_time": 60
		,"ratio": "1:3"
		,"pipeline": 1
		,"data_size": 4096
		,"data_offset": 0
		,"random_data": "false"
		,"data_size_range": "0:0"
		,"data_size_list": ""
		,"data_size_pattern": "R"
		,"expiry_range": "9999:10000"
		,"data_import": "(null)"
		,"data_verify": "false"
		,"verify_only": "false"
		,"generate_keys": "false"
		,"key_prefix": "memtier-"
		,"key_minimum":           0
		,"key_maximum":        1000
		,"key_pattern": "R:R"
		,"key_stddev": 0.000000
		,"key_median": 0.000000
		,"reconnect_interval": 0
		,"multi_key_get": 3
		,"authenticate": ""
		,"select-db": 0
		,"no-expiry": "false"
		,"wait-ratio": "0:0"
		,"num-slaves": "0:0"
		,"wait-timeout": "0-0"
		}
	,"run information":{
		"Threads": 1
		,"Connections per thread": 2
		,"Seconds": 60
		}
	,"ALL STATS":{
		"Sets":{
			"Ops/sec": 554.67
			,"Hits/sec": 0.00
			,"Misses/sec": 0.00
			,"Latency": 1.87
			,"KB/sec": 2240.04
			}
		,"Gets":{
			"Ops/sec": 554.64
			,"Hits/sec": 1663.92
			,"Misses/sec": 0.00
			,"Latency": 1.71
			,"KB/sec": 6725.75
			}
		,"Waits":{
			"Ops/sec": 0.00
			,"Hits/sec": 0.00
			,"Misses/sec": 0.00
			,"Latency": 0.00
			,"KB/sec": 0.00
			}
		,"Totals":{
			"Ops/sec": 1109.32
			,"Hits/sec": 1663.92
			,"Misses/sec": 0.00
			,"Latency": 1.79
			,"KB/sec": 8965.78
			}
		,"SET":[
			{
				"<=msec": 0.790
				,"percent": 0.01
				}
			,{
				"<=msec": 0.800
				,"percent": 0.02
				}
			,{
				"<=msec": 0.810
				,"percent": 0.05
				}
			,{
				"<=msec": 0.820
				,"percent": 0.08
				}
			,{
				"<=msec": 0.830
				,"percent": 0.11
				}
			,{
				"<=msec": 0.840
				,"percent": 0.17
				}
			,{
				"<=msec": 0.850
				,"percent": 0.24
				}
			,{
				"<=msec": 0.860
				,"percent": 0.35
				}
			,{
				"<=msec": 0.870
				,"percent": 0.51
				}
			,{
				"<=msec": 0.880
				,"percent": 0.68
				}
			,{
				"<=msec": 0.890
				,"percent": 0.86
				}
			,{
				"<=msec": 0.900
				,"percent": 1.10
				}
			,{
				"<=msec": 0.910
				,"percent": 1.33
				}
			,{
				"<=msec": 0.920
				,"percent": 1.66
				}
			,{
				"<=msec": 0.930
				,"percent": 2.07
				}
			,{
				"<=msec": 0.940
				,"percent": 2.45
				}
			,{
				"<=msec": 0.950
				,"percent": 2.86
				}
			,{
				"<=msec": 0.960
				,"percent": 3.45
				}
			,{
				"<=msec": 0.970
				,"percent": 4.09
				}
			,{
				"<=msec": 0.980
				,"percent": 4.71
				}
			,{
				"<=msec": 0.990
				,"percent": 5.43
				}
			,{
				"<=msec": 1.000
				,"percent": 10.57
				}
			,{
				"<=msec": 1.100
				,"percent": 23.14
				}
			,{
				"<=msec": 1.200
				,"percent": 37.13
				}
			,{
				"<=msec": 1.300
				,"percent": 49.83
				}
			,{
				"<=msec": 1.400
				,"percent": 60.09
				}
			,{
				"<=msec": 1.500
				,"percent": 67.36
				}
			,{
				"<=msec": 1.600
				,"percent": 72.93
				}
			,{
				"<=msec": 1.700
				,"percent": 76.70
				}
			,{
				"<=msec": 1.800
				,"percent": 79.49
				}
			,{
				"<=msec": 1.900
				,"percent": 81.39
				}
			,{
				"<=msec": 2.000
				,"percent": 82.94
				}
			,{
				"<=msec": 2.100
				,"percent": 84.09
				}
			,{
				"<=msec": 2.200
				,"percent": 84.95
				}
			,{
				"<=msec": 2.300
				,"percent": 85.66
				}
			,{
				"<=msec": 2.400
				,"percent": 86.36
				}
			,{
				"<=msec": 2.500
				,"percent": 86.97
				}
			,{
				"<=msec": 2.600
				,"percent": 87.43
				}
			,{
				"<=msec": 2.700
				,"percent": 87.89
				}
			,{
				"<=msec": 2.800
				,"percent": 88.32
				}
			,{
				"<=msec": 2.900
				,"percent": 88.74
				}
			,{
				"<=msec": 3.000
				,"percent": 89.09
				}
			,{
				"<=msec": 3.100
				,"percent": 89.44
				}
			,{
				"<=msec": 3.200
				,"percent": 89.73
				}
			,{
				"<=msec": 3.300
				,"percent": 90.04
				}
			,{
				"<=msec": 3.400
				,"percent": 90.29
				}
			,{
				"<=msec": 3.500
				,"percent": 90.55
				}
			,{
				"<=msec": 3.600
				,"percent": 90.80
				}
			,{
				"<=msec": 3.700
				,"percent": 91.04
				}
			,{
				"<=msec": 3.800
				,"percent": 91.33
				}
			,{
				"<=msec": 3.900
				,"percent": 91.60
				}
			,{
				"<=msec": 4.000
				,"percent": 91.79
				}
			,{
				"<=msec": 4.100
				,"percent": 92.05
				}
			,{
				"<=msec": 4.200
				,"percent": 92.28
				}
			,{
				"<=msec": 4.300
				,"percent": 92.52
				}
			,{
				"<=msec": 4.400
				,"percent": 92.70
				}
			,{
				"<=msec": 4.500
				,"percent": 92.84
				}
			,{
				"<=msec": 4.600
				,"percent": 93.02
				}
			,{
				"<=msec": 4.700
				,"percent": 93.18
				}
			,{
				"<=msec": 4.800
				,"percent": 93.34
				}
			,{
				"<=msec": 4.900
				,"percent": 93.49
				}
			,{
				"<=msec": 5.000
				,"percent": 93.71
				}
			,{
				"<=msec": 5.100
				,"percent": 93.89
				}
			,{
				"<=msec": 5.200
				,"percent": 94.09
				}
			,{
				"<=msec": 5.300
				,"percent": 94.27
				}
			,{
				"<=msec": 5.400
				,"percent": 94.46
				}
			,{
				"<=msec": 5.500
				,"percent": 94.65
				}
			,{
				"<=msec": 5.600
				,"percent": 94.84
				}
			,{
				"<=msec": 5.700
				,"percent": 95.02
				}
			,{
				"<=msec": 5.800
				,"percent": 95.21
				}
			,{
				"<=msec": 5.900
				,"percent": 95.46
				}
			,{
				"<=msec": 6.000
				,"percent": 95.68
				}
			,{
				"<=msec": 6.100
				,"percent": 95.88
				}
			,{
				"<=msec": 6.200
				,"percent": 96.10
				}
			,{
				"<=msec": 6.300
				,"percent": 96.30
				}
			,{
				"<=msec": 6.400
				,"percent": 96.52
				}
			,{
				"<=msec": 6.500
				,"percent": 96.72
				}
			,{
				"<=msec": 6.600
				,"percent": 96.94
				}
			,{
				"<=msec": 6.700
				,"percent": 97.15
				}
			,{
				"<=msec": 6.800
				,"percent": 97.32
				}
			,{
				"<=msec": 6.900
				,"percent": 97.52
				}
			,{
				"<=msec": 7.000
				,"percent": 97.66
				}
			,{
				"<=msec": 7.100
				,"percent": 97.79
				}
			,{
				"<=msec": 7.200
				,"percent": 97.91
				}
			,{
				"<=msec": 7.300
				,"percent": 98.03
				}
			,{
				"<=msec": 7.400
				,"percent": 98.13
				}
			,{
				"<=msec": 7.500
				,"percent": 98.25
				}
			,{
				"<=msec": 7.600
				,"percent": 98.33
				}
			,{
				"<=msec": 7.700
				,"percent": 98.40
				}
			,{
				"<=msec": 7.800
				,"percent": 98.50
				}
			,{
				"<=msec": 7.900
				,"percent": 98.60
				}
			,{
				"<=msec": 8.000
				,"percent": 98.68
				}
			,{
				"<=msec": 8.100
				,"percent": 98.77
				}
			,{
				"<=msec": 8.200
				,"percent": 98.84
				}
			,{
				"<=msec": 8.300
				,"percent": 98.91
				}
			,{
				"<=msec": 8.400
				,"percent": 98.98
				}
			,{
				"<=msec": 8.500
				,"percent": 99.04
				}
			,{
				"<=msec": 8.600
				,"percent": 99.09
				}
			,{
				"<=msec": 8.700
				,"percent": 99.14
				}
			,{
				"<=msec": 8.800
				,"percent": 99.17
				}
			,{
				"<=msec": 8.900
				,"percent": 99.21
				}
			,{
				"<=msec": 9.000
				,"percent": 99.23
				}
			,{
				"<=msec": 9.100
				,"percent": 99.26
				}
			,{
				"<=msec": 9.200
				,"percent": 99.30
				}
			,{
				"<=msec": 9.300
				,"percent": 99.35
				}
			,{
				"<=msec": 9.400
				,"percent": 99.39
				}
			,{
				"<=msec": 9.500
				,"percent": 99.43
				}
			,{
				"<=msec": 9.600
				,"percent": 99.48
				}
			,{
				"<=msec": 9.700
				,"percent": 99.49
				}
			,{
				"<=msec": 9.800
				,"percent": 99.53
				}
			,{
				"<=msec": 9.900
				,"percent": 99.57
				}
			,{
				"<=msec": 10.000
				,"percent": 99.70
				}
			,{
				"<=msec": 11.000
				,"percent": 99.87
				}
			,{
				"<=msec": 12.000
				,"percent": 99.93
				}
			,{
				"<=msec": 13.000
				,"percent": 99.95
				}
			,{
				"<=msec": 14.000
				,"percent": 99.96
				}
			,{
				"<=msec": 15.000
				,"percent": 99.96
				}
			,{
				"<=msec": 16.000
				,"percent": 99.97
				}
			,{
				"<=msec": 17.000
				,"percent": 99.98
				}
			,{
				"<=msec": 18.000
				,"percent": 99.98
				}
			,{
				"<=msec": 20.000
				,"percent": 99.99
				}
			,{
				"<=msec": 22.000
				,"percent": 100.00
				}
			,{
				"<=msec": 28.000
				,"percent": 100.00
				}
			]
		,"GET":[
			{
				"<=msec": 0.730
				,"percent": 0.00
				}
			,{
				"<=msec": 0.740
				,"percent": 0.01
				}
			,{
				"<=msec": 0.780
				,"percent": 0.01
				}
			,{
				"<=msec": 0.790
				,"percent": 0.02
				}
			,{
				"<=msec": 0.800
				,"percent": 0.02
				}
			,{
				"<=msec": 0.810
				,"percent": 0.03
				}
			,{
				"<=msec": 0.820
				,"percent": 0.03
				}
			,{
				"<=msec": 0.830
				,"percent": 0.05
				}
			,{
				"<=msec": 0.840
				,"percent": 0.10
				}
			,{
				"<=msec": 0.850
				,"percent": 0.11
				}
			,{
				"<=msec": 0.860
				,"percent": 0.15
				}
			,{
				"<=msec": 0.870
				,"percent": 0.21
				}
			,{
				"<=msec": 0.880
				,"percent": 0.31
				}
			,{
				"<=msec": 0.890
				,"percent": 0.42
				}
			,{
				"<=msec": 0.900
				,"percent": 0.56
				}
			,{
				"<=msec": 0.910
				,"percent": 0.73
				}
			,{
				"<=msec": 0.920
				,"percent": 0.89
				}
			,{
				"<=msec": 0.930
				,"percent": 1.07
				}
			,{
				"<=msec": 0.940
				,"percent": 1.30
				}
			,{
				"<=msec": 0.950
				,"percent": 1.59
				}
			,{
				"<=msec": 0.960
				,"percent": 1.96
				}
			,{
				"<=msec": 0.970
				,"percent": 2.31
				}
			,{
				"<=msec": 0.980
				,"percent": 2.70
				}
			,{
				"<=msec": 0.990
				,"percent": 3.12
				}
			,{
				"<=msec": 1.000
				,"percent": 6.23
				}
			,{
				"<=msec": 1.100
				,"percent": 15.40
				}
			,{
				"<=msec": 1.200
				,"percent": 27.87
				}
			,{
				"<=msec": 1.300
				,"percent": 40.90
				}
			,{
				"<=msec": 1.400
				,"percent": 52.96
				}
			,{
				"<=msec": 1.500
				,"percent": 63.09
				}
			,{
				"<=msec": 1.600
				,"percent": 70.76
				}
			,{
				"<=msec": 1.700
				,"percent": 76.57
				}
			,{
				"<=msec": 1.800
				,"percent": 80.96
				}
			,{
				"<=msec": 1.900
				,"percent": 84.22
				}
			,{
				"<=msec": 2.000
				,"percent": 86.70
				}
			,{
				"<=msec": 2.100
				,"percent": 88.53
				}
			,{
				"<=msec": 2.200
				,"percent": 89.90
				}
			,{
				"<=msec": 2.300
				,"percent": 90.96
				}
			,{
				"<=msec": 2.400
				,"percent": 91.70
				}
			,{
				"<=msec": 2.500
				,"percent": 92.30
				}
			,{
				"<=msec": 2.600
				,"percent": 92.79
				}
			,{
				"<=msec": 2.700
				,"percent": 93.25
				}
			,{
				"<=msec": 2.800
				,"percent": 93.63
				}
			,{
				"<=msec": 2.900
				,"percent": 93.96
				}
			,{
				"<=msec": 3.000
				,"percent": 94.18
				}
			,{
				"<=msec": 3.100
				,"percent": 94.41
				}
			,{
				"<=msec": 3.200
				,"percent": 94.66
				}
			,{
				"<=msec": 3.300
				,"percent": 94.86
				}
			,{
				"<=msec": 3.400
				,"percent": 95.04
				}
			,{
				"<=msec": 3.500
				,"percent": 95.24
				}
			,{
				"<=msec": 3.600
				,"percent": 95.43
				}
			,{
				"<=msec": 3.700
				,"percent": 95.58
				}
			,{
				"<=msec": 3.800
				,"percent": 95.71
				}
			,{
				"<=msec": 3.900
				,"percent": 95.81
				}
			,{
				"<=msec": 4.000
				,"percent": 95.95
				}
			,{
				"<=msec": 4.100
				,"percent": 96.08
				}
			,{
				"<=msec": 4.200
				,"percent": 96.19
				}
			,{
				"<=msec": 4.300
				,"percent": 96.32
				}
			,{
				"<=msec": 4.400
				,"percent": 96.42
				}
			,{
				"<=msec": 4.500
				,"percent": 96.55
				}
			,{
				"<=msec": 4.600
				,"percent": 96.64
				}
			,{
				"<=msec": 4.700
				,"percent": 96.72
				}
			,{
				"<=msec": 4.800
				,"percent": 96.80
				}
			,{
				"<=msec": 4.900
				,"percent": 96.90
				}
			,{
				"<=msec": 5.000
				,"percent": 96.97
				}
			,{
				"<=msec": 5.100
				,"percent": 97.03
				}
			,{
				"<=msec": 5.200
				,"percent": 97.14
				}
			,{
				"<=msec": 5.300
				,"percent": 97.19
				}
			,{
				"<=msec": 5.400
				,"percent": 97.28
				}
			,{
				"<=msec": 5.500
				,"percent": 97.36
				}
			,{
				"<=msec": 5.600
				,"percent": 97.42
				}
			,{
				"<=msec": 5.700
				,"percent": 97.55
				}
			,{
				"<=msec": 5.800
				,"percent": 97.63
				}
			,{
				"<=msec": 5.900
				,"percent": 97.75
				}
			,{
				"<=msec": 6.000
				,"percent": 97.83
				}
			,{
				"<=msec": 6.100
				,"percent": 97.91
				}
			,{
				"<=msec": 6.200
				,"percent": 98.00
				}
			,{
				"<=msec": 6.300
				,"percent": 98.11
				}
			,{
				"<=msec": 6.400
				,"percent": 98.22
				}
			,{
				"<=msec": 6.500
				,"percent": 98.33
				}
			,{
				"<=msec": 6.600
				,"percent": 98.43
				}
			,{
				"<=msec": 6.700
				,"percent": 98.51
				}
			,{
				"<=msec": 6.800
				,"percent": 98.61
				}
			,{
				"<=msec": 6.900
				,"percent": 98.74
				}
			,{
				"<=msec": 7.000
				,"percent": 98.86
				}
			,{
				"<=msec": 7.100
				,"percent": 98.95
				}
			,{
				"<=msec": 7.200
				,"percent": 99.06
				}
			,{
				"<=msec": 7.300
				,"percent": 99.14
				}
			,{
				"<=msec": 7.400
				,"percent": 99.20
				}
			,{
				"<=msec": 7.500
				,"percent": 99.27
				}
			,{
				"<=msec": 7.600
				,"percent": 99.34
				}
			,{
				"<=msec": 7.700
				,"percent": 99.38
				}
			,{
				"<=msec": 7.800
				,"percent": 99.41
				}
			,{
				"<=msec": 7.900
				,"percent": 99.46
				}
			,{
				"<=msec": 8.000
				,"percent": 99.49
				}
			,{
				"<=msec": 8.100
				,"percent": 99.52
				}
			,{
				"<=msec": 8.200
				,"percent": 99.54
				}
			,{
				"<=msec": 8.300
				,"percent": 99.56
				}
			,{
				"<=msec": 8.400
				,"percent": 99.59
				}
			,{
				"<=msec": 8.500
				,"percent": 99.61
				}
			,{
				"<=msec": 8.600
				,"percent": 99.63
				}
			,{
				"<=msec": 8.700
				,"percent": 99.66
				}
			,{
				"<=msec": 8.800
				,"percent": 99.67
				}
			,{
				"<=msec": 8.900
				,"percent": 99.68
				}
			,{
				"<=msec": 9.000
				,"percent": 99.69
				}
			,{
				"<=msec": 9.100
				,"percent": 99.71
				}
			,{
				"<=msec": 9.200
				,"percent": 99.73
				}
			,{
				"<=msec": 9.300
				,"percent": 99.73
				}
			,{
				"<=msec": 9.400
				,"percent": 99.75
				}
			,{
				"<=msec": 9.500
				,"percent": 99.77
				}
			,{
				"<=msec": 9.600
				,"percent": 99.78
				}
			,{
				"<=msec": 9.700
				,"percent": 99.78
				}
			,{
				"<=msec": 9.800
				,"percent": 99.79
				}
			,{
				"<=msec": 9.900
				,"percent": 99.80
				}
			,{
				"<=msec": 10.000
				,"percent": 99.86
				}
			,{
				"<=msec": 11.000
				,"percent": 99.93
				}
			,{
				"<=msec": 12.000
				,"percent": 99.95
				}
			,{
				"<=msec": 13.000
				,"percent": 99.97
				}
			,{
				"<=msec": 15.000
				,"percent": 99.98
				}
			,{
				"<=msec": 16.000
				,"percent": 99.98
				}
			,{
				"<=msec": 17.000
				,"percent": 99.99
				}
			,{
				"<=msec": 19.000
				,"percent": 100.00
				}
			]
		,"WAIT":[
		]
		}
	}
