{
	"configuration":{
		"server": "10.0.0.9"
		,"port": 11212
		,"unix socket": "(null)"
		,"protocol": "memcache_text"
		,"out_file": "(null)"
		,"client_stats": "(null)"
		,"run_count": 1
		,"debug": 0
		,"requests": 0
		,"clients": 2
		,"threads": 1
		,"test_time": 60
		,"ratio": "1:9"
		,"pipeline": 1
		,"data_size": 4096
		,"data_offset": 0
		,"random_data": "false"
		,"data_size_range": "0:0"
		,"data_size_list": ""
		,"data_size_pattern": "R"
		,"expiry_range": "9999:10000"
		,"data_import": "(null)"
		,"data_verify": "false"
		,"verify_only": "false"
		,"generate_keys": "false"
		,"key_prefix": "memtier-"
		,"key_minimum":           0
		,"key_maximum":        1000
		,"key_pattern": "R:R"
		,"key_stddev": 0.000000
		,"key_median": 0.000000
		,"reconnect_interval": 0
		,"multi_key_get": 9
		,"authenticate": ""
		,"select-db": 0
		,"no-expiry": "false"
		,"wait-ratio": "0:0"
		,"num-slaves": "0:0"
		,"wait-timeout": "0-0"
		}
	,"run information":{
		"Threads": 1
		,"Connections per thread": 2
		,"Seconds": 60
		}
	,"ALL STATS":{
		"Sets":{
			"Ops/sec": 185.23
			,"Hits/sec": 0.00
			,"Misses/sec": 0.00
			,"Latency": 5.99
			,"KB/sec": 748.06
			}
		,"Gets":{
			"Ops/sec": 185.22
			,"Hits/sec": 1666.95
			,"Misses/sec": 0.00
			,"Latency": 4.78
			,"KB/sec": 6734.37
			}
		,"Waits":{
			"Ops/sec": 0.00
			,"Hits/sec": 0.00
			,"Misses/sec": 0.00
			,"Latency": 0.00
			,"KB/sec": 0.00
			}
		,"Totals":{
			"Ops/sec": 370.45
			,"Hits/sec": 1666.95
			,"Misses/sec": 0.00
			,"Latency": 5.38
			,"KB/sec": 7482.43
			}
		,"SET":[
			{
				"<=msec": 0.860
				,"percent": 0.01
				}
			,{
				"<=msec": 0.900
				,"percent": 0.03
				}
			,{
				"<=msec": 0.910
				,"percent": 0.04
				}
			,{
				"<=msec": 0.920
				,"percent": 0.06
				}
			,{
				"<=msec": 0.940
				,"percent": 0.07
				}
			,{
				"<=msec": 0.950
				,"percent": 0.09
				}
			,{
				"<=msec": 0.960
				,"percent": 0.13
				}
			,{
				"<=msec": 0.970
				,"percent": 0.14
				}
			,{
				"<=msec": 0.980
				,"percent": 0.17
				}
			,{
				"<=msec": 0.990
				,"percent": 0.20
				}
			,{
				"<=msec": 1.000
				,"percent": 0.58
				}
			,{
				"<=msec": 1.100
				,"percent": 2.21
				}
			,{
				"<=msec": 1.200
				,"percent": 5.58
				}
			,{
				"<=msec": 1.300
				,"percent": 11.01
				}
			,{
				"<=msec": 1.400
				,"percent": 17.39
				}
			,{
				"<=msec": 1.500
				,"percent": 24.12
				}
			,{
				"<=msec": 1.600
				,"percent": 29.81
				}
			,{
				"<=msec": 1.700
				,"percent": 34.46
				}
			,{
				"<=msec": 1.800
				,"percent": 37.91
				}
			,{
				"<=msec": 1.900
				,"percent": 40.33
				}
			,{
				"<=msec": 2.000
				,"percent": 42.39
				}
			,{
				"<=msec": 2.100
				,"percent": 44.03
				}
			,{
				"<=msec": 2.200
				,"percent": 44.97
				}
			,{
				"<=msec": 2.300
				,"percent": 45.88
				}
			,{
				"<=msec": 2.400
				,"percent": 46.51
				}
			,{
				"<=msec": 2.500
				,"percent": 47.13
				}
			,{
				"<=msec": 2.600
				,"percent": 47.65
				}
			,{
				"<=msec": 2.700
				,"percent": 48.06
				}
			,{
				"<=msec": 2.800
				,"percent": 48.47
				}
			,{
				"<=msec": 2.900
				,"percent": 48.73
				}
			,{
				"<=msec": 3.000
				,"percent": 49.03
				}
			,{
				"<=msec": 3.100
				,"percent": 49.33
				}
			,{
				"<=msec": 3.200
				,"percent": 49.67
				}
			,{
				"<=msec": 3.300
				,"percent": 49.92
				}
			,{
				"<=msec": 3.400
				,"percent": 50.11
				}
			,{
				"<=msec": 3.500
				,"percent": 50.36
				}
			,{
				"<=msec": 3.600
				,"percent": 50.60
				}
			,{
				"<=msec": 3.700
				,"percent": 50.76
				}
			,{
				"<=msec": 3.800
				,"percent": 50.99
				}
			,{
				"<=msec": 3.900
				,"percent": 51.21
				}
			,{
				"<=msec": 4.000
				,"percent": 51.49
				}
			,{
				"<=msec": 4.100
				,"percent": 51.71
				}
			,{
				"<=msec": 4.200
				,"percent": 51.99
				}
			,{
				"<=msec": 4.300
				,"percent": 52.29
				}
			,{
				"<=msec": 4.400
				,"percent": 52.60
				}
			,{
				"<=msec": 4.500
				,"percent": 52.91
				}
			,{
				"<=msec": 4.600
				,"percent": 53.10
				}
			,{
				"<=msec": 4.700
				,"percent": 53.41
				}
			,{
				"<=msec": 4.800
				,"percent": 53.75
				}
			,{
				"<=msec": 4.900
				,"percent": 54.04
				}
			,{
				"<=msec": 5.000
				,"percent": 54.31
				}
			,{
				"<=msec": 5.100
				,"percent": 54.62
				}
			,{
				"<=msec": 5.200
				,"percent": 54.87
				}
			,{
				"<=msec": 5.300
				,"percent": 55.02
				}
			,{
				"<=msec": 5.400
				,"percent": 55.29
				}
			,{
				"<=msec": 5.500
				,"percent": 55.47
				}
			,{
				"<=msec": 5.600
				,"percent": 55.73
				}
			,{
				"<=msec": 5.700
				,"percent": 56.04
				}
			,{
				"<=msec": 5.800
				,"percent": 56.28
				}
			,{
				"<=msec": 5.900
				,"percent": 56.59
				}
			,{
				"<=msec": 6.000
				,"percent": 56.94
				}
			,{
				"<=msec": 6.100
				,"percent": 57.29
				}
			,{
				"<=msec": 6.200
				,"percent": 57.51
				}
			,{
				"<=msec": 6.300
				,"percent": 57.85
				}
			,{
				"<=msec": 6.400
				,"percent": 58.09
				}
			,{
				"<=msec": 6.500
				,"percent": 58.42
				}
			,{
				"<=msec": 6.600
				,"percent": 58.85
				}
			,{
				"<=msec": 6.700
				,"percent": 59.18
				}
			,{
				"<=msec": 6.800
				,"percent": 59.52
				}
			,{
				"<=msec": 6.900
				,"percent": 59.93
				}
			,{
				"<=msec": 7.000
				,"percent": 60.21
				}
			,{
				"<=msec": 7.100
				,"percent": 60.50
				}
			,{
				"<=msec": 7.200
				,"percent": 60.87
				}
			,{
				"<=msec": 7.300
				,"percent": 61.29
				}
			,{
				"<=msec": 7.400
				,"percent": 61.57
				}
			,{
				"<=msec": 7.500
				,"percent": 61.95
				}
			,{
				"<=msec": 7.600
				,"percent": 62.27
				}
			,{
				"<=msec": 7.700
				,"percent": 62.58
				}
			,{
				"<=msec": 7.800
				,"percent": 62.83
				}
			,{
				"<=msec": 7.900
				,"percent": 63.09
				}
			,{
				"<=msec": 8.000
				,"percent": 63.41
				}
			,{
				"<=msec": 8.100
				,"percent": 63.86
				}
			,{
				"<=msec": 8.200
				,"percent": 64.25
				}
			,{
				"<=msec": 8.300
				,"percent": 64.61
				}
			,{
				"<=msec": 8.400
				,"percent": 65.02
				}
			,{
				"<=msec": 8.500
				,"percent": 65.34
				}
			,{
				"<=msec": 8.600
				,"percent": 65.77
				}
			,{
				"<=msec": 8.700
				,"percent": 66.14
				}
			,{
				"<=msec": 8.800
				,"percent": 66.60
				}
			,{
				"<=msec": 8.900
				,"percent": 67.00
				}
			,{
				"<=msec": 9.000
				,"percent": 67.48
				}
			,{
				"<=msec": 9.100
				,"percent": 67.93
				}
			,{
				"<=msec": 9.200
				,"percent": 68.36
				}
			,{
				"<=msec": 9.300
				,"percent": 68.84
				}
			,{
				"<=msec": 9.400
				,"percent": 69.42
				}
			,{
				"<=msec": 9.500
				,"percent": 69.93
				}
			,{
				"<=msec": 9.600
				,"percent": 70.59
				}
			,{
				"<=msec": 9.700
				,"percent": 71.09
				}
			,{
				"<=msec": 9.800
				,"percent": 71.61
				}
			,{
				"<=msec": 9.900
				,"percent": 72.24
				}
			,{
				"<=msec": 10.000
				,"percent": 75.35
				}
			,{
				"<=msec": 11.000
				,"percent": 80.14
				}
			,{
				"<=msec": 12.000
				,"percent": 83.49
				}
			,{
				"<=msec": 13.000
				,"percent": 89.31
				}
			,{
				"<=msec": 14.000
				,"percent": 95.69
				}
			,{
				"<=msec": 15.000
				,"percent": 99.24
				}
			,{
				"<=msec": 16.000
				,"percent": 99.63
				}
			,{
				"<=msec": 17.000
				,"percent": 99.76
				}
			,{
				"<=msec": 18.000
				,"percent": 99.85
				}
			,{
				"<=msec": 19.000
				,"percent": 99.89
				}
			,{
				"<=msec": 20.000
				,"percent": 99.90
				}
			,{
				"<=msec": 21.000
				,"percent": 99.92
				}
			,{
				"<=msec": 22.000
				,"percent": 99.94
				}
			,{
				"<=msec": 23.000
				,"percent": 99.95
				}
			,{
				"<=msec": 25.000
				,"percent": 99.96
				}
			,{
				"<=msec": 26.000
				,"percent": 99.96
				}
			,{
				"<=msec": 33.000
				,"percent": 99.97
				}
			,{
				"<=msec": 34.000
				,"percent": 99.98
				}
			,{
				"<=msec": 43.000
				,"percent": 99.99
				}
			,{
				"<=msec": 44.000
				,"percent": 100.00
				}
			]
		,"GET":[
			{
				"<=msec": 1.200
				,"percent": 0.01
				}
			,{
				"<=msec": 1.300
				,"percent": 0.11
				}
			,{
				"<=msec": 1.400
				,"percent": 0.88
				}
			,{
				"<=msec": 1.500
				,"percent": 2.50
				}
			,{
				"<=msec": 1.600
				,"percent": 6.24
				}
			,{
				"<=msec": 1.700
				,"percent": 11.40
				}
			,{
				"<=msec": 1.800
				,"percent": 16.98
				}
			,{
				"<=msec": 1.900
				,"percent": 22.97
				}
			,{
				"<=msec": 2.000
				,"percent": 28.88
				}
			,{
				"<=msec": 2.100
				,"percent": 34.75
				}
			,{
				"<=msec": 2.200
				,"percent": 39.86
				}
			,{
				"<=msec": 2.300
				,"percent": 44.89
				}
			,{
				"<=msec": 2.400
				,"percent": 49.51
				}
			,{
				"<=msec": 2.500
				,"percent": 53.45
				}
			,{
				"<=msec": 2.600
				,"percent": 56.79
				}
			,{
				"<=msec": 2.700
				,"percent": 59.63
				}
			,{
				"<=msec": 2.800
				,"percent": 61.92
				}
			,{
				"<=msec": 2.900
				,"percent": 63.91
				}
			,{
				"<=msec": 3.000
				,"percent": 65.70
				}
			,{
				"<=msec": 3.100
				,"percent": 67.38
				}
			,{
				"<=msec": 3.200
				,"percent": 68.55
				}
			,{
				"<=msec": 3.300
				,"percent": 69.36
				}
			,{
				"<=msec": 3.400
				,"percent": 70.33
				}
			,{
				"<=msec": 3.500
				,"percent": 71.21
				}
			,{
				"<=msec": 3.600
				,"percent": 71.78
				}
			,{
				"<=msec": 3.700
				,"percent": 72.25
				}
			,{
				"<=msec": 3.800
				,"percent": 72.76
				}
			,{
				"<=msec": 3.900
				,"percent": 73.15
				}
			,{
				"<=msec": 4.000
				,"percent": 73.44
				}
			,{
				"<=msec": 4.100
				,"percent": 73.75
				}
			,{
				"<=msec": 4.200
				,"percent": 73.99
				}
			,{
				"<=msec": 4.300
				,"percent": 74.24
				}
			,{
				"<=msec": 4.400
				,"percent": 74.46
				}
			,{
				"<=msec": 4.500
				,"percent": 74.57
				}
			,{
				"<=msec": 4.600
				,"percent": 74.80
				}
			,{
				"<=msec": 4.700
				,"percent": 74.98
				}
			,{
				"<=msec": 4.800
				,"percent": 75.16
				}
			,{
				"<=msec": 4.900
				,"percent": 75.27
				}
			,{
				"<=msec": 5.000
				,"percent": 75.48
				}
			,{
				"<=msec": 5.100
				,"percent": 75.60
				}
			,{
				"<=msec": 5.200
				,"percent": 75.84
				}
			,{
				"<=msec": 5.300
				,"percent": 75.99
				}
			,{
				"<=msec": 5.400
				,"percent": 76.15
				}
			,{
				"<=msec": 5.500
				,"percent": 76.23
				}
			,{
				"<=msec": 5.600
				,"percent": 76.35
				}
			,{
				"<=msec": 5.700
				,"percent": 76.47
				}
			,{
				"<=msec": 5.800
				,"percent": 76.68
				}
			,{
				"<=msec": 5.900
				,"percent": 76.75
				}
			,{
				"<=msec": 6.000
				,"percent": 76.84
				}
			,{
				"<=msec": 6.100
				,"percent": 76.95
				}
			,{
				"<=msec": 6.200
				,"percent": 77.10
				}
			,{
				"<=msec": 6.300
				,"percent": 77.23
				}
			,{
				"<=msec": 6.400
				,"percent": 77.33
				}
			,{
				"<=msec": 6.500
				,"percent": 77.44
				}
			,{
				"<=msec": 6.600
				,"percent": 77.59
				}
			,{
				"<=msec": 6.700
				,"percent": 77.79
				}
			,{
				"<=msec": 6.800
				,"percent": 77.95
				}
			,{
				"<=msec": 6.900
				,"percent": 78.03
				}
			,{
				"<=msec": 7.000
				,"percent": 78.24
				}
			,{
				"<=msec": 7.100
				,"percent": 78.41
				}
			,{
				"<=msec": 7.200
				,"percent": 78.56
				}
			,{
				"<=msec": 7.300
				,"percent": 78.68
				}
			,{
				"<=msec": 7.400
				,"percent": 78.79
				}
			,{
				"<=msec": 7.500
				,"percent": 78.91
				}
			,{
				"<=msec": 7.600
				,"percent": 79.08
				}
			,{
				"<=msec": 7.700
				,"percent": 79.33
				}
			,{
				"<=msec": 7.800
				,"percent": 79.51
				}
			,{
				"<=msec": 7.900
				,"percent": 79.63
				}
			,{
				"<=msec": 8.000
				,"percent": 79.71
				}
			,{
				"<=msec": 8.100
				,"percent": 79.86
				}
			,{
				"<=msec": 8.200
				,"percent": 80.07
				}
			,{
				"<=msec": 8.300
				,"percent": 80.20
				}
			,{
				"<=msec": 8.400
				,"percent": 80.32
				}
			,{
				"<=msec": 8.500
				,"percent": 80.44
				}
			,{
				"<=msec": 8.600
				,"percent": 80.61
				}
			,{
				"<=msec": 8.700
				,"percent": 80.75
				}
			,{
				"<=msec": 8.800
				,"percent": 80.84
				}
			,{
				"<=msec": 8.900
				,"percent": 80.97
				}
			,{
				"<=msec": 9.000
				,"percent": 81.11
				}
			,{
				"<=msec": 9.100
				,"percent": 81.24
				}
			,{
				"<=msec": 9.200
				,"percent": 81.35
				}
			,{
				"<=msec": 9.300
				,"percent": 81.50
				}
			,{
				"<=msec": 9.400
				,"percent": 81.63
				}
			,{
				"<=msec": 9.500
				,"percent": 81.82
				}
			,{
				"<=msec": 9.600
				,"percent": 81.98
				}
			,{
				"<=msec": 9.700
				,"percent": 82.17
				}
			,{
				"<=msec": 9.800
				,"percent": 82.32
				}
			,{
				"<=msec": 9.900
				,"percent": 82.41
				}
			,{
				"<=msec": 10.000
				,"percent": 83.14
				}
			,{
				"<=msec": 11.000
				,"percent": 84.85
				}
			,{
				"<=msec": 12.000
				,"percent": 87.66
				}
			,{
				"<=msec": 13.000
				,"percent": 91.52
				}
			,{
				"<=msec": 14.000
				,"percent": 94.08
				}
			,{
				"<=msec": 15.000
				,"percent": 95.22
				}
			,{
				"<=msec": 16.000
				,"percent": 97.74
				}
			,{
				"<=msec": 17.000
				,"percent": 98.91
				}
			,{
				"<=msec": 18.000
				,"percent": 99.12
				}
			,{
				"<=msec": 19.000
				,"percent": 99.23
				}
			,{
				"<=msec": 20.000
				,"percent": 99.27
				}
			,{
				"<=msec": 21.000
				,"percent": 99.33
				}
			,{
				"<=msec": 22.000
				,"percent": 99.37
				}
			,{
				"<=msec": 23.000
				,"percent": 99.42
				}
			,{
				"<=msec": 24.000
				,"percent": 99.48
				}
			,{
				"<=msec": 25.000
				,"percent": 99.55
				}
			,{
				"<=msec": 26.000
				,"percent": 99.63
				}
			,{
				"<=msec": 27.000
				,"percent": 99.73
				}
			,{
				"<=msec": 28.000
				,"percent": 99.85
				}
			,{
				"<=msec": 29.000
				,"percent": 99.96
				}
			,{
				"<=msec": 31.000
				,"percent": 99.98
				}
			,{
				"<=msec": 32.000
				,"percent": 100.00
				}
			]
		,"WAIT":[
		]
		}
	}
