{
	"configuration":{
		"server": "10.0.0.9"
		,"port": 11212
		,"unix socket": "(null)"
		,"protocol": "memcache_text"
		,"out_file": "(null)"
		,"client_stats": "(null)"
		,"run_count": 1
		,"debug": 0
		,"requests": 0
		,"clients": 2
		,"threads": 1
		,"test_time": 60
		,"ratio": "1:6"
		,"pipeline": 1
		,"data_size": 4096
		,"data_offset": 0
		,"random_data": "false"
		,"data_size_range": "0:0"
		,"data_size_list": ""
		,"data_size_pattern": "R"
		,"expiry_range": "9999:10000"
		,"data_import": "(null)"
		,"data_verify": "false"
		,"verify_only": "false"
		,"generate_keys": "false"
		,"key_prefix": "memtier-"
		,"key_minimum":           0
		,"key_maximum":        1000
		,"key_pattern": "R:R"
		,"key_stddev": 0.000000
		,"key_median": 0.000000
		,"reconnect_interval": 0
		,"multi_key_get": 6
		,"authenticate": ""
		,"select-db": 0
		,"no-expiry": "false"
		,"wait-ratio": "0:0"
		,"num-slaves": "0:0"
		,"wait-timeout": "0-0"
		}
	,"run information":{
		"Threads": 1
		,"Connections per thread": 2
		,"Seconds": 60
		}
	,"ALL STATS":{
		"Sets":{
			"Ops/sec": 277.12
			,"Hits/sec": 0.00
			,"Misses/sec": 0.00
			,"Latency": 3.72
			,"KB/sec": 1119.15
			}
		,"Gets":{
			"Ops/sec": 277.12
			,"Hits/sec": 1662.74
			,"Misses/sec": 0.00
			,"Latency": 3.47
			,"KB/sec": 6718.28
			}
		,"Waits":{
			"Ops/sec": 0.00
			,"Hits/sec": 0.00
			,"Misses/sec": 0.00
			,"Latency": 0.00
			,"KB/sec": 0.00
			}
		,"Totals":{
			"Ops/sec": 554.25
			,"Hits/sec": 1662.74
			,"Misses/sec": 0.00
			,"Latency": 3.60
			,"KB/sec": 7837.43
			}
		,"SET":[
			{
				"<=msec": 0.780
				,"percent": 0.01
				}
			,{
				"<=msec": 0.840
				,"percent": 0.02
				}
			,{
				"<=msec": 0.850
				,"percent": 0.03
				}
			,{
				"<=msec": 0.860
				,"percent": 0.05
				}
			,{
				"<=msec": 0.870
				,"percent": 0.08
				}
			,{
				"<=msec": 0.880
				,"percent": 0.11
				}
			,{
				"<=msec": 0.890
				,"percent": 0.15
				}
			,{
				"<=msec": 0.900
				,"percent": 0.17
				}
			,{
				"<=msec": 0.910
				,"percent": 0.25
				}
			,{
				"<=msec": 0.920
				,"percent": 0.34
				}
			,{
				"<=msec": 0.930
				,"percent": 0.46
				}
			,{
				"<=msec": 0.940
				,"percent": 0.62
				}
			,{
				"<=msec": 0.950
				,"percent": 0.74
				}
			,{
				"<=msec": 0.960
				,"percent": 0.85
				}
			,{
				"<=msec": 0.970
				,"percent": 0.99
				}
			,{
				"<=msec": 0.980
				,"percent": 1.19
				}
			,{
				"<=msec": 0.990
				,"percent": 1.46
				}
			,{
				"<=msec": 1.000
				,"percent": 3.23
				}
			,{
				"<=msec": 1.100
				,"percent": 8.71
				}
			,{
				"<=msec": 1.200
				,"percent": 16.81
				}
			,{
				"<=msec": 1.300
				,"percent": 26.05
				}
			,{
				"<=msec": 1.400
				,"percent": 34.46
				}
			,{
				"<=msec": 1.500
				,"percent": 41.85
				}
			,{
				"<=msec": 1.600
				,"percent": 47.31
				}
			,{
				"<=msec": 1.700
				,"percent": 51.66
				}
			,{
				"<=msec": 1.800
				,"percent": 54.87
				}
			,{
				"<=msec": 1.900
				,"percent": 56.99
				}
			,{
				"<=msec": 2.000
				,"percent": 58.72
				}
			,{
				"<=msec": 2.100
				,"percent": 60.03
				}
			,{
				"<=msec": 2.200
				,"percent": 61.01
				}
			,{
				"<=msec": 2.300
				,"percent": 61.98
				}
			,{
				"<=msec": 2.400
				,"percent": 62.58
				}
			,{
				"<=msec": 2.500
				,"percent": 63.11
				}
			,{
				"<=msec": 2.600
				,"percent": 63.70
				}
			,{
				"<=msec": 2.700
				,"percent": 64.12
				}
			,{
				"<=msec": 2.800
				,"percent": 64.56
				}
			,{
				"<=msec": 2.900
				,"percent": 65.03
				}
			,{
				"<=msec": 3.000
				,"percent": 65.40
				}
			,{
				"<=msec": 3.100
				,"percent": 65.78
				}
			,{
				"<=msec": 3.200
				,"percent": 66.15
				}
			,{
				"<=msec": 3.300
				,"percent": 66.48
				}
			,{
				"<=msec": 3.400
				,"percent": 66.79
				}
			,{
				"<=msec": 3.500
				,"percent": 67.08
				}
			,{
				"<=msec": 3.600
				,"percent": 67.39
				}
			,{
				"<=msec": 3.700
				,"percent": 67.65
				}
			,{
				"<=msec": 3.800
				,"percent": 67.93
				}
			,{
				"<=msec": 3.900
				,"percent": 68.31
				}
			,{
				"<=msec": 4.000
				,"percent": 68.62
				}
			,{
				"<=msec": 4.100
				,"percent": 68.95
				}
			,{
				"<=msec": 4.200
				,"percent": 69.22
				}
			,{
				"<=msec": 4.300
				,"percent": 69.53
				}
			,{
				"<=msec": 4.400
				,"percent": 69.82
				}
			,{
				"<=msec": 4.500
				,"percent": 70.08
				}
			,{
				"<=msec": 4.600
				,"percent": 70.43
				}
			,{
				"<=msec": 4.700
				,"percent": 70.65
				}
			,{
				"<=msec": 4.800
				,"percent": 70.93
				}
			,{
				"<=msec": 4.900
				,"percent": 71.19
				}
			,{
				"<=msec": 5.000
				,"percent": 71.50
				}
			,{
				"<=msec": 5.100
				,"percent": 71.81
				}
			,{
				"<=msec": 5.200
				,"percent": 72.10
				}
			,{
				"<=msec": 5.300
				,"percent": 72.46
				}
			,{
				"<=msec": 5.400
				,"percent": 72.77
				}
			,{
				"<=msec": 5.500
				,"percent": 72.99
				}
			,{
				"<=msec": 5.600
				,"percent": 73.40
				}
			,{
				"<=msec": 5.700
				,"percent": 73.73
				}
			,{
				"<=msec": 5.800
				,"percent": 74.00
				}
			,{
				"<=msec": 5.900
				,"percent": 74.44
				}
			,{
				"<=msec": 6.000
				,"percent": 74.84
				}
			,{
				"<=msec": 6.100
				,"percent": 75.23
				}
			,{
				"<=msec": 6.200
				,"percent": 75.60
				}
			,{
				"<=msec": 6.300
				,"percent": 75.99
				}
			,{
				"<=msec": 6.400
				,"percent": 76.35
				}
			,{
				"<=msec": 6.500
				,"percent": 76.70
				}
			,{
				"<=msec": 6.600
				,"percent": 77.12
				}
			,{
				"<=msec": 6.700
				,"percent": 77.50
				}
			,{
				"<=msec": 6.800
				,"percent": 78.00
				}
			,{
				"<=msec": 6.900
				,"percent": 78.47
				}
			,{
				"<=msec": 7.000
				,"percent": 78.95
				}
			,{
				"<=msec": 7.100
				,"percent": 79.38
				}
			,{
				"<=msec": 7.200
				,"percent": 79.71
				}
			,{
				"<=msec": 7.300
				,"percent": 80.17
				}
			,{
				"<=msec": 7.400
				,"percent": 80.53
				}
			,{
				"<=msec": 7.500
				,"percent": 80.92
				}
			,{
				"<=msec": 7.600
				,"percent": 81.37
				}
			,{
				"<=msec": 7.700
				,"percent": 81.80
				}
			,{
				"<=msec": 7.800
				,"percent": 82.17
				}
			,{
				"<=msec": 7.900
				,"percent": 82.55
				}
			,{
				"<=msec": 8.000
				,"percent": 82.95
				}
			,{
				"<=msec": 8.100
				,"percent": 83.39
				}
			,{
				"<=msec": 8.200
				,"percent": 83.85
				}
			,{
				"<=msec": 8.300
				,"percent": 84.31
				}
			,{
				"<=msec": 8.400
				,"percent": 84.74
				}
			,{
				"<=msec": 8.500
				,"percent": 85.10
				}
			,{
				"<=msec": 8.600
				,"percent": 85.51
				}
			,{
				"<=msec": 8.700
				,"percent": 85.87
				}
			,{
				"<=msec": 8.800
				,"percent": 86.32
				}
			,{
				"<=msec": 8.900
				,"percent": 86.76
				}
			,{
				"<=msec": 9.000
				,"percent": 87.13
				}
			,{
				"<=msec": 9.100
				,"percent": 87.59
				}
			,{
				"<=msec": 9.200
				,"percent": 88.04
				}
			,{
				"<=msec": 9.300
				,"percent": 88.44
				}
			,{
				"<=msec": 9.400
				,"percent": 88.83
				}
			,{
				"<=msec": 9.500
				,"percent": 89.39
				}
			,{
				"<=msec": 9.600
				,"percent": 89.91
				}
			,{
				"<=msec": 9.700
				,"percent": 90.45
				}
			,{
				"<=msec": 9.800
				,"percent": 91.05
				}
			,{
				"<=msec": 9.900
				,"percent": 91.70
				}
			,{
				"<=msec": 10.000
				,"percent": 94.71
				}
			,{
				"<=msec": 11.000
				,"percent": 98.20
				}
			,{
				"<=msec": 12.000
				,"percent": 99.33
				}
			,{
				"<=msec": 13.000
				,"percent": 99.60
				}
			,{
				"<=msec": 14.000
				,"percent": 99.73
				}
			,{
				"<=msec": 15.000
				,"percent": 99.78
				}
			,{
				"<=msec": 16.000
				,"percent": 99.85
				}
			,{
				"<=msec": 17.000
				,"percent": 99.89
				}
			,{
				"<=msec": 18.000
				,"percent": 99.92
				}
			,{
				"<=msec": 19.000
				,"percent": 99.94
				}
			,{
				"<=msec": 22.000
				,"percent": 99.95
				}
			,{
				"<=msec": 23.000
				,"percent": 99.95
				}
			,{
				"<=msec": 24.000
				,"percent": 99.97
				}
			,{
				"<=msec": 28.000
				,"percent": 99.98
				}
			,{
				"<=msec": 32.000
				,"percent": 99.98
				}
			,{
				"<=msec": 36.000
				,"percent": 99.99
				}
			,{
				"<=msec": 37.000
				,"percent": 99.99
				}
			,{
				"<=msec": 40.000
				,"percent": 100.00
				}
			]
		,"GET":[
			{
				"<=msec": 1.000
				,"percent": 0.02
				}
			,{
				"<=msec": 1.100
				,"percent": 0.16
				}
			,{
				"<=msec": 1.200
				,"percent": 0.89
				}
			,{
				"<=msec": 1.300
				,"percent": 2.75
				}
			,{
				"<=msec": 1.400
				,"percent": 5.92
				}
			,{
				"<=msec": 1.500
				,"percent": 10.25
				}
			,{
				"<=msec": 1.600
				,"percent": 15.33
				}
			,{
				"<=msec": 1.700
				,"percent": 21.34
				}
			,{
				"<=msec": 1.800
				,"percent": 27.72
				}
			,{
				"<=msec": 1.900
				,"percent": 34.09
				}
			,{
				"<=msec": 2.000
				,"percent": 40.27
				}
			,{
				"<=msec": 2.100
				,"percent": 46.21
				}
			,{
				"<=msec": 2.200
				,"percent": 51.55
				}
			,{
				"<=msec": 2.300
				,"percent": 56.49
				}
			,{
				"<=msec": 2.400
				,"percent": 60.53
				}
			,{
				"<=msec": 2.500
				,"percent": 63.92
				}
			,{
				"<=msec": 2.600
				,"percent": 66.98
				}
			,{
				"<=msec": 2.700
				,"percent": 69.67
				}
			,{
				"<=msec": 2.800
				,"percent": 71.93
				}
			,{
				"<=msec": 2.900
				,"percent": 73.59
				}
			,{
				"<=msec": 3.000
				,"percent": 75.06
				}
			,{
				"<=msec": 3.100
				,"percent": 76.21
				}
			,{
				"<=msec": 3.200
				,"percent": 77.27
				}
			,{
				"<=msec": 3.300
				,"percent": 77.98
				}
			,{
				"<=msec": 3.400
				,"percent": 78.63
				}
			,{
				"<=msec": 3.500
				,"percent": 79.24
				}
			,{
				"<=msec": 3.600
				,"percent": 79.69
				}
			,{
				"<=msec": 3.700
				,"percent": 80.06
				}
			,{
				"<=msec": 3.800
				,"percent": 80.48
				}
			,{
				"<=msec": 3.900
				,"percent": 80.77
				}
			,{
				"<=msec": 4.000
				,"percent": 81.02
				}
			,{
				"<=msec": 4.100
				,"percent": 81.30
				}
			,{
				"<=msec": 4.200
				,"percent": 81.50
				}
			,{
				"<=msec": 4.300
				,"percent": 81.72
				}
			,{
				"<=msec": 4.400
				,"percent": 81.98
				}
			,{
				"<=msec": 4.500
				,"percent": 82.16
				}
			,{
				"<=msec": 4.600
				,"percent": 82.41
				}
			,{
				"<=msec": 4.700
				,"percent": 82.60
				}
			,{
				"<=msec": 4.800
				,"percent": 82.73
				}
			,{
				"<=msec": 4.900
				,"percent": 82.93
				}
			,{
				"<=msec": 5.000
				,"percent": 83.07
				}
			,{
				"<=msec": 5.100
				,"percent": 83.24
				}
			,{
				"<=msec": 5.200
				,"percent": 83.38
				}
			,{
				"<=msec": 5.300
				,"percent": 83.47
				}
			,{
				"<=msec": 5.400
				,"percent": 83.59
				}
			,{
				"<=msec": 5.500
				,"percent": 83.74
				}
			,{
				"<=msec": 5.600
				,"percent": 83.91
				}
			,{
				"<=msec": 5.700
				,"percent": 84.02
				}
			,{
				"<=msec": 5.800
				,"percent": 84.18
				}
			,{
				"<=msec": 5.900
				,"percent": 84.35
				}
			,{
				"<=msec": 6.000
				,"percent": 84.51
				}
			,{
				"<=msec": 6.100
				,"percent": 84.68
				}
			,{
				"<=msec": 6.200
				,"percent": 84.81
				}
			,{
				"<=msec": 6.300
				,"percent": 84.94
				}
			,{
				"<=msec": 6.400
				,"percent": 85.07
				}
			,{
				"<=msec": 6.500
				,"percent": 85.22
				}
			,{
				"<=msec": 6.600
				,"percent": 85.42
				}
			,{
				"<=msec": 6.700
				,"percent": 85.57
				}
			,{
				"<=msec": 6.800
				,"percent": 85.71
				}
			,{
				"<=msec": 6.900
				,"percent": 85.86
				}
			,{
				"<=msec": 7.000
				,"percent": 86.09
				}
			,{
				"<=msec": 7.100
				,"percent": 86.25
				}
			,{
				"<=msec": 7.200
				,"percent": 86.41
				}
			,{
				"<=msec": 7.300
				,"percent": 86.53
				}
			,{
				"<=msec": 7.400
				,"percent": 86.76
				}
			,{
				"<=msec": 7.500
				,"percent": 86.88
				}
			,{
				"<=msec": 7.600
				,"percent": 87.11
				}
			,{
				"<=msec": 7.700
				,"percent": 87.37
				}
			,{
				"<=msec": 7.800
				,"percent": 87.55
				}
			,{
				"<=msec": 7.900
				,"percent": 87.76
				}
			,{
				"<=msec": 8.000
				,"percent": 87.97
				}
			,{
				"<=msec": 8.100
				,"percent": 88.21
				}
			,{
				"<=msec": 8.200
				,"percent": 88.38
				}
			,{
				"<=msec": 8.300
				,"percent": 88.52
				}
			,{
				"<=msec": 8.400
				,"percent": 88.72
				}
			,{
				"<=msec": 8.500
				,"percent": 88.92
				}
			,{
				"<=msec": 8.600
				,"percent": 89.19
				}
			,{
				"<=msec": 8.700
				,"percent": 89.38
				}
			,{
				"<=msec": 8.800
				,"percent": 89.60
				}
			,{
				"<=msec": 8.900
				,"percent": 89.81
				}
			,{
				"<=msec": 9.000
				,"percent": 90.04
				}
			,{
				"<=msec": 9.100
				,"percent": 90.30
				}
			,{
				"<=msec": 9.200
				,"percent": 90.47
				}
			,{
				"<=msec": 9.300
				,"percent": 90.76
				}
			,{
				"<=msec": 9.400
				,"percent": 90.95
				}
			,{
				"<=msec": 9.500
				,"percent": 91.18
				}
			,{
				"<=msec": 9.600
				,"percent": 91.45
				}
			,{
				"<=msec": 9.700
				,"percent": 91.62
				}
			,{
				"<=msec": 9.800
				,"percent": 91.81
				}
			,{
				"<=msec": 9.900
				,"percent": 92.03
				}
			,{
				"<=msec": 10.000
				,"percent": 93.35
				}
			,{
				"<=msec": 11.000
				,"percent": 95.58
				}
			,{
				"<=msec": 12.000
				,"percent": 97.67
				}
			,{
				"<=msec": 13.000
				,"percent": 99.21
				}
			,{
				"<=msec": 14.000
				,"percent": 99.68
				}
			,{
				"<=msec": 15.000
				,"percent": 99.78
				}
			,{
				"<=msec": 16.000
				,"percent": 99.83
				}
			,{
				"<=msec": 17.000
				,"percent": 99.90
				}
			,{
				"<=msec": 18.000
				,"percent": 99.93
				}
			,{
				"<=msec": 19.000
				,"percent": 99.94
				}
			,{
				"<=msec": 21.000
				,"percent": 99.96
				}
			,{
				"<=msec": 23.000
				,"percent": 99.98
				}
			,{
				"<=msec": 25.000
				,"percent": 99.98
				}
			,{
				"<=msec": 26.000
				,"percent": 99.99
				}
			,{
				"<=msec": 36.000
				,"percent": 99.99
				}
			,{
				"<=msec": 41.000
				,"percent": 100.00
				}
			]
		,"WAIT":[
		]
		}
	}
