{
	"configuration":{
		"server": "10.0.0.9"
		,"port": 11212
		,"unix socket": "(null)"
		,"protocol": "memcache_text"
		,"out_file": "(null)"
		,"client_stats": "(null)"
		,"run_count": 1
		,"debug": 0
		,"requests": 0
		,"clients": 2
		,"threads": 1
		,"test_time": 60
		,"ratio": "1:9"
		,"pipeline": 1
		,"data_size": 4096
		,"data_offset": 0
		,"random_data": "false"
		,"data_size_range": "0:0"
		,"data_size_list": ""
		,"data_size_pattern": "R"
		,"expiry_range": "9999:10000"
		,"data_import": "(null)"
		,"data_verify": "false"
		,"verify_only": "false"
		,"generate_keys": "false"
		,"key_prefix": "memtier-"
		,"key_minimum":           0
		,"key_maximum":        1000
		,"key_pattern": "R:R"
		,"key_stddev": 0.000000
		,"key_median": 0.000000
		,"reconnect_interval": 0
		,"multi_key_get": 9
		,"authenticate": ""
		,"select-db": 0
		,"no-expiry": "false"
		,"wait-ratio": "0:0"
		,"num-slaves": "0:0"
		,"wait-timeout": "0-0"
		}
	,"run information":{
		"Threads": 1
		,"Connections per thread": 2
		,"Seconds": 60
		}
	,"ALL STATS":{
		"Sets":{
			"Ops/sec": 182.20
			,"Hits/sec": 0.00
			,"Misses/sec": 0.00
			,"Latency": 6.11
			,"KB/sec": 735.81
			}
		,"Gets":{
			"Ops/sec": 182.20
			,"Hits/sec": 1639.79
			,"Misses/sec": 0.00
			,"Latency": 4.83
			,"KB/sec": 6624.66
			}
		,"Waits":{
			"Ops/sec": 0.00
			,"Hits/sec": 0.00
			,"Misses/sec": 0.00
			,"Latency": 0.00
			,"KB/sec": 0.00
			}
		,"Totals":{
			"Ops/sec": 364.40
			,"Hits/sec": 1639.79
			,"Misses/sec": 0.00
			,"Latency": 5.47
			,"KB/sec": 7360.46
			}
		,"SET":[
			{
				"<=msec": 0.910
				,"percent": 0.01
				}
			,{
				"<=msec": 0.920
				,"percent": 0.02
				}
			,{
				"<=msec": 0.930
				,"percent": 0.05
				}
			,{
				"<=msec": 0.940
				,"percent": 0.05
				}
			,{
				"<=msec": 0.950
				,"percent": 0.07
				}
			,{
				"<=msec": 0.960
				,"percent": 0.09
				}
			,{
				"<=msec": 0.970
				,"percent": 0.10
				}
			,{
				"<=msec": 0.980
				,"percent": 0.14
				}
			,{
				"<=msec": 0.990
				,"percent": 0.16
				}
			,{
				"<=msec": 1.000
				,"percent": 0.46
				}
			,{
				"<=msec": 1.100
				,"percent": 2.02
				}
			,{
				"<=msec": 1.200
				,"percent": 5.67
				}
			,{
				"<=msec": 1.300
				,"percent": 10.78
				}
			,{
				"<=msec": 1.400
				,"percent": 17.31
				}
			,{
				"<=msec": 1.500
				,"percent": 24.03
				}
			,{
				"<=msec": 1.600
				,"percent": 29.99
				}
			,{
				"<=msec": 1.700
				,"percent": 34.32
				}
			,{
				"<=msec": 1.800
				,"percent": 37.95
				}
			,{
				"<=msec": 1.900
				,"percent": 40.60
				}
			,{
				"<=msec": 2.000
				,"percent": 42.60
				}
			,{
				"<=msec": 2.100
				,"percent": 44.11
				}
			,{
				"<=msec": 2.200
				,"percent": 45.34
				}
			,{
				"<=msec": 2.300
				,"percent": 46.30
				}
			,{
				"<=msec": 2.400
				,"percent": 46.74
				}
			,{
				"<=msec": 2.500
				,"percent": 47.12
				}
			,{
				"<=msec": 2.600
				,"percent": 47.65
				}
			,{
				"<=msec": 2.700
				,"percent": 48.10
				}
			,{
				"<=msec": 2.800
				,"percent": 48.44
				}
			,{
				"<=msec": 2.900
				,"percent": 48.76
				}
			,{
				"<=msec": 3.000
				,"percent": 48.98
				}
			,{
				"<=msec": 3.100
				,"percent": 49.22
				}
			,{
				"<=msec": 3.200
				,"percent": 49.59
				}
			,{
				"<=msec": 3.300
				,"percent": 49.92
				}
			,{
				"<=msec": 3.400
				,"percent": 50.14
				}
			,{
				"<=msec": 3.500
				,"percent": 50.37
				}
			,{
				"<=msec": 3.600
				,"percent": 50.59
				}
			,{
				"<=msec": 3.700
				,"percent": 50.80
				}
			,{
				"<=msec": 3.800
				,"percent": 50.94
				}
			,{
				"<=msec": 3.900
				,"percent": 51.19
				}
			,{
				"<=msec": 4.000
				,"percent": 51.48
				}
			,{
				"<=msec": 4.100
				,"percent": 51.71
				}
			,{
				"<=msec": 4.200
				,"percent": 51.98
				}
			,{
				"<=msec": 4.300
				,"percent": 52.09
				}
			,{
				"<=msec": 4.400
				,"percent": 52.33
				}
			,{
				"<=msec": 4.500
				,"percent": 52.56
				}
			,{
				"<=msec": 4.600
				,"percent": 52.74
				}
			,{
				"<=msec": 4.700
				,"percent": 52.98
				}
			,{
				"<=msec": 4.800
				,"percent": 53.23
				}
			,{
				"<=msec": 4.900
				,"percent": 53.48
				}
			,{
				"<=msec": 5.000
				,"percent": 53.73
				}
			,{
				"<=msec": 5.100
				,"percent": 54.02
				}
			,{
				"<=msec": 5.200
				,"percent": 54.27
				}
			,{
				"<=msec": 5.300
				,"percent": 54.57
				}
			,{
				"<=msec": 5.400
				,"percent": 54.79
				}
			,{
				"<=msec": 5.500
				,"percent": 55.09
				}
			,{
				"<=msec": 5.600
				,"percent": 55.39
				}
			,{
				"<=msec": 5.700
				,"percent": 55.67
				}
			,{
				"<=msec": 5.800
				,"percent": 55.96
				}
			,{
				"<=msec": 5.900
				,"percent": 56.24
				}
			,{
				"<=msec": 6.000
				,"percent": 56.52
				}
			,{
				"<=msec": 6.100
				,"percent": 56.74
				}
			,{
				"<=msec": 6.200
				,"percent": 57.03
				}
			,{
				"<=msec": 6.300
				,"percent": 57.41
				}
			,{
				"<=msec": 6.400
				,"percent": 57.70
				}
			,{
				"<=msec": 6.500
				,"percent": 57.95
				}
			,{
				"<=msec": 6.600
				,"percent": 58.17
				}
			,{
				"<=msec": 6.700
				,"percent": 58.46
				}
			,{
				"<=msec": 6.800
				,"percent": 58.73
				}
			,{
				"<=msec": 6.900
				,"percent": 59.05
				}
			,{
				"<=msec": 7.000
				,"percent": 59.36
				}
			,{
				"<=msec": 7.100
				,"percent": 59.61
				}
			,{
				"<=msec": 7.200
				,"percent": 60.03
				}
			,{
				"<=msec": 7.300
				,"percent": 60.27
				}
			,{
				"<=msec": 7.400
				,"percent": 60.49
				}
			,{
				"<=msec": 7.500
				,"percent": 60.69
				}
			,{
				"<=msec": 7.600
				,"percent": 61.09
				}
			,{
				"<=msec": 7.700
				,"percent": 61.37
				}
			,{
				"<=msec": 7.800
				,"percent": 61.59
				}
			,{
				"<=msec": 7.900
				,"percent": 62.05
				}
			,{
				"<=msec": 8.000
				,"percent": 62.35
				}
			,{
				"<=msec": 8.100
				,"percent": 62.69
				}
			,{
				"<=msec": 8.200
				,"percent": 62.96
				}
			,{
				"<=msec": 8.300
				,"percent": 63.30
				}
			,{
				"<=msec": 8.400
				,"percent": 63.61
				}
			,{
				"<=msec": 8.500
				,"percent": 63.86
				}
			,{
				"<=msec": 8.600
				,"percent": 64.12
				}
			,{
				"<=msec": 8.700
				,"percent": 64.36
				}
			,{
				"<=msec": 8.800
				,"percent": 64.84
				}
			,{
				"<=msec": 8.900
				,"percent": 65.21
				}
			,{
				"<=msec": 9.000
				,"percent": 65.59
				}
			,{
				"<=msec": 9.100
				,"percent": 65.96
				}
			,{
				"<=msec": 9.200
				,"percent": 66.61
				}
			,{
				"<=msec": 9.300
				,"percent": 67.30
				}
			,{
				"<=msec": 9.400
				,"percent": 67.86
				}
			,{
				"<=msec": 9.500
				,"percent": 68.40
				}
			,{
				"<=msec": 9.600
				,"percent": 68.93
				}
			,{
				"<=msec": 9.700
				,"percent": 69.64
				}
			,{
				"<=msec": 9.800
				,"percent": 70.44
				}
			,{
				"<=msec": 9.900
				,"percent": 70.96
				}
			,{
				"<=msec": 10.000
				,"percent": 74.02
				}
			,{
				"<=msec": 11.000
				,"percent": 78.38
				}
			,{
				"<=msec": 12.000
				,"percent": 81.80
				}
			,{
				"<=msec": 13.000
				,"percent": 87.80
				}
			,{
				"<=msec": 14.000
				,"percent": 94.37
				}
			,{
				"<=msec": 15.000
				,"percent": 99.18
				}
			,{
				"<=msec": 16.000
				,"percent": 99.66
				}
			,{
				"<=msec": 17.000
				,"percent": 99.78
				}
			,{
				"<=msec": 18.000
				,"percent": 99.81
				}
			,{
				"<=msec": 19.000
				,"percent": 99.85
				}
			,{
				"<=msec": 20.000
				,"percent": 99.91
				}
			,{
				"<=msec": 21.000
				,"percent": 99.92
				}
			,{
				"<=msec": 23.000
				,"percent": 99.93
				}
			,{
				"<=msec": 24.000
				,"percent": 99.95
				}
			,{
				"<=msec": 25.000
				,"percent": 99.96
				}
			,{
				"<=msec": 26.000
				,"percent": 99.97
				}
			,{
				"<=msec": 31.000
				,"percent": 99.99
				}
			,{
				"<=msec": 35.000
				,"percent": 100.00
				}
			]
		,"GET":[
			{
				"<=msec": 1.200
				,"percent": 0.02
				}
			,{
				"<=msec": 1.300
				,"percent": 0.18
				}
			,{
				"<=msec": 1.400
				,"percent": 1.18
				}
			,{
				"<=msec": 1.500
				,"percent": 3.63
				}
			,{
				"<=msec": 1.600
				,"percent": 7.78
				}
			,{
				"<=msec": 1.700
				,"percent": 12.76
				}
			,{
				"<=msec": 1.800
				,"percent": 18.61
				}
			,{
				"<=msec": 1.900
				,"percent": 24.57
				}
			,{
				"<=msec": 2.000
				,"percent": 30.38
				}
			,{
				"<=msec": 2.100
				,"percent": 36.00
				}
			,{
				"<=msec": 2.200
				,"percent": 41.59
				}
			,{
				"<=msec": 2.300
				,"percent": 46.50
				}
			,{
				"<=msec": 2.400
				,"percent": 50.88
				}
			,{
				"<=msec": 2.500
				,"percent": 54.70
				}
			,{
				"<=msec": 2.600
				,"percent": 57.88
				}
			,{
				"<=msec": 2.700
				,"percent": 60.55
				}
			,{
				"<=msec": 2.800
				,"percent": 63.14
				}
			,{
				"<=msec": 2.900
				,"percent": 65.01
				}
			,{
				"<=msec": 3.000
				,"percent": 66.64
				}
			,{
				"<=msec": 3.100
				,"percent": 67.94
				}
			,{
				"<=msec": 3.200
				,"percent": 68.92
				}
			,{
				"<=msec": 3.300
				,"percent": 69.80
				}
			,{
				"<=msec": 3.400
				,"percent": 70.59
				}
			,{
				"<=msec": 3.500
				,"percent": 71.21
				}
			,{
				"<=msec": 3.600
				,"percent": 71.75
				}
			,{
				"<=msec": 3.700
				,"percent": 72.16
				}
			,{
				"<=msec": 3.800
				,"percent": 72.46
				}
			,{
				"<=msec": 3.900
				,"percent": 72.74
				}
			,{
				"<=msec": 4.000
				,"percent": 73.08
				}
			,{
				"<=msec": 4.100
				,"percent": 73.34
				}
			,{
				"<=msec": 4.200
				,"percent": 73.52
				}
			,{
				"<=msec": 4.300
				,"percent": 73.69
				}
			,{
				"<=msec": 4.400
				,"percent": 73.92
				}
			,{
				"<=msec": 4.500
				,"percent": 74.11
				}
			,{
				"<=msec": 4.600
				,"percent": 74.30
				}
			,{
				"<=msec": 4.700
				,"percent": 74.42
				}
			,{
				"<=msec": 4.800
				,"percent": 74.54
				}
			,{
				"<=msec": 4.900
				,"percent": 74.73
				}
			,{
				"<=msec": 5.000
				,"percent": 74.96
				}
			,{
				"<=msec": 5.100
				,"percent": 75.14
				}
			,{
				"<=msec": 5.200
				,"percent": 75.26
				}
			,{
				"<=msec": 5.300
				,"percent": 75.39
				}
			,{
				"<=msec": 5.400
				,"percent": 75.51
				}
			,{
				"<=msec": 5.500
				,"percent": 75.60
				}
			,{
				"<=msec": 5.600
				,"percent": 75.74
				}
			,{
				"<=msec": 5.700
				,"percent": 75.86
				}
			,{
				"<=msec": 5.800
				,"percent": 76.00
				}
			,{
				"<=msec": 5.900
				,"percent": 76.16
				}
			,{
				"<=msec": 6.000
				,"percent": 76.35
				}
			,{
				"<=msec": 6.100
				,"percent": 76.49
				}
			,{
				"<=msec": 6.200
				,"percent": 76.64
				}
			,{
				"<=msec": 6.300
				,"percent": 76.76
				}
			,{
				"<=msec": 6.400
				,"percent": 76.87
				}
			,{
				"<=msec": 6.500
				,"percent": 77.00
				}
			,{
				"<=msec": 6.600
				,"percent": 77.14
				}
			,{
				"<=msec": 6.700
				,"percent": 77.27
				}
			,{
				"<=msec": 6.800
				,"percent": 77.38
				}
			,{
				"<=msec": 6.900
				,"percent": 77.48
				}
			,{
				"<=msec": 7.000
				,"percent": 77.62
				}
			,{
				"<=msec": 7.100
				,"percent": 77.77
				}
			,{
				"<=msec": 7.200
				,"percent": 77.93
				}
			,{
				"<=msec": 7.300
				,"percent": 78.07
				}
			,{
				"<=msec": 7.400
				,"percent": 78.26
				}
			,{
				"<=msec": 7.500
				,"percent": 78.38
				}
			,{
				"<=msec": 7.600
				,"percent": 78.58
				}
			,{
				"<=msec": 7.700
				,"percent": 78.73
				}
			,{
				"<=msec": 7.800
				,"percent": 78.85
				}
			,{
				"<=msec": 7.900
				,"percent": 79.00
				}
			,{
				"<=msec": 8.000
				,"percent": 79.20
				}
			,{
				"<=msec": 8.100
				,"percent": 79.36
				}
			,{
				"<=msec": 8.200
				,"percent": 79.54
				}
			,{
				"<=msec": 8.300
				,"percent": 79.65
				}
			,{
				"<=msec": 8.400
				,"percent": 79.74
				}
			,{
				"<=msec": 8.500
				,"percent": 79.91
				}
			,{
				"<=msec": 8.600
				,"percent": 80.08
				}
			,{
				"<=msec": 8.700
				,"percent": 80.21
				}
			,{
				"<=msec": 8.800
				,"percent": 80.37
				}
			,{
				"<=msec": 8.900
				,"percent": 80.45
				}
			,{
				"<=msec": 9.000
				,"percent": 80.60
				}
			,{
				"<=msec": 9.100
				,"percent": 80.74
				}
			,{
				"<=msec": 9.200
				,"percent": 80.89
				}
			,{
				"<=msec": 9.300
				,"percent": 81.00
				}
			,{
				"<=msec": 9.400
				,"percent": 81.10
				}
			,{
				"<=msec": 9.500
				,"percent": 81.30
				}
			,{
				"<=msec": 9.600
				,"percent": 81.42
				}
			,{
				"<=msec": 9.700
				,"percent": 81.56
				}
			,{
				"<=msec": 9.800
				,"percent": 81.70
				}
			,{
				"<=msec": 9.900
				,"percent": 81.76
				}
			,{
				"<=msec": 10.000
				,"percent": 82.53
				}
			,{
				"<=msec": 11.000
				,"percent": 84.34
				}
			,{
				"<=msec": 12.000
				,"percent": 87.32
				}
			,{
				"<=msec": 13.000
				,"percent": 90.84
				}
			,{
				"<=msec": 14.000
				,"percent": 93.69
				}
			,{
				"<=msec": 15.000
				,"percent": 94.96
				}
			,{
				"<=msec": 16.000
				,"percent": 98.04
				}
			,{
				"<=msec": 17.000
				,"percent": 98.73
				}
			,{
				"<=msec": 18.000
				,"percent": 98.88
				}
			,{
				"<=msec": 19.000
				,"percent": 99.00
				}
			,{
				"<=msec": 20.000
				,"percent": 99.10
				}
			,{
				"<=msec": 21.000
				,"percent": 99.19
				}
			,{
				"<=msec": 22.000
				,"percent": 99.27
				}
			,{
				"<=msec": 23.000
				,"percent": 99.33
				}
			,{
				"<=msec": 24.000
				,"percent": 99.40
				}
			,{
				"<=msec": 25.000
				,"percent": 99.48
				}
			,{
				"<=msec": 26.000
				,"percent": 99.54
				}
			,{
				"<=msec": 27.000
				,"percent": 99.63
				}
			,{
				"<=msec": 28.000
				,"percent": 99.83
				}
			,{
				"<=msec": 29.000
				,"percent": 99.92
				}
			,{
				"<=msec": 30.000
				,"percent": 99.95
				}
			,{
				"<=msec": 31.000
				,"percent": 99.97
				}
			,{
				"<=msec": 32.000
				,"percent": 99.98
				}
			,{
				"<=msec": 33.000
				,"percent": 99.99
				}
			,{
				"<=msec": 53.000
				,"percent": 100.00
				}
			]
		,"WAIT":[
		]
		}
	}
