{
	"configuration":{
		"server": "10.0.0.9"
		,"port": 11212
		,"unix socket": "(null)"
		,"protocol": "memcache_text"
		,"out_file": "(null)"
		,"client_stats": "(null)"
		,"run_count": 1
		,"debug": 0
		,"requests": 0
		,"clients": 2
		,"threads": 1
		,"test_time": 60
		,"ratio": "1:3"
		,"pipeline": 1
		,"data_size": 4096
		,"data_offset": 0
		,"random_data": "false"
		,"data_size_range": "0:0"
		,"data_size_list": ""
		,"data_size_pattern": "R"
		,"expiry_range": "9999:10000"
		,"data_import": "(null)"
		,"data_verify": "false"
		,"verify_only": "false"
		,"generate_keys": "false"
		,"key_prefix": "memtier-"
		,"key_minimum":           0
		,"key_maximum":        1000
		,"key_pattern": "R:R"
		,"key_stddev": 0.000000
		,"key_median": 0.000000
		,"reconnect_interval": 0
		,"multi_key_get": 3
		,"authenticate": ""
		,"select-db": 0
		,"no-expiry": "false"
		,"wait-ratio": "0:0"
		,"num-slaves": "0:0"
		,"wait-timeout": "0-0"
		}
	,"run information":{
		"Threads": 1
		,"Connections per thread": 2
		,"Seconds": 60
		}
	,"ALL STATS":{
		"Sets":{
			"Ops/sec": 561.13
			,"Hits/sec": 0.00
			,"Misses/sec": 0.00
			,"Latency": 1.82
			,"KB/sec": 2266.09
			}
		,"Gets":{
			"Ops/sec": 561.13
			,"Hits/sec": 1683.38
			,"Misses/sec": 0.00
			,"Latency": 1.72
			,"KB/sec": 6804.39
			}
		,"Waits":{
			"Ops/sec": 0.00
			,"Hits/sec": 0.00
			,"Misses/sec": 0.00
			,"Latency": 0.00
			,"KB/sec": 0.00
			}
		,"Totals":{
			"Ops/sec": 1122.25
			,"Hits/sec": 1683.38
			,"Misses/sec": 0.00
			,"Latency": 1.77
			,"KB/sec": 9070.48
			}
		,"SET":[
			{
				"<=msec": 0.750
				,"percent": 0.01
				}
			,{
				"<=msec": 0.760
				,"percent": 0.01
				}
			,{
				"<=msec": 0.770
				,"percent": 0.02
				}
			,{
				"<=msec": 0.780
				,"percent": 0.02
				}
			,{
				"<=msec": 0.790
				,"percent": 0.04
				}
			,{
				"<=msec": 0.800
				,"percent": 0.07
				}
			,{
				"<=msec": 0.810
				,"percent": 0.11
				}
			,{
				"<=msec": 0.820
				,"percent": 0.14
				}
			,{
				"<=msec": 0.830
				,"percent": 0.20
				}
			,{
				"<=msec": 0.840
				,"percent": 0.30
				}
			,{
				"<=msec": 0.850
				,"percent": 0.40
				}
			,{
				"<=msec": 0.860
				,"percent": 0.54
				}
			,{
				"<=msec": 0.870
				,"percent": 0.72
				}
			,{
				"<=msec": 0.880
				,"percent": 0.96
				}
			,{
				"<=msec": 0.890
				,"percent": 1.21
				}
			,{
				"<=msec": 0.900
				,"percent": 1.48
				}
			,{
				"<=msec": 0.910
				,"percent": 1.81
				}
			,{
				"<=msec": 0.920
				,"percent": 2.19
				}
			,{
				"<=msec": 0.930
				,"percent": 2.63
				}
			,{
				"<=msec": 0.940
				,"percent": 3.17
				}
			,{
				"<=msec": 0.950
				,"percent": 3.80
				}
			,{
				"<=msec": 0.960
				,"percent": 4.48
				}
			,{
				"<=msec": 0.970
				,"percent": 5.22
				}
			,{
				"<=msec": 0.980
				,"percent": 6.01
				}
			,{
				"<=msec": 0.990
				,"percent": 6.91
				}
			,{
				"<=msec": 1.000
				,"percent": 12.83
				}
			,{
				"<=msec": 1.100
				,"percent": 26.89
				}
			,{
				"<=msec": 1.200
				,"percent": 41.34
				}
			,{
				"<=msec": 1.300
				,"percent": 53.79
				}
			,{
				"<=msec": 1.400
				,"percent": 63.57
				}
			,{
				"<=msec": 1.500
				,"percent": 70.76
				}
			,{
				"<=msec": 1.600
				,"percent": 75.67
				}
			,{
				"<=msec": 1.700
				,"percent": 79.13
				}
			,{
				"<=msec": 1.800
				,"percent": 81.63
				}
			,{
				"<=msec": 1.900
				,"percent": 83.48
				}
			,{
				"<=msec": 2.000
				,"percent": 84.75
				}
			,{
				"<=msec": 2.100
				,"percent": 85.75
				}
			,{
				"<=msec": 2.200
				,"percent": 86.46
				}
			,{
				"<=msec": 2.300
				,"percent": 87.06
				}
			,{
				"<=msec": 2.400
				,"percent": 87.68
				}
			,{
				"<=msec": 2.500
				,"percent": 88.17
				}
			,{
				"<=msec": 2.600
				,"percent": 88.55
				}
			,{
				"<=msec": 2.700
				,"percent": 88.95
				}
			,{
				"<=msec": 2.800
				,"percent": 89.38
				}
			,{
				"<=msec": 2.900
				,"percent": 89.68
				}
			,{
				"<=msec": 3.000
				,"percent": 90.01
				}
			,{
				"<=msec": 3.100
				,"percent": 90.31
				}
			,{
				"<=msec": 3.200
				,"percent": 90.54
				}
			,{
				"<=msec": 3.300
				,"percent": 90.79
				}
			,{
				"<=msec": 3.400
				,"percent": 91.04
				}
			,{
				"<=msec": 3.500
				,"percent": 91.32
				}
			,{
				"<=msec": 3.600
				,"percent": 91.55
				}
			,{
				"<=msec": 3.700
				,"percent": 91.72
				}
			,{
				"<=msec": 3.800
				,"percent": 91.92
				}
			,{
				"<=msec": 3.900
				,"percent": 92.11
				}
			,{
				"<=msec": 4.000
				,"percent": 92.32
				}
			,{
				"<=msec": 4.100
				,"percent": 92.50
				}
			,{
				"<=msec": 4.200
				,"percent": 92.68
				}
			,{
				"<=msec": 4.300
				,"percent": 92.85
				}
			,{
				"<=msec": 4.400
				,"percent": 93.04
				}
			,{
				"<=msec": 4.500
				,"percent": 93.22
				}
			,{
				"<=msec": 4.600
				,"percent": 93.40
				}
			,{
				"<=msec": 4.700
				,"percent": 93.57
				}
			,{
				"<=msec": 4.800
				,"percent": 93.71
				}
			,{
				"<=msec": 4.900
				,"percent": 93.90
				}
			,{
				"<=msec": 5.000
				,"percent": 94.07
				}
			,{
				"<=msec": 5.100
				,"percent": 94.23
				}
			,{
				"<=msec": 5.200
				,"percent": 94.42
				}
			,{
				"<=msec": 5.300
				,"percent": 94.59
				}
			,{
				"<=msec": 5.400
				,"percent": 94.77
				}
			,{
				"<=msec": 5.500
				,"percent": 94.95
				}
			,{
				"<=msec": 5.600
				,"percent": 95.12
				}
			,{
				"<=msec": 5.700
				,"percent": 95.32
				}
			,{
				"<=msec": 5.800
				,"percent": 95.52
				}
			,{
				"<=msec": 5.900
				,"percent": 95.69
				}
			,{
				"<=msec": 6.000
				,"percent": 95.90
				}
			,{
				"<=msec": 6.100
				,"percent": 96.06
				}
			,{
				"<=msec": 6.200
				,"percent": 96.22
				}
			,{
				"<=msec": 6.300
				,"percent": 96.40
				}
			,{
				"<=msec": 6.400
				,"percent": 96.59
				}
			,{
				"<=msec": 6.500
				,"percent": 96.80
				}
			,{
				"<=msec": 6.600
				,"percent": 96.97
				}
			,{
				"<=msec": 6.700
				,"percent": 97.17
				}
			,{
				"<=msec": 6.800
				,"percent": 97.33
				}
			,{
				"<=msec": 6.900
				,"percent": 97.50
				}
			,{
				"<=msec": 7.000
				,"percent": 97.65
				}
			,{
				"<=msec": 7.100
				,"percent": 97.76
				}
			,{
				"<=msec": 7.200
				,"percent": 97.88
				}
			,{
				"<=msec": 7.300
				,"percent": 98.00
				}
			,{
				"<=msec": 7.400
				,"percent": 98.11
				}
			,{
				"<=msec": 7.500
				,"percent": 98.21
				}
			,{
				"<=msec": 7.600
				,"percent": 98.29
				}
			,{
				"<=msec": 7.700
				,"percent": 98.41
				}
			,{
				"<=msec": 7.800
				,"percent": 98.48
				}
			,{
				"<=msec": 7.900
				,"percent": 98.58
				}
			,{
				"<=msec": 8.000
				,"percent": 98.66
				}
			,{
				"<=msec": 8.100
				,"percent": 98.72
				}
			,{
				"<=msec": 8.200
				,"percent": 98.79
				}
			,{
				"<=msec": 8.300
				,"percent": 98.85
				}
			,{
				"<=msec": 8.400
				,"percent": 98.90
				}
			,{
				"<=msec": 8.500
				,"percent": 98.98
				}
			,{
				"<=msec": 8.600
				,"percent": 99.02
				}
			,{
				"<=msec": 8.700
				,"percent": 99.05
				}
			,{
				"<=msec": 8.800
				,"percent": 99.11
				}
			,{
				"<=msec": 8.900
				,"percent": 99.16
				}
			,{
				"<=msec": 9.000
				,"percent": 99.23
				}
			,{
				"<=msec": 9.100
				,"percent": 99.25
				}
			,{
				"<=msec": 9.200
				,"percent": 99.28
				}
			,{
				"<=msec": 9.300
				,"percent": 99.33
				}
			,{
				"<=msec": 9.400
				,"percent": 99.36
				}
			,{
				"<=msec": 9.500
				,"percent": 99.39
				}
			,{
				"<=msec": 9.600
				,"percent": 99.42
				}
			,{
				"<=msec": 9.700
				,"percent": 99.45
				}
			,{
				"<=msec": 9.800
				,"percent": 99.48
				}
			,{
				"<=msec": 9.900
				,"percent": 99.51
				}
			,{
				"<=msec": 10.000
				,"percent": 99.65
				}
			,{
				"<=msec": 11.000
				,"percent": 99.79
				}
			,{
				"<=msec": 12.000
				,"percent": 99.85
				}
			,{
				"<=msec": 13.000
				,"percent": 99.88
				}
			,{
				"<=msec": 14.000
				,"percent": 99.90
				}
			,{
				"<=msec": 15.000
				,"percent": 99.92
				}
			,{
				"<=msec": 16.000
				,"percent": 99.95
				}
			,{
				"<=msec": 17.000
				,"percent": 99.95
				}
			,{
				"<=msec": 18.000
				,"percent": 99.96
				}
			,{
				"<=msec": 19.000
				,"percent": 99.97
				}
			,{
				"<=msec": 20.000
				,"percent": 99.98
				}
			,{
				"<=msec": 22.000
				,"percent": 99.98
				}
			,{
				"<=msec": 23.000
				,"percent": 99.98
				}
			,{
				"<=msec": 24.000
				,"percent": 99.99
				}
			,{
				"<=msec": 26.000
				,"percent": 99.99
				}
			,{
				"<=msec": 28.000
				,"percent": 99.99
				}
			,{
				"<=msec": 30.000
				,"percent": 99.99
				}
			,{
				"<=msec": 37.000
				,"percent": 100.00
				}
			]
		,"GET":[
			{
				"<=msec": 0.730
				,"percent": 0.00
				}
			,{
				"<=msec": 0.750
				,"percent": 0.01
				}
			,{
				"<=msec": 0.760
				,"percent": 0.01
				}
			,{
				"<=msec": 0.770
				,"percent": 0.01
				}
			,{
				"<=msec": 0.780
				,"percent": 0.01
				}
			,{
				"<=msec": 0.790
				,"percent": 0.02
				}
			,{
				"<=msec": 0.800
				,"percent": 0.03
				}
			,{
				"<=msec": 0.810
				,"percent": 0.04
				}
			,{
				"<=msec": 0.820
				,"percent": 0.05
				}
			,{
				"<=msec": 0.830
				,"percent": 0.06
				}
			,{
				"<=msec": 0.840
				,"percent": 0.08
				}
			,{
				"<=msec": 0.850
				,"percent": 0.12
				}
			,{
				"<=msec": 0.860
				,"percent": 0.16
				}
			,{
				"<=msec": 0.870
				,"percent": 0.20
				}
			,{
				"<=msec": 0.880
				,"percent": 0.26
				}
			,{
				"<=msec": 0.890
				,"percent": 0.34
				}
			,{
				"<=msec": 0.900
				,"percent": 0.45
				}
			,{
				"<=msec": 0.910
				,"percent": 0.55
				}
			,{
				"<=msec": 0.920
				,"percent": 0.65
				}
			,{
				"<=msec": 0.930
				,"percent": 0.79
				}
			,{
				"<=msec": 0.940
				,"percent": 0.97
				}
			,{
				"<=msec": 0.950
				,"percent": 1.19
				}
			,{
				"<=msec": 0.960
				,"percent": 1.43
				}
			,{
				"<=msec": 0.970
				,"percent": 1.68
				}
			,{
				"<=msec": 0.980
				,"percent": 1.97
				}
			,{
				"<=msec": 0.990
				,"percent": 2.32
				}
			,{
				"<=msec": 1.000
				,"percent": 4.96
				}
			,{
				"<=msec": 1.100
				,"percent": 13.21
				}
			,{
				"<=msec": 1.200
				,"percent": 24.94
				}
			,{
				"<=msec": 1.300
				,"percent": 38.51
				}
			,{
				"<=msec": 1.400
				,"percent": 51.27
				}
			,{
				"<=msec": 1.500
				,"percent": 62.02
				}
			,{
				"<=msec": 1.600
				,"percent": 70.17
				}
			,{
				"<=msec": 1.700
				,"percent": 76.80
				}
			,{
				"<=msec": 1.800
				,"percent": 81.60
				}
			,{
				"<=msec": 1.900
				,"percent": 85.03
				}
			,{
				"<=msec": 2.000
				,"percent": 87.54
				}
			,{
				"<=msec": 2.100
				,"percent": 89.36
				}
			,{
				"<=msec": 2.200
				,"percent": 90.64
				}
			,{
				"<=msec": 2.300
				,"percent": 91.70
				}
			,{
				"<=msec": 2.400
				,"percent": 92.47
				}
			,{
				"<=msec": 2.500
				,"percent": 93.06
				}
			,{
				"<=msec": 2.600
				,"percent": 93.53
				}
			,{
				"<=msec": 2.700
				,"percent": 93.87
				}
			,{
				"<=msec": 2.800
				,"percent": 94.19
				}
			,{
				"<=msec": 2.900
				,"percent": 94.49
				}
			,{
				"<=msec": 3.000
				,"percent": 94.69
				}
			,{
				"<=msec": 3.100
				,"percent": 94.92
				}
			,{
				"<=msec": 3.200
				,"percent": 95.14
				}
			,{
				"<=msec": 3.300
				,"percent": 95.28
				}
			,{
				"<=msec": 3.400
				,"percent": 95.47
				}
			,{
				"<=msec": 3.500
				,"percent": 95.60
				}
			,{
				"<=msec": 3.600
				,"percent": 95.72
				}
			,{
				"<=msec": 3.700
				,"percent": 95.84
				}
			,{
				"<=msec": 3.800
				,"percent": 95.94
				}
			,{
				"<=msec": 3.900
				,"percent": 96.02
				}
			,{
				"<=msec": 4.000
				,"percent": 96.12
				}
			,{
				"<=msec": 4.100
				,"percent": 96.22
				}
			,{
				"<=msec": 4.200
				,"percent": 96.29
				}
			,{
				"<=msec": 4.300
				,"percent": 96.36
				}
			,{
				"<=msec": 4.400
				,"percent": 96.47
				}
			,{
				"<=msec": 4.500
				,"percent": 96.53
				}
			,{
				"<=msec": 4.600
				,"percent": 96.62
				}
			,{
				"<=msec": 4.700
				,"percent": 96.70
				}
			,{
				"<=msec": 4.800
				,"percent": 96.78
				}
			,{
				"<=msec": 4.900
				,"percent": 96.84
				}
			,{
				"<=msec": 5.000
				,"percent": 96.92
				}
			,{
				"<=msec": 5.100
				,"percent": 97.01
				}
			,{
				"<=msec": 5.200
				,"percent": 97.11
				}
			,{
				"<=msec": 5.300
				,"percent": 97.19
				}
			,{
				"<=msec": 5.400
				,"percent": 97.31
				}
			,{
				"<=msec": 5.500
				,"percent": 97.40
				}
			,{
				"<=msec": 5.600
				,"percent": 97.47
				}
			,{
				"<=msec": 5.700
				,"percent": 97.51
				}
			,{
				"<=msec": 5.800
				,"percent": 97.59
				}
			,{
				"<=msec": 5.900
				,"percent": 97.67
				}
			,{
				"<=msec": 6.000
				,"percent": 97.76
				}
			,{
				"<=msec": 6.100
				,"percent": 97.86
				}
			,{
				"<=msec": 6.200
				,"percent": 97.95
				}
			,{
				"<=msec": 6.300
				,"percent": 98.04
				}
			,{
				"<=msec": 6.400
				,"percent": 98.12
				}
			,{
				"<=msec": 6.500
				,"percent": 98.21
				}
			,{
				"<=msec": 6.600
				,"percent": 98.32
				}
			,{
				"<=msec": 6.700
				,"percent": 98.42
				}
			,{
				"<=msec": 6.800
				,"percent": 98.54
				}
			,{
				"<=msec": 6.900
				,"percent": 98.62
				}
			,{
				"<=msec": 7.000
				,"percent": 98.71
				}
			,{
				"<=msec": 7.100
				,"percent": 98.81
				}
			,{
				"<=msec": 7.200
				,"percent": 98.93
				}
			,{
				"<=msec": 7.300
				,"percent": 99.03
				}
			,{
				"<=msec": 7.400
				,"percent": 99.08
				}
			,{
				"<=msec": 7.500
				,"percent": 99.15
				}
			,{
				"<=msec": 7.600
				,"percent": 99.19
				}
			,{
				"<=msec": 7.700
				,"percent": 99.23
				}
			,{
				"<=msec": 7.800
				,"percent": 99.29
				}
			,{
				"<=msec": 7.900
				,"percent": 99.34
				}
			,{
				"<=msec": 8.000
				,"percent": 99.37
				}
			,{
				"<=msec": 8.100
				,"percent": 99.40
				}
			,{
				"<=msec": 8.200
				,"percent": 99.43
				}
			,{
				"<=msec": 8.300
				,"percent": 99.45
				}
			,{
				"<=msec": 8.400
				,"percent": 99.48
				}
			,{
				"<=msec": 8.500
				,"percent": 99.51
				}
			,{
				"<=msec": 8.600
				,"percent": 99.53
				}
			,{
				"<=msec": 8.700
				,"percent": 99.54
				}
			,{
				"<=msec": 8.800
				,"percent": 99.55
				}
			,{
				"<=msec": 8.900
				,"percent": 99.58
				}
			,{
				"<=msec": 9.000
				,"percent": 99.59
				}
			,{
				"<=msec": 9.100
				,"percent": 99.60
				}
			,{
				"<=msec": 9.200
				,"percent": 99.62
				}
			,{
				"<=msec": 9.300
				,"percent": 99.62
				}
			,{
				"<=msec": 9.400
				,"percent": 99.63
				}
			,{
				"<=msec": 9.500
				,"percent": 99.65
				}
			,{
				"<=msec": 9.600
				,"percent": 99.66
				}
			,{
				"<=msec": 9.700
				,"percent": 99.66
				}
			,{
				"<=msec": 9.800
				,"percent": 99.68
				}
			,{
				"<=msec": 9.900
				,"percent": 99.69
				}
			,{
				"<=msec": 10.000
				,"percent": 99.75
				}
			,{
				"<=msec": 11.000
				,"percent": 99.84
				}
			,{
				"<=msec": 12.000
				,"percent": 99.88
				}
			,{
				"<=msec": 13.000
				,"percent": 99.90
				}
			,{
				"<=msec": 14.000
				,"percent": 99.93
				}
			,{
				"<=msec": 15.000
				,"percent": 99.95
				}
			,{
				"<=msec": 16.000
				,"percent": 99.95
				}
			,{
				"<=msec": 17.000
				,"percent": 99.97
				}
			,{
				"<=msec": 18.000
				,"percent": 99.97
				}
			,{
				"<=msec": 19.000
				,"percent": 99.98
				}
			,{
				"<=msec": 21.000
				,"percent": 99.98
				}
			,{
				"<=msec": 22.000
				,"percent": 99.98
				}
			,{
				"<=msec": 24.000
				,"percent": 99.99
				}
			,{
				"<=msec": 25.000
				,"percent": 99.99
				}
			,{
				"<=msec": 26.000
				,"percent": 99.99
				}
			,{
				"<=msec": 28.000
				,"percent": 100.00
				}
			,{
				"<=msec": 37.000
				,"percent": 100.00
				}
			]
		,"WAIT":[
		]
		}
	}
