{
	"configuration":{
		"server": "10.0.0.9"
		,"port": 11212
		,"unix socket": "(null)"
		,"protocol": "memcache_text"
		,"out_file": "(null)"
		,"client_stats": "(null)"
		,"run_count": 1
		,"debug": 0
		,"requests": 0
		,"clients": 2
		,"threads": 1
		,"test_time": 60
		,"ratio": "1:1"
		,"pipeline": 1
		,"data_size": 4096
		,"data_offset": 0
		,"random_data": "false"
		,"data_size_range": "0:0"
		,"data_size_list": ""
		,"data_size_pattern": "R"
		,"expiry_range": "9999:10000"
		,"data_import": "(null)"
		,"data_verify": "false"
		,"verify_only": "false"
		,"generate_keys": "false"
		,"key_prefix": "memtier-"
		,"key_minimum":           0
		,"key_maximum":        1000
		,"key_pattern": "R:R"
		,"key_stddev": 0.000000
		,"key_median": 0.000000
		,"reconnect_interval": 0
		,"multi_key_get": 1
		,"authenticate": ""
		,"select-db": 0
		,"no-expiry": "false"
		,"wait-ratio": "0:0"
		,"num-slaves": "0:0"
		,"wait-timeout": "0-0"
		}
	,"run information":{
		"Threads": 1
		,"Connections per thread": 2
		,"Seconds": 60
		}
	,"ALL STATS":{
		"Sets":{
			"Ops/sec": 616.85
			,"Hits/sec": 0.00
			,"Misses/sec": 0.00
			,"Latency": 1.88
			,"KB/sec": 2491.15
			}
		,"Gets":{
			"Ops/sec": 616.84
			,"Hits/sec": 616.84
			,"Misses/sec": 0.00
			,"Latency": 1.34
			,"KB/sec": 2497.34
			}
		,"Waits":{
			"Ops/sec": 0.00
			,"Hits/sec": 0.00
			,"Misses/sec": 0.00
			,"Latency": 0.00
			,"KB/sec": 0.00
			}
		,"Totals":{
			"Ops/sec": 1233.69
			,"Hits/sec": 616.84
			,"Misses/sec": 0.00
			,"Latency": 1.61
			,"KB/sec": 4988.48
			}
		,"SET":[
			{
				"<=msec": 0.750
				,"percent": 0.00
				}
			,{
				"<=msec": 0.780
				,"percent": 0.01
				}
			,{
				"<=msec": 0.790
				,"percent": 0.02
				}
			,{
				"<=msec": 0.800
				,"percent": 0.02
				}
			,{
				"<=msec": 0.810
				,"percent": 0.04
				}
			,{
				"<=msec": 0.820
				,"percent": 0.08
				}
			,{
				"<=msec": 0.830
				,"percent": 0.13
				}
			,{
				"<=msec": 0.840
				,"percent": 0.17
				}
			,{
				"<=msec": 0.850
				,"percent": 0.24
				}
			,{
				"<=msec": 0.860
				,"percent": 0.35
				}
			,{
				"<=msec": 0.870
				,"percent": 0.49
				}
			,{
				"<=msec": 0.880
				,"percent": 0.65
				}
			,{
				"<=msec": 0.890
				,"percent": 0.83
				}
			,{
				"<=msec": 0.900
				,"percent": 1.06
				}
			,{
				"<=msec": 0.910
				,"percent": 1.39
				}
			,{
				"<=msec": 0.920
				,"percent": 1.78
				}
			,{
				"<=msec": 0.930
				,"percent": 2.22
				}
			,{
				"<=msec": 0.940
				,"percent": 2.72
				}
			,{
				"<=msec": 0.950
				,"percent": 3.31
				}
			,{
				"<=msec": 0.960
				,"percent": 3.97
				}
			,{
				"<=msec": 0.970
				,"percent": 4.69
				}
			,{
				"<=msec": 0.980
				,"percent": 5.52
				}
			,{
				"<=msec": 0.990
				,"percent": 6.41
				}
			,{
				"<=msec": 1.000
				,"percent": 12.36
				}
			,{
				"<=msec": 1.100
				,"percent": 25.84
				}
			,{
				"<=msec": 1.200
				,"percent": 40.19
				}
			,{
				"<=msec": 1.300
				,"percent": 52.89
				}
			,{
				"<=msec": 1.400
				,"percent": 62.44
				}
			,{
				"<=msec": 1.500
				,"percent": 69.50
				}
			,{
				"<=msec": 1.600
				,"percent": 74.15
				}
			,{
				"<=msec": 1.700
				,"percent": 77.65
				}
			,{
				"<=msec": 1.800
				,"percent": 80.04
				}
			,{
				"<=msec": 1.900
				,"percent": 81.77
				}
			,{
				"<=msec": 2.000
				,"percent": 83.15
				}
			,{
				"<=msec": 2.100
				,"percent": 84.12
				}
			,{
				"<=msec": 2.200
				,"percent": 84.99
				}
			,{
				"<=msec": 2.300
				,"percent": 85.67
				}
			,{
				"<=msec": 2.400
				,"percent": 86.28
				}
			,{
				"<=msec": 2.500
				,"percent": 86.80
				}
			,{
				"<=msec": 2.600
				,"percent": 87.30
				}
			,{
				"<=msec": 2.700
				,"percent": 87.72
				}
			,{
				"<=msec": 2.800
				,"percent": 88.16
				}
			,{
				"<=msec": 2.900
				,"percent": 88.55
				}
			,{
				"<=msec": 3.000
				,"percent": 88.92
				}
			,{
				"<=msec": 3.100
				,"percent": 89.26
				}
			,{
				"<=msec": 3.200
				,"percent": 89.54
				}
			,{
				"<=msec": 3.300
				,"percent": 89.82
				}
			,{
				"<=msec": 3.400
				,"percent": 90.09
				}
			,{
				"<=msec": 3.500
				,"percent": 90.38
				}
			,{
				"<=msec": 3.600
				,"percent": 90.62
				}
			,{
				"<=msec": 3.700
				,"percent": 90.85
				}
			,{
				"<=msec": 3.800
				,"percent": 91.11
				}
			,{
				"<=msec": 3.900
				,"percent": 91.33
				}
			,{
				"<=msec": 4.000
				,"percent": 91.51
				}
			,{
				"<=msec": 4.100
				,"percent": 91.72
				}
			,{
				"<=msec": 4.200
				,"percent": 91.93
				}
			,{
				"<=msec": 4.300
				,"percent": 92.11
				}
			,{
				"<=msec": 4.400
				,"percent": 92.33
				}
			,{
				"<=msec": 4.500
				,"percent": 92.53
				}
			,{
				"<=msec": 4.600
				,"percent": 92.70
				}
			,{
				"<=msec": 4.700
				,"percent": 92.90
				}
			,{
				"<=msec": 4.800
				,"percent": 93.11
				}
			,{
				"<=msec": 4.900
				,"percent": 93.29
				}
			,{
				"<=msec": 5.000
				,"percent": 93.49
				}
			,{
				"<=msec": 5.100
				,"percent": 93.68
				}
			,{
				"<=msec": 5.200
				,"percent": 93.89
				}
			,{
				"<=msec": 5.300
				,"percent": 94.05
				}
			,{
				"<=msec": 5.400
				,"percent": 94.25
				}
			,{
				"<=msec": 5.500
				,"percent": 94.43
				}
			,{
				"<=msec": 5.600
				,"percent": 94.61
				}
			,{
				"<=msec": 5.700
				,"percent": 94.77
				}
			,{
				"<=msec": 5.800
				,"percent": 94.94
				}
			,{
				"<=msec": 5.900
				,"percent": 95.10
				}
			,{
				"<=msec": 6.000
				,"percent": 95.32
				}
			,{
				"<=msec": 6.100
				,"percent": 95.58
				}
			,{
				"<=msec": 6.200
				,"percent": 95.85
				}
			,{
				"<=msec": 6.300
				,"percent": 96.07
				}
			,{
				"<=msec": 6.400
				,"percent": 96.32
				}
			,{
				"<=msec": 6.500
				,"percent": 96.54
				}
			,{
				"<=msec": 6.600
				,"percent": 96.75
				}
			,{
				"<=msec": 6.700
				,"percent": 96.98
				}
			,{
				"<=msec": 6.800
				,"percent": 97.17
				}
			,{
				"<=msec": 6.900
				,"percent": 97.37
				}
			,{
				"<=msec": 7.000
				,"percent": 97.57
				}
			,{
				"<=msec": 7.100
				,"percent": 97.68
				}
			,{
				"<=msec": 7.200
				,"percent": 97.79
				}
			,{
				"<=msec": 7.300
				,"percent": 97.88
				}
			,{
				"<=msec": 7.400
				,"percent": 97.96
				}
			,{
				"<=msec": 7.500
				,"percent": 98.06
				}
			,{
				"<=msec": 7.600
				,"percent": 98.13
				}
			,{
				"<=msec": 7.700
				,"percent": 98.20
				}
			,{
				"<=msec": 7.800
				,"percent": 98.27
				}
			,{
				"<=msec": 7.900
				,"percent": 98.35
				}
			,{
				"<=msec": 8.000
				,"percent": 98.42
				}
			,{
				"<=msec": 8.100
				,"percent": 98.51
				}
			,{
				"<=msec": 8.200
				,"percent": 98.59
				}
			,{
				"<=msec": 8.300
				,"percent": 98.65
				}
			,{
				"<=msec": 8.400
				,"percent": 98.72
				}
			,{
				"<=msec": 8.500
				,"percent": 98.80
				}
			,{
				"<=msec": 8.600
				,"percent": 98.87
				}
			,{
				"<=msec": 8.700
				,"percent": 98.92
				}
			,{
				"<=msec": 8.800
				,"percent": 98.94
				}
			,{
				"<=msec": 8.900
				,"percent": 98.99
				}
			,{
				"<=msec": 9.000
				,"percent": 99.05
				}
			,{
				"<=msec": 9.100
				,"percent": 99.10
				}
			,{
				"<=msec": 9.200
				,"percent": 99.14
				}
			,{
				"<=msec": 9.300
				,"percent": 99.20
				}
			,{
				"<=msec": 9.400
				,"percent": 99.22
				}
			,{
				"<=msec": 9.500
				,"percent": 99.25
				}
			,{
				"<=msec": 9.600
				,"percent": 99.29
				}
			,{
				"<=msec": 9.700
				,"percent": 99.32
				}
			,{
				"<=msec": 9.800
				,"percent": 99.37
				}
			,{
				"<=msec": 9.900
				,"percent": 99.39
				}
			,{
				"<=msec": 10.000
				,"percent": 99.54
				}
			,{
				"<=msec": 11.000
				,"percent": 99.76
				}
			,{
				"<=msec": 12.000
				,"percent": 99.81
				}
			,{
				"<=msec": 13.000
				,"percent": 99.86
				}
			,{
				"<=msec": 14.000
				,"percent": 99.88
				}
			,{
				"<=msec": 15.000
				,"percent": 99.90
				}
			,{
				"<=msec": 16.000
				,"percent": 99.91
				}
			,{
				"<=msec": 17.000
				,"percent": 99.93
				}
			,{
				"<=msec": 18.000
				,"percent": 99.94
				}
			,{
				"<=msec": 19.000
				,"percent": 99.94
				}
			,{
				"<=msec": 20.000
				,"percent": 99.95
				}
			,{
				"<=msec": 21.000
				,"percent": 99.96
				}
			,{
				"<=msec": 22.000
				,"percent": 99.97
				}
			,{
				"<=msec": 23.000
				,"percent": 99.97
				}
			,{
				"<=msec": 24.000
				,"percent": 99.98
				}
			,{
				"<=msec": 25.000
				,"percent": 99.98
				}
			,{
				"<=msec": 26.000
				,"percent": 99.98
				}
			,{
				"<=msec": 31.000
				,"percent": 99.99
				}
			,{
				"<=msec": 33.000
				,"percent": 99.99
				}
			,{
				"<=msec": 48.000
				,"percent": 99.99
				}
			,{
				"<=msec": 49.000
				,"percent": 99.99
				}
			,{
				"<=msec": 60.000
				,"percent": 100.00
				}
			,{
				"<=msec": 61.000
				,"percent": 100.00
				}
			]
		,"GET":[
			{
				"<=msec": 0.600
				,"percent": 0.00
				}
			,{
				"<=msec": 0.620
				,"percent": 0.01
				}
			,{
				"<=msec": 0.630
				,"percent": 0.02
				}
			,{
				"<=msec": 0.640
				,"percent": 0.04
				}
			,{
				"<=msec": 0.650
				,"percent": 0.05
				}
			,{
				"<=msec": 0.660
				,"percent": 0.11
				}
			,{
				"<=msec": 0.670
				,"percent": 0.17
				}
			,{
				"<=msec": 0.680
				,"percent": 0.26
				}
			,{
				"<=msec": 0.690
				,"percent": 0.38
				}
			,{
				"<=msec": 0.700
				,"percent": 0.56
				}
			,{
				"<=msec": 0.710
				,"percent": 0.75
				}
			,{
				"<=msec": 0.720
				,"percent": 0.98
				}
			,{
				"<=msec": 0.730
				,"percent": 1.32
				}
			,{
				"<=msec": 0.740
				,"percent": 1.66
				}
			,{
				"<=msec": 0.750
				,"percent": 2.16
				}
			,{
				"<=msec": 0.760
				,"percent": 2.73
				}
			,{
				"<=msec": 0.770
				,"percent": 3.37
				}
			,{
				"<=msec": 0.780
				,"percent": 4.13
				}
			,{
				"<=msec": 0.790
				,"percent": 5.07
				}
			,{
				"<=msec": 0.800
				,"percent": 6.06
				}
			,{
				"<=msec": 0.810
				,"percent": 7.19
				}
			,{
				"<=msec": 0.820
				,"percent": 8.43
				}
			,{
				"<=msec": 0.830
				,"percent": 9.67
				}
			,{
				"<=msec": 0.840
				,"percent": 11.12
				}
			,{
				"<=msec": 0.850
				,"percent": 12.64
				}
			,{
				"<=msec": 0.860
				,"percent": 14.22
				}
			,{
				"<=msec": 0.870
				,"percent": 15.92
				}
			,{
				"<=msec": 0.880
				,"percent": 17.52
				}
			,{
				"<=msec": 0.890
				,"percent": 19.36
				}
			,{
				"<=msec": 0.900
				,"percent": 21.26
				}
			,{
				"<=msec": 0.910
				,"percent": 23.12
				}
			,{
				"<=msec": 0.920
				,"percent": 25.01
				}
			,{
				"<=msec": 0.930
				,"percent": 26.91
				}
			,{
				"<=msec": 0.940
				,"percent": 28.82
				}
			,{
				"<=msec": 0.950
				,"percent": 30.86
				}
			,{
				"<=msec": 0.960
				,"percent": 32.87
				}
			,{
				"<=msec": 0.970
				,"percent": 34.77
				}
			,{
				"<=msec": 0.980
				,"percent": 36.75
				}
			,{
				"<=msec": 0.990
				,"percent": 38.73
				}
			,{
				"<=msec": 1.000
				,"percent": 48.88
				}
			,{
				"<=msec": 1.100
				,"percent": 63.02
				}
			,{
				"<=msec": 1.200
				,"percent": 73.05
				}
			,{
				"<=msec": 1.300
				,"percent": 79.87
				}
			,{
				"<=msec": 1.400
				,"percent": 84.33
				}
			,{
				"<=msec": 1.500
				,"percent": 87.18
				}
			,{
				"<=msec": 1.600
				,"percent": 89.09
				}
			,{
				"<=msec": 1.700
				,"percent": 90.47
				}
			,{
				"<=msec": 1.800
				,"percent": 91.31
				}
			,{
				"<=msec": 1.900
				,"percent": 92.06
				}
			,{
				"<=msec": 2.000
				,"percent": 92.66
				}
			,{
				"<=msec": 2.100
				,"percent": 93.11
				}
			,{
				"<=msec": 2.200
				,"percent": 93.46
				}
			,{
				"<=msec": 2.300
				,"percent": 93.75
				}
			,{
				"<=msec": 2.400
				,"percent": 94.04
				}
			,{
				"<=msec": 2.500
				,"percent": 94.32
				}
			,{
				"<=msec": 2.600
				,"percent": 94.52
				}
			,{
				"<=msec": 2.700
				,"percent": 94.76
				}
			,{
				"<=msec": 2.800
				,"percent": 94.93
				}
			,{
				"<=msec": 2.900
				,"percent": 95.11
				}
			,{
				"<=msec": 3.000
				,"percent": 95.30
				}
			,{
				"<=msec": 3.100
				,"percent": 95.44
				}
			,{
				"<=msec": 3.200
				,"percent": 95.62
				}
			,{
				"<=msec": 3.300
				,"percent": 95.77
				}
			,{
				"<=msec": 3.400
				,"percent": 95.89
				}
			,{
				"<=msec": 3.500
				,"percent": 96.01
				}
			,{
				"<=msec": 3.600
				,"percent": 96.14
				}
			,{
				"<=msec": 3.700
				,"percent": 96.23
				}
			,{
				"<=msec": 3.800
				,"percent": 96.37
				}
			,{
				"<=msec": 3.900
				,"percent": 96.47
				}
			,{
				"<=msec": 4.000
				,"percent": 96.56
				}
			,{
				"<=msec": 4.100
				,"percent": 96.66
				}
			,{
				"<=msec": 4.200
				,"percent": 96.76
				}
			,{
				"<=msec": 4.300
				,"percent": 96.82
				}
			,{
				"<=msec": 4.400
				,"percent": 96.91
				}
			,{
				"<=msec": 4.500
				,"percent": 97.00
				}
			,{
				"<=msec": 4.600
				,"percent": 97.09
				}
			,{
				"<=msec": 4.700
				,"percent": 97.17
				}
			,{
				"<=msec": 4.800
				,"percent": 97.26
				}
			,{
				"<=msec": 4.900
				,"percent": 97.39
				}
			,{
				"<=msec": 5.000
				,"percent": 97.47
				}
			,{
				"<=msec": 5.100
				,"percent": 97.58
				}
			,{
				"<=msec": 5.200
				,"percent": 97.66
				}
			,{
				"<=msec": 5.300
				,"percent": 97.74
				}
			,{
				"<=msec": 5.400
				,"percent": 97.82
				}
			,{
				"<=msec": 5.500
				,"percent": 97.92
				}
			,{
				"<=msec": 5.600
				,"percent": 97.99
				}
			,{
				"<=msec": 5.700
				,"percent": 98.05
				}
			,{
				"<=msec": 5.800
				,"percent": 98.14
				}
			,{
				"<=msec": 5.900
				,"percent": 98.22
				}
			,{
				"<=msec": 6.000
				,"percent": 98.32
				}
			,{
				"<=msec": 6.100
				,"percent": 98.41
				}
			,{
				"<=msec": 6.200
				,"percent": 98.52
				}
			,{
				"<=msec": 6.300
				,"percent": 98.61
				}
			,{
				"<=msec": 6.400
				,"percent": 98.70
				}
			,{
				"<=msec": 6.500
				,"percent": 98.81
				}
			,{
				"<=msec": 6.600
				,"percent": 98.89
				}
			,{
				"<=msec": 6.700
				,"percent": 98.99
				}
			,{
				"<=msec": 6.800
				,"percent": 99.07
				}
			,{
				"<=msec": 6.900
				,"percent": 99.14
				}
			,{
				"<=msec": 7.000
				,"percent": 99.19
				}
			,{
				"<=msec": 7.100
				,"percent": 99.24
				}
			,{
				"<=msec": 7.200
				,"percent": 99.27
				}
			,{
				"<=msec": 7.300
				,"percent": 99.32
				}
			,{
				"<=msec": 7.400
				,"percent": 99.34
				}
			,{
				"<=msec": 7.500
				,"percent": 99.37
				}
			,{
				"<=msec": 7.600
				,"percent": 99.39
				}
			,{
				"<=msec": 7.700
				,"percent": 99.42
				}
			,{
				"<=msec": 7.800
				,"percent": 99.45
				}
			,{
				"<=msec": 7.900
				,"percent": 99.46
				}
			,{
				"<=msec": 8.000
				,"percent": 99.49
				}
			,{
				"<=msec": 8.100
				,"percent": 99.50
				}
			,{
				"<=msec": 8.200
				,"percent": 99.51
				}
			,{
				"<=msec": 8.300
				,"percent": 99.52
				}
			,{
				"<=msec": 8.400
				,"percent": 99.54
				}
			,{
				"<=msec": 8.500
				,"percent": 99.55
				}
			,{
				"<=msec": 8.600
				,"percent": 99.58
				}
			,{
				"<=msec": 8.700
				,"percent": 99.60
				}
			,{
				"<=msec": 8.800
				,"percent": 99.62
				}
			,{
				"<=msec": 8.900
				,"percent": 99.62
				}
			,{
				"<=msec": 9.000
				,"percent": 99.64
				}
			,{
				"<=msec": 9.100
				,"percent": 99.65
				}
			,{
				"<=msec": 9.200
				,"percent": 99.66
				}
			,{
				"<=msec": 9.300
				,"percent": 99.67
				}
			,{
				"<=msec": 9.400
				,"percent": 99.69
				}
			,{
				"<=msec": 9.500
				,"percent": 99.70
				}
			,{
				"<=msec": 9.600
				,"percent": 99.72
				}
			,{
				"<=msec": 9.700
				,"percent": 99.73
				}
			,{
				"<=msec": 9.800
				,"percent": 99.75
				}
			,{
				"<=msec": 9.900
				,"percent": 99.75
				}
			,{
				"<=msec": 10.000
				,"percent": 99.84
				}
			,{
				"<=msec": 11.000
				,"percent": 99.91
				}
			,{
				"<=msec": 12.000
				,"percent": 99.94
				}
			,{
				"<=msec": 13.000
				,"percent": 99.96
				}
			,{
				"<=msec": 14.000
				,"percent": 99.97
				}
			,{
				"<=msec": 15.000
				,"percent": 99.97
				}
			,{
				"<=msec": 16.000
				,"percent": 99.97
				}
			,{
				"<=msec": 17.000
				,"percent": 99.98
				}
			,{
				"<=msec": 18.000
				,"percent": 99.98
				}
			,{
				"<=msec": 22.000
				,"percent": 99.99
				}
			,{
				"<=msec": 23.000
				,"percent": 99.99
				}
			,{
				"<=msec": 24.000
				,"percent": 100.00
				}
			,{
				"<=msec": 26.000
				,"percent": 100.00
				}
			]
		,"WAIT":[
		]
		}
	}
