{
	"configuration":{
		"server": "10.0.0.4"
		,"port": 11212
		,"unix socket": "(null)"
		,"protocol": "memcache_text"
		,"out_file": "(null)"
		,"client_stats": "(null)"
		,"run_count": 1
		,"debug": 0
		,"requests": 0
		,"clients": 2
		,"threads": 1
		,"test_time": 60
		,"ratio": "1:6"
		,"pipeline": 1
		,"data_size": 4096
		,"data_offset": 0
		,"random_data": "false"
		,"data_size_range": "0:0"
		,"data_size_list": ""
		,"data_size_pattern": "R"
		,"expiry_range": "9999:10000"
		,"data_import": "(null)"
		,"data_verify": "false"
		,"verify_only": "false"
		,"generate_keys": "false"
		,"key_prefix": "memtier-"
		,"key_minimum":           0
		,"key_maximum":        1000
		,"key_pattern": "R:R"
		,"key_stddev": 0.000000
		,"key_median": 0.000000
		,"reconnect_interval": 0
		,"multi_key_get": 6
		,"authenticate": ""
		,"select-db": 0
		,"no-expiry": "false"
		,"wait-ratio": "0:0"
		,"num-slaves": "0:0"
		,"wait-timeout": "0-0"
		}
	,"run information":{
		"Threads": 1
		,"Connections per thread": 2
		,"Seconds": 60
		}
	,"ALL STATS":{
		"Sets":{
			"Ops/sec": 206.42
			,"Hits/sec": 0.00
			,"Misses/sec": 0.00
			,"Latency": 4.26
			,"KB/sec": 833.64
			}
		,"Gets":{
			"Ops/sec": 206.42
			,"Hits/sec": 1238.55
			,"Misses/sec": 0.00
			,"Latency": 5.40
			,"KB/sec": 5004.31
			}
		,"Waits":{
			"Ops/sec": 0.00
			,"Hits/sec": 0.00
			,"Misses/sec": 0.00
			,"Latency": 0.00
			,"KB/sec": 0.00
			}
		,"Totals":{
			"Ops/sec": 412.85
			,"Hits/sec": 1238.55
			,"Misses/sec": 0.00
			,"Latency": 4.83
			,"KB/sec": 5837.94
			}
		,"SET":[
			{
				"<=msec": 1.400
				,"percent": 0.01
				}
			,{
				"<=msec": 1.500
				,"percent": 0.07
				}
			,{
				"<=msec": 1.600
				,"percent": 0.44
				}
			,{
				"<=msec": 1.700
				,"percent": 1.56
				}
			,{
				"<=msec": 1.800
				,"percent": 4.04
				}
			,{
				"<=msec": 1.900
				,"percent": 8.04
				}
			,{
				"<=msec": 2.000
				,"percent": 13.67
				}
			,{
				"<=msec": 2.100
				,"percent": 19.68
				}
			,{
				"<=msec": 2.200
				,"percent": 25.81
				}
			,{
				"<=msec": 2.300
				,"percent": 31.42
				}
			,{
				"<=msec": 2.400
				,"percent": 36.78
				}
			,{
				"<=msec": 2.500
				,"percent": 41.26
				}
			,{
				"<=msec": 2.600
				,"percent": 45.52
				}
			,{
				"<=msec": 2.700
				,"percent": 48.83
				}
			,{
				"<=msec": 2.800
				,"percent": 51.71
				}
			,{
				"<=msec": 2.900
				,"percent": 54.27
				}
			,{
				"<=msec": 3.000
				,"percent": 56.52
				}
			,{
				"<=msec": 3.100
				,"percent": 58.23
				}
			,{
				"<=msec": 3.200
				,"percent": 60.07
				}
			,{
				"<=msec": 3.300
				,"percent": 61.25
				}
			,{
				"<=msec": 3.400
				,"percent": 62.43
				}
			,{
				"<=msec": 3.500
				,"percent": 63.78
				}
			,{
				"<=msec": 3.600
				,"percent": 64.96
				}
			,{
				"<=msec": 3.700
				,"percent": 65.95
				}
			,{
				"<=msec": 3.800
				,"percent": 66.75
				}
			,{
				"<=msec": 3.900
				,"percent": 67.62
				}
			,{
				"<=msec": 4.000
				,"percent": 68.26
				}
			,{
				"<=msec": 4.100
				,"percent": 68.84
				}
			,{
				"<=msec": 4.200
				,"percent": 69.47
				}
			,{
				"<=msec": 4.300
				,"percent": 70.07
				}
			,{
				"<=msec": 4.400
				,"percent": 70.67
				}
			,{
				"<=msec": 4.500
				,"percent": 71.22
				}
			,{
				"<=msec": 4.600
				,"percent": 71.70
				}
			,{
				"<=msec": 4.700
				,"percent": 72.18
				}
			,{
				"<=msec": 4.800
				,"percent": 72.65
				}
			,{
				"<=msec": 4.900
				,"percent": 73.21
				}
			,{
				"<=msec": 5.000
				,"percent": 73.70
				}
			,{
				"<=msec": 5.100
				,"percent": 74.29
				}
			,{
				"<=msec": 5.200
				,"percent": 74.87
				}
			,{
				"<=msec": 5.300
				,"percent": 75.38
				}
			,{
				"<=msec": 5.400
				,"percent": 76.01
				}
			,{
				"<=msec": 5.500
				,"percent": 76.56
				}
			,{
				"<=msec": 5.600
				,"percent": 77.25
				}
			,{
				"<=msec": 5.700
				,"percent": 77.72
				}
			,{
				"<=msec": 5.800
				,"percent": 78.41
				}
			,{
				"<=msec": 5.900
				,"percent": 79.05
				}
			,{
				"<=msec": 6.000
				,"percent": 79.60
				}
			,{
				"<=msec": 6.100
				,"percent": 80.15
				}
			,{
				"<=msec": 6.200
				,"percent": 80.71
				}
			,{
				"<=msec": 6.300
				,"percent": 81.35
				}
			,{
				"<=msec": 6.400
				,"percent": 81.75
				}
			,{
				"<=msec": 6.500
				,"percent": 82.31
				}
			,{
				"<=msec": 6.600
				,"percent": 82.93
				}
			,{
				"<=msec": 6.700
				,"percent": 83.46
				}
			,{
				"<=msec": 6.800
				,"percent": 83.99
				}
			,{
				"<=msec": 6.900
				,"percent": 84.64
				}
			,{
				"<=msec": 7.000
				,"percent": 85.08
				}
			,{
				"<=msec": 7.100
				,"percent": 85.60
				}
			,{
				"<=msec": 7.200
				,"percent": 86.15
				}
			,{
				"<=msec": 7.300
				,"percent": 86.67
				}
			,{
				"<=msec": 7.400
				,"percent": 87.20
				}
			,{
				"<=msec": 7.500
				,"percent": 87.71
				}
			,{
				"<=msec": 7.600
				,"percent": 88.29
				}
			,{
				"<=msec": 7.700
				,"percent": 88.72
				}
			,{
				"<=msec": 7.800
				,"percent": 89.10
				}
			,{
				"<=msec": 7.900
				,"percent": 89.42
				}
			,{
				"<=msec": 8.000
				,"percent": 89.96
				}
			,{
				"<=msec": 8.100
				,"percent": 90.46
				}
			,{
				"<=msec": 8.200
				,"percent": 90.86
				}
			,{
				"<=msec": 8.300
				,"percent": 91.37
				}
			,{
				"<=msec": 8.400
				,"percent": 91.84
				}
			,{
				"<=msec": 8.500
				,"percent": 92.31
				}
			,{
				"<=msec": 8.600
				,"percent": 92.81
				}
			,{
				"<=msec": 8.700
				,"percent": 93.26
				}
			,{
				"<=msec": 8.800
				,"percent": 93.70
				}
			,{
				"<=msec": 8.900
				,"percent": 94.07
				}
			,{
				"<=msec": 9.000
				,"percent": 94.45
				}
			,{
				"<=msec": 9.100
				,"percent": 94.79
				}
			,{
				"<=msec": 9.200
				,"percent": 95.16
				}
			,{
				"<=msec": 9.300
				,"percent": 95.48
				}
			,{
				"<=msec": 9.400
				,"percent": 95.88
				}
			,{
				"<=msec": 9.500
				,"percent": 96.19
				}
			,{
				"<=msec": 9.600
				,"percent": 96.52
				}
			,{
				"<=msec": 9.700
				,"percent": 96.74
				}
			,{
				"<=msec": 9.800
				,"percent": 97.01
				}
			,{
				"<=msec": 9.900
				,"percent": 97.24
				}
			,{
				"<=msec": 10.000
				,"percent": 98.25
				}
			,{
				"<=msec": 11.000
				,"percent": 98.97
				}
			,{
				"<=msec": 12.000
				,"percent": 99.22
				}
			,{
				"<=msec": 13.000
				,"percent": 99.42
				}
			,{
				"<=msec": 14.000
				,"percent": 99.50
				}
			,{
				"<=msec": 15.000
				,"percent": 99.59
				}
			,{
				"<=msec": 16.000
				,"percent": 99.65
				}
			,{
				"<=msec": 17.000
				,"percent": 99.69
				}
			,{
				"<=msec": 18.000
				,"percent": 99.69
				}
			,{
				"<=msec": 19.000
				,"percent": 99.71
				}
			,{
				"<=msec": 20.000
				,"percent": 99.73
				}
			,{
				"<=msec": 21.000
				,"percent": 99.74
				}
			,{
				"<=msec": 22.000
				,"percent": 99.78
				}
			,{
				"<=msec": 23.000
				,"percent": 99.81
				}
			,{
				"<=msec": 24.000
				,"percent": 99.81
				}
			,{
				"<=msec": 25.000
				,"percent": 99.82
				}
			,{
				"<=msec": 27.000
				,"percent": 99.83
				}
			,{
				"<=msec": 28.000
				,"percent": 99.84
				}
			,{
				"<=msec": 33.000
				,"percent": 99.85
				}
			,{
				"<=msec": 56.000
				,"percent": 99.85
				}
			,{
				"<=msec": 59.000
				,"percent": 99.86
				}
			,{
				"<=msec": 60.000
				,"percent": 99.87
				}
			,{
				"<=msec": 61.000
				,"percent": 99.88
				}
			,{
				"<=msec": 62.000
				,"percent": 99.89
				}
			,{
				"<=msec": 82.000
				,"percent": 99.90
				}
			,{
				"<=msec": 91.000
				,"percent": 99.90
				}
			,{
				"<=msec": 96.000
				,"percent": 99.91
				}
			,{
				"<=msec": 110.000
				,"percent": 99.92
				}
			,{
				"<=msec": 120.000
				,"percent": 99.94
				}
			,{
				"<=msec": 130.000
				,"percent": 99.95
				}
			,{
				"<=msec": 210.000
				,"percent": 99.96
				}
			,{
				"<=msec": 290.000
				,"percent": 99.97
				}
			,{
				"<=msec": 380.000
				,"percent": 99.98
				}
			,{
				"<=msec": 400.000
				,"percent": 99.98
				}
			,{
				"<=msec": 480.000
				,"percent": 99.99
				}
			,{
				"<=msec": 550.000
				,"percent": 100.00
				}
			]
		,"GET":[
			{
				"<=msec": 1.800
				,"percent": 0.02
				}
			,{
				"<=msec": 1.900
				,"percent": 0.14
				}
			,{
				"<=msec": 2.000
				,"percent": 0.48
				}
			,{
				"<=msec": 2.100
				,"percent": 1.08
				}
			,{
				"<=msec": 2.200
				,"percent": 2.66
				}
			,{
				"<=msec": 2.300
				,"percent": 4.66
				}
			,{
				"<=msec": 2.400
				,"percent": 7.27
				}
			,{
				"<=msec": 2.500
				,"percent": 10.49
				}
			,{
				"<=msec": 2.600
				,"percent": 14.74
				}
			,{
				"<=msec": 2.700
				,"percent": 19.13
				}
			,{
				"<=msec": 2.800
				,"percent": 23.58
				}
			,{
				"<=msec": 2.900
				,"percent": 27.93
				}
			,{
				"<=msec": 3.000
				,"percent": 32.21
				}
			,{
				"<=msec": 3.100
				,"percent": 35.93
				}
			,{
				"<=msec": 3.200
				,"percent": 39.38
				}
			,{
				"<=msec": 3.300
				,"percent": 42.58
				}
			,{
				"<=msec": 3.400
				,"percent": 45.25
				}
			,{
				"<=msec": 3.500
				,"percent": 47.51
				}
			,{
				"<=msec": 3.600
				,"percent": 49.94
				}
			,{
				"<=msec": 3.700
				,"percent": 51.96
				}
			,{
				"<=msec": 3.800
				,"percent": 53.53
				}
			,{
				"<=msec": 3.900
				,"percent": 55.19
				}
			,{
				"<=msec": 4.000
				,"percent": 56.67
				}
			,{
				"<=msec": 4.100
				,"percent": 58.03
				}
			,{
				"<=msec": 4.200
				,"percent": 59.25
				}
			,{
				"<=msec": 4.300
				,"percent": 60.35
				}
			,{
				"<=msec": 4.400
				,"percent": 61.37
				}
			,{
				"<=msec": 4.500
				,"percent": 62.42
				}
			,{
				"<=msec": 4.600
				,"percent": 63.17
				}
			,{
				"<=msec": 4.700
				,"percent": 64.03
				}
			,{
				"<=msec": 4.800
				,"percent": 64.69
				}
			,{
				"<=msec": 4.900
				,"percent": 65.36
				}
			,{
				"<=msec": 5.000
				,"percent": 65.91
				}
			,{
				"<=msec": 5.100
				,"percent": 66.45
				}
			,{
				"<=msec": 5.200
				,"percent": 67.02
				}
			,{
				"<=msec": 5.300
				,"percent": 67.48
				}
			,{
				"<=msec": 5.400
				,"percent": 68.05
				}
			,{
				"<=msec": 5.500
				,"percent": 68.46
				}
			,{
				"<=msec": 5.600
				,"percent": 68.94
				}
			,{
				"<=msec": 5.700
				,"percent": 69.51
				}
			,{
				"<=msec": 5.800
				,"percent": 69.98
				}
			,{
				"<=msec": 5.900
				,"percent": 70.58
				}
			,{
				"<=msec": 6.000
				,"percent": 71.02
				}
			,{
				"<=msec": 6.100
				,"percent": 71.61
				}
			,{
				"<=msec": 6.200
				,"percent": 72.10
				}
			,{
				"<=msec": 6.300
				,"percent": 72.69
				}
			,{
				"<=msec": 6.400
				,"percent": 73.28
				}
			,{
				"<=msec": 6.500
				,"percent": 73.83
				}
			,{
				"<=msec": 6.600
				,"percent": 74.46
				}
			,{
				"<=msec": 6.700
				,"percent": 75.18
				}
			,{
				"<=msec": 6.800
				,"percent": 75.94
				}
			,{
				"<=msec": 6.900
				,"percent": 76.59
				}
			,{
				"<=msec": 7.000
				,"percent": 77.20
				}
			,{
				"<=msec": 7.100
				,"percent": 77.84
				}
			,{
				"<=msec": 7.200
				,"percent": 78.56
				}
			,{
				"<=msec": 7.300
				,"percent": 79.22
				}
			,{
				"<=msec": 7.400
				,"percent": 79.85
				}
			,{
				"<=msec": 7.500
				,"percent": 80.58
				}
			,{
				"<=msec": 7.600
				,"percent": 81.42
				}
			,{
				"<=msec": 7.700
				,"percent": 82.17
				}
			,{
				"<=msec": 7.800
				,"percent": 82.75
				}
			,{
				"<=msec": 7.900
				,"percent": 83.41
				}
			,{
				"<=msec": 8.000
				,"percent": 84.07
				}
			,{
				"<=msec": 8.100
				,"percent": 84.67
				}
			,{
				"<=msec": 8.200
				,"percent": 85.19
				}
			,{
				"<=msec": 8.300
				,"percent": 85.83
				}
			,{
				"<=msec": 8.400
				,"percent": 86.50
				}
			,{
				"<=msec": 8.500
				,"percent": 87.10
				}
			,{
				"<=msec": 8.600
				,"percent": 87.64
				}
			,{
				"<=msec": 8.700
				,"percent": 88.03
				}
			,{
				"<=msec": 8.800
				,"percent": 88.53
				}
			,{
				"<=msec": 8.900
				,"percent": 89.01
				}
			,{
				"<=msec": 9.000
				,"percent": 89.42
				}
			,{
				"<=msec": 9.100
				,"percent": 89.88
				}
			,{
				"<=msec": 9.200
				,"percent": 90.25
				}
			,{
				"<=msec": 9.300
				,"percent": 90.74
				}
			,{
				"<=msec": 9.400
				,"percent": 91.18
				}
			,{
				"<=msec": 9.500
				,"percent": 91.61
				}
			,{
				"<=msec": 9.600
				,"percent": 91.96
				}
			,{
				"<=msec": 9.700
				,"percent": 92.41
				}
			,{
				"<=msec": 9.800
				,"percent": 92.84
				}
			,{
				"<=msec": 9.900
				,"percent": 93.26
				}
			,{
				"<=msec": 10.000
				,"percent": 95.43
				}
			,{
				"<=msec": 11.000
				,"percent": 97.67
				}
			,{
				"<=msec": 12.000
				,"percent": 98.55
				}
			,{
				"<=msec": 13.000
				,"percent": 98.93
				}
			,{
				"<=msec": 14.000
				,"percent": 99.14
				}
			,{
				"<=msec": 15.000
				,"percent": 99.31
				}
			,{
				"<=msec": 16.000
				,"percent": 99.44
				}
			,{
				"<=msec": 17.000
				,"percent": 99.53
				}
			,{
				"<=msec": 18.000
				,"percent": 99.59
				}
			,{
				"<=msec": 19.000
				,"percent": 99.62
				}
			,{
				"<=msec": 20.000
				,"percent": 99.67
				}
			,{
				"<=msec": 21.000
				,"percent": 99.70
				}
			,{
				"<=msec": 22.000
				,"percent": 99.73
				}
			,{
				"<=msec": 23.000
				,"percent": 99.74
				}
			,{
				"<=msec": 24.000
				,"percent": 99.77
				}
			,{
				"<=msec": 26.000
				,"percent": 99.79
				}
			,{
				"<=msec": 29.000
				,"percent": 99.80
				}
			,{
				"<=msec": 34.000
				,"percent": 99.81
				}
			,{
				"<=msec": 36.000
				,"percent": 99.81
				}
			,{
				"<=msec": 43.000
				,"percent": 99.82
				}
			,{
				"<=msec": 57.000
				,"percent": 99.83
				}
			,{
				"<=msec": 61.000
				,"percent": 99.84
				}
			,{
				"<=msec": 71.000
				,"percent": 99.85
				}
			,{
				"<=msec": 110.000
				,"percent": 99.85
				}
			,{
				"<=msec": 120.000
				,"percent": 99.86
				}
			,{
				"<=msec": 130.000
				,"percent": 99.89
				}
			,{
				"<=msec": 140.000
				,"percent": 99.90
				}
			,{
				"<=msec": 150.000
				,"percent": 99.90
				}
			,{
				"<=msec": 180.000
				,"percent": 99.92
				}
			,{
				"<=msec": 200.000
				,"percent": 99.94
				}
			,{
				"<=msec": 370.000
				,"percent": 99.94
				}
			,{
				"<=msec": 380.000
				,"percent": 99.95
				}
			,{
				"<=msec": 400.000
				,"percent": 99.96
				}
			,{
				"<=msec": 410.000
				,"percent": 99.97
				}
			,{
				"<=msec": 500.000
				,"percent": 99.98
				}
			,{
				"<=msec": 580.000
				,"percent": 99.98
				}
			,{
				"<=msec": 640.000
				,"percent": 99.99
				}
			,{
				"<=msec": 830.000
				,"percent": 100.00
				}
			]
		,"WAIT":[
		]
		}
	}
