{
	"configuration":{
		"server": "10.0.0.4"
		,"port": 11212
		,"unix socket": "(null)"
		,"protocol": "memcache_text"
		,"out_file": "(null)"
		,"client_stats": "(null)"
		,"run_count": 1
		,"debug": 0
		,"requests": 0
		,"clients": 2
		,"threads": 1
		,"test_time": 60
		,"ratio": "1:6"
		,"pipeline": 1
		,"data_size": 4096
		,"data_offset": 0
		,"random_data": "false"
		,"data_size_range": "0:0"
		,"data_size_list": ""
		,"data_size_pattern": "R"
		,"expiry_range": "9999:10000"
		,"data_import": "(null)"
		,"data_verify": "false"
		,"verify_only": "false"
		,"generate_keys": "false"
		,"key_prefix": "memtier-"
		,"key_minimum":           0
		,"key_maximum":        1000
		,"key_pattern": "R:R"
		,"key_stddev": 0.000000
		,"key_median": 0.000000
		,"reconnect_interval": 0
		,"multi_key_get": 6
		,"authenticate": ""
		,"select-db": 0
		,"no-expiry": "false"
		,"wait-ratio": "0:0"
		,"num-slaves": "0:0"
		,"wait-timeout": "0-0"
		}
	,"run information":{
		"Threads": 1
		,"Connections per thread": 2
		,"Seconds": 60
		}
	,"ALL STATS":{
		"Sets":{
			"Ops/sec": 226.10
			,"Hits/sec": 0.00
			,"Misses/sec": 0.00
			,"Latency": 3.99
			,"KB/sec": 913.08
			}
		,"Gets":{
			"Ops/sec": 226.10
			,"Hits/sec": 1356.58
			,"Misses/sec": 0.00
			,"Latency": 4.83
			,"KB/sec": 5481.21
			}
		,"Waits":{
			"Ops/sec": 0.00
			,"Hits/sec": 0.00
			,"Misses/sec": 0.00
			,"Latency": 0.00
			,"KB/sec": 0.00
			}
		,"Totals":{
			"Ops/sec": 452.19
			,"Hits/sec": 1356.58
			,"Misses/sec": 0.00
			,"Latency": 4.41
			,"KB/sec": 6394.30
			}
		,"SET":[
			{
				"<=msec": 1.500
				,"percent": 0.10
				}
			,{
				"<=msec": 1.600
				,"percent": 0.76
				}
			,{
				"<=msec": 1.700
				,"percent": 2.41
				}
			,{
				"<=msec": 1.800
				,"percent": 5.82
				}
			,{
				"<=msec": 1.900
				,"percent": 10.84
				}
			,{
				"<=msec": 2.000
				,"percent": 17.07
				}
			,{
				"<=msec": 2.100
				,"percent": 24.12
				}
			,{
				"<=msec": 2.200
				,"percent": 30.19
				}
			,{
				"<=msec": 2.300
				,"percent": 36.44
				}
			,{
				"<=msec": 2.400
				,"percent": 41.38
				}
			,{
				"<=msec": 2.500
				,"percent": 45.85
				}
			,{
				"<=msec": 2.600
				,"percent": 49.57
				}
			,{
				"<=msec": 2.700
				,"percent": 52.58
				}
			,{
				"<=msec": 2.800
				,"percent": 54.82
				}
			,{
				"<=msec": 2.900
				,"percent": 57.00
				}
			,{
				"<=msec": 3.000
				,"percent": 58.83
				}
			,{
				"<=msec": 3.100
				,"percent": 60.39
				}
			,{
				"<=msec": 3.200
				,"percent": 61.76
				}
			,{
				"<=msec": 3.300
				,"percent": 62.88
				}
			,{
				"<=msec": 3.400
				,"percent": 63.98
				}
			,{
				"<=msec": 3.500
				,"percent": 64.84
				}
			,{
				"<=msec": 3.600
				,"percent": 65.60
				}
			,{
				"<=msec": 3.700
				,"percent": 66.18
				}
			,{
				"<=msec": 3.800
				,"percent": 67.02
				}
			,{
				"<=msec": 3.900
				,"percent": 67.65
				}
			,{
				"<=msec": 4.000
				,"percent": 68.14
				}
			,{
				"<=msec": 4.100
				,"percent": 68.68
				}
			,{
				"<=msec": 4.200
				,"percent": 69.30
				}
			,{
				"<=msec": 4.300
				,"percent": 69.87
				}
			,{
				"<=msec": 4.400
				,"percent": 70.34
				}
			,{
				"<=msec": 4.500
				,"percent": 70.77
				}
			,{
				"<=msec": 4.600
				,"percent": 71.32
				}
			,{
				"<=msec": 4.700
				,"percent": 71.83
				}
			,{
				"<=msec": 4.800
				,"percent": 72.23
				}
			,{
				"<=msec": 4.900
				,"percent": 72.66
				}
			,{
				"<=msec": 5.000
				,"percent": 73.08
				}
			,{
				"<=msec": 5.100
				,"percent": 73.48
				}
			,{
				"<=msec": 5.200
				,"percent": 73.87
				}
			,{
				"<=msec": 5.300
				,"percent": 74.31
				}
			,{
				"<=msec": 5.400
				,"percent": 74.77
				}
			,{
				"<=msec": 5.500
				,"percent": 75.23
				}
			,{
				"<=msec": 5.600
				,"percent": 75.76
				}
			,{
				"<=msec": 5.700
				,"percent": 76.29
				}
			,{
				"<=msec": 5.800
				,"percent": 76.84
				}
			,{
				"<=msec": 5.900
				,"percent": 77.46
				}
			,{
				"<=msec": 6.000
				,"percent": 78.05
				}
			,{
				"<=msec": 6.100
				,"percent": 78.57
				}
			,{
				"<=msec": 6.200
				,"percent": 79.12
				}
			,{
				"<=msec": 6.300
				,"percent": 79.75
				}
			,{
				"<=msec": 6.400
				,"percent": 80.52
				}
			,{
				"<=msec": 6.500
				,"percent": 81.03
				}
			,{
				"<=msec": 6.600
				,"percent": 81.53
				}
			,{
				"<=msec": 6.700
				,"percent": 82.09
				}
			,{
				"<=msec": 6.800
				,"percent": 82.66
				}
			,{
				"<=msec": 6.900
				,"percent": 83.31
				}
			,{
				"<=msec": 7.000
				,"percent": 83.94
				}
			,{
				"<=msec": 7.100
				,"percent": 84.45
				}
			,{
				"<=msec": 7.200
				,"percent": 84.92
				}
			,{
				"<=msec": 7.300
				,"percent": 85.50
				}
			,{
				"<=msec": 7.400
				,"percent": 86.13
				}
			,{
				"<=msec": 7.500
				,"percent": 86.59
				}
			,{
				"<=msec": 7.600
				,"percent": 87.03
				}
			,{
				"<=msec": 7.700
				,"percent": 87.58
				}
			,{
				"<=msec": 7.800
				,"percent": 88.12
				}
			,{
				"<=msec": 7.900
				,"percent": 88.72
				}
			,{
				"<=msec": 8.000
				,"percent": 89.19
				}
			,{
				"<=msec": 8.100
				,"percent": 89.79
				}
			,{
				"<=msec": 8.200
				,"percent": 90.24
				}
			,{
				"<=msec": 8.300
				,"percent": 90.75
				}
			,{
				"<=msec": 8.400
				,"percent": 91.07
				}
			,{
				"<=msec": 8.500
				,"percent": 91.49
				}
			,{
				"<=msec": 8.600
				,"percent": 91.96
				}
			,{
				"<=msec": 8.700
				,"percent": 92.50
				}
			,{
				"<=msec": 8.800
				,"percent": 92.98
				}
			,{
				"<=msec": 8.900
				,"percent": 93.35
				}
			,{
				"<=msec": 9.000
				,"percent": 93.87
				}
			,{
				"<=msec": 9.100
				,"percent": 94.23
				}
			,{
				"<=msec": 9.200
				,"percent": 94.52
				}
			,{
				"<=msec": 9.300
				,"percent": 94.83
				}
			,{
				"<=msec": 9.400
				,"percent": 95.22
				}
			,{
				"<=msec": 9.500
				,"percent": 95.63
				}
			,{
				"<=msec": 9.600
				,"percent": 95.94
				}
			,{
				"<=msec": 9.700
				,"percent": 96.23
				}
			,{
				"<=msec": 9.800
				,"percent": 96.64
				}
			,{
				"<=msec": 9.900
				,"percent": 96.97
				}
			,{
				"<=msec": 10.000
				,"percent": 98.31
				}
			,{
				"<=msec": 11.000
				,"percent": 99.14
				}
			,{
				"<=msec": 12.000
				,"percent": 99.46
				}
			,{
				"<=msec": 13.000
				,"percent": 99.59
				}
			,{
				"<=msec": 14.000
				,"percent": 99.63
				}
			,{
				"<=msec": 15.000
				,"percent": 99.73
				}
			,{
				"<=msec": 16.000
				,"percent": 99.76
				}
			,{
				"<=msec": 17.000
				,"percent": 99.82
				}
			,{
				"<=msec": 18.000
				,"percent": 99.85
				}
			,{
				"<=msec": 19.000
				,"percent": 99.88
				}
			,{
				"<=msec": 20.000
				,"percent": 99.90
				}
			,{
				"<=msec": 22.000
				,"percent": 99.94
				}
			,{
				"<=msec": 23.000
				,"percent": 99.97
				}
			,{
				"<=msec": 26.000
				,"percent": 99.98
				}
			,{
				"<=msec": 31.000
				,"percent": 99.99
				}
			,{
				"<=msec": 32.000
				,"percent": 100.00
				}
			]
		,"GET":[
			{
				"<=msec": 1.800
				,"percent": 0.02
				}
			,{
				"<=msec": 1.900
				,"percent": 0.15
				}
			,{
				"<=msec": 2.000
				,"percent": 0.65
				}
			,{
				"<=msec": 2.100
				,"percent": 1.72
				}
			,{
				"<=msec": 2.200
				,"percent": 3.43
				}
			,{
				"<=msec": 2.300
				,"percent": 6.15
				}
			,{
				"<=msec": 2.400
				,"percent": 9.48
				}
			,{
				"<=msec": 2.500
				,"percent": 13.74
				}
			,{
				"<=msec": 2.600
				,"percent": 18.36
				}
			,{
				"<=msec": 2.700
				,"percent": 23.06
				}
			,{
				"<=msec": 2.800
				,"percent": 27.55
				}
			,{
				"<=msec": 2.900
				,"percent": 32.01
				}
			,{
				"<=msec": 3.000
				,"percent": 36.22
				}
			,{
				"<=msec": 3.100
				,"percent": 40.09
				}
			,{
				"<=msec": 3.200
				,"percent": 43.56
				}
			,{
				"<=msec": 3.300
				,"percent": 46.56
				}
			,{
				"<=msec": 3.400
				,"percent": 49.20
				}
			,{
				"<=msec": 3.500
				,"percent": 51.67
				}
			,{
				"<=msec": 3.600
				,"percent": 53.51
				}
			,{
				"<=msec": 3.700
				,"percent": 55.16
				}
			,{
				"<=msec": 3.800
				,"percent": 56.76
				}
			,{
				"<=msec": 3.900
				,"percent": 58.09
				}
			,{
				"<=msec": 4.000
				,"percent": 59.39
				}
			,{
				"<=msec": 4.100
				,"percent": 60.32
				}
			,{
				"<=msec": 4.200
				,"percent": 61.28
				}
			,{
				"<=msec": 4.300
				,"percent": 62.15
				}
			,{
				"<=msec": 4.400
				,"percent": 62.93
				}
			,{
				"<=msec": 4.500
				,"percent": 63.64
				}
			,{
				"<=msec": 4.600
				,"percent": 64.32
				}
			,{
				"<=msec": 4.700
				,"percent": 64.90
				}
			,{
				"<=msec": 4.800
				,"percent": 65.55
				}
			,{
				"<=msec": 4.900
				,"percent": 66.17
				}
			,{
				"<=msec": 5.000
				,"percent": 66.63
				}
			,{
				"<=msec": 5.100
				,"percent": 67.18
				}
			,{
				"<=msec": 5.200
				,"percent": 67.62
				}
			,{
				"<=msec": 5.300
				,"percent": 68.14
				}
			,{
				"<=msec": 5.400
				,"percent": 68.62
				}
			,{
				"<=msec": 5.500
				,"percent": 69.12
				}
			,{
				"<=msec": 5.600
				,"percent": 69.53
				}
			,{
				"<=msec": 5.700
				,"percent": 70.04
				}
			,{
				"<=msec": 5.800
				,"percent": 70.50
				}
			,{
				"<=msec": 5.900
				,"percent": 70.93
				}
			,{
				"<=msec": 6.000
				,"percent": 71.33
				}
			,{
				"<=msec": 6.100
				,"percent": 71.79
				}
			,{
				"<=msec": 6.200
				,"percent": 72.17
				}
			,{
				"<=msec": 6.300
				,"percent": 72.68
				}
			,{
				"<=msec": 6.400
				,"percent": 73.26
				}
			,{
				"<=msec": 6.500
				,"percent": 73.78
				}
			,{
				"<=msec": 6.600
				,"percent": 74.44
				}
			,{
				"<=msec": 6.700
				,"percent": 75.05
				}
			,{
				"<=msec": 6.800
				,"percent": 75.77
				}
			,{
				"<=msec": 6.900
				,"percent": 76.52
				}
			,{
				"<=msec": 7.000
				,"percent": 77.19
				}
			,{
				"<=msec": 7.100
				,"percent": 77.89
				}
			,{
				"<=msec": 7.200
				,"percent": 78.53
				}
			,{
				"<=msec": 7.300
				,"percent": 79.07
				}
			,{
				"<=msec": 7.400
				,"percent": 79.82
				}
			,{
				"<=msec": 7.500
				,"percent": 80.62
				}
			,{
				"<=msec": 7.600
				,"percent": 81.34
				}
			,{
				"<=msec": 7.700
				,"percent": 82.01
				}
			,{
				"<=msec": 7.800
				,"percent": 82.66
				}
			,{
				"<=msec": 7.900
				,"percent": 83.38
				}
			,{
				"<=msec": 8.000
				,"percent": 84.12
				}
			,{
				"<=msec": 8.100
				,"percent": 84.75
				}
			,{
				"<=msec": 8.200
				,"percent": 85.38
				}
			,{
				"<=msec": 8.300
				,"percent": 86.03
				}
			,{
				"<=msec": 8.400
				,"percent": 86.68
				}
			,{
				"<=msec": 8.500
				,"percent": 87.23
				}
			,{
				"<=msec": 8.600
				,"percent": 87.79
				}
			,{
				"<=msec": 8.700
				,"percent": 88.33
				}
			,{
				"<=msec": 8.800
				,"percent": 88.90
				}
			,{
				"<=msec": 8.900
				,"percent": 89.59
				}
			,{
				"<=msec": 9.000
				,"percent": 89.99
				}
			,{
				"<=msec": 9.100
				,"percent": 90.51
				}
			,{
				"<=msec": 9.200
				,"percent": 90.91
				}
			,{
				"<=msec": 9.300
				,"percent": 91.44
				}
			,{
				"<=msec": 9.400
				,"percent": 91.97
				}
			,{
				"<=msec": 9.500
				,"percent": 92.30
				}
			,{
				"<=msec": 9.600
				,"percent": 92.70
				}
			,{
				"<=msec": 9.700
				,"percent": 93.11
				}
			,{
				"<=msec": 9.800
				,"percent": 93.45
				}
			,{
				"<=msec": 9.900
				,"percent": 93.82
				}
			,{
				"<=msec": 10.000
				,"percent": 95.63
				}
			,{
				"<=msec": 11.000
				,"percent": 98.11
				}
			,{
				"<=msec": 12.000
				,"percent": 98.85
				}
			,{
				"<=msec": 13.000
				,"percent": 99.26
				}
			,{
				"<=msec": 14.000
				,"percent": 99.47
				}
			,{
				"<=msec": 15.000
				,"percent": 99.57
				}
			,{
				"<=msec": 16.000
				,"percent": 99.66
				}
			,{
				"<=msec": 17.000
				,"percent": 99.70
				}
			,{
				"<=msec": 18.000
				,"percent": 99.76
				}
			,{
				"<=msec": 19.000
				,"percent": 99.85
				}
			,{
				"<=msec": 20.000
				,"percent": 99.89
				}
			,{
				"<=msec": 21.000
				,"percent": 99.90
				}
			,{
				"<=msec": 22.000
				,"percent": 99.94
				}
			,{
				"<=msec": 23.000
				,"percent": 99.96
				}
			,{
				"<=msec": 24.000
				,"percent": 99.99
				}
			,{
				"<=msec": 25.000
				,"percent": 100.00
				}
			]
		,"WAIT":[
		]
		}
	}
