{
	"configuration":{
		"server": "10.0.0.4"
		,"port": 11212
		,"unix socket": "(null)"
		,"protocol": "memcache_text"
		,"out_file": "(null)"
		,"client_stats": "(null)"
		,"run_count": 1
		,"debug": 0
		,"requests": 0
		,"clients": 2
		,"threads": 1
		,"test_time": 60
		,"ratio": "1:3"
		,"pipeline": 1
		,"data_size": 4096
		,"data_offset": 0
		,"random_data": "false"
		,"data_size_range": "0:0"
		,"data_size_list": ""
		,"data_size_pattern": "R"
		,"expiry_range": "9999:10000"
		,"data_import": "(null)"
		,"data_verify": "false"
		,"verify_only": "false"
		,"generate_keys": "false"
		,"key_prefix": "memtier-"
		,"key_minimum":           0
		,"key_maximum":        1000
		,"key_pattern": "R:R"
		,"key_stddev": 0.000000
		,"key_median": 0.000000
		,"reconnect_interval": 0
		,"multi_key_get": 3
		,"authenticate": ""
		,"select-db": 0
		,"no-expiry": "false"
		,"wait-ratio": "0:0"
		,"num-slaves": "0:0"
		,"wait-timeout": "0-0"
		}
	,"run information":{
		"Threads": 1
		,"Connections per thread": 2
		,"Seconds": 60
		}
	,"ALL STATS":{
		"Sets":{
			"Ops/sec": 326.25
			,"Hits/sec": 0.00
			,"Misses/sec": 0.00
			,"Latency": 3.00
			,"KB/sec": 1317.57
			}
		,"Gets":{
			"Ops/sec": 326.24
			,"Hits/sec": 978.71
			,"Misses/sec": 0.00
			,"Latency": 3.11
			,"KB/sec": 3956.06
			}
		,"Waits":{
			"Ops/sec": 0.00
			,"Hits/sec": 0.00
			,"Misses/sec": 0.00
			,"Latency": 0.00
			,"KB/sec": 0.00
			}
		,"Totals":{
			"Ops/sec": 652.49
			,"Hits/sec": 978.71
			,"Misses/sec": 0.00
			,"Latency": 3.06
			,"KB/sec": 5273.62
			}
		,"SET":[
			{
				"<=msec": 1.400
				,"percent": 0.03
				}
			,{
				"<=msec": 1.500
				,"percent": 0.50
				}
			,{
				"<=msec": 1.600
				,"percent": 2.37
				}
			,{
				"<=msec": 1.700
				,"percent": 6.75
				}
			,{
				"<=msec": 1.800
				,"percent": 13.81
				}
			,{
				"<=msec": 1.900
				,"percent": 22.52
				}
			,{
				"<=msec": 2.000
				,"percent": 31.45
				}
			,{
				"<=msec": 2.100
				,"percent": 39.52
				}
			,{
				"<=msec": 2.200
				,"percent": 47.14
				}
			,{
				"<=msec": 2.300
				,"percent": 53.53
				}
			,{
				"<=msec": 2.400
				,"percent": 58.91
				}
			,{
				"<=msec": 2.500
				,"percent": 63.22
				}
			,{
				"<=msec": 2.600
				,"percent": 66.65
				}
			,{
				"<=msec": 2.700
				,"percent": 69.45
				}
			,{
				"<=msec": 2.800
				,"percent": 71.81
				}
			,{
				"<=msec": 2.900
				,"percent": 73.81
				}
			,{
				"<=msec": 3.000
				,"percent": 75.62
				}
			,{
				"<=msec": 3.100
				,"percent": 77.02
				}
			,{
				"<=msec": 3.200
				,"percent": 78.36
				}
			,{
				"<=msec": 3.300
				,"percent": 79.61
				}
			,{
				"<=msec": 3.400
				,"percent": 80.53
				}
			,{
				"<=msec": 3.500
				,"percent": 81.36
				}
			,{
				"<=msec": 3.600
				,"percent": 82.13
				}
			,{
				"<=msec": 3.700
				,"percent": 82.83
				}
			,{
				"<=msec": 3.800
				,"percent": 83.58
				}
			,{
				"<=msec": 3.900
				,"percent": 84.10
				}
			,{
				"<=msec": 4.000
				,"percent": 84.63
				}
			,{
				"<=msec": 4.100
				,"percent": 85.13
				}
			,{
				"<=msec": 4.200
				,"percent": 85.62
				}
			,{
				"<=msec": 4.300
				,"percent": 86.06
				}
			,{
				"<=msec": 4.400
				,"percent": 86.42
				}
			,{
				"<=msec": 4.500
				,"percent": 86.77
				}
			,{
				"<=msec": 4.600
				,"percent": 87.16
				}
			,{
				"<=msec": 4.700
				,"percent": 87.46
				}
			,{
				"<=msec": 4.800
				,"percent": 87.76
				}
			,{
				"<=msec": 4.900
				,"percent": 88.13
				}
			,{
				"<=msec": 5.000
				,"percent": 88.48
				}
			,{
				"<=msec": 5.100
				,"percent": 88.79
				}
			,{
				"<=msec": 5.200
				,"percent": 89.09
				}
			,{
				"<=msec": 5.300
				,"percent": 89.37
				}
			,{
				"<=msec": 5.400
				,"percent": 89.70
				}
			,{
				"<=msec": 5.500
				,"percent": 90.02
				}
			,{
				"<=msec": 5.600
				,"percent": 90.24
				}
			,{
				"<=msec": 5.700
				,"percent": 90.59
				}
			,{
				"<=msec": 5.800
				,"percent": 90.96
				}
			,{
				"<=msec": 5.900
				,"percent": 91.24
				}
			,{
				"<=msec": 6.000
				,"percent": 91.45
				}
			,{
				"<=msec": 6.100
				,"percent": 91.72
				}
			,{
				"<=msec": 6.200
				,"percent": 92.03
				}
			,{
				"<=msec": 6.300
				,"percent": 92.28
				}
			,{
				"<=msec": 6.400
				,"percent": 92.56
				}
			,{
				"<=msec": 6.500
				,"percent": 92.86
				}
			,{
				"<=msec": 6.600
				,"percent": 93.18
				}
			,{
				"<=msec": 6.700
				,"percent": 93.47
				}
			,{
				"<=msec": 6.800
				,"percent": 93.71
				}
			,{
				"<=msec": 6.900
				,"percent": 94.02
				}
			,{
				"<=msec": 7.000
				,"percent": 94.36
				}
			,{
				"<=msec": 7.100
				,"percent": 94.72
				}
			,{
				"<=msec": 7.200
				,"percent": 95.02
				}
			,{
				"<=msec": 7.300
				,"percent": 95.37
				}
			,{
				"<=msec": 7.400
				,"percent": 95.74
				}
			,{
				"<=msec": 7.500
				,"percent": 95.97
				}
			,{
				"<=msec": 7.600
				,"percent": 96.26
				}
			,{
				"<=msec": 7.700
				,"percent": 96.54
				}
			,{
				"<=msec": 7.800
				,"percent": 96.71
				}
			,{
				"<=msec": 7.900
				,"percent": 96.86
				}
			,{
				"<=msec": 8.000
				,"percent": 97.08
				}
			,{
				"<=msec": 8.100
				,"percent": 97.24
				}
			,{
				"<=msec": 8.200
				,"percent": 97.39
				}
			,{
				"<=msec": 8.300
				,"percent": 97.50
				}
			,{
				"<=msec": 8.400
				,"percent": 97.67
				}
			,{
				"<=msec": 8.500
				,"percent": 97.81
				}
			,{
				"<=msec": 8.600
				,"percent": 97.87
				}
			,{
				"<=msec": 8.700
				,"percent": 97.97
				}
			,{
				"<=msec": 8.800
				,"percent": 98.08
				}
			,{
				"<=msec": 8.900
				,"percent": 98.16
				}
			,{
				"<=msec": 9.000
				,"percent": 98.21
				}
			,{
				"<=msec": 9.100
				,"percent": 98.28
				}
			,{
				"<=msec": 9.200
				,"percent": 98.37
				}
			,{
				"<=msec": 9.300
				,"percent": 98.47
				}
			,{
				"<=msec": 9.400
				,"percent": 98.51
				}
			,{
				"<=msec": 9.500
				,"percent": 98.57
				}
			,{
				"<=msec": 9.600
				,"percent": 98.64
				}
			,{
				"<=msec": 9.700
				,"percent": 98.70
				}
			,{
				"<=msec": 9.800
				,"percent": 98.73
				}
			,{
				"<=msec": 9.900
				,"percent": 98.79
				}
			,{
				"<=msec": 10.000
				,"percent": 99.11
				}
			,{
				"<=msec": 11.000
				,"percent": 99.44
				}
			,{
				"<=msec": 12.000
				,"percent": 99.64
				}
			,{
				"<=msec": 13.000
				,"percent": 99.75
				}
			,{
				"<=msec": 14.000
				,"percent": 99.81
				}
			,{
				"<=msec": 15.000
				,"percent": 99.85
				}
			,{
				"<=msec": 16.000
				,"percent": 99.90
				}
			,{
				"<=msec": 17.000
				,"percent": 99.92
				}
			,{
				"<=msec": 18.000
				,"percent": 99.93
				}
			,{
				"<=msec": 19.000
				,"percent": 99.93
				}
			,{
				"<=msec": 20.000
				,"percent": 99.94
				}
			,{
				"<=msec": 21.000
				,"percent": 99.95
				}
			,{
				"<=msec": 22.000
				,"percent": 99.96
				}
			,{
				"<=msec": 24.000
				,"percent": 99.96
				}
			,{
				"<=msec": 26.000
				,"percent": 99.97
				}
			,{
				"<=msec": 31.000
				,"percent": 99.98
				}
			,{
				"<=msec": 34.000
				,"percent": 99.98
				}
			,{
				"<=msec": 38.000
				,"percent": 99.99
				}
			,{
				"<=msec": 56.000
				,"percent": 99.99
				}
			,{
				"<=msec": 110.000
				,"percent": 100.00
				}
			]
		,"GET":[
			{
				"<=msec": 1.500
				,"percent": 0.08
				}
			,{
				"<=msec": 1.600
				,"percent": 0.62
				}
			,{
				"<=msec": 1.700
				,"percent": 2.70
				}
			,{
				"<=msec": 1.800
				,"percent": 7.01
				}
			,{
				"<=msec": 1.900
				,"percent": 13.68
				}
			,{
				"<=msec": 2.000
				,"percent": 22.33
				}
			,{
				"<=msec": 2.100
				,"percent": 30.96
				}
			,{
				"<=msec": 2.200
				,"percent": 39.32
				}
			,{
				"<=msec": 2.300
				,"percent": 46.98
				}
			,{
				"<=msec": 2.400
				,"percent": 53.55
				}
			,{
				"<=msec": 2.500
				,"percent": 58.85
				}
			,{
				"<=msec": 2.600
				,"percent": 63.43
				}
			,{
				"<=msec": 2.700
				,"percent": 67.15
				}
			,{
				"<=msec": 2.800
				,"percent": 70.25
				}
			,{
				"<=msec": 2.900
				,"percent": 72.76
				}
			,{
				"<=msec": 3.000
				,"percent": 74.79
				}
			,{
				"<=msec": 3.100
				,"percent": 76.45
				}
			,{
				"<=msec": 3.200
				,"percent": 77.95
				}
			,{
				"<=msec": 3.300
				,"percent": 79.15
				}
			,{
				"<=msec": 3.400
				,"percent": 80.38
				}
			,{
				"<=msec": 3.500
				,"percent": 81.29
				}
			,{
				"<=msec": 3.600
				,"percent": 82.21
				}
			,{
				"<=msec": 3.700
				,"percent": 82.97
				}
			,{
				"<=msec": 3.800
				,"percent": 83.70
				}
			,{
				"<=msec": 3.900
				,"percent": 84.41
				}
			,{
				"<=msec": 4.000
				,"percent": 84.96
				}
			,{
				"<=msec": 4.100
				,"percent": 85.52
				}
			,{
				"<=msec": 4.200
				,"percent": 86.09
				}
			,{
				"<=msec": 4.300
				,"percent": 86.57
				}
			,{
				"<=msec": 4.400
				,"percent": 86.99
				}
			,{
				"<=msec": 4.500
				,"percent": 87.37
				}
			,{
				"<=msec": 4.600
				,"percent": 87.80
				}
			,{
				"<=msec": 4.700
				,"percent": 88.12
				}
			,{
				"<=msec": 4.800
				,"percent": 88.45
				}
			,{
				"<=msec": 4.900
				,"percent": 88.69
				}
			,{
				"<=msec": 5.000
				,"percent": 88.99
				}
			,{
				"<=msec": 5.100
				,"percent": 89.32
				}
			,{
				"<=msec": 5.200
				,"percent": 89.64
				}
			,{
				"<=msec": 5.300
				,"percent": 89.86
				}
			,{
				"<=msec": 5.400
				,"percent": 90.10
				}
			,{
				"<=msec": 5.500
				,"percent": 90.34
				}
			,{
				"<=msec": 5.600
				,"percent": 90.64
				}
			,{
				"<=msec": 5.700
				,"percent": 90.90
				}
			,{
				"<=msec": 5.800
				,"percent": 91.22
				}
			,{
				"<=msec": 5.900
				,"percent": 91.54
				}
			,{
				"<=msec": 6.000
				,"percent": 91.85
				}
			,{
				"<=msec": 6.100
				,"percent": 92.13
				}
			,{
				"<=msec": 6.200
				,"percent": 92.36
				}
			,{
				"<=msec": 6.300
				,"percent": 92.63
				}
			,{
				"<=msec": 6.400
				,"percent": 92.83
				}
			,{
				"<=msec": 6.500
				,"percent": 93.08
				}
			,{
				"<=msec": 6.600
				,"percent": 93.37
				}
			,{
				"<=msec": 6.700
				,"percent": 93.62
				}
			,{
				"<=msec": 6.800
				,"percent": 93.91
				}
			,{
				"<=msec": 6.900
				,"percent": 94.16
				}
			,{
				"<=msec": 7.000
				,"percent": 94.44
				}
			,{
				"<=msec": 7.100
				,"percent": 94.70
				}
			,{
				"<=msec": 7.200
				,"percent": 95.09
				}
			,{
				"<=msec": 7.300
				,"percent": 95.38
				}
			,{
				"<=msec": 7.400
				,"percent": 95.68
				}
			,{
				"<=msec": 7.500
				,"percent": 95.98
				}
			,{
				"<=msec": 7.600
				,"percent": 96.22
				}
			,{
				"<=msec": 7.700
				,"percent": 96.52
				}
			,{
				"<=msec": 7.800
				,"percent": 96.74
				}
			,{
				"<=msec": 7.900
				,"percent": 96.97
				}
			,{
				"<=msec": 8.000
				,"percent": 97.16
				}
			,{
				"<=msec": 8.100
				,"percent": 97.28
				}
			,{
				"<=msec": 8.200
				,"percent": 97.46
				}
			,{
				"<=msec": 8.300
				,"percent": 97.61
				}
			,{
				"<=msec": 8.400
				,"percent": 97.72
				}
			,{
				"<=msec": 8.500
				,"percent": 97.83
				}
			,{
				"<=msec": 8.600
				,"percent": 97.93
				}
			,{
				"<=msec": 8.700
				,"percent": 98.02
				}
			,{
				"<=msec": 8.800
				,"percent": 98.10
				}
			,{
				"<=msec": 8.900
				,"percent": 98.14
				}
			,{
				"<=msec": 9.000
				,"percent": 98.20
				}
			,{
				"<=msec": 9.100
				,"percent": 98.30
				}
			,{
				"<=msec": 9.200
				,"percent": 98.35
				}
			,{
				"<=msec": 9.300
				,"percent": 98.44
				}
			,{
				"<=msec": 9.400
				,"percent": 98.48
				}
			,{
				"<=msec": 9.500
				,"percent": 98.53
				}
			,{
				"<=msec": 9.600
				,"percent": 98.58
				}
			,{
				"<=msec": 9.700
				,"percent": 98.64
				}
			,{
				"<=msec": 9.800
				,"percent": 98.69
				}
			,{
				"<=msec": 9.900
				,"percent": 98.77
				}
			,{
				"<=msec": 10.000
				,"percent": 99.06
				}
			,{
				"<=msec": 11.000
				,"percent": 99.42
				}
			,{
				"<=msec": 12.000
				,"percent": 99.66
				}
			,{
				"<=msec": 13.000
				,"percent": 99.73
				}
			,{
				"<=msec": 14.000
				,"percent": 99.81
				}
			,{
				"<=msec": 15.000
				,"percent": 99.85
				}
			,{
				"<=msec": 16.000
				,"percent": 99.86
				}
			,{
				"<=msec": 17.000
				,"percent": 99.87
				}
			,{
				"<=msec": 18.000
				,"percent": 99.89
				}
			,{
				"<=msec": 19.000
				,"percent": 99.90
				}
			,{
				"<=msec": 20.000
				,"percent": 99.91
				}
			,{
				"<=msec": 21.000
				,"percent": 99.92
				}
			,{
				"<=msec": 22.000
				,"percent": 99.94
				}
			,{
				"<=msec": 31.000
				,"percent": 99.95
				}
			,{
				"<=msec": 39.000
				,"percent": 99.96
				}
			,{
				"<=msec": 41.000
				,"percent": 99.96
				}
			,{
				"<=msec": 44.000
				,"percent": 99.97
				}
			,{
				"<=msec": 110.000
				,"percent": 99.97
				}
			,{
				"<=msec": 120.000
				,"percent": 99.98
				}
			,{
				"<=msec": 140.000
				,"percent": 99.98
				}
			,{
				"<=msec": 170.000
				,"percent": 99.99
				}
			,{
				"<=msec": 210.000
				,"percent": 99.99
				}
			,{
				"<=msec": 440.000
				,"percent": 100.00
				}
			]
		,"WAIT":[
		]
		}
	}
