{
	"configuration":{
		"server": "10.0.0.4"
		,"port": 11212
		,"unix socket": "(null)"
		,"protocol": "memcache_text"
		,"out_file": "(null)"
		,"client_stats": "(null)"
		,"run_count": 1
		,"debug": 0
		,"requests": 0
		,"clients": 2
		,"threads": 1
		,"test_time": 60
		,"ratio": "1:9"
		,"pipeline": 1
		,"data_size": 4096
		,"data_offset": 0
		,"random_data": "false"
		,"data_size_range": "0:0"
		,"data_size_list": ""
		,"data_size_pattern": "R"
		,"expiry_range": "9999:10000"
		,"data_import": "(null)"
		,"data_verify": "false"
		,"verify_only": "false"
		,"generate_keys": "false"
		,"key_prefix": "memtier-"
		,"key_minimum":           0
		,"key_maximum":        1000
		,"key_pattern": "R:R"
		,"key_stddev": 0.000000
		,"key_median": 0.000000
		,"reconnect_interval": 0
		,"multi_key_get": 9
		,"authenticate": ""
		,"select-db": 0
		,"no-expiry": "false"
		,"wait-ratio": "0:0"
		,"num-slaves": "0:0"
		,"wait-timeout": "0-0"
		}
	,"run information":{
		"Threads": 1
		,"Connections per thread": 2
		,"Seconds": 60
		}
	,"ALL STATS":{
		"Sets":{
			"Ops/sec": 145.30
			,"Hits/sec": 0.00
			,"Misses/sec": 0.00
			,"Latency": 4.47
			,"KB/sec": 586.79
			}
		,"Gets":{
			"Ops/sec": 145.30
			,"Hits/sec": 1307.69
			,"Misses/sec": 0.00
			,"Latency": 9.26
			,"KB/sec": 5282.99
			}
		,"Waits":{
			"Ops/sec": 0.00
			,"Hits/sec": 0.00
			,"Misses/sec": 0.00
			,"Latency": 0.00
			,"KB/sec": 0.00
			}
		,"Totals":{
			"Ops/sec": 290.60
			,"Hits/sec": 1307.69
			,"Misses/sec": 0.00
			,"Latency": 6.87
			,"KB/sec": 5869.77
			}
		,"SET":[
			{
				"<=msec": 1.500
				,"percent": 0.01
				}
			,{
				"<=msec": 1.600
				,"percent": 0.09
				}
			,{
				"<=msec": 1.700
				,"percent": 0.63
				}
			,{
				"<=msec": 1.800
				,"percent": 2.17
				}
			,{
				"<=msec": 1.900
				,"percent": 4.84
				}
			,{
				"<=msec": 2.000
				,"percent": 9.39
				}
			,{
				"<=msec": 2.100
				,"percent": 15.67
				}
			,{
				"<=msec": 2.200
				,"percent": 22.73
				}
			,{
				"<=msec": 2.300
				,"percent": 29.04
				}
			,{
				"<=msec": 2.400
				,"percent": 35.54
				}
			,{
				"<=msec": 2.500
				,"percent": 40.81
				}
			,{
				"<=msec": 2.600
				,"percent": 45.37
				}
			,{
				"<=msec": 2.700
				,"percent": 49.20
				}
			,{
				"<=msec": 2.800
				,"percent": 52.31
				}
			,{
				"<=msec": 2.900
				,"percent": 54.70
				}
			,{
				"<=msec": 3.000
				,"percent": 56.93
				}
			,{
				"<=msec": 3.100
				,"percent": 58.60
				}
			,{
				"<=msec": 3.200
				,"percent": 60.40
				}
			,{
				"<=msec": 3.300
				,"percent": 62.12
				}
			,{
				"<=msec": 3.400
				,"percent": 63.58
				}
			,{
				"<=msec": 3.500
				,"percent": 64.57
				}
			,{
				"<=msec": 3.600
				,"percent": 65.62
				}
			,{
				"<=msec": 3.700
				,"percent": 66.53
				}
			,{
				"<=msec": 3.800
				,"percent": 67.37
				}
			,{
				"<=msec": 3.900
				,"percent": 68.19
				}
			,{
				"<=msec": 4.000
				,"percent": 68.85
				}
			,{
				"<=msec": 4.100
				,"percent": 69.51
				}
			,{
				"<=msec": 4.200
				,"percent": 70.00
				}
			,{
				"<=msec": 4.300
				,"percent": 70.57
				}
			,{
				"<=msec": 4.400
				,"percent": 71.21
				}
			,{
				"<=msec": 4.500
				,"percent": 71.62
				}
			,{
				"<=msec": 4.600
				,"percent": 72.07
				}
			,{
				"<=msec": 4.700
				,"percent": 72.47
				}
			,{
				"<=msec": 4.800
				,"percent": 72.84
				}
			,{
				"<=msec": 4.900
				,"percent": 73.20
				}
			,{
				"<=msec": 5.000
				,"percent": 73.58
				}
			,{
				"<=msec": 5.100
				,"percent": 73.96
				}
			,{
				"<=msec": 5.200
				,"percent": 74.24
				}
			,{
				"<=msec": 5.300
				,"percent": 74.60
				}
			,{
				"<=msec": 5.400
				,"percent": 75.05
				}
			,{
				"<=msec": 5.500
				,"percent": 75.36
				}
			,{
				"<=msec": 5.600
				,"percent": 75.60
				}
			,{
				"<=msec": 5.700
				,"percent": 75.99
				}
			,{
				"<=msec": 5.800
				,"percent": 76.35
				}
			,{
				"<=msec": 5.900
				,"percent": 76.66
				}
			,{
				"<=msec": 6.000
				,"percent": 77.00
				}
			,{
				"<=msec": 6.100
				,"percent": 77.36
				}
			,{
				"<=msec": 6.200
				,"percent": 77.56
				}
			,{
				"<=msec": 6.300
				,"percent": 77.91
				}
			,{
				"<=msec": 6.400
				,"percent": 78.26
				}
			,{
				"<=msec": 6.500
				,"percent": 78.55
				}
			,{
				"<=msec": 6.600
				,"percent": 78.86
				}
			,{
				"<=msec": 6.700
				,"percent": 79.10
				}
			,{
				"<=msec": 6.800
				,"percent": 79.49
				}
			,{
				"<=msec": 6.900
				,"percent": 79.73
				}
			,{
				"<=msec": 7.000
				,"percent": 79.96
				}
			,{
				"<=msec": 7.100
				,"percent": 80.19
				}
			,{
				"<=msec": 7.200
				,"percent": 80.51
				}
			,{
				"<=msec": 7.300
				,"percent": 80.81
				}
			,{
				"<=msec": 7.400
				,"percent": 81.04
				}
			,{
				"<=msec": 7.500
				,"percent": 81.25
				}
			,{
				"<=msec": 7.600
				,"percent": 81.51
				}
			,{
				"<=msec": 7.700
				,"percent": 81.88
				}
			,{
				"<=msec": 7.800
				,"percent": 82.23
				}
			,{
				"<=msec": 7.900
				,"percent": 82.43
				}
			,{
				"<=msec": 8.000
				,"percent": 82.67
				}
			,{
				"<=msec": 8.100
				,"percent": 83.01
				}
			,{
				"<=msec": 8.200
				,"percent": 83.24
				}
			,{
				"<=msec": 8.300
				,"percent": 83.49
				}
			,{
				"<=msec": 8.400
				,"percent": 83.76
				}
			,{
				"<=msec": 8.500
				,"percent": 84.03
				}
			,{
				"<=msec": 8.600
				,"percent": 84.27
				}
			,{
				"<=msec": 8.700
				,"percent": 84.50
				}
			,{
				"<=msec": 8.800
				,"percent": 84.74
				}
			,{
				"<=msec": 8.900
				,"percent": 85.15
				}
			,{
				"<=msec": 9.000
				,"percent": 85.54
				}
			,{
				"<=msec": 9.100
				,"percent": 85.85
				}
			,{
				"<=msec": 9.200
				,"percent": 86.20
				}
			,{
				"<=msec": 9.300
				,"percent": 86.52
				}
			,{
				"<=msec": 9.400
				,"percent": 86.95
				}
			,{
				"<=msec": 9.500
				,"percent": 87.42
				}
			,{
				"<=msec": 9.600
				,"percent": 87.75
				}
			,{
				"<=msec": 9.700
				,"percent": 88.19
				}
			,{
				"<=msec": 9.800
				,"percent": 88.48
				}
			,{
				"<=msec": 9.900
				,"percent": 88.84
				}
			,{
				"<=msec": 10.000
				,"percent": 90.62
				}
			,{
				"<=msec": 11.000
				,"percent": 92.75
				}
			,{
				"<=msec": 12.000
				,"percent": 96.28
				}
			,{
				"<=msec": 13.000
				,"percent": 98.60
				}
			,{
				"<=msec": 14.000
				,"percent": 99.12
				}
			,{
				"<=msec": 15.000
				,"percent": 99.54
				}
			,{
				"<=msec": 16.000
				,"percent": 99.70
				}
			,{
				"<=msec": 17.000
				,"percent": 99.79
				}
			,{
				"<=msec": 18.000
				,"percent": 99.86
				}
			,{
				"<=msec": 19.000
				,"percent": 99.90
				}
			,{
				"<=msec": 20.000
				,"percent": 99.91
				}
			,{
				"<=msec": 21.000
				,"percent": 99.93
				}
			,{
				"<=msec": 22.000
				,"percent": 99.94
				}
			,{
				"<=msec": 24.000
				,"percent": 99.95
				}
			,{
				"<=msec": 25.000
				,"percent": 99.97
				}
			,{
				"<=msec": 26.000
				,"percent": 99.98
				}
			,{
				"<=msec": 27.000
				,"percent": 100.00
				}
			]
		,"GET":[
			{
				"<=msec": 2.000
				,"percent": 0.01
				}
			,{
				"<=msec": 2.100
				,"percent": 0.09
				}
			,{
				"<=msec": 2.200
				,"percent": 0.24
				}
			,{
				"<=msec": 2.300
				,"percent": 0.67
				}
			,{
				"<=msec": 2.400
				,"percent": 1.33
				}
			,{
				"<=msec": 2.500
				,"percent": 2.48
				}
			,{
				"<=msec": 2.600
				,"percent": 4.21
				}
			,{
				"<=msec": 2.700
				,"percent": 6.24
				}
			,{
				"<=msec": 2.800
				,"percent": 8.51
				}
			,{
				"<=msec": 2.900
				,"percent": 10.70
				}
			,{
				"<=msec": 3.000
				,"percent": 12.96
				}
			,{
				"<=msec": 3.100
				,"percent": 15.04
				}
			,{
				"<=msec": 3.200
				,"percent": 17.01
				}
			,{
				"<=msec": 3.300
				,"percent": 18.83
				}
			,{
				"<=msec": 3.400
				,"percent": 20.31
				}
			,{
				"<=msec": 3.500
				,"percent": 21.54
				}
			,{
				"<=msec": 3.600
				,"percent": 22.60
				}
			,{
				"<=msec": 3.700
				,"percent": 23.57
				}
			,{
				"<=msec": 3.800
				,"percent": 24.28
				}
			,{
				"<=msec": 3.900
				,"percent": 25.13
				}
			,{
				"<=msec": 4.000
				,"percent": 25.84
				}
			,{
				"<=msec": 4.100
				,"percent": 26.37
				}
			,{
				"<=msec": 4.200
				,"percent": 26.78
				}
			,{
				"<=msec": 4.300
				,"percent": 27.19
				}
			,{
				"<=msec": 4.400
				,"percent": 27.59
				}
			,{
				"<=msec": 4.500
				,"percent": 27.94
				}
			,{
				"<=msec": 4.600
				,"percent": 28.37
				}
			,{
				"<=msec": 4.700
				,"percent": 28.55
				}
			,{
				"<=msec": 4.800
				,"percent": 28.83
				}
			,{
				"<=msec": 4.900
				,"percent": 29.08
				}
			,{
				"<=msec": 5.000
				,"percent": 29.34
				}
			,{
				"<=msec": 5.100
				,"percent": 29.62
				}
			,{
				"<=msec": 5.200
				,"percent": 29.83
				}
			,{
				"<=msec": 5.300
				,"percent": 30.10
				}
			,{
				"<=msec": 5.400
				,"percent": 30.33
				}
			,{
				"<=msec": 5.500
				,"percent": 30.58
				}
			,{
				"<=msec": 5.600
				,"percent": 30.75
				}
			,{
				"<=msec": 5.700
				,"percent": 30.96
				}
			,{
				"<=msec": 5.800
				,"percent": 31.20
				}
			,{
				"<=msec": 5.900
				,"percent": 31.41
				}
			,{
				"<=msec": 6.000
				,"percent": 31.64
				}
			,{
				"<=msec": 6.100
				,"percent": 31.84
				}
			,{
				"<=msec": 6.200
				,"percent": 32.03
				}
			,{
				"<=msec": 6.300
				,"percent": 32.27
				}
			,{
				"<=msec": 6.400
				,"percent": 32.47
				}
			,{
				"<=msec": 6.500
				,"percent": 32.82
				}
			,{
				"<=msec": 6.600
				,"percent": 33.15
				}
			,{
				"<=msec": 6.700
				,"percent": 33.43
				}
			,{
				"<=msec": 6.800
				,"percent": 33.69
				}
			,{
				"<=msec": 6.900
				,"percent": 33.94
				}
			,{
				"<=msec": 7.000
				,"percent": 34.19
				}
			,{
				"<=msec": 7.100
				,"percent": 34.49
				}
			,{
				"<=msec": 7.200
				,"percent": 34.85
				}
			,{
				"<=msec": 7.300
				,"percent": 35.12
				}
			,{
				"<=msec": 7.400
				,"percent": 35.44
				}
			,{
				"<=msec": 7.500
				,"percent": 35.83
				}
			,{
				"<=msec": 7.600
				,"percent": 36.18
				}
			,{
				"<=msec": 7.700
				,"percent": 36.49
				}
			,{
				"<=msec": 7.800
				,"percent": 36.77
				}
			,{
				"<=msec": 7.900
				,"percent": 37.13
				}
			,{
				"<=msec": 8.000
				,"percent": 37.44
				}
			,{
				"<=msec": 8.100
				,"percent": 37.82
				}
			,{
				"<=msec": 8.200
				,"percent": 38.17
				}
			,{
				"<=msec": 8.300
				,"percent": 38.62
				}
			,{
				"<=msec": 8.400
				,"percent": 38.99
				}
			,{
				"<=msec": 8.500
				,"percent": 39.40
				}
			,{
				"<=msec": 8.600
				,"percent": 39.91
				}
			,{
				"<=msec": 8.700
				,"percent": 40.28
				}
			,{
				"<=msec": 8.800
				,"percent": 40.62
				}
			,{
				"<=msec": 8.900
				,"percent": 40.97
				}
			,{
				"<=msec": 9.000
				,"percent": 41.34
				}
			,{
				"<=msec": 9.100
				,"percent": 41.66
				}
			,{
				"<=msec": 9.200
				,"percent": 42.11
				}
			,{
				"<=msec": 9.300
				,"percent": 42.60
				}
			,{
				"<=msec": 9.400
				,"percent": 43.04
				}
			,{
				"<=msec": 9.500
				,"percent": 43.36
				}
			,{
				"<=msec": 9.600
				,"percent": 43.76
				}
			,{
				"<=msec": 9.700
				,"percent": 44.08
				}
			,{
				"<=msec": 9.800
				,"percent": 44.45
				}
			,{
				"<=msec": 9.900
				,"percent": 44.86
				}
			,{
				"<=msec": 10.000
				,"percent": 47.59
				}
			,{
				"<=msec": 11.000
				,"percent": 54.66
				}
			,{
				"<=msec": 12.000
				,"percent": 66.20
				}
			,{
				"<=msec": 13.000
				,"percent": 88.61
				}
			,{
				"<=msec": 14.000
				,"percent": 96.08
				}
			,{
				"<=msec": 15.000
				,"percent": 97.30
				}
			,{
				"<=msec": 16.000
				,"percent": 98.15
				}
			,{
				"<=msec": 17.000
				,"percent": 98.74
				}
			,{
				"<=msec": 18.000
				,"percent": 99.11
				}
			,{
				"<=msec": 19.000
				,"percent": 99.36
				}
			,{
				"<=msec": 20.000
				,"percent": 99.44
				}
			,{
				"<=msec": 21.000
				,"percent": 99.50
				}
			,{
				"<=msec": 22.000
				,"percent": 99.56
				}
			,{
				"<=msec": 23.000
				,"percent": 99.60
				}
			,{
				"<=msec": 24.000
				,"percent": 99.61
				}
			,{
				"<=msec": 25.000
				,"percent": 99.66
				}
			,{
				"<=msec": 26.000
				,"percent": 99.74
				}
			,{
				"<=msec": 27.000
				,"percent": 99.84
				}
			,{
				"<=msec": 28.000
				,"percent": 99.94
				}
			,{
				"<=msec": 29.000
				,"percent": 99.95
				}
			,{
				"<=msec": 30.000
				,"percent": 99.97
				}
			,{
				"<=msec": 31.000
				,"percent": 99.98
				}
			,{
				"<=msec": 67.000
				,"percent": 99.99
				}
			,{
				"<=msec": 70.000
				,"percent": 100.00
				}
			]
		,"WAIT":[
		]
		}
	}
