{
	"configuration":{
		"server": "10.0.0.9"
		,"port": 11212
		,"unix socket": "(null)"
		,"protocol": "memcache_text"
		,"out_file": "(null)"
		,"client_stats": "(null)"
		,"run_count": 1
		,"debug": 0
		,"requests": 0
		,"clients": 2
		,"threads": 1
		,"test_time": 60
		,"ratio": "1:3"
		,"pipeline": 1
		,"data_size": 4096
		,"data_offset": 0
		,"random_data": "false"
		,"data_size_range": "0:0"
		,"data_size_list": ""
		,"data_size_pattern": "R"
		,"expiry_range": "9999:10000"
		,"data_import": "(null)"
		,"data_verify": "false"
		,"verify_only": "false"
		,"generate_keys": "false"
		,"key_prefix": "memtier-"
		,"key_minimum":           0
		,"key_maximum":        1000
		,"key_pattern": "R:R"
		,"key_stddev": 0.000000
		,"key_median": 0.000000
		,"reconnect_interval": 0
		,"multi_key_get": 3
		,"authenticate": ""
		,"select-db": 0
		,"no-expiry": "false"
		,"wait-ratio": "0:0"
		,"num-slaves": "0:0"
		,"wait-timeout": "0-0"
		}
	,"run information":{
		"Threads": 1
		,"Connections per thread": 2
		,"Seconds": 60
		}
	,"ALL STATS":{
		"Sets":{
			"Ops/sec": 401.66
			,"Hits/sec": 0.00
			,"Misses/sec": 0.00
			,"Latency": 2.48
			,"KB/sec": 1622.07
			}
		,"Gets":{
			"Ops/sec": 401.64
			,"Hits/sec": 1204.92
			,"Misses/sec": 0.00
			,"Latency": 2.48
			,"KB/sec": 4870.39
			}
		,"Waits":{
			"Ops/sec": 0.00
			,"Hits/sec": 0.00
			,"Misses/sec": 0.00
			,"Latency": 0.00
			,"KB/sec": 0.00
			}
		,"Totals":{
			"Ops/sec": 803.29
			,"Hits/sec": 1204.92
			,"Misses/sec": 0.00
			,"Latency": 2.48
			,"KB/sec": 6492.47
			}
		,"SET":[
			{
				"<=msec": 0.950
				,"percent": 0.00
				}
			,{
				"<=msec": 0.960
				,"percent": 0.01
				}
			,{
				"<=msec": 0.980
				,"percent": 0.02
				}
			,{
				"<=msec": 1.000
				,"percent": 0.15
				}
			,{
				"<=msec": 1.100
				,"percent": 0.84
				}
			,{
				"<=msec": 1.200
				,"percent": 3.24
				}
			,{
				"<=msec": 1.300
				,"percent": 8.49
				}
			,{
				"<=msec": 1.400
				,"percent": 16.29
				}
			,{
				"<=msec": 1.500
				,"percent": 25.22
				}
			,{
				"<=msec": 1.600
				,"percent": 34.55
				}
			,{
				"<=msec": 1.700
				,"percent": 42.99
				}
			,{
				"<=msec": 1.800
				,"percent": 50.29
				}
			,{
				"<=msec": 1.900
				,"percent": 56.37
				}
			,{
				"<=msec": 2.000
				,"percent": 61.73
				}
			,{
				"<=msec": 2.100
				,"percent": 65.69
				}
			,{
				"<=msec": 2.200
				,"percent": 68.95
				}
			,{
				"<=msec": 2.300
				,"percent": 71.85
				}
			,{
				"<=msec": 2.400
				,"percent": 74.02
				}
			,{
				"<=msec": 2.500
				,"percent": 76.00
				}
			,{
				"<=msec": 2.600
				,"percent": 77.55
				}
			,{
				"<=msec": 2.700
				,"percent": 78.80
				}
			,{
				"<=msec": 2.800
				,"percent": 80.04
				}
			,{
				"<=msec": 2.900
				,"percent": 81.11
				}
			,{
				"<=msec": 3.000
				,"percent": 82.05
				}
			,{
				"<=msec": 3.100
				,"percent": 82.86
				}
			,{
				"<=msec": 3.200
				,"percent": 83.59
				}
			,{
				"<=msec": 3.300
				,"percent": 84.25
				}
			,{
				"<=msec": 3.400
				,"percent": 84.89
				}
			,{
				"<=msec": 3.500
				,"percent": 85.44
				}
			,{
				"<=msec": 3.600
				,"percent": 85.94
				}
			,{
				"<=msec": 3.700
				,"percent": 86.44
				}
			,{
				"<=msec": 3.800
				,"percent": 86.83
				}
			,{
				"<=msec": 3.900
				,"percent": 87.27
				}
			,{
				"<=msec": 4.000
				,"percent": 87.68
				}
			,{
				"<=msec": 4.100
				,"percent": 88.19
				}
			,{
				"<=msec": 4.200
				,"percent": 88.58
				}
			,{
				"<=msec": 4.300
				,"percent": 88.93
				}
			,{
				"<=msec": 4.400
				,"percent": 89.23
				}
			,{
				"<=msec": 4.500
				,"percent": 89.60
				}
			,{
				"<=msec": 4.600
				,"percent": 89.95
				}
			,{
				"<=msec": 4.700
				,"percent": 90.36
				}
			,{
				"<=msec": 4.800
				,"percent": 90.64
				}
			,{
				"<=msec": 4.900
				,"percent": 90.96
				}
			,{
				"<=msec": 5.000
				,"percent": 91.25
				}
			,{
				"<=msec": 5.100
				,"percent": 91.59
				}
			,{
				"<=msec": 5.200
				,"percent": 91.88
				}
			,{
				"<=msec": 5.300
				,"percent": 92.18
				}
			,{
				"<=msec": 5.400
				,"percent": 92.45
				}
			,{
				"<=msec": 5.500
				,"percent": 92.74
				}
			,{
				"<=msec": 5.600
				,"percent": 93.02
				}
			,{
				"<=msec": 5.700
				,"percent": 93.30
				}
			,{
				"<=msec": 5.800
				,"percent": 93.55
				}
			,{
				"<=msec": 5.900
				,"percent": 93.92
				}
			,{
				"<=msec": 6.000
				,"percent": 94.24
				}
			,{
				"<=msec": 6.100
				,"percent": 94.55
				}
			,{
				"<=msec": 6.200
				,"percent": 94.84
				}
			,{
				"<=msec": 6.300
				,"percent": 95.11
				}
			,{
				"<=msec": 6.400
				,"percent": 95.37
				}
			,{
				"<=msec": 6.500
				,"percent": 95.59
				}
			,{
				"<=msec": 6.600
				,"percent": 95.82
				}
			,{
				"<=msec": 6.700
				,"percent": 96.00
				}
			,{
				"<=msec": 6.800
				,"percent": 96.28
				}
			,{
				"<=msec": 6.900
				,"percent": 96.46
				}
			,{
				"<=msec": 7.000
				,"percent": 96.69
				}
			,{
				"<=msec": 7.100
				,"percent": 96.93
				}
			,{
				"<=msec": 7.200
				,"percent": 97.13
				}
			,{
				"<=msec": 7.300
				,"percent": 97.30
				}
			,{
				"<=msec": 7.400
				,"percent": 97.46
				}
			,{
				"<=msec": 7.500
				,"percent": 97.57
				}
			,{
				"<=msec": 7.600
				,"percent": 97.72
				}
			,{
				"<=msec": 7.700
				,"percent": 97.80
				}
			,{
				"<=msec": 7.800
				,"percent": 97.90
				}
			,{
				"<=msec": 7.900
				,"percent": 97.98
				}
			,{
				"<=msec": 8.000
				,"percent": 98.08
				}
			,{
				"<=msec": 8.100
				,"percent": 98.16
				}
			,{
				"<=msec": 8.200
				,"percent": 98.26
				}
			,{
				"<=msec": 8.300
				,"percent": 98.34
				}
			,{
				"<=msec": 8.400
				,"percent": 98.45
				}
			,{
				"<=msec": 8.500
				,"percent": 98.51
				}
			,{
				"<=msec": 8.600
				,"percent": 98.59
				}
			,{
				"<=msec": 8.700
				,"percent": 98.64
				}
			,{
				"<=msec": 8.800
				,"percent": 98.71
				}
			,{
				"<=msec": 8.900
				,"percent": 98.76
				}
			,{
				"<=msec": 9.000
				,"percent": 98.80
				}
			,{
				"<=msec": 9.100
				,"percent": 98.85
				}
			,{
				"<=msec": 9.200
				,"percent": 98.90
				}
			,{
				"<=msec": 9.300
				,"percent": 98.97
				}
			,{
				"<=msec": 9.400
				,"percent": 99.02
				}
			,{
				"<=msec": 9.500
				,"percent": 99.06
				}
			,{
				"<=msec": 9.600
				,"percent": 99.13
				}
			,{
				"<=msec": 9.700
				,"percent": 99.16
				}
			,{
				"<=msec": 9.800
				,"percent": 99.20
				}
			,{
				"<=msec": 9.900
				,"percent": 99.26
				}
			,{
				"<=msec": 10.000
				,"percent": 99.45
				}
			,{
				"<=msec": 11.000
				,"percent": 99.68
				}
			,{
				"<=msec": 12.000
				,"percent": 99.77
				}
			,{
				"<=msec": 13.000
				,"percent": 99.83
				}
			,{
				"<=msec": 14.000
				,"percent": 99.85
				}
			,{
				"<=msec": 15.000
				,"percent": 99.89
				}
			,{
				"<=msec": 16.000
				,"percent": 99.90
				}
			,{
				"<=msec": 17.000
				,"percent": 99.91
				}
			,{
				"<=msec": 18.000
				,"percent": 99.92
				}
			,{
				"<=msec": 19.000
				,"percent": 99.93
				}
			,{
				"<=msec": 20.000
				,"percent": 99.94
				}
			,{
				"<=msec": 21.000
				,"percent": 99.95
				}
			,{
				"<=msec": 22.000
				,"percent": 99.96
				}
			,{
				"<=msec": 23.000
				,"percent": 99.98
				}
			,{
				"<=msec": 25.000
				,"percent": 99.98
				}
			,{
				"<=msec": 44.000
				,"percent": 99.99
				}
			,{
				"<=msec": 45.000
				,"percent": 99.99
				}
			,{
				"<=msec": 110.000
				,"percent": 100.00
				}
			]
		,"GET":[
			{
				"<=msec": 1.000
				,"percent": 0.00
				}
			,{
				"<=msec": 1.100
				,"percent": 0.16
				}
			,{
				"<=msec": 1.200
				,"percent": 1.26
				}
			,{
				"<=msec": 1.300
				,"percent": 4.32
				}
			,{
				"<=msec": 1.400
				,"percent": 10.12
				}
			,{
				"<=msec": 1.500
				,"percent": 18.12
				}
			,{
				"<=msec": 1.600
				,"percent": 27.24
				}
			,{
				"<=msec": 1.700
				,"percent": 36.25
				}
			,{
				"<=msec": 1.800
				,"percent": 45.06
				}
			,{
				"<=msec": 1.900
				,"percent": 52.49
				}
			,{
				"<=msec": 2.000
				,"percent": 58.60
				}
			,{
				"<=msec": 2.100
				,"percent": 63.55
				}
			,{
				"<=msec": 2.200
				,"percent": 67.67
				}
			,{
				"<=msec": 2.300
				,"percent": 71.11
				}
			,{
				"<=msec": 2.400
				,"percent": 73.46
				}
			,{
				"<=msec": 2.500
				,"percent": 75.58
				}
			,{
				"<=msec": 2.600
				,"percent": 77.54
				}
			,{
				"<=msec": 2.700
				,"percent": 79.23
				}
			,{
				"<=msec": 2.800
				,"percent": 80.44
				}
			,{
				"<=msec": 2.900
				,"percent": 81.58
				}
			,{
				"<=msec": 3.000
				,"percent": 82.59
				}
			,{
				"<=msec": 3.100
				,"percent": 83.60
				}
			,{
				"<=msec": 3.200
				,"percent": 84.39
				}
			,{
				"<=msec": 3.300
				,"percent": 85.19
				}
			,{
				"<=msec": 3.400
				,"percent": 85.88
				}
			,{
				"<=msec": 3.500
				,"percent": 86.49
				}
			,{
				"<=msec": 3.600
				,"percent": 86.96
				}
			,{
				"<=msec": 3.700
				,"percent": 87.51
				}
			,{
				"<=msec": 3.800
				,"percent": 88.02
				}
			,{
				"<=msec": 3.900
				,"percent": 88.42
				}
			,{
				"<=msec": 4.000
				,"percent": 88.83
				}
			,{
				"<=msec": 4.100
				,"percent": 89.23
				}
			,{
				"<=msec": 4.200
				,"percent": 89.56
				}
			,{
				"<=msec": 4.300
				,"percent": 89.98
				}
			,{
				"<=msec": 4.400
				,"percent": 90.33
				}
			,{
				"<=msec": 4.500
				,"percent": 90.65
				}
			,{
				"<=msec": 4.600
				,"percent": 90.93
				}
			,{
				"<=msec": 4.700
				,"percent": 91.18
				}
			,{
				"<=msec": 4.800
				,"percent": 91.46
				}
			,{
				"<=msec": 4.900
				,"percent": 91.75
				}
			,{
				"<=msec": 5.000
				,"percent": 92.11
				}
			,{
				"<=msec": 5.100
				,"percent": 92.40
				}
			,{
				"<=msec": 5.200
				,"percent": 92.65
				}
			,{
				"<=msec": 5.300
				,"percent": 92.95
				}
			,{
				"<=msec": 5.400
				,"percent": 93.24
				}
			,{
				"<=msec": 5.500
				,"percent": 93.56
				}
			,{
				"<=msec": 5.600
				,"percent": 93.83
				}
			,{
				"<=msec": 5.700
				,"percent": 94.07
				}
			,{
				"<=msec": 5.800
				,"percent": 94.29
				}
			,{
				"<=msec": 5.900
				,"percent": 94.55
				}
			,{
				"<=msec": 6.000
				,"percent": 94.80
				}
			,{
				"<=msec": 6.100
				,"percent": 95.09
				}
			,{
				"<=msec": 6.200
				,"percent": 95.30
				}
			,{
				"<=msec": 6.300
				,"percent": 95.57
				}
			,{
				"<=msec": 6.400
				,"percent": 95.80
				}
			,{
				"<=msec": 6.500
				,"percent": 96.07
				}
			,{
				"<=msec": 6.600
				,"percent": 96.30
				}
			,{
				"<=msec": 6.700
				,"percent": 96.55
				}
			,{
				"<=msec": 6.800
				,"percent": 96.81
				}
			,{
				"<=msec": 6.900
				,"percent": 97.03
				}
			,{
				"<=msec": 7.000
				,"percent": 97.22
				}
			,{
				"<=msec": 7.100
				,"percent": 97.44
				}
			,{
				"<=msec": 7.200
				,"percent": 97.57
				}
			,{
				"<=msec": 7.300
				,"percent": 97.74
				}
			,{
				"<=msec": 7.400
				,"percent": 97.85
				}
			,{
				"<=msec": 7.500
				,"percent": 98.05
				}
			,{
				"<=msec": 7.600
				,"percent": 98.17
				}
			,{
				"<=msec": 7.700
				,"percent": 98.28
				}
			,{
				"<=msec": 7.800
				,"percent": 98.35
				}
			,{
				"<=msec": 7.900
				,"percent": 98.45
				}
			,{
				"<=msec": 8.000
				,"percent": 98.53
				}
			,{
				"<=msec": 8.100
				,"percent": 98.60
				}
			,{
				"<=msec": 8.200
				,"percent": 98.65
				}
			,{
				"<=msec": 8.300
				,"percent": 98.70
				}
			,{
				"<=msec": 8.400
				,"percent": 98.76
				}
			,{
				"<=msec": 8.500
				,"percent": 98.85
				}
			,{
				"<=msec": 8.600
				,"percent": 98.92
				}
			,{
				"<=msec": 8.700
				,"percent": 98.97
				}
			,{
				"<=msec": 8.800
				,"percent": 99.04
				}
			,{
				"<=msec": 8.900
				,"percent": 99.08
				}
			,{
				"<=msec": 9.000
				,"percent": 99.10
				}
			,{
				"<=msec": 9.100
				,"percent": 99.12
				}
			,{
				"<=msec": 9.200
				,"percent": 99.16
				}
			,{
				"<=msec": 9.300
				,"percent": 99.19
				}
			,{
				"<=msec": 9.400
				,"percent": 99.22
				}
			,{
				"<=msec": 9.500
				,"percent": 99.24
				}
			,{
				"<=msec": 9.600
				,"percent": 99.27
				}
			,{
				"<=msec": 9.700
				,"percent": 99.29
				}
			,{
				"<=msec": 9.800
				,"percent": 99.34
				}
			,{
				"<=msec": 9.900
				,"percent": 99.37
				}
			,{
				"<=msec": 10.000
				,"percent": 99.51
				}
			,{
				"<=msec": 11.000
				,"percent": 99.70
				}
			,{
				"<=msec": 12.000
				,"percent": 99.80
				}
			,{
				"<=msec": 13.000
				,"percent": 99.86
				}
			,{
				"<=msec": 14.000
				,"percent": 99.90
				}
			,{
				"<=msec": 15.000
				,"percent": 99.92
				}
			,{
				"<=msec": 16.000
				,"percent": 99.94
				}
			,{
				"<=msec": 17.000
				,"percent": 99.96
				}
			,{
				"<=msec": 18.000
				,"percent": 99.97
				}
			,{
				"<=msec": 20.000
				,"percent": 99.98
				}
			,{
				"<=msec": 21.000
				,"percent": 99.99
				}
			,{
				"<=msec": 42.000
				,"percent": 100.00
				}
			,{
				"<=msec": 43.000
				,"percent": 100.00
				}
			]
		,"WAIT":[
		]
		}
	}
