{
	"configuration":{
		"server": "10.0.0.9"
		,"port": 11212
		,"unix socket": "(null)"
		,"protocol": "memcache_text"
		,"out_file": "(null)"
		,"client_stats": "(null)"
		,"run_count": 1
		,"debug": 0
		,"requests": 0
		,"clients": 2
		,"threads": 1
		,"test_time": 60
		,"ratio": "1:6"
		,"pipeline": 1
		,"data_size": 4096
		,"data_offset": 0
		,"random_data": "false"
		,"data_size_range": "0:0"
		,"data_size_list": ""
		,"data_size_pattern": "R"
		,"expiry_range": "9999:10000"
		,"data_import": "(null)"
		,"data_verify": "false"
		,"verify_only": "false"
		,"generate_keys": "false"
		,"key_prefix": "memtier-"
		,"key_minimum":           0
		,"key_maximum":        1000
		,"key_pattern": "R:R"
		,"key_stddev": 0.000000
		,"key_median": 0.000000
		,"reconnect_interval": 0
		,"multi_key_get": 6
		,"authenticate": ""
		,"select-db": 0
		,"no-expiry": "false"
		,"wait-ratio": "0:0"
		,"num-slaves": "0:0"
		,"wait-timeout": "0-0"
		}
	,"run information":{
		"Threads": 1
		,"Connections per thread": 2
		,"Seconds": 60
		}
	,"ALL STATS":{
		"Sets":{
			"Ops/sec": 259.61
			,"Hits/sec": 0.00
			,"Misses/sec": 0.00
			,"Latency": 3.33
			,"KB/sec": 1048.44
			}
		,"Gets":{
			"Ops/sec": 259.61
			,"Hits/sec": 1557.68
			,"Misses/sec": 0.00
			,"Latency": 4.35
			,"KB/sec": 6293.76
			}
		,"Waits":{
			"Ops/sec": 0.00
			,"Hits/sec": 0.00
			,"Misses/sec": 0.00
			,"Latency": 0.00
			,"KB/sec": 0.00
			}
		,"Totals":{
			"Ops/sec": 519.23
			,"Hits/sec": 1557.68
			,"Misses/sec": 0.00
			,"Latency": 3.84
			,"KB/sec": 7342.19
			}
		,"SET":[
			{
				"<=msec": 0.960
				,"percent": 0.01
				}
			,{
				"<=msec": 1.000
				,"percent": 0.06
				}
			,{
				"<=msec": 1.100
				,"percent": 0.42
				}
			,{
				"<=msec": 1.200
				,"percent": 1.80
				}
			,{
				"<=msec": 1.300
				,"percent": 4.60
				}
			,{
				"<=msec": 1.400
				,"percent": 9.46
				}
			,{
				"<=msec": 1.500
				,"percent": 15.96
				}
			,{
				"<=msec": 1.600
				,"percent": 23.01
				}
			,{
				"<=msec": 1.700
				,"percent": 30.44
				}
			,{
				"<=msec": 1.800
				,"percent": 36.51
				}
			,{
				"<=msec": 1.900
				,"percent": 42.07
				}
			,{
				"<=msec": 2.000
				,"percent": 46.86
				}
			,{
				"<=msec": 2.100
				,"percent": 50.85
				}
			,{
				"<=msec": 2.200
				,"percent": 54.33
				}
			,{
				"<=msec": 2.300
				,"percent": 57.16
				}
			,{
				"<=msec": 2.400
				,"percent": 59.36
				}
			,{
				"<=msec": 2.500
				,"percent": 61.31
				}
			,{
				"<=msec": 2.600
				,"percent": 62.86
				}
			,{
				"<=msec": 2.700
				,"percent": 64.41
				}
			,{
				"<=msec": 2.800
				,"percent": 65.67
				}
			,{
				"<=msec": 2.900
				,"percent": 66.73
				}
			,{
				"<=msec": 3.000
				,"percent": 67.76
				}
			,{
				"<=msec": 3.100
				,"percent": 68.71
				}
			,{
				"<=msec": 3.200
				,"percent": 69.47
				}
			,{
				"<=msec": 3.300
				,"percent": 70.28
				}
			,{
				"<=msec": 3.400
				,"percent": 70.94
				}
			,{
				"<=msec": 3.500
				,"percent": 71.70
				}
			,{
				"<=msec": 3.600
				,"percent": 72.31
				}
			,{
				"<=msec": 3.700
				,"percent": 72.88
				}
			,{
				"<=msec": 3.800
				,"percent": 73.41
				}
			,{
				"<=msec": 3.900
				,"percent": 73.90
				}
			,{
				"<=msec": 4.000
				,"percent": 74.40
				}
			,{
				"<=msec": 4.100
				,"percent": 74.91
				}
			,{
				"<=msec": 4.200
				,"percent": 75.34
				}
			,{
				"<=msec": 4.300
				,"percent": 75.73
				}
			,{
				"<=msec": 4.400
				,"percent": 76.11
				}
			,{
				"<=msec": 4.500
				,"percent": 76.62
				}
			,{
				"<=msec": 4.600
				,"percent": 77.03
				}
			,{
				"<=msec": 4.700
				,"percent": 77.39
				}
			,{
				"<=msec": 4.800
				,"percent": 77.83
				}
			,{
				"<=msec": 4.900
				,"percent": 78.25
				}
			,{
				"<=msec": 5.000
				,"percent": 78.73
				}
			,{
				"<=msec": 5.100
				,"percent": 79.26
				}
			,{
				"<=msec": 5.200
				,"percent": 79.63
				}
			,{
				"<=msec": 5.300
				,"percent": 80.08
				}
			,{
				"<=msec": 5.400
				,"percent": 80.54
				}
			,{
				"<=msec": 5.500
				,"percent": 81.06
				}
			,{
				"<=msec": 5.600
				,"percent": 81.54
				}
			,{
				"<=msec": 5.700
				,"percent": 82.08
				}
			,{
				"<=msec": 5.800
				,"percent": 82.48
				}
			,{
				"<=msec": 5.900
				,"percent": 83.02
				}
			,{
				"<=msec": 6.000
				,"percent": 83.52
				}
			,{
				"<=msec": 6.100
				,"percent": 84.06
				}
			,{
				"<=msec": 6.200
				,"percent": 84.55
				}
			,{
				"<=msec": 6.300
				,"percent": 85.02
				}
			,{
				"<=msec": 6.400
				,"percent": 85.51
				}
			,{
				"<=msec": 6.500
				,"percent": 86.01
				}
			,{
				"<=msec": 6.600
				,"percent": 86.47
				}
			,{
				"<=msec": 6.700
				,"percent": 86.99
				}
			,{
				"<=msec": 6.800
				,"percent": 87.52
				}
			,{
				"<=msec": 6.900
				,"percent": 88.03
				}
			,{
				"<=msec": 7.000
				,"percent": 88.60
				}
			,{
				"<=msec": 7.100
				,"percent": 89.29
				}
			,{
				"<=msec": 7.200
				,"percent": 89.88
				}
			,{
				"<=msec": 7.300
				,"percent": 90.40
				}
			,{
				"<=msec": 7.400
				,"percent": 90.87
				}
			,{
				"<=msec": 7.500
				,"percent": 91.32
				}
			,{
				"<=msec": 7.600
				,"percent": 91.76
				}
			,{
				"<=msec": 7.700
				,"percent": 92.29
				}
			,{
				"<=msec": 7.800
				,"percent": 92.68
				}
			,{
				"<=msec": 7.900
				,"percent": 92.98
				}
			,{
				"<=msec": 8.000
				,"percent": 93.34
				}
			,{
				"<=msec": 8.100
				,"percent": 93.70
				}
			,{
				"<=msec": 8.200
				,"percent": 94.04
				}
			,{
				"<=msec": 8.300
				,"percent": 94.34
				}
			,{
				"<=msec": 8.400
				,"percent": 94.66
				}
			,{
				"<=msec": 8.500
				,"percent": 94.93
				}
			,{
				"<=msec": 8.600
				,"percent": 95.22
				}
			,{
				"<=msec": 8.700
				,"percent": 95.49
				}
			,{
				"<=msec": 8.800
				,"percent": 95.72
				}
			,{
				"<=msec": 8.900
				,"percent": 95.98
				}
			,{
				"<=msec": 9.000
				,"percent": 96.26
				}
			,{
				"<=msec": 9.100
				,"percent": 96.50
				}
			,{
				"<=msec": 9.200
				,"percent": 96.78
				}
			,{
				"<=msec": 9.300
				,"percent": 97.05
				}
			,{
				"<=msec": 9.400
				,"percent": 97.24
				}
			,{
				"<=msec": 9.500
				,"percent": 97.45
				}
			,{
				"<=msec": 9.600
				,"percent": 97.66
				}
			,{
				"<=msec": 9.700
				,"percent": 97.86
				}
			,{
				"<=msec": 9.800
				,"percent": 98.02
				}
			,{
				"<=msec": 9.900
				,"percent": 98.19
				}
			,{
				"<=msec": 10.000
				,"percent": 98.85
				}
			,{
				"<=msec": 11.000
				,"percent": 99.35
				}
			,{
				"<=msec": 12.000
				,"percent": 99.63
				}
			,{
				"<=msec": 13.000
				,"percent": 99.70
				}
			,{
				"<=msec": 14.000
				,"percent": 99.75
				}
			,{
				"<=msec": 15.000
				,"percent": 99.78
				}
			,{
				"<=msec": 16.000
				,"percent": 99.83
				}
			,{
				"<=msec": 17.000
				,"percent": 99.84
				}
			,{
				"<=msec": 18.000
				,"percent": 99.86
				}
			,{
				"<=msec": 19.000
				,"percent": 99.90
				}
			,{
				"<=msec": 20.000
				,"percent": 99.92
				}
			,{
				"<=msec": 21.000
				,"percent": 99.94
				}
			,{
				"<=msec": 22.000
				,"percent": 99.96
				}
			,{
				"<=msec": 24.000
				,"percent": 99.97
				}
			,{
				"<=msec": 25.000
				,"percent": 99.97
				}
			,{
				"<=msec": 35.000
				,"percent": 99.98
				}
			,{
				"<=msec": 110.000
				,"percent": 99.99
				}
			,{
				"<=msec": 140.000
				,"percent": 100.00
				}
			]
		,"GET":[
			{
				"<=msec": 1.300
				,"percent": 0.01
				}
			,{
				"<=msec": 1.400
				,"percent": 0.08
				}
			,{
				"<=msec": 1.500
				,"percent": 0.36
				}
			,{
				"<=msec": 1.600
				,"percent": 1.02
				}
			,{
				"<=msec": 1.700
				,"percent": 2.24
				}
			,{
				"<=msec": 1.800
				,"percent": 4.33
				}
			,{
				"<=msec": 1.900
				,"percent": 8.02
				}
			,{
				"<=msec": 2.000
				,"percent": 12.18
				}
			,{
				"<=msec": 2.100
				,"percent": 16.75
				}
			,{
				"<=msec": 2.200
				,"percent": 21.99
				}
			,{
				"<=msec": 2.300
				,"percent": 27.12
				}
			,{
				"<=msec": 2.400
				,"percent": 31.89
				}
			,{
				"<=msec": 2.500
				,"percent": 36.28
				}
			,{
				"<=msec": 2.600
				,"percent": 40.27
				}
			,{
				"<=msec": 2.700
				,"percent": 43.70
				}
			,{
				"<=msec": 2.800
				,"percent": 46.41
				}
			,{
				"<=msec": 2.900
				,"percent": 48.83
				}
			,{
				"<=msec": 3.000
				,"percent": 51.11
				}
			,{
				"<=msec": 3.100
				,"percent": 53.26
				}
			,{
				"<=msec": 3.200
				,"percent": 54.90
				}
			,{
				"<=msec": 3.300
				,"percent": 56.40
				}
			,{
				"<=msec": 3.400
				,"percent": 57.75
				}
			,{
				"<=msec": 3.500
				,"percent": 58.95
				}
			,{
				"<=msec": 3.600
				,"percent": 60.11
				}
			,{
				"<=msec": 3.700
				,"percent": 61.11
				}
			,{
				"<=msec": 3.800
				,"percent": 61.91
				}
			,{
				"<=msec": 3.900
				,"percent": 62.71
				}
			,{
				"<=msec": 4.000
				,"percent": 63.47
				}
			,{
				"<=msec": 4.100
				,"percent": 64.24
				}
			,{
				"<=msec": 4.200
				,"percent": 64.88
				}
			,{
				"<=msec": 4.300
				,"percent": 65.50
				}
			,{
				"<=msec": 4.400
				,"percent": 66.10
				}
			,{
				"<=msec": 4.500
				,"percent": 66.67
				}
			,{
				"<=msec": 4.600
				,"percent": 67.24
				}
			,{
				"<=msec": 4.700
				,"percent": 67.95
				}
			,{
				"<=msec": 4.800
				,"percent": 68.50
				}
			,{
				"<=msec": 4.900
				,"percent": 69.05
				}
			,{
				"<=msec": 5.000
				,"percent": 69.55
				}
			,{
				"<=msec": 5.100
				,"percent": 70.17
				}
			,{
				"<=msec": 5.200
				,"percent": 70.68
				}
			,{
				"<=msec": 5.300
				,"percent": 71.16
				}
			,{
				"<=msec": 5.400
				,"percent": 71.67
				}
			,{
				"<=msec": 5.500
				,"percent": 72.25
				}
			,{
				"<=msec": 5.600
				,"percent": 72.75
				}
			,{
				"<=msec": 5.700
				,"percent": 73.24
				}
			,{
				"<=msec": 5.800
				,"percent": 73.72
				}
			,{
				"<=msec": 5.900
				,"percent": 74.32
				}
			,{
				"<=msec": 6.000
				,"percent": 74.83
				}
			,{
				"<=msec": 6.100
				,"percent": 75.37
				}
			,{
				"<=msec": 6.200
				,"percent": 75.87
				}
			,{
				"<=msec": 6.300
				,"percent": 76.57
				}
			,{
				"<=msec": 6.400
				,"percent": 77.08
				}
			,{
				"<=msec": 6.500
				,"percent": 77.64
				}
			,{
				"<=msec": 6.600
				,"percent": 78.13
				}
			,{
				"<=msec": 6.700
				,"percent": 78.74
				}
			,{
				"<=msec": 6.800
				,"percent": 79.25
				}
			,{
				"<=msec": 6.900
				,"percent": 79.80
				}
			,{
				"<=msec": 7.000
				,"percent": 80.32
				}
			,{
				"<=msec": 7.100
				,"percent": 80.86
				}
			,{
				"<=msec": 7.200
				,"percent": 81.38
				}
			,{
				"<=msec": 7.300
				,"percent": 81.95
				}
			,{
				"<=msec": 7.400
				,"percent": 82.54
				}
			,{
				"<=msec": 7.500
				,"percent": 83.21
				}
			,{
				"<=msec": 7.600
				,"percent": 83.69
				}
			,{
				"<=msec": 7.700
				,"percent": 84.30
				}
			,{
				"<=msec": 7.800
				,"percent": 84.95
				}
			,{
				"<=msec": 7.900
				,"percent": 85.45
				}
			,{
				"<=msec": 8.000
				,"percent": 86.02
				}
			,{
				"<=msec": 8.100
				,"percent": 86.70
				}
			,{
				"<=msec": 8.200
				,"percent": 87.38
				}
			,{
				"<=msec": 8.300
				,"percent": 87.97
				}
			,{
				"<=msec": 8.400
				,"percent": 88.55
				}
			,{
				"<=msec": 8.500
				,"percent": 89.30
				}
			,{
				"<=msec": 8.600
				,"percent": 89.92
				}
			,{
				"<=msec": 8.700
				,"percent": 90.49
				}
			,{
				"<=msec": 8.800
				,"percent": 90.96
				}
			,{
				"<=msec": 8.900
				,"percent": 91.49
				}
			,{
				"<=msec": 9.000
				,"percent": 91.87
				}
			,{
				"<=msec": 9.100
				,"percent": 92.44
				}
			,{
				"<=msec": 9.200
				,"percent": 92.94
				}
			,{
				"<=msec": 9.300
				,"percent": 93.42
				}
			,{
				"<=msec": 9.400
				,"percent": 93.91
				}
			,{
				"<=msec": 9.500
				,"percent": 94.47
				}
			,{
				"<=msec": 9.600
				,"percent": 94.89
				}
			,{
				"<=msec": 9.700
				,"percent": 95.28
				}
			,{
				"<=msec": 9.800
				,"percent": 95.78
				}
			,{
				"<=msec": 9.900
				,"percent": 96.19
				}
			,{
				"<=msec": 10.000
				,"percent": 97.75
				}
			,{
				"<=msec": 11.000
				,"percent": 98.96
				}
			,{
				"<=msec": 12.000
				,"percent": 99.37
				}
			,{
				"<=msec": 13.000
				,"percent": 99.56
				}
			,{
				"<=msec": 14.000
				,"percent": 99.66
				}
			,{
				"<=msec": 15.000
				,"percent": 99.70
				}
			,{
				"<=msec": 16.000
				,"percent": 99.73
				}
			,{
				"<=msec": 17.000
				,"percent": 99.79
				}
			,{
				"<=msec": 18.000
				,"percent": 99.84
				}
			,{
				"<=msec": 19.000
				,"percent": 99.85
				}
			,{
				"<=msec": 20.000
				,"percent": 99.87
				}
			,{
				"<=msec": 21.000
				,"percent": 99.90
				}
			,{
				"<=msec": 22.000
				,"percent": 99.92
				}
			,{
				"<=msec": 23.000
				,"percent": 99.95
				}
			,{
				"<=msec": 24.000
				,"percent": 99.97
				}
			,{
				"<=msec": 26.000
				,"percent": 99.97
				}
			,{
				"<=msec": 37.000
				,"percent": 99.98
				}
			,{
				"<=msec": 120.000
				,"percent": 99.99
				}
			,{
				"<=msec": 130.000
				,"percent": 100.00
				}
			]
		,"WAIT":[
		]
		}
	}
