{
	"configuration":{
		"server": "10.0.0.9"
		,"port": 11212
		,"unix socket": "(null)"
		,"protocol": "memcache_text"
		,"out_file": "(null)"
		,"client_stats": "(null)"
		,"run_count": 1
		,"debug": 0
		,"requests": 0
		,"clients": 2
		,"threads": 1
		,"test_time": 60
		,"ratio": "1:6"
		,"pipeline": 1
		,"data_size": 4096
		,"data_offset": 0
		,"random_data": "false"
		,"data_size_range": "0:0"
		,"data_size_list": ""
		,"data_size_pattern": "R"
		,"expiry_range": "9999:10000"
		,"data_import": "(null)"
		,"data_verify": "false"
		,"verify_only": "false"
		,"generate_keys": "false"
		,"key_prefix": "memtier-"
		,"key_minimum":           0
		,"key_maximum":        1000
		,"key_pattern": "R:R"
		,"key_stddev": 0.000000
		,"key_median": 0.000000
		,"reconnect_interval": 0
		,"multi_key_get": 6
		,"authenticate": ""
		,"select-db": 0
		,"no-expiry": "false"
		,"wait-ratio": "0:0"
		,"num-slaves": "0:0"
		,"wait-timeout": "0-0"
		}
	,"run information":{
		"Threads": 1
		,"Connections per thread": 2
		,"Seconds": 60
		}
	,"ALL STATS":{
		"Sets":{
			"Ops/sec": 267.68
			,"Hits/sec": 0.00
			,"Misses/sec": 0.00
			,"Latency": 3.21
			,"KB/sec": 1081.00
			}
		,"Gets":{
			"Ops/sec": 267.68
			,"Hits/sec": 1606.06
			,"Misses/sec": 0.00
			,"Latency": 4.23
			,"KB/sec": 6489.23
			}
		,"Waits":{
			"Ops/sec": 0.00
			,"Hits/sec": 0.00
			,"Misses/sec": 0.00
			,"Latency": 0.00
			,"KB/sec": 0.00
			}
		,"Totals":{
			"Ops/sec": 535.35
			,"Hits/sec": 1606.06
			,"Misses/sec": 0.00
			,"Latency": 3.72
			,"KB/sec": 7570.23
			}
		,"SET":[
			{
				"<=msec": 0.980
				,"percent": 0.01
				}
			,{
				"<=msec": 1.000
				,"percent": 0.06
				}
			,{
				"<=msec": 1.100
				,"percent": 0.35
				}
			,{
				"<=msec": 1.200
				,"percent": 1.56
				}
			,{
				"<=msec": 1.300
				,"percent": 4.43
				}
			,{
				"<=msec": 1.400
				,"percent": 9.11
				}
			,{
				"<=msec": 1.500
				,"percent": 15.02
				}
			,{
				"<=msec": 1.600
				,"percent": 21.80
				}
			,{
				"<=msec": 1.700
				,"percent": 28.57
				}
			,{
				"<=msec": 1.800
				,"percent": 34.79
				}
			,{
				"<=msec": 1.900
				,"percent": 40.34
				}
			,{
				"<=msec": 2.000
				,"percent": 45.45
				}
			,{
				"<=msec": 2.100
				,"percent": 49.84
				}
			,{
				"<=msec": 2.200
				,"percent": 53.65
				}
			,{
				"<=msec": 2.300
				,"percent": 56.96
				}
			,{
				"<=msec": 2.400
				,"percent": 59.56
				}
			,{
				"<=msec": 2.500
				,"percent": 61.75
				}
			,{
				"<=msec": 2.600
				,"percent": 63.55
				}
			,{
				"<=msec": 2.700
				,"percent": 65.51
				}
			,{
				"<=msec": 2.800
				,"percent": 66.87
				}
			,{
				"<=msec": 2.900
				,"percent": 68.20
				}
			,{
				"<=msec": 3.000
				,"percent": 69.30
				}
			,{
				"<=msec": 3.100
				,"percent": 70.31
				}
			,{
				"<=msec": 3.200
				,"percent": 71.23
				}
			,{
				"<=msec": 3.300
				,"percent": 72.16
				}
			,{
				"<=msec": 3.400
				,"percent": 72.88
				}
			,{
				"<=msec": 3.500
				,"percent": 73.56
				}
			,{
				"<=msec": 3.600
				,"percent": 74.22
				}
			,{
				"<=msec": 3.700
				,"percent": 74.84
				}
			,{
				"<=msec": 3.800
				,"percent": 75.39
				}
			,{
				"<=msec": 3.900
				,"percent": 75.92
				}
			,{
				"<=msec": 4.000
				,"percent": 76.45
				}
			,{
				"<=msec": 4.100
				,"percent": 76.92
				}
			,{
				"<=msec": 4.200
				,"percent": 77.40
				}
			,{
				"<=msec": 4.300
				,"percent": 77.98
				}
			,{
				"<=msec": 4.400
				,"percent": 78.40
				}
			,{
				"<=msec": 4.500
				,"percent": 78.78
				}
			,{
				"<=msec": 4.600
				,"percent": 79.22
				}
			,{
				"<=msec": 4.700
				,"percent": 79.63
				}
			,{
				"<=msec": 4.800
				,"percent": 79.98
				}
			,{
				"<=msec": 4.900
				,"percent": 80.52
				}
			,{
				"<=msec": 5.000
				,"percent": 80.95
				}
			,{
				"<=msec": 5.100
				,"percent": 81.37
				}
			,{
				"<=msec": 5.200
				,"percent": 81.84
				}
			,{
				"<=msec": 5.300
				,"percent": 82.30
				}
			,{
				"<=msec": 5.400
				,"percent": 82.82
				}
			,{
				"<=msec": 5.500
				,"percent": 83.34
				}
			,{
				"<=msec": 5.600
				,"percent": 83.82
				}
			,{
				"<=msec": 5.700
				,"percent": 84.24
				}
			,{
				"<=msec": 5.800
				,"percent": 84.82
				}
			,{
				"<=msec": 5.900
				,"percent": 85.29
				}
			,{
				"<=msec": 6.000
				,"percent": 85.72
				}
			,{
				"<=msec": 6.100
				,"percent": 86.17
				}
			,{
				"<=msec": 6.200
				,"percent": 86.64
				}
			,{
				"<=msec": 6.300
				,"percent": 87.02
				}
			,{
				"<=msec": 6.400
				,"percent": 87.60
				}
			,{
				"<=msec": 6.500
				,"percent": 88.15
				}
			,{
				"<=msec": 6.600
				,"percent": 88.56
				}
			,{
				"<=msec": 6.700
				,"percent": 89.07
				}
			,{
				"<=msec": 6.800
				,"percent": 89.51
				}
			,{
				"<=msec": 6.900
				,"percent": 89.98
				}
			,{
				"<=msec": 7.000
				,"percent": 90.49
				}
			,{
				"<=msec": 7.100
				,"percent": 90.90
				}
			,{
				"<=msec": 7.200
				,"percent": 91.38
				}
			,{
				"<=msec": 7.300
				,"percent": 91.78
				}
			,{
				"<=msec": 7.400
				,"percent": 92.24
				}
			,{
				"<=msec": 7.500
				,"percent": 92.59
				}
			,{
				"<=msec": 7.600
				,"percent": 92.98
				}
			,{
				"<=msec": 7.700
				,"percent": 93.29
				}
			,{
				"<=msec": 7.800
				,"percent": 93.65
				}
			,{
				"<=msec": 7.900
				,"percent": 93.98
				}
			,{
				"<=msec": 8.000
				,"percent": 94.25
				}
			,{
				"<=msec": 8.100
				,"percent": 94.59
				}
			,{
				"<=msec": 8.200
				,"percent": 94.94
				}
			,{
				"<=msec": 8.300
				,"percent": 95.19
				}
			,{
				"<=msec": 8.400
				,"percent": 95.46
				}
			,{
				"<=msec": 8.500
				,"percent": 95.67
				}
			,{
				"<=msec": 8.600
				,"percent": 95.92
				}
			,{
				"<=msec": 8.700
				,"percent": 96.16
				}
			,{
				"<=msec": 8.800
				,"percent": 96.41
				}
			,{
				"<=msec": 8.900
				,"percent": 96.63
				}
			,{
				"<=msec": 9.000
				,"percent": 96.89
				}
			,{
				"<=msec": 9.100
				,"percent": 97.06
				}
			,{
				"<=msec": 9.200
				,"percent": 97.29
				}
			,{
				"<=msec": 9.300
				,"percent": 97.48
				}
			,{
				"<=msec": 9.400
				,"percent": 97.69
				}
			,{
				"<=msec": 9.500
				,"percent": 97.86
				}
			,{
				"<=msec": 9.600
				,"percent": 97.95
				}
			,{
				"<=msec": 9.700
				,"percent": 98.09
				}
			,{
				"<=msec": 9.800
				,"percent": 98.23
				}
			,{
				"<=msec": 9.900
				,"percent": 98.37
				}
			,{
				"<=msec": 10.000
				,"percent": 99.02
				}
			,{
				"<=msec": 11.000
				,"percent": 99.51
				}
			,{
				"<=msec": 12.000
				,"percent": 99.66
				}
			,{
				"<=msec": 13.000
				,"percent": 99.74
				}
			,{
				"<=msec": 14.000
				,"percent": 99.79
				}
			,{
				"<=msec": 15.000
				,"percent": 99.81
				}
			,{
				"<=msec": 16.000
				,"percent": 99.84
				}
			,{
				"<=msec": 17.000
				,"percent": 99.87
				}
			,{
				"<=msec": 18.000
				,"percent": 99.90
				}
			,{
				"<=msec": 19.000
				,"percent": 99.93
				}
			,{
				"<=msec": 20.000
				,"percent": 99.95
				}
			,{
				"<=msec": 21.000
				,"percent": 99.96
				}
			,{
				"<=msec": 22.000
				,"percent": 99.98
				}
			,{
				"<=msec": 24.000
				,"percent": 99.98
				}
			,{
				"<=msec": 27.000
				,"percent": 99.99
				}
			,{
				"<=msec": 110.000
				,"percent": 100.00
				}
			]
		,"GET":[
			{
				"<=msec": 1.300
				,"percent": 0.02
				}
			,{
				"<=msec": 1.400
				,"percent": 0.11
				}
			,{
				"<=msec": 1.500
				,"percent": 0.24
				}
			,{
				"<=msec": 1.600
				,"percent": 0.98
				}
			,{
				"<=msec": 1.700
				,"percent": 2.50
				}
			,{
				"<=msec": 1.800
				,"percent": 4.77
				}
			,{
				"<=msec": 1.900
				,"percent": 8.23
				}
			,{
				"<=msec": 2.000
				,"percent": 12.35
				}
			,{
				"<=msec": 2.100
				,"percent": 16.48
				}
			,{
				"<=msec": 2.200
				,"percent": 21.41
				}
			,{
				"<=msec": 2.300
				,"percent": 26.10
				}
			,{
				"<=msec": 2.400
				,"percent": 30.87
				}
			,{
				"<=msec": 2.500
				,"percent": 34.84
				}
			,{
				"<=msec": 2.600
				,"percent": 38.69
				}
			,{
				"<=msec": 2.700
				,"percent": 42.46
				}
			,{
				"<=msec": 2.800
				,"percent": 45.91
				}
			,{
				"<=msec": 2.900
				,"percent": 48.75
				}
			,{
				"<=msec": 3.000
				,"percent": 51.53
				}
			,{
				"<=msec": 3.100
				,"percent": 53.76
				}
			,{
				"<=msec": 3.200
				,"percent": 55.79
				}
			,{
				"<=msec": 3.300
				,"percent": 57.47
				}
			,{
				"<=msec": 3.400
				,"percent": 58.97
				}
			,{
				"<=msec": 3.500
				,"percent": 60.33
				}
			,{
				"<=msec": 3.600
				,"percent": 61.73
				}
			,{
				"<=msec": 3.700
				,"percent": 62.57
				}
			,{
				"<=msec": 3.800
				,"percent": 63.51
				}
			,{
				"<=msec": 3.900
				,"percent": 64.40
				}
			,{
				"<=msec": 4.000
				,"percent": 65.21
				}
			,{
				"<=msec": 4.100
				,"percent": 66.07
				}
			,{
				"<=msec": 4.200
				,"percent": 66.89
				}
			,{
				"<=msec": 4.300
				,"percent": 67.57
				}
			,{
				"<=msec": 4.400
				,"percent": 68.30
				}
			,{
				"<=msec": 4.500
				,"percent": 68.98
				}
			,{
				"<=msec": 4.600
				,"percent": 69.58
				}
			,{
				"<=msec": 4.700
				,"percent": 70.10
				}
			,{
				"<=msec": 4.800
				,"percent": 70.72
				}
			,{
				"<=msec": 4.900
				,"percent": 71.24
				}
			,{
				"<=msec": 5.000
				,"percent": 71.80
				}
			,{
				"<=msec": 5.100
				,"percent": 72.26
				}
			,{
				"<=msec": 5.200
				,"percent": 72.72
				}
			,{
				"<=msec": 5.300
				,"percent": 73.21
				}
			,{
				"<=msec": 5.400
				,"percent": 73.63
				}
			,{
				"<=msec": 5.500
				,"percent": 74.06
				}
			,{
				"<=msec": 5.600
				,"percent": 74.45
				}
			,{
				"<=msec": 5.700
				,"percent": 74.89
				}
			,{
				"<=msec": 5.800
				,"percent": 75.27
				}
			,{
				"<=msec": 5.900
				,"percent": 75.85
				}
			,{
				"<=msec": 6.000
				,"percent": 76.33
				}
			,{
				"<=msec": 6.100
				,"percent": 76.71
				}
			,{
				"<=msec": 6.200
				,"percent": 77.26
				}
			,{
				"<=msec": 6.300
				,"percent": 77.83
				}
			,{
				"<=msec": 6.400
				,"percent": 78.53
				}
			,{
				"<=msec": 6.500
				,"percent": 79.02
				}
			,{
				"<=msec": 6.600
				,"percent": 79.74
				}
			,{
				"<=msec": 6.700
				,"percent": 80.30
				}
			,{
				"<=msec": 6.800
				,"percent": 80.87
				}
			,{
				"<=msec": 6.900
				,"percent": 81.45
				}
			,{
				"<=msec": 7.000
				,"percent": 82.01
				}
			,{
				"<=msec": 7.100
				,"percent": 82.49
				}
			,{
				"<=msec": 7.200
				,"percent": 83.04
				}
			,{
				"<=msec": 7.300
				,"percent": 83.67
				}
			,{
				"<=msec": 7.400
				,"percent": 84.33
				}
			,{
				"<=msec": 7.500
				,"percent": 84.92
				}
			,{
				"<=msec": 7.600
				,"percent": 85.41
				}
			,{
				"<=msec": 7.700
				,"percent": 85.95
				}
			,{
				"<=msec": 7.800
				,"percent": 86.64
				}
			,{
				"<=msec": 7.900
				,"percent": 87.19
				}
			,{
				"<=msec": 8.000
				,"percent": 87.75
				}
			,{
				"<=msec": 8.100
				,"percent": 88.42
				}
			,{
				"<=msec": 8.200
				,"percent": 88.92
				}
			,{
				"<=msec": 8.300
				,"percent": 89.40
				}
			,{
				"<=msec": 8.400
				,"percent": 89.89
				}
			,{
				"<=msec": 8.500
				,"percent": 90.37
				}
			,{
				"<=msec": 8.600
				,"percent": 90.96
				}
			,{
				"<=msec": 8.700
				,"percent": 91.39
				}
			,{
				"<=msec": 8.800
				,"percent": 91.92
				}
			,{
				"<=msec": 8.900
				,"percent": 92.37
				}
			,{
				"<=msec": 9.000
				,"percent": 92.81
				}
			,{
				"<=msec": 9.100
				,"percent": 93.24
				}
			,{
				"<=msec": 9.200
				,"percent": 93.66
				}
			,{
				"<=msec": 9.300
				,"percent": 94.20
				}
			,{
				"<=msec": 9.400
				,"percent": 94.63
				}
			,{
				"<=msec": 9.500
				,"percent": 95.02
				}
			,{
				"<=msec": 9.600
				,"percent": 95.36
				}
			,{
				"<=msec": 9.700
				,"percent": 95.72
				}
			,{
				"<=msec": 9.800
				,"percent": 96.05
				}
			,{
				"<=msec": 9.900
				,"percent": 96.53
				}
			,{
				"<=msec": 10.000
				,"percent": 97.88
				}
			,{
				"<=msec": 11.000
				,"percent": 98.82
				}
			,{
				"<=msec": 12.000
				,"percent": 99.30
				}
			,{
				"<=msec": 13.000
				,"percent": 99.48
				}
			,{
				"<=msec": 14.000
				,"percent": 99.64
				}
			,{
				"<=msec": 15.000
				,"percent": 99.69
				}
			,{
				"<=msec": 16.000
				,"percent": 99.78
				}
			,{
				"<=msec": 17.000
				,"percent": 99.80
				}
			,{
				"<=msec": 18.000
				,"percent": 99.83
				}
			,{
				"<=msec": 19.000
				,"percent": 99.87
				}
			,{
				"<=msec": 20.000
				,"percent": 99.90
				}
			,{
				"<=msec": 21.000
				,"percent": 99.91
				}
			,{
				"<=msec": 22.000
				,"percent": 99.94
				}
			,{
				"<=msec": 23.000
				,"percent": 99.96
				}
			,{
				"<=msec": 24.000
				,"percent": 99.97
				}
			,{
				"<=msec": 25.000
				,"percent": 99.98
				}
			,{
				"<=msec": 27.000
				,"percent": 99.99
				}
			,{
				"<=msec": 31.000
				,"percent": 100.00
				}
			]
		,"WAIT":[
		]
		}
	}
