{
	"configuration":{
		"server": "10.0.0.9"
		,"port": 11212
		,"unix socket": "(null)"
		,"protocol": "memcache_text"
		,"out_file": "(null)"
		,"client_stats": "(null)"
		,"run_count": 1
		,"debug": 0
		,"requests": 0
		,"clients": 2
		,"threads": 1
		,"test_time": 60
		,"ratio": "1:9"
		,"pipeline": 1
		,"data_size": 4096
		,"data_offset": 0
		,"random_data": "false"
		,"data_size_range": "0:0"
		,"data_size_list": ""
		,"data_size_pattern": "R"
		,"expiry_range": "9999:10000"
		,"data_import": "(null)"
		,"data_verify": "false"
		,"verify_only": "false"
		,"generate_keys": "false"
		,"key_prefix": "memtier-"
		,"key_minimum":           0
		,"key_maximum":        1000
		,"key_pattern": "R:R"
		,"key_stddev": 0.000000
		,"key_median": 0.000000
		,"reconnect_interval": 0
		,"multi_key_get": 9
		,"authenticate": ""
		,"select-db": 0
		,"no-expiry": "false"
		,"wait-ratio": "0:0"
		,"num-slaves": "0:0"
		,"wait-timeout": "0-0"
		}
	,"run information":{
		"Threads": 1
		,"Connections per thread": 2
		,"Seconds": 60
		}
	,"ALL STATS":{
		"Sets":{
			"Ops/sec": 183.53
			,"Hits/sec": 0.00
			,"Misses/sec": 0.00
			,"Latency": 4.73
			,"KB/sec": 741.18
			}
		,"Gets":{
			"Ops/sec": 183.50
			,"Hits/sec": 1651.47
			,"Misses/sec": 0.00
			,"Latency": 6.14
			,"KB/sec": 6671.84
			}
		,"Waits":{
			"Ops/sec": 0.00
			,"Hits/sec": 0.00
			,"Misses/sec": 0.00
			,"Latency": 0.00
			,"KB/sec": 0.00
			}
		,"Totals":{
			"Ops/sec": 367.03
			,"Hits/sec": 1651.47
			,"Misses/sec": 0.00
			,"Latency": 5.43
			,"KB/sec": 7413.02
			}
		,"SET":[
			{
				"<=msec": 1.000
				,"percent": 0.04
				}
			,{
				"<=msec": 1.100
				,"percent": 0.15
				}
			,{
				"<=msec": 1.200
				,"percent": 0.80
				}
			,{
				"<=msec": 1.300
				,"percent": 2.35
				}
			,{
				"<=msec": 1.400
				,"percent": 5.48
				}
			,{
				"<=msec": 1.500
				,"percent": 9.75
				}
			,{
				"<=msec": 1.600
				,"percent": 15.26
				}
			,{
				"<=msec": 1.700
				,"percent": 21.20
				}
			,{
				"<=msec": 1.800
				,"percent": 26.76
				}
			,{
				"<=msec": 1.900
				,"percent": 32.00
				}
			,{
				"<=msec": 2.000
				,"percent": 37.07
				}
			,{
				"<=msec": 2.100
				,"percent": 41.04
				}
			,{
				"<=msec": 2.200
				,"percent": 44.43
				}
			,{
				"<=msec": 2.300
				,"percent": 47.05
				}
			,{
				"<=msec": 2.400
				,"percent": 49.28
				}
			,{
				"<=msec": 2.500
				,"percent": 51.21
				}
			,{
				"<=msec": 2.600
				,"percent": 52.68
				}
			,{
				"<=msec": 2.700
				,"percent": 53.97
				}
			,{
				"<=msec": 2.800
				,"percent": 54.95
				}
			,{
				"<=msec": 2.900
				,"percent": 55.96
				}
			,{
				"<=msec": 3.000
				,"percent": 56.87
				}
			,{
				"<=msec": 3.100
				,"percent": 57.72
				}
			,{
				"<=msec": 3.200
				,"percent": 58.49
				}
			,{
				"<=msec": 3.300
				,"percent": 58.98
				}
			,{
				"<=msec": 3.400
				,"percent": 59.64
				}
			,{
				"<=msec": 3.500
				,"percent": 60.21
				}
			,{
				"<=msec": 3.600
				,"percent": 60.66
				}
			,{
				"<=msec": 3.700
				,"percent": 61.07
				}
			,{
				"<=msec": 3.800
				,"percent": 61.39
				}
			,{
				"<=msec": 3.900
				,"percent": 61.76
				}
			,{
				"<=msec": 4.000
				,"percent": 62.12
				}
			,{
				"<=msec": 4.100
				,"percent": 62.48
				}
			,{
				"<=msec": 4.200
				,"percent": 62.88
				}
			,{
				"<=msec": 4.300
				,"percent": 63.22
				}
			,{
				"<=msec": 4.400
				,"percent": 63.63
				}
			,{
				"<=msec": 4.500
				,"percent": 63.96
				}
			,{
				"<=msec": 4.600
				,"percent": 64.31
				}
			,{
				"<=msec": 4.700
				,"percent": 64.68
				}
			,{
				"<=msec": 4.800
				,"percent": 65.02
				}
			,{
				"<=msec": 4.900
				,"percent": 65.26
				}
			,{
				"<=msec": 5.000
				,"percent": 65.66
				}
			,{
				"<=msec": 5.100
				,"percent": 66.04
				}
			,{
				"<=msec": 5.200
				,"percent": 66.41
				}
			,{
				"<=msec": 5.300
				,"percent": 66.79
				}
			,{
				"<=msec": 5.400
				,"percent": 67.14
				}
			,{
				"<=msec": 5.500
				,"percent": 67.45
				}
			,{
				"<=msec": 5.600
				,"percent": 67.77
				}
			,{
				"<=msec": 5.700
				,"percent": 68.15
				}
			,{
				"<=msec": 5.800
				,"percent": 68.46
				}
			,{
				"<=msec": 5.900
				,"percent": 68.76
				}
			,{
				"<=msec": 6.000
				,"percent": 69.10
				}
			,{
				"<=msec": 6.100
				,"percent": 69.42
				}
			,{
				"<=msec": 6.200
				,"percent": 69.78
				}
			,{
				"<=msec": 6.300
				,"percent": 70.18
				}
			,{
				"<=msec": 6.400
				,"percent": 70.55
				}
			,{
				"<=msec": 6.500
				,"percent": 70.87
				}
			,{
				"<=msec": 6.600
				,"percent": 71.20
				}
			,{
				"<=msec": 6.700
				,"percent": 71.55
				}
			,{
				"<=msec": 6.800
				,"percent": 71.84
				}
			,{
				"<=msec": 6.900
				,"percent": 72.20
				}
			,{
				"<=msec": 7.000
				,"percent": 72.53
				}
			,{
				"<=msec": 7.100
				,"percent": 72.92
				}
			,{
				"<=msec": 7.200
				,"percent": 73.18
				}
			,{
				"<=msec": 7.300
				,"percent": 73.51
				}
			,{
				"<=msec": 7.400
				,"percent": 73.81
				}
			,{
				"<=msec": 7.500
				,"percent": 74.08
				}
			,{
				"<=msec": 7.600
				,"percent": 74.36
				}
			,{
				"<=msec": 7.700
				,"percent": 74.56
				}
			,{
				"<=msec": 7.800
				,"percent": 74.87
				}
			,{
				"<=msec": 7.900
				,"percent": 75.15
				}
			,{
				"<=msec": 8.000
				,"percent": 75.41
				}
			,{
				"<=msec": 8.100
				,"percent": 75.61
				}
			,{
				"<=msec": 8.200
				,"percent": 75.79
				}
			,{
				"<=msec": 8.300
				,"percent": 76.04
				}
			,{
				"<=msec": 8.400
				,"percent": 76.24
				}
			,{
				"<=msec": 8.500
				,"percent": 76.45
				}
			,{
				"<=msec": 8.600
				,"percent": 76.76
				}
			,{
				"<=msec": 8.700
				,"percent": 77.04
				}
			,{
				"<=msec": 8.800
				,"percent": 77.29
				}
			,{
				"<=msec": 8.900
				,"percent": 77.48
				}
			,{
				"<=msec": 9.000
				,"percent": 77.78
				}
			,{
				"<=msec": 9.100
				,"percent": 78.05
				}
			,{
				"<=msec": 9.200
				,"percent": 78.46
				}
			,{
				"<=msec": 9.300
				,"percent": 78.87
				}
			,{
				"<=msec": 9.400
				,"percent": 79.31
				}
			,{
				"<=msec": 9.500
				,"percent": 79.79
				}
			,{
				"<=msec": 9.600
				,"percent": 80.30
				}
			,{
				"<=msec": 9.700
				,"percent": 80.93
				}
			,{
				"<=msec": 9.800
				,"percent": 81.46
				}
			,{
				"<=msec": 9.900
				,"percent": 82.13
				}
			,{
				"<=msec": 10.000
				,"percent": 85.76
				}
			,{
				"<=msec": 11.000
				,"percent": 94.79
				}
			,{
				"<=msec": 12.000
				,"percent": 98.19
				}
			,{
				"<=msec": 13.000
				,"percent": 99.18
				}
			,{
				"<=msec": 14.000
				,"percent": 99.39
				}
			,{
				"<=msec": 15.000
				,"percent": 99.68
				}
			,{
				"<=msec": 16.000
				,"percent": 99.74
				}
			,{
				"<=msec": 17.000
				,"percent": 99.80
				}
			,{
				"<=msec": 18.000
				,"percent": 99.86
				}
			,{
				"<=msec": 19.000
				,"percent": 99.88
				}
			,{
				"<=msec": 20.000
				,"percent": 99.89
				}
			,{
				"<=msec": 21.000
				,"percent": 99.91
				}
			,{
				"<=msec": 24.000
				,"percent": 99.92
				}
			,{
				"<=msec": 25.000
				,"percent": 99.94
				}
			,{
				"<=msec": 26.000
				,"percent": 99.97
				}
			,{
				"<=msec": 27.000
				,"percent": 100.00
				}
			]
		,"GET":[
			{
				"<=msec": 1.500
				,"percent": 0.05
				}
			,{
				"<=msec": 1.600
				,"percent": 0.30
				}
			,{
				"<=msec": 1.700
				,"percent": 1.03
				}
			,{
				"<=msec": 1.800
				,"percent": 2.36
				}
			,{
				"<=msec": 1.900
				,"percent": 4.88
				}
			,{
				"<=msec": 2.000
				,"percent": 8.50
				}
			,{
				"<=msec": 2.100
				,"percent": 12.57
				}
			,{
				"<=msec": 2.200
				,"percent": 17.08
				}
			,{
				"<=msec": 2.300
				,"percent": 21.90
				}
			,{
				"<=msec": 2.400
				,"percent": 26.54
				}
			,{
				"<=msec": 2.500
				,"percent": 30.51
				}
			,{
				"<=msec": 2.600
				,"percent": 33.70
				}
			,{
				"<=msec": 2.700
				,"percent": 36.43
				}
			,{
				"<=msec": 2.800
				,"percent": 39.04
				}
			,{
				"<=msec": 2.900
				,"percent": 41.11
				}
			,{
				"<=msec": 3.000
				,"percent": 42.86
				}
			,{
				"<=msec": 3.100
				,"percent": 44.24
				}
			,{
				"<=msec": 3.200
				,"percent": 45.63
				}
			,{
				"<=msec": 3.300
				,"percent": 46.76
				}
			,{
				"<=msec": 3.400
				,"percent": 47.62
				}
			,{
				"<=msec": 3.500
				,"percent": 48.56
				}
			,{
				"<=msec": 3.600
				,"percent": 49.34
				}
			,{
				"<=msec": 3.700
				,"percent": 49.98
				}
			,{
				"<=msec": 3.800
				,"percent": 50.46
				}
			,{
				"<=msec": 3.900
				,"percent": 51.13
				}
			,{
				"<=msec": 4.000
				,"percent": 51.72
				}
			,{
				"<=msec": 4.100
				,"percent": 52.18
				}
			,{
				"<=msec": 4.200
				,"percent": 52.52
				}
			,{
				"<=msec": 4.300
				,"percent": 52.82
				}
			,{
				"<=msec": 4.400
				,"percent": 53.22
				}
			,{
				"<=msec": 4.500
				,"percent": 53.61
				}
			,{
				"<=msec": 4.600
				,"percent": 53.88
				}
			,{
				"<=msec": 4.700
				,"percent": 54.20
				}
			,{
				"<=msec": 4.800
				,"percent": 54.61
				}
			,{
				"<=msec": 4.900
				,"percent": 54.89
				}
			,{
				"<=msec": 5.000
				,"percent": 55.24
				}
			,{
				"<=msec": 5.100
				,"percent": 55.51
				}
			,{
				"<=msec": 5.200
				,"percent": 55.90
				}
			,{
				"<=msec": 5.300
				,"percent": 56.19
				}
			,{
				"<=msec": 5.400
				,"percent": 56.51
				}
			,{
				"<=msec": 5.500
				,"percent": 56.72
				}
			,{
				"<=msec": 5.600
				,"percent": 57.01
				}
			,{
				"<=msec": 5.700
				,"percent": 57.33
				}
			,{
				"<=msec": 5.800
				,"percent": 57.63
				}
			,{
				"<=msec": 5.900
				,"percent": 58.02
				}
			,{
				"<=msec": 6.000
				,"percent": 58.31
				}
			,{
				"<=msec": 6.100
				,"percent": 58.64
				}
			,{
				"<=msec": 6.200
				,"percent": 58.96
				}
			,{
				"<=msec": 6.300
				,"percent": 59.25
				}
			,{
				"<=msec": 6.400
				,"percent": 59.58
				}
			,{
				"<=msec": 6.500
				,"percent": 59.99
				}
			,{
				"<=msec": 6.600
				,"percent": 60.27
				}
			,{
				"<=msec": 6.700
				,"percent": 60.60
				}
			,{
				"<=msec": 6.800
				,"percent": 61.01
				}
			,{
				"<=msec": 6.900
				,"percent": 61.41
				}
			,{
				"<=msec": 7.000
				,"percent": 61.62
				}
			,{
				"<=msec": 7.100
				,"percent": 61.90
				}
			,{
				"<=msec": 7.200
				,"percent": 62.21
				}
			,{
				"<=msec": 7.300
				,"percent": 62.52
				}
			,{
				"<=msec": 7.400
				,"percent": 62.96
				}
			,{
				"<=msec": 7.500
				,"percent": 63.28
				}
			,{
				"<=msec": 7.600
				,"percent": 63.67
				}
			,{
				"<=msec": 7.700
				,"percent": 63.95
				}
			,{
				"<=msec": 7.800
				,"percent": 64.44
				}
			,{
				"<=msec": 7.900
				,"percent": 64.73
				}
			,{
				"<=msec": 8.000
				,"percent": 65.21
				}
			,{
				"<=msec": 8.100
				,"percent": 65.57
				}
			,{
				"<=msec": 8.200
				,"percent": 65.89
				}
			,{
				"<=msec": 8.300
				,"percent": 66.32
				}
			,{
				"<=msec": 8.400
				,"percent": 66.74
				}
			,{
				"<=msec": 8.500
				,"percent": 67.08
				}
			,{
				"<=msec": 8.600
				,"percent": 67.54
				}
			,{
				"<=msec": 8.700
				,"percent": 67.84
				}
			,{
				"<=msec": 8.800
				,"percent": 68.14
				}
			,{
				"<=msec": 8.900
				,"percent": 68.52
				}
			,{
				"<=msec": 9.000
				,"percent": 68.92
				}
			,{
				"<=msec": 9.100
				,"percent": 69.43
				}
			,{
				"<=msec": 9.200
				,"percent": 69.85
				}
			,{
				"<=msec": 9.300
				,"percent": 70.29
				}
			,{
				"<=msec": 9.400
				,"percent": 70.83
				}
			,{
				"<=msec": 9.500
				,"percent": 71.19
				}
			,{
				"<=msec": 9.600
				,"percent": 71.71
				}
			,{
				"<=msec": 9.700
				,"percent": 72.23
				}
			,{
				"<=msec": 9.800
				,"percent": 72.77
				}
			,{
				"<=msec": 9.900
				,"percent": 73.25
				}
			,{
				"<=msec": 10.000
				,"percent": 75.85
				}
			,{
				"<=msec": 11.000
				,"percent": 82.33
				}
			,{
				"<=msec": 12.000
				,"percent": 91.96
				}
			,{
				"<=msec": 13.000
				,"percent": 97.17
				}
			,{
				"<=msec": 14.000
				,"percent": 98.82
				}
			,{
				"<=msec": 15.000
				,"percent": 99.26
				}
			,{
				"<=msec": 16.000
				,"percent": 99.55
				}
			,{
				"<=msec": 17.000
				,"percent": 99.65
				}
			,{
				"<=msec": 18.000
				,"percent": 99.70
				}
			,{
				"<=msec": 19.000
				,"percent": 99.75
				}
			,{
				"<=msec": 20.000
				,"percent": 99.78
				}
			,{
				"<=msec": 21.000
				,"percent": 99.79
				}
			,{
				"<=msec": 22.000
				,"percent": 99.83
				}
			,{
				"<=msec": 23.000
				,"percent": 99.85
				}
			,{
				"<=msec": 24.000
				,"percent": 99.85
				}
			,{
				"<=msec": 25.000
				,"percent": 99.87
				}
			,{
				"<=msec": 26.000
				,"percent": 99.91
				}
			,{
				"<=msec": 27.000
				,"percent": 99.93
				}
			,{
				"<=msec": 28.000
				,"percent": 99.96
				}
			,{
				"<=msec": 110.000
				,"percent": 100.00
				}
			]
		,"WAIT":[
		]
		}
	}
