{
	"configuration":{
		"server": "10.0.0.9"
		,"port": 11212
		,"unix socket": "(null)"
		,"protocol": "memcache_text"
		,"out_file": "(null)"
		,"client_stats": "(null)"
		,"run_count": 1
		,"debug": 0
		,"requests": 0
		,"clients": 2
		,"threads": 1
		,"test_time": 60
		,"ratio": "1:1"
		,"pipeline": 1
		,"data_size": 4096
		,"data_offset": 0
		,"random_data": "false"
		,"data_size_range": "0:0"
		,"data_size_list": ""
		,"data_size_pattern": "R"
		,"expiry_range": "9999:10000"
		,"data_import": "(null)"
		,"data_verify": "false"
		,"verify_only": "false"
		,"generate_keys": "false"
		,"key_prefix": "memtier-"
		,"key_minimum":           0
		,"key_maximum":        1000
		,"key_pattern": "R:R"
		,"key_stddev": 0.000000
		,"key_median": 0.000000
		,"reconnect_interval": 0
		,"multi_key_get": 1
		,"authenticate": ""
		,"select-db": 0
		,"no-expiry": "false"
		,"wait-ratio": "0:0"
		,"num-slaves": "0:0"
		,"wait-timeout": "0-0"
		}
	,"run information":{
		"Threads": 1
		,"Connections per thread": 2
		,"Seconds": 60
		}
	,"ALL STATS":{
		"Sets":{
			"Ops/sec": 463.70
			,"Hits/sec": 0.00
			,"Misses/sec": 0.00
			,"Latency": 2.48
			,"KB/sec": 1872.63
			}
		,"Gets":{
			"Ops/sec": 463.68
			,"Hits/sec": 463.68
			,"Misses/sec": 0.00
			,"Latency": 1.81
			,"KB/sec": 1877.26
			}
		,"Waits":{
			"Ops/sec": 0.00
			,"Hits/sec": 0.00
			,"Misses/sec": 0.00
			,"Latency": 0.00
			,"KB/sec": 0.00
			}
		,"Totals":{
			"Ops/sec": 927.38
			,"Hits/sec": 463.68
			,"Misses/sec": 0.00
			,"Latency": 2.15
			,"KB/sec": 3749.89
			}
		,"SET":[
			{
				"<=msec": 0.900
				,"percent": 0.00
				}
			,{
				"<=msec": 0.920
				,"percent": 0.01
				}
			,{
				"<=msec": 0.960
				,"percent": 0.02
				}
			,{
				"<=msec": 0.970
				,"percent": 0.03
				}
			,{
				"<=msec": 0.980
				,"percent": 0.05
				}
			,{
				"<=msec": 0.990
				,"percent": 0.06
				}
			,{
				"<=msec": 1.000
				,"percent": 0.21
				}
			,{
				"<=msec": 1.100
				,"percent": 1.56
				}
			,{
				"<=msec": 1.200
				,"percent": 4.91
				}
			,{
				"<=msec": 1.300
				,"percent": 11.11
				}
			,{
				"<=msec": 1.400
				,"percent": 19.19
				}
			,{
				"<=msec": 1.500
				,"percent": 28.06
				}
			,{
				"<=msec": 1.600
				,"percent": 36.27
				}
			,{
				"<=msec": 1.700
				,"percent": 43.87
				}
			,{
				"<=msec": 1.800
				,"percent": 50.14
				}
			,{
				"<=msec": 1.900
				,"percent": 55.80
				}
			,{
				"<=msec": 2.000
				,"percent": 60.47
				}
			,{
				"<=msec": 2.100
				,"percent": 64.45
				}
			,{
				"<=msec": 2.200
				,"percent": 67.65
				}
			,{
				"<=msec": 2.300
				,"percent": 70.36
				}
			,{
				"<=msec": 2.400
				,"percent": 72.62
				}
			,{
				"<=msec": 2.500
				,"percent": 74.66
				}
			,{
				"<=msec": 2.600
				,"percent": 76.20
				}
			,{
				"<=msec": 2.700
				,"percent": 77.53
				}
			,{
				"<=msec": 2.800
				,"percent": 78.69
				}
			,{
				"<=msec": 2.900
				,"percent": 79.70
				}
			,{
				"<=msec": 3.000
				,"percent": 80.62
				}
			,{
				"<=msec": 3.100
				,"percent": 81.50
				}
			,{
				"<=msec": 3.200
				,"percent": 82.30
				}
			,{
				"<=msec": 3.300
				,"percent": 83.08
				}
			,{
				"<=msec": 3.400
				,"percent": 83.70
				}
			,{
				"<=msec": 3.500
				,"percent": 84.37
				}
			,{
				"<=msec": 3.600
				,"percent": 85.01
				}
			,{
				"<=msec": 3.700
				,"percent": 85.50
				}
			,{
				"<=msec": 3.800
				,"percent": 86.04
				}
			,{
				"<=msec": 3.900
				,"percent": 86.63
				}
			,{
				"<=msec": 4.000
				,"percent": 87.06
				}
			,{
				"<=msec": 4.100
				,"percent": 87.50
				}
			,{
				"<=msec": 4.200
				,"percent": 88.00
				}
			,{
				"<=msec": 4.300
				,"percent": 88.49
				}
			,{
				"<=msec": 4.400
				,"percent": 88.90
				}
			,{
				"<=msec": 4.500
				,"percent": 89.30
				}
			,{
				"<=msec": 4.600
				,"percent": 89.62
				}
			,{
				"<=msec": 4.700
				,"percent": 90.02
				}
			,{
				"<=msec": 4.800
				,"percent": 90.43
				}
			,{
				"<=msec": 4.900
				,"percent": 90.81
				}
			,{
				"<=msec": 5.000
				,"percent": 91.20
				}
			,{
				"<=msec": 5.100
				,"percent": 91.58
				}
			,{
				"<=msec": 5.200
				,"percent": 91.95
				}
			,{
				"<=msec": 5.300
				,"percent": 92.27
				}
			,{
				"<=msec": 5.400
				,"percent": 92.63
				}
			,{
				"<=msec": 5.500
				,"percent": 92.96
				}
			,{
				"<=msec": 5.600
				,"percent": 93.31
				}
			,{
				"<=msec": 5.700
				,"percent": 93.64
				}
			,{
				"<=msec": 5.800
				,"percent": 94.02
				}
			,{
				"<=msec": 5.900
				,"percent": 94.34
				}
			,{
				"<=msec": 6.000
				,"percent": 94.66
				}
			,{
				"<=msec": 6.100
				,"percent": 94.96
				}
			,{
				"<=msec": 6.200
				,"percent": 95.24
				}
			,{
				"<=msec": 6.300
				,"percent": 95.50
				}
			,{
				"<=msec": 6.400
				,"percent": 95.75
				}
			,{
				"<=msec": 6.500
				,"percent": 96.02
				}
			,{
				"<=msec": 6.600
				,"percent": 96.24
				}
			,{
				"<=msec": 6.700
				,"percent": 96.43
				}
			,{
				"<=msec": 6.800
				,"percent": 96.68
				}
			,{
				"<=msec": 6.900
				,"percent": 96.85
				}
			,{
				"<=msec": 7.000
				,"percent": 96.99
				}
			,{
				"<=msec": 7.100
				,"percent": 97.13
				}
			,{
				"<=msec": 7.200
				,"percent": 97.29
				}
			,{
				"<=msec": 7.300
				,"percent": 97.46
				}
			,{
				"<=msec": 7.400
				,"percent": 97.62
				}
			,{
				"<=msec": 7.500
				,"percent": 97.78
				}
			,{
				"<=msec": 7.600
				,"percent": 97.90
				}
			,{
				"<=msec": 7.700
				,"percent": 98.04
				}
			,{
				"<=msec": 7.800
				,"percent": 98.13
				}
			,{
				"<=msec": 7.900
				,"percent": 98.22
				}
			,{
				"<=msec": 8.000
				,"percent": 98.31
				}
			,{
				"<=msec": 8.100
				,"percent": 98.39
				}
			,{
				"<=msec": 8.200
				,"percent": 98.46
				}
			,{
				"<=msec": 8.300
				,"percent": 98.54
				}
			,{
				"<=msec": 8.400
				,"percent": 98.61
				}
			,{
				"<=msec": 8.500
				,"percent": 98.66
				}
			,{
				"<=msec": 8.600
				,"percent": 98.70
				}
			,{
				"<=msec": 8.700
				,"percent": 98.74
				}
			,{
				"<=msec": 8.800
				,"percent": 98.81
				}
			,{
				"<=msec": 8.900
				,"percent": 98.87
				}
			,{
				"<=msec": 9.000
				,"percent": 98.91
				}
			,{
				"<=msec": 9.100
				,"percent": 98.97
				}
			,{
				"<=msec": 9.200
				,"percent": 99.02
				}
			,{
				"<=msec": 9.300
				,"percent": 99.07
				}
			,{
				"<=msec": 9.400
				,"percent": 99.10
				}
			,{
				"<=msec": 9.500
				,"percent": 99.16
				}
			,{
				"<=msec": 9.600
				,"percent": 99.19
				}
			,{
				"<=msec": 9.700
				,"percent": 99.24
				}
			,{
				"<=msec": 9.800
				,"percent": 99.29
				}
			,{
				"<=msec": 9.900
				,"percent": 99.32
				}
			,{
				"<=msec": 10.000
				,"percent": 99.47
				}
			,{
				"<=msec": 11.000
				,"percent": 99.66
				}
			,{
				"<=msec": 12.000
				,"percent": 99.75
				}
			,{
				"<=msec": 13.000
				,"percent": 99.81
				}
			,{
				"<=msec": 14.000
				,"percent": 99.85
				}
			,{
				"<=msec": 15.000
				,"percent": 99.87
				}
			,{
				"<=msec": 16.000
				,"percent": 99.88
				}
			,{
				"<=msec": 17.000
				,"percent": 99.90
				}
			,{
				"<=msec": 18.000
				,"percent": 99.93
				}
			,{
				"<=msec": 19.000
				,"percent": 99.94
				}
			,{
				"<=msec": 20.000
				,"percent": 99.95
				}
			,{
				"<=msec": 21.000
				,"percent": 99.96
				}
			,{
				"<=msec": 24.000
				,"percent": 99.97
				}
			,{
				"<=msec": 25.000
				,"percent": 99.98
				}
			,{
				"<=msec": 29.000
				,"percent": 99.98
				}
			,{
				"<=msec": 30.000
				,"percent": 99.99
				}
			,{
				"<=msec": 32.000
				,"percent": 99.99
				}
			,{
				"<=msec": 37.000
				,"percent": 99.99
				}
			,{
				"<=msec": 110.000
				,"percent": 100.00
				}
			]
		,"GET":[
			{
				"<=msec": 0.820
				,"percent": 0.01
				}
			,{
				"<=msec": 0.830
				,"percent": 0.02
				}
			,{
				"<=msec": 0.840
				,"percent": 0.03
				}
			,{
				"<=msec": 0.850
				,"percent": 0.04
				}
			,{
				"<=msec": 0.860
				,"percent": 0.06
				}
			,{
				"<=msec": 0.870
				,"percent": 0.10
				}
			,{
				"<=msec": 0.880
				,"percent": 0.15
				}
			,{
				"<=msec": 0.890
				,"percent": 0.25
				}
			,{
				"<=msec": 0.900
				,"percent": 0.37
				}
			,{
				"<=msec": 0.910
				,"percent": 0.51
				}
			,{
				"<=msec": 0.920
				,"percent": 0.67
				}
			,{
				"<=msec": 0.930
				,"percent": 0.88
				}
			,{
				"<=msec": 0.940
				,"percent": 1.13
				}
			,{
				"<=msec": 0.950
				,"percent": 1.44
				}
			,{
				"<=msec": 0.960
				,"percent": 1.82
				}
			,{
				"<=msec": 0.970
				,"percent": 2.24
				}
			,{
				"<=msec": 0.980
				,"percent": 2.67
				}
			,{
				"<=msec": 0.990
				,"percent": 3.29
				}
			,{
				"<=msec": 1.000
				,"percent": 7.33
				}
			,{
				"<=msec": 1.100
				,"percent": 17.74
				}
			,{
				"<=msec": 1.200
				,"percent": 29.82
				}
			,{
				"<=msec": 1.300
				,"percent": 41.62
				}
			,{
				"<=msec": 1.400
				,"percent": 51.34
				}
			,{
				"<=msec": 1.500
				,"percent": 59.06
				}
			,{
				"<=msec": 1.600
				,"percent": 65.42
				}
			,{
				"<=msec": 1.700
				,"percent": 70.56
				}
			,{
				"<=msec": 1.800
				,"percent": 74.70
				}
			,{
				"<=msec": 1.900
				,"percent": 78.07
				}
			,{
				"<=msec": 2.000
				,"percent": 80.59
				}
			,{
				"<=msec": 2.100
				,"percent": 82.82
				}
			,{
				"<=msec": 2.200
				,"percent": 84.66
				}
			,{
				"<=msec": 2.300
				,"percent": 86.17
				}
			,{
				"<=msec": 2.400
				,"percent": 87.40
				}
			,{
				"<=msec": 2.500
				,"percent": 88.40
				}
			,{
				"<=msec": 2.600
				,"percent": 89.24
				}
			,{
				"<=msec": 2.700
				,"percent": 90.00
				}
			,{
				"<=msec": 2.800
				,"percent": 90.64
				}
			,{
				"<=msec": 2.900
				,"percent": 91.20
				}
			,{
				"<=msec": 3.000
				,"percent": 91.74
				}
			,{
				"<=msec": 3.100
				,"percent": 92.13
				}
			,{
				"<=msec": 3.200
				,"percent": 92.56
				}
			,{
				"<=msec": 3.300
				,"percent": 92.85
				}
			,{
				"<=msec": 3.400
				,"percent": 93.16
				}
			,{
				"<=msec": 3.500
				,"percent": 93.46
				}
			,{
				"<=msec": 3.600
				,"percent": 93.74
				}
			,{
				"<=msec": 3.700
				,"percent": 94.05
				}
			,{
				"<=msec": 3.800
				,"percent": 94.30
				}
			,{
				"<=msec": 3.900
				,"percent": 94.53
				}
			,{
				"<=msec": 4.000
				,"percent": 94.74
				}
			,{
				"<=msec": 4.100
				,"percent": 94.95
				}
			,{
				"<=msec": 4.200
				,"percent": 95.15
				}
			,{
				"<=msec": 4.300
				,"percent": 95.31
				}
			,{
				"<=msec": 4.400
				,"percent": 95.50
				}
			,{
				"<=msec": 4.500
				,"percent": 95.61
				}
			,{
				"<=msec": 4.600
				,"percent": 95.77
				}
			,{
				"<=msec": 4.700
				,"percent": 95.96
				}
			,{
				"<=msec": 4.800
				,"percent": 96.13
				}
			,{
				"<=msec": 4.900
				,"percent": 96.33
				}
			,{
				"<=msec": 5.000
				,"percent": 96.46
				}
			,{
				"<=msec": 5.100
				,"percent": 96.60
				}
			,{
				"<=msec": 5.200
				,"percent": 96.78
				}
			,{
				"<=msec": 5.300
				,"percent": 96.92
				}
			,{
				"<=msec": 5.400
				,"percent": 97.08
				}
			,{
				"<=msec": 5.500
				,"percent": 97.22
				}
			,{
				"<=msec": 5.600
				,"percent": 97.37
				}
			,{
				"<=msec": 5.700
				,"percent": 97.49
				}
			,{
				"<=msec": 5.800
				,"percent": 97.62
				}
			,{
				"<=msec": 5.900
				,"percent": 97.78
				}
			,{
				"<=msec": 6.000
				,"percent": 97.90
				}
			,{
				"<=msec": 6.100
				,"percent": 98.04
				}
			,{
				"<=msec": 6.200
				,"percent": 98.18
				}
			,{
				"<=msec": 6.300
				,"percent": 98.29
				}
			,{
				"<=msec": 6.400
				,"percent": 98.44
				}
			,{
				"<=msec": 6.500
				,"percent": 98.54
				}
			,{
				"<=msec": 6.600
				,"percent": 98.62
				}
			,{
				"<=msec": 6.700
				,"percent": 98.71
				}
			,{
				"<=msec": 6.800
				,"percent": 98.79
				}
			,{
				"<=msec": 6.900
				,"percent": 98.86
				}
			,{
				"<=msec": 7.000
				,"percent": 98.94
				}
			,{
				"<=msec": 7.100
				,"percent": 99.00
				}
			,{
				"<=msec": 7.200
				,"percent": 99.07
				}
			,{
				"<=msec": 7.300
				,"percent": 99.10
				}
			,{
				"<=msec": 7.400
				,"percent": 99.16
				}
			,{
				"<=msec": 7.500
				,"percent": 99.22
				}
			,{
				"<=msec": 7.600
				,"percent": 99.27
				}
			,{
				"<=msec": 7.700
				,"percent": 99.31
				}
			,{
				"<=msec": 7.800
				,"percent": 99.34
				}
			,{
				"<=msec": 7.900
				,"percent": 99.36
				}
			,{
				"<=msec": 8.000
				,"percent": 99.38
				}
			,{
				"<=msec": 8.100
				,"percent": 99.42
				}
			,{
				"<=msec": 8.200
				,"percent": 99.45
				}
			,{
				"<=msec": 8.300
				,"percent": 99.47
				}
			,{
				"<=msec": 8.400
				,"percent": 99.50
				}
			,{
				"<=msec": 8.500
				,"percent": 99.53
				}
			,{
				"<=msec": 8.600
				,"percent": 99.56
				}
			,{
				"<=msec": 8.700
				,"percent": 99.58
				}
			,{
				"<=msec": 8.800
				,"percent": 99.60
				}
			,{
				"<=msec": 8.900
				,"percent": 99.62
				}
			,{
				"<=msec": 9.000
				,"percent": 99.64
				}
			,{
				"<=msec": 9.100
				,"percent": 99.65
				}
			,{
				"<=msec": 9.200
				,"percent": 99.66
				}
			,{
				"<=msec": 9.300
				,"percent": 99.67
				}
			,{
				"<=msec": 9.400
				,"percent": 99.68
				}
			,{
				"<=msec": 9.500
				,"percent": 99.69
				}
			,{
				"<=msec": 9.600
				,"percent": 99.72
				}
			,{
				"<=msec": 9.700
				,"percent": 99.74
				}
			,{
				"<=msec": 9.800
				,"percent": 99.75
				}
			,{
				"<=msec": 9.900
				,"percent": 99.75
				}
			,{
				"<=msec": 10.000
				,"percent": 99.81
				}
			,{
				"<=msec": 11.000
				,"percent": 99.88
				}
			,{
				"<=msec": 12.000
				,"percent": 99.91
				}
			,{
				"<=msec": 13.000
				,"percent": 99.93
				}
			,{
				"<=msec": 14.000
				,"percent": 99.94
				}
			,{
				"<=msec": 15.000
				,"percent": 99.96
				}
			,{
				"<=msec": 16.000
				,"percent": 99.97
				}
			,{
				"<=msec": 17.000
				,"percent": 99.97
				}
			,{
				"<=msec": 18.000
				,"percent": 99.98
				}
			,{
				"<=msec": 19.000
				,"percent": 99.98
				}
			,{
				"<=msec": 20.000
				,"percent": 99.99
				}
			,{
				"<=msec": 24.000
				,"percent": 99.99
				}
			,{
				"<=msec": 25.000
				,"percent": 100.00
				}
			,{
				"<=msec": 28.000
				,"percent": 100.00
				}
			]
		,"WAIT":[
		]
		}
	}
