{
	"configuration":{
		"server": "10.0.0.9"
		,"port": 11212
		,"unix socket": "(null)"
		,"protocol": "memcache_text"
		,"out_file": "(null)"
		,"client_stats": "(null)"
		,"run_count": 1
		,"debug": 0
		,"requests": 0
		,"clients": 2
		,"threads": 1
		,"test_time": 60
		,"ratio": "1:3"
		,"pipeline": 1
		,"data_size": 4096
		,"data_offset": 0
		,"random_data": "false"
		,"data_size_range": "0:0"
		,"data_size_list": ""
		,"data_size_pattern": "R"
		,"expiry_range": "9999:10000"
		,"data_import": "(null)"
		,"data_verify": "false"
		,"verify_only": "false"
		,"generate_keys": "false"
		,"key_prefix": "memtier-"
		,"key_minimum":           0
		,"key_maximum":        1000
		,"key_pattern": "R:R"
		,"key_stddev": 0.000000
		,"key_median": 0.000000
		,"reconnect_interval": 0
		,"multi_key_get": 3
		,"authenticate": ""
		,"select-db": 0
		,"no-expiry": "false"
		,"wait-ratio": "0:0"
		,"num-slaves": "0:0"
		,"wait-timeout": "0-0"
		}
	,"run information":{
		"Threads": 1
		,"Connections per thread": 2
		,"Seconds": 60
		}
	,"ALL STATS":{
		"Sets":{
			"Ops/sec": 399.01
			,"Hits/sec": 0.00
			,"Misses/sec": 0.00
			,"Latency": 2.45
			,"KB/sec": 1611.40
			}
		,"Gets":{
			"Ops/sec": 398.98
			,"Hits/sec": 1196.94
			,"Misses/sec": 0.00
			,"Latency": 2.54
			,"KB/sec": 4838.14
			}
		,"Waits":{
			"Ops/sec": 0.00
			,"Hits/sec": 0.00
			,"Misses/sec": 0.00
			,"Latency": 0.00
			,"KB/sec": 0.00
			}
		,"Totals":{
			"Ops/sec": 797.99
			,"Hits/sec": 1196.94
			,"Misses/sec": 0.00
			,"Latency": 2.50
			,"KB/sec": 6449.54
			}
		,"SET":[
			{
				"<=msec": 0.950
				,"percent": 0.00
				}
			,{
				"<=msec": 0.970
				,"percent": 0.01
				}
			,{
				"<=msec": 0.980
				,"percent": 0.02
				}
			,{
				"<=msec": 0.990
				,"percent": 0.03
				}
			,{
				"<=msec": 1.000
				,"percent": 0.14
				}
			,{
				"<=msec": 1.100
				,"percent": 0.97
				}
			,{
				"<=msec": 1.200
				,"percent": 3.72
				}
			,{
				"<=msec": 1.300
				,"percent": 9.01
				}
			,{
				"<=msec": 1.400
				,"percent": 16.41
				}
			,{
				"<=msec": 1.500
				,"percent": 25.65
				}
			,{
				"<=msec": 1.600
				,"percent": 34.88
				}
			,{
				"<=msec": 1.700
				,"percent": 43.26
				}
			,{
				"<=msec": 1.800
				,"percent": 50.62
				}
			,{
				"<=msec": 1.900
				,"percent": 57.07
				}
			,{
				"<=msec": 2.000
				,"percent": 62.04
				}
			,{
				"<=msec": 2.100
				,"percent": 66.17
				}
			,{
				"<=msec": 2.200
				,"percent": 69.59
				}
			,{
				"<=msec": 2.300
				,"percent": 72.18
				}
			,{
				"<=msec": 2.400
				,"percent": 74.42
				}
			,{
				"<=msec": 2.500
				,"percent": 76.30
				}
			,{
				"<=msec": 2.600
				,"percent": 77.82
				}
			,{
				"<=msec": 2.700
				,"percent": 79.14
				}
			,{
				"<=msec": 2.800
				,"percent": 80.30
				}
			,{
				"<=msec": 2.900
				,"percent": 81.27
				}
			,{
				"<=msec": 3.000
				,"percent": 82.16
				}
			,{
				"<=msec": 3.100
				,"percent": 82.93
				}
			,{
				"<=msec": 3.200
				,"percent": 83.72
				}
			,{
				"<=msec": 3.300
				,"percent": 84.40
				}
			,{
				"<=msec": 3.400
				,"percent": 85.00
				}
			,{
				"<=msec": 3.500
				,"percent": 85.59
				}
			,{
				"<=msec": 3.600
				,"percent": 86.09
				}
			,{
				"<=msec": 3.700
				,"percent": 86.64
				}
			,{
				"<=msec": 3.800
				,"percent": 87.16
				}
			,{
				"<=msec": 3.900
				,"percent": 87.61
				}
			,{
				"<=msec": 4.000
				,"percent": 88.01
				}
			,{
				"<=msec": 4.100
				,"percent": 88.42
				}
			,{
				"<=msec": 4.200
				,"percent": 88.78
				}
			,{
				"<=msec": 4.300
				,"percent": 89.14
				}
			,{
				"<=msec": 4.400
				,"percent": 89.51
				}
			,{
				"<=msec": 4.500
				,"percent": 89.82
				}
			,{
				"<=msec": 4.600
				,"percent": 90.06
				}
			,{
				"<=msec": 4.700
				,"percent": 90.36
				}
			,{
				"<=msec": 4.800
				,"percent": 90.73
				}
			,{
				"<=msec": 4.900
				,"percent": 91.03
				}
			,{
				"<=msec": 5.000
				,"percent": 91.40
				}
			,{
				"<=msec": 5.100
				,"percent": 91.71
				}
			,{
				"<=msec": 5.200
				,"percent": 91.97
				}
			,{
				"<=msec": 5.300
				,"percent": 92.29
				}
			,{
				"<=msec": 5.400
				,"percent": 92.58
				}
			,{
				"<=msec": 5.500
				,"percent": 92.86
				}
			,{
				"<=msec": 5.600
				,"percent": 93.20
				}
			,{
				"<=msec": 5.700
				,"percent": 93.48
				}
			,{
				"<=msec": 5.800
				,"percent": 93.81
				}
			,{
				"<=msec": 5.900
				,"percent": 94.12
				}
			,{
				"<=msec": 6.000
				,"percent": 94.42
				}
			,{
				"<=msec": 6.100
				,"percent": 94.82
				}
			,{
				"<=msec": 6.200
				,"percent": 95.15
				}
			,{
				"<=msec": 6.300
				,"percent": 95.45
				}
			,{
				"<=msec": 6.400
				,"percent": 95.74
				}
			,{
				"<=msec": 6.500
				,"percent": 95.99
				}
			,{
				"<=msec": 6.600
				,"percent": 96.25
				}
			,{
				"<=msec": 6.700
				,"percent": 96.47
				}
			,{
				"<=msec": 6.800
				,"percent": 96.72
				}
			,{
				"<=msec": 6.900
				,"percent": 96.89
				}
			,{
				"<=msec": 7.000
				,"percent": 97.07
				}
			,{
				"<=msec": 7.100
				,"percent": 97.22
				}
			,{
				"<=msec": 7.200
				,"percent": 97.39
				}
			,{
				"<=msec": 7.300
				,"percent": 97.56
				}
			,{
				"<=msec": 7.400
				,"percent": 97.67
				}
			,{
				"<=msec": 7.500
				,"percent": 97.79
				}
			,{
				"<=msec": 7.600
				,"percent": 97.89
				}
			,{
				"<=msec": 7.700
				,"percent": 98.02
				}
			,{
				"<=msec": 7.800
				,"percent": 98.15
				}
			,{
				"<=msec": 7.900
				,"percent": 98.23
				}
			,{
				"<=msec": 8.000
				,"percent": 98.34
				}
			,{
				"<=msec": 8.100
				,"percent": 98.44
				}
			,{
				"<=msec": 8.200
				,"percent": 98.51
				}
			,{
				"<=msec": 8.300
				,"percent": 98.59
				}
			,{
				"<=msec": 8.400
				,"percent": 98.66
				}
			,{
				"<=msec": 8.500
				,"percent": 98.71
				}
			,{
				"<=msec": 8.600
				,"percent": 98.77
				}
			,{
				"<=msec": 8.700
				,"percent": 98.83
				}
			,{
				"<=msec": 8.800
				,"percent": 98.87
				}
			,{
				"<=msec": 8.900
				,"percent": 98.94
				}
			,{
				"<=msec": 9.000
				,"percent": 99.01
				}
			,{
				"<=msec": 9.100
				,"percent": 99.07
				}
			,{
				"<=msec": 9.200
				,"percent": 99.11
				}
			,{
				"<=msec": 9.300
				,"percent": 99.15
				}
			,{
				"<=msec": 9.400
				,"percent": 99.21
				}
			,{
				"<=msec": 9.500
				,"percent": 99.25
				}
			,{
				"<=msec": 9.600
				,"percent": 99.31
				}
			,{
				"<=msec": 9.700
				,"percent": 99.34
				}
			,{
				"<=msec": 9.800
				,"percent": 99.37
				}
			,{
				"<=msec": 9.900
				,"percent": 99.40
				}
			,{
				"<=msec": 10.000
				,"percent": 99.53
				}
			,{
				"<=msec": 11.000
				,"percent": 99.72
				}
			,{
				"<=msec": 12.000
				,"percent": 99.80
				}
			,{
				"<=msec": 13.000
				,"percent": 99.86
				}
			,{
				"<=msec": 14.000
				,"percent": 99.90
				}
			,{
				"<=msec": 15.000
				,"percent": 99.92
				}
			,{
				"<=msec": 16.000
				,"percent": 99.94
				}
			,{
				"<=msec": 17.000
				,"percent": 99.95
				}
			,{
				"<=msec": 18.000
				,"percent": 99.96
				}
			,{
				"<=msec": 19.000
				,"percent": 99.96
				}
			,{
				"<=msec": 21.000
				,"percent": 99.97
				}
			,{
				"<=msec": 22.000
				,"percent": 99.98
				}
			,{
				"<=msec": 24.000
				,"percent": 99.98
				}
			,{
				"<=msec": 27.000
				,"percent": 99.99
				}
			,{
				"<=msec": 28.000
				,"percent": 99.99
				}
			,{
				"<=msec": 31.000
				,"percent": 100.00
				}
			,{
				"<=msec": 100.000
				,"percent": 100.00
				}
			]
		,"GET":[
			{
				"<=msec": 1.100
				,"percent": 0.18
				}
			,{
				"<=msec": 1.200
				,"percent": 1.30
				}
			,{
				"<=msec": 1.300
				,"percent": 4.41
				}
			,{
				"<=msec": 1.400
				,"percent": 9.89
				}
			,{
				"<=msec": 1.500
				,"percent": 18.48
				}
			,{
				"<=msec": 1.600
				,"percent": 27.73
				}
			,{
				"<=msec": 1.700
				,"percent": 36.91
				}
			,{
				"<=msec": 1.800
				,"percent": 45.29
				}
			,{
				"<=msec": 1.900
				,"percent": 52.63
				}
			,{
				"<=msec": 2.000
				,"percent": 58.58
				}
			,{
				"<=msec": 2.100
				,"percent": 63.53
				}
			,{
				"<=msec": 2.200
				,"percent": 67.61
				}
			,{
				"<=msec": 2.300
				,"percent": 70.88
				}
			,{
				"<=msec": 2.400
				,"percent": 73.52
				}
			,{
				"<=msec": 2.500
				,"percent": 75.55
				}
			,{
				"<=msec": 2.600
				,"percent": 77.50
				}
			,{
				"<=msec": 2.700
				,"percent": 78.95
				}
			,{
				"<=msec": 2.800
				,"percent": 80.27
				}
			,{
				"<=msec": 2.900
				,"percent": 81.30
				}
			,{
				"<=msec": 3.000
				,"percent": 82.14
				}
			,{
				"<=msec": 3.100
				,"percent": 83.05
				}
			,{
				"<=msec": 3.200
				,"percent": 83.75
				}
			,{
				"<=msec": 3.300
				,"percent": 84.45
				}
			,{
				"<=msec": 3.400
				,"percent": 85.02
				}
			,{
				"<=msec": 3.500
				,"percent": 85.61
				}
			,{
				"<=msec": 3.600
				,"percent": 86.08
				}
			,{
				"<=msec": 3.700
				,"percent": 86.59
				}
			,{
				"<=msec": 3.800
				,"percent": 87.03
				}
			,{
				"<=msec": 3.900
				,"percent": 87.48
				}
			,{
				"<=msec": 4.000
				,"percent": 87.84
				}
			,{
				"<=msec": 4.100
				,"percent": 88.23
				}
			,{
				"<=msec": 4.200
				,"percent": 88.62
				}
			,{
				"<=msec": 4.300
				,"percent": 88.96
				}
			,{
				"<=msec": 4.400
				,"percent": 89.34
				}
			,{
				"<=msec": 4.500
				,"percent": 89.65
				}
			,{
				"<=msec": 4.600
				,"percent": 89.93
				}
			,{
				"<=msec": 4.700
				,"percent": 90.20
				}
			,{
				"<=msec": 4.800
				,"percent": 90.58
				}
			,{
				"<=msec": 4.900
				,"percent": 90.81
				}
			,{
				"<=msec": 5.000
				,"percent": 91.06
				}
			,{
				"<=msec": 5.100
				,"percent": 91.38
				}
			,{
				"<=msec": 5.200
				,"percent": 91.66
				}
			,{
				"<=msec": 5.300
				,"percent": 92.01
				}
			,{
				"<=msec": 5.400
				,"percent": 92.30
				}
			,{
				"<=msec": 5.500
				,"percent": 92.60
				}
			,{
				"<=msec": 5.600
				,"percent": 92.84
				}
			,{
				"<=msec": 5.700
				,"percent": 93.13
				}
			,{
				"<=msec": 5.800
				,"percent": 93.45
				}
			,{
				"<=msec": 5.900
				,"percent": 93.72
				}
			,{
				"<=msec": 6.000
				,"percent": 94.02
				}
			,{
				"<=msec": 6.100
				,"percent": 94.29
				}
			,{
				"<=msec": 6.200
				,"percent": 94.57
				}
			,{
				"<=msec": 6.300
				,"percent": 94.87
				}
			,{
				"<=msec": 6.400
				,"percent": 95.15
				}
			,{
				"<=msec": 6.500
				,"percent": 95.43
				}
			,{
				"<=msec": 6.600
				,"percent": 95.67
				}
			,{
				"<=msec": 6.700
				,"percent": 95.91
				}
			,{
				"<=msec": 6.800
				,"percent": 96.14
				}
			,{
				"<=msec": 6.900
				,"percent": 96.37
				}
			,{
				"<=msec": 7.000
				,"percent": 96.58
				}
			,{
				"<=msec": 7.100
				,"percent": 96.76
				}
			,{
				"<=msec": 7.200
				,"percent": 96.94
				}
			,{
				"<=msec": 7.300
				,"percent": 97.08
				}
			,{
				"<=msec": 7.400
				,"percent": 97.26
				}
			,{
				"<=msec": 7.500
				,"percent": 97.40
				}
			,{
				"<=msec": 7.600
				,"percent": 97.53
				}
			,{
				"<=msec": 7.700
				,"percent": 97.69
				}
			,{
				"<=msec": 7.800
				,"percent": 97.81
				}
			,{
				"<=msec": 7.900
				,"percent": 97.92
				}
			,{
				"<=msec": 8.000
				,"percent": 98.02
				}
			,{
				"<=msec": 8.100
				,"percent": 98.12
				}
			,{
				"<=msec": 8.200
				,"percent": 98.19
				}
			,{
				"<=msec": 8.300
				,"percent": 98.27
				}
			,{
				"<=msec": 8.400
				,"percent": 98.33
				}
			,{
				"<=msec": 8.500
				,"percent": 98.41
				}
			,{
				"<=msec": 8.600
				,"percent": 98.48
				}
			,{
				"<=msec": 8.700
				,"percent": 98.55
				}
			,{
				"<=msec": 8.800
				,"percent": 98.59
				}
			,{
				"<=msec": 8.900
				,"percent": 98.63
				}
			,{
				"<=msec": 9.000
				,"percent": 98.66
				}
			,{
				"<=msec": 9.100
				,"percent": 98.69
				}
			,{
				"<=msec": 9.200
				,"percent": 98.77
				}
			,{
				"<=msec": 9.300
				,"percent": 98.81
				}
			,{
				"<=msec": 9.400
				,"percent": 98.88
				}
			,{
				"<=msec": 9.500
				,"percent": 98.93
				}
			,{
				"<=msec": 9.600
				,"percent": 98.98
				}
			,{
				"<=msec": 9.700
				,"percent": 99.04
				}
			,{
				"<=msec": 9.800
				,"percent": 99.09
				}
			,{
				"<=msec": 9.900
				,"percent": 99.14
				}
			,{
				"<=msec": 10.000
				,"percent": 99.40
				}
			,{
				"<=msec": 11.000
				,"percent": 99.64
				}
			,{
				"<=msec": 12.000
				,"percent": 99.75
				}
			,{
				"<=msec": 13.000
				,"percent": 99.80
				}
			,{
				"<=msec": 14.000
				,"percent": 99.85
				}
			,{
				"<=msec": 15.000
				,"percent": 99.86
				}
			,{
				"<=msec": 16.000
				,"percent": 99.88
				}
			,{
				"<=msec": 17.000
				,"percent": 99.90
				}
			,{
				"<=msec": 18.000
				,"percent": 99.92
				}
			,{
				"<=msec": 19.000
				,"percent": 99.93
				}
			,{
				"<=msec": 20.000
				,"percent": 99.94
				}
			,{
				"<=msec": 22.000
				,"percent": 99.95
				}
			,{
				"<=msec": 27.000
				,"percent": 99.95
				}
			,{
				"<=msec": 28.000
				,"percent": 99.96
				}
			,{
				"<=msec": 29.000
				,"percent": 99.97
				}
			,{
				"<=msec": 31.000
				,"percent": 99.98
				}
			,{
				"<=msec": 32.000
				,"percent": 99.98
				}
			,{
				"<=msec": 39.000
				,"percent": 99.99
				}
			,{
				"<=msec": 100.000
				,"percent": 99.99
				}
			,{
				"<=msec": 110.000
				,"percent": 100.00
				}
			]
		,"WAIT":[
		]
		}
	}
