{
	"configuration":{
		"server": "10.0.0.9"
		,"port": 11212
		,"unix socket": "(null)"
		,"protocol": "memcache_text"
		,"out_file": "(null)"
		,"client_stats": "(null)"
		,"run_count": 1
		,"debug": 0
		,"requests": 0
		,"clients": 2
		,"threads": 1
		,"test_time": 60
		,"ratio": "1:9"
		,"pipeline": 1
		,"data_size": 4096
		,"data_offset": 0
		,"random_data": "false"
		,"data_size_range": "0:0"
		,"data_size_list": ""
		,"data_size_pattern": "R"
		,"expiry_range": "9999:10000"
		,"data_import": "(null)"
		,"data_verify": "false"
		,"verify_only": "false"
		,"generate_keys": "false"
		,"key_prefix": "memtier-"
		,"key_minimum":           0
		,"key_maximum":        1000
		,"key_pattern": "R:R"
		,"key_stddev": 0.000000
		,"key_median": 0.000000
		,"reconnect_interval": 0
		,"multi_key_get": 9
		,"authenticate": ""
		,"select-db": 0
		,"no-expiry": "false"
		,"wait-ratio": "0:0"
		,"num-slaves": "0:0"
		,"wait-timeout": "0-0"
		}
	,"run information":{
		"Threads": 1
		,"Connections per thread": 2
		,"Seconds": 60
		}
	,"ALL STATS":{
		"Sets":{
			"Ops/sec": 185.39
			,"Hits/sec": 0.00
			,"Misses/sec": 0.00
			,"Latency": 4.67
			,"KB/sec": 748.68
			}
		,"Gets":{
			"Ops/sec": 185.39
			,"Hits/sec": 1668.49
			,"Misses/sec": 0.00
			,"Latency": 6.09
			,"KB/sec": 6740.60
			}
		,"Waits":{
			"Ops/sec": 0.00
			,"Hits/sec": 0.00
			,"Misses/sec": 0.00
			,"Latency": 0.00
			,"KB/sec": 0.00
			}
		,"Totals":{
			"Ops/sec": 370.78
			,"Hits/sec": 1668.49
			,"Misses/sec": 0.00
			,"Latency": 5.38
			,"KB/sec": 7489.29
			}
		,"SET":[
			{
				"<=msec": 1.000
				,"percent": 0.01
				}
			,{
				"<=msec": 1.100
				,"percent": 0.21
				}
			,{
				"<=msec": 1.200
				,"percent": 0.90
				}
			,{
				"<=msec": 1.300
				,"percent": 2.68
				}
			,{
				"<=msec": 1.400
				,"percent": 5.83
				}
			,{
				"<=msec": 1.500
				,"percent": 10.61
				}
			,{
				"<=msec": 1.600
				,"percent": 15.97
				}
			,{
				"<=msec": 1.700
				,"percent": 21.85
				}
			,{
				"<=msec": 1.800
				,"percent": 27.77
				}
			,{
				"<=msec": 1.900
				,"percent": 33.58
				}
			,{
				"<=msec": 2.000
				,"percent": 38.30
				}
			,{
				"<=msec": 2.100
				,"percent": 42.30
				}
			,{
				"<=msec": 2.200
				,"percent": 45.33
				}
			,{
				"<=msec": 2.300
				,"percent": 48.11
				}
			,{
				"<=msec": 2.400
				,"percent": 50.17
				}
			,{
				"<=msec": 2.500
				,"percent": 51.96
				}
			,{
				"<=msec": 2.600
				,"percent": 53.43
				}
			,{
				"<=msec": 2.700
				,"percent": 54.76
				}
			,{
				"<=msec": 2.800
				,"percent": 55.92
				}
			,{
				"<=msec": 2.900
				,"percent": 56.81
				}
			,{
				"<=msec": 3.000
				,"percent": 57.69
				}
			,{
				"<=msec": 3.100
				,"percent": 58.46
				}
			,{
				"<=msec": 3.200
				,"percent": 59.10
				}
			,{
				"<=msec": 3.300
				,"percent": 59.94
				}
			,{
				"<=msec": 3.400
				,"percent": 60.54
				}
			,{
				"<=msec": 3.500
				,"percent": 61.14
				}
			,{
				"<=msec": 3.600
				,"percent": 61.60
				}
			,{
				"<=msec": 3.700
				,"percent": 62.14
				}
			,{
				"<=msec": 3.800
				,"percent": 62.50
				}
			,{
				"<=msec": 3.900
				,"percent": 62.95
				}
			,{
				"<=msec": 4.000
				,"percent": 63.47
				}
			,{
				"<=msec": 4.100
				,"percent": 63.83
				}
			,{
				"<=msec": 4.200
				,"percent": 64.15
				}
			,{
				"<=msec": 4.300
				,"percent": 64.51
				}
			,{
				"<=msec": 4.400
				,"percent": 64.79
				}
			,{
				"<=msec": 4.500
				,"percent": 65.17
				}
			,{
				"<=msec": 4.600
				,"percent": 65.40
				}
			,{
				"<=msec": 4.700
				,"percent": 65.65
				}
			,{
				"<=msec": 4.800
				,"percent": 66.00
				}
			,{
				"<=msec": 4.900
				,"percent": 66.40
				}
			,{
				"<=msec": 5.000
				,"percent": 66.65
				}
			,{
				"<=msec": 5.100
				,"percent": 66.96
				}
			,{
				"<=msec": 5.200
				,"percent": 67.30
				}
			,{
				"<=msec": 5.300
				,"percent": 67.66
				}
			,{
				"<=msec": 5.400
				,"percent": 67.98
				}
			,{
				"<=msec": 5.500
				,"percent": 68.20
				}
			,{
				"<=msec": 5.600
				,"percent": 68.48
				}
			,{
				"<=msec": 5.700
				,"percent": 68.78
				}
			,{
				"<=msec": 5.800
				,"percent": 69.19
				}
			,{
				"<=msec": 5.900
				,"percent": 69.54
				}
			,{
				"<=msec": 6.000
				,"percent": 69.87
				}
			,{
				"<=msec": 6.100
				,"percent": 70.21
				}
			,{
				"<=msec": 6.200
				,"percent": 70.55
				}
			,{
				"<=msec": 6.300
				,"percent": 70.82
				}
			,{
				"<=msec": 6.400
				,"percent": 71.19
				}
			,{
				"<=msec": 6.500
				,"percent": 71.49
				}
			,{
				"<=msec": 6.600
				,"percent": 71.79
				}
			,{
				"<=msec": 6.700
				,"percent": 72.14
				}
			,{
				"<=msec": 6.800
				,"percent": 72.39
				}
			,{
				"<=msec": 6.900
				,"percent": 72.70
				}
			,{
				"<=msec": 7.000
				,"percent": 72.97
				}
			,{
				"<=msec": 7.100
				,"percent": 73.21
				}
			,{
				"<=msec": 7.200
				,"percent": 73.49
				}
			,{
				"<=msec": 7.300
				,"percent": 73.73
				}
			,{
				"<=msec": 7.400
				,"percent": 73.98
				}
			,{
				"<=msec": 7.500
				,"percent": 74.26
				}
			,{
				"<=msec": 7.600
				,"percent": 74.49
				}
			,{
				"<=msec": 7.700
				,"percent": 74.75
				}
			,{
				"<=msec": 7.800
				,"percent": 74.96
				}
			,{
				"<=msec": 7.900
				,"percent": 75.19
				}
			,{
				"<=msec": 8.000
				,"percent": 75.48
				}
			,{
				"<=msec": 8.100
				,"percent": 75.76
				}
			,{
				"<=msec": 8.200
				,"percent": 76.04
				}
			,{
				"<=msec": 8.300
				,"percent": 76.29
				}
			,{
				"<=msec": 8.400
				,"percent": 76.56
				}
			,{
				"<=msec": 8.500
				,"percent": 76.80
				}
			,{
				"<=msec": 8.600
				,"percent": 77.03
				}
			,{
				"<=msec": 8.700
				,"percent": 77.43
				}
			,{
				"<=msec": 8.800
				,"percent": 77.73
				}
			,{
				"<=msec": 8.900
				,"percent": 78.07
				}
			,{
				"<=msec": 9.000
				,"percent": 78.56
				}
			,{
				"<=msec": 9.100
				,"percent": 78.85
				}
			,{
				"<=msec": 9.200
				,"percent": 79.26
				}
			,{
				"<=msec": 9.300
				,"percent": 79.66
				}
			,{
				"<=msec": 9.400
				,"percent": 80.02
				}
			,{
				"<=msec": 9.500
				,"percent": 80.46
				}
			,{
				"<=msec": 9.600
				,"percent": 81.14
				}
			,{
				"<=msec": 9.700
				,"percent": 81.56
				}
			,{
				"<=msec": 9.800
				,"percent": 82.14
				}
			,{
				"<=msec": 9.900
				,"percent": 82.73
				}
			,{
				"<=msec": 10.000
				,"percent": 86.92
				}
			,{
				"<=msec": 11.000
				,"percent": 95.05
				}
			,{
				"<=msec": 12.000
				,"percent": 98.08
				}
			,{
				"<=msec": 13.000
				,"percent": 99.07
				}
			,{
				"<=msec": 14.000
				,"percent": 99.36
				}
			,{
				"<=msec": 15.000
				,"percent": 99.59
				}
			,{
				"<=msec": 16.000
				,"percent": 99.69
				}
			,{
				"<=msec": 17.000
				,"percent": 99.76
				}
			,{
				"<=msec": 18.000
				,"percent": 99.78
				}
			,{
				"<=msec": 19.000
				,"percent": 99.82
				}
			,{
				"<=msec": 20.000
				,"percent": 99.83
				}
			,{
				"<=msec": 21.000
				,"percent": 99.85
				}
			,{
				"<=msec": 23.000
				,"percent": 99.86
				}
			,{
				"<=msec": 24.000
				,"percent": 99.88
				}
			,{
				"<=msec": 25.000
				,"percent": 99.89
				}
			,{
				"<=msec": 26.000
				,"percent": 99.94
				}
			,{
				"<=msec": 27.000
				,"percent": 99.96
				}
			,{
				"<=msec": 28.000
				,"percent": 99.97
				}
			,{
				"<=msec": 30.000
				,"percent": 99.98
				}
			,{
				"<=msec": 32.000
				,"percent": 99.99
				}
			,{
				"<=msec": 110.000
				,"percent": 100.00
				}
			]
		,"GET":[
			{
				"<=msec": 1.500
				,"percent": 0.03
				}
			,{
				"<=msec": 1.600
				,"percent": 0.33
				}
			,{
				"<=msec": 1.700
				,"percent": 1.22
				}
			,{
				"<=msec": 1.800
				,"percent": 3.07
				}
			,{
				"<=msec": 1.900
				,"percent": 5.68
				}
			,{
				"<=msec": 2.000
				,"percent": 9.40
				}
			,{
				"<=msec": 2.100
				,"percent": 13.57
				}
			,{
				"<=msec": 2.200
				,"percent": 18.37
				}
			,{
				"<=msec": 2.300
				,"percent": 23.00
				}
			,{
				"<=msec": 2.400
				,"percent": 27.51
				}
			,{
				"<=msec": 2.500
				,"percent": 31.59
				}
			,{
				"<=msec": 2.600
				,"percent": 35.07
				}
			,{
				"<=msec": 2.700
				,"percent": 37.76
				}
			,{
				"<=msec": 2.800
				,"percent": 40.38
				}
			,{
				"<=msec": 2.900
				,"percent": 42.45
				}
			,{
				"<=msec": 3.000
				,"percent": 44.14
				}
			,{
				"<=msec": 3.100
				,"percent": 45.51
				}
			,{
				"<=msec": 3.200
				,"percent": 46.61
				}
			,{
				"<=msec": 3.300
				,"percent": 47.61
				}
			,{
				"<=msec": 3.400
				,"percent": 48.65
				}
			,{
				"<=msec": 3.500
				,"percent": 49.38
				}
			,{
				"<=msec": 3.600
				,"percent": 50.07
				}
			,{
				"<=msec": 3.700
				,"percent": 50.66
				}
			,{
				"<=msec": 3.800
				,"percent": 51.29
				}
			,{
				"<=msec": 3.900
				,"percent": 51.71
				}
			,{
				"<=msec": 4.000
				,"percent": 52.13
				}
			,{
				"<=msec": 4.100
				,"percent": 52.61
				}
			,{
				"<=msec": 4.200
				,"percent": 53.03
				}
			,{
				"<=msec": 4.300
				,"percent": 53.48
				}
			,{
				"<=msec": 4.400
				,"percent": 53.86
				}
			,{
				"<=msec": 4.500
				,"percent": 54.29
				}
			,{
				"<=msec": 4.600
				,"percent": 54.63
				}
			,{
				"<=msec": 4.700
				,"percent": 55.02
				}
			,{
				"<=msec": 4.800
				,"percent": 55.30
				}
			,{
				"<=msec": 4.900
				,"percent": 55.57
				}
			,{
				"<=msec": 5.000
				,"percent": 55.82
				}
			,{
				"<=msec": 5.100
				,"percent": 56.09
				}
			,{
				"<=msec": 5.200
				,"percent": 56.41
				}
			,{
				"<=msec": 5.300
				,"percent": 56.73
				}
			,{
				"<=msec": 5.400
				,"percent": 56.95
				}
			,{
				"<=msec": 5.500
				,"percent": 57.22
				}
			,{
				"<=msec": 5.600
				,"percent": 57.52
				}
			,{
				"<=msec": 5.700
				,"percent": 57.80
				}
			,{
				"<=msec": 5.800
				,"percent": 58.05
				}
			,{
				"<=msec": 5.900
				,"percent": 58.34
				}
			,{
				"<=msec": 6.000
				,"percent": 58.56
				}
			,{
				"<=msec": 6.100
				,"percent": 58.85
				}
			,{
				"<=msec": 6.200
				,"percent": 59.14
				}
			,{
				"<=msec": 6.300
				,"percent": 59.45
				}
			,{
				"<=msec": 6.400
				,"percent": 59.85
				}
			,{
				"<=msec": 6.500
				,"percent": 60.19
				}
			,{
				"<=msec": 6.600
				,"percent": 60.47
				}
			,{
				"<=msec": 6.700
				,"percent": 60.86
				}
			,{
				"<=msec": 6.800
				,"percent": 61.24
				}
			,{
				"<=msec": 6.900
				,"percent": 61.53
				}
			,{
				"<=msec": 7.000
				,"percent": 61.89
				}
			,{
				"<=msec": 7.100
				,"percent": 62.37
				}
			,{
				"<=msec": 7.200
				,"percent": 62.64
				}
			,{
				"<=msec": 7.300
				,"percent": 62.99
				}
			,{
				"<=msec": 7.400
				,"percent": 63.41
				}
			,{
				"<=msec": 7.500
				,"percent": 63.78
				}
			,{
				"<=msec": 7.600
				,"percent": 64.07
				}
			,{
				"<=msec": 7.700
				,"percent": 64.39
				}
			,{
				"<=msec": 7.800
				,"percent": 64.70
				}
			,{
				"<=msec": 7.900
				,"percent": 65.01
				}
			,{
				"<=msec": 8.000
				,"percent": 65.32
				}
			,{
				"<=msec": 8.100
				,"percent": 65.66
				}
			,{
				"<=msec": 8.200
				,"percent": 66.02
				}
			,{
				"<=msec": 8.300
				,"percent": 66.28
				}
			,{
				"<=msec": 8.400
				,"percent": 66.63
				}
			,{
				"<=msec": 8.500
				,"percent": 67.01
				}
			,{
				"<=msec": 8.600
				,"percent": 67.37
				}
			,{
				"<=msec": 8.700
				,"percent": 67.70
				}
			,{
				"<=msec": 8.800
				,"percent": 68.07
				}
			,{
				"<=msec": 8.900
				,"percent": 68.46
				}
			,{
				"<=msec": 9.000
				,"percent": 68.95
				}
			,{
				"<=msec": 9.100
				,"percent": 69.31
				}
			,{
				"<=msec": 9.200
				,"percent": 69.79
				}
			,{
				"<=msec": 9.300
				,"percent": 70.17
				}
			,{
				"<=msec": 9.400
				,"percent": 70.63
				}
			,{
				"<=msec": 9.500
				,"percent": 71.16
				}
			,{
				"<=msec": 9.600
				,"percent": 71.65
				}
			,{
				"<=msec": 9.700
				,"percent": 72.18
				}
			,{
				"<=msec": 9.800
				,"percent": 72.74
				}
			,{
				"<=msec": 9.900
				,"percent": 73.35
				}
			,{
				"<=msec": 10.000
				,"percent": 76.13
				}
			,{
				"<=msec": 11.000
				,"percent": 82.39
				}
			,{
				"<=msec": 12.000
				,"percent": 91.94
				}
			,{
				"<=msec": 13.000
				,"percent": 97.16
				}
			,{
				"<=msec": 14.000
				,"percent": 98.73
				}
			,{
				"<=msec": 15.000
				,"percent": 99.09
				}
			,{
				"<=msec": 16.000
				,"percent": 99.36
				}
			,{
				"<=msec": 17.000
				,"percent": 99.56
				}
			,{
				"<=msec": 18.000
				,"percent": 99.59
				}
			,{
				"<=msec": 19.000
				,"percent": 99.66
				}
			,{
				"<=msec": 20.000
				,"percent": 99.72
				}
			,{
				"<=msec": 21.000
				,"percent": 99.75
				}
			,{
				"<=msec": 22.000
				,"percent": 99.77
				}
			,{
				"<=msec": 23.000
				,"percent": 99.78
				}
			,{
				"<=msec": 24.000
				,"percent": 99.80
				}
			,{
				"<=msec": 25.000
				,"percent": 99.85
				}
			,{
				"<=msec": 26.000
				,"percent": 99.89
				}
			,{
				"<=msec": 27.000
				,"percent": 99.94
				}
			,{
				"<=msec": 28.000
				,"percent": 99.97
				}
			,{
				"<=msec": 32.000
				,"percent": 99.98
				}
			,{
				"<=msec": 41.000
				,"percent": 99.99
				}
			,{
				"<=msec": 110.000
				,"percent": 100.00
				}
			]
		,"WAIT":[
		]
		}
	}
