This is pdfTeX, Version 3.14159265-2.6-1.40.19 (TeX Live 2018/Arch Linux) (preloaded format=pdflatex 2018.10.17)  16 DEC 2018 21:03
entering extended mode
 \write18 enabled.
 %&-line parsing enabled.
**report.tex
(./report.tex
LaTeX2e <2018-04-01> patch level 5
(/usr/share/texmf-dist/tex/latex/base/article.cls
Document Class: article 2014/09/29 v1.4h Standard LaTeX document class
(/usr/share/texmf-dist/tex/latex/base/size11.clo
File: size11.clo 2014/09/29 v1.4h Standard LaTeX file (size option)
)
\c@part=\count80
\c@section=\count81
\c@subsection=\count82
\c@subsubsection=\count83
\c@paragraph=\count84
\c@subparagraph=\count85
\c@figure=\count86
\c@table=\count87
\abovecaptionskip=\skip41
\belowcaptionskip=\skip42
\bibindent=\dimen102
) (./fullpage.sty
Using full size pages: 'fullpage' documentstyle option
) (/usr/share/texmf-dist/tex/latex/hyperref/hyperref.sty
Package: hyperref 2018/02/06 v6.86b Hypertext links for LaTeX

(/usr/share/texmf-dist/tex/generic/oberdiek/hobsub-hyperref.sty
Package: hobsub-hyperref 2016/05/16 v1.14 Bundle oberdiek, subset hyperref (HO)


(/usr/share/texmf-dist/tex/generic/oberdiek/hobsub-generic.sty
Package: hobsub-generic 2016/05/16 v1.14 Bundle oberdiek, subset generic (HO)
Package: hobsub 2016/05/16 v1.14 Construct package bundles (HO)
Package: infwarerr 2016/05/16 v1.4 Providing info/warning/error messages (HO)
Package: ltxcmds 2016/05/16 v1.23 LaTeX kernel commands for general use (HO)
Package: ifluatex 2016/05/16 v1.4 Provides the ifluatex switch (HO)
Package ifluatex Info: LuaTeX not detected.
Package: ifvtex 2016/05/16 v1.6 Detect VTeX and its facilities (HO)
Package ifvtex Info: VTeX not detected.
Package: intcalc 2016/05/16 v1.2 Expandable calculations with integers (HO)
Package: ifpdf 2017/03/15 v3.2 Provides the ifpdf switch
Package: etexcmds 2016/05/16 v1.6 Avoid name clashes with e-TeX commands (HO)
Package etexcmds Info: Could not find \expanded.
(etexcmds)             That can mean that you are not using pdfTeX 1.50 or
(etexcmds)             that some package has redefined \expanded.
(etexcmds)             In the latter case, load this package earlier.
Package: kvsetkeys 2016/05/16 v1.17 Key value parser (HO)
Package: kvdefinekeys 2016/05/16 v1.4 Define keys (HO)
Package: pdftexcmds 2018/01/30 v0.27 Utility functions of pdfTeX for LuaTeX (HO
)
Package pdftexcmds Info: LuaTeX not detected.
Package pdftexcmds Info: \pdf@primitive is available.
Package pdftexcmds Info: \pdf@ifprimitive is available.
Package pdftexcmds Info: \pdfdraftmode found.
Package: pdfescape 2016/05/16 v1.14 Implements pdfTeX's escape features (HO)
Package: bigintcalc 2016/05/16 v1.4 Expandable calculations on big integers (HO
)
Package: bitset 2016/05/16 v1.2 Handle bit-vector datatype (HO)
Package: uniquecounter 2016/05/16 v1.3 Provide unlimited unique counter (HO)
)
Package hobsub Info: Skipping package `hobsub' (already loaded).
Package: letltxmacro 2016/05/16 v1.5 Let assignment for LaTeX macros (HO)
Package: hopatch 2016/05/16 v1.3 Wrapper for package hooks (HO)
Package: xcolor-patch 2016/05/16 xcolor patch
Package: atveryend 2016/05/16 v1.9 Hooks at the very end of document (HO)
Package atveryend Info: \enddocument detected (standard20110627).
Package: atbegshi 2016/06/09 v1.18 At begin shipout hook (HO)
Package: refcount 2016/05/16 v3.5 Data extraction from label references (HO)
Package: hycolor 2016/05/16 v1.8 Color options for hyperref/bookmark (HO)
)
(/usr/share/texmf-dist/tex/latex/graphics/keyval.sty
Package: keyval 2014/10/28 v1.15 key=value parser (DPC)
\KV@toks@=\toks14
)
(/usr/share/texmf-dist/tex/generic/ifxetex/ifxetex.sty
Package: ifxetex 2010/09/12 v0.6 Provides ifxetex conditional
)
(/usr/share/texmf-dist/tex/latex/oberdiek/auxhook.sty
Package: auxhook 2016/05/16 v1.4 Hooks for auxiliary files (HO)
)
(/usr/share/texmf-dist/tex/latex/oberdiek/kvoptions.sty
Package: kvoptions 2016/05/16 v3.12 Key value format for package options (HO)
)
\@linkdim=\dimen103
\Hy@linkcounter=\count88
\Hy@pagecounter=\count89

(/usr/share/texmf-dist/tex/latex/hyperref/pd1enc.def
File: pd1enc.def 2018/02/06 v6.86b Hyperref: PDFDocEncoding definition (HO)
Now handling font encoding PD1 ...
... no UTF-8 mapping file for font encoding PD1
)
\Hy@SavedSpaceFactor=\count90

(/usr/share/texmf-dist/tex/latex/latexconfig/hyperref.cfg
File: hyperref.cfg 2002/06/06 v1.2 hyperref configuration of TeXLive
)
Package hyperref Info: Hyper figures OFF on input line 4509.
Package hyperref Info: Link nesting OFF on input line 4514.
Package hyperref Info: Hyper index ON on input line 4517.
Package hyperref Info: Plain pages OFF on input line 4524.
Package hyperref Info: Backreferencing OFF on input line 4529.
Package hyperref Info: Implicit mode ON; LaTeX internals redefined.
Package hyperref Info: Bookmarks ON on input line 4762.
\c@Hy@tempcnt=\count91

(/usr/share/texmf-dist/tex/latex/url/url.sty
\Urlmuskip=\muskip10
Package: url 2013/09/16  ver 3.4  Verb mode for urls, etc.
)
LaTeX Info: Redefining \url on input line 5115.
\XeTeXLinkMargin=\dimen104
\Fld@menulength=\count92
\Field@Width=\dimen105
\Fld@charsize=\dimen106
Package hyperref Info: Hyper figures OFF on input line 6369.
Package hyperref Info: Link nesting OFF on input line 6374.
Package hyperref Info: Hyper index ON on input line 6377.
Package hyperref Info: backreferencing OFF on input line 6384.
Package hyperref Info: Link coloring OFF on input line 6389.
Package hyperref Info: Link coloring with OCG OFF on input line 6394.
Package hyperref Info: PDF/A mode OFF on input line 6399.
LaTeX Info: Redefining \ref on input line 6439.
LaTeX Info: Redefining \pageref on input line 6443.
\Hy@abspage=\count93
\c@Item=\count94
\c@Hfootnote=\count95
)
Package hyperref Info: Driver (autodetected): hpdftex.

(/usr/share/texmf-dist/tex/latex/hyperref/hpdftex.def
File: hpdftex.def 2018/02/06 v6.86b Hyperref driver for pdfTeX
\Fld@listcount=\count96
\c@bookmark@seq@number=\count97

(/usr/share/texmf-dist/tex/latex/oberdiek/rerunfilecheck.sty
Package: rerunfilecheck 2016/05/16 v1.8 Rerun checks for auxiliary files (HO)
Package uniquecounter Info: New unique counter `rerunfilecheck' on input line 2
82.
)
\Hy@SectionHShift=\skip43
)
(/usr/share/texmf-dist/tex/latex/graphics/graphicx.sty
Package: graphicx 2017/06/01 v1.1a Enhanced LaTeX Graphics (DPC,SPQR)

(/usr/share/texmf-dist/tex/latex/graphics/graphics.sty
Package: graphics 2017/06/25 v1.2c Standard LaTeX Graphics (DPC,SPQR)

(/usr/share/texmf-dist/tex/latex/graphics/trig.sty
Package: trig 2016/01/03 v1.10 sin cos tan (DPC)
)
(/usr/share/texmf-dist/tex/latex/graphics-cfg/graphics.cfg
File: graphics.cfg 2016/06/04 v1.11 sample graphics configuration
)
Package graphics Info: Driver file: pdftex.def on input line 99.

(/usr/share/texmf-dist/tex/latex/graphics-def/pdftex.def
File: pdftex.def 2018/01/08 v1.0l Graphics/color driver for pdftex
))
\Gin@req@height=\dimen107
\Gin@req@width=\dimen108
)
(/usr/share/texmf-dist/tex/latex/caption/subcaption.sty
Package: subcaption 2018/05/01 v1.1-162 Sub-captions (AR)

(/usr/share/texmf-dist/tex/latex/caption/caption.sty
Package: caption 2018/05/01 v3.3-147 Customizing captions (AR)

(/usr/share/texmf-dist/tex/latex/caption/caption3.sty
Package: caption3 2018/05/27 v1.8a caption3 kernel (AR)
Package caption3 Info: TeX engine: e-TeX on input line 64.
\captionmargin=\dimen109
\captionmargin@=\dimen110
\captionwidth=\dimen111
\caption@tempdima=\dimen112
\caption@indent=\dimen113
\caption@parindent=\dimen114
\caption@hangindent=\dimen115
)
\c@ContinuedFloat=\count98
Package caption Info: hyperref package is loaded.
)
\c@subfigure=\count99
\c@subtable=\count100
)
(/usr/share/texmf-dist/tex/latex/float/float.sty
Package: float 2001/11/08 v1.3d Float enhancements (AL)
\c@float@type=\count101
\float@exts=\toks15
\float@box=\box26
\@float@everytoks=\toks16
\@floatcapt=\box27
)
(/usr/share/texmf-dist/tex/latex/amsmath/amsmath.sty
Package: amsmath 2017/09/02 v2.17a AMS math features
\@mathmargin=\skip44

For additional information on amsmath, use the `?' option.
(/usr/share/texmf-dist/tex/latex/amsmath/amstext.sty
Package: amstext 2000/06/29 v2.01 AMS text

(/usr/share/texmf-dist/tex/latex/amsmath/amsgen.sty
File: amsgen.sty 1999/11/30 v2.0 generic functions
\@emptytoks=\toks17
\ex@=\dimen116
))
(/usr/share/texmf-dist/tex/latex/amsmath/amsbsy.sty
Package: amsbsy 1999/11/29 v1.2d Bold Symbols
\pmbraise@=\dimen117
)
(/usr/share/texmf-dist/tex/latex/amsmath/amsopn.sty
Package: amsopn 2016/03/08 v2.02 operator names
)
\inf@bad=\count102
LaTeX Info: Redefining \frac on input line 213.
\uproot@=\count103
\leftroot@=\count104
LaTeX Info: Redefining \overline on input line 375.
\classnum@=\count105
\DOTSCASE@=\count106
LaTeX Info: Redefining \ldots on input line 472.
LaTeX Info: Redefining \dots on input line 475.
LaTeX Info: Redefining \cdots on input line 596.
\Mathstrutbox@=\box28
\strutbox@=\box29
\big@size=\dimen118
LaTeX Font Info:    Redeclaring font encoding OML on input line 712.
LaTeX Font Info:    Redeclaring font encoding OMS on input line 713.
\macc@depth=\count107
\c@MaxMatrixCols=\count108
\dotsspace@=\muskip11
\c@parentequation=\count109
\dspbrk@lvl=\count110
\tag@help=\toks18
\row@=\count111
\column@=\count112
\maxfields@=\count113
\andhelp@=\toks19
\eqnshift@=\dimen119
\alignsep@=\dimen120
\tagshift@=\dimen121
\tagwidth@=\dimen122
\totwidth@=\dimen123
\lineht@=\dimen124
\@envbody=\toks20
\multlinegap=\skip45
\multlinetaggap=\skip46
\mathdisplay@stack=\toks21
LaTeX Info: Redefining \[ on input line 2817.
LaTeX Info: Redefining \] on input line 2818.
)
(/usr/share/texmf-dist/tex/latex/tools/bm.sty
Package: bm 2017/01/16 v1.2c Bold Symbol Support (DPC/FMi)
\symboldoperators=\mathgroup4
\symboldletters=\mathgroup5
\symboldsymbols=\mathgroup6
LaTeX Font Info:    Redeclaring math alphabet \mathbf on input line 141.
LaTeX Info: Redefining \bm on input line 207.
)
(/usr/share/texmf-dist/tex/latex/booktabs/booktabs.sty
Package: booktabs 2016/04/27 v1.618033 publication quality tables
\heavyrulewidth=\dimen125
\lightrulewidth=\dimen126
\cmidrulewidth=\dimen127
\belowrulesep=\dimen128
\belowbottomsep=\dimen129
\aboverulesep=\dimen130
\abovetopsep=\dimen131
\cmidrulesep=\dimen132
\cmidrulekern=\dimen133
\defaultaddspace=\dimen134
\@cmidla=\count114
\@cmidlb=\count115
\@aboverulesep=\dimen135
\@belowrulesep=\dimen136
\@thisruleclass=\count116
\@lastruleclass=\count117
\@thisrulewidth=\dimen137
)
(/usr/share/texmf-dist/tex/latex/pgf/frontendlayer/tikz.sty
(/usr/share/texmf-dist/tex/latex/pgf/basiclayer/pgf.sty
(/usr/share/texmf-dist/tex/latex/pgf/utilities/pgfrcs.sty
(/usr/share/texmf-dist/tex/generic/pgf/utilities/pgfutil-common.tex
\pgfutil@everybye=\toks22
\pgfutil@tempdima=\dimen138
\pgfutil@tempdimb=\dimen139

(/usr/share/texmf-dist/tex/generic/pgf/utilities/pgfutil-common-lists.tex))
(/usr/share/texmf-dist/tex/generic/pgf/utilities/pgfutil-latex.def
\pgfutil@abb=\box30

(/usr/share/texmf-dist/tex/latex/ms/everyshi.sty
Package: everyshi 2001/05/15 v3.00 EveryShipout Package (MS)
))
(/usr/share/texmf-dist/tex/generic/pgf/utilities/pgfrcs.code.tex
Package: pgfrcs 2015/08/07 v3.0.1a (rcs-revision 1.31)
))
Package: pgf 2015/08/07 v3.0.1a (rcs-revision 1.15)

(/usr/share/texmf-dist/tex/latex/pgf/basiclayer/pgfcore.sty
(/usr/share/texmf-dist/tex/latex/pgf/systemlayer/pgfsys.sty
(/usr/share/texmf-dist/tex/generic/pgf/systemlayer/pgfsys.code.tex
Package: pgfsys 2014/07/09 v3.0.1a (rcs-revision 1.48)

(/usr/share/texmf-dist/tex/generic/pgf/utilities/pgfkeys.code.tex
\pgfkeys@pathtoks=\toks23
\pgfkeys@temptoks=\toks24

(/usr/share/texmf-dist/tex/generic/pgf/utilities/pgfkeysfiltered.code.tex
\pgfkeys@tmptoks=\toks25
))
\pgf@x=\dimen140
\pgf@y=\dimen141
\pgf@xa=\dimen142
\pgf@ya=\dimen143
\pgf@xb=\dimen144
\pgf@yb=\dimen145
\pgf@xc=\dimen146
\pgf@yc=\dimen147
\w@pgf@writea=\write3
\r@pgf@reada=\read1
\c@pgf@counta=\count118
\c@pgf@countb=\count119
\c@pgf@countc=\count120
\c@pgf@countd=\count121
\t@pgf@toka=\toks26
\t@pgf@tokb=\toks27
\t@pgf@tokc=\toks28

(/usr/share/texmf-dist/tex/generic/pgf/systemlayer/pgf.cfg
File: pgf.cfg 2008/05/14  (rcs-revision 1.7)
)
Driver file for pgf: pgfsys-pdftex.def

(/usr/share/texmf-dist/tex/generic/pgf/systemlayer/pgfsys-pdftex.def
File: pgfsys-pdftex.def 2014/10/11  (rcs-revision 1.35)

(/usr/share/texmf-dist/tex/generic/pgf/systemlayer/pgfsys-common-pdf.def
File: pgfsys-common-pdf.def 2013/10/10  (rcs-revision 1.13)
)))
(/usr/share/texmf-dist/tex/generic/pgf/systemlayer/pgfsyssoftpath.code.tex
File: pgfsyssoftpath.code.tex 2013/09/09  (rcs-revision 1.9)
\pgfsyssoftpath@smallbuffer@items=\count122
\pgfsyssoftpath@bigbuffer@items=\count123
)
(/usr/share/texmf-dist/tex/generic/pgf/systemlayer/pgfsysprotocol.code.tex
File: pgfsysprotocol.code.tex 2006/10/16  (rcs-revision 1.4)
))
(/usr/share/texmf-dist/tex/latex/xcolor/xcolor.sty
Package: xcolor 2016/05/11 v2.12 LaTeX color extensions (UK)

(/usr/share/texmf-dist/tex/latex/graphics-cfg/color.cfg
File: color.cfg 2016/01/02 v1.6 sample color configuration
)
Package xcolor Info: Driver file: pdftex.def on input line 225.
Package xcolor Info: Model `cmy' substituted by `cmy0' on input line 1348.
Package xcolor Info: Model `hsb' substituted by `rgb' on input line 1352.
Package xcolor Info: Model `RGB' extended on input line 1364.
Package xcolor Info: Model `HTML' substituted by `rgb' on input line 1366.
Package xcolor Info: Model `Hsb' substituted by `hsb' on input line 1367.
Package xcolor Info: Model `tHsb' substituted by `hsb' on input line 1368.
Package xcolor Info: Model `HSB' substituted by `hsb' on input line 1369.
Package xcolor Info: Model `Gray' substituted by `gray' on input line 1370.
Package xcolor Info: Model `wave' substituted by `hsb' on input line 1371.
)
(/usr/share/texmf-dist/tex/generic/pgf/basiclayer/pgfcore.code.tex
Package: pgfcore 2010/04/11 v3.0.1a (rcs-revision 1.7)

(/usr/share/texmf-dist/tex/generic/pgf/math/pgfmath.code.tex
(/usr/share/texmf-dist/tex/generic/pgf/math/pgfmathcalc.code.tex
(/usr/share/texmf-dist/tex/generic/pgf/math/pgfmathutil.code.tex)
(/usr/share/texmf-dist/tex/generic/pgf/math/pgfmathparser.code.tex
\pgfmath@dimen=\dimen148
\pgfmath@count=\count124
\pgfmath@box=\box31
\pgfmath@toks=\toks29
\pgfmath@stack@operand=\toks30
\pgfmath@stack@operation=\toks31
)
(/usr/share/texmf-dist/tex/generic/pgf/math/pgfmathfunctions.code.tex
(/usr/share/texmf-dist/tex/generic/pgf/math/pgfmathfunctions.basic.code.tex)
(/usr/share/texmf-dist/tex/generic/pgf/math/pgfmathfunctions.trigonometric.code
.tex)
(/usr/share/texmf-dist/tex/generic/pgf/math/pgfmathfunctions.random.code.tex)
(/usr/share/texmf-dist/tex/generic/pgf/math/pgfmathfunctions.comparison.code.te
x) (/usr/share/texmf-dist/tex/generic/pgf/math/pgfmathfunctions.base.code.tex)
(/usr/share/texmf-dist/tex/generic/pgf/math/pgfmathfunctions.round.code.tex)
(/usr/share/texmf-dist/tex/generic/pgf/math/pgfmathfunctions.misc.code.tex)
(/usr/share/texmf-dist/tex/generic/pgf/math/pgfmathfunctions.integerarithmetics
.code.tex))) (/usr/share/texmf-dist/tex/generic/pgf/math/pgfmathfloat.code.tex
\c@pgfmathroundto@lastzeros=\count125
)) (/usr/share/texmf-dist/tex/generic/pgf/basiclayer/pgfcorepoints.code.tex
File: pgfcorepoints.code.tex 2013/10/07  (rcs-revision 1.27)
\pgf@picminx=\dimen149
\pgf@picmaxx=\dimen150
\pgf@picminy=\dimen151
\pgf@picmaxy=\dimen152
\pgf@pathminx=\dimen153
\pgf@pathmaxx=\dimen154
\pgf@pathminy=\dimen155
\pgf@pathmaxy=\dimen156
\pgf@xx=\dimen157
\pgf@xy=\dimen158
\pgf@yx=\dimen159
\pgf@yy=\dimen160
\pgf@zx=\dimen161
\pgf@zy=\dimen162
)
(/usr/share/texmf-dist/tex/generic/pgf/basiclayer/pgfcorepathconstruct.code.tex
File: pgfcorepathconstruct.code.tex 2013/10/07  (rcs-revision 1.29)
\pgf@path@lastx=\dimen163
\pgf@path@lasty=\dimen164
) (/usr/share/texmf-dist/tex/generic/pgf/basiclayer/pgfcorepathusage.code.tex
File: pgfcorepathusage.code.tex 2014/11/02  (rcs-revision 1.24)
\pgf@shorten@end@additional=\dimen165
\pgf@shorten@start@additional=\dimen166
)
(/usr/share/texmf-dist/tex/generic/pgf/basiclayer/pgfcorescopes.code.tex
File: pgfcorescopes.code.tex 2015/05/08  (rcs-revision 1.46)
\pgfpic=\box32
\pgf@hbox=\box33
\pgf@layerbox@main=\box34
\pgf@picture@serial@count=\count126
)
(/usr/share/texmf-dist/tex/generic/pgf/basiclayer/pgfcoregraphicstate.code.tex
File: pgfcoregraphicstate.code.tex 2014/11/02  (rcs-revision 1.12)
\pgflinewidth=\dimen167
)
(/usr/share/texmf-dist/tex/generic/pgf/basiclayer/pgfcoretransformations.code.t
ex
File: pgfcoretransformations.code.tex 2015/08/07  (rcs-revision 1.20)
\pgf@pt@x=\dimen168
\pgf@pt@y=\dimen169
\pgf@pt@temp=\dimen170
) (/usr/share/texmf-dist/tex/generic/pgf/basiclayer/pgfcorequick.code.tex
File: pgfcorequick.code.tex 2008/10/09  (rcs-revision 1.3)
)
(/usr/share/texmf-dist/tex/generic/pgf/basiclayer/pgfcoreobjects.code.tex
File: pgfcoreobjects.code.tex 2006/10/11  (rcs-revision 1.2)
)
(/usr/share/texmf-dist/tex/generic/pgf/basiclayer/pgfcorepathprocessing.code.te
x
File: pgfcorepathprocessing.code.tex 2013/09/09  (rcs-revision 1.9)
) (/usr/share/texmf-dist/tex/generic/pgf/basiclayer/pgfcorearrows.code.tex
File: pgfcorearrows.code.tex 2015/05/14  (rcs-revision 1.43)
\pgfarrowsep=\dimen171
)
(/usr/share/texmf-dist/tex/generic/pgf/basiclayer/pgfcoreshade.code.tex
File: pgfcoreshade.code.tex 2013/07/15  (rcs-revision 1.15)
\pgf@max=\dimen172
\pgf@sys@shading@range@num=\count127
)
(/usr/share/texmf-dist/tex/generic/pgf/basiclayer/pgfcoreimage.code.tex
File: pgfcoreimage.code.tex 2013/07/15  (rcs-revision 1.18)

(/usr/share/texmf-dist/tex/generic/pgf/basiclayer/pgfcoreexternal.code.tex
File: pgfcoreexternal.code.tex 2014/07/09  (rcs-revision 1.21)
\pgfexternal@startupbox=\box35
))
(/usr/share/texmf-dist/tex/generic/pgf/basiclayer/pgfcorelayers.code.tex
File: pgfcorelayers.code.tex 2013/07/18  (rcs-revision 1.7)
)
(/usr/share/texmf-dist/tex/generic/pgf/basiclayer/pgfcoretransparency.code.tex
File: pgfcoretransparency.code.tex 2013/09/30  (rcs-revision 1.5)
) (/usr/share/texmf-dist/tex/generic/pgf/basiclayer/pgfcorepatterns.code.tex
File: pgfcorepatterns.code.tex 2013/11/07  (rcs-revision 1.5)
)))
(/usr/share/texmf-dist/tex/generic/pgf/modules/pgfmoduleshapes.code.tex
File: pgfmoduleshapes.code.tex 2014/03/21  (rcs-revision 1.35)
\pgfnodeparttextbox=\box36
)
(/usr/share/texmf-dist/tex/generic/pgf/modules/pgfmoduleplot.code.tex
File: pgfmoduleplot.code.tex 2015/08/03  (rcs-revision 1.13)
)
(/usr/share/texmf-dist/tex/latex/pgf/compatibility/pgfcomp-version-0-65.sty
Package: pgfcomp-version-0-65 2007/07/03 v3.0.1a (rcs-revision 1.7)
\pgf@nodesepstart=\dimen173
\pgf@nodesepend=\dimen174
)
(/usr/share/texmf-dist/tex/latex/pgf/compatibility/pgfcomp-version-1-18.sty
Package: pgfcomp-version-1-18 2007/07/23 v3.0.1a (rcs-revision 1.1)
))
(/usr/share/texmf-dist/tex/latex/pgf/utilities/pgffor.sty
(/usr/share/texmf-dist/tex/latex/pgf/utilities/pgfkeys.sty
(/usr/share/texmf-dist/tex/generic/pgf/utilities/pgfkeys.code.tex))
(/usr/share/texmf-dist/tex/latex/pgf/math/pgfmath.sty
(/usr/share/texmf-dist/tex/generic/pgf/math/pgfmath.code.tex))
(/usr/share/texmf-dist/tex/generic/pgf/utilities/pgffor.code.tex
Package: pgffor 2013/12/13 v3.0.1a (rcs-revision 1.25)

(/usr/share/texmf-dist/tex/generic/pgf/math/pgfmath.code.tex)
\pgffor@iter=\dimen175
\pgffor@skip=\dimen176
\pgffor@stack=\toks32
\pgffor@toks=\toks33
))
(/usr/share/texmf-dist/tex/generic/pgf/frontendlayer/tikz/tikz.code.tex
Package: tikz 2015/08/07 v3.0.1a (rcs-revision 1.151)

(/usr/share/texmf-dist/tex/generic/pgf/libraries/pgflibraryplothandlers.code.te
x
File: pgflibraryplothandlers.code.tex 2013/08/31 v3.0.1a (rcs-revision 1.20)
\pgf@plot@mark@count=\count128
\pgfplotmarksize=\dimen177
)
\tikz@lastx=\dimen178
\tikz@lasty=\dimen179
\tikz@lastxsaved=\dimen180
\tikz@lastysaved=\dimen181
\tikzleveldistance=\dimen182
\tikzsiblingdistance=\dimen183
\tikz@figbox=\box37
\tikz@figbox@bg=\box38
\tikz@tempbox=\box39
\tikz@tempbox@bg=\box40
\tikztreelevel=\count129
\tikznumberofchildren=\count130
\tikznumberofcurrentchild=\count131
\tikz@fig@count=\count132
 (/usr/share/texmf-dist/tex/generic/pgf/modules/pgfmodulematrix.code.tex
File: pgfmodulematrix.code.tex 2013/09/17  (rcs-revision 1.8)
\pgfmatrixcurrentrow=\count133
\pgfmatrixcurrentcolumn=\count134
\pgf@matrix@numberofcolumns=\count135
)
\tikz@expandcount=\count136

(/usr/share/texmf-dist/tex/generic/pgf/frontendlayer/tikz/libraries/tikzlibrary
topaths.code.tex
File: tikzlibrarytopaths.code.tex 2008/06/17 v3.0.1a (rcs-revision 1.2)
))) (/usr/share/texmf-dist/tex/generic/mathdots/mathdots.sty
Package: mathdots 2014/06/11 v0.9 Improve and add various macros for dots in ma
th.
\MDo@unit=\dimen184
\MDo@dotsbox=\box41
\MDoprekern=\muskip12
\MDopostkern=\muskip13
\MDodotkern=\muskip14
)
(/usr/share/texmf-dist/tex/latex/cancel/cancel.sty
Package: cancel 2013/04/12 v2.2 Cancel math terms
) (./siunitx.sty
(/usr/share/texmf-dist/tex/latex/l3kernel/expl3.sty
Package: expl3 2018-08-23 L3 programming layer (loader) 

(/usr/share/texmf-dist/tex/latex/l3kernel/expl3-code.tex
Package: expl3 2018-08-23 L3 programming layer (code)
\c_max_int=\count137
\l_tmpa_int=\count138
\l_tmpb_int=\count139
\g_tmpa_int=\count140
\g_tmpb_int=\count141
\g__kernel_prg_map_int=\count142
\c_log_iow=\count143
\l_iow_line_count_int=\count144
\l__iow_line_target_int=\count145
\l__iow_one_indent_int=\count146
\l__iow_indent_int=\count147
\c_zero_dim=\dimen185
\c_max_dim=\dimen186
\l_tmpa_dim=\dimen187
\l_tmpb_dim=\dimen188
\g_tmpa_dim=\dimen189
\g_tmpb_dim=\dimen190
\c_zero_skip=\skip47
\c_max_skip=\skip48
\l_tmpa_skip=\skip49
\l_tmpb_skip=\skip50
\g_tmpa_skip=\skip51
\g_tmpb_skip=\skip52
\c_zero_muskip=\muskip15
\c_max_muskip=\muskip16
\l_tmpa_muskip=\muskip17
\l_tmpb_muskip=\muskip18
\g_tmpa_muskip=\muskip19
\g_tmpb_muskip=\muskip20
\l_keys_choice_int=\count148
\l__intarray_loop_int=\count149
\c__intarray_sp_dim=\dimen191
\g__intarray_font_int=\count150
\c__fp_leading_shift_int=\count151
\c__fp_middle_shift_int=\count152
\c__fp_trailing_shift_int=\count153
\c__fp_big_leading_shift_int=\count154
\c__fp_big_middle_shift_int=\count155
\c__fp_big_trailing_shift_int=\count156
\c__fp_Bigg_leading_shift_int=\count157
\c__fp_Bigg_middle_shift_int=\count158
\c__fp_Bigg_trailing_shift_int=\count159
\c__kernel_randint_max_int=\count160
\g__fp_array_int=\count161
\l__fp_array_loop_int=\count162
\l__sort_length_int=\count163
\l__sort_min_int=\count164
\l__sort_top_int=\count165
\l__sort_max_int=\count166
\l__sort_true_max_int=\count167
\l__sort_block_int=\count168
\l__sort_begin_int=\count169
\l__sort_end_int=\count170
\l__sort_A_int=\count171
\l__sort_B_int=\count172
\l__sort_C_int=\count173
\l__tl_analysis_normal_int=\count174
\l__tl_analysis_index_int=\count175
\l__tl_analysis_nesting_int=\count176
\l__tl_analysis_type_int=\count177
\l__regex_internal_a_int=\count178
\l__regex_internal_b_int=\count179
\l__regex_internal_c_int=\count180
\l__regex_balance_int=\count181
\l__regex_group_level_int=\count182
\l__regex_mode_int=\count183
\c__regex_cs_in_class_mode_int=\count184
\c__regex_cs_mode_int=\count185
\l__regex_catcodes_int=\count186
\l__regex_default_catcodes_int=\count187
\c__regex_catcode_D_int=\count188
\c__regex_catcode_S_int=\count189
\c__regex_catcode_L_int=\count190
\c__regex_catcode_O_int=\count191
\c__regex_catcode_A_int=\count192
\c__regex_all_catcodes_int=\count193
\l__regex_show_lines_int=\count194
\l__regex_min_state_int=\count195
\l__regex_max_state_int=\count196
\l__regex_left_state_int=\count197
\l__regex_right_state_int=\count198
\l__regex_capturing_group_int=\count199
\l__regex_min_pos_int=\count266
\l__regex_max_pos_int=\count267
\l__regex_curr_pos_int=\count268
\l__regex_start_pos_int=\count269
\l__regex_success_pos_int=\count270
\l__regex_curr_char_int=\count271
\l__regex_curr_catcode_int=\count272
\l__regex_last_char_int=\count273
\l__regex_case_changed_char_int=\count274
\l__regex_curr_state_int=\count275
\l__regex_step_int=\count276
\l__regex_min_active_int=\count277
\l__regex_max_active_int=\count278
\l__regex_replacement_csnames_int=\count279
\l__regex_match_count_int=\count280
\l__regex_min_submatch_int=\count281
\l__regex_submatch_int=\count282
\l__regex_zeroth_submatch_int=\count283
\g__regex_trace_regex_int=\count284
\c_empty_box=\box42
\l_tmpa_box=\box43
\l_tmpb_box=\box44
\g_tmpa_box=\box45
\g_tmpb_box=\box46
\l__box_top_dim=\dimen192
\l__box_bottom_dim=\dimen193
\l__box_left_dim=\dimen194
\l__box_right_dim=\dimen195
\l__box_top_new_dim=\dimen196
\l__box_bottom_new_dim=\dimen197
\l__box_left_new_dim=\dimen198
\l__box_right_new_dim=\dimen199
\l__box_internal_box=\box47
\l__coffin_internal_box=\box48
\l__coffin_internal_dim=\dimen256
\l__coffin_offset_x_dim=\dimen257
\l__coffin_offset_y_dim=\dimen258
\l__coffin_x_dim=\dimen259
\l__coffin_y_dim=\dimen260
\l__coffin_x_prime_dim=\dimen261
\l__coffin_y_prime_dim=\dimen262
\c_empty_coffin=\box49
\l__coffin_aligned_coffin=\box50
\l__coffin_aligned_internal_coffin=\box51
\l_tmpa_coffin=\box52
\l_tmpb_coffin=\box53
\l__coffin_display_coffin=\box54
\l__coffin_display_coord_coffin=\box55
\l__coffin_display_pole_coffin=\box56
\l__coffin_display_offset_dim=\dimen263
\l__coffin_display_x_dim=\dimen264
\l__coffin_display_y_dim=\dimen265
\g__file_internal_ior=\read2
\l__coffin_bounding_shift_dim=\dimen266
\l__coffin_left_corner_dim=\dimen267
\l__coffin_right_corner_dim=\dimen268
\l__coffin_bottom_corner_dim=\dimen269
\l__coffin_top_corner_dim=\dimen270
\l__coffin_scaled_total_height_dim=\dimen271
\l__coffin_scaled_width_dim=\dimen272
\l__seq_internal_a_int=\count285
\l__seq_internal_b_int=\count286
)
(/usr/share/texmf-dist/tex/latex/l3kernel/l3pdfmode.def
File: l3pdfmode.def 2018-08-23 v L3 Experimental driver: PDF mode
\l__driver_color_stack_int=\count287
))
(/usr/share/texmf-dist/tex/latex/l3packages/xparse/xparse.sty
Package: xparse 2018-08-23 L3 Experimental document command parser
\l__xparse_current_arg_int=\count288
\g__xparse_grabber_int=\count289
\l__xparse_m_args_int=\count290
\l__xparse_mandatory_args_int=\count291
\l__xparse_v_nesting_int=\count292
)
Package: siunitx 2018/05/17 v2.7s A comprehensive (SI) units package

(/usr/share/texmf-dist/tex/latex/tools/array.sty
Package: array 2018/04/30 v2.4h Tabular extension package (FMi)
\col@sep=\dimen273
\ar@mcellbox=\box57
\extrarowheight=\dimen274
\NC@list=\toks34
\extratabsurround=\skip53
\backup@length=\skip54
\ar@cellbox=\box58
)
(/usr/share/texmf-dist/tex/latex/l3packages/l3keys2e/l3keys2e.sty
Package: l3keys2e 2018-08-23 LaTeX2e option processing using LaTeX3 keys
)
\l__siunitx_tmp_box=\box59
\l__siunitx_tmp_dim=\dimen275
\l__siunitx_tmp_int=\count293
\l__siunitx_number_mantissa_length_int=\count294
\l__siunitx_number_uncert_length_int=\count295
\l__siunitx_round_int=\count296
\l__siunitx_process_decimal_int=\count297
\l__siunitx_process_uncertainty_int=\count298
\l__siunitx_process_fixed_int=\count299
\l__siunitx_process_integer_min_int=\count300
\l__siunitx_process_precision_int=\count301
\l__siunitx_group_min_int=\count302
\l__siunitx_angle_marker_box=\box60
\l__siunitx_angle_unit_box=\box61
\l__siunitx_angle_marker_dim=\dimen276
\l__siunitx_angle_unit_dim=\dimen277
\l__siunitx_unit_int=\count303
\l__siunitx_unit_denominator_int=\count304
\l__siunitx_unit_numerator_int=\count305
\l__siunitx_unit_prefix_int=\count306
\l__siunitx_unit_prefix_base_int=\count307
\l__siunitx_unit_prefix_gram_int=\count308
\l__siunitx_number_product_int=\count309
\c__siunitx_one_fill_skip=\skip55
\l__siunitx_table_unit_align_skip=\skip56
\l__siunitx_table_exponent_dim=\dimen278
\l__siunitx_table_integer_dim=\dimen279
\l__siunitx_table_mantissa_dim=\dimen280
\l__siunitx_table_marker_dim=\dimen281
\l__siunitx_table_result_dim=\dimen282
\l__siunitx_table_uncert_dim=\dimen283
\l__siunitx_table_fill_pre_dim=\dimen284
\l__siunitx_table_fill_post_dim=\dimen285
\l__siunitx_table_fill_mid_dim=\dimen286
\l__siunitx_table_pre_box=\box62
\l__siunitx_table_post_box=\box63
\l__siunitx_table_mantissa_box=\box64
\l__siunitx_table_result_box=\box65
\l__siunitx_table_number_align_skip=\skip57
\l__siunitx_table_text_align_skip=\skip58
.................................................
. LaTeX info: "xparse/define-command"
. 
. Defining command \DeclareBinaryPrefix with sig. 'mmm' on line 7237.
.................................................
.................................................
. LaTeX info: "xparse/define-command"
. 
. Defining command \DeclareSIPostPower with sig. 'mm' on line 7240.
.................................................
.................................................
. LaTeX info: "xparse/define-command"
. 
. Defining command \DeclareSIPrefix with sig. 'mmm' on line 7243.
.................................................
.................................................
. LaTeX info: "xparse/define-command"
. 
. Defining command \DeclareSIPrePower with sig. 'mm' on line 7246.
.................................................
.................................................
. LaTeX info: "xparse/define-command"
. 
. Defining command \DeclareSIQualifier with sig. 'mm' on line 7249.
.................................................
.................................................
. LaTeX info: "xparse/define-command"
. 
. Defining command \DeclareSIUnit with sig. 'O{}mm' on line 7252.
.................................................
.................................................
. LaTeX info: "xparse/define-command"
. 
. Defining command \DeclareSIUnitWithOptions with sig. 'mmm' on line 7255.
.................................................
.................................................
. LaTeX info: "xparse/define-command"
. 
. Defining command \ang with sig. 'o>{\SplitArgument {2}{;}}m' on line 7270.
.................................................
.................................................
. LaTeX info: "xparse/define-command"
. 
. Defining command \num with sig. 'om' on line 7279.
.................................................
.................................................
. LaTeX info: "xparse/define-command"
. 
. Defining command \numlist with sig. 'o>{\SplitList {;}}m' on line 7288.
.................................................
.................................................
. LaTeX info: "xparse/define-command"
. 
. Defining command \numrange with sig. 'omm' on line 7297.
.................................................
.................................................
. LaTeX info: "xparse/define-command"
. 
. Defining command \SIlist with sig. 'o>{\SplitList {;}}mm' on line 7309.
.................................................
.................................................
. LaTeX info: "xparse/define-command"
. 
. Defining command \SIrange with sig. 'ommm' on line 7321.
.................................................
.................................................
. LaTeX info: "xparse/define-command"
. 
. Defining command \SI with sig. 'omom' on line 7333.
.................................................
.................................................
. LaTeX info: "xparse/define-command"
. 
. Defining command \sisetup with sig. 'm' on line 7336.
.................................................
.................................................
. LaTeX info: "xparse/define-command"
. 
. Defining command \tablenum with sig. 'om' on line 7351.
.................................................
.................................................
. LaTeX info: "xparse/define-command"
. 
. Defining command \si with sig. 'om' on line 7363.
.................................................
.................................................
. LaTeX info: "xparse/define-command"
. 
. Defining command \numInBookmark with sig. 'om' on line 7410.
.................................................
.................................................
. LaTeX info: "xparse/define-command"
. 
. Defining command \numrangeInBookmark with sig. 'omm' on line 7412.
.................................................
.................................................
. LaTeX info: "xparse/define-command"
. 
. Defining command \SIInBookmark with sig. 'omom' on line 7414.
.................................................
.................................................
. LaTeX info: "xparse/define-command"
. 
. Defining command \SIlistInBookmark with sig. 'omm' on line 7416.
.................................................
.................................................
. LaTeX info: "xparse/define-command"
. 
. Defining command \SIrangeInBookmark with sig. 'ommm' on line 7418.
.................................................
.................................................
. LaTeX info: "xparse/define-command"
. 
. Defining command \siInBookmark with sig. 'om' on line 7419.
.................................................

(/usr/share/texmf-dist/tex/latex/translator/translator.sty
Package: translator 2018/01/04 v1.12 Easy translation of strings in LaTeX
))
(/usr/share/texmf-dist/tex/latex/multirow/multirow.sty
Package: multirow 2018/08/03 v2.3 Span multiple rows of a table
\multirow@colwidth=\skip59
\multirow@cntb=\count310
\multirow@dima=\skip60
\bigstrutjot=\dimen287
)
(/usr/share/texmf-dist/tex/latex/amsfonts/amssymb.sty
Package: amssymb 2013/01/14 v3.01 AMS font symbols

(/usr/share/texmf-dist/tex/latex/amsfonts/amsfonts.sty
Package: amsfonts 2013/01/14 v3.01 Basic AMSFonts support
\symAMSa=\mathgroup7
\symAMSb=\mathgroup8
LaTeX Font Info:    Overwriting math alphabet `\mathfrak' in version `bold'
(Font)                  U/euf/m/n --> U/euf/b/n on input line 106.
))
(/usr/share/texmf-dist/tex/latex/was/gensymb.sty
Package: gensymb 2003/07/02 v1.0 (WaS)
)
(/usr/share/texmf-dist/tex/generic/pgf/frontendlayer/tikz/libraries/tikzlibrary
fadings.code.tex
File: tikzlibraryfadings.code.tex 2009/11/15 v3.0.1a (rcs-revision 1.2)

(/usr/share/texmf-dist/tex/generic/pgf/libraries/pgflibraryfadings.code.tex
File: pgflibraryfadings.code.tex 2008/02/07 v3.0.1a (rcs-revision 1.3)
))
(/usr/share/texmf-dist/tex/generic/pgf/frontendlayer/tikz/libraries/tikzlibrary
patterns.code.tex
File: tikzlibrarypatterns.code.tex 2008/01/15 v3.0.1a (rcs-revision 1.2)

(/usr/share/texmf-dist/tex/generic/pgf/libraries/pgflibrarypatterns.code.tex
File: pgflibrarypatterns.code.tex 2008/03/03 v3.0.1a (rcs-revision 1.13)
))
(/usr/share/texmf-dist/tex/latex/fancyhdr/fancyhdr.sty
Package: fancyhdr 2017/06/30 v3.9a Extensive control of page headers and footer
s
\f@nch@headwidth=\skip61
\f@nch@O@elh=\skip62
\f@nch@O@erh=\skip63
\f@nch@O@olh=\skip64
\f@nch@O@orh=\skip65
\f@nch@O@elf=\skip66
\f@nch@O@erf=\skip67
\f@nch@O@olf=\skip68
\f@nch@O@orf=\skip69
) (./todonotes.sty
Package: todonotes 2012/07/25 .dtx Todonotes source and documentation.
Package: todonotes 2012/07/25

(/usr/share/texmf-dist/tex/latex/base/ifthen.sty
Package: ifthen 2014/09/29 v1.1c Standard LaTeX ifthen package (DPC)
)
(/usr/share/texmf-dist/tex/latex/xkeyval/xkeyval.sty
Package: xkeyval 2014/12/03 v2.7a package option processing (HA)

(/usr/share/texmf-dist/tex/generic/xkeyval/xkeyval.tex
(/usr/share/texmf-dist/tex/generic/xkeyval/xkvutils.tex
\XKV@toks=\toks35
\XKV@tempa@toks=\toks36
)
\XKV@depth=\count311
File: xkeyval.tex 2014/12/03 v2.7a key=value parser (HA)
))
(/usr/share/texmf-dist/tex/generic/pgf/frontendlayer/tikz/libraries/tikzlibrary
positioning.code.tex
File: tikzlibrarypositioning.code.tex 2008/10/06 v3.0.1a (rcs-revision 1.7)
) (/usr/share/texmf-dist/tex/latex/tools/calc.sty
Package: calc 2017/05/25 v4.3 Infix arithmetic (KKT,FJ)
\calc@Acount=\count312
\calc@Bcount=\count313
\calc@Adimen=\dimen288
\calc@Bdimen=\dimen289
\calc@Askip=\skip70
\calc@Bskip=\skip71
LaTeX Info: Redefining \setlength on input line 80.
LaTeX Info: Redefining \addtolength on input line 81.
\calc@Ccount=\count314
\calc@Cskip=\skip72
)
\c@@todonotes@numberoftodonotes=\count315
)
(./report.aux

LaTeX Warning: Label `fig:boat1' multiply defined.


LaTeX Warning: Label `fig:boat1' multiply defined.


LaTeX Warning: Label `fig:boat1' multiply defined.


LaTeX Warning: Label `fig:boat1' multiply defined.


LaTeX Warning: Label `fig:boat1' multiply defined.


LaTeX Warning: Label `fig:boat1' multiply defined.


LaTeX Warning: Label `fig:sharded' multiply defined.

)
\openout1 = `report.aux'.

LaTeX Font Info:    Checking defaults for OML/cmm/m/it on input line 55.
LaTeX Font Info:    ... okay on input line 55.
LaTeX Font Info:    Checking defaults for T1/cmr/m/n on input line 55.
LaTeX Font Info:    ... okay on input line 55.
LaTeX Font Info:    Checking defaults for OT1/cmr/m/n on input line 55.
LaTeX Font Info:    ... okay on input line 55.
LaTeX Font Info:    Checking defaults for OMS/cmsy/m/n on input line 55.
LaTeX Font Info:    ... okay on input line 55.
LaTeX Font Info:    Checking defaults for OMX/cmex/m/n on input line 55.
LaTeX Font Info:    ... okay on input line 55.
LaTeX Font Info:    Checking defaults for U/cmr/m/n on input line 55.
LaTeX Font Info:    ... okay on input line 55.
LaTeX Font Info:    Checking defaults for PD1/pdf/m/n on input line 55.
LaTeX Font Info:    ... okay on input line 55.
\AtBeginShipoutBox=\box66
Package hyperref Info: Link coloring OFF on input line 55.
 (/usr/share/texmf-dist/tex/latex/hyperref/nameref.sty
Package: nameref 2016/05/21 v2.44 Cross-referencing by name of section

(/usr/share/texmf-dist/tex/generic/oberdiek/gettitlestring.sty
Package: gettitlestring 2016/05/16 v1.5 Cleanup title references (HO)
)
\c@section@level=\count316
)
LaTeX Info: Redefining \ref on input line 55.
LaTeX Info: Redefining \pageref on input line 55.
LaTeX Info: Redefining \nameref on input line 55.
 (./report.out) (./report.out)
\@outlinefile=\write4
\openout4 = `report.out'.

 (/usr/share/texmf-dist/tex/context/base/mkii/supp-pdf.mkii
[Loading MPS to PDF converter (version 2006.09.02).]
\scratchcounter=\count317
\scratchdimen=\dimen290
\scratchbox=\box67
\nofMPsegments=\count318
\nofMParguments=\count319
\everyMPshowfont=\toks37
\MPscratchCnt=\count320
\MPscratchDim=\dimen291
\MPnumerator=\count321
\makeMPintoPDFobject=\count322
\everyMPtoPDFconversion=\toks38
) (/usr/share/texmf-dist/tex/latex/oberdiek/epstopdf-base.sty
Package: epstopdf-base 2016/05/15 v2.6 Base part for package epstopdf

(/usr/share/texmf-dist/tex/latex/oberdiek/grfext.sty
Package: grfext 2016/05/16 v1.2 Manage graphics extensions (HO)
)
Package epstopdf-base Info: Redefining graphics rule for `.eps' on input line 4
38.
Package grfext Info: Graphics extension search list:
(grfext)             [.pdf,.png,.jpg,.mps,.jpeg,.jbig2,.jb2,.PDF,.PNG,.JPG,.JPE
G,.JBIG2,.JB2,.eps]
(grfext)             \AppendGraphicsExtensions on input line 456.

(/usr/share/texmf-dist/tex/latex/latexconfig/epstopdf-sys.cfg
File: epstopdf-sys.cfg 2010/07/13 v1.3 Configuration of (r)epstopdf for TeX Liv
e
))
Package caption Info: Begin \AtBeginDocument code.
Package caption Info: float package is loaded.
Package caption Info: End \AtBeginDocument code.

ABD: EveryShipout initializing macros
Now handling font encoding TS1 ...
... processing UTF-8 mapping file for font encoding TS1

(/usr/share/texmf-dist/tex/latex/base/ts1enc.dfu
File: ts1enc.dfu 2018/04/05 v1.2c UTF-8 support for inputenc
   defining Unicode char U+00A2 (decimal 162)
   defining Unicode char U+00A3 (decimal 163)
   defining Unicode char U+00A4 (decimal 164)
   defining Unicode char U+00A5 (decimal 165)
   defining Unicode char U+00A6 (decimal 166)
   defining Unicode char U+00A7 (decimal 167)
   defining Unicode char U+00A8 (decimal 168)
   defining Unicode char U+00A9 (decimal 169)
   defining Unicode char U+00AA (decimal 170)
   defining Unicode char U+00AC (decimal 172)
   defining Unicode char U+00AE (decimal 174)
   defining Unicode char U+00AF (decimal 175)
   defining Unicode char U+00B0 (decimal 176)
   defining Unicode char U+00B1 (decimal 177)
   defining Unicode char U+00B2 (decimal 178)
   defining Unicode char U+00B3 (decimal 179)
   defining Unicode char U+00B4 (decimal 180)
   defining Unicode char U+00B5 (decimal 181)
   defining Unicode char U+00B6 (decimal 182)
   defining Unicode char U+00B7 (decimal 183)
   defining Unicode char U+00B9 (decimal 185)
   defining Unicode char U+00BA (decimal 186)
   defining Unicode char U+00BC (decimal 188)
   defining Unicode char U+00BD (decimal 189)
   defining Unicode char U+00BE (decimal 190)
   defining Unicode char U+00D7 (decimal 215)
   defining Unicode char U+00F7 (decimal 247)
   defining Unicode char U+0192 (decimal 402)
   defining Unicode char U+02C7 (decimal 711)
   defining Unicode char U+02D8 (decimal 728)
   defining Unicode char U+02DD (decimal 733)
   defining Unicode char U+0E3F (decimal 3647)
   defining Unicode char U+2016 (decimal 8214)
   defining Unicode char U+2020 (decimal 8224)
   defining Unicode char U+2021 (decimal 8225)
   defining Unicode char U+2022 (decimal 8226)
   defining Unicode char U+2030 (decimal 8240)
   defining Unicode char U+2031 (decimal 8241)
   defining Unicode char U+203B (decimal 8251)
   defining Unicode char U+203D (decimal 8253)
   defining Unicode char U+2044 (decimal 8260)
   defining Unicode char U+204E (decimal 8270)
   defining Unicode char U+2052 (decimal 8274)
   defining Unicode char U+20A1 (decimal 8353)
   defining Unicode char U+20A4 (decimal 8356)
   defining Unicode char U+20A6 (decimal 8358)
   defining Unicode char U+20A9 (decimal 8361)
   defining Unicode char U+20AB (decimal 8363)
   defining Unicode char U+20AC (decimal 8364)
   defining Unicode char U+20B1 (decimal 8369)
   defining Unicode char U+2103 (decimal 8451)
   defining Unicode char U+2116 (decimal 8470)
   defining Unicode char U+2117 (decimal 8471)
   defining Unicode char U+211E (decimal 8478)
   defining Unicode char U+2120 (decimal 8480)
   defining Unicode char U+2122 (decimal 8482)
   defining Unicode char U+2126 (decimal 8486)
   defining Unicode char U+2127 (decimal 8487)
   defining Unicode char U+212E (decimal 8494)
   defining Unicode char U+2190 (decimal 8592)
   defining Unicode char U+2191 (decimal 8593)
   defining Unicode char U+2192 (decimal 8594)
   defining Unicode char U+2193 (decimal 8595)
   defining Unicode char U+2329 (decimal 9001)
   defining Unicode char U+232A (decimal 9002)
   defining Unicode char U+2422 (decimal 9250)
   defining Unicode char U+25E6 (decimal 9702)
   defining Unicode char U+25EF (decimal 9711)
   defining Unicode char U+266A (decimal 9834)
   defining Unicode char U+FEFF (decimal 65279)
)
(/usr/share/texmf-dist/tex/latex/translator/translator-basic-dictionary-English
.dict
Dictionary: translator-basic-dictionary, Language: English 
) (./siunitx-abbreviations.cfg
File: siunitx-abbreviations.cfg 2017/11/26 v2.7k siunitx: Abbreviated units
)
LaTeX Info: Redefining \celsius on input line 55.
Package gensymb Info: Faking symbols for \degree and \celsius on input line 55.



Package gensymb Warning: Not defining \perthousand.

LaTeX Info: Redefining \ohm on input line 55.
Package gensymb Info: Using \Omega for \ohm on input line 55.

Package gensymb Warning: Not defining \micro.

LaTeX Font Info:    Try loading font information for U+msa on input line 55.
(/usr/share/texmf-dist/tex/latex/amsfonts/umsa.fd
File: umsa.fd 2013/01/14 v3.01 AMS symbols A
)
LaTeX Font Info:    Try loading font information for U+msb on input line 55.

(/usr/share/texmf-dist/tex/latex/amsfonts/umsb.fd
File: umsb.fd 2013/01/14 v3.01 AMS symbols B
) [1

{/var/lib/texmf/fonts/map/pdftex/updmap/pdftex.map}]
LaTeX Font Info:    Try loading font information for OT1+pcr on input line 197.

 (/usr/share/texmf-dist/tex/latex/psnfss/ot1pcr.fd
File: ot1pcr.fd 2001/06/04 font definitions for OT1/pcr.
)
LaTeX Font Info:    Try loading font information for OMS+cmr on input line 228.


(/usr/share/texmf-dist/tex/latex/base/omscmr.fd
File: omscmr.fd 2014/09/29 v2.5h Standard LaTeX font definitions
)
LaTeX Font Info:    Font shape `OMS/cmr/m/n' in size <10.95> not available
(Font)              Font shape `OMS/cmsy/m/n' tried instead on input line 228.
 [2] [3]
Overfull \hbox (16.22687pt too wide) in paragraph at lines 307--312
[]\OT1/cmr/m/n/10.95 The worker thread ac-cepts and ex-e-cutes runnables of the
 type \OT1/cmtt/m/n/10.95 RequestManager\OT1/cmr/m/n/10.95 . A \OT1/cmtt/m/n/10
.95 RequestManager
 []

[4]
Overfull \hbox (46.2984pt too wide) in paragraph at lines 373--378
\OT1/cmr/m/n/10.95 the server to query is cal-cu-lated in this way: \OT1/cmtt/m
/n/10.95 n = (rr[]counter.getAndIncrement() % number[]of[]servers)\OT1/cmr/m/n/
10.95 ; 
 []


Underfull \hbox (badness 10000) in paragraph at lines 381--387

 []

[5]
<images/baseline_1/last_graph_get_throughput.pdf, id=284, 569.84892pt x 363.518
1pt>
File: images/baseline_1/last_graph_get_throughput.pdf Graphic file (type pdf)
<use images/baseline_1/last_graph_get_throughput.pdf>
Package pdftex.def Info: images/baseline_1/last_graph_get_throughput.pdf  used 
on input line 449.
(pdftex.def)             Requested size: 234.87749pt x 149.83102pt.
<images/baseline_1/last_graph_get_latency.pdf, id=285, 557.56303pt x 363.5181pt
>
File: images/baseline_1/last_graph_get_latency.pdf Graphic file (type pdf)
<use images/baseline_1/last_graph_get_latency.pdf>
Package pdftex.def Info: images/baseline_1/last_graph_get_latency.pdf  used on 
input line 452.
(pdftex.def)             Requested size: 234.87749pt x 153.13695pt.
<images/baseline_1/last_graph_set_throughput.pdf, id=286, 575.99193pt x 363.518
1pt>
File: images/baseline_1/last_graph_set_throughput.pdf Graphic file (type pdf)
<use images/baseline_1/last_graph_set_throughput.pdf>
Package pdftex.def Info: images/baseline_1/last_graph_set_throughput.pdf  used 
on input line 455.
(pdftex.def)             Requested size: 234.87749pt x 148.23354pt.
<images/baseline_1/last_graph_set_latency.pdf, id=287, 557.56303pt x 363.5181pt
>
File: images/baseline_1/last_graph_set_latency.pdf Graphic file (type pdf)
<use images/baseline_1/last_graph_set_latency.pdf>
Package pdftex.def Info: images/baseline_1/last_graph_set_latency.pdf  used on 
input line 458.
(pdftex.def)             Requested size: 234.87749pt x 153.13695pt.

Overfull \hbox (2.43332pt too wide) in paragraph at lines 448--460
[][] []
 []


Overfull \hbox (2.43332pt too wide) in paragraph at lines 448--460
[] [] 
 []

[6 <./images/baseline_1/last_graph_get_throughput.pdf> <./images/baseline_1/las
t_graph_get_latency.pdf> <./images/baseline_1/last_graph_set_throughput.pdf> <.
/images/baseline_1/last_graph_set_latency.pdf>]
Overfull \hbox (25.27274pt too wide) in paragraph at lines 491--492
[]\OT1/cmr/m/n/10.95 The down-load speeds were ob-tained by run-ning a speed te
st on a pub-lic ser-vice (\OT1/cmtt/m/n/10.95 www.speedtest.net\OT1/cmr/m/n/10.
95 ).
 []

[7]
<images/baseline_2/last_graph_get_throughput.pdf, id=311, 569.84892pt x 363.518
1pt>
File: images/baseline_2/last_graph_get_throughput.pdf Graphic file (type pdf)
<use images/baseline_2/last_graph_get_throughput.pdf>
Package pdftex.def Info: images/baseline_2/last_graph_get_throughput.pdf  used 
on input line 537.
(pdftex.def)             Requested size: 234.87749pt x 149.83102pt.
<images/baseline_2/last_graph_get_latency.pdf, id=312, 557.56303pt x 363.5181pt
>
File: images/baseline_2/last_graph_get_latency.pdf Graphic file (type pdf)
<use images/baseline_2/last_graph_get_latency.pdf>
Package pdftex.def Info: images/baseline_2/last_graph_get_latency.pdf  used on 
input line 540.
(pdftex.def)             Requested size: 234.87749pt x 153.13695pt.
<images/baseline_2/last_graph_set_throughput.pdf, id=313, 569.84892pt x 363.518
1pt>
File: images/baseline_2/last_graph_set_throughput.pdf Graphic file (type pdf)
<use images/baseline_2/last_graph_set_throughput.pdf>
Package pdftex.def Info: images/baseline_2/last_graph_set_throughput.pdf  used 
on input line 543.
(pdftex.def)             Requested size: 234.87749pt x 149.83102pt.
<images/baseline_2/last_graph_set_latency.pdf, id=314, 557.56303pt x 363.5181pt
>
File: images/baseline_2/last_graph_set_latency.pdf Graphic file (type pdf)
<use images/baseline_2/last_graph_set_latency.pdf>
Package pdftex.def Info: images/baseline_2/last_graph_set_latency.pdf  used on 
input line 546.
(pdftex.def)             Requested size: 234.87749pt x 153.13695pt.

Overfull \hbox (2.43332pt too wide) in paragraph at lines 536--548
[][] []
 []


Overfull \hbox (2.43332pt too wide) in paragraph at lines 536--548
[] [] 
 []

[8 <./images/baseline_2/last_graph_get_throughput.pdf> <./images/baseline_2/las
t_graph_get_latency.pdf> <./images/baseline_2/last_graph_set_throughput.pdf> <.
/images/baseline_2/last_graph_set_latency.pdf>]
Underfull \hbox (badness 10000) in paragraph at lines 572--572
[]|\OT1/cmr/m/n/10.95 Read-only
 []


Underfull \hbox (badness 10000) in paragraph at lines 572--572
[]|\OT1/cmr/m/n/10.95 Write-only
 []


Underfull \hbox (badness 10000) in paragraph at lines 572--573
[]|\OT1/cmr/m/n/10.95 Configuration gives
 []

[9] [10]
<images/middleware_1/last_graph_get_throughput.pdf, id=337, 569.84892pt x 363.5
181pt>
File: images/middleware_1/last_graph_get_throughput.pdf Graphic file (type pdf)

<use images/middleware_1/last_graph_get_throughput.pdf>
Package pdftex.def Info: images/middleware_1/last_graph_get_throughput.pdf  use
d on input line 708.
(pdftex.def)             Requested size: 234.87749pt x 149.83102pt.
<images/middleware_1/last_graph_get_resp_time.pdf, id=338, 557.56303pt x 363.51
81pt>
File: images/middleware_1/last_graph_get_resp_time.pdf Graphic file (type pdf)
<use images/middleware_1/last_graph_get_resp_time.pdf>
Package pdftex.def Info: images/middleware_1/last_graph_get_resp_time.pdf  used
 on input line 711.
(pdftex.def)             Requested size: 234.87749pt x 153.13695pt.

Overfull \hbox (2.43332pt too wide) in paragraph at lines 707--713
[][] [] 
 []

<images/middleware_1/last_graph_set_throughput.pdf, id=339, 575.99193pt x 363.5
181pt>
File: images/middleware_1/last_graph_set_throughput.pdf Graphic file (type pdf)

<use images/middleware_1/last_graph_set_throughput.pdf>
Package pdftex.def Info: images/middleware_1/last_graph_set_throughput.pdf  use
d on input line 735.
(pdftex.def)             Requested size: 234.87749pt x 148.23354pt.
<images/middleware_1/last_graph_set_resp_time.pdf, id=340, 557.56303pt x 363.51
81pt>
File: images/middleware_1/last_graph_set_resp_time.pdf Graphic file (type pdf)
<use images/middleware_1/last_graph_set_resp_time.pdf>
Package pdftex.def Info: images/middleware_1/last_graph_set_resp_time.pdf  used
 on input line 738.
(pdftex.def)             Requested size: 234.87749pt x 153.13695pt.

Overfull \hbox (2.43332pt too wide) in paragraph at lines 734--740
[][] [] 
 []

[11 <./images/middleware_1/last_graph_get_throughput.pdf> <./images/middleware_
1/last_graph_get_resp_time.pdf>]
<images/middleware_1/last_graph_set_queue_size.pdf, id=350, 563.70598pt x 363.5
181pt>
File: images/middleware_1/last_graph_set_queue_size.pdf Graphic file (type pdf)

<use images/middleware_1/last_graph_set_queue_size.pdf>
Package pdftex.def Info: images/middleware_1/last_graph_set_queue_size.pdf  use
d on input line 772.
(pdftex.def)             Requested size: 234.87749pt x 151.46179pt.
 [12 <./images/middleware_1/last_graph_set_throughput.pdf> <./images/middleware
_1/last_graph_set_resp_time.pdf>]
<images/middleware_1/last_graph_set_waiting.pdf, id=360, 551.42009pt x 363.5181
pt>
File: images/middleware_1/last_graph_set_waiting.pdf Graphic file (type pdf)
<use images/middleware_1/last_graph_set_waiting.pdf>
Package pdftex.def Info: images/middleware_1/last_graph_set_waiting.pdf  used o
n input line 791.
(pdftex.def)             Requested size: 234.87749pt x 154.83981pt.
<images/middleware_1/last_graph_set_mainthread.pdf, id=361, 573.10112pt x 363.5
181pt>
File: images/middleware_1/last_graph_set_mainthread.pdf Graphic file (type pdf)

<use images/middleware_1/last_graph_set_mainthread.pdf>
Package pdftex.def Info: images/middleware_1/last_graph_set_mainthread.pdf  use
d on input line 794.
(pdftex.def)             Requested size: 234.87749pt x 148.98236pt.

Overfull \hbox (2.43332pt too wide) in paragraph at lines 790--798
[][] [] 
 []

[13 <./images/middleware_1/last_graph_set_queue_size.pdf>] [14 <./images/middle
ware_1/last_graph_set_waiting.pdf> <./images/middleware_1/last_graph_set_mainth
read.pdf>]
<images/middleware_2/last_graph_get_throughput.pdf, id=380, 569.84892pt x 363.5
181pt>
File: images/middleware_2/last_graph_get_throughput.pdf Graphic file (type pdf)

<use images/middleware_2/last_graph_get_throughput.pdf>
Package pdftex.def Info: images/middleware_2/last_graph_get_throughput.pdf  use
d on input line 859.
(pdftex.def)             Requested size: 234.87749pt x 149.83102pt.
<images/middleware_2/last_graph_get_resp_time.pdf, id=381, 557.56303pt x 363.51
81pt>
File: images/middleware_2/last_graph_get_resp_time.pdf Graphic file (type pdf)
<use images/middleware_2/last_graph_get_resp_time.pdf>
Package pdftex.def Info: images/middleware_2/last_graph_get_resp_time.pdf  used
 on input line 862.
(pdftex.def)             Requested size: 234.87749pt x 153.13695pt.

Overfull \hbox (2.43332pt too wide) in paragraph at lines 858--866
[][] [] 
 []

<images/middleware_2/last_graph_set_throughput.pdf, id=382, 575.99193pt x 363.5
181pt>
File: images/middleware_2/last_graph_set_throughput.pdf Graphic file (type pdf)

<use images/middleware_2/last_graph_set_throughput.pdf>
Package pdftex.def Info: images/middleware_2/last_graph_set_throughput.pdf  use
d on input line 882.
(pdftex.def)             Requested size: 234.87749pt x 148.23354pt.
<images/middleware_2/last_graph_set_resp_time.pdf, id=383, 566.95818pt x 363.51
81pt>
File: images/middleware_2/last_graph_set_resp_time.pdf Graphic file (type pdf)
<use images/middleware_2/last_graph_set_resp_time.pdf>
Package pdftex.def Info: images/middleware_2/last_graph_set_resp_time.pdf  used
 on input line 885.
(pdftex.def)             Requested size: 234.87749pt x 150.5965pt.

Overfull \hbox (2.43332pt too wide) in paragraph at lines 881--887
[][] [] 
 []

[15 <./images/middleware_2/last_graph_get_throughput.pdf> <./images/middleware_
2/last_graph_get_resp_time.pdf>]
File: images/middleware_1/last_graph_set_queue_size.pdf Graphic file (type pdf)

<use images/middleware_1/last_graph_set_queue_size.pdf>
Package pdftex.def Info: images/middleware_1/last_graph_set_queue_size.pdf  use
d on input line 905.
(pdftex.def)             Requested size: 234.87749pt x 151.46179pt.
<images/middleware_2/last_graph_set_queue_size.pdf, id=393, 563.70598pt x 363.5
181pt>
File: images/middleware_2/last_graph_set_queue_size.pdf Graphic file (type pdf)

<use images/middleware_2/last_graph_set_queue_size.pdf>
Package pdftex.def Info: images/middleware_2/last_graph_set_queue_size.pdf  use
d on input line 908.
(pdftex.def)             Requested size: 234.87749pt x 151.46179pt.

Overfull \hbox (2.43332pt too wide) in paragraph at lines 904--910
[][] [] 
 []

<images/middleware_2/waiting_middleware_1.pdf, id=394, 551.42009pt x 363.5181pt
>
File: images/middleware_2/waiting_middleware_1.pdf Graphic file (type pdf)
<use images/middleware_2/waiting_middleware_1.pdf>
Package pdftex.def Info: images/middleware_2/waiting_middleware_1.pdf  used on 
input line 919.
(pdftex.def)             Requested size: 234.87749pt x 154.83981pt.
<images/middleware_2/last_graph_set_waiting.pdf, id=395, 551.42009pt x 363.5181
pt>
File: images/middleware_2/last_graph_set_waiting.pdf Graphic file (type pdf)
<use images/middleware_2/last_graph_set_waiting.pdf>
Package pdftex.def Info: images/middleware_2/last_graph_set_waiting.pdf  used o
n input line 922.
(pdftex.def)             Requested size: 234.87749pt x 154.83981pt.

Overfull \hbox (2.43332pt too wide) in paragraph at lines 918--924
[][] [] 
 []

[16 <./images/middleware_2/last_graph_set_throughput.pdf> <./images/middleware_
2/last_graph_set_resp_time.pdf> <./images/middleware_2/last_graph_set_queue_siz
e.pdf>]
Overfull \hbox (0.91667pt too wide) in paragraph at lines 959--959
[]|\OT1/cmr/m/n/10.95 Throughput| 
 []


Underfull \hbox (badness 10000) in paragraph at lines 959--959
[]|\OT1/cmr/m/n/10.95 Response
 []


Underfull \hbox (badness 10000) in paragraph at lines 959--959
[]|\OT1/cmr/m/n/10.95 Average
 []


Underfull \hbox (badness 10000) in paragraph at lines 959--959
\OT1/cmr/m/n/10.95 time in
 []

[17 <./images/middleware_2/waiting_middleware_1.pdf> <./images/middleware_2/las
t_graph_set_waiting.pdf>]
Overfull \hbox (0.91667pt too wide) in paragraph at lines 971--971
[]|\OT1/cmr/m/n/10.95 Throughput| 
 []


Underfull \hbox (badness 10000) in paragraph at lines 971--971
[]|\OT1/cmr/m/n/10.95 Response
 []


Underfull \hbox (badness 10000) in paragraph at lines 971--971
[]|\OT1/cmr/m/n/10.95 Average
 []


Underfull \hbox (badness 10000) in paragraph at lines 971--971
\OT1/cmr/m/n/10.95 time in
 []

[18]
<images/writes_1/last_graph_set_throughput.pdf, id=422, 575.99193pt x 363.5181p
t>
File: images/writes_1/last_graph_set_throughput.pdf Graphic file (type pdf)
<use images/writes_1/last_graph_set_throughput.pdf>
Package pdftex.def Info: images/writes_1/last_graph_set_throughput.pdf  used on
 input line 1091.
(pdftex.def)             Requested size: 234.87749pt x 148.23354pt.
<images/writes_1/last_graph_set_resp_time.pdf, id=423, 557.56303pt x 363.5181pt
>
File: images/writes_1/last_graph_set_resp_time.pdf Graphic file (type pdf)
<use images/writes_1/last_graph_set_resp_time.pdf>
Package pdftex.def Info: images/writes_1/last_graph_set_resp_time.pdf  used on 
input line 1094.
(pdftex.def)             Requested size: 234.87749pt x 153.13695pt.

Overfull \hbox (2.43332pt too wide) in paragraph at lines 1090--1096
[][] [] 
 []

[19]
File: images/middleware_2/last_graph_set_queue_size.pdf Graphic file (type pdf)

<use images/middleware_2/last_graph_set_queue_size.pdf>
Package pdftex.def Info: images/middleware_2/last_graph_set_queue_size.pdf  use
d on input line 1117.
(pdftex.def)             Requested size: 234.87749pt x 151.46179pt.
<images/writes_1/queue_writes_1.pdf, id=429, 563.70598pt x 363.5181pt>
File: images/writes_1/queue_writes_1.pdf Graphic file (type pdf)
<use images/writes_1/queue_writes_1.pdf>
Package pdftex.def Info: images/writes_1/queue_writes_1.pdf  used on input line
 1120.
(pdftex.def)             Requested size: 234.87749pt x 151.46179pt.

Overfull \hbox (2.43332pt too wide) in paragraph at lines 1116--1122
[][] [] 
 []

<images/writes_1/waiting_middleware_2.pdf, id=430, 557.56303pt x 363.5181pt>
File: images/writes_1/waiting_middleware_2.pdf Graphic file (type pdf)
<use images/writes_1/waiting_middleware_2.pdf>
Package pdftex.def Info: images/writes_1/waiting_middleware_2.pdf  used on inpu
t line 1130.
(pdftex.def)             Requested size: 234.87749pt x 153.13695pt.
<images/writes_1/last_graph_set_waiting.pdf, id=431, 557.56303pt x 363.5181pt>
File: images/writes_1/last_graph_set_waiting.pdf Graphic file (type pdf)
<use images/writes_1/last_graph_set_waiting.pdf>
Package pdftex.def Info: images/writes_1/last_graph_set_waiting.pdf  used on in
put line 1133.
(pdftex.def)             Requested size: 234.87749pt x 153.13695pt.

Overfull \hbox (2.43332pt too wide) in paragraph at lines 1129--1135
[][] [] 
 []

[20 <./images/writes_1/last_graph_set_throughput.pdf> <./images/writes_1/last_g
raph_set_resp_time.pdf> <./images/writes_1/queue_writes_1.pdf>]
Underfull \hbox (badness 10000) in paragraph at lines 1166--1174

 []

[21 <./images/writes_1/waiting_middleware_2.pdf> <./images/writes_1/last_graph_
set_waiting.pdf>] [22]
<images/gets_2/average_resp_time.pdf, id=459, 551.42009pt x 363.5181pt>
File: images/gets_2/average_resp_time.pdf Graphic file (type pdf)
<use images/gets_2/average_resp_time.pdf>
Package pdftex.def Info: images/gets_2/average_resp_time.pdf  used on input lin
e 1316.
(pdftex.def)             Requested size: 234.87749pt x 154.83981pt.
<images/gets_1/average_resp_time.pdf, id=460, 551.42009pt x 363.5181pt>
File: images/gets_1/average_resp_time.pdf Graphic file (type pdf)
<use images/gets_1/average_resp_time.pdf>
Package pdftex.def Info: images/gets_1/average_resp_time.pdf  used on input lin
e 1319.
(pdftex.def)             Requested size: 234.87749pt x 154.83981pt.

Overfull \hbox (2.43332pt too wide) in paragraph at lines 1315--1321
[][] [] 
 []

[23]
<images/gets_2/last_graph_get_resp_time.pdf, id=465, 557.56303pt x 363.5181pt>
File: images/gets_2/last_graph_get_resp_time.pdf Graphic file (type pdf)
<use images/gets_2/last_graph_get_resp_time.pdf>
Package pdftex.def Info: images/gets_2/last_graph_get_resp_time.pdf  used on in
put line 1330.
(pdftex.def)             Requested size: 234.87749pt x 153.13695pt.
<images/gets_1/last_graph_get_resp_time.pdf, id=466, 557.56303pt x 363.5181pt>
File: images/gets_1/last_graph_get_resp_time.pdf Graphic file (type pdf)
<use images/gets_1/last_graph_get_resp_time.pdf>
Package pdftex.def Info: images/gets_1/last_graph_get_resp_time.pdf  used on in
put line 1333.
(pdftex.def)             Requested size: 234.87749pt x 153.13695pt.

Overfull \hbox (2.43332pt too wide) in paragraph at lines 1329--1335
[][] [] 
 []

<images/gets_2/adjusted_throughput.pdf, id=467, 569.84892pt x 363.5181pt>
File: images/gets_2/adjusted_throughput.pdf Graphic file (type pdf)
<use images/gets_2/adjusted_throughput.pdf>
Package pdftex.def Info: images/gets_2/adjusted_throughput.pdf  used on input l
ine 1360.
(pdftex.def)             Requested size: 234.87749pt x 149.83102pt.
<images/gets_1/adjusted_throughput.pdf, id=468, 569.84892pt x 363.5181pt>
File: images/gets_1/adjusted_throughput.pdf Graphic file (type pdf)
<use images/gets_1/adjusted_throughput.pdf>
Package pdftex.def Info: images/gets_1/adjusted_throughput.pdf  used on input l
ine 1363.
(pdftex.def)             Requested size: 234.87749pt x 149.83102pt.

Overfull \hbox (2.43332pt too wide) in paragraph at lines 1359--1365
[][] [] 
 []

[24 <./images/gets_2/average_resp_time.pdf> <./images/gets_1/average_resp_time.
pdf> <./images/gets_2/last_graph_get_resp_time.pdf> <./images/gets_1/last_graph
_get_resp_time.pdf>]
<images/gets_2/histogram_memtier.pdf, id=484, 573.82379pt x 363.5181pt>
File: images/gets_2/histogram_memtier.pdf Graphic file (type pdf)
<use images/gets_2/histogram_memtier.pdf>
Package pdftex.def Info: images/gets_2/histogram_memtier.pdf  used on input lin
e 1414.
(pdftex.def)             Requested size: 234.87749pt x 148.79378pt.
<images/gets_2/histogram_middleware.pdf, id=485, 573.82379pt x 363.5181pt>
File: images/gets_2/histogram_middleware.pdf Graphic file (type pdf)
<use images/gets_2/histogram_middleware.pdf>
Package pdftex.def Info: images/gets_2/histogram_middleware.pdf  used on input 
line 1417.
(pdftex.def)             Requested size: 234.87749pt x 148.79378pt.
<images/gets_1/histogram_memtier.pdf, id=486, 573.82379pt x 363.5181pt>
File: images/gets_1/histogram_memtier.pdf Graphic file (type pdf)
<use images/gets_1/histogram_memtier.pdf>
Package pdftex.def Info: images/gets_1/histogram_memtier.pdf  used on input lin
e 1420.
(pdftex.def)             Requested size: 234.87749pt x 148.79378pt.
<images/gets_1/histogram_middleware.pdf, id=487, 573.82379pt x 363.5181pt>
File: images/gets_1/histogram_middleware.pdf Graphic file (type pdf)
<use images/gets_1/histogram_middleware.pdf>
Package pdftex.def Info: images/gets_1/histogram_middleware.pdf  used on input 
line 1423.
(pdftex.def)             Requested size: 234.87749pt x 148.79378pt.

Overfull \hbox (2.43332pt too wide) in paragraph at lines 1413--1427
[][] []
 []


Overfull \hbox (2.43332pt too wide) in paragraph at lines 1413--1427
[] [] 
 []

[25 <./images/gets_2/adjusted_throughput.pdf> <./images/gets_1/adjusted_through
put.pdf>] [26 <./images/gets_2/histogram_memtier.pdf> <./images/gets_2/histogra
m_middleware.pdf> <./images/gets_1/histogram_memtier.pdf> <./images/gets_1/hist
ogram_middleware.pdf>] [27] [28] [29]
Overfull \hbox (7.46808pt too wide) in paragraph at lines 1692--1702
 [][] 
 []

[30]
Overfull \hbox (11.9325pt too wide) in paragraph at lines 1710--1720
 [][] 
 []


Overfull \hbox (22.8825pt too wide) in paragraph at lines 1728--1738
 [][] 
 []


Overfull \hbox (22.8825pt too wide) in paragraph at lines 1746--1756
 [][] 
 []

[31]
Overfull \hbox (0.55841pt too wide) in paragraph at lines 1885--1895
 [][] 
 []

[32] [33]
Underfull \hbox (badness 10000) in paragraph at lines 1962--1966

 []


Underfull \hbox (badness 10000) in paragraph at lines 1967--1973

 []


Underfull \hbox (badness 10000) in paragraph at lines 1974--1981

 []


Overfull \hbox (21.14001pt too wide) in paragraph at lines 2058--2059
[][] 
 []

[34]
Overfull \hbox (12.31502pt too wide) in paragraph at lines 2164--2165
[] 
 []

[35]
<images/network/one_middleware.pdf, id=578, 575.99193pt x 342.19847pt>
File: images/network/one_middleware.pdf Graphic file (type pdf)
<use images/network/one_middleware.pdf>
Package pdftex.def Info: images/network/one_middleware.pdf  used on input line 
2201.
(pdftex.def)             Requested size: 234.87749pt x 139.53993pt.
<images/network/two_middlewares.pdf, id=579, 575.99193pt x 342.19847pt>
File: images/network/two_middlewares.pdf Graphic file (type pdf)
<use images/network/two_middlewares.pdf>
Package pdftex.def Info: images/network/two_middlewares.pdf  used on input line
 2204.
(pdftex.def)             Requested size: 234.87749pt x 139.53993pt.

Overfull \hbox (2.43332pt too wide) in paragraph at lines 2200--2207
[][] [] 
 []

[36 <./images/network/one_middleware.pdf> <./images/network/two_middlewares.pdf
>]
Package atveryend Info: Empty hook `BeforeClearDocument' on input line 2217.
Package atveryend Info: Empty hook `AfterLastShipout' on input line 2217.
 (./report.aux)
Package atveryend Info: Executing hook `AtVeryEndDocument' on input line 2217.
Package atveryend Info: Executing hook `AtEndAfterFileList' on input line 2217.

Package rerunfilecheck Info: File `report.out' has not changed.
(rerunfilecheck)             Checksum: 5F36FB8DAF84FBCAE50AFD990599FCF9;3728.


LaTeX Warning: There were multiply-defined labels.

Package atveryend Info: Empty hook `AtVeryVeryEnd' on input line 2217.
 ) 
Here is how much of TeX's memory you used:
 30003 strings out of 492642
 593713 string characters out of 6135565
 623606 words of memory out of 5000000
 33323 multiletter control sequences out of 15000+600000
 551881 words of font info for 97 fonts, out of 8000000 for 9000
 1141 hyphenation exceptions out of 8191
 55i,14n,77p,2414b,821s stack positions out of 5000i,500n,10000p,200000b,80000s
{/usr/share/texmf-dist/fonts/enc/dvips/base/8r.enc}</usr/share/texmf-dist/fon
ts/type1/public/amsfonts/cm/cmbx10.pfb></usr/share/texmf-dist/fonts/type1/publi
c/amsfonts/cm/cmbx12.pfb></usr/share/texmf-dist/fonts/type1/public/amsfonts/cm/
cmbxti10.pfb></usr/share/texmf-dist/fonts/type1/public/amsfonts/cm/cmex10.pfb><
/usr/share/texmf-dist/fonts/type1/public/amsfonts/cm/cmitt10.pfb></usr/share/te
xmf-dist/fonts/type1/public/amsfonts/cm/cmmi10.pfb></usr/share/texmf-dist/fonts
/type1/public/amsfonts/cm/cmmi6.pfb></usr/share/texmf-dist/fonts/type1/public/a
msfonts/cm/cmmi8.pfb></usr/share/texmf-dist/fonts/type1/public/amsfonts/cm/cmmi
b10.pfb></usr/share/texmf-dist/fonts/type1/public/amsfonts/cmextra/cmmib8.pfb><
/usr/share/texmf-dist/fonts/type1/public/amsfonts/cm/cmr10.pfb></usr/share/texm
f-dist/fonts/type1/public/amsfonts/cm/cmr12.pfb></usr/share/texmf-dist/fonts/ty
pe1/public/amsfonts/cm/cmr17.pfb></usr/share/texmf-dist/fonts/type1/public/amsf
onts/cm/cmr6.pfb></usr/share/texmf-dist/fonts/type1/public/amsfonts/cm/cmr8.pfb
></usr/share/texmf-dist/fonts/type1/public/amsfonts/cm/cmsy10.pfb></usr/share/t
exmf-dist/fonts/type1/public/amsfonts/cm/cmsy8.pfb></usr/share/texmf-dist/fonts
/type1/public/amsfonts/cm/cmti10.pfb></usr/share/texmf-dist/fonts/type1/public/
amsfonts/cm/cmtt10.pfb></usr/share/texmf-dist/fonts/type1/public/amsfonts/cm/cm
tt9.pfb></usr/share/texmf-dist/fonts/type1/urw/courier/ucrr8a.pfb>
Output written on report.pdf (36 pages, 4233452 bytes).
PDF statistics:
 688 PDF objects out of 1000 (max. 8388607)
 529 compressed objects within 6 object streams
 130 named destinations out of 1000 (max. 500000)
 744 words of extra memory for PDF output out of 10000 (max. 10000000)

