\BOOKMARK [1][-]{section.1}{System Overview \(75 pts\)}{}% 1
\BOOKMARK [2][-]{subsection.1.1}{System architecture}{section.1}% 2
\BOOKMARK [3][-]{subsubsection.1.1.1}{Network thread}{subsection.1.1}% 3
\BOOKMARK [3][-]{subsubsection.1.1.2}{Job queue}{subsection.1.1}% 4
\BOOKMARK [3][-]{subsubsection.1.1.3}{Worker threads}{subsection.1.1}% 5
\BOOKMARK [2][-]{subsection.1.2}{Balance and parallelism}{section.1}% 6
\BOOKMARK [2][-]{subsection.1.3}{Logging}{section.1}% 7
\BOOKMARK [1][-]{section.2}{Baseline without Middleware \(75 pts\)}{}% 8
\BOOKMARK [2][-]{subsection.2.1}{One Server}{section.2}% 9
\BOOKMARK [3][-]{subsubsection.2.1.1}{Results}{subsection.2.1}% 10
\BOOKMARK [3][-]{subsubsection.2.1.2}{Explanation}{subsection.2.1}% 11
\BOOKMARK [2][-]{subsection.2.2}{Two Servers}{section.2}% 12
\BOOKMARK [3][-]{subsubsection.2.2.1}{Hypothesis}{subsection.2.2}% 13
\BOOKMARK [3][-]{subsubsection.2.2.2}{Results}{subsection.2.2}% 14
\BOOKMARK [3][-]{subsubsection.2.2.3}{Explanation}{subsection.2.2}% 15
\BOOKMARK [2][-]{subsection.2.3}{Summary}{section.2}% 16
\BOOKMARK [1][-]{section.3}{Baseline with Middleware \(90 pts\)}{}% 17
\BOOKMARK [2][-]{subsection.3.1}{One Middleware}{section.3}% 18
\BOOKMARK [3][-]{subsubsection.3.1.1}{Hypothesis}{subsection.3.1}% 19
\BOOKMARK [3][-]{subsubsection.3.1.2}{Results \(read-only\)}{subsection.3.1}% 20
\BOOKMARK [3][-]{subsubsection.3.1.3}{Explaination \(read-only\)}{subsection.3.1}% 21
\BOOKMARK [3][-]{subsubsection.3.1.4}{Results \(write-only\)}{subsection.3.1}% 22
\BOOKMARK [3][-]{subsubsection.3.1.5}{Explanation}{subsection.3.1}% 23
\BOOKMARK [2][-]{subsection.3.2}{Two Middlewares}{section.3}% 24
\BOOKMARK [3][-]{subsubsection.3.2.1}{Hypothesis}{subsection.3.2}% 25
\BOOKMARK [3][-]{subsubsection.3.2.2}{Results \(read-only\)}{subsection.3.2}% 26
\BOOKMARK [3][-]{subsubsection.3.2.3}{Explaination \(read-only\)}{subsection.3.2}% 27
\BOOKMARK [3][-]{subsubsection.3.2.4}{Results \(write-only\)}{subsection.3.2}% 28
\BOOKMARK [3][-]{subsubsection.3.2.5}{Explaination \(write-only\)}{subsection.3.2}% 29
\BOOKMARK [2][-]{subsection.3.3}{Summary}{section.3}% 30
\BOOKMARK [1][-]{section.4}{Throughput for Writes \(90 pts\)}{}% 31
\BOOKMARK [2][-]{subsection.4.1}{Full System}{section.4}% 32
\BOOKMARK [3][-]{subsubsection.4.1.1}{Hypothesis}{subsection.4.1}% 33
\BOOKMARK [3][-]{subsubsection.4.1.2}{Result}{subsection.4.1}% 34
\BOOKMARK [3][-]{subsubsection.4.1.3}{Explanation}{subsection.4.1}% 35
\BOOKMARK [2][-]{subsection.4.2}{Summary}{section.4}% 36
\BOOKMARK [1][-]{section.5}{Gets and Multi-gets \(90 pts\)}{}% 37
\BOOKMARK [2][-]{subsection.5.1}{Configurations}{section.5}% 38
\BOOKMARK [3][-]{subsubsection.5.1.1}{Sharded Case}{subsection.5.1}% 39
\BOOKMARK [3][-]{subsubsection.5.1.2}{Non-sharded Case}{subsection.5.1}% 40
\BOOKMARK [2][-]{subsection.5.2}{Results}{section.5}% 41
\BOOKMARK [2][-]{subsection.5.3}{Explanation}{section.5}% 42
\BOOKMARK [2][-]{subsection.5.4}{Histogram}{section.5}% 43
\BOOKMARK [2][-]{subsection.5.5}{Summary}{section.5}% 44
\BOOKMARK [1][-]{section.6}{2K Analysis \(90 pts\)}{}% 45
\BOOKMARK [2][-]{subsection.6.1}{Write-only}{section.6}% 46
\BOOKMARK [2][-]{subsection.6.2}{Read-only}{section.6}% 47
\BOOKMARK [2][-]{subsection.6.3}{Conclusion}{section.6}% 48
\BOOKMARK [1][-]{section.7}{Queuing Model \(90 pts\)}{}% 49
\BOOKMARK [2][-]{subsection.7.1}{M/M/1}{section.7}% 50
\BOOKMARK [2][-]{subsection.7.2}{M/M/m}{section.7}% 51
\BOOKMARK [2][-]{subsection.7.3}{Network of Queues}{section.7}% 52
\BOOKMARK [3][-]{subsubsection.7.3.1}{One middleware}{subsection.7.3}% 53
\BOOKMARK [3][-]{subsubsection.7.3.2}{Two middlewares}{subsection.7.3}% 54
\BOOKMARK [3][-]{subsubsection.7.3.3}{Throughput estimates}{subsection.7.3}% 55
