{
	"configuration":{
		"server": "10.0.0.4"
		,"port": 11212
		,"unix socket": "(null)"
		,"protocol": "memcache_text"
		,"out_file": "(null)"
		,"client_stats": "(null)"
		,"run_count": 1
		,"debug": 0
		,"requests": 0
		,"clients": 2
		,"threads": 1
		,"test_time": 60
		,"ratio": "1:6"
		,"pipeline": 1
		,"data_size": 4096
		,"data_offset": 0
		,"random_data": "false"
		,"data_size_range": "0:0"
		,"data_size_list": ""
		,"data_size_pattern": "R"
		,"expiry_range": "9999:10000"
		,"data_import": "(null)"
		,"data_verify": "false"
		,"verify_only": "false"
		,"generate_keys": "false"
		,"key_prefix": "memtier-"
		,"key_minimum":           0
		,"key_maximum":        1000
		,"key_pattern": "R:R"
		,"key_stddev": 0.000000
		,"key_median": 0.000000
		,"reconnect_interval": 0
		,"multi_key_get": 6
		,"authenticate": ""
		,"select-db": 0
		,"no-expiry": "false"
		,"wait-ratio": "0:0"
		,"num-slaves": "0:0"
		,"wait-timeout": "0-0"
		}
	,"run information":{
		"Threads": 1
		,"Connections per thread": 2
		,"Seconds": 60
		}
	,"ALL STATS":{
		"Sets":{
			"Ops/sec": 219.34
			,"Hits/sec": 0.00
			,"Misses/sec": 0.00
			,"Latency": 4.12
			,"KB/sec": 885.81
			}
		,"Gets":{
			"Ops/sec": 219.33
			,"Hits/sec": 1315.96
			,"Misses/sec": 0.00
			,"Latency": 4.98
			,"KB/sec": 5317.10
			}
		,"Waits":{
			"Ops/sec": 0.00
			,"Hits/sec": 0.00
			,"Misses/sec": 0.00
			,"Latency": 0.00
			,"KB/sec": 0.00
			}
		,"Totals":{
			"Ops/sec": 438.67
			,"Hits/sec": 1315.96
			,"Misses/sec": 0.00
			,"Latency": 4.55
			,"KB/sec": 6202.91
			}
		,"SET":[
			{
				"<=msec": 1.500
				,"percent": 0.07
				}
			,{
				"<=msec": 1.600
				,"percent": 0.54
				}
			,{
				"<=msec": 1.700
				,"percent": 1.72
				}
			,{
				"<=msec": 1.800
				,"percent": 4.16
				}
			,{
				"<=msec": 1.900
				,"percent": 8.02
				}
			,{
				"<=msec": 2.000
				,"percent": 13.49
				}
			,{
				"<=msec": 2.100
				,"percent": 19.19
				}
			,{
				"<=msec": 2.200
				,"percent": 25.14
				}
			,{
				"<=msec": 2.300
				,"percent": 30.83
				}
			,{
				"<=msec": 2.400
				,"percent": 35.61
				}
			,{
				"<=msec": 2.500
				,"percent": 40.37
				}
			,{
				"<=msec": 2.600
				,"percent": 44.34
				}
			,{
				"<=msec": 2.700
				,"percent": 47.72
				}
			,{
				"<=msec": 2.800
				,"percent": 50.53
				}
			,{
				"<=msec": 2.900
				,"percent": 52.97
				}
			,{
				"<=msec": 3.000
				,"percent": 55.10
				}
			,{
				"<=msec": 3.100
				,"percent": 56.89
				}
			,{
				"<=msec": 3.200
				,"percent": 58.76
				}
			,{
				"<=msec": 3.300
				,"percent": 60.16
				}
			,{
				"<=msec": 3.400
				,"percent": 61.55
				}
			,{
				"<=msec": 3.500
				,"percent": 62.54
				}
			,{
				"<=msec": 3.600
				,"percent": 63.59
				}
			,{
				"<=msec": 3.700
				,"percent": 64.39
				}
			,{
				"<=msec": 3.800
				,"percent": 65.26
				}
			,{
				"<=msec": 3.900
				,"percent": 65.99
				}
			,{
				"<=msec": 4.000
				,"percent": 66.77
				}
			,{
				"<=msec": 4.100
				,"percent": 67.40
				}
			,{
				"<=msec": 4.200
				,"percent": 68.00
				}
			,{
				"<=msec": 4.300
				,"percent": 68.69
				}
			,{
				"<=msec": 4.400
				,"percent": 69.21
				}
			,{
				"<=msec": 4.500
				,"percent": 69.66
				}
			,{
				"<=msec": 4.600
				,"percent": 70.16
				}
			,{
				"<=msec": 4.700
				,"percent": 70.68
				}
			,{
				"<=msec": 4.800
				,"percent": 71.06
				}
			,{
				"<=msec": 4.900
				,"percent": 71.61
				}
			,{
				"<=msec": 5.000
				,"percent": 72.04
				}
			,{
				"<=msec": 5.100
				,"percent": 72.46
				}
			,{
				"<=msec": 5.200
				,"percent": 73.04
				}
			,{
				"<=msec": 5.300
				,"percent": 73.60
				}
			,{
				"<=msec": 5.400
				,"percent": 74.16
				}
			,{
				"<=msec": 5.500
				,"percent": 74.62
				}
			,{
				"<=msec": 5.600
				,"percent": 75.12
				}
			,{
				"<=msec": 5.700
				,"percent": 75.63
				}
			,{
				"<=msec": 5.800
				,"percent": 76.11
				}
			,{
				"<=msec": 5.900
				,"percent": 76.61
				}
			,{
				"<=msec": 6.000
				,"percent": 77.14
				}
			,{
				"<=msec": 6.100
				,"percent": 77.74
				}
			,{
				"<=msec": 6.200
				,"percent": 78.39
				}
			,{
				"<=msec": 6.300
				,"percent": 78.97
				}
			,{
				"<=msec": 6.400
				,"percent": 79.51
				}
			,{
				"<=msec": 6.500
				,"percent": 80.07
				}
			,{
				"<=msec": 6.600
				,"percent": 80.65
				}
			,{
				"<=msec": 6.700
				,"percent": 81.24
				}
			,{
				"<=msec": 6.800
				,"percent": 81.77
				}
			,{
				"<=msec": 6.900
				,"percent": 82.33
				}
			,{
				"<=msec": 7.000
				,"percent": 82.93
				}
			,{
				"<=msec": 7.100
				,"percent": 83.51
				}
			,{
				"<=msec": 7.200
				,"percent": 84.05
				}
			,{
				"<=msec": 7.300
				,"percent": 84.71
				}
			,{
				"<=msec": 7.400
				,"percent": 85.38
				}
			,{
				"<=msec": 7.500
				,"percent": 85.96
				}
			,{
				"<=msec": 7.600
				,"percent": 86.55
				}
			,{
				"<=msec": 7.700
				,"percent": 87.08
				}
			,{
				"<=msec": 7.800
				,"percent": 87.56
				}
			,{
				"<=msec": 7.900
				,"percent": 88.12
				}
			,{
				"<=msec": 8.000
				,"percent": 88.56
				}
			,{
				"<=msec": 8.100
				,"percent": 89.04
				}
			,{
				"<=msec": 8.200
				,"percent": 89.59
				}
			,{
				"<=msec": 8.300
				,"percent": 90.05
				}
			,{
				"<=msec": 8.400
				,"percent": 90.46
				}
			,{
				"<=msec": 8.500
				,"percent": 90.91
				}
			,{
				"<=msec": 8.600
				,"percent": 91.51
				}
			,{
				"<=msec": 8.700
				,"percent": 92.02
				}
			,{
				"<=msec": 8.800
				,"percent": 92.49
				}
			,{
				"<=msec": 8.900
				,"percent": 93.01
				}
			,{
				"<=msec": 9.000
				,"percent": 93.50
				}
			,{
				"<=msec": 9.100
				,"percent": 93.87
				}
			,{
				"<=msec": 9.200
				,"percent": 94.30
				}
			,{
				"<=msec": 9.300
				,"percent": 94.70
				}
			,{
				"<=msec": 9.400
				,"percent": 95.09
				}
			,{
				"<=msec": 9.500
				,"percent": 95.47
				}
			,{
				"<=msec": 9.600
				,"percent": 95.87
				}
			,{
				"<=msec": 9.700
				,"percent": 96.30
				}
			,{
				"<=msec": 9.800
				,"percent": 96.63
				}
			,{
				"<=msec": 9.900
				,"percent": 96.92
				}
			,{
				"<=msec": 10.000
				,"percent": 98.28
				}
			,{
				"<=msec": 11.000
				,"percent": 99.04
				}
			,{
				"<=msec": 12.000
				,"percent": 99.38
				}
			,{
				"<=msec": 13.000
				,"percent": 99.52
				}
			,{
				"<=msec": 14.000
				,"percent": 99.63
				}
			,{
				"<=msec": 15.000
				,"percent": 99.74
				}
			,{
				"<=msec": 16.000
				,"percent": 99.82
				}
			,{
				"<=msec": 17.000
				,"percent": 99.84
				}
			,{
				"<=msec": 18.000
				,"percent": 99.87
				}
			,{
				"<=msec": 19.000
				,"percent": 99.89
				}
			,{
				"<=msec": 20.000
				,"percent": 99.90
				}
			,{
				"<=msec": 21.000
				,"percent": 99.91
				}
			,{
				"<=msec": 22.000
				,"percent": 99.96
				}
			,{
				"<=msec": 24.000
				,"percent": 99.97
				}
			,{
				"<=msec": 29.000
				,"percent": 99.98
				}
			,{
				"<=msec": 30.000
				,"percent": 99.98
				}
			,{
				"<=msec": 32.000
				,"percent": 99.99
				}
			,{
				"<=msec": 36.000
				,"percent": 100.00
				}
			]
		,"GET":[
			{
				"<=msec": 1.800
				,"percent": 0.02
				}
			,{
				"<=msec": 1.900
				,"percent": 0.12
				}
			,{
				"<=msec": 2.000
				,"percent": 0.36
				}
			,{
				"<=msec": 2.100
				,"percent": 1.05
				}
			,{
				"<=msec": 2.200
				,"percent": 2.20
				}
			,{
				"<=msec": 2.300
				,"percent": 4.22
				}
			,{
				"<=msec": 2.400
				,"percent": 6.78
				}
			,{
				"<=msec": 2.500
				,"percent": 10.68
				}
			,{
				"<=msec": 2.600
				,"percent": 14.72
				}
			,{
				"<=msec": 2.700
				,"percent": 19.15
				}
			,{
				"<=msec": 2.800
				,"percent": 23.34
				}
			,{
				"<=msec": 2.900
				,"percent": 27.63
				}
			,{
				"<=msec": 3.000
				,"percent": 31.99
				}
			,{
				"<=msec": 3.100
				,"percent": 35.87
				}
			,{
				"<=msec": 3.200
				,"percent": 39.15
				}
			,{
				"<=msec": 3.300
				,"percent": 42.39
				}
			,{
				"<=msec": 3.400
				,"percent": 45.26
				}
			,{
				"<=msec": 3.500
				,"percent": 47.89
				}
			,{
				"<=msec": 3.600
				,"percent": 50.05
				}
			,{
				"<=msec": 3.700
				,"percent": 52.07
				}
			,{
				"<=msec": 3.800
				,"percent": 53.88
				}
			,{
				"<=msec": 3.900
				,"percent": 55.49
				}
			,{
				"<=msec": 4.000
				,"percent": 56.86
				}
			,{
				"<=msec": 4.100
				,"percent": 58.09
				}
			,{
				"<=msec": 4.200
				,"percent": 59.17
				}
			,{
				"<=msec": 4.300
				,"percent": 60.21
				}
			,{
				"<=msec": 4.400
				,"percent": 61.21
				}
			,{
				"<=msec": 4.500
				,"percent": 62.06
				}
			,{
				"<=msec": 4.600
				,"percent": 62.87
				}
			,{
				"<=msec": 4.700
				,"percent": 63.50
				}
			,{
				"<=msec": 4.800
				,"percent": 64.19
				}
			,{
				"<=msec": 4.900
				,"percent": 64.85
				}
			,{
				"<=msec": 5.000
				,"percent": 65.37
				}
			,{
				"<=msec": 5.100
				,"percent": 65.92
				}
			,{
				"<=msec": 5.200
				,"percent": 66.34
				}
			,{
				"<=msec": 5.300
				,"percent": 66.88
				}
			,{
				"<=msec": 5.400
				,"percent": 67.38
				}
			,{
				"<=msec": 5.500
				,"percent": 67.84
				}
			,{
				"<=msec": 5.600
				,"percent": 68.28
				}
			,{
				"<=msec": 5.700
				,"percent": 68.69
				}
			,{
				"<=msec": 5.800
				,"percent": 69.33
				}
			,{
				"<=msec": 5.900
				,"percent": 69.81
				}
			,{
				"<=msec": 6.000
				,"percent": 70.21
				}
			,{
				"<=msec": 6.100
				,"percent": 70.68
				}
			,{
				"<=msec": 6.200
				,"percent": 71.23
				}
			,{
				"<=msec": 6.300
				,"percent": 71.84
				}
			,{
				"<=msec": 6.400
				,"percent": 72.39
				}
			,{
				"<=msec": 6.500
				,"percent": 73.12
				}
			,{
				"<=msec": 6.600
				,"percent": 73.75
				}
			,{
				"<=msec": 6.700
				,"percent": 74.41
				}
			,{
				"<=msec": 6.800
				,"percent": 75.08
				}
			,{
				"<=msec": 6.900
				,"percent": 75.68
				}
			,{
				"<=msec": 7.000
				,"percent": 76.50
				}
			,{
				"<=msec": 7.100
				,"percent": 77.07
				}
			,{
				"<=msec": 7.200
				,"percent": 77.77
				}
			,{
				"<=msec": 7.300
				,"percent": 78.49
				}
			,{
				"<=msec": 7.400
				,"percent": 79.13
				}
			,{
				"<=msec": 7.500
				,"percent": 79.88
				}
			,{
				"<=msec": 7.600
				,"percent": 80.45
				}
			,{
				"<=msec": 7.700
				,"percent": 81.15
				}
			,{
				"<=msec": 7.800
				,"percent": 81.68
				}
			,{
				"<=msec": 7.900
				,"percent": 82.30
				}
			,{
				"<=msec": 8.000
				,"percent": 83.13
				}
			,{
				"<=msec": 8.100
				,"percent": 83.60
				}
			,{
				"<=msec": 8.200
				,"percent": 84.26
				}
			,{
				"<=msec": 8.300
				,"percent": 84.83
				}
			,{
				"<=msec": 8.400
				,"percent": 85.43
				}
			,{
				"<=msec": 8.500
				,"percent": 86.00
				}
			,{
				"<=msec": 8.600
				,"percent": 86.61
				}
			,{
				"<=msec": 8.700
				,"percent": 87.14
				}
			,{
				"<=msec": 8.800
				,"percent": 87.58
				}
			,{
				"<=msec": 8.900
				,"percent": 88.11
				}
			,{
				"<=msec": 9.000
				,"percent": 88.61
				}
			,{
				"<=msec": 9.100
				,"percent": 89.11
				}
			,{
				"<=msec": 9.200
				,"percent": 89.64
				}
			,{
				"<=msec": 9.300
				,"percent": 90.15
				}
			,{
				"<=msec": 9.400
				,"percent": 90.61
				}
			,{
				"<=msec": 9.500
				,"percent": 91.03
				}
			,{
				"<=msec": 9.600
				,"percent": 91.44
				}
			,{
				"<=msec": 9.700
				,"percent": 91.82
				}
			,{
				"<=msec": 9.800
				,"percent": 92.21
				}
			,{
				"<=msec": 9.900
				,"percent": 92.67
				}
			,{
				"<=msec": 10.000
				,"percent": 94.99
				}
			,{
				"<=msec": 11.000
				,"percent": 97.77
				}
			,{
				"<=msec": 12.000
				,"percent": 98.63
				}
			,{
				"<=msec": 13.000
				,"percent": 99.10
				}
			,{
				"<=msec": 14.000
				,"percent": 99.35
				}
			,{
				"<=msec": 15.000
				,"percent": 99.56
				}
			,{
				"<=msec": 16.000
				,"percent": 99.64
				}
			,{
				"<=msec": 17.000
				,"percent": 99.73
				}
			,{
				"<=msec": 18.000
				,"percent": 99.79
				}
			,{
				"<=msec": 19.000
				,"percent": 99.86
				}
			,{
				"<=msec": 20.000
				,"percent": 99.87
				}
			,{
				"<=msec": 21.000
				,"percent": 99.92
				}
			,{
				"<=msec": 22.000
				,"percent": 99.95
				}
			,{
				"<=msec": 23.000
				,"percent": 99.97
				}
			,{
				"<=msec": 24.000
				,"percent": 99.98
				}
			,{
				"<=msec": 25.000
				,"percent": 99.99
				}
			,{
				"<=msec": 26.000
				,"percent": 100.00
				}
			]
		,"WAIT":[
		]
		}
	}
