{
	"configuration":{
		"server": "10.0.0.4"
		,"port": 11212
		,"unix socket": "(null)"
		,"protocol": "memcache_text"
		,"out_file": "(null)"
		,"client_stats": "(null)"
		,"run_count": 1
		,"debug": 0
		,"requests": 0
		,"clients": 2
		,"threads": 1
		,"test_time": 60
		,"ratio": "1:3"
		,"pipeline": 1
		,"data_size": 4096
		,"data_offset": 0
		,"random_data": "false"
		,"data_size_range": "0:0"
		,"data_size_list": ""
		,"data_size_pattern": "R"
		,"expiry_range": "9999:10000"
		,"data_import": "(null)"
		,"data_verify": "false"
		,"verify_only": "false"
		,"generate_keys": "false"
		,"key_prefix": "memtier-"
		,"key_minimum":           0
		,"key_maximum":        1000
		,"key_pattern": "R:R"
		,"key_stddev": 0.000000
		,"key_median": 0.000000
		,"reconnect_interval": 0
		,"multi_key_get": 3
		,"authenticate": ""
		,"select-db": 0
		,"no-expiry": "false"
		,"wait-ratio": "0:0"
		,"num-slaves": "0:0"
		,"wait-timeout": "0-0"
		}
	,"run information":{
		"Threads": 1
		,"Connections per thread": 2
		,"Seconds": 60
		}
	,"ALL STATS":{
		"Sets":{
			"Ops/sec": 313.46
			,"Hits/sec": 0.00
			,"Misses/sec": 0.00
			,"Latency": 3.15
			,"KB/sec": 1265.90
			}
		,"Gets":{
			"Ops/sec": 313.44
			,"Hits/sec": 940.33
			,"Misses/sec": 0.00
			,"Latency": 3.21
			,"KB/sec": 3800.91
			}
		,"Waits":{
			"Ops/sec": 0.00
			,"Hits/sec": 0.00
			,"Misses/sec": 0.00
			,"Latency": 0.00
			,"KB/sec": 0.00
			}
		,"Totals":{
			"Ops/sec": 626.90
			,"Hits/sec": 940.33
			,"Misses/sec": 0.00
			,"Latency": 3.18
			,"KB/sec": 5066.81
			}
		,"SET":[
			{
				"<=msec": 1.400
				,"percent": 0.01
				}
			,{
				"<=msec": 1.500
				,"percent": 0.18
				}
			,{
				"<=msec": 1.600
				,"percent": 0.88
				}
			,{
				"<=msec": 1.700
				,"percent": 2.98
				}
			,{
				"<=msec": 1.800
				,"percent": 7.39
				}
			,{
				"<=msec": 1.900
				,"percent": 13.67
				}
			,{
				"<=msec": 2.000
				,"percent": 20.57
				}
			,{
				"<=msec": 2.100
				,"percent": 27.99
				}
			,{
				"<=msec": 2.200
				,"percent": 35.11
				}
			,{
				"<=msec": 2.300
				,"percent": 42.18
				}
			,{
				"<=msec": 2.400
				,"percent": 48.03
				}
			,{
				"<=msec": 2.500
				,"percent": 53.34
				}
			,{
				"<=msec": 2.600
				,"percent": 57.72
				}
			,{
				"<=msec": 2.700
				,"percent": 61.67
				}
			,{
				"<=msec": 2.800
				,"percent": 65.14
				}
			,{
				"<=msec": 2.900
				,"percent": 68.06
				}
			,{
				"<=msec": 3.000
				,"percent": 70.42
				}
			,{
				"<=msec": 3.100
				,"percent": 72.55
				}
			,{
				"<=msec": 3.200
				,"percent": 74.35
				}
			,{
				"<=msec": 3.300
				,"percent": 75.95
				}
			,{
				"<=msec": 3.400
				,"percent": 77.38
				}
			,{
				"<=msec": 3.500
				,"percent": 78.55
				}
			,{
				"<=msec": 3.600
				,"percent": 79.72
				}
			,{
				"<=msec": 3.700
				,"percent": 80.69
				}
			,{
				"<=msec": 3.800
				,"percent": 81.64
				}
			,{
				"<=msec": 3.900
				,"percent": 82.34
				}
			,{
				"<=msec": 4.000
				,"percent": 83.06
				}
			,{
				"<=msec": 4.100
				,"percent": 83.71
				}
			,{
				"<=msec": 4.200
				,"percent": 84.25
				}
			,{
				"<=msec": 4.300
				,"percent": 84.83
				}
			,{
				"<=msec": 4.400
				,"percent": 85.38
				}
			,{
				"<=msec": 4.500
				,"percent": 85.83
				}
			,{
				"<=msec": 4.600
				,"percent": 86.24
				}
			,{
				"<=msec": 4.700
				,"percent": 86.62
				}
			,{
				"<=msec": 4.800
				,"percent": 87.02
				}
			,{
				"<=msec": 4.900
				,"percent": 87.44
				}
			,{
				"<=msec": 5.000
				,"percent": 87.81
				}
			,{
				"<=msec": 5.100
				,"percent": 88.09
				}
			,{
				"<=msec": 5.200
				,"percent": 88.49
				}
			,{
				"<=msec": 5.300
				,"percent": 88.80
				}
			,{
				"<=msec": 5.400
				,"percent": 89.18
				}
			,{
				"<=msec": 5.500
				,"percent": 89.56
				}
			,{
				"<=msec": 5.600
				,"percent": 89.89
				}
			,{
				"<=msec": 5.700
				,"percent": 90.19
				}
			,{
				"<=msec": 5.800
				,"percent": 90.47
				}
			,{
				"<=msec": 5.900
				,"percent": 90.85
				}
			,{
				"<=msec": 6.000
				,"percent": 91.16
				}
			,{
				"<=msec": 6.100
				,"percent": 91.46
				}
			,{
				"<=msec": 6.200
				,"percent": 91.83
				}
			,{
				"<=msec": 6.300
				,"percent": 92.16
				}
			,{
				"<=msec": 6.400
				,"percent": 92.47
				}
			,{
				"<=msec": 6.500
				,"percent": 92.80
				}
			,{
				"<=msec": 6.600
				,"percent": 93.15
				}
			,{
				"<=msec": 6.700
				,"percent": 93.52
				}
			,{
				"<=msec": 6.800
				,"percent": 93.83
				}
			,{
				"<=msec": 6.900
				,"percent": 94.14
				}
			,{
				"<=msec": 7.000
				,"percent": 94.47
				}
			,{
				"<=msec": 7.100
				,"percent": 94.78
				}
			,{
				"<=msec": 7.200
				,"percent": 95.07
				}
			,{
				"<=msec": 7.300
				,"percent": 95.43
				}
			,{
				"<=msec": 7.400
				,"percent": 95.75
				}
			,{
				"<=msec": 7.500
				,"percent": 96.04
				}
			,{
				"<=msec": 7.600
				,"percent": 96.30
				}
			,{
				"<=msec": 7.700
				,"percent": 96.61
				}
			,{
				"<=msec": 7.800
				,"percent": 96.80
				}
			,{
				"<=msec": 7.900
				,"percent": 97.01
				}
			,{
				"<=msec": 8.000
				,"percent": 97.21
				}
			,{
				"<=msec": 8.100
				,"percent": 97.38
				}
			,{
				"<=msec": 8.200
				,"percent": 97.51
				}
			,{
				"<=msec": 8.300
				,"percent": 97.69
				}
			,{
				"<=msec": 8.400
				,"percent": 97.79
				}
			,{
				"<=msec": 8.500
				,"percent": 97.90
				}
			,{
				"<=msec": 8.600
				,"percent": 97.98
				}
			,{
				"<=msec": 8.700
				,"percent": 98.08
				}
			,{
				"<=msec": 8.800
				,"percent": 98.17
				}
			,{
				"<=msec": 8.900
				,"percent": 98.22
				}
			,{
				"<=msec": 9.000
				,"percent": 98.31
				}
			,{
				"<=msec": 9.100
				,"percent": 98.40
				}
			,{
				"<=msec": 9.200
				,"percent": 98.50
				}
			,{
				"<=msec": 9.300
				,"percent": 98.55
				}
			,{
				"<=msec": 9.400
				,"percent": 98.62
				}
			,{
				"<=msec": 9.500
				,"percent": 98.64
				}
			,{
				"<=msec": 9.600
				,"percent": 98.73
				}
			,{
				"<=msec": 9.700
				,"percent": 98.80
				}
			,{
				"<=msec": 9.800
				,"percent": 98.85
				}
			,{
				"<=msec": 9.900
				,"percent": 98.93
				}
			,{
				"<=msec": 10.000
				,"percent": 99.19
				}
			,{
				"<=msec": 11.000
				,"percent": 99.53
				}
			,{
				"<=msec": 12.000
				,"percent": 99.69
				}
			,{
				"<=msec": 13.000
				,"percent": 99.79
				}
			,{
				"<=msec": 14.000
				,"percent": 99.84
				}
			,{
				"<=msec": 15.000
				,"percent": 99.86
				}
			,{
				"<=msec": 16.000
				,"percent": 99.89
				}
			,{
				"<=msec": 17.000
				,"percent": 99.91
				}
			,{
				"<=msec": 18.000
				,"percent": 99.95
				}
			,{
				"<=msec": 19.000
				,"percent": 99.95
				}
			,{
				"<=msec": 21.000
				,"percent": 99.97
				}
			,{
				"<=msec": 22.000
				,"percent": 99.98
				}
			,{
				"<=msec": 25.000
				,"percent": 99.98
				}
			,{
				"<=msec": 27.000
				,"percent": 99.99
				}
			,{
				"<=msec": 31.000
				,"percent": 99.99
				}
			,{
				"<=msec": 39.000
				,"percent": 100.00
				}
			]
		,"GET":[
			{
				"<=msec": 1.500
				,"percent": 0.01
				}
			,{
				"<=msec": 1.600
				,"percent": 0.15
				}
			,{
				"<=msec": 1.700
				,"percent": 0.93
				}
			,{
				"<=msec": 1.800
				,"percent": 3.28
				}
			,{
				"<=msec": 1.900
				,"percent": 7.85
				}
			,{
				"<=msec": 2.000
				,"percent": 14.45
				}
			,{
				"<=msec": 2.100
				,"percent": 21.60
				}
			,{
				"<=msec": 2.200
				,"percent": 29.03
				}
			,{
				"<=msec": 2.300
				,"percent": 36.54
				}
			,{
				"<=msec": 2.400
				,"percent": 43.20
				}
			,{
				"<=msec": 2.500
				,"percent": 49.44
				}
			,{
				"<=msec": 2.600
				,"percent": 54.79
				}
			,{
				"<=msec": 2.700
				,"percent": 59.23
				}
			,{
				"<=msec": 2.800
				,"percent": 62.83
				}
			,{
				"<=msec": 2.900
				,"percent": 66.05
				}
			,{
				"<=msec": 3.000
				,"percent": 68.86
				}
			,{
				"<=msec": 3.100
				,"percent": 71.32
				}
			,{
				"<=msec": 3.200
				,"percent": 73.56
				}
			,{
				"<=msec": 3.300
				,"percent": 75.46
				}
			,{
				"<=msec": 3.400
				,"percent": 76.98
				}
			,{
				"<=msec": 3.500
				,"percent": 78.27
				}
			,{
				"<=msec": 3.600
				,"percent": 79.53
				}
			,{
				"<=msec": 3.700
				,"percent": 80.64
				}
			,{
				"<=msec": 3.800
				,"percent": 81.49
				}
			,{
				"<=msec": 3.900
				,"percent": 82.29
				}
			,{
				"<=msec": 4.000
				,"percent": 83.00
				}
			,{
				"<=msec": 4.100
				,"percent": 83.63
				}
			,{
				"<=msec": 4.200
				,"percent": 84.28
				}
			,{
				"<=msec": 4.300
				,"percent": 84.87
				}
			,{
				"<=msec": 4.400
				,"percent": 85.51
				}
			,{
				"<=msec": 4.500
				,"percent": 85.97
				}
			,{
				"<=msec": 4.600
				,"percent": 86.45
				}
			,{
				"<=msec": 4.700
				,"percent": 86.90
				}
			,{
				"<=msec": 4.800
				,"percent": 87.32
				}
			,{
				"<=msec": 4.900
				,"percent": 87.65
				}
			,{
				"<=msec": 5.000
				,"percent": 87.95
				}
			,{
				"<=msec": 5.100
				,"percent": 88.25
				}
			,{
				"<=msec": 5.200
				,"percent": 88.64
				}
			,{
				"<=msec": 5.300
				,"percent": 89.07
				}
			,{
				"<=msec": 5.400
				,"percent": 89.43
				}
			,{
				"<=msec": 5.500
				,"percent": 89.81
				}
			,{
				"<=msec": 5.600
				,"percent": 90.11
				}
			,{
				"<=msec": 5.700
				,"percent": 90.42
				}
			,{
				"<=msec": 5.800
				,"percent": 90.66
				}
			,{
				"<=msec": 5.900
				,"percent": 90.94
				}
			,{
				"<=msec": 6.000
				,"percent": 91.30
				}
			,{
				"<=msec": 6.100
				,"percent": 91.57
				}
			,{
				"<=msec": 6.200
				,"percent": 91.88
				}
			,{
				"<=msec": 6.300
				,"percent": 92.08
				}
			,{
				"<=msec": 6.400
				,"percent": 92.37
				}
			,{
				"<=msec": 6.500
				,"percent": 92.68
				}
			,{
				"<=msec": 6.600
				,"percent": 92.91
				}
			,{
				"<=msec": 6.700
				,"percent": 93.17
				}
			,{
				"<=msec": 6.800
				,"percent": 93.63
				}
			,{
				"<=msec": 6.900
				,"percent": 94.01
				}
			,{
				"<=msec": 7.000
				,"percent": 94.39
				}
			,{
				"<=msec": 7.100
				,"percent": 94.74
				}
			,{
				"<=msec": 7.200
				,"percent": 95.08
				}
			,{
				"<=msec": 7.300
				,"percent": 95.37
				}
			,{
				"<=msec": 7.400
				,"percent": 95.74
				}
			,{
				"<=msec": 7.500
				,"percent": 96.08
				}
			,{
				"<=msec": 7.600
				,"percent": 96.38
				}
			,{
				"<=msec": 7.700
				,"percent": 96.59
				}
			,{
				"<=msec": 7.800
				,"percent": 96.83
				}
			,{
				"<=msec": 7.900
				,"percent": 97.06
				}
			,{
				"<=msec": 8.000
				,"percent": 97.21
				}
			,{
				"<=msec": 8.100
				,"percent": 97.37
				}
			,{
				"<=msec": 8.200
				,"percent": 97.47
				}
			,{
				"<=msec": 8.300
				,"percent": 97.62
				}
			,{
				"<=msec": 8.400
				,"percent": 97.77
				}
			,{
				"<=msec": 8.500
				,"percent": 97.85
				}
			,{
				"<=msec": 8.600
				,"percent": 97.93
				}
			,{
				"<=msec": 8.700
				,"percent": 97.99
				}
			,{
				"<=msec": 8.800
				,"percent": 98.08
				}
			,{
				"<=msec": 8.900
				,"percent": 98.17
				}
			,{
				"<=msec": 9.000
				,"percent": 98.22
				}
			,{
				"<=msec": 9.100
				,"percent": 98.29
				}
			,{
				"<=msec": 9.200
				,"percent": 98.36
				}
			,{
				"<=msec": 9.300
				,"percent": 98.42
				}
			,{
				"<=msec": 9.400
				,"percent": 98.48
				}
			,{
				"<=msec": 9.500
				,"percent": 98.56
				}
			,{
				"<=msec": 9.600
				,"percent": 98.60
				}
			,{
				"<=msec": 9.700
				,"percent": 98.67
				}
			,{
				"<=msec": 9.800
				,"percent": 98.73
				}
			,{
				"<=msec": 9.900
				,"percent": 98.79
				}
			,{
				"<=msec": 10.000
				,"percent": 99.13
				}
			,{
				"<=msec": 11.000
				,"percent": 99.49
				}
			,{
				"<=msec": 12.000
				,"percent": 99.71
				}
			,{
				"<=msec": 13.000
				,"percent": 99.80
				}
			,{
				"<=msec": 14.000
				,"percent": 99.84
				}
			,{
				"<=msec": 15.000
				,"percent": 99.87
				}
			,{
				"<=msec": 16.000
				,"percent": 99.90
				}
			,{
				"<=msec": 17.000
				,"percent": 99.91
				}
			,{
				"<=msec": 18.000
				,"percent": 99.94
				}
			,{
				"<=msec": 19.000
				,"percent": 99.96
				}
			,{
				"<=msec": 20.000
				,"percent": 99.97
				}
			,{
				"<=msec": 21.000
				,"percent": 99.98
				}
			,{
				"<=msec": 22.000
				,"percent": 99.99
				}
			,{
				"<=msec": 27.000
				,"percent": 100.00
				}
			]
		,"WAIT":[
		]
		}
	}
