{
	"configuration":{
		"server": "10.0.0.4"
		,"port": 11212
		,"unix socket": "(null)"
		,"protocol": "memcache_text"
		,"out_file": "(null)"
		,"client_stats": "(null)"
		,"run_count": 1
		,"debug": 0
		,"requests": 0
		,"clients": 2
		,"threads": 1
		,"test_time": 60
		,"ratio": "1:6"
		,"pipeline": 1
		,"data_size": 4096
		,"data_offset": 0
		,"random_data": "false"
		,"data_size_range": "0:0"
		,"data_size_list": ""
		,"data_size_pattern": "R"
		,"expiry_range": "9999:10000"
		,"data_import": "(null)"
		,"data_verify": "false"
		,"verify_only": "false"
		,"generate_keys": "false"
		,"key_prefix": "memtier-"
		,"key_minimum":           0
		,"key_maximum":        1000
		,"key_pattern": "R:R"
		,"key_stddev": 0.000000
		,"key_median": 0.000000
		,"reconnect_interval": 0
		,"multi_key_get": 6
		,"authenticate": ""
		,"select-db": 0
		,"no-expiry": "false"
		,"wait-ratio": "0:0"
		,"num-slaves": "0:0"
		,"wait-timeout": "0-0"
		}
	,"run information":{
		"Threads": 1
		,"Connections per thread": 2
		,"Seconds": 60
		}
	,"ALL STATS":{
		"Sets":{
			"Ops/sec": 224.68
			,"Hits/sec": 0.00
			,"Misses/sec": 0.00
			,"Latency": 4.01
			,"KB/sec": 907.34
			}
		,"Gets":{
			"Ops/sec": 224.64
			,"Hits/sec": 1347.85
			,"Misses/sec": 0.00
			,"Latency": 4.87
			,"KB/sec": 5445.96
			}
		,"Waits":{
			"Ops/sec": 0.00
			,"Hits/sec": 0.00
			,"Misses/sec": 0.00
			,"Latency": 0.00
			,"KB/sec": 0.00
			}
		,"Totals":{
			"Ops/sec": 449.32
			,"Hits/sec": 1347.85
			,"Misses/sec": 0.00
			,"Latency": 4.44
			,"KB/sec": 6353.30
			}
		,"SET":[
			{
				"<=msec": 1.500
				,"percent": 0.02
				}
			,{
				"<=msec": 1.600
				,"percent": 0.22
				}
			,{
				"<=msec": 1.700
				,"percent": 1.06
				}
			,{
				"<=msec": 1.800
				,"percent": 2.86
				}
			,{
				"<=msec": 1.900
				,"percent": 6.30
				}
			,{
				"<=msec": 2.000
				,"percent": 10.79
				}
			,{
				"<=msec": 2.100
				,"percent": 16.11
				}
			,{
				"<=msec": 2.200
				,"percent": 21.44
				}
			,{
				"<=msec": 2.300
				,"percent": 27.33
				}
			,{
				"<=msec": 2.400
				,"percent": 32.15
				}
			,{
				"<=msec": 2.500
				,"percent": 36.92
				}
			,{
				"<=msec": 2.600
				,"percent": 41.21
				}
			,{
				"<=msec": 2.700
				,"percent": 44.80
				}
			,{
				"<=msec": 2.800
				,"percent": 48.10
				}
			,{
				"<=msec": 2.900
				,"percent": 51.31
				}
			,{
				"<=msec": 3.000
				,"percent": 53.73
				}
			,{
				"<=msec": 3.100
				,"percent": 56.19
				}
			,{
				"<=msec": 3.200
				,"percent": 58.34
				}
			,{
				"<=msec": 3.300
				,"percent": 60.06
				}
			,{
				"<=msec": 3.400
				,"percent": 61.81
				}
			,{
				"<=msec": 3.500
				,"percent": 63.33
				}
			,{
				"<=msec": 3.600
				,"percent": 64.57
				}
			,{
				"<=msec": 3.700
				,"percent": 65.91
				}
			,{
				"<=msec": 3.800
				,"percent": 66.97
				}
			,{
				"<=msec": 3.900
				,"percent": 68.01
				}
			,{
				"<=msec": 4.000
				,"percent": 68.74
				}
			,{
				"<=msec": 4.100
				,"percent": 69.59
				}
			,{
				"<=msec": 4.200
				,"percent": 70.45
				}
			,{
				"<=msec": 4.300
				,"percent": 71.17
				}
			,{
				"<=msec": 4.400
				,"percent": 71.72
				}
			,{
				"<=msec": 4.500
				,"percent": 72.28
				}
			,{
				"<=msec": 4.600
				,"percent": 72.72
				}
			,{
				"<=msec": 4.700
				,"percent": 73.35
				}
			,{
				"<=msec": 4.800
				,"percent": 73.90
				}
			,{
				"<=msec": 4.900
				,"percent": 74.37
				}
			,{
				"<=msec": 5.000
				,"percent": 74.92
				}
			,{
				"<=msec": 5.100
				,"percent": 75.38
				}
			,{
				"<=msec": 5.200
				,"percent": 75.88
				}
			,{
				"<=msec": 5.300
				,"percent": 76.50
				}
			,{
				"<=msec": 5.400
				,"percent": 77.02
				}
			,{
				"<=msec": 5.500
				,"percent": 77.55
				}
			,{
				"<=msec": 5.600
				,"percent": 78.00
				}
			,{
				"<=msec": 5.700
				,"percent": 78.46
				}
			,{
				"<=msec": 5.800
				,"percent": 79.13
				}
			,{
				"<=msec": 5.900
				,"percent": 79.75
				}
			,{
				"<=msec": 6.000
				,"percent": 80.36
				}
			,{
				"<=msec": 6.100
				,"percent": 80.88
				}
			,{
				"<=msec": 6.200
				,"percent": 81.27
				}
			,{
				"<=msec": 6.300
				,"percent": 81.83
				}
			,{
				"<=msec": 6.400
				,"percent": 82.43
				}
			,{
				"<=msec": 6.500
				,"percent": 82.88
				}
			,{
				"<=msec": 6.600
				,"percent": 83.35
				}
			,{
				"<=msec": 6.700
				,"percent": 83.96
				}
			,{
				"<=msec": 6.800
				,"percent": 84.48
				}
			,{
				"<=msec": 6.900
				,"percent": 85.10
				}
			,{
				"<=msec": 7.000
				,"percent": 85.74
				}
			,{
				"<=msec": 7.100
				,"percent": 86.23
				}
			,{
				"<=msec": 7.200
				,"percent": 86.72
				}
			,{
				"<=msec": 7.300
				,"percent": 87.16
				}
			,{
				"<=msec": 7.400
				,"percent": 87.61
				}
			,{
				"<=msec": 7.500
				,"percent": 88.17
				}
			,{
				"<=msec": 7.600
				,"percent": 88.66
				}
			,{
				"<=msec": 7.700
				,"percent": 89.16
				}
			,{
				"<=msec": 7.800
				,"percent": 89.70
				}
			,{
				"<=msec": 7.900
				,"percent": 90.13
				}
			,{
				"<=msec": 8.000
				,"percent": 90.59
				}
			,{
				"<=msec": 8.100
				,"percent": 90.94
				}
			,{
				"<=msec": 8.200
				,"percent": 91.39
				}
			,{
				"<=msec": 8.300
				,"percent": 91.84
				}
			,{
				"<=msec": 8.400
				,"percent": 92.32
				}
			,{
				"<=msec": 8.500
				,"percent": 92.69
				}
			,{
				"<=msec": 8.600
				,"percent": 93.06
				}
			,{
				"<=msec": 8.700
				,"percent": 93.45
				}
			,{
				"<=msec": 8.800
				,"percent": 93.82
				}
			,{
				"<=msec": 8.900
				,"percent": 94.23
				}
			,{
				"<=msec": 9.000
				,"percent": 94.64
				}
			,{
				"<=msec": 9.100
				,"percent": 94.96
				}
			,{
				"<=msec": 9.200
				,"percent": 95.39
				}
			,{
				"<=msec": 9.300
				,"percent": 95.82
				}
			,{
				"<=msec": 9.400
				,"percent": 96.19
				}
			,{
				"<=msec": 9.500
				,"percent": 96.42
				}
			,{
				"<=msec": 9.600
				,"percent": 96.70
				}
			,{
				"<=msec": 9.700
				,"percent": 96.92
				}
			,{
				"<=msec": 9.800
				,"percent": 97.26
				}
			,{
				"<=msec": 9.900
				,"percent": 97.49
				}
			,{
				"<=msec": 10.000
				,"percent": 98.52
				}
			,{
				"<=msec": 11.000
				,"percent": 99.15
				}
			,{
				"<=msec": 12.000
				,"percent": 99.37
				}
			,{
				"<=msec": 13.000
				,"percent": 99.55
				}
			,{
				"<=msec": 14.000
				,"percent": 99.64
				}
			,{
				"<=msec": 15.000
				,"percent": 99.69
				}
			,{
				"<=msec": 16.000
				,"percent": 99.78
				}
			,{
				"<=msec": 17.000
				,"percent": 99.84
				}
			,{
				"<=msec": 18.000
				,"percent": 99.86
				}
			,{
				"<=msec": 19.000
				,"percent": 99.88
				}
			,{
				"<=msec": 20.000
				,"percent": 99.91
				}
			,{
				"<=msec": 21.000
				,"percent": 99.93
				}
			,{
				"<=msec": 22.000
				,"percent": 99.94
				}
			,{
				"<=msec": 23.000
				,"percent": 99.96
				}
			,{
				"<=msec": 24.000
				,"percent": 99.97
				}
			,{
				"<=msec": 28.000
				,"percent": 99.98
				}
			,{
				"<=msec": 29.000
				,"percent": 99.99
				}
			,{
				"<=msec": 30.000
				,"percent": 99.99
				}
			,{
				"<=msec": 33.000
				,"percent": 100.00
				}
			]
		,"GET":[
			{
				"<=msec": 1.800
				,"percent": 0.01
				}
			,{
				"<=msec": 1.900
				,"percent": 0.11
				}
			,{
				"<=msec": 2.000
				,"percent": 0.33
				}
			,{
				"<=msec": 2.100
				,"percent": 0.91
				}
			,{
				"<=msec": 2.200
				,"percent": 2.07
				}
			,{
				"<=msec": 2.300
				,"percent": 4.21
				}
			,{
				"<=msec": 2.400
				,"percent": 6.62
				}
			,{
				"<=msec": 2.500
				,"percent": 10.10
				}
			,{
				"<=msec": 2.600
				,"percent": 13.73
				}
			,{
				"<=msec": 2.700
				,"percent": 18.04
				}
			,{
				"<=msec": 2.800
				,"percent": 22.23
				}
			,{
				"<=msec": 2.900
				,"percent": 25.88
				}
			,{
				"<=msec": 3.000
				,"percent": 29.92
				}
			,{
				"<=msec": 3.100
				,"percent": 33.96
				}
			,{
				"<=msec": 3.200
				,"percent": 37.54
				}
			,{
				"<=msec": 3.300
				,"percent": 40.92
				}
			,{
				"<=msec": 3.400
				,"percent": 43.93
				}
			,{
				"<=msec": 3.500
				,"percent": 46.48
				}
			,{
				"<=msec": 3.600
				,"percent": 48.91
				}
			,{
				"<=msec": 3.700
				,"percent": 51.22
				}
			,{
				"<=msec": 3.800
				,"percent": 53.41
				}
			,{
				"<=msec": 3.900
				,"percent": 55.18
				}
			,{
				"<=msec": 4.000
				,"percent": 56.95
				}
			,{
				"<=msec": 4.100
				,"percent": 58.57
				}
			,{
				"<=msec": 4.200
				,"percent": 59.92
				}
			,{
				"<=msec": 4.300
				,"percent": 61.13
				}
			,{
				"<=msec": 4.400
				,"percent": 62.20
				}
			,{
				"<=msec": 4.500
				,"percent": 63.11
				}
			,{
				"<=msec": 4.600
				,"percent": 64.00
				}
			,{
				"<=msec": 4.700
				,"percent": 64.83
				}
			,{
				"<=msec": 4.800
				,"percent": 65.62
				}
			,{
				"<=msec": 4.900
				,"percent": 66.32
				}
			,{
				"<=msec": 5.000
				,"percent": 67.02
				}
			,{
				"<=msec": 5.100
				,"percent": 67.76
				}
			,{
				"<=msec": 5.200
				,"percent": 68.34
				}
			,{
				"<=msec": 5.300
				,"percent": 68.94
				}
			,{
				"<=msec": 5.400
				,"percent": 69.46
				}
			,{
				"<=msec": 5.500
				,"percent": 69.95
				}
			,{
				"<=msec": 5.600
				,"percent": 70.45
				}
			,{
				"<=msec": 5.700
				,"percent": 71.05
				}
			,{
				"<=msec": 5.800
				,"percent": 71.64
				}
			,{
				"<=msec": 5.900
				,"percent": 72.20
				}
			,{
				"<=msec": 6.000
				,"percent": 72.75
				}
			,{
				"<=msec": 6.100
				,"percent": 73.31
				}
			,{
				"<=msec": 6.200
				,"percent": 73.91
				}
			,{
				"<=msec": 6.300
				,"percent": 74.32
				}
			,{
				"<=msec": 6.400
				,"percent": 74.97
				}
			,{
				"<=msec": 6.500
				,"percent": 75.70
				}
			,{
				"<=msec": 6.600
				,"percent": 76.32
				}
			,{
				"<=msec": 6.700
				,"percent": 76.96
				}
			,{
				"<=msec": 6.800
				,"percent": 77.58
				}
			,{
				"<=msec": 6.900
				,"percent": 78.28
				}
			,{
				"<=msec": 7.000
				,"percent": 78.93
				}
			,{
				"<=msec": 7.100
				,"percent": 79.45
				}
			,{
				"<=msec": 7.200
				,"percent": 80.11
				}
			,{
				"<=msec": 7.300
				,"percent": 80.78
				}
			,{
				"<=msec": 7.400
				,"percent": 81.40
				}
			,{
				"<=msec": 7.500
				,"percent": 82.09
				}
			,{
				"<=msec": 7.600
				,"percent": 82.85
				}
			,{
				"<=msec": 7.700
				,"percent": 83.48
				}
			,{
				"<=msec": 7.800
				,"percent": 84.09
				}
			,{
				"<=msec": 7.900
				,"percent": 84.58
				}
			,{
				"<=msec": 8.000
				,"percent": 85.20
				}
			,{
				"<=msec": 8.100
				,"percent": 85.69
				}
			,{
				"<=msec": 8.200
				,"percent": 86.21
				}
			,{
				"<=msec": 8.300
				,"percent": 86.78
				}
			,{
				"<=msec": 8.400
				,"percent": 87.24
				}
			,{
				"<=msec": 8.500
				,"percent": 87.68
				}
			,{
				"<=msec": 8.600
				,"percent": 88.20
				}
			,{
				"<=msec": 8.700
				,"percent": 88.58
				}
			,{
				"<=msec": 8.800
				,"percent": 89.09
				}
			,{
				"<=msec": 8.900
				,"percent": 89.59
				}
			,{
				"<=msec": 9.000
				,"percent": 90.06
				}
			,{
				"<=msec": 9.100
				,"percent": 90.56
				}
			,{
				"<=msec": 9.200
				,"percent": 90.89
				}
			,{
				"<=msec": 9.300
				,"percent": 91.36
				}
			,{
				"<=msec": 9.400
				,"percent": 91.82
				}
			,{
				"<=msec": 9.500
				,"percent": 92.20
				}
			,{
				"<=msec": 9.600
				,"percent": 92.65
				}
			,{
				"<=msec": 9.700
				,"percent": 93.06
				}
			,{
				"<=msec": 9.800
				,"percent": 93.56
				}
			,{
				"<=msec": 9.900
				,"percent": 93.91
				}
			,{
				"<=msec": 10.000
				,"percent": 95.76
				}
			,{
				"<=msec": 11.000
				,"percent": 98.10
				}
			,{
				"<=msec": 12.000
				,"percent": 98.95
				}
			,{
				"<=msec": 13.000
				,"percent": 99.33
				}
			,{
				"<=msec": 14.000
				,"percent": 99.53
				}
			,{
				"<=msec": 15.000
				,"percent": 99.66
				}
			,{
				"<=msec": 16.000
				,"percent": 99.75
				}
			,{
				"<=msec": 17.000
				,"percent": 99.79
				}
			,{
				"<=msec": 18.000
				,"percent": 99.82
				}
			,{
				"<=msec": 19.000
				,"percent": 99.87
				}
			,{
				"<=msec": 20.000
				,"percent": 99.89
				}
			,{
				"<=msec": 21.000
				,"percent": 99.92
				}
			,{
				"<=msec": 22.000
				,"percent": 99.93
				}
			,{
				"<=msec": 23.000
				,"percent": 99.94
				}
			,{
				"<=msec": 24.000
				,"percent": 99.96
				}
			,{
				"<=msec": 25.000
				,"percent": 99.97
				}
			,{
				"<=msec": 26.000
				,"percent": 99.99
				}
			,{
				"<=msec": 28.000
				,"percent": 99.99
				}
			,{
				"<=msec": 29.000
				,"percent": 100.00
				}
			]
		,"WAIT":[
		]
		}
	}
