{
	"configuration":{
		"server": "10.0.0.4"
		,"port": 11212
		,"unix socket": "(null)"
		,"protocol": "memcache_text"
		,"out_file": "(null)"
		,"client_stats": "(null)"
		,"run_count": 1
		,"debug": 0
		,"requests": 0
		,"clients": 2
		,"threads": 1
		,"test_time": 60
		,"ratio": "1:3"
		,"pipeline": 1
		,"data_size": 4096
		,"data_offset": 0
		,"random_data": "false"
		,"data_size_range": "0:0"
		,"data_size_list": ""
		,"data_size_pattern": "R"
		,"expiry_range": "9999:10000"
		,"data_import": "(null)"
		,"data_verify": "false"
		,"verify_only": "false"
		,"generate_keys": "false"
		,"key_prefix": "memtier-"
		,"key_minimum":           0
		,"key_maximum":        1000
		,"key_pattern": "R:R"
		,"key_stddev": 0.000000
		,"key_median": 0.000000
		,"reconnect_interval": 0
		,"multi_key_get": 3
		,"authenticate": ""
		,"select-db": 0
		,"no-expiry": "false"
		,"wait-ratio": "0:0"
		,"num-slaves": "0:0"
		,"wait-timeout": "0-0"
		}
	,"run information":{
		"Threads": 1
		,"Connections per thread": 2
		,"Seconds": 60
		}
	,"ALL STATS":{
		"Sets":{
			"Ops/sec": 322.61
			,"Hits/sec": 0.00
			,"Misses/sec": 0.00
			,"Latency": 3.04
			,"KB/sec": 1302.86
			}
		,"Gets":{
			"Ops/sec": 322.60
			,"Hits/sec": 967.79
			,"Misses/sec": 0.00
			,"Latency": 3.14
			,"KB/sec": 3911.88
			}
		,"Waits":{
			"Ops/sec": 0.00
			,"Hits/sec": 0.00
			,"Misses/sec": 0.00
			,"Latency": 0.00
			,"KB/sec": 0.00
			}
		,"Totals":{
			"Ops/sec": 645.21
			,"Hits/sec": 967.79
			,"Misses/sec": 0.00
			,"Latency": 3.09
			,"KB/sec": 5214.74
			}
		,"SET":[
			{
				"<=msec": 1.400
				,"percent": 0.01
				}
			,{
				"<=msec": 1.500
				,"percent": 0.25
				}
			,{
				"<=msec": 1.600
				,"percent": 1.67
				}
			,{
				"<=msec": 1.700
				,"percent": 5.03
				}
			,{
				"<=msec": 1.800
				,"percent": 10.81
				}
			,{
				"<=msec": 1.900
				,"percent": 18.39
				}
			,{
				"<=msec": 2.000
				,"percent": 26.40
				}
			,{
				"<=msec": 2.100
				,"percent": 34.61
				}
			,{
				"<=msec": 2.200
				,"percent": 41.88
				}
			,{
				"<=msec": 2.300
				,"percent": 48.58
				}
			,{
				"<=msec": 2.400
				,"percent": 54.42
				}
			,{
				"<=msec": 2.500
				,"percent": 58.98
				}
			,{
				"<=msec": 2.600
				,"percent": 62.89
				}
			,{
				"<=msec": 2.700
				,"percent": 66.51
				}
			,{
				"<=msec": 2.800
				,"percent": 69.47
				}
			,{
				"<=msec": 2.900
				,"percent": 72.01
				}
			,{
				"<=msec": 3.000
				,"percent": 74.08
				}
			,{
				"<=msec": 3.100
				,"percent": 75.65
				}
			,{
				"<=msec": 3.200
				,"percent": 77.17
				}
			,{
				"<=msec": 3.300
				,"percent": 78.44
				}
			,{
				"<=msec": 3.400
				,"percent": 79.60
				}
			,{
				"<=msec": 3.500
				,"percent": 80.68
				}
			,{
				"<=msec": 3.600
				,"percent": 81.48
				}
			,{
				"<=msec": 3.700
				,"percent": 82.26
				}
			,{
				"<=msec": 3.800
				,"percent": 82.99
				}
			,{
				"<=msec": 3.900
				,"percent": 83.59
				}
			,{
				"<=msec": 4.000
				,"percent": 84.20
				}
			,{
				"<=msec": 4.100
				,"percent": 84.72
				}
			,{
				"<=msec": 4.200
				,"percent": 85.26
				}
			,{
				"<=msec": 4.300
				,"percent": 85.83
				}
			,{
				"<=msec": 4.400
				,"percent": 86.34
				}
			,{
				"<=msec": 4.500
				,"percent": 86.82
				}
			,{
				"<=msec": 4.600
				,"percent": 87.30
				}
			,{
				"<=msec": 4.700
				,"percent": 87.72
				}
			,{
				"<=msec": 4.800
				,"percent": 88.09
				}
			,{
				"<=msec": 4.900
				,"percent": 88.46
				}
			,{
				"<=msec": 5.000
				,"percent": 88.79
				}
			,{
				"<=msec": 5.100
				,"percent": 89.15
				}
			,{
				"<=msec": 5.200
				,"percent": 89.47
				}
			,{
				"<=msec": 5.300
				,"percent": 89.76
				}
			,{
				"<=msec": 5.400
				,"percent": 90.05
				}
			,{
				"<=msec": 5.500
				,"percent": 90.32
				}
			,{
				"<=msec": 5.600
				,"percent": 90.63
				}
			,{
				"<=msec": 5.700
				,"percent": 90.95
				}
			,{
				"<=msec": 5.800
				,"percent": 91.28
				}
			,{
				"<=msec": 5.900
				,"percent": 91.62
				}
			,{
				"<=msec": 6.000
				,"percent": 91.91
				}
			,{
				"<=msec": 6.100
				,"percent": 92.15
				}
			,{
				"<=msec": 6.200
				,"percent": 92.31
				}
			,{
				"<=msec": 6.300
				,"percent": 92.62
				}
			,{
				"<=msec": 6.400
				,"percent": 92.95
				}
			,{
				"<=msec": 6.500
				,"percent": 93.13
				}
			,{
				"<=msec": 6.600
				,"percent": 93.44
				}
			,{
				"<=msec": 6.700
				,"percent": 93.79
				}
			,{
				"<=msec": 6.800
				,"percent": 94.10
				}
			,{
				"<=msec": 6.900
				,"percent": 94.36
				}
			,{
				"<=msec": 7.000
				,"percent": 94.67
				}
			,{
				"<=msec": 7.100
				,"percent": 95.00
				}
			,{
				"<=msec": 7.200
				,"percent": 95.23
				}
			,{
				"<=msec": 7.300
				,"percent": 95.55
				}
			,{
				"<=msec": 7.400
				,"percent": 95.82
				}
			,{
				"<=msec": 7.500
				,"percent": 96.18
				}
			,{
				"<=msec": 7.600
				,"percent": 96.43
				}
			,{
				"<=msec": 7.700
				,"percent": 96.72
				}
			,{
				"<=msec": 7.800
				,"percent": 96.89
				}
			,{
				"<=msec": 7.900
				,"percent": 97.09
				}
			,{
				"<=msec": 8.000
				,"percent": 97.30
				}
			,{
				"<=msec": 8.100
				,"percent": 97.44
				}
			,{
				"<=msec": 8.200
				,"percent": 97.59
				}
			,{
				"<=msec": 8.300
				,"percent": 97.75
				}
			,{
				"<=msec": 8.400
				,"percent": 97.84
				}
			,{
				"<=msec": 8.500
				,"percent": 97.95
				}
			,{
				"<=msec": 8.600
				,"percent": 98.05
				}
			,{
				"<=msec": 8.700
				,"percent": 98.12
				}
			,{
				"<=msec": 8.800
				,"percent": 98.21
				}
			,{
				"<=msec": 8.900
				,"percent": 98.26
				}
			,{
				"<=msec": 9.000
				,"percent": 98.35
				}
			,{
				"<=msec": 9.100
				,"percent": 98.40
				}
			,{
				"<=msec": 9.200
				,"percent": 98.47
				}
			,{
				"<=msec": 9.300
				,"percent": 98.58
				}
			,{
				"<=msec": 9.400
				,"percent": 98.65
				}
			,{
				"<=msec": 9.500
				,"percent": 98.68
				}
			,{
				"<=msec": 9.600
				,"percent": 98.75
				}
			,{
				"<=msec": 9.700
				,"percent": 98.81
				}
			,{
				"<=msec": 9.800
				,"percent": 98.85
				}
			,{
				"<=msec": 9.900
				,"percent": 98.92
				}
			,{
				"<=msec": 10.000
				,"percent": 99.15
				}
			,{
				"<=msec": 11.000
				,"percent": 99.44
				}
			,{
				"<=msec": 12.000
				,"percent": 99.60
				}
			,{
				"<=msec": 13.000
				,"percent": 99.74
				}
			,{
				"<=msec": 14.000
				,"percent": 99.79
				}
			,{
				"<=msec": 15.000
				,"percent": 99.86
				}
			,{
				"<=msec": 16.000
				,"percent": 99.88
				}
			,{
				"<=msec": 17.000
				,"percent": 99.92
				}
			,{
				"<=msec": 18.000
				,"percent": 99.93
				}
			,{
				"<=msec": 19.000
				,"percent": 99.93
				}
			,{
				"<=msec": 20.000
				,"percent": 99.94
				}
			,{
				"<=msec": 21.000
				,"percent": 99.95
				}
			,{
				"<=msec": 22.000
				,"percent": 99.96
				}
			,{
				"<=msec": 23.000
				,"percent": 99.97
				}
			,{
				"<=msec": 24.000
				,"percent": 99.98
				}
			,{
				"<=msec": 34.000
				,"percent": 99.99
				}
			,{
				"<=msec": 40.000
				,"percent": 99.99
				}
			,{
				"<=msec": 42.000
				,"percent": 100.00
				}
			]
		,"GET":[
			{
				"<=msec": 1.500
				,"percent": 0.03
				}
			,{
				"<=msec": 1.600
				,"percent": 0.28
				}
			,{
				"<=msec": 1.700
				,"percent": 1.79
				}
			,{
				"<=msec": 1.800
				,"percent": 5.29
				}
			,{
				"<=msec": 1.900
				,"percent": 11.27
				}
			,{
				"<=msec": 2.000
				,"percent": 18.55
				}
			,{
				"<=msec": 2.100
				,"percent": 26.41
				}
			,{
				"<=msec": 2.200
				,"percent": 34.52
				}
			,{
				"<=msec": 2.300
				,"percent": 42.01
				}
			,{
				"<=msec": 2.400
				,"percent": 48.27
				}
			,{
				"<=msec": 2.500
				,"percent": 53.70
				}
			,{
				"<=msec": 2.600
				,"percent": 58.72
				}
			,{
				"<=msec": 2.700
				,"percent": 63.11
				}
			,{
				"<=msec": 2.800
				,"percent": 66.65
				}
			,{
				"<=msec": 2.900
				,"percent": 69.49
				}
			,{
				"<=msec": 3.000
				,"percent": 72.05
				}
			,{
				"<=msec": 3.100
				,"percent": 74.29
				}
			,{
				"<=msec": 3.200
				,"percent": 76.06
				}
			,{
				"<=msec": 3.300
				,"percent": 77.56
				}
			,{
				"<=msec": 3.400
				,"percent": 78.89
				}
			,{
				"<=msec": 3.500
				,"percent": 80.06
				}
			,{
				"<=msec": 3.600
				,"percent": 81.08
				}
			,{
				"<=msec": 3.700
				,"percent": 82.00
				}
			,{
				"<=msec": 3.800
				,"percent": 82.77
				}
			,{
				"<=msec": 3.900
				,"percent": 83.54
				}
			,{
				"<=msec": 4.000
				,"percent": 84.20
				}
			,{
				"<=msec": 4.100
				,"percent": 84.82
				}
			,{
				"<=msec": 4.200
				,"percent": 85.39
				}
			,{
				"<=msec": 4.300
				,"percent": 85.96
				}
			,{
				"<=msec": 4.400
				,"percent": 86.45
				}
			,{
				"<=msec": 4.500
				,"percent": 86.84
				}
			,{
				"<=msec": 4.600
				,"percent": 87.23
				}
			,{
				"<=msec": 4.700
				,"percent": 87.64
				}
			,{
				"<=msec": 4.800
				,"percent": 88.03
				}
			,{
				"<=msec": 4.900
				,"percent": 88.38
				}
			,{
				"<=msec": 5.000
				,"percent": 88.70
				}
			,{
				"<=msec": 5.100
				,"percent": 89.02
				}
			,{
				"<=msec": 5.200
				,"percent": 89.39
				}
			,{
				"<=msec": 5.300
				,"percent": 89.73
				}
			,{
				"<=msec": 5.400
				,"percent": 90.03
				}
			,{
				"<=msec": 5.500
				,"percent": 90.35
				}
			,{
				"<=msec": 5.600
				,"percent": 90.63
				}
			,{
				"<=msec": 5.700
				,"percent": 90.91
				}
			,{
				"<=msec": 5.800
				,"percent": 91.18
				}
			,{
				"<=msec": 5.900
				,"percent": 91.51
				}
			,{
				"<=msec": 6.000
				,"percent": 91.76
				}
			,{
				"<=msec": 6.100
				,"percent": 92.06
				}
			,{
				"<=msec": 6.200
				,"percent": 92.37
				}
			,{
				"<=msec": 6.300
				,"percent": 92.66
				}
			,{
				"<=msec": 6.400
				,"percent": 92.93
				}
			,{
				"<=msec": 6.500
				,"percent": 93.21
				}
			,{
				"<=msec": 6.600
				,"percent": 93.51
				}
			,{
				"<=msec": 6.700
				,"percent": 93.82
				}
			,{
				"<=msec": 6.800
				,"percent": 94.13
				}
			,{
				"<=msec": 6.900
				,"percent": 94.33
				}
			,{
				"<=msec": 7.000
				,"percent": 94.61
				}
			,{
				"<=msec": 7.100
				,"percent": 94.88
				}
			,{
				"<=msec": 7.200
				,"percent": 95.16
				}
			,{
				"<=msec": 7.300
				,"percent": 95.43
				}
			,{
				"<=msec": 7.400
				,"percent": 95.75
				}
			,{
				"<=msec": 7.500
				,"percent": 96.04
				}
			,{
				"<=msec": 7.600
				,"percent": 96.34
				}
			,{
				"<=msec": 7.700
				,"percent": 96.58
				}
			,{
				"<=msec": 7.800
				,"percent": 96.80
				}
			,{
				"<=msec": 7.900
				,"percent": 97.02
				}
			,{
				"<=msec": 8.000
				,"percent": 97.17
				}
			,{
				"<=msec": 8.100
				,"percent": 97.39
				}
			,{
				"<=msec": 8.200
				,"percent": 97.52
				}
			,{
				"<=msec": 8.300
				,"percent": 97.68
				}
			,{
				"<=msec": 8.400
				,"percent": 97.81
				}
			,{
				"<=msec": 8.500
				,"percent": 97.91
				}
			,{
				"<=msec": 8.600
				,"percent": 98.02
				}
			,{
				"<=msec": 8.700
				,"percent": 98.09
				}
			,{
				"<=msec": 8.800
				,"percent": 98.19
				}
			,{
				"<=msec": 8.900
				,"percent": 98.26
				}
			,{
				"<=msec": 9.000
				,"percent": 98.33
				}
			,{
				"<=msec": 9.100
				,"percent": 98.39
				}
			,{
				"<=msec": 9.200
				,"percent": 98.45
				}
			,{
				"<=msec": 9.300
				,"percent": 98.51
				}
			,{
				"<=msec": 9.400
				,"percent": 98.54
				}
			,{
				"<=msec": 9.500
				,"percent": 98.59
				}
			,{
				"<=msec": 9.600
				,"percent": 98.65
				}
			,{
				"<=msec": 9.700
				,"percent": 98.70
				}
			,{
				"<=msec": 9.800
				,"percent": 98.77
				}
			,{
				"<=msec": 9.900
				,"percent": 98.81
				}
			,{
				"<=msec": 10.000
				,"percent": 99.08
				}
			,{
				"<=msec": 11.000
				,"percent": 99.39
				}
			,{
				"<=msec": 12.000
				,"percent": 99.60
				}
			,{
				"<=msec": 13.000
				,"percent": 99.71
				}
			,{
				"<=msec": 14.000
				,"percent": 99.79
				}
			,{
				"<=msec": 15.000
				,"percent": 99.81
				}
			,{
				"<=msec": 16.000
				,"percent": 99.82
				}
			,{
				"<=msec": 17.000
				,"percent": 99.87
				}
			,{
				"<=msec": 18.000
				,"percent": 99.88
				}
			,{
				"<=msec": 19.000
				,"percent": 99.91
				}
			,{
				"<=msec": 20.000
				,"percent": 99.93
				}
			,{
				"<=msec": 21.000
				,"percent": 99.94
				}
			,{
				"<=msec": 22.000
				,"percent": 99.95
				}
			,{
				"<=msec": 23.000
				,"percent": 99.96
				}
			,{
				"<=msec": 24.000
				,"percent": 99.96
				}
			,{
				"<=msec": 25.000
				,"percent": 99.97
				}
			,{
				"<=msec": 27.000
				,"percent": 99.97
				}
			,{
				"<=msec": 31.000
				,"percent": 99.98
				}
			,{
				"<=msec": 36.000
				,"percent": 99.99
				}
			,{
				"<=msec": 41.000
				,"percent": 99.99
				}
			,{
				"<=msec": 210.000
				,"percent": 100.00
				}
			]
		,"WAIT":[
		]
		}
	}
