{
	"configuration":{
		"server": "10.0.0.9"
		,"port": 11212
		,"unix socket": "(null)"
		,"protocol": "memcache_text"
		,"out_file": "(null)"
		,"client_stats": "(null)"
		,"run_count": 1
		,"debug": 0
		,"requests": 0
		,"clients": 32
		,"threads": 2
		,"test_time": 60
		,"ratio": "0:1"
		,"pipeline": 1
		,"data_size": 4096
		,"data_offset": 0
		,"random_data": "false"
		,"data_size_range": "0:0"
		,"data_size_list": ""
		,"data_size_pattern": "R"
		,"expiry_range": "9999:10000"
		,"data_import": "(null)"
		,"data_verify": "false"
		,"verify_only": "false"
		,"generate_keys": "false"
		,"key_prefix": "memtier-"
		,"key_minimum":           0
		,"key_maximum":        1000
		,"key_pattern": "R:R"
		,"key_stddev": 0.000000
		,"key_median": 0.000000
		,"reconnect_interval": 0
		,"multi_key_get": 0
		,"authenticate": ""
		,"select-db": 0
		,"no-expiry": "false"
		,"wait-ratio": "0:0"
		,"num-slaves": "0:0"
		,"wait-timeout": "0-0"
		}
	,"run information":{
		"Threads": 2
		,"Connections per thread": 32
		,"Seconds": 60
		}
	,"ALL STATS":{
		"Sets":{
			"Ops/sec": 0.00
			,"Hits/sec": 0.00
			,"Misses/sec": 0.00
			,"Latency": 0.00
			,"KB/sec": 0.00
			}
		,"Gets":{
			"Ops/sec": 2883.36
			,"Hits/sec": 2844.97
			,"Misses/sec": 38.39
			,"Latency": 22.19
			,"KB/sec": 11518.97
			}
		,"Waits":{
			"Ops/sec": 0.00
			,"Hits/sec": 0.00
			,"Misses/sec": 0.00
			,"Latency": 0.00
			,"KB/sec": 0.00
			}
		,"Totals":{
			"Ops/sec": 2883.36
			,"Hits/sec": 2844.97
			,"Misses/sec": 38.39
			,"Latency": 22.19
			,"KB/sec": 11518.97
			}
		,"SET":[
		]
		,"GET":[
			{
				"<=msec": 6.900
				,"percent": 0.00
				}
			,{
				"<=msec": 7.300
				,"percent": 0.00
				}
			,{
				"<=msec": 7.900
				,"percent": 0.00
				}
			,{
				"<=msec": 8.800
				,"percent": 0.00
				}
			,{
				"<=msec": 9.200
				,"percent": 0.00
				}
			,{
				"<=msec": 9.600
				,"percent": 0.00
				}
			,{
				"<=msec": 9.700
				,"percent": 0.00
				}
			,{
				"<=msec": 10.000
				,"percent": 0.01
				}
			,{
				"<=msec": 11.000
				,"percent": 0.01
				}
			,{
				"<=msec": 12.000
				,"percent": 0.05
				}
			,{
				"<=msec": 13.000
				,"percent": 0.23
				}
			,{
				"<=msec": 14.000
				,"percent": 1.56
				}
			,{
				"<=msec": 15.000
				,"percent": 5.49
				}
			,{
				"<=msec": 16.000
				,"percent": 12.07
				}
			,{
				"<=msec": 17.000
				,"percent": 20.05
				}
			,{
				"<=msec": 18.000
				,"percent": 28.73
				}
			,{
				"<=msec": 19.000
				,"percent": 38.12
				}
			,{
				"<=msec": 20.000
				,"percent": 47.53
				}
			,{
				"<=msec": 21.000
				,"percent": 55.91
				}
			,{
				"<=msec": 22.000
				,"percent": 62.97
				}
			,{
				"<=msec": 23.000
				,"percent": 69.63
				}
			,{
				"<=msec": 24.000
				,"percent": 74.94
				}
			,{
				"<=msec": 25.000
				,"percent": 79.12
				}
			,{
				"<=msec": 26.000
				,"percent": 82.52
				}
			,{
				"<=msec": 27.000
				,"percent": 85.24
				}
			,{
				"<=msec": 28.000
				,"percent": 87.46
				}
			,{
				"<=msec": 29.000
				,"percent": 89.56
				}
			,{
				"<=msec": 30.000
				,"percent": 91.29
				}
			,{
				"<=msec": 31.000
				,"percent": 92.76
				}
			,{
				"<=msec": 32.000
				,"percent": 94.02
				}
			,{
				"<=msec": 33.000
				,"percent": 95.04
				}
			,{
				"<=msec": 34.000
				,"percent": 96.00
				}
			,{
				"<=msec": 35.000
				,"percent": 96.78
				}
			,{
				"<=msec": 36.000
				,"percent": 97.37
				}
			,{
				"<=msec": 37.000
				,"percent": 97.87
				}
			,{
				"<=msec": 38.000
				,"percent": 98.28
				}
			,{
				"<=msec": 39.000
				,"percent": 98.56
				}
			,{
				"<=msec": 40.000
				,"percent": 98.78
				}
			,{
				"<=msec": 41.000
				,"percent": 99.02
				}
			,{
				"<=msec": 42.000
				,"percent": 99.23
				}
			,{
				"<=msec": 43.000
				,"percent": 99.39
				}
			,{
				"<=msec": 44.000
				,"percent": 99.51
				}
			,{
				"<=msec": 45.000
				,"percent": 99.60
				}
			,{
				"<=msec": 46.000
				,"percent": 99.66
				}
			,{
				"<=msec": 47.000
				,"percent": 99.72
				}
			,{
				"<=msec": 48.000
				,"percent": 99.77
				}
			,{
				"<=msec": 49.000
				,"percent": 99.82
				}
			,{
				"<=msec": 50.000
				,"percent": 99.86
				}
			,{
				"<=msec": 51.000
				,"percent": 99.89
				}
			,{
				"<=msec": 52.000
				,"percent": 99.90
				}
			,{
				"<=msec": 53.000
				,"percent": 99.92
				}
			,{
				"<=msec": 54.000
				,"percent": 99.93
				}
			,{
				"<=msec": 55.000
				,"percent": 99.95
				}
			,{
				"<=msec": 56.000
				,"percent": 99.95
				}
			,{
				"<=msec": 57.000
				,"percent": 99.96
				}
			,{
				"<=msec": 58.000
				,"percent": 99.96
				}
			,{
				"<=msec": 59.000
				,"percent": 99.96
				}
			,{
				"<=msec": 60.000
				,"percent": 99.96
				}
			,{
				"<=msec": 270.000
				,"percent": 99.96
				}
			,{
				"<=msec": 300.000
				,"percent": 99.97
				}
			,{
				"<=msec": 310.000
				,"percent": 99.97
				}
			,{
				"<=msec": 320.000
				,"percent": 99.97
				}
			,{
				"<=msec": 330.000
				,"percent": 99.97
				}
			,{
				"<=msec": 340.000
				,"percent": 99.97
				}
			,{
				"<=msec": 350.000
				,"percent": 99.98
				}
			,{
				"<=msec": 360.000
				,"percent": 99.98
				}
			,{
				"<=msec": 370.000
				,"percent": 99.98
				}
			,{
				"<=msec": 380.000
				,"percent": 99.98
				}
			,{
				"<=msec": 390.000
				,"percent": 99.99
				}
			,{
				"<=msec": 400.000
				,"percent": 99.99
				}
			,{
				"<=msec": 410.000
				,"percent": 99.99
				}
			,{
				"<=msec": 420.000
				,"percent": 99.99
				}
			,{
				"<=msec": 430.000
				,"percent": 99.99
				}
			,{
				"<=msec": 440.000
				,"percent": 100.00
				}
			,{
				"<=msec": 450.000
				,"percent": 100.00
				}
			]
		,"WAIT":[
		]
		}
	}
