{
	"configuration":{
		"server": "10.0.0.9"
		,"port": 11212
		,"unix socket": "(null)"
		,"protocol": "memcache_text"
		,"out_file": "(null)"
		,"client_stats": "(null)"
		,"run_count": 1
		,"debug": 0
		,"requests": 0
		,"clients": 32
		,"threads": 2
		,"test_time": 60
		,"ratio": "1:0"
		,"pipeline": 1
		,"data_size": 4096
		,"data_offset": 0
		,"random_data": "false"
		,"data_size_range": "0:0"
		,"data_size_list": ""
		,"data_size_pattern": "R"
		,"expiry_range": "9999:10000"
		,"data_import": "(null)"
		,"data_verify": "false"
		,"verify_only": "false"
		,"generate_keys": "false"
		,"key_prefix": "memtier-"
		,"key_minimum":           0
		,"key_maximum":        1000
		,"key_pattern": "R:R"
		,"key_stddev": 0.000000
		,"key_median": 0.000000
		,"reconnect_interval": 0
		,"multi_key_get": 0
		,"authenticate": ""
		,"select-db": 0
		,"no-expiry": "false"
		,"wait-ratio": "0:0"
		,"num-slaves": "0:0"
		,"wait-timeout": "0-0"
		}
	,"run information":{
		"Threads": 2
		,"Connections per thread": 32
		,"Seconds": 60
		}
	,"ALL STATS":{
		"Sets":{
			"Ops/sec": 1614.51
			,"Hits/sec": 0.00
			,"Misses/sec": 0.00
			,"Latency": 39.64
			,"KB/sec": 6520.11
			}
		,"Gets":{
			"Ops/sec": 0.00
			,"Hits/sec": 0.00
			,"Misses/sec": 0.00
			,"Latency": 0.00
			,"KB/sec": 0.00
			}
		,"Waits":{
			"Ops/sec": 0.00
			,"Hits/sec": 0.00
			,"Misses/sec": 0.00
			,"Latency": 0.00
			,"KB/sec": 0.00
			}
		,"Totals":{
			"Ops/sec": 1614.51
			,"Hits/sec": 0.00
			,"Misses/sec": 0.00
			,"Latency": 39.64
			,"KB/sec": 6520.11
			}
		,"SET":[
			{
				"<=msec": 22.000
				,"percent": 0.00
				}
			,{
				"<=msec": 23.000
				,"percent": 0.01
				}
			,{
				"<=msec": 24.000
				,"percent": 0.06
				}
			,{
				"<=msec": 25.000
				,"percent": 0.33
				}
			,{
				"<=msec": 26.000
				,"percent": 1.02
				}
			,{
				"<=msec": 27.000
				,"percent": 2.36
				}
			,{
				"<=msec": 28.000
				,"percent": 4.51
				}
			,{
				"<=msec": 29.000
				,"percent": 7.73
				}
			,{
				"<=msec": 30.000
				,"percent": 12.00
				}
			,{
				"<=msec": 31.000
				,"percent": 17.36
				}
			,{
				"<=msec": 32.000
				,"percent": 23.34
				}
			,{
				"<=msec": 33.000
				,"percent": 29.38
				}
			,{
				"<=msec": 34.000
				,"percent": 35.35
				}
			,{
				"<=msec": 35.000
				,"percent": 41.15
				}
			,{
				"<=msec": 36.000
				,"percent": 46.94
				}
			,{
				"<=msec": 37.000
				,"percent": 52.31
				}
			,{
				"<=msec": 38.000
				,"percent": 57.05
				}
			,{
				"<=msec": 39.000
				,"percent": 61.37
				}
			,{
				"<=msec": 40.000
				,"percent": 65.23
				}
			,{
				"<=msec": 41.000
				,"percent": 68.40
				}
			,{
				"<=msec": 42.000
				,"percent": 71.26
				}
			,{
				"<=msec": 43.000
				,"percent": 73.91
				}
			,{
				"<=msec": 44.000
				,"percent": 76.19
				}
			,{
				"<=msec": 45.000
				,"percent": 78.27
				}
			,{
				"<=msec": 46.000
				,"percent": 80.06
				}
			,{
				"<=msec": 47.000
				,"percent": 81.65
				}
			,{
				"<=msec": 48.000
				,"percent": 83.32
				}
			,{
				"<=msec": 49.000
				,"percent": 84.79
				}
			,{
				"<=msec": 50.000
				,"percent": 86.14
				}
			,{
				"<=msec": 51.000
				,"percent": 87.43
				}
			,{
				"<=msec": 52.000
				,"percent": 88.73
				}
			,{
				"<=msec": 53.000
				,"percent": 90.02
				}
			,{
				"<=msec": 54.000
				,"percent": 91.24
				}
			,{
				"<=msec": 55.000
				,"percent": 92.29
				}
			,{
				"<=msec": 56.000
				,"percent": 93.31
				}
			,{
				"<=msec": 57.000
				,"percent": 94.19
				}
			,{
				"<=msec": 58.000
				,"percent": 94.99
				}
			,{
				"<=msec": 59.000
				,"percent": 95.67
				}
			,{
				"<=msec": 60.000
				,"percent": 96.38
				}
			,{
				"<=msec": 61.000
				,"percent": 96.99
				}
			,{
				"<=msec": 62.000
				,"percent": 97.42
				}
			,{
				"<=msec": 63.000
				,"percent": 97.82
				}
			,{
				"<=msec": 64.000
				,"percent": 98.16
				}
			,{
				"<=msec": 65.000
				,"percent": 98.41
				}
			,{
				"<=msec": 66.000
				,"percent": 98.66
				}
			,{
				"<=msec": 67.000
				,"percent": 98.85
				}
			,{
				"<=msec": 68.000
				,"percent": 98.98
				}
			,{
				"<=msec": 69.000
				,"percent": 99.09
				}
			,{
				"<=msec": 70.000
				,"percent": 99.20
				}
			,{
				"<=msec": 71.000
				,"percent": 99.29
				}
			,{
				"<=msec": 72.000
				,"percent": 99.39
				}
			,{
				"<=msec": 73.000
				,"percent": 99.45
				}
			,{
				"<=msec": 74.000
				,"percent": 99.50
				}
			,{
				"<=msec": 75.000
				,"percent": 99.55
				}
			,{
				"<=msec": 76.000
				,"percent": 99.59
				}
			,{
				"<=msec": 77.000
				,"percent": 99.62
				}
			,{
				"<=msec": 78.000
				,"percent": 99.65
				}
			,{
				"<=msec": 79.000
				,"percent": 99.67
				}
			,{
				"<=msec": 80.000
				,"percent": 99.71
				}
			,{
				"<=msec": 81.000
				,"percent": 99.72
				}
			,{
				"<=msec": 82.000
				,"percent": 99.73
				}
			,{
				"<=msec": 83.000
				,"percent": 99.75
				}
			,{
				"<=msec": 84.000
				,"percent": 99.77
				}
			,{
				"<=msec": 85.000
				,"percent": 99.79
				}
			,{
				"<=msec": 86.000
				,"percent": 99.81
				}
			,{
				"<=msec": 87.000
				,"percent": 99.82
				}
			,{
				"<=msec": 88.000
				,"percent": 99.83
				}
			,{
				"<=msec": 89.000
				,"percent": 99.87
				}
			,{
				"<=msec": 90.000
				,"percent": 99.88
				}
			,{
				"<=msec": 91.000
				,"percent": 99.89
				}
			,{
				"<=msec": 92.000
				,"percent": 99.90
				}
			,{
				"<=msec": 93.000
				,"percent": 99.90
				}
			,{
				"<=msec": 95.000
				,"percent": 99.90
				}
			,{
				"<=msec": 96.000
				,"percent": 99.90
				}
			,{
				"<=msec": 97.000
				,"percent": 99.91
				}
			,{
				"<=msec": 99.000
				,"percent": 99.91
				}
			,{
				"<=msec": 100.000
				,"percent": 99.93
				}
			,{
				"<=msec": 110.000
				,"percent": 99.93
				}
			,{
				"<=msec": 120.000
				,"percent": 99.94
				}
			,{
				"<=msec": 130.000
				,"percent": 99.94
				}
			,{
				"<=msec": 140.000
				,"percent": 99.95
				}
			,{
				"<=msec": 150.000
				,"percent": 99.95
				}
			,{
				"<=msec": 160.000
				,"percent": 99.95
				}
			,{
				"<=msec": 170.000
				,"percent": 99.96
				}
			,{
				"<=msec": 180.000
				,"percent": 99.96
				}
			,{
				"<=msec": 190.000
				,"percent": 99.98
				}
			,{
				"<=msec": 200.000
				,"percent": 99.98
				}
			,{
				"<=msec": 210.000
				,"percent": 99.99
				}
			,{
				"<=msec": 220.000
				,"percent": 100.00
				}
			,{
				"<=msec": 240.000
				,"percent": 100.00
				}
			]
		,"GET":[
		]
		,"WAIT":[
		]
		}
	}
