{
	"configuration":{
		"server": "10.0.0.4"
		,"port": 11212
		,"unix socket": "(null)"
		,"protocol": "memcache_text"
		,"out_file": "(null)"
		,"client_stats": "(null)"
		,"run_count": 1
		,"debug": 0
		,"requests": 0
		,"clients": 2
		,"threads": 1
		,"test_time": 60
		,"ratio": "1:1"
		,"pipeline": 1
		,"data_size": 4096
		,"data_offset": 0
		,"random_data": "false"
		,"data_size_range": "0:0"
		,"data_size_list": ""
		,"data_size_pattern": "R"
		,"expiry_range": "9999:10000"
		,"data_import": "(null)"
		,"data_verify": "false"
		,"verify_only": "false"
		,"generate_keys": "false"
		,"key_prefix": "memtier-"
		,"key_minimum":           0
		,"key_maximum":        1000
		,"key_pattern": "R:R"
		,"key_stddev": 0.000000
		,"key_median": 0.000000
		,"reconnect_interval": 0
		,"multi_key_get": 1
		,"authenticate": ""
		,"select-db": 0
		,"no-expiry": "false"
		,"wait-ratio": "0:0"
		,"num-slaves": "0:0"
		,"wait-timeout": "0-0"
		}
	,"run information":{
		"Threads": 1
		,"Connections per thread": 2
		,"Seconds": 60
		}
	,"ALL STATS":{
		"Sets":{
			"Ops/sec": 396.59
			,"Hits/sec": 0.00
			,"Misses/sec": 0.00
			,"Latency": 2.83
			,"KB/sec": 1601.62
			}
		,"Gets":{
			"Ops/sec": 396.59
			,"Hits/sec": 396.59
			,"Misses/sec": 0.00
			,"Latency": 2.19
			,"KB/sec": 1605.65
			}
		,"Waits":{
			"Ops/sec": 0.00
			,"Hits/sec": 0.00
			,"Misses/sec": 0.00
			,"Latency": 0.00
			,"KB/sec": 0.00
			}
		,"Totals":{
			"Ops/sec": 793.18
			,"Hits/sec": 396.59
			,"Misses/sec": 0.00
			,"Latency": 2.51
			,"KB/sec": 3207.27
			}
		,"SET":[
			{
				"<=msec": 1.400
				,"percent": 0.04
				}
			,{
				"<=msec": 1.500
				,"percent": 0.86
				}
			,{
				"<=msec": 1.600
				,"percent": 3.87
				}
			,{
				"<=msec": 1.700
				,"percent": 10.50
				}
			,{
				"<=msec": 1.800
				,"percent": 19.76
				}
			,{
				"<=msec": 1.900
				,"percent": 30.32
				}
			,{
				"<=msec": 2.000
				,"percent": 40.57
				}
			,{
				"<=msec": 2.100
				,"percent": 49.23
				}
			,{
				"<=msec": 2.200
				,"percent": 56.18
				}
			,{
				"<=msec": 2.300
				,"percent": 61.86
				}
			,{
				"<=msec": 2.400
				,"percent": 66.18
				}
			,{
				"<=msec": 2.500
				,"percent": 69.56
				}
			,{
				"<=msec": 2.600
				,"percent": 72.33
				}
			,{
				"<=msec": 2.700
				,"percent": 74.43
				}
			,{
				"<=msec": 2.800
				,"percent": 76.25
				}
			,{
				"<=msec": 2.900
				,"percent": 77.87
				}
			,{
				"<=msec": 3.000
				,"percent": 79.00
				}
			,{
				"<=msec": 3.100
				,"percent": 80.10
				}
			,{
				"<=msec": 3.200
				,"percent": 81.09
				}
			,{
				"<=msec": 3.300
				,"percent": 81.95
				}
			,{
				"<=msec": 3.400
				,"percent": 82.69
				}
			,{
				"<=msec": 3.500
				,"percent": 83.38
				}
			,{
				"<=msec": 3.600
				,"percent": 84.05
				}
			,{
				"<=msec": 3.700
				,"percent": 84.62
				}
			,{
				"<=msec": 3.800
				,"percent": 85.25
				}
			,{
				"<=msec": 3.900
				,"percent": 85.77
				}
			,{
				"<=msec": 4.000
				,"percent": 86.22
				}
			,{
				"<=msec": 4.100
				,"percent": 86.72
				}
			,{
				"<=msec": 4.200
				,"percent": 87.03
				}
			,{
				"<=msec": 4.300
				,"percent": 87.43
				}
			,{
				"<=msec": 4.400
				,"percent": 87.81
				}
			,{
				"<=msec": 4.500
				,"percent": 88.15
				}
			,{
				"<=msec": 4.600
				,"percent": 88.54
				}
			,{
				"<=msec": 4.700
				,"percent": 88.91
				}
			,{
				"<=msec": 4.800
				,"percent": 89.21
				}
			,{
				"<=msec": 4.900
				,"percent": 89.52
				}
			,{
				"<=msec": 5.000
				,"percent": 89.81
				}
			,{
				"<=msec": 5.100
				,"percent": 90.17
				}
			,{
				"<=msec": 5.200
				,"percent": 90.47
				}
			,{
				"<=msec": 5.300
				,"percent": 90.72
				}
			,{
				"<=msec": 5.400
				,"percent": 91.00
				}
			,{
				"<=msec": 5.500
				,"percent": 91.28
				}
			,{
				"<=msec": 5.600
				,"percent": 91.55
				}
			,{
				"<=msec": 5.700
				,"percent": 91.78
				}
			,{
				"<=msec": 5.800
				,"percent": 92.07
				}
			,{
				"<=msec": 5.900
				,"percent": 92.29
				}
			,{
				"<=msec": 6.000
				,"percent": 92.59
				}
			,{
				"<=msec": 6.100
				,"percent": 92.83
				}
			,{
				"<=msec": 6.200
				,"percent": 93.10
				}
			,{
				"<=msec": 6.300
				,"percent": 93.34
				}
			,{
				"<=msec": 6.400
				,"percent": 93.62
				}
			,{
				"<=msec": 6.500
				,"percent": 93.84
				}
			,{
				"<=msec": 6.600
				,"percent": 94.10
				}
			,{
				"<=msec": 6.700
				,"percent": 94.33
				}
			,{
				"<=msec": 6.800
				,"percent": 94.53
				}
			,{
				"<=msec": 6.900
				,"percent": 94.80
				}
			,{
				"<=msec": 7.000
				,"percent": 95.02
				}
			,{
				"<=msec": 7.100
				,"percent": 95.30
				}
			,{
				"<=msec": 7.200
				,"percent": 95.58
				}
			,{
				"<=msec": 7.300
				,"percent": 95.81
				}
			,{
				"<=msec": 7.400
				,"percent": 96.06
				}
			,{
				"<=msec": 7.500
				,"percent": 96.28
				}
			,{
				"<=msec": 7.600
				,"percent": 96.51
				}
			,{
				"<=msec": 7.700
				,"percent": 96.75
				}
			,{
				"<=msec": 7.800
				,"percent": 97.01
				}
			,{
				"<=msec": 7.900
				,"percent": 97.17
				}
			,{
				"<=msec": 8.000
				,"percent": 97.38
				}
			,{
				"<=msec": 8.100
				,"percent": 97.57
				}
			,{
				"<=msec": 8.200
				,"percent": 97.71
				}
			,{
				"<=msec": 8.300
				,"percent": 97.86
				}
			,{
				"<=msec": 8.400
				,"percent": 97.98
				}
			,{
				"<=msec": 8.500
				,"percent": 98.09
				}
			,{
				"<=msec": 8.600
				,"percent": 98.17
				}
			,{
				"<=msec": 8.700
				,"percent": 98.26
				}
			,{
				"<=msec": 8.800
				,"percent": 98.32
				}
			,{
				"<=msec": 8.900
				,"percent": 98.40
				}
			,{
				"<=msec": 9.000
				,"percent": 98.45
				}
			,{
				"<=msec": 9.100
				,"percent": 98.52
				}
			,{
				"<=msec": 9.200
				,"percent": 98.60
				}
			,{
				"<=msec": 9.300
				,"percent": 98.69
				}
			,{
				"<=msec": 9.400
				,"percent": 98.75
				}
			,{
				"<=msec": 9.500
				,"percent": 98.83
				}
			,{
				"<=msec": 9.600
				,"percent": 98.88
				}
			,{
				"<=msec": 9.700
				,"percent": 98.93
				}
			,{
				"<=msec": 9.800
				,"percent": 99.03
				}
			,{
				"<=msec": 9.900
				,"percent": 99.08
				}
			,{
				"<=msec": 10.000
				,"percent": 99.30
				}
			,{
				"<=msec": 11.000
				,"percent": 99.57
				}
			,{
				"<=msec": 12.000
				,"percent": 99.73
				}
			,{
				"<=msec": 13.000
				,"percent": 99.84
				}
			,{
				"<=msec": 14.000
				,"percent": 99.87
				}
			,{
				"<=msec": 15.000
				,"percent": 99.91
				}
			,{
				"<=msec": 16.000
				,"percent": 99.92
				}
			,{
				"<=msec": 17.000
				,"percent": 99.93
				}
			,{
				"<=msec": 18.000
				,"percent": 99.94
				}
			,{
				"<=msec": 19.000
				,"percent": 99.95
				}
			,{
				"<=msec": 22.000
				,"percent": 99.96
				}
			,{
				"<=msec": 24.000
				,"percent": 99.97
				}
			,{
				"<=msec": 25.000
				,"percent": 99.97
				}
			,{
				"<=msec": 26.000
				,"percent": 99.98
				}
			,{
				"<=msec": 27.000
				,"percent": 99.99
				}
			,{
				"<=msec": 58.000
				,"percent": 99.99
				}
			,{
				"<=msec": 61.000
				,"percent": 100.00
				}
			]
		,"GET":[
			{
				"<=msec": 1.200
				,"percent": 0.02
				}
			,{
				"<=msec": 1.300
				,"percent": 0.67
				}
			,{
				"<=msec": 1.400
				,"percent": 4.53
				}
			,{
				"<=msec": 1.500
				,"percent": 13.98
				}
			,{
				"<=msec": 1.600
				,"percent": 26.90
				}
			,{
				"<=msec": 1.700
				,"percent": 40.75
				}
			,{
				"<=msec": 1.800
				,"percent": 52.63
				}
			,{
				"<=msec": 1.900
				,"percent": 62.41
				}
			,{
				"<=msec": 2.000
				,"percent": 69.78
				}
			,{
				"<=msec": 2.100
				,"percent": 74.98
				}
			,{
				"<=msec": 2.200
				,"percent": 78.89
				}
			,{
				"<=msec": 2.300
				,"percent": 81.73
				}
			,{
				"<=msec": 2.400
				,"percent": 83.91
				}
			,{
				"<=msec": 2.500
				,"percent": 85.57
				}
			,{
				"<=msec": 2.600
				,"percent": 86.93
				}
			,{
				"<=msec": 2.700
				,"percent": 88.00
				}
			,{
				"<=msec": 2.800
				,"percent": 88.81
				}
			,{
				"<=msec": 2.900
				,"percent": 89.62
				}
			,{
				"<=msec": 3.000
				,"percent": 90.28
				}
			,{
				"<=msec": 3.100
				,"percent": 90.93
				}
			,{
				"<=msec": 3.200
				,"percent": 91.44
				}
			,{
				"<=msec": 3.300
				,"percent": 91.86
				}
			,{
				"<=msec": 3.400
				,"percent": 92.26
				}
			,{
				"<=msec": 3.500
				,"percent": 92.60
				}
			,{
				"<=msec": 3.600
				,"percent": 92.99
				}
			,{
				"<=msec": 3.700
				,"percent": 93.30
				}
			,{
				"<=msec": 3.800
				,"percent": 93.57
				}
			,{
				"<=msec": 3.900
				,"percent": 93.83
				}
			,{
				"<=msec": 4.000
				,"percent": 94.04
				}
			,{
				"<=msec": 4.100
				,"percent": 94.29
				}
			,{
				"<=msec": 4.200
				,"percent": 94.49
				}
			,{
				"<=msec": 4.300
				,"percent": 94.63
				}
			,{
				"<=msec": 4.400
				,"percent": 94.85
				}
			,{
				"<=msec": 4.500
				,"percent": 95.01
				}
			,{
				"<=msec": 4.600
				,"percent": 95.17
				}
			,{
				"<=msec": 4.700
				,"percent": 95.35
				}
			,{
				"<=msec": 4.800
				,"percent": 95.48
				}
			,{
				"<=msec": 4.900
				,"percent": 95.64
				}
			,{
				"<=msec": 5.000
				,"percent": 95.77
				}
			,{
				"<=msec": 5.100
				,"percent": 95.92
				}
			,{
				"<=msec": 5.200
				,"percent": 96.05
				}
			,{
				"<=msec": 5.300
				,"percent": 96.18
				}
			,{
				"<=msec": 5.400
				,"percent": 96.35
				}
			,{
				"<=msec": 5.500
				,"percent": 96.47
				}
			,{
				"<=msec": 5.600
				,"percent": 96.61
				}
			,{
				"<=msec": 5.700
				,"percent": 96.69
				}
			,{
				"<=msec": 5.800
				,"percent": 96.80
				}
			,{
				"<=msec": 5.900
				,"percent": 96.94
				}
			,{
				"<=msec": 6.000
				,"percent": 97.03
				}
			,{
				"<=msec": 6.100
				,"percent": 97.17
				}
			,{
				"<=msec": 6.200
				,"percent": 97.29
				}
			,{
				"<=msec": 6.300
				,"percent": 97.39
				}
			,{
				"<=msec": 6.400
				,"percent": 97.53
				}
			,{
				"<=msec": 6.500
				,"percent": 97.62
				}
			,{
				"<=msec": 6.600
				,"percent": 97.76
				}
			,{
				"<=msec": 6.700
				,"percent": 97.89
				}
			,{
				"<=msec": 6.800
				,"percent": 98.01
				}
			,{
				"<=msec": 6.900
				,"percent": 98.10
				}
			,{
				"<=msec": 7.000
				,"percent": 98.19
				}
			,{
				"<=msec": 7.100
				,"percent": 98.32
				}
			,{
				"<=msec": 7.200
				,"percent": 98.43
				}
			,{
				"<=msec": 7.300
				,"percent": 98.54
				}
			,{
				"<=msec": 7.400
				,"percent": 98.62
				}
			,{
				"<=msec": 7.500
				,"percent": 98.72
				}
			,{
				"<=msec": 7.600
				,"percent": 98.78
				}
			,{
				"<=msec": 7.700
				,"percent": 98.87
				}
			,{
				"<=msec": 7.800
				,"percent": 98.93
				}
			,{
				"<=msec": 7.900
				,"percent": 99.00
				}
			,{
				"<=msec": 8.000
				,"percent": 99.07
				}
			,{
				"<=msec": 8.100
				,"percent": 99.09
				}
			,{
				"<=msec": 8.200
				,"percent": 99.13
				}
			,{
				"<=msec": 8.300
				,"percent": 99.17
				}
			,{
				"<=msec": 8.400
				,"percent": 99.21
				}
			,{
				"<=msec": 8.500
				,"percent": 99.26
				}
			,{
				"<=msec": 8.600
				,"percent": 99.29
				}
			,{
				"<=msec": 8.700
				,"percent": 99.35
				}
			,{
				"<=msec": 8.800
				,"percent": 99.37
				}
			,{
				"<=msec": 8.900
				,"percent": 99.40
				}
			,{
				"<=msec": 9.000
				,"percent": 99.41
				}
			,{
				"<=msec": 9.100
				,"percent": 99.45
				}
			,{
				"<=msec": 9.200
				,"percent": 99.46
				}
			,{
				"<=msec": 9.300
				,"percent": 99.47
				}
			,{
				"<=msec": 9.400
				,"percent": 99.50
				}
			,{
				"<=msec": 9.500
				,"percent": 99.52
				}
			,{
				"<=msec": 9.600
				,"percent": 99.56
				}
			,{
				"<=msec": 9.700
				,"percent": 99.57
				}
			,{
				"<=msec": 9.800
				,"percent": 99.60
				}
			,{
				"<=msec": 9.900
				,"percent": 99.63
				}
			,{
				"<=msec": 10.000
				,"percent": 99.72
				}
			,{
				"<=msec": 11.000
				,"percent": 99.85
				}
			,{
				"<=msec": 12.000
				,"percent": 99.88
				}
			,{
				"<=msec": 13.000
				,"percent": 99.91
				}
			,{
				"<=msec": 14.000
				,"percent": 99.94
				}
			,{
				"<=msec": 15.000
				,"percent": 99.95
				}
			,{
				"<=msec": 16.000
				,"percent": 99.95
				}
			,{
				"<=msec": 17.000
				,"percent": 99.96
				}
			,{
				"<=msec": 18.000
				,"percent": 99.97
				}
			,{
				"<=msec": 19.000
				,"percent": 99.98
				}
			,{
				"<=msec": 20.000
				,"percent": 99.99
				}
			,{
				"<=msec": 22.000
				,"percent": 99.99
				}
			,{
				"<=msec": 23.000
				,"percent": 100.00
				}
			,{
				"<=msec": 24.000
				,"percent": 100.00
				}
			]
		,"WAIT":[
		]
		}
	}
