{
	"configuration":{
		"server": "10.0.0.4"
		,"port": 11212
		,"unix socket": "(null)"
		,"protocol": "memcache_text"
		,"out_file": "(null)"
		,"client_stats": "(null)"
		,"run_count": 1
		,"debug": 0
		,"requests": 0
		,"clients": 2
		,"threads": 1
		,"test_time": 60
		,"ratio": "1:3"
		,"pipeline": 1
		,"data_size": 4096
		,"data_offset": 0
		,"random_data": "false"
		,"data_size_range": "0:0"
		,"data_size_list": ""
		,"data_size_pattern": "R"
		,"expiry_range": "9999:10000"
		,"data_import": "(null)"
		,"data_verify": "false"
		,"verify_only": "false"
		,"generate_keys": "false"
		,"key_prefix": "memtier-"
		,"key_minimum":           0
		,"key_maximum":        1000
		,"key_pattern": "R:R"
		,"key_stddev": 0.000000
		,"key_median": 0.000000
		,"reconnect_interval": 0
		,"multi_key_get": 3
		,"authenticate": ""
		,"select-db": 0
		,"no-expiry": "false"
		,"wait-ratio": "0:0"
		,"num-slaves": "0:0"
		,"wait-timeout": "0-0"
		}
	,"run information":{
		"Threads": 1
		,"Connections per thread": 2
		,"Seconds": 60
		}
	,"ALL STATS":{
		"Sets":{
			"Ops/sec": 359.28
			,"Hits/sec": 0.00
			,"Misses/sec": 0.00
			,"Latency": 2.89
			,"KB/sec": 1450.93
			}
		,"Gets":{
			"Ops/sec": 359.26
			,"Hits/sec": 1077.78
			,"Misses/sec": 0.00
			,"Latency": 2.66
			,"KB/sec": 4356.50
			}
		,"Waits":{
			"Ops/sec": 0.00
			,"Hits/sec": 0.00
			,"Misses/sec": 0.00
			,"Latency": 0.00
			,"KB/sec": 0.00
			}
		,"Totals":{
			"Ops/sec": 718.54
			,"Hits/sec": 1077.78
			,"Misses/sec": 0.00
			,"Latency": 2.77
			,"KB/sec": 5807.43
			}
		,"SET":[
			{
				"<=msec": 1.300
				,"percent": 0.00
				}
			,{
				"<=msec": 1.400
				,"percent": 0.07
				}
			,{
				"<=msec": 1.500
				,"percent": 1.08
				}
			,{
				"<=msec": 1.600
				,"percent": 4.74
				}
			,{
				"<=msec": 1.700
				,"percent": 11.82
				}
			,{
				"<=msec": 1.800
				,"percent": 21.62
				}
			,{
				"<=msec": 1.900
				,"percent": 31.67
				}
			,{
				"<=msec": 2.000
				,"percent": 41.25
				}
			,{
				"<=msec": 2.100
				,"percent": 49.04
				}
			,{
				"<=msec": 2.200
				,"percent": 55.62
				}
			,{
				"<=msec": 2.300
				,"percent": 60.61
				}
			,{
				"<=msec": 2.400
				,"percent": 64.77
				}
			,{
				"<=msec": 2.500
				,"percent": 68.11
				}
			,{
				"<=msec": 2.600
				,"percent": 70.59
				}
			,{
				"<=msec": 2.700
				,"percent": 72.76
				}
			,{
				"<=msec": 2.800
				,"percent": 74.52
				}
			,{
				"<=msec": 2.900
				,"percent": 76.03
				}
			,{
				"<=msec": 3.000
				,"percent": 77.34
				}
			,{
				"<=msec": 3.100
				,"percent": 78.36
				}
			,{
				"<=msec": 3.200
				,"percent": 79.45
				}
			,{
				"<=msec": 3.300
				,"percent": 80.46
				}
			,{
				"<=msec": 3.400
				,"percent": 81.19
				}
			,{
				"<=msec": 3.500
				,"percent": 81.93
				}
			,{
				"<=msec": 3.600
				,"percent": 82.59
				}
			,{
				"<=msec": 3.700
				,"percent": 83.26
				}
			,{
				"<=msec": 3.800
				,"percent": 83.86
				}
			,{
				"<=msec": 3.900
				,"percent": 84.36
				}
			,{
				"<=msec": 4.000
				,"percent": 84.84
				}
			,{
				"<=msec": 4.100
				,"percent": 85.29
				}
			,{
				"<=msec": 4.200
				,"percent": 85.71
				}
			,{
				"<=msec": 4.300
				,"percent": 86.26
				}
			,{
				"<=msec": 4.400
				,"percent": 86.61
				}
			,{
				"<=msec": 4.500
				,"percent": 86.95
				}
			,{
				"<=msec": 4.600
				,"percent": 87.31
				}
			,{
				"<=msec": 4.700
				,"percent": 87.67
				}
			,{
				"<=msec": 4.800
				,"percent": 88.09
				}
			,{
				"<=msec": 4.900
				,"percent": 88.39
				}
			,{
				"<=msec": 5.000
				,"percent": 88.72
				}
			,{
				"<=msec": 5.100
				,"percent": 89.02
				}
			,{
				"<=msec": 5.200
				,"percent": 89.38
				}
			,{
				"<=msec": 5.300
				,"percent": 89.66
				}
			,{
				"<=msec": 5.400
				,"percent": 89.92
				}
			,{
				"<=msec": 5.500
				,"percent": 90.21
				}
			,{
				"<=msec": 5.600
				,"percent": 90.44
				}
			,{
				"<=msec": 5.700
				,"percent": 90.74
				}
			,{
				"<=msec": 5.800
				,"percent": 91.03
				}
			,{
				"<=msec": 5.900
				,"percent": 91.39
				}
			,{
				"<=msec": 6.000
				,"percent": 91.69
				}
			,{
				"<=msec": 6.100
				,"percent": 92.02
				}
			,{
				"<=msec": 6.200
				,"percent": 92.32
				}
			,{
				"<=msec": 6.300
				,"percent": 92.58
				}
			,{
				"<=msec": 6.400
				,"percent": 92.82
				}
			,{
				"<=msec": 6.500
				,"percent": 93.04
				}
			,{
				"<=msec": 6.600
				,"percent": 93.34
				}
			,{
				"<=msec": 6.700
				,"percent": 93.56
				}
			,{
				"<=msec": 6.800
				,"percent": 93.79
				}
			,{
				"<=msec": 6.900
				,"percent": 94.11
				}
			,{
				"<=msec": 7.000
				,"percent": 94.39
				}
			,{
				"<=msec": 7.100
				,"percent": 94.73
				}
			,{
				"<=msec": 7.200
				,"percent": 95.05
				}
			,{
				"<=msec": 7.300
				,"percent": 95.38
				}
			,{
				"<=msec": 7.400
				,"percent": 95.70
				}
			,{
				"<=msec": 7.500
				,"percent": 96.02
				}
			,{
				"<=msec": 7.600
				,"percent": 96.36
				}
			,{
				"<=msec": 7.700
				,"percent": 96.64
				}
			,{
				"<=msec": 7.800
				,"percent": 96.93
				}
			,{
				"<=msec": 7.900
				,"percent": 97.14
				}
			,{
				"<=msec": 8.000
				,"percent": 97.35
				}
			,{
				"<=msec": 8.100
				,"percent": 97.51
				}
			,{
				"<=msec": 8.200
				,"percent": 97.69
				}
			,{
				"<=msec": 8.300
				,"percent": 97.82
				}
			,{
				"<=msec": 8.400
				,"percent": 97.94
				}
			,{
				"<=msec": 8.500
				,"percent": 98.05
				}
			,{
				"<=msec": 8.600
				,"percent": 98.14
				}
			,{
				"<=msec": 8.700
				,"percent": 98.24
				}
			,{
				"<=msec": 8.800
				,"percent": 98.35
				}
			,{
				"<=msec": 8.900
				,"percent": 98.47
				}
			,{
				"<=msec": 9.000
				,"percent": 98.55
				}
			,{
				"<=msec": 9.100
				,"percent": 98.62
				}
			,{
				"<=msec": 9.200
				,"percent": 98.67
				}
			,{
				"<=msec": 9.300
				,"percent": 98.74
				}
			,{
				"<=msec": 9.400
				,"percent": 98.79
				}
			,{
				"<=msec": 9.500
				,"percent": 98.85
				}
			,{
				"<=msec": 9.600
				,"percent": 98.89
				}
			,{
				"<=msec": 9.700
				,"percent": 98.96
				}
			,{
				"<=msec": 9.800
				,"percent": 99.01
				}
			,{
				"<=msec": 9.900
				,"percent": 99.04
				}
			,{
				"<=msec": 10.000
				,"percent": 99.24
				}
			,{
				"<=msec": 11.000
				,"percent": 99.54
				}
			,{
				"<=msec": 12.000
				,"percent": 99.64
				}
			,{
				"<=msec": 13.000
				,"percent": 99.74
				}
			,{
				"<=msec": 14.000
				,"percent": 99.79
				}
			,{
				"<=msec": 15.000
				,"percent": 99.86
				}
			,{
				"<=msec": 16.000
				,"percent": 99.89
				}
			,{
				"<=msec": 17.000
				,"percent": 99.92
				}
			,{
				"<=msec": 18.000
				,"percent": 99.94
				}
			,{
				"<=msec": 19.000
				,"percent": 99.96
				}
			,{
				"<=msec": 21.000
				,"percent": 99.97
				}
			,{
				"<=msec": 22.000
				,"percent": 99.97
				}
			,{
				"<=msec": 23.000
				,"percent": 99.98
				}
			,{
				"<=msec": 26.000
				,"percent": 99.99
				}
			,{
				"<=msec": 29.000
				,"percent": 99.99
				}
			,{
				"<=msec": 34.000
				,"percent": 100.00
				}
			,{
				"<=msec": 37.000
				,"percent": 100.00
				}
			]
		,"GET":[
			{
				"<=msec": 1.400
				,"percent": 0.08
				}
			,{
				"<=msec": 1.500
				,"percent": 0.69
				}
			,{
				"<=msec": 1.600
				,"percent": 2.58
				}
			,{
				"<=msec": 1.700
				,"percent": 7.05
				}
			,{
				"<=msec": 1.800
				,"percent": 14.23
				}
			,{
				"<=msec": 1.900
				,"percent": 23.51
				}
			,{
				"<=msec": 2.000
				,"percent": 33.71
				}
			,{
				"<=msec": 2.100
				,"percent": 43.46
				}
			,{
				"<=msec": 2.200
				,"percent": 52.02
				}
			,{
				"<=msec": 2.300
				,"percent": 59.53
				}
			,{
				"<=msec": 2.400
				,"percent": 65.65
				}
			,{
				"<=msec": 2.500
				,"percent": 70.87
				}
			,{
				"<=msec": 2.600
				,"percent": 74.57
				}
			,{
				"<=msec": 2.700
				,"percent": 77.66
				}
			,{
				"<=msec": 2.800
				,"percent": 80.04
				}
			,{
				"<=msec": 2.900
				,"percent": 82.00
				}
			,{
				"<=msec": 3.000
				,"percent": 83.70
				}
			,{
				"<=msec": 3.100
				,"percent": 85.00
				}
			,{
				"<=msec": 3.200
				,"percent": 86.14
				}
			,{
				"<=msec": 3.300
				,"percent": 87.10
				}
			,{
				"<=msec": 3.400
				,"percent": 87.82
				}
			,{
				"<=msec": 3.500
				,"percent": 88.49
				}
			,{
				"<=msec": 3.600
				,"percent": 89.15
				}
			,{
				"<=msec": 3.700
				,"percent": 89.65
				}
			,{
				"<=msec": 3.800
				,"percent": 90.13
				}
			,{
				"<=msec": 3.900
				,"percent": 90.52
				}
			,{
				"<=msec": 4.000
				,"percent": 90.94
				}
			,{
				"<=msec": 4.100
				,"percent": 91.40
				}
			,{
				"<=msec": 4.200
				,"percent": 91.72
				}
			,{
				"<=msec": 4.300
				,"percent": 91.97
				}
			,{
				"<=msec": 4.400
				,"percent": 92.28
				}
			,{
				"<=msec": 4.500
				,"percent": 92.58
				}
			,{
				"<=msec": 4.600
				,"percent": 92.85
				}
			,{
				"<=msec": 4.700
				,"percent": 93.08
				}
			,{
				"<=msec": 4.800
				,"percent": 93.34
				}
			,{
				"<=msec": 4.900
				,"percent": 93.52
				}
			,{
				"<=msec": 5.000
				,"percent": 93.67
				}
			,{
				"<=msec": 5.100
				,"percent": 93.80
				}
			,{
				"<=msec": 5.200
				,"percent": 94.02
				}
			,{
				"<=msec": 5.300
				,"percent": 94.20
				}
			,{
				"<=msec": 5.400
				,"percent": 94.37
				}
			,{
				"<=msec": 5.500
				,"percent": 94.59
				}
			,{
				"<=msec": 5.600
				,"percent": 94.82
				}
			,{
				"<=msec": 5.700
				,"percent": 95.01
				}
			,{
				"<=msec": 5.800
				,"percent": 95.17
				}
			,{
				"<=msec": 5.900
				,"percent": 95.33
				}
			,{
				"<=msec": 6.000
				,"percent": 95.46
				}
			,{
				"<=msec": 6.100
				,"percent": 95.64
				}
			,{
				"<=msec": 6.200
				,"percent": 95.82
				}
			,{
				"<=msec": 6.300
				,"percent": 95.99
				}
			,{
				"<=msec": 6.400
				,"percent": 96.15
				}
			,{
				"<=msec": 6.500
				,"percent": 96.29
				}
			,{
				"<=msec": 6.600
				,"percent": 96.43
				}
			,{
				"<=msec": 6.700
				,"percent": 96.60
				}
			,{
				"<=msec": 6.800
				,"percent": 96.83
				}
			,{
				"<=msec": 6.900
				,"percent": 96.95
				}
			,{
				"<=msec": 7.000
				,"percent": 97.09
				}
			,{
				"<=msec": 7.100
				,"percent": 97.22
				}
			,{
				"<=msec": 7.200
				,"percent": 97.37
				}
			,{
				"<=msec": 7.300
				,"percent": 97.55
				}
			,{
				"<=msec": 7.400
				,"percent": 97.68
				}
			,{
				"<=msec": 7.500
				,"percent": 97.83
				}
			,{
				"<=msec": 7.600
				,"percent": 97.96
				}
			,{
				"<=msec": 7.700
				,"percent": 98.11
				}
			,{
				"<=msec": 7.800
				,"percent": 98.23
				}
			,{
				"<=msec": 7.900
				,"percent": 98.33
				}
			,{
				"<=msec": 8.000
				,"percent": 98.46
				}
			,{
				"<=msec": 8.100
				,"percent": 98.56
				}
			,{
				"<=msec": 8.200
				,"percent": 98.65
				}
			,{
				"<=msec": 8.300
				,"percent": 98.71
				}
			,{
				"<=msec": 8.400
				,"percent": 98.79
				}
			,{
				"<=msec": 8.500
				,"percent": 98.84
				}
			,{
				"<=msec": 8.600
				,"percent": 98.88
				}
			,{
				"<=msec": 8.700
				,"percent": 98.92
				}
			,{
				"<=msec": 8.800
				,"percent": 98.99
				}
			,{
				"<=msec": 8.900
				,"percent": 99.06
				}
			,{
				"<=msec": 9.000
				,"percent": 99.10
				}
			,{
				"<=msec": 9.100
				,"percent": 99.14
				}
			,{
				"<=msec": 9.200
				,"percent": 99.19
				}
			,{
				"<=msec": 9.300
				,"percent": 99.22
				}
			,{
				"<=msec": 9.400
				,"percent": 99.24
				}
			,{
				"<=msec": 9.500
				,"percent": 99.29
				}
			,{
				"<=msec": 9.600
				,"percent": 99.34
				}
			,{
				"<=msec": 9.700
				,"percent": 99.38
				}
			,{
				"<=msec": 9.800
				,"percent": 99.43
				}
			,{
				"<=msec": 9.900
				,"percent": 99.45
				}
			,{
				"<=msec": 10.000
				,"percent": 99.59
				}
			,{
				"<=msec": 11.000
				,"percent": 99.79
				}
			,{
				"<=msec": 12.000
				,"percent": 99.89
				}
			,{
				"<=msec": 13.000
				,"percent": 99.92
				}
			,{
				"<=msec": 14.000
				,"percent": 99.93
				}
			,{
				"<=msec": 15.000
				,"percent": 99.94
				}
			,{
				"<=msec": 16.000
				,"percent": 99.95
				}
			,{
				"<=msec": 17.000
				,"percent": 99.95
				}
			,{
				"<=msec": 18.000
				,"percent": 99.97
				}
			,{
				"<=msec": 19.000
				,"percent": 99.97
				}
			,{
				"<=msec": 20.000
				,"percent": 99.98
				}
			,{
				"<=msec": 21.000
				,"percent": 99.98
				}
			,{
				"<=msec": 24.000
				,"percent": 99.99
				}
			,{
				"<=msec": 33.000
				,"percent": 99.99
				}
			,{
				"<=msec": 34.000
				,"percent": 100.00
				}
			,{
				"<=msec": 35.000
				,"percent": 100.00
				}
			]
		,"WAIT":[
		]
		}
	}
