{
	"configuration":{
		"server": "10.0.0.4"
		,"port": 11212
		,"unix socket": "(null)"
		,"protocol": "memcache_text"
		,"out_file": "(null)"
		,"client_stats": "(null)"
		,"run_count": 1
		,"debug": 0
		,"requests": 0
		,"clients": 2
		,"threads": 1
		,"test_time": 60
		,"ratio": "1:1"
		,"pipeline": 1
		,"data_size": 4096
		,"data_offset": 0
		,"random_data": "false"
		,"data_size_range": "0:0"
		,"data_size_list": ""
		,"data_size_pattern": "R"
		,"expiry_range": "9999:10000"
		,"data_import": "(null)"
		,"data_verify": "false"
		,"verify_only": "false"
		,"generate_keys": "false"
		,"key_prefix": "memtier-"
		,"key_minimum":           0
		,"key_maximum":        1000
		,"key_pattern": "R:R"
		,"key_stddev": 0.000000
		,"key_median": 0.000000
		,"reconnect_interval": 0
		,"multi_key_get": 1
		,"authenticate": ""
		,"select-db": 0
		,"no-expiry": "false"
		,"wait-ratio": "0:0"
		,"num-slaves": "0:0"
		,"wait-timeout": "0-0"
		}
	,"run information":{
		"Threads": 1
		,"Connections per thread": 2
		,"Seconds": 60
		}
	,"ALL STATS":{
		"Sets":{
			"Ops/sec": 381.41
			,"Hits/sec": 0.00
			,"Misses/sec": 0.00
			,"Latency": 2.93
			,"KB/sec": 1540.32
			}
		,"Gets":{
			"Ops/sec": 381.39
			,"Hits/sec": 381.39
			,"Misses/sec": 0.00
			,"Latency": 2.30
			,"KB/sec": 1544.12
			}
		,"Waits":{
			"Ops/sec": 0.00
			,"Hits/sec": 0.00
			,"Misses/sec": 0.00
			,"Latency": 0.00
			,"KB/sec": 0.00
			}
		,"Totals":{
			"Ops/sec": 762.81
			,"Hits/sec": 381.39
			,"Misses/sec": 0.00
			,"Latency": 2.61
			,"KB/sec": 3084.44
			}
		,"SET":[
			{
				"<=msec": 1.300
				,"percent": 0.01
				}
			,{
				"<=msec": 1.400
				,"percent": 0.21
				}
			,{
				"<=msec": 1.500
				,"percent": 1.46
				}
			,{
				"<=msec": 1.600
				,"percent": 5.63
				}
			,{
				"<=msec": 1.700
				,"percent": 13.58
				}
			,{
				"<=msec": 1.800
				,"percent": 23.23
				}
			,{
				"<=msec": 1.900
				,"percent": 33.72
				}
			,{
				"<=msec": 2.000
				,"percent": 42.99
				}
			,{
				"<=msec": 2.100
				,"percent": 50.76
				}
			,{
				"<=msec": 2.200
				,"percent": 57.01
				}
			,{
				"<=msec": 2.300
				,"percent": 61.78
				}
			,{
				"<=msec": 2.400
				,"percent": 65.30
				}
			,{
				"<=msec": 2.500
				,"percent": 68.24
				}
			,{
				"<=msec": 2.600
				,"percent": 70.65
				}
			,{
				"<=msec": 2.700
				,"percent": 72.47
				}
			,{
				"<=msec": 2.800
				,"percent": 73.99
				}
			,{
				"<=msec": 2.900
				,"percent": 75.45
				}
			,{
				"<=msec": 3.000
				,"percent": 76.65
				}
			,{
				"<=msec": 3.100
				,"percent": 77.64
				}
			,{
				"<=msec": 3.200
				,"percent": 78.40
				}
			,{
				"<=msec": 3.300
				,"percent": 79.15
				}
			,{
				"<=msec": 3.400
				,"percent": 79.91
				}
			,{
				"<=msec": 3.500
				,"percent": 80.57
				}
			,{
				"<=msec": 3.600
				,"percent": 81.23
				}
			,{
				"<=msec": 3.700
				,"percent": 81.77
				}
			,{
				"<=msec": 3.800
				,"percent": 82.43
				}
			,{
				"<=msec": 3.900
				,"percent": 82.98
				}
			,{
				"<=msec": 4.000
				,"percent": 83.51
				}
			,{
				"<=msec": 4.100
				,"percent": 84.05
				}
			,{
				"<=msec": 4.200
				,"percent": 84.54
				}
			,{
				"<=msec": 4.300
				,"percent": 84.96
				}
			,{
				"<=msec": 4.400
				,"percent": 85.48
				}
			,{
				"<=msec": 4.500
				,"percent": 85.89
				}
			,{
				"<=msec": 4.600
				,"percent": 86.33
				}
			,{
				"<=msec": 4.700
				,"percent": 86.68
				}
			,{
				"<=msec": 4.800
				,"percent": 87.06
				}
			,{
				"<=msec": 4.900
				,"percent": 87.49
				}
			,{
				"<=msec": 5.000
				,"percent": 87.77
				}
			,{
				"<=msec": 5.100
				,"percent": 88.08
				}
			,{
				"<=msec": 5.200
				,"percent": 88.40
				}
			,{
				"<=msec": 5.300
				,"percent": 88.69
				}
			,{
				"<=msec": 5.400
				,"percent": 88.97
				}
			,{
				"<=msec": 5.500
				,"percent": 89.29
				}
			,{
				"<=msec": 5.600
				,"percent": 89.55
				}
			,{
				"<=msec": 5.700
				,"percent": 89.88
				}
			,{
				"<=msec": 5.800
				,"percent": 90.23
				}
			,{
				"<=msec": 5.900
				,"percent": 90.51
				}
			,{
				"<=msec": 6.000
				,"percent": 90.83
				}
			,{
				"<=msec": 6.100
				,"percent": 91.12
				}
			,{
				"<=msec": 6.200
				,"percent": 91.46
				}
			,{
				"<=msec": 6.300
				,"percent": 91.73
				}
			,{
				"<=msec": 6.400
				,"percent": 92.04
				}
			,{
				"<=msec": 6.500
				,"percent": 92.40
				}
			,{
				"<=msec": 6.600
				,"percent": 92.79
				}
			,{
				"<=msec": 6.700
				,"percent": 93.17
				}
			,{
				"<=msec": 6.800
				,"percent": 93.46
				}
			,{
				"<=msec": 6.900
				,"percent": 93.69
				}
			,{
				"<=msec": 7.000
				,"percent": 93.95
				}
			,{
				"<=msec": 7.100
				,"percent": 94.27
				}
			,{
				"<=msec": 7.200
				,"percent": 94.55
				}
			,{
				"<=msec": 7.300
				,"percent": 94.87
				}
			,{
				"<=msec": 7.400
				,"percent": 95.20
				}
			,{
				"<=msec": 7.500
				,"percent": 95.53
				}
			,{
				"<=msec": 7.600
				,"percent": 95.84
				}
			,{
				"<=msec": 7.700
				,"percent": 96.08
				}
			,{
				"<=msec": 7.800
				,"percent": 96.29
				}
			,{
				"<=msec": 7.900
				,"percent": 96.51
				}
			,{
				"<=msec": 8.000
				,"percent": 96.76
				}
			,{
				"<=msec": 8.100
				,"percent": 96.95
				}
			,{
				"<=msec": 8.200
				,"percent": 97.13
				}
			,{
				"<=msec": 8.300
				,"percent": 97.34
				}
			,{
				"<=msec": 8.400
				,"percent": 97.56
				}
			,{
				"<=msec": 8.500
				,"percent": 97.66
				}
			,{
				"<=msec": 8.600
				,"percent": 97.80
				}
			,{
				"<=msec": 8.700
				,"percent": 97.92
				}
			,{
				"<=msec": 8.800
				,"percent": 98.06
				}
			,{
				"<=msec": 8.900
				,"percent": 98.14
				}
			,{
				"<=msec": 9.000
				,"percent": 98.21
				}
			,{
				"<=msec": 9.100
				,"percent": 98.28
				}
			,{
				"<=msec": 9.200
				,"percent": 98.34
				}
			,{
				"<=msec": 9.300
				,"percent": 98.39
				}
			,{
				"<=msec": 9.400
				,"percent": 98.47
				}
			,{
				"<=msec": 9.500
				,"percent": 98.54
				}
			,{
				"<=msec": 9.600
				,"percent": 98.58
				}
			,{
				"<=msec": 9.700
				,"percent": 98.65
				}
			,{
				"<=msec": 9.800
				,"percent": 98.72
				}
			,{
				"<=msec": 9.900
				,"percent": 98.79
				}
			,{
				"<=msec": 10.000
				,"percent": 99.08
				}
			,{
				"<=msec": 11.000
				,"percent": 99.45
				}
			,{
				"<=msec": 12.000
				,"percent": 99.67
				}
			,{
				"<=msec": 13.000
				,"percent": 99.79
				}
			,{
				"<=msec": 14.000
				,"percent": 99.85
				}
			,{
				"<=msec": 15.000
				,"percent": 99.87
				}
			,{
				"<=msec": 16.000
				,"percent": 99.91
				}
			,{
				"<=msec": 17.000
				,"percent": 99.93
				}
			,{
				"<=msec": 18.000
				,"percent": 99.93
				}
			,{
				"<=msec": 19.000
				,"percent": 99.97
				}
			,{
				"<=msec": 20.000
				,"percent": 99.97
				}
			,{
				"<=msec": 22.000
				,"percent": 99.99
				}
			,{
				"<=msec": 33.000
				,"percent": 99.99
				}
			,{
				"<=msec": 37.000
				,"percent": 100.00
				}
			,{
				"<=msec": 40.000
				,"percent": 100.00
				}
			]
		,"GET":[
			{
				"<=msec": 1.200
				,"percent": 0.05
				}
			,{
				"<=msec": 1.300
				,"percent": 1.10
				}
			,{
				"<=msec": 1.400
				,"percent": 6.35
				}
			,{
				"<=msec": 1.500
				,"percent": 16.97
				}
			,{
				"<=msec": 1.600
				,"percent": 30.49
				}
			,{
				"<=msec": 1.700
				,"percent": 43.99
				}
			,{
				"<=msec": 1.800
				,"percent": 54.84
				}
			,{
				"<=msec": 1.900
				,"percent": 63.20
				}
			,{
				"<=msec": 2.000
				,"percent": 69.67
				}
			,{
				"<=msec": 2.100
				,"percent": 74.09
				}
			,{
				"<=msec": 2.200
				,"percent": 77.29
				}
			,{
				"<=msec": 2.300
				,"percent": 79.76
				}
			,{
				"<=msec": 2.400
				,"percent": 81.76
				}
			,{
				"<=msec": 2.500
				,"percent": 83.24
				}
			,{
				"<=msec": 2.600
				,"percent": 84.44
				}
			,{
				"<=msec": 2.700
				,"percent": 85.39
				}
			,{
				"<=msec": 2.800
				,"percent": 86.36
				}
			,{
				"<=msec": 2.900
				,"percent": 86.95
				}
			,{
				"<=msec": 3.000
				,"percent": 87.55
				}
			,{
				"<=msec": 3.100
				,"percent": 88.07
				}
			,{
				"<=msec": 3.200
				,"percent": 88.56
				}
			,{
				"<=msec": 3.300
				,"percent": 89.08
				}
			,{
				"<=msec": 3.400
				,"percent": 89.51
				}
			,{
				"<=msec": 3.500
				,"percent": 89.88
				}
			,{
				"<=msec": 3.600
				,"percent": 90.27
				}
			,{
				"<=msec": 3.700
				,"percent": 90.62
				}
			,{
				"<=msec": 3.800
				,"percent": 90.93
				}
			,{
				"<=msec": 3.900
				,"percent": 91.13
				}
			,{
				"<=msec": 4.000
				,"percent": 91.39
				}
			,{
				"<=msec": 4.100
				,"percent": 91.66
				}
			,{
				"<=msec": 4.200
				,"percent": 91.89
				}
			,{
				"<=msec": 4.300
				,"percent": 92.09
				}
			,{
				"<=msec": 4.400
				,"percent": 92.33
				}
			,{
				"<=msec": 4.500
				,"percent": 92.55
				}
			,{
				"<=msec": 4.600
				,"percent": 92.74
				}
			,{
				"<=msec": 4.700
				,"percent": 92.93
				}
			,{
				"<=msec": 4.800
				,"percent": 93.09
				}
			,{
				"<=msec": 4.900
				,"percent": 93.26
				}
			,{
				"<=msec": 5.000
				,"percent": 93.44
				}
			,{
				"<=msec": 5.100
				,"percent": 93.58
				}
			,{
				"<=msec": 5.200
				,"percent": 93.76
				}
			,{
				"<=msec": 5.300
				,"percent": 93.91
				}
			,{
				"<=msec": 5.400
				,"percent": 94.11
				}
			,{
				"<=msec": 5.500
				,"percent": 94.33
				}
			,{
				"<=msec": 5.600
				,"percent": 94.51
				}
			,{
				"<=msec": 5.700
				,"percent": 94.75
				}
			,{
				"<=msec": 5.800
				,"percent": 94.89
				}
			,{
				"<=msec": 5.900
				,"percent": 95.05
				}
			,{
				"<=msec": 6.000
				,"percent": 95.25
				}
			,{
				"<=msec": 6.100
				,"percent": 95.49
				}
			,{
				"<=msec": 6.200
				,"percent": 95.75
				}
			,{
				"<=msec": 6.300
				,"percent": 95.92
				}
			,{
				"<=msec": 6.400
				,"percent": 96.14
				}
			,{
				"<=msec": 6.500
				,"percent": 96.40
				}
			,{
				"<=msec": 6.600
				,"percent": 96.58
				}
			,{
				"<=msec": 6.700
				,"percent": 96.84
				}
			,{
				"<=msec": 6.800
				,"percent": 97.05
				}
			,{
				"<=msec": 6.900
				,"percent": 97.29
				}
			,{
				"<=msec": 7.000
				,"percent": 97.44
				}
			,{
				"<=msec": 7.100
				,"percent": 97.60
				}
			,{
				"<=msec": 7.200
				,"percent": 97.78
				}
			,{
				"<=msec": 7.300
				,"percent": 97.93
				}
			,{
				"<=msec": 7.400
				,"percent": 98.15
				}
			,{
				"<=msec": 7.500
				,"percent": 98.27
				}
			,{
				"<=msec": 7.600
				,"percent": 98.38
				}
			,{
				"<=msec": 7.700
				,"percent": 98.54
				}
			,{
				"<=msec": 7.800
				,"percent": 98.61
				}
			,{
				"<=msec": 7.900
				,"percent": 98.72
				}
			,{
				"<=msec": 8.000
				,"percent": 98.79
				}
			,{
				"<=msec": 8.100
				,"percent": 98.82
				}
			,{
				"<=msec": 8.200
				,"percent": 98.86
				}
			,{
				"<=msec": 8.300
				,"percent": 98.90
				}
			,{
				"<=msec": 8.400
				,"percent": 98.93
				}
			,{
				"<=msec": 8.500
				,"percent": 98.97
				}
			,{
				"<=msec": 8.600
				,"percent": 99.01
				}
			,{
				"<=msec": 8.700
				,"percent": 99.04
				}
			,{
				"<=msec": 8.800
				,"percent": 99.08
				}
			,{
				"<=msec": 8.900
				,"percent": 99.09
				}
			,{
				"<=msec": 9.000
				,"percent": 99.10
				}
			,{
				"<=msec": 9.100
				,"percent": 99.13
				}
			,{
				"<=msec": 9.200
				,"percent": 99.16
				}
			,{
				"<=msec": 9.300
				,"percent": 99.19
				}
			,{
				"<=msec": 9.400
				,"percent": 99.23
				}
			,{
				"<=msec": 9.500
				,"percent": 99.27
				}
			,{
				"<=msec": 9.600
				,"percent": 99.28
				}
			,{
				"<=msec": 9.700
				,"percent": 99.32
				}
			,{
				"<=msec": 9.800
				,"percent": 99.34
				}
			,{
				"<=msec": 9.900
				,"percent": 99.40
				}
			,{
				"<=msec": 10.000
				,"percent": 99.51
				}
			,{
				"<=msec": 11.000
				,"percent": 99.70
				}
			,{
				"<=msec": 12.000
				,"percent": 99.82
				}
			,{
				"<=msec": 13.000
				,"percent": 99.87
				}
			,{
				"<=msec": 14.000
				,"percent": 99.92
				}
			,{
				"<=msec": 15.000
				,"percent": 99.94
				}
			,{
				"<=msec": 16.000
				,"percent": 99.97
				}
			,{
				"<=msec": 17.000
				,"percent": 99.98
				}
			,{
				"<=msec": 20.000
				,"percent": 99.99
				}
			,{
				"<=msec": 21.000
				,"percent": 100.00
				}
			,{
				"<=msec": 31.000
				,"percent": 100.00
				}
			]
		,"WAIT":[
		]
		}
	}
