{
	"configuration":{
		"server": "10.0.0.4"
		,"port": 11212
		,"unix socket": "(null)"
		,"protocol": "memcache_text"
		,"out_file": "(null)"
		,"client_stats": "(null)"
		,"run_count": 1
		,"debug": 0
		,"requests": 0
		,"clients": 2
		,"threads": 1
		,"test_time": 60
		,"ratio": "1:9"
		,"pipeline": 1
		,"data_size": 4096
		,"data_offset": 0
		,"random_data": "false"
		,"data_size_range": "0:0"
		,"data_size_list": ""
		,"data_size_pattern": "R"
		,"expiry_range": "9999:10000"
		,"data_import": "(null)"
		,"data_verify": "false"
		,"verify_only": "false"
		,"generate_keys": "false"
		,"key_prefix": "memtier-"
		,"key_minimum":           0
		,"key_maximum":        1000
		,"key_pattern": "R:R"
		,"key_stddev": 0.000000
		,"key_median": 0.000000
		,"reconnect_interval": 0
		,"multi_key_get": 9
		,"authenticate": ""
		,"select-db": 0
		,"no-expiry": "false"
		,"wait-ratio": "0:0"
		,"num-slaves": "0:0"
		,"wait-timeout": "0-0"
		}
	,"run information":{
		"Threads": 1
		,"Connections per thread": 2
		,"Seconds": 60
		}
	,"ALL STATS":{
		"Sets":{
			"Ops/sec": 151.66
			,"Hits/sec": 0.00
			,"Misses/sec": 0.00
			,"Latency": 6.96
			,"KB/sec": 612.49
			}
		,"Gets":{
			"Ops/sec": 151.66
			,"Hits/sec": 1364.97
			,"Misses/sec": 0.00
			,"Latency": 6.19
			,"KB/sec": 5514.37
			}
		,"Waits":{
			"Ops/sec": 0.00
			,"Hits/sec": 0.00
			,"Misses/sec": 0.00
			,"Latency": 0.00
			,"KB/sec": 0.00
			}
		,"Totals":{
			"Ops/sec": 303.33
			,"Hits/sec": 1364.97
			,"Misses/sec": 0.00
			,"Latency": 6.58
			,"KB/sec": 6126.85
			}
		,"SET":[
			{
				"<=msec": 1.500
				,"percent": 0.07
				}
			,{
				"<=msec": 1.600
				,"percent": 0.41
				}
			,{
				"<=msec": 1.700
				,"percent": 1.82
				}
			,{
				"<=msec": 1.800
				,"percent": 4.64
				}
			,{
				"<=msec": 1.900
				,"percent": 8.57
				}
			,{
				"<=msec": 2.000
				,"percent": 13.19
				}
			,{
				"<=msec": 2.100
				,"percent": 17.51
				}
			,{
				"<=msec": 2.200
				,"percent": 21.71
				}
			,{
				"<=msec": 2.300
				,"percent": 25.07
				}
			,{
				"<=msec": 2.400
				,"percent": 28.05
				}
			,{
				"<=msec": 2.500
				,"percent": 30.75
				}
			,{
				"<=msec": 2.600
				,"percent": 32.57
				}
			,{
				"<=msec": 2.700
				,"percent": 34.08
				}
			,{
				"<=msec": 2.800
				,"percent": 35.31
				}
			,{
				"<=msec": 2.900
				,"percent": 36.49
				}
			,{
				"<=msec": 3.000
				,"percent": 37.39
				}
			,{
				"<=msec": 3.100
				,"percent": 38.35
				}
			,{
				"<=msec": 3.200
				,"percent": 38.92
				}
			,{
				"<=msec": 3.300
				,"percent": 39.50
				}
			,{
				"<=msec": 3.400
				,"percent": 40.06
				}
			,{
				"<=msec": 3.500
				,"percent": 40.74
				}
			,{
				"<=msec": 3.600
				,"percent": 41.24
				}
			,{
				"<=msec": 3.700
				,"percent": 41.70
				}
			,{
				"<=msec": 3.800
				,"percent": 42.23
				}
			,{
				"<=msec": 3.900
				,"percent": 42.61
				}
			,{
				"<=msec": 4.000
				,"percent": 43.04
				}
			,{
				"<=msec": 4.100
				,"percent": 43.47
				}
			,{
				"<=msec": 4.200
				,"percent": 43.87
				}
			,{
				"<=msec": 4.300
				,"percent": 44.30
				}
			,{
				"<=msec": 4.400
				,"percent": 44.76
				}
			,{
				"<=msec": 4.500
				,"percent": 45.08
				}
			,{
				"<=msec": 4.600
				,"percent": 45.43
				}
			,{
				"<=msec": 4.700
				,"percent": 45.81
				}
			,{
				"<=msec": 4.800
				,"percent": 46.18
				}
			,{
				"<=msec": 4.900
				,"percent": 46.54
				}
			,{
				"<=msec": 5.000
				,"percent": 46.92
				}
			,{
				"<=msec": 5.100
				,"percent": 47.19
				}
			,{
				"<=msec": 5.200
				,"percent": 47.42
				}
			,{
				"<=msec": 5.300
				,"percent": 47.80
				}
			,{
				"<=msec": 5.400
				,"percent": 48.07
				}
			,{
				"<=msec": 5.500
				,"percent": 48.46
				}
			,{
				"<=msec": 5.600
				,"percent": 48.75
				}
			,{
				"<=msec": 5.700
				,"percent": 49.16
				}
			,{
				"<=msec": 5.800
				,"percent": 49.60
				}
			,{
				"<=msec": 5.900
				,"percent": 49.96
				}
			,{
				"<=msec": 6.000
				,"percent": 50.34
				}
			,{
				"<=msec": 6.100
				,"percent": 50.76
				}
			,{
				"<=msec": 6.200
				,"percent": 51.02
				}
			,{
				"<=msec": 6.300
				,"percent": 51.42
				}
			,{
				"<=msec": 6.400
				,"percent": 51.81
				}
			,{
				"<=msec": 6.500
				,"percent": 52.28
				}
			,{
				"<=msec": 6.600
				,"percent": 52.76
				}
			,{
				"<=msec": 6.700
				,"percent": 53.08
				}
			,{
				"<=msec": 6.800
				,"percent": 53.59
				}
			,{
				"<=msec": 6.900
				,"percent": 53.95
				}
			,{
				"<=msec": 7.000
				,"percent": 54.51
				}
			,{
				"<=msec": 7.100
				,"percent": 54.98
				}
			,{
				"<=msec": 7.200
				,"percent": 55.41
				}
			,{
				"<=msec": 7.300
				,"percent": 55.99
				}
			,{
				"<=msec": 7.400
				,"percent": 56.70
				}
			,{
				"<=msec": 7.500
				,"percent": 57.40
				}
			,{
				"<=msec": 7.600
				,"percent": 57.95
				}
			,{
				"<=msec": 7.700
				,"percent": 58.43
				}
			,{
				"<=msec": 7.800
				,"percent": 58.97
				}
			,{
				"<=msec": 7.900
				,"percent": 59.46
				}
			,{
				"<=msec": 8.000
				,"percent": 59.81
				}
			,{
				"<=msec": 8.100
				,"percent": 60.31
				}
			,{
				"<=msec": 8.200
				,"percent": 60.85
				}
			,{
				"<=msec": 8.300
				,"percent": 61.36
				}
			,{
				"<=msec": 8.400
				,"percent": 61.72
				}
			,{
				"<=msec": 8.500
				,"percent": 62.03
				}
			,{
				"<=msec": 8.600
				,"percent": 62.53
				}
			,{
				"<=msec": 8.700
				,"percent": 62.92
				}
			,{
				"<=msec": 8.800
				,"percent": 63.43
				}
			,{
				"<=msec": 8.900
				,"percent": 63.85
				}
			,{
				"<=msec": 9.000
				,"percent": 64.20
				}
			,{
				"<=msec": 9.100
				,"percent": 64.72
				}
			,{
				"<=msec": 9.200
				,"percent": 65.07
				}
			,{
				"<=msec": 9.300
				,"percent": 65.51
				}
			,{
				"<=msec": 9.400
				,"percent": 65.88
				}
			,{
				"<=msec": 9.500
				,"percent": 66.28
				}
			,{
				"<=msec": 9.600
				,"percent": 66.73
				}
			,{
				"<=msec": 9.700
				,"percent": 67.16
				}
			,{
				"<=msec": 9.800
				,"percent": 67.66
				}
			,{
				"<=msec": 9.900
				,"percent": 67.97
				}
			,{
				"<=msec": 10.000
				,"percent": 70.42
				}
			,{
				"<=msec": 11.000
				,"percent": 74.10
				}
			,{
				"<=msec": 12.000
				,"percent": 80.95
				}
			,{
				"<=msec": 13.000
				,"percent": 88.73
				}
			,{
				"<=msec": 14.000
				,"percent": 93.22
				}
			,{
				"<=msec": 15.000
				,"percent": 98.55
				}
			,{
				"<=msec": 16.000
				,"percent": 99.43
				}
			,{
				"<=msec": 17.000
				,"percent": 99.69
				}
			,{
				"<=msec": 18.000
				,"percent": 99.77
				}
			,{
				"<=msec": 19.000
				,"percent": 99.85
				}
			,{
				"<=msec": 20.000
				,"percent": 99.90
				}
			,{
				"<=msec": 21.000
				,"percent": 99.91
				}
			,{
				"<=msec": 22.000
				,"percent": 99.92
				}
			,{
				"<=msec": 23.000
				,"percent": 99.93
				}
			,{
				"<=msec": 25.000
				,"percent": 99.95
				}
			,{
				"<=msec": 27.000
				,"percent": 99.96
				}
			,{
				"<=msec": 32.000
				,"percent": 99.98
				}
			,{
				"<=msec": 33.000
				,"percent": 100.00
				}
			]
		,"GET":[
			{
				"<=msec": 1.800
				,"percent": 0.02
				}
			,{
				"<=msec": 1.900
				,"percent": 0.33
				}
			,{
				"<=msec": 2.000
				,"percent": 1.47
				}
			,{
				"<=msec": 2.100
				,"percent": 3.87
				}
			,{
				"<=msec": 2.200
				,"percent": 7.00
				}
			,{
				"<=msec": 2.300
				,"percent": 11.14
				}
			,{
				"<=msec": 2.400
				,"percent": 15.06
				}
			,{
				"<=msec": 2.500
				,"percent": 19.31
				}
			,{
				"<=msec": 2.600
				,"percent": 23.21
				}
			,{
				"<=msec": 2.700
				,"percent": 26.73
				}
			,{
				"<=msec": 2.800
				,"percent": 30.97
				}
			,{
				"<=msec": 2.900
				,"percent": 34.66
				}
			,{
				"<=msec": 3.000
				,"percent": 38.66
				}
			,{
				"<=msec": 3.100
				,"percent": 41.73
				}
			,{
				"<=msec": 3.200
				,"percent": 45.10
				}
			,{
				"<=msec": 3.300
				,"percent": 48.17
				}
			,{
				"<=msec": 3.400
				,"percent": 50.79
				}
			,{
				"<=msec": 3.500
				,"percent": 52.99
				}
			,{
				"<=msec": 3.600
				,"percent": 55.00
				}
			,{
				"<=msec": 3.700
				,"percent": 56.66
				}
			,{
				"<=msec": 3.800
				,"percent": 58.46
				}
			,{
				"<=msec": 3.900
				,"percent": 59.56
				}
			,{
				"<=msec": 4.000
				,"percent": 60.64
				}
			,{
				"<=msec": 4.100
				,"percent": 61.72
				}
			,{
				"<=msec": 4.200
				,"percent": 62.64
				}
			,{
				"<=msec": 4.300
				,"percent": 63.30
				}
			,{
				"<=msec": 4.400
				,"percent": 63.87
				}
			,{
				"<=msec": 4.500
				,"percent": 64.51
				}
			,{
				"<=msec": 4.600
				,"percent": 65.00
				}
			,{
				"<=msec": 4.700
				,"percent": 65.39
				}
			,{
				"<=msec": 4.800
				,"percent": 65.89
				}
			,{
				"<=msec": 4.900
				,"percent": 66.28
				}
			,{
				"<=msec": 5.000
				,"percent": 66.68
				}
			,{
				"<=msec": 5.100
				,"percent": 67.05
				}
			,{
				"<=msec": 5.200
				,"percent": 67.48
				}
			,{
				"<=msec": 5.300
				,"percent": 67.81
				}
			,{
				"<=msec": 5.400
				,"percent": 68.08
				}
			,{
				"<=msec": 5.500
				,"percent": 68.39
				}
			,{
				"<=msec": 5.600
				,"percent": 68.71
				}
			,{
				"<=msec": 5.700
				,"percent": 68.96
				}
			,{
				"<=msec": 5.800
				,"percent": 69.31
				}
			,{
				"<=msec": 5.900
				,"percent": 69.54
				}
			,{
				"<=msec": 6.000
				,"percent": 69.84
				}
			,{
				"<=msec": 6.100
				,"percent": 70.14
				}
			,{
				"<=msec": 6.200
				,"percent": 70.34
				}
			,{
				"<=msec": 6.300
				,"percent": 70.62
				}
			,{
				"<=msec": 6.400
				,"percent": 70.79
				}
			,{
				"<=msec": 6.500
				,"percent": 71.01
				}
			,{
				"<=msec": 6.600
				,"percent": 71.24
				}
			,{
				"<=msec": 6.700
				,"percent": 71.48
				}
			,{
				"<=msec": 6.800
				,"percent": 71.76
				}
			,{
				"<=msec": 6.900
				,"percent": 72.00
				}
			,{
				"<=msec": 7.000
				,"percent": 72.19
				}
			,{
				"<=msec": 7.100
				,"percent": 72.44
				}
			,{
				"<=msec": 7.200
				,"percent": 72.54
				}
			,{
				"<=msec": 7.300
				,"percent": 72.79
				}
			,{
				"<=msec": 7.400
				,"percent": 72.95
				}
			,{
				"<=msec": 7.500
				,"percent": 73.18
				}
			,{
				"<=msec": 7.600
				,"percent": 73.33
				}
			,{
				"<=msec": 7.700
				,"percent": 73.55
				}
			,{
				"<=msec": 7.800
				,"percent": 73.77
				}
			,{
				"<=msec": 7.900
				,"percent": 73.89
				}
			,{
				"<=msec": 8.000
				,"percent": 74.01
				}
			,{
				"<=msec": 8.100
				,"percent": 74.21
				}
			,{
				"<=msec": 8.200
				,"percent": 74.32
				}
			,{
				"<=msec": 8.300
				,"percent": 74.60
				}
			,{
				"<=msec": 8.400
				,"percent": 74.74
				}
			,{
				"<=msec": 8.500
				,"percent": 74.96
				}
			,{
				"<=msec": 8.600
				,"percent": 75.15
				}
			,{
				"<=msec": 8.700
				,"percent": 75.33
				}
			,{
				"<=msec": 8.800
				,"percent": 75.50
				}
			,{
				"<=msec": 8.900
				,"percent": 75.68
				}
			,{
				"<=msec": 9.000
				,"percent": 75.86
				}
			,{
				"<=msec": 9.100
				,"percent": 76.00
				}
			,{
				"<=msec": 9.200
				,"percent": 76.19
				}
			,{
				"<=msec": 9.300
				,"percent": 76.27
				}
			,{
				"<=msec": 9.400
				,"percent": 76.40
				}
			,{
				"<=msec": 9.500
				,"percent": 76.52
				}
			,{
				"<=msec": 9.600
				,"percent": 76.73
				}
			,{
				"<=msec": 9.700
				,"percent": 76.86
				}
			,{
				"<=msec": 9.800
				,"percent": 76.93
				}
			,{
				"<=msec": 9.900
				,"percent": 77.18
				}
			,{
				"<=msec": 10.000
				,"percent": 78.17
				}
			,{
				"<=msec": 11.000
				,"percent": 80.75
				}
			,{
				"<=msec": 12.000
				,"percent": 83.36
				}
			,{
				"<=msec": 13.000
				,"percent": 85.94
				}
			,{
				"<=msec": 14.000
				,"percent": 87.84
				}
			,{
				"<=msec": 15.000
				,"percent": 89.20
				}
			,{
				"<=msec": 16.000
				,"percent": 94.67
				}
			,{
				"<=msec": 17.000
				,"percent": 97.40
				}
			,{
				"<=msec": 18.000
				,"percent": 98.07
				}
			,{
				"<=msec": 19.000
				,"percent": 98.43
				}
			,{
				"<=msec": 20.000
				,"percent": 98.59
				}
			,{
				"<=msec": 21.000
				,"percent": 98.75
				}
			,{
				"<=msec": 22.000
				,"percent": 98.88
				}
			,{
				"<=msec": 23.000
				,"percent": 98.95
				}
			,{
				"<=msec": 24.000
				,"percent": 99.09
				}
			,{
				"<=msec": 25.000
				,"percent": 99.21
				}
			,{
				"<=msec": 26.000
				,"percent": 99.32
				}
			,{
				"<=msec": 27.000
				,"percent": 99.44
				}
			,{
				"<=msec": 28.000
				,"percent": 99.63
				}
			,{
				"<=msec": 29.000
				,"percent": 99.71
				}
			,{
				"<=msec": 30.000
				,"percent": 99.75
				}
			,{
				"<=msec": 31.000
				,"percent": 99.85
				}
			,{
				"<=msec": 32.000
				,"percent": 99.98
				}
			,{
				"<=msec": 33.000
				,"percent": 100.00
				}
			]
		,"WAIT":[
		]
		}
	}
