{
	"configuration":{
		"server": "10.0.0.4"
		,"port": 11212
		,"unix socket": "(null)"
		,"protocol": "memcache_text"
		,"out_file": "(null)"
		,"client_stats": "(null)"
		,"run_count": 1
		,"debug": 0
		,"requests": 0
		,"clients": 2
		,"threads": 1
		,"test_time": 60
		,"ratio": "1:3"
		,"pipeline": 1
		,"data_size": 4096
		,"data_offset": 0
		,"random_data": "false"
		,"data_size_range": "0:0"
		,"data_size_list": ""
		,"data_size_pattern": "R"
		,"expiry_range": "9999:10000"
		,"data_import": "(null)"
		,"data_verify": "false"
		,"verify_only": "false"
		,"generate_keys": "false"
		,"key_prefix": "memtier-"
		,"key_minimum":           0
		,"key_maximum":        1000
		,"key_pattern": "R:R"
		,"key_stddev": 0.000000
		,"key_median": 0.000000
		,"reconnect_interval": 0
		,"multi_key_get": 3
		,"authenticate": ""
		,"select-db": 0
		,"no-expiry": "false"
		,"wait-ratio": "0:0"
		,"num-slaves": "0:0"
		,"wait-timeout": "0-0"
		}
	,"run information":{
		"Threads": 1
		,"Connections per thread": 2
		,"Seconds": 60
		}
	,"ALL STATS":{
		"Sets":{
			"Ops/sec": 360.95
			,"Hits/sec": 0.00
			,"Misses/sec": 0.00
			,"Latency": 2.87
			,"KB/sec": 1457.67
			}
		,"Gets":{
			"Ops/sec": 360.95
			,"Hits/sec": 1082.84
			,"Misses/sec": 0.00
			,"Latency": 2.65
			,"KB/sec": 4376.93
			}
		,"Waits":{
			"Ops/sec": 0.00
			,"Hits/sec": 0.00
			,"Misses/sec": 0.00
			,"Latency": 0.00
			,"KB/sec": 0.00
			}
		,"Totals":{
			"Ops/sec": 721.89
			,"Hits/sec": 1082.84
			,"Misses/sec": 0.00
			,"Latency": 2.76
			,"KB/sec": 5834.60
			}
		,"SET":[
			{
				"<=msec": 1.300
				,"percent": 0.01
				}
			,{
				"<=msec": 1.400
				,"percent": 0.11
				}
			,{
				"<=msec": 1.500
				,"percent": 0.91
				}
			,{
				"<=msec": 1.600
				,"percent": 3.92
				}
			,{
				"<=msec": 1.700
				,"percent": 9.82
				}
			,{
				"<=msec": 1.800
				,"percent": 18.45
				}
			,{
				"<=msec": 1.900
				,"percent": 27.86
				}
			,{
				"<=msec": 2.000
				,"percent": 37.36
				}
			,{
				"<=msec": 2.100
				,"percent": 46.36
				}
			,{
				"<=msec": 2.200
				,"percent": 53.38
				}
			,{
				"<=msec": 2.300
				,"percent": 59.24
				}
			,{
				"<=msec": 2.400
				,"percent": 63.79
				}
			,{
				"<=msec": 2.500
				,"percent": 67.43
				}
			,{
				"<=msec": 2.600
				,"percent": 70.56
				}
			,{
				"<=msec": 2.700
				,"percent": 73.08
				}
			,{
				"<=msec": 2.800
				,"percent": 75.12
				}
			,{
				"<=msec": 2.900
				,"percent": 76.75
				}
			,{
				"<=msec": 3.000
				,"percent": 78.20
				}
			,{
				"<=msec": 3.100
				,"percent": 79.40
				}
			,{
				"<=msec": 3.200
				,"percent": 80.36
				}
			,{
				"<=msec": 3.300
				,"percent": 81.35
				}
			,{
				"<=msec": 3.400
				,"percent": 82.16
				}
			,{
				"<=msec": 3.500
				,"percent": 82.97
				}
			,{
				"<=msec": 3.600
				,"percent": 83.68
				}
			,{
				"<=msec": 3.700
				,"percent": 84.25
				}
			,{
				"<=msec": 3.800
				,"percent": 84.84
				}
			,{
				"<=msec": 3.900
				,"percent": 85.40
				}
			,{
				"<=msec": 4.000
				,"percent": 85.76
				}
			,{
				"<=msec": 4.100
				,"percent": 86.17
				}
			,{
				"<=msec": 4.200
				,"percent": 86.65
				}
			,{
				"<=msec": 4.300
				,"percent": 87.13
				}
			,{
				"<=msec": 4.400
				,"percent": 87.51
				}
			,{
				"<=msec": 4.500
				,"percent": 87.86
				}
			,{
				"<=msec": 4.600
				,"percent": 88.20
				}
			,{
				"<=msec": 4.700
				,"percent": 88.56
				}
			,{
				"<=msec": 4.800
				,"percent": 88.94
				}
			,{
				"<=msec": 4.900
				,"percent": 89.32
				}
			,{
				"<=msec": 5.000
				,"percent": 89.66
				}
			,{
				"<=msec": 5.100
				,"percent": 89.94
				}
			,{
				"<=msec": 5.200
				,"percent": 90.29
				}
			,{
				"<=msec": 5.300
				,"percent": 90.58
				}
			,{
				"<=msec": 5.400
				,"percent": 90.89
				}
			,{
				"<=msec": 5.500
				,"percent": 91.16
				}
			,{
				"<=msec": 5.600
				,"percent": 91.46
				}
			,{
				"<=msec": 5.700
				,"percent": 91.76
				}
			,{
				"<=msec": 5.800
				,"percent": 92.01
				}
			,{
				"<=msec": 5.900
				,"percent": 92.28
				}
			,{
				"<=msec": 6.000
				,"percent": 92.52
				}
			,{
				"<=msec": 6.100
				,"percent": 92.76
				}
			,{
				"<=msec": 6.200
				,"percent": 93.00
				}
			,{
				"<=msec": 6.300
				,"percent": 93.20
				}
			,{
				"<=msec": 6.400
				,"percent": 93.45
				}
			,{
				"<=msec": 6.500
				,"percent": 93.71
				}
			,{
				"<=msec": 6.600
				,"percent": 93.98
				}
			,{
				"<=msec": 6.700
				,"percent": 94.27
				}
			,{
				"<=msec": 6.800
				,"percent": 94.48
				}
			,{
				"<=msec": 6.900
				,"percent": 94.76
				}
			,{
				"<=msec": 7.000
				,"percent": 95.01
				}
			,{
				"<=msec": 7.100
				,"percent": 95.31
				}
			,{
				"<=msec": 7.200
				,"percent": 95.57
				}
			,{
				"<=msec": 7.300
				,"percent": 95.86
				}
			,{
				"<=msec": 7.400
				,"percent": 96.11
				}
			,{
				"<=msec": 7.500
				,"percent": 96.36
				}
			,{
				"<=msec": 7.600
				,"percent": 96.61
				}
			,{
				"<=msec": 7.700
				,"percent": 96.82
				}
			,{
				"<=msec": 7.800
				,"percent": 97.09
				}
			,{
				"<=msec": 7.900
				,"percent": 97.33
				}
			,{
				"<=msec": 8.000
				,"percent": 97.48
				}
			,{
				"<=msec": 8.100
				,"percent": 97.62
				}
			,{
				"<=msec": 8.200
				,"percent": 97.73
				}
			,{
				"<=msec": 8.300
				,"percent": 97.83
				}
			,{
				"<=msec": 8.400
				,"percent": 97.96
				}
			,{
				"<=msec": 8.500
				,"percent": 98.08
				}
			,{
				"<=msec": 8.600
				,"percent": 98.19
				}
			,{
				"<=msec": 8.700
				,"percent": 98.30
				}
			,{
				"<=msec": 8.800
				,"percent": 98.37
				}
			,{
				"<=msec": 8.900
				,"percent": 98.46
				}
			,{
				"<=msec": 9.000
				,"percent": 98.52
				}
			,{
				"<=msec": 9.100
				,"percent": 98.61
				}
			,{
				"<=msec": 9.200
				,"percent": 98.65
				}
			,{
				"<=msec": 9.300
				,"percent": 98.72
				}
			,{
				"<=msec": 9.400
				,"percent": 98.76
				}
			,{
				"<=msec": 9.500
				,"percent": 98.83
				}
			,{
				"<=msec": 9.600
				,"percent": 98.87
				}
			,{
				"<=msec": 9.700
				,"percent": 98.91
				}
			,{
				"<=msec": 9.800
				,"percent": 98.94
				}
			,{
				"<=msec": 9.900
				,"percent": 98.99
				}
			,{
				"<=msec": 10.000
				,"percent": 99.24
				}
			,{
				"<=msec": 11.000
				,"percent": 99.50
				}
			,{
				"<=msec": 12.000
				,"percent": 99.70
				}
			,{
				"<=msec": 13.000
				,"percent": 99.80
				}
			,{
				"<=msec": 14.000
				,"percent": 99.84
				}
			,{
				"<=msec": 15.000
				,"percent": 99.87
				}
			,{
				"<=msec": 16.000
				,"percent": 99.89
				}
			,{
				"<=msec": 17.000
				,"percent": 99.93
				}
			,{
				"<=msec": 18.000
				,"percent": 99.94
				}
			,{
				"<=msec": 19.000
				,"percent": 99.95
				}
			,{
				"<=msec": 20.000
				,"percent": 99.96
				}
			,{
				"<=msec": 21.000
				,"percent": 99.98
				}
			,{
				"<=msec": 22.000
				,"percent": 100.00
				}
			,{
				"<=msec": 38.000
				,"percent": 100.00
				}
			]
		,"GET":[
			{
				"<=msec": 1.400
				,"percent": 0.09
				}
			,{
				"<=msec": 1.500
				,"percent": 0.43
				}
			,{
				"<=msec": 1.600
				,"percent": 1.99
				}
			,{
				"<=msec": 1.700
				,"percent": 5.66
				}
			,{
				"<=msec": 1.800
				,"percent": 11.86
				}
			,{
				"<=msec": 1.900
				,"percent": 20.43
				}
			,{
				"<=msec": 2.000
				,"percent": 30.59
				}
			,{
				"<=msec": 2.100
				,"percent": 40.12
				}
			,{
				"<=msec": 2.200
				,"percent": 49.41
				}
			,{
				"<=msec": 2.300
				,"percent": 57.18
				}
			,{
				"<=msec": 2.400
				,"percent": 63.98
				}
			,{
				"<=msec": 2.500
				,"percent": 69.50
				}
			,{
				"<=msec": 2.600
				,"percent": 73.90
				}
			,{
				"<=msec": 2.700
				,"percent": 77.46
				}
			,{
				"<=msec": 2.800
				,"percent": 80.13
				}
			,{
				"<=msec": 2.900
				,"percent": 82.30
				}
			,{
				"<=msec": 3.000
				,"percent": 84.28
				}
			,{
				"<=msec": 3.100
				,"percent": 85.77
				}
			,{
				"<=msec": 3.200
				,"percent": 86.97
				}
			,{
				"<=msec": 3.300
				,"percent": 87.93
				}
			,{
				"<=msec": 3.400
				,"percent": 88.82
				}
			,{
				"<=msec": 3.500
				,"percent": 89.49
				}
			,{
				"<=msec": 3.600
				,"percent": 90.04
				}
			,{
				"<=msec": 3.700
				,"percent": 90.59
				}
			,{
				"<=msec": 3.800
				,"percent": 90.99
				}
			,{
				"<=msec": 3.900
				,"percent": 91.41
				}
			,{
				"<=msec": 4.000
				,"percent": 91.79
				}
			,{
				"<=msec": 4.100
				,"percent": 92.12
				}
			,{
				"<=msec": 4.200
				,"percent": 92.46
				}
			,{
				"<=msec": 4.300
				,"percent": 92.80
				}
			,{
				"<=msec": 4.400
				,"percent": 93.09
				}
			,{
				"<=msec": 4.500
				,"percent": 93.34
				}
			,{
				"<=msec": 4.600
				,"percent": 93.58
				}
			,{
				"<=msec": 4.700
				,"percent": 93.77
				}
			,{
				"<=msec": 4.800
				,"percent": 93.93
				}
			,{
				"<=msec": 4.900
				,"percent": 94.14
				}
			,{
				"<=msec": 5.000
				,"percent": 94.30
				}
			,{
				"<=msec": 5.100
				,"percent": 94.50
				}
			,{
				"<=msec": 5.200
				,"percent": 94.69
				}
			,{
				"<=msec": 5.300
				,"percent": 94.84
				}
			,{
				"<=msec": 5.400
				,"percent": 95.03
				}
			,{
				"<=msec": 5.500
				,"percent": 95.16
				}
			,{
				"<=msec": 5.600
				,"percent": 95.35
				}
			,{
				"<=msec": 5.700
				,"percent": 95.52
				}
			,{
				"<=msec": 5.800
				,"percent": 95.65
				}
			,{
				"<=msec": 5.900
				,"percent": 95.79
				}
			,{
				"<=msec": 6.000
				,"percent": 95.90
				}
			,{
				"<=msec": 6.100
				,"percent": 96.09
				}
			,{
				"<=msec": 6.200
				,"percent": 96.26
				}
			,{
				"<=msec": 6.300
				,"percent": 96.39
				}
			,{
				"<=msec": 6.400
				,"percent": 96.54
				}
			,{
				"<=msec": 6.500
				,"percent": 96.67
				}
			,{
				"<=msec": 6.600
				,"percent": 96.81
				}
			,{
				"<=msec": 6.700
				,"percent": 96.93
				}
			,{
				"<=msec": 6.800
				,"percent": 97.04
				}
			,{
				"<=msec": 6.900
				,"percent": 97.17
				}
			,{
				"<=msec": 7.000
				,"percent": 97.34
				}
			,{
				"<=msec": 7.100
				,"percent": 97.53
				}
			,{
				"<=msec": 7.200
				,"percent": 97.64
				}
			,{
				"<=msec": 7.300
				,"percent": 97.80
				}
			,{
				"<=msec": 7.400
				,"percent": 97.91
				}
			,{
				"<=msec": 7.500
				,"percent": 98.01
				}
			,{
				"<=msec": 7.600
				,"percent": 98.13
				}
			,{
				"<=msec": 7.700
				,"percent": 98.26
				}
			,{
				"<=msec": 7.800
				,"percent": 98.38
				}
			,{
				"<=msec": 7.900
				,"percent": 98.47
				}
			,{
				"<=msec": 8.000
				,"percent": 98.56
				}
			,{
				"<=msec": 8.100
				,"percent": 98.66
				}
			,{
				"<=msec": 8.200
				,"percent": 98.74
				}
			,{
				"<=msec": 8.300
				,"percent": 98.83
				}
			,{
				"<=msec": 8.400
				,"percent": 98.87
				}
			,{
				"<=msec": 8.500
				,"percent": 98.92
				}
			,{
				"<=msec": 8.600
				,"percent": 98.97
				}
			,{
				"<=msec": 8.700
				,"percent": 99.02
				}
			,{
				"<=msec": 8.800
				,"percent": 99.06
				}
			,{
				"<=msec": 8.900
				,"percent": 99.09
				}
			,{
				"<=msec": 9.000
				,"percent": 99.15
				}
			,{
				"<=msec": 9.100
				,"percent": 99.19
				}
			,{
				"<=msec": 9.200
				,"percent": 99.25
				}
			,{
				"<=msec": 9.300
				,"percent": 99.27
				}
			,{
				"<=msec": 9.400
				,"percent": 99.31
				}
			,{
				"<=msec": 9.500
				,"percent": 99.32
				}
			,{
				"<=msec": 9.600
				,"percent": 99.35
				}
			,{
				"<=msec": 9.700
				,"percent": 99.39
				}
			,{
				"<=msec": 9.800
				,"percent": 99.41
				}
			,{
				"<=msec": 9.900
				,"percent": 99.45
				}
			,{
				"<=msec": 10.000
				,"percent": 99.59
				}
			,{
				"<=msec": 11.000
				,"percent": 99.73
				}
			,{
				"<=msec": 12.000
				,"percent": 99.81
				}
			,{
				"<=msec": 13.000
				,"percent": 99.88
				}
			,{
				"<=msec": 14.000
				,"percent": 99.90
				}
			,{
				"<=msec": 15.000
				,"percent": 99.91
				}
			,{
				"<=msec": 16.000
				,"percent": 99.94
				}
			,{
				"<=msec": 17.000
				,"percent": 99.95
				}
			,{
				"<=msec": 18.000
				,"percent": 99.96
				}
			,{
				"<=msec": 19.000
				,"percent": 99.97
				}
			,{
				"<=msec": 20.000
				,"percent": 99.97
				}
			,{
				"<=msec": 22.000
				,"percent": 99.98
				}
			,{
				"<=msec": 24.000
				,"percent": 99.99
				}
			,{
				"<=msec": 25.000
				,"percent": 99.99
				}
			,{
				"<=msec": 27.000
				,"percent": 100.00
				}
			,{
				"<=msec": 42.000
				,"percent": 100.00
				}
			]
		,"WAIT":[
		]
		}
	}
