{
	"configuration":{
		"server": "10.0.0.9"
		,"port": 11212
		,"unix socket": "(null)"
		,"protocol": "memcache_text"
		,"out_file": "(null)"
		,"client_stats": "(null)"
		,"run_count": 1
		,"debug": 0
		,"requests": 0
		,"clients": 2
		,"threads": 1
		,"test_time": 60
		,"ratio": "1:6"
		,"pipeline": 1
		,"data_size": 4096
		,"data_offset": 0
		,"random_data": "false"
		,"data_size_range": "0:0"
		,"data_size_list": ""
		,"data_size_pattern": "R"
		,"expiry_range": "9999:10000"
		,"data_import": "(null)"
		,"data_verify": "false"
		,"verify_only": "false"
		,"generate_keys": "false"
		,"key_prefix": "memtier-"
		,"key_minimum":           0
		,"key_maximum":        1000
		,"key_pattern": "R:R"
		,"key_stddev": 0.000000
		,"key_median": 0.000000
		,"reconnect_interval": 0
		,"multi_key_get": 6
		,"authenticate": ""
		,"select-db": 0
		,"no-expiry": "false"
		,"wait-ratio": "0:0"
		,"num-slaves": "0:0"
		,"wait-timeout": "0-0"
		}
	,"run information":{
		"Threads": 1
		,"Connections per thread": 2
		,"Seconds": 60
		}
	,"ALL STATS":{
		"Sets":{
			"Ops/sec": 269.79
			,"Hits/sec": 0.00
			,"Misses/sec": 0.00
			,"Latency": 3.12
			,"KB/sec": 1089.55
			}
		,"Gets":{
			"Ops/sec": 269.78
			,"Hits/sec": 1618.66
			,"Misses/sec": 0.00
			,"Latency": 4.27
			,"KB/sec": 6540.16
			}
		,"Waits":{
			"Ops/sec": 0.00
			,"Hits/sec": 0.00
			,"Misses/sec": 0.00
			,"Latency": 0.00
			,"KB/sec": 0.00
			}
		,"Totals":{
			"Ops/sec": 539.57
			,"Hits/sec": 1618.66
			,"Misses/sec": 0.00
			,"Latency": 3.69
			,"KB/sec": 7629.71
			}
		,"SET":[
			{
				"<=msec": 0.950
				,"percent": 0.01
				}
			,{
				"<=msec": 0.970
				,"percent": 0.01
				}
			,{
				"<=msec": 0.980
				,"percent": 0.02
				}
			,{
				"<=msec": 0.990
				,"percent": 0.03
				}
			,{
				"<=msec": 1.000
				,"percent": 0.14
				}
			,{
				"<=msec": 1.100
				,"percent": 0.86
				}
			,{
				"<=msec": 1.200
				,"percent": 3.33
				}
			,{
				"<=msec": 1.300
				,"percent": 8.06
				}
			,{
				"<=msec": 1.400
				,"percent": 14.57
				}
			,{
				"<=msec": 1.500
				,"percent": 22.31
				}
			,{
				"<=msec": 1.600
				,"percent": 29.65
				}
			,{
				"<=msec": 1.700
				,"percent": 36.98
				}
			,{
				"<=msec": 1.800
				,"percent": 43.44
				}
			,{
				"<=msec": 1.900
				,"percent": 48.77
				}
			,{
				"<=msec": 2.000
				,"percent": 53.16
				}
			,{
				"<=msec": 2.100
				,"percent": 56.66
				}
			,{
				"<=msec": 2.200
				,"percent": 59.63
				}
			,{
				"<=msec": 2.300
				,"percent": 62.00
				}
			,{
				"<=msec": 2.400
				,"percent": 63.60
				}
			,{
				"<=msec": 2.500
				,"percent": 65.13
				}
			,{
				"<=msec": 2.600
				,"percent": 66.33
				}
			,{
				"<=msec": 2.700
				,"percent": 67.46
				}
			,{
				"<=msec": 2.800
				,"percent": 68.50
				}
			,{
				"<=msec": 2.900
				,"percent": 69.40
				}
			,{
				"<=msec": 3.000
				,"percent": 70.14
				}
			,{
				"<=msec": 3.100
				,"percent": 70.89
				}
			,{
				"<=msec": 3.200
				,"percent": 71.63
				}
			,{
				"<=msec": 3.300
				,"percent": 72.35
				}
			,{
				"<=msec": 3.400
				,"percent": 73.09
				}
			,{
				"<=msec": 3.500
				,"percent": 73.74
				}
			,{
				"<=msec": 3.600
				,"percent": 74.18
				}
			,{
				"<=msec": 3.700
				,"percent": 74.75
				}
			,{
				"<=msec": 3.800
				,"percent": 75.31
				}
			,{
				"<=msec": 3.900
				,"percent": 75.87
				}
			,{
				"<=msec": 4.000
				,"percent": 76.30
				}
			,{
				"<=msec": 4.100
				,"percent": 76.75
				}
			,{
				"<=msec": 4.200
				,"percent": 77.31
				}
			,{
				"<=msec": 4.300
				,"percent": 77.72
				}
			,{
				"<=msec": 4.400
				,"percent": 78.18
				}
			,{
				"<=msec": 4.500
				,"percent": 78.63
				}
			,{
				"<=msec": 4.600
				,"percent": 79.12
				}
			,{
				"<=msec": 4.700
				,"percent": 79.60
				}
			,{
				"<=msec": 4.800
				,"percent": 80.00
				}
			,{
				"<=msec": 4.900
				,"percent": 80.47
				}
			,{
				"<=msec": 5.000
				,"percent": 80.91
				}
			,{
				"<=msec": 5.100
				,"percent": 81.21
				}
			,{
				"<=msec": 5.200
				,"percent": 81.59
				}
			,{
				"<=msec": 5.300
				,"percent": 82.05
				}
			,{
				"<=msec": 5.400
				,"percent": 82.54
				}
			,{
				"<=msec": 5.500
				,"percent": 83.06
				}
			,{
				"<=msec": 5.600
				,"percent": 83.51
				}
			,{
				"<=msec": 5.700
				,"percent": 84.00
				}
			,{
				"<=msec": 5.800
				,"percent": 84.49
				}
			,{
				"<=msec": 5.900
				,"percent": 84.92
				}
			,{
				"<=msec": 6.000
				,"percent": 85.42
				}
			,{
				"<=msec": 6.100
				,"percent": 85.95
				}
			,{
				"<=msec": 6.200
				,"percent": 86.42
				}
			,{
				"<=msec": 6.300
				,"percent": 86.84
				}
			,{
				"<=msec": 6.400
				,"percent": 87.23
				}
			,{
				"<=msec": 6.500
				,"percent": 87.73
				}
			,{
				"<=msec": 6.600
				,"percent": 88.17
				}
			,{
				"<=msec": 6.700
				,"percent": 88.58
				}
			,{
				"<=msec": 6.800
				,"percent": 89.18
				}
			,{
				"<=msec": 6.900
				,"percent": 89.69
				}
			,{
				"<=msec": 7.000
				,"percent": 90.15
				}
			,{
				"<=msec": 7.100
				,"percent": 90.75
				}
			,{
				"<=msec": 7.200
				,"percent": 91.19
				}
			,{
				"<=msec": 7.300
				,"percent": 91.80
				}
			,{
				"<=msec": 7.400
				,"percent": 92.36
				}
			,{
				"<=msec": 7.500
				,"percent": 92.78
				}
			,{
				"<=msec": 7.600
				,"percent": 93.23
				}
			,{
				"<=msec": 7.700
				,"percent": 93.75
				}
			,{
				"<=msec": 7.800
				,"percent": 94.11
				}
			,{
				"<=msec": 7.900
				,"percent": 94.46
				}
			,{
				"<=msec": 8.000
				,"percent": 94.78
				}
			,{
				"<=msec": 8.100
				,"percent": 95.06
				}
			,{
				"<=msec": 8.200
				,"percent": 95.32
				}
			,{
				"<=msec": 8.300
				,"percent": 95.56
				}
			,{
				"<=msec": 8.400
				,"percent": 95.83
				}
			,{
				"<=msec": 8.500
				,"percent": 96.08
				}
			,{
				"<=msec": 8.600
				,"percent": 96.32
				}
			,{
				"<=msec": 8.700
				,"percent": 96.57
				}
			,{
				"<=msec": 8.800
				,"percent": 96.78
				}
			,{
				"<=msec": 8.900
				,"percent": 96.95
				}
			,{
				"<=msec": 9.000
				,"percent": 97.09
				}
			,{
				"<=msec": 9.100
				,"percent": 97.23
				}
			,{
				"<=msec": 9.200
				,"percent": 97.49
				}
			,{
				"<=msec": 9.300
				,"percent": 97.65
				}
			,{
				"<=msec": 9.400
				,"percent": 97.80
				}
			,{
				"<=msec": 9.500
				,"percent": 97.98
				}
			,{
				"<=msec": 9.600
				,"percent": 98.13
				}
			,{
				"<=msec": 9.700
				,"percent": 98.27
				}
			,{
				"<=msec": 9.800
				,"percent": 98.41
				}
			,{
				"<=msec": 9.900
				,"percent": 98.57
				}
			,{
				"<=msec": 10.000
				,"percent": 99.08
				}
			,{
				"<=msec": 11.000
				,"percent": 99.52
				}
			,{
				"<=msec": 12.000
				,"percent": 99.70
				}
			,{
				"<=msec": 13.000
				,"percent": 99.75
				}
			,{
				"<=msec": 14.000
				,"percent": 99.78
				}
			,{
				"<=msec": 15.000
				,"percent": 99.81
				}
			,{
				"<=msec": 16.000
				,"percent": 99.83
				}
			,{
				"<=msec": 17.000
				,"percent": 99.86
				}
			,{
				"<=msec": 18.000
				,"percent": 99.87
				}
			,{
				"<=msec": 19.000
				,"percent": 99.91
				}
			,{
				"<=msec": 21.000
				,"percent": 99.93
				}
			,{
				"<=msec": 22.000
				,"percent": 99.94
				}
			,{
				"<=msec": 23.000
				,"percent": 99.96
				}
			,{
				"<=msec": 24.000
				,"percent": 99.96
				}
			,{
				"<=msec": 27.000
				,"percent": 99.98
				}
			,{
				"<=msec": 35.000
				,"percent": 99.98
				}
			,{
				"<=msec": 38.000
				,"percent": 99.99
				}
			,{
				"<=msec": 110.000
				,"percent": 100.00
				}
			]
		,"GET":[
			{
				"<=msec": 1.300
				,"percent": 0.02
				}
			,{
				"<=msec": 1.400
				,"percent": 0.13
				}
			,{
				"<=msec": 1.500
				,"percent": 0.59
				}
			,{
				"<=msec": 1.600
				,"percent": 1.64
				}
			,{
				"<=msec": 1.700
				,"percent": 3.88
				}
			,{
				"<=msec": 1.800
				,"percent": 7.11
				}
			,{
				"<=msec": 1.900
				,"percent": 11.36
				}
			,{
				"<=msec": 2.000
				,"percent": 16.38
				}
			,{
				"<=msec": 2.100
				,"percent": 21.86
				}
			,{
				"<=msec": 2.200
				,"percent": 27.07
				}
			,{
				"<=msec": 2.300
				,"percent": 32.43
				}
			,{
				"<=msec": 2.400
				,"percent": 37.01
				}
			,{
				"<=msec": 2.500
				,"percent": 41.11
				}
			,{
				"<=msec": 2.600
				,"percent": 44.57
				}
			,{
				"<=msec": 2.700
				,"percent": 47.81
				}
			,{
				"<=msec": 2.800
				,"percent": 50.55
				}
			,{
				"<=msec": 2.900
				,"percent": 52.64
				}
			,{
				"<=msec": 3.000
				,"percent": 54.54
				}
			,{
				"<=msec": 3.100
				,"percent": 56.18
				}
			,{
				"<=msec": 3.200
				,"percent": 57.55
				}
			,{
				"<=msec": 3.300
				,"percent": 58.60
				}
			,{
				"<=msec": 3.400
				,"percent": 59.63
				}
			,{
				"<=msec": 3.500
				,"percent": 60.56
				}
			,{
				"<=msec": 3.600
				,"percent": 61.35
				}
			,{
				"<=msec": 3.700
				,"percent": 62.19
				}
			,{
				"<=msec": 3.800
				,"percent": 63.01
				}
			,{
				"<=msec": 3.900
				,"percent": 63.67
				}
			,{
				"<=msec": 4.000
				,"percent": 64.43
				}
			,{
				"<=msec": 4.100
				,"percent": 65.11
				}
			,{
				"<=msec": 4.200
				,"percent": 65.65
				}
			,{
				"<=msec": 4.300
				,"percent": 66.21
				}
			,{
				"<=msec": 4.400
				,"percent": 66.84
				}
			,{
				"<=msec": 4.500
				,"percent": 67.39
				}
			,{
				"<=msec": 4.600
				,"percent": 67.83
				}
			,{
				"<=msec": 4.700
				,"percent": 68.41
				}
			,{
				"<=msec": 4.800
				,"percent": 68.93
				}
			,{
				"<=msec": 4.900
				,"percent": 69.41
				}
			,{
				"<=msec": 5.000
				,"percent": 69.85
				}
			,{
				"<=msec": 5.100
				,"percent": 70.28
				}
			,{
				"<=msec": 5.200
				,"percent": 70.82
				}
			,{
				"<=msec": 5.300
				,"percent": 71.34
				}
			,{
				"<=msec": 5.400
				,"percent": 71.92
				}
			,{
				"<=msec": 5.500
				,"percent": 72.43
				}
			,{
				"<=msec": 5.600
				,"percent": 72.98
				}
			,{
				"<=msec": 5.700
				,"percent": 73.44
				}
			,{
				"<=msec": 5.800
				,"percent": 73.96
				}
			,{
				"<=msec": 5.900
				,"percent": 74.44
				}
			,{
				"<=msec": 6.000
				,"percent": 74.93
				}
			,{
				"<=msec": 6.100
				,"percent": 75.42
				}
			,{
				"<=msec": 6.200
				,"percent": 75.94
				}
			,{
				"<=msec": 6.300
				,"percent": 76.49
				}
			,{
				"<=msec": 6.400
				,"percent": 76.98
				}
			,{
				"<=msec": 6.500
				,"percent": 77.59
				}
			,{
				"<=msec": 6.600
				,"percent": 78.24
				}
			,{
				"<=msec": 6.700
				,"percent": 78.83
				}
			,{
				"<=msec": 6.800
				,"percent": 79.37
				}
			,{
				"<=msec": 6.900
				,"percent": 79.97
				}
			,{
				"<=msec": 7.000
				,"percent": 80.56
				}
			,{
				"<=msec": 7.100
				,"percent": 81.09
				}
			,{
				"<=msec": 7.200
				,"percent": 81.75
				}
			,{
				"<=msec": 7.300
				,"percent": 82.29
				}
			,{
				"<=msec": 7.400
				,"percent": 82.94
				}
			,{
				"<=msec": 7.500
				,"percent": 83.51
				}
			,{
				"<=msec": 7.600
				,"percent": 84.05
				}
			,{
				"<=msec": 7.700
				,"percent": 84.75
				}
			,{
				"<=msec": 7.800
				,"percent": 85.32
				}
			,{
				"<=msec": 7.900
				,"percent": 85.94
				}
			,{
				"<=msec": 8.000
				,"percent": 86.56
				}
			,{
				"<=msec": 8.100
				,"percent": 87.08
				}
			,{
				"<=msec": 8.200
				,"percent": 87.62
				}
			,{
				"<=msec": 8.300
				,"percent": 88.10
				}
			,{
				"<=msec": 8.400
				,"percent": 88.68
				}
			,{
				"<=msec": 8.500
				,"percent": 89.36
				}
			,{
				"<=msec": 8.600
				,"percent": 89.83
				}
			,{
				"<=msec": 8.700
				,"percent": 90.32
				}
			,{
				"<=msec": 8.800
				,"percent": 90.85
				}
			,{
				"<=msec": 8.900
				,"percent": 91.30
				}
			,{
				"<=msec": 9.000
				,"percent": 91.89
				}
			,{
				"<=msec": 9.100
				,"percent": 92.42
				}
			,{
				"<=msec": 9.200
				,"percent": 92.93
				}
			,{
				"<=msec": 9.300
				,"percent": 93.40
				}
			,{
				"<=msec": 9.400
				,"percent": 93.80
				}
			,{
				"<=msec": 9.500
				,"percent": 94.30
				}
			,{
				"<=msec": 9.600
				,"percent": 94.85
				}
			,{
				"<=msec": 9.700
				,"percent": 95.22
				}
			,{
				"<=msec": 9.800
				,"percent": 95.71
				}
			,{
				"<=msec": 9.900
				,"percent": 96.18
				}
			,{
				"<=msec": 10.000
				,"percent": 97.61
				}
			,{
				"<=msec": 11.000
				,"percent": 98.91
				}
			,{
				"<=msec": 12.000
				,"percent": 99.35
				}
			,{
				"<=msec": 13.000
				,"percent": 99.53
				}
			,{
				"<=msec": 14.000
				,"percent": 99.62
				}
			,{
				"<=msec": 15.000
				,"percent": 99.70
				}
			,{
				"<=msec": 16.000
				,"percent": 99.74
				}
			,{
				"<=msec": 17.000
				,"percent": 99.78
				}
			,{
				"<=msec": 18.000
				,"percent": 99.82
				}
			,{
				"<=msec": 19.000
				,"percent": 99.85
				}
			,{
				"<=msec": 20.000
				,"percent": 99.88
				}
			,{
				"<=msec": 21.000
				,"percent": 99.89
				}
			,{
				"<=msec": 22.000
				,"percent": 99.93
				}
			,{
				"<=msec": 23.000
				,"percent": 99.95
				}
			,{
				"<=msec": 24.000
				,"percent": 99.96
				}
			,{
				"<=msec": 27.000
				,"percent": 99.97
				}
			,{
				"<=msec": 30.000
				,"percent": 99.98
				}
			,{
				"<=msec": 110.000
				,"percent": 99.98
				}
			,{
				"<=msec": 130.000
				,"percent": 100.00
				}
			]
		,"WAIT":[
		]
		}
	}
