{
	"configuration":{
		"server": "10.0.0.9"
		,"port": 11212
		,"unix socket": "(null)"
		,"protocol": "memcache_text"
		,"out_file": "(null)"
		,"client_stats": "(null)"
		,"run_count": 1
		,"debug": 0
		,"requests": 0
		,"clients": 2
		,"threads": 1
		,"test_time": 60
		,"ratio": "1:6"
		,"pipeline": 1
		,"data_size": 4096
		,"data_offset": 0
		,"random_data": "false"
		,"data_size_range": "0:0"
		,"data_size_list": ""
		,"data_size_pattern": "R"
		,"expiry_range": "9999:10000"
		,"data_import": "(null)"
		,"data_verify": "false"
		,"verify_only": "false"
		,"generate_keys": "false"
		,"key_prefix": "memtier-"
		,"key_minimum":           0
		,"key_maximum":        1000
		,"key_pattern": "R:R"
		,"key_stddev": 0.000000
		,"key_median": 0.000000
		,"reconnect_interval": 0
		,"multi_key_get": 6
		,"authenticate": ""
		,"select-db": 0
		,"no-expiry": "false"
		,"wait-ratio": "0:0"
		,"num-slaves": "0:0"
		,"wait-timeout": "0-0"
		}
	,"run information":{
		"Threads": 1
		,"Connections per thread": 2
		,"Seconds": 60
		}
	,"ALL STATS":{
		"Sets":{
			"Ops/sec": 266.56
			,"Hits/sec": 0.00
			,"Misses/sec": 0.00
			,"Latency": 3.22
			,"KB/sec": 1076.48
			}
		,"Gets":{
			"Ops/sec": 266.56
			,"Hits/sec": 1599.33
			,"Misses/sec": 0.00
			,"Latency": 4.26
			,"KB/sec": 6462.07
			}
		,"Waits":{
			"Ops/sec": 0.00
			,"Hits/sec": 0.00
			,"Misses/sec": 0.00
			,"Latency": 0.00
			,"KB/sec": 0.00
			}
		,"Totals":{
			"Ops/sec": 533.11
			,"Hits/sec": 1599.33
			,"Misses/sec": 0.00
			,"Latency": 3.74
			,"KB/sec": 7538.55
			}
		,"SET":[
			{
				"<=msec": 0.940
				,"percent": 0.01
				}
			,{
				"<=msec": 1.000
				,"percent": 0.07
				}
			,{
				"<=msec": 1.100
				,"percent": 0.68
				}
			,{
				"<=msec": 1.200
				,"percent": 2.34
				}
			,{
				"<=msec": 1.300
				,"percent": 5.83
				}
			,{
				"<=msec": 1.400
				,"percent": 11.39
				}
			,{
				"<=msec": 1.500
				,"percent": 18.79
				}
			,{
				"<=msec": 1.600
				,"percent": 26.12
				}
			,{
				"<=msec": 1.700
				,"percent": 33.51
				}
			,{
				"<=msec": 1.800
				,"percent": 39.85
				}
			,{
				"<=msec": 1.900
				,"percent": 45.74
				}
			,{
				"<=msec": 2.000
				,"percent": 50.49
				}
			,{
				"<=msec": 2.100
				,"percent": 54.31
				}
			,{
				"<=msec": 2.200
				,"percent": 57.27
				}
			,{
				"<=msec": 2.300
				,"percent": 59.92
				}
			,{
				"<=msec": 2.400
				,"percent": 61.82
				}
			,{
				"<=msec": 2.500
				,"percent": 63.78
				}
			,{
				"<=msec": 2.600
				,"percent": 65.42
				}
			,{
				"<=msec": 2.700
				,"percent": 66.69
				}
			,{
				"<=msec": 2.800
				,"percent": 67.68
				}
			,{
				"<=msec": 2.900
				,"percent": 68.56
				}
			,{
				"<=msec": 3.000
				,"percent": 69.31
				}
			,{
				"<=msec": 3.100
				,"percent": 70.10
				}
			,{
				"<=msec": 3.200
				,"percent": 70.79
				}
			,{
				"<=msec": 3.300
				,"percent": 71.39
				}
			,{
				"<=msec": 3.400
				,"percent": 72.08
				}
			,{
				"<=msec": 3.500
				,"percent": 72.70
				}
			,{
				"<=msec": 3.600
				,"percent": 73.23
				}
			,{
				"<=msec": 3.700
				,"percent": 73.82
				}
			,{
				"<=msec": 3.800
				,"percent": 74.28
				}
			,{
				"<=msec": 3.900
				,"percent": 74.79
				}
			,{
				"<=msec": 4.000
				,"percent": 75.33
				}
			,{
				"<=msec": 4.100
				,"percent": 75.78
				}
			,{
				"<=msec": 4.200
				,"percent": 76.31
				}
			,{
				"<=msec": 4.300
				,"percent": 76.80
				}
			,{
				"<=msec": 4.400
				,"percent": 77.23
				}
			,{
				"<=msec": 4.500
				,"percent": 77.66
				}
			,{
				"<=msec": 4.600
				,"percent": 78.04
				}
			,{
				"<=msec": 4.700
				,"percent": 78.55
				}
			,{
				"<=msec": 4.800
				,"percent": 78.98
				}
			,{
				"<=msec": 4.900
				,"percent": 79.44
				}
			,{
				"<=msec": 5.000
				,"percent": 79.79
				}
			,{
				"<=msec": 5.100
				,"percent": 80.17
				}
			,{
				"<=msec": 5.200
				,"percent": 80.66
				}
			,{
				"<=msec": 5.300
				,"percent": 81.11
				}
			,{
				"<=msec": 5.400
				,"percent": 81.52
				}
			,{
				"<=msec": 5.500
				,"percent": 81.95
				}
			,{
				"<=msec": 5.600
				,"percent": 82.44
				}
			,{
				"<=msec": 5.700
				,"percent": 82.86
				}
			,{
				"<=msec": 5.800
				,"percent": 83.33
				}
			,{
				"<=msec": 5.900
				,"percent": 83.86
				}
			,{
				"<=msec": 6.000
				,"percent": 84.40
				}
			,{
				"<=msec": 6.100
				,"percent": 84.91
				}
			,{
				"<=msec": 6.200
				,"percent": 85.44
				}
			,{
				"<=msec": 6.300
				,"percent": 86.04
				}
			,{
				"<=msec": 6.400
				,"percent": 86.55
				}
			,{
				"<=msec": 6.500
				,"percent": 87.10
				}
			,{
				"<=msec": 6.600
				,"percent": 87.68
				}
			,{
				"<=msec": 6.700
				,"percent": 88.18
				}
			,{
				"<=msec": 6.800
				,"percent": 88.73
				}
			,{
				"<=msec": 6.900
				,"percent": 89.18
				}
			,{
				"<=msec": 7.000
				,"percent": 89.70
				}
			,{
				"<=msec": 7.100
				,"percent": 90.12
				}
			,{
				"<=msec": 7.200
				,"percent": 90.61
				}
			,{
				"<=msec": 7.300
				,"percent": 91.02
				}
			,{
				"<=msec": 7.400
				,"percent": 91.34
				}
			,{
				"<=msec": 7.500
				,"percent": 91.76
				}
			,{
				"<=msec": 7.600
				,"percent": 92.19
				}
			,{
				"<=msec": 7.700
				,"percent": 92.68
				}
			,{
				"<=msec": 7.800
				,"percent": 93.11
				}
			,{
				"<=msec": 7.900
				,"percent": 93.48
				}
			,{
				"<=msec": 8.000
				,"percent": 93.82
				}
			,{
				"<=msec": 8.100
				,"percent": 94.15
				}
			,{
				"<=msec": 8.200
				,"percent": 94.50
				}
			,{
				"<=msec": 8.300
				,"percent": 94.76
				}
			,{
				"<=msec": 8.400
				,"percent": 95.12
				}
			,{
				"<=msec": 8.500
				,"percent": 95.44
				}
			,{
				"<=msec": 8.600
				,"percent": 95.72
				}
			,{
				"<=msec": 8.700
				,"percent": 96.01
				}
			,{
				"<=msec": 8.800
				,"percent": 96.24
				}
			,{
				"<=msec": 8.900
				,"percent": 96.46
				}
			,{
				"<=msec": 9.000
				,"percent": 96.67
				}
			,{
				"<=msec": 9.100
				,"percent": 96.91
				}
			,{
				"<=msec": 9.200
				,"percent": 97.10
				}
			,{
				"<=msec": 9.300
				,"percent": 97.26
				}
			,{
				"<=msec": 9.400
				,"percent": 97.42
				}
			,{
				"<=msec": 9.500
				,"percent": 97.59
				}
			,{
				"<=msec": 9.600
				,"percent": 97.79
				}
			,{
				"<=msec": 9.700
				,"percent": 97.96
				}
			,{
				"<=msec": 9.800
				,"percent": 98.12
				}
			,{
				"<=msec": 9.900
				,"percent": 98.23
				}
			,{
				"<=msec": 10.000
				,"percent": 98.81
				}
			,{
				"<=msec": 11.000
				,"percent": 99.35
				}
			,{
				"<=msec": 12.000
				,"percent": 99.54
				}
			,{
				"<=msec": 13.000
				,"percent": 99.62
				}
			,{
				"<=msec": 14.000
				,"percent": 99.71
				}
			,{
				"<=msec": 15.000
				,"percent": 99.74
				}
			,{
				"<=msec": 16.000
				,"percent": 99.79
				}
			,{
				"<=msec": 17.000
				,"percent": 99.82
				}
			,{
				"<=msec": 18.000
				,"percent": 99.89
				}
			,{
				"<=msec": 19.000
				,"percent": 99.93
				}
			,{
				"<=msec": 20.000
				,"percent": 99.94
				}
			,{
				"<=msec": 21.000
				,"percent": 99.96
				}
			,{
				"<=msec": 22.000
				,"percent": 99.97
				}
			,{
				"<=msec": 23.000
				,"percent": 99.97
				}
			,{
				"<=msec": 26.000
				,"percent": 99.98
				}
			,{
				"<=msec": 33.000
				,"percent": 99.99
				}
			,{
				"<=msec": 35.000
				,"percent": 99.99
				}
			,{
				"<=msec": 110.000
				,"percent": 100.00
				}
			]
		,"GET":[
			{
				"<=msec": 1.300
				,"percent": 0.01
				}
			,{
				"<=msec": 1.400
				,"percent": 0.16
				}
			,{
				"<=msec": 1.500
				,"percent": 0.57
				}
			,{
				"<=msec": 1.600
				,"percent": 1.54
				}
			,{
				"<=msec": 1.700
				,"percent": 3.57
				}
			,{
				"<=msec": 1.800
				,"percent": 6.39
				}
			,{
				"<=msec": 1.900
				,"percent": 10.60
				}
			,{
				"<=msec": 2.000
				,"percent": 15.78
				}
			,{
				"<=msec": 2.100
				,"percent": 21.06
				}
			,{
				"<=msec": 2.200
				,"percent": 26.28
				}
			,{
				"<=msec": 2.300
				,"percent": 31.86
				}
			,{
				"<=msec": 2.400
				,"percent": 36.73
				}
			,{
				"<=msec": 2.500
				,"percent": 41.08
				}
			,{
				"<=msec": 2.600
				,"percent": 44.87
				}
			,{
				"<=msec": 2.700
				,"percent": 48.05
				}
			,{
				"<=msec": 2.800
				,"percent": 50.94
				}
			,{
				"<=msec": 2.900
				,"percent": 53.16
				}
			,{
				"<=msec": 3.000
				,"percent": 55.16
				}
			,{
				"<=msec": 3.100
				,"percent": 56.80
				}
			,{
				"<=msec": 3.200
				,"percent": 58.28
				}
			,{
				"<=msec": 3.300
				,"percent": 59.48
				}
			,{
				"<=msec": 3.400
				,"percent": 60.60
				}
			,{
				"<=msec": 3.500
				,"percent": 61.60
				}
			,{
				"<=msec": 3.600
				,"percent": 62.54
				}
			,{
				"<=msec": 3.700
				,"percent": 63.26
				}
			,{
				"<=msec": 3.800
				,"percent": 63.93
				}
			,{
				"<=msec": 3.900
				,"percent": 64.59
				}
			,{
				"<=msec": 4.000
				,"percent": 65.24
				}
			,{
				"<=msec": 4.100
				,"percent": 65.94
				}
			,{
				"<=msec": 4.200
				,"percent": 66.46
				}
			,{
				"<=msec": 4.300
				,"percent": 66.96
				}
			,{
				"<=msec": 4.400
				,"percent": 67.41
				}
			,{
				"<=msec": 4.500
				,"percent": 67.86
				}
			,{
				"<=msec": 4.600
				,"percent": 68.38
				}
			,{
				"<=msec": 4.700
				,"percent": 68.79
				}
			,{
				"<=msec": 4.800
				,"percent": 69.21
				}
			,{
				"<=msec": 4.900
				,"percent": 69.58
				}
			,{
				"<=msec": 5.000
				,"percent": 70.03
				}
			,{
				"<=msec": 5.100
				,"percent": 70.53
				}
			,{
				"<=msec": 5.200
				,"percent": 71.03
				}
			,{
				"<=msec": 5.300
				,"percent": 71.41
				}
			,{
				"<=msec": 5.400
				,"percent": 71.94
				}
			,{
				"<=msec": 5.500
				,"percent": 72.41
				}
			,{
				"<=msec": 5.600
				,"percent": 72.80
				}
			,{
				"<=msec": 5.700
				,"percent": 73.28
				}
			,{
				"<=msec": 5.800
				,"percent": 73.63
				}
			,{
				"<=msec": 5.900
				,"percent": 74.02
				}
			,{
				"<=msec": 6.000
				,"percent": 74.52
				}
			,{
				"<=msec": 6.100
				,"percent": 74.89
				}
			,{
				"<=msec": 6.200
				,"percent": 75.32
				}
			,{
				"<=msec": 6.300
				,"percent": 75.88
				}
			,{
				"<=msec": 6.400
				,"percent": 76.37
				}
			,{
				"<=msec": 6.500
				,"percent": 77.00
				}
			,{
				"<=msec": 6.600
				,"percent": 77.57
				}
			,{
				"<=msec": 6.700
				,"percent": 78.05
				}
			,{
				"<=msec": 6.800
				,"percent": 78.62
				}
			,{
				"<=msec": 6.900
				,"percent": 79.21
				}
			,{
				"<=msec": 7.000
				,"percent": 79.80
				}
			,{
				"<=msec": 7.100
				,"percent": 80.39
				}
			,{
				"<=msec": 7.200
				,"percent": 80.98
				}
			,{
				"<=msec": 7.300
				,"percent": 81.69
				}
			,{
				"<=msec": 7.400
				,"percent": 82.33
				}
			,{
				"<=msec": 7.500
				,"percent": 82.93
				}
			,{
				"<=msec": 7.600
				,"percent": 83.56
				}
			,{
				"<=msec": 7.700
				,"percent": 84.30
				}
			,{
				"<=msec": 7.800
				,"percent": 84.86
				}
			,{
				"<=msec": 7.900
				,"percent": 85.39
				}
			,{
				"<=msec": 8.000
				,"percent": 86.03
				}
			,{
				"<=msec": 8.100
				,"percent": 86.61
				}
			,{
				"<=msec": 8.200
				,"percent": 87.10
				}
			,{
				"<=msec": 8.300
				,"percent": 87.70
				}
			,{
				"<=msec": 8.400
				,"percent": 88.26
				}
			,{
				"<=msec": 8.500
				,"percent": 88.81
				}
			,{
				"<=msec": 8.600
				,"percent": 89.33
				}
			,{
				"<=msec": 8.700
				,"percent": 89.82
				}
			,{
				"<=msec": 8.800
				,"percent": 90.30
				}
			,{
				"<=msec": 8.900
				,"percent": 90.87
				}
			,{
				"<=msec": 9.000
				,"percent": 91.37
				}
			,{
				"<=msec": 9.100
				,"percent": 91.87
				}
			,{
				"<=msec": 9.200
				,"percent": 92.34
				}
			,{
				"<=msec": 9.300
				,"percent": 92.77
				}
			,{
				"<=msec": 9.400
				,"percent": 93.29
				}
			,{
				"<=msec": 9.500
				,"percent": 93.74
				}
			,{
				"<=msec": 9.600
				,"percent": 94.29
				}
			,{
				"<=msec": 9.700
				,"percent": 94.83
				}
			,{
				"<=msec": 9.800
				,"percent": 95.29
				}
			,{
				"<=msec": 9.900
				,"percent": 95.74
				}
			,{
				"<=msec": 10.000
				,"percent": 97.60
				}
			,{
				"<=msec": 11.000
				,"percent": 98.84
				}
			,{
				"<=msec": 12.000
				,"percent": 99.37
				}
			,{
				"<=msec": 13.000
				,"percent": 99.57
				}
			,{
				"<=msec": 14.000
				,"percent": 99.68
				}
			,{
				"<=msec": 15.000
				,"percent": 99.73
				}
			,{
				"<=msec": 16.000
				,"percent": 99.76
				}
			,{
				"<=msec": 17.000
				,"percent": 99.81
				}
			,{
				"<=msec": 18.000
				,"percent": 99.84
				}
			,{
				"<=msec": 19.000
				,"percent": 99.88
				}
			,{
				"<=msec": 20.000
				,"percent": 99.92
				}
			,{
				"<=msec": 21.000
				,"percent": 99.94
				}
			,{
				"<=msec": 22.000
				,"percent": 99.96
				}
			,{
				"<=msec": 23.000
				,"percent": 99.97
				}
			,{
				"<=msec": 24.000
				,"percent": 99.98
				}
			,{
				"<=msec": 32.000
				,"percent": 99.99
				}
			,{
				"<=msec": 43.000
				,"percent": 99.99
				}
			,{
				"<=msec": 110.000
				,"percent": 100.00
				}
			]
		,"WAIT":[
		]
		}
	}
