{
	"configuration":{
		"server": "10.0.0.9"
		,"port": 11212
		,"unix socket": "(null)"
		,"protocol": "memcache_text"
		,"out_file": "(null)"
		,"client_stats": "(null)"
		,"run_count": 1
		,"debug": 0
		,"requests": 0
		,"clients": 2
		,"threads": 1
		,"test_time": 60
		,"ratio": "1:3"
		,"pipeline": 1
		,"data_size": 4096
		,"data_offset": 0
		,"random_data": "false"
		,"data_size_range": "0:0"
		,"data_size_list": ""
		,"data_size_pattern": "R"
		,"expiry_range": "9999:10000"
		,"data_import": "(null)"
		,"data_verify": "false"
		,"verify_only": "false"
		,"generate_keys": "false"
		,"key_prefix": "memtier-"
		,"key_minimum":           0
		,"key_maximum":        1000
		,"key_pattern": "R:R"
		,"key_stddev": 0.000000
		,"key_median": 0.000000
		,"reconnect_interval": 0
		,"multi_key_get": 3
		,"authenticate": ""
		,"select-db": 0
		,"no-expiry": "false"
		,"wait-ratio": "0:0"
		,"num-slaves": "0:0"
		,"wait-timeout": "0-0"
		}
	,"run information":{
		"Threads": 1
		,"Connections per thread": 2
		,"Seconds": 60
		}
	,"ALL STATS":{
		"Sets":{
			"Ops/sec": 397.76
			,"Hits/sec": 0.00
			,"Misses/sec": 0.00
			,"Latency": 2.49
			,"KB/sec": 1606.35
			}
		,"Gets":{
			"Ops/sec": 397.76
			,"Hits/sec": 1193.29
			,"Misses/sec": 0.00
			,"Latency": 2.52
			,"KB/sec": 4823.38
			}
		,"Waits":{
			"Ops/sec": 0.00
			,"Hits/sec": 0.00
			,"Misses/sec": 0.00
			,"Latency": 0.00
			,"KB/sec": 0.00
			}
		,"Totals":{
			"Ops/sec": 795.52
			,"Hits/sec": 1193.29
			,"Misses/sec": 0.00
			,"Latency": 2.50
			,"KB/sec": 6429.73
			}
		,"SET":[
			{
				"<=msec": 0.900
				,"percent": 0.01
				}
			,{
				"<=msec": 0.920
				,"percent": 0.01
				}
			,{
				"<=msec": 0.950
				,"percent": 0.02
				}
			,{
				"<=msec": 0.970
				,"percent": 0.05
				}
			,{
				"<=msec": 0.980
				,"percent": 0.08
				}
			,{
				"<=msec": 0.990
				,"percent": 0.09
				}
			,{
				"<=msec": 1.000
				,"percent": 0.33
				}
			,{
				"<=msec": 1.100
				,"percent": 1.69
				}
			,{
				"<=msec": 1.200
				,"percent": 5.12
				}
			,{
				"<=msec": 1.300
				,"percent": 11.51
				}
			,{
				"<=msec": 1.400
				,"percent": 19.90
				}
			,{
				"<=msec": 1.500
				,"percent": 29.82
				}
			,{
				"<=msec": 1.600
				,"percent": 39.16
				}
			,{
				"<=msec": 1.700
				,"percent": 47.83
				}
			,{
				"<=msec": 1.800
				,"percent": 55.07
				}
			,{
				"<=msec": 1.900
				,"percent": 60.75
				}
			,{
				"<=msec": 2.000
				,"percent": 65.33
				}
			,{
				"<=msec": 2.100
				,"percent": 69.11
				}
			,{
				"<=msec": 2.200
				,"percent": 72.06
				}
			,{
				"<=msec": 2.300
				,"percent": 74.40
				}
			,{
				"<=msec": 2.400
				,"percent": 76.16
				}
			,{
				"<=msec": 2.500
				,"percent": 77.73
				}
			,{
				"<=msec": 2.600
				,"percent": 78.88
				}
			,{
				"<=msec": 2.700
				,"percent": 80.01
				}
			,{
				"<=msec": 2.800
				,"percent": 81.03
				}
			,{
				"<=msec": 2.900
				,"percent": 81.98
				}
			,{
				"<=msec": 3.000
				,"percent": 82.73
				}
			,{
				"<=msec": 3.100
				,"percent": 83.42
				}
			,{
				"<=msec": 3.200
				,"percent": 84.01
				}
			,{
				"<=msec": 3.300
				,"percent": 84.58
				}
			,{
				"<=msec": 3.400
				,"percent": 85.15
				}
			,{
				"<=msec": 3.500
				,"percent": 85.60
				}
			,{
				"<=msec": 3.600
				,"percent": 86.07
				}
			,{
				"<=msec": 3.700
				,"percent": 86.50
				}
			,{
				"<=msec": 3.800
				,"percent": 86.96
				}
			,{
				"<=msec": 3.900
				,"percent": 87.31
				}
			,{
				"<=msec": 4.000
				,"percent": 87.64
				}
			,{
				"<=msec": 4.100
				,"percent": 88.00
				}
			,{
				"<=msec": 4.200
				,"percent": 88.34
				}
			,{
				"<=msec": 4.300
				,"percent": 88.67
				}
			,{
				"<=msec": 4.400
				,"percent": 88.96
				}
			,{
				"<=msec": 4.500
				,"percent": 89.32
				}
			,{
				"<=msec": 4.600
				,"percent": 89.67
				}
			,{
				"<=msec": 4.700
				,"percent": 89.94
				}
			,{
				"<=msec": 4.800
				,"percent": 90.30
				}
			,{
				"<=msec": 4.900
				,"percent": 90.65
				}
			,{
				"<=msec": 5.000
				,"percent": 90.96
				}
			,{
				"<=msec": 5.100
				,"percent": 91.25
				}
			,{
				"<=msec": 5.200
				,"percent": 91.50
				}
			,{
				"<=msec": 5.300
				,"percent": 91.85
				}
			,{
				"<=msec": 5.400
				,"percent": 92.11
				}
			,{
				"<=msec": 5.500
				,"percent": 92.39
				}
			,{
				"<=msec": 5.600
				,"percent": 92.67
				}
			,{
				"<=msec": 5.700
				,"percent": 93.02
				}
			,{
				"<=msec": 5.800
				,"percent": 93.36
				}
			,{
				"<=msec": 5.900
				,"percent": 93.73
				}
			,{
				"<=msec": 6.000
				,"percent": 94.05
				}
			,{
				"<=msec": 6.100
				,"percent": 94.46
				}
			,{
				"<=msec": 6.200
				,"percent": 94.81
				}
			,{
				"<=msec": 6.300
				,"percent": 95.18
				}
			,{
				"<=msec": 6.400
				,"percent": 95.45
				}
			,{
				"<=msec": 6.500
				,"percent": 95.69
				}
			,{
				"<=msec": 6.600
				,"percent": 95.99
				}
			,{
				"<=msec": 6.700
				,"percent": 96.23
				}
			,{
				"<=msec": 6.800
				,"percent": 96.41
				}
			,{
				"<=msec": 6.900
				,"percent": 96.64
				}
			,{
				"<=msec": 7.000
				,"percent": 96.79
				}
			,{
				"<=msec": 7.100
				,"percent": 96.94
				}
			,{
				"<=msec": 7.200
				,"percent": 97.06
				}
			,{
				"<=msec": 7.300
				,"percent": 97.25
				}
			,{
				"<=msec": 7.400
				,"percent": 97.37
				}
			,{
				"<=msec": 7.500
				,"percent": 97.52
				}
			,{
				"<=msec": 7.600
				,"percent": 97.64
				}
			,{
				"<=msec": 7.700
				,"percent": 97.73
				}
			,{
				"<=msec": 7.800
				,"percent": 97.88
				}
			,{
				"<=msec": 7.900
				,"percent": 97.99
				}
			,{
				"<=msec": 8.000
				,"percent": 98.12
				}
			,{
				"<=msec": 8.100
				,"percent": 98.22
				}
			,{
				"<=msec": 8.200
				,"percent": 98.28
				}
			,{
				"<=msec": 8.300
				,"percent": 98.34
				}
			,{
				"<=msec": 8.400
				,"percent": 98.40
				}
			,{
				"<=msec": 8.500
				,"percent": 98.46
				}
			,{
				"<=msec": 8.600
				,"percent": 98.56
				}
			,{
				"<=msec": 8.700
				,"percent": 98.62
				}
			,{
				"<=msec": 8.800
				,"percent": 98.66
				}
			,{
				"<=msec": 8.900
				,"percent": 98.72
				}
			,{
				"<=msec": 9.000
				,"percent": 98.78
				}
			,{
				"<=msec": 9.100
				,"percent": 98.83
				}
			,{
				"<=msec": 9.200
				,"percent": 98.86
				}
			,{
				"<=msec": 9.300
				,"percent": 98.91
				}
			,{
				"<=msec": 9.400
				,"percent": 98.97
				}
			,{
				"<=msec": 9.500
				,"percent": 99.02
				}
			,{
				"<=msec": 9.600
				,"percent": 99.07
				}
			,{
				"<=msec": 9.700
				,"percent": 99.12
				}
			,{
				"<=msec": 9.800
				,"percent": 99.17
				}
			,{
				"<=msec": 9.900
				,"percent": 99.21
				}
			,{
				"<=msec": 10.000
				,"percent": 99.44
				}
			,{
				"<=msec": 11.000
				,"percent": 99.66
				}
			,{
				"<=msec": 12.000
				,"percent": 99.74
				}
			,{
				"<=msec": 13.000
				,"percent": 99.79
				}
			,{
				"<=msec": 14.000
				,"percent": 99.82
				}
			,{
				"<=msec": 15.000
				,"percent": 99.86
				}
			,{
				"<=msec": 16.000
				,"percent": 99.88
				}
			,{
				"<=msec": 17.000
				,"percent": 99.90
				}
			,{
				"<=msec": 18.000
				,"percent": 99.91
				}
			,{
				"<=msec": 20.000
				,"percent": 99.92
				}
			,{
				"<=msec": 21.000
				,"percent": 99.92
				}
			,{
				"<=msec": 24.000
				,"percent": 99.92
				}
			,{
				"<=msec": 27.000
				,"percent": 99.93
				}
			,{
				"<=msec": 28.000
				,"percent": 99.93
				}
			,{
				"<=msec": 29.000
				,"percent": 99.95
				}
			,{
				"<=msec": 30.000
				,"percent": 99.95
				}
			,{
				"<=msec": 31.000
				,"percent": 99.95
				}
			,{
				"<=msec": 32.000
				,"percent": 99.96
				}
			,{
				"<=msec": 44.000
				,"percent": 99.96
				}
			,{
				"<=msec": 62.000
				,"percent": 99.97
				}
			,{
				"<=msec": 99.000
				,"percent": 99.97
				}
			,{
				"<=msec": 100.000
				,"percent": 99.97
				}
			,{
				"<=msec": 110.000
				,"percent": 99.98
				}
			,{
				"<=msec": 120.000
				,"percent": 99.98
				}
			,{
				"<=msec": 160.000
				,"percent": 99.99
				}
			,{
				"<=msec": 330.000
				,"percent": 99.99
				}
			,{
				"<=msec": 370.000
				,"percent": 100.00
				}
			,{
				"<=msec": 390.000
				,"percent": 100.00
				}
			]
		,"GET":[
			{
				"<=msec": 0.990
				,"percent": 0.00
				}
			,{
				"<=msec": 1.000
				,"percent": 0.03
				}
			,{
				"<=msec": 1.100
				,"percent": 0.42
				}
			,{
				"<=msec": 1.200
				,"percent": 2.31
				}
			,{
				"<=msec": 1.300
				,"percent": 6.84
				}
			,{
				"<=msec": 1.400
				,"percent": 14.08
				}
			,{
				"<=msec": 1.500
				,"percent": 23.26
				}
			,{
				"<=msec": 1.600
				,"percent": 33.08
				}
			,{
				"<=msec": 1.700
				,"percent": 42.47
				}
			,{
				"<=msec": 1.800
				,"percent": 50.67
				}
			,{
				"<=msec": 1.900
				,"percent": 57.29
				}
			,{
				"<=msec": 2.000
				,"percent": 62.67
				}
			,{
				"<=msec": 2.100
				,"percent": 66.95
				}
			,{
				"<=msec": 2.200
				,"percent": 70.72
				}
			,{
				"<=msec": 2.300
				,"percent": 73.62
				}
			,{
				"<=msec": 2.400
				,"percent": 75.68
				}
			,{
				"<=msec": 2.500
				,"percent": 77.52
				}
			,{
				"<=msec": 2.600
				,"percent": 78.94
				}
			,{
				"<=msec": 2.700
				,"percent": 80.15
				}
			,{
				"<=msec": 2.800
				,"percent": 81.25
				}
			,{
				"<=msec": 2.900
				,"percent": 82.22
				}
			,{
				"<=msec": 3.000
				,"percent": 82.89
				}
			,{
				"<=msec": 3.100
				,"percent": 83.58
				}
			,{
				"<=msec": 3.200
				,"percent": 84.17
				}
			,{
				"<=msec": 3.300
				,"percent": 84.74
				}
			,{
				"<=msec": 3.400
				,"percent": 85.38
				}
			,{
				"<=msec": 3.500
				,"percent": 85.84
				}
			,{
				"<=msec": 3.600
				,"percent": 86.35
				}
			,{
				"<=msec": 3.700
				,"percent": 86.82
				}
			,{
				"<=msec": 3.800
				,"percent": 87.25
				}
			,{
				"<=msec": 3.900
				,"percent": 87.61
				}
			,{
				"<=msec": 4.000
				,"percent": 88.02
				}
			,{
				"<=msec": 4.100
				,"percent": 88.41
				}
			,{
				"<=msec": 4.200
				,"percent": 88.72
				}
			,{
				"<=msec": 4.300
				,"percent": 89.13
				}
			,{
				"<=msec": 4.400
				,"percent": 89.45
				}
			,{
				"<=msec": 4.500
				,"percent": 89.72
				}
			,{
				"<=msec": 4.600
				,"percent": 90.01
				}
			,{
				"<=msec": 4.700
				,"percent": 90.28
				}
			,{
				"<=msec": 4.800
				,"percent": 90.56
				}
			,{
				"<=msec": 4.900
				,"percent": 90.79
				}
			,{
				"<=msec": 5.000
				,"percent": 91.10
				}
			,{
				"<=msec": 5.100
				,"percent": 91.36
				}
			,{
				"<=msec": 5.200
				,"percent": 91.65
				}
			,{
				"<=msec": 5.300
				,"percent": 91.97
				}
			,{
				"<=msec": 5.400
				,"percent": 92.26
				}
			,{
				"<=msec": 5.500
				,"percent": 92.50
				}
			,{
				"<=msec": 5.600
				,"percent": 92.75
				}
			,{
				"<=msec": 5.700
				,"percent": 93.13
				}
			,{
				"<=msec": 5.800
				,"percent": 93.44
				}
			,{
				"<=msec": 5.900
				,"percent": 93.77
				}
			,{
				"<=msec": 6.000
				,"percent": 94.06
				}
			,{
				"<=msec": 6.100
				,"percent": 94.34
				}
			,{
				"<=msec": 6.200
				,"percent": 94.62
				}
			,{
				"<=msec": 6.300
				,"percent": 94.94
				}
			,{
				"<=msec": 6.400
				,"percent": 95.20
				}
			,{
				"<=msec": 6.500
				,"percent": 95.50
				}
			,{
				"<=msec": 6.600
				,"percent": 95.73
				}
			,{
				"<=msec": 6.700
				,"percent": 95.96
				}
			,{
				"<=msec": 6.800
				,"percent": 96.17
				}
			,{
				"<=msec": 6.900
				,"percent": 96.42
				}
			,{
				"<=msec": 7.000
				,"percent": 96.64
				}
			,{
				"<=msec": 7.100
				,"percent": 96.85
				}
			,{
				"<=msec": 7.200
				,"percent": 97.02
				}
			,{
				"<=msec": 7.300
				,"percent": 97.24
				}
			,{
				"<=msec": 7.400
				,"percent": 97.39
				}
			,{
				"<=msec": 7.500
				,"percent": 97.55
				}
			,{
				"<=msec": 7.600
				,"percent": 97.74
				}
			,{
				"<=msec": 7.700
				,"percent": 97.81
				}
			,{
				"<=msec": 7.800
				,"percent": 97.96
				}
			,{
				"<=msec": 7.900
				,"percent": 98.06
				}
			,{
				"<=msec": 8.000
				,"percent": 98.16
				}
			,{
				"<=msec": 8.100
				,"percent": 98.28
				}
			,{
				"<=msec": 8.200
				,"percent": 98.37
				}
			,{
				"<=msec": 8.300
				,"percent": 98.45
				}
			,{
				"<=msec": 8.400
				,"percent": 98.53
				}
			,{
				"<=msec": 8.500
				,"percent": 98.60
				}
			,{
				"<=msec": 8.600
				,"percent": 98.66
				}
			,{
				"<=msec": 8.700
				,"percent": 98.72
				}
			,{
				"<=msec": 8.800
				,"percent": 98.77
				}
			,{
				"<=msec": 8.900
				,"percent": 98.82
				}
			,{
				"<=msec": 9.000
				,"percent": 98.86
				}
			,{
				"<=msec": 9.100
				,"percent": 98.91
				}
			,{
				"<=msec": 9.200
				,"percent": 98.98
				}
			,{
				"<=msec": 9.300
				,"percent": 99.03
				}
			,{
				"<=msec": 9.400
				,"percent": 99.07
				}
			,{
				"<=msec": 9.500
				,"percent": 99.12
				}
			,{
				"<=msec": 9.600
				,"percent": 99.16
				}
			,{
				"<=msec": 9.700
				,"percent": 99.20
				}
			,{
				"<=msec": 9.800
				,"percent": 99.25
				}
			,{
				"<=msec": 9.900
				,"percent": 99.30
				}
			,{
				"<=msec": 10.000
				,"percent": 99.46
				}
			,{
				"<=msec": 11.000
				,"percent": 99.66
				}
			,{
				"<=msec": 12.000
				,"percent": 99.74
				}
			,{
				"<=msec": 13.000
				,"percent": 99.84
				}
			,{
				"<=msec": 14.000
				,"percent": 99.86
				}
			,{
				"<=msec": 15.000
				,"percent": 99.89
				}
			,{
				"<=msec": 16.000
				,"percent": 99.92
				}
			,{
				"<=msec": 17.000
				,"percent": 99.92
				}
			,{
				"<=msec": 18.000
				,"percent": 99.92
				}
			,{
				"<=msec": 19.000
				,"percent": 99.93
				}
			,{
				"<=msec": 21.000
				,"percent": 99.94
				}
			,{
				"<=msec": 24.000
				,"percent": 99.95
				}
			,{
				"<=msec": 29.000
				,"percent": 99.96
				}
			,{
				"<=msec": 31.000
				,"percent": 99.97
				}
			,{
				"<=msec": 37.000
				,"percent": 99.97
				}
			,{
				"<=msec": 63.000
				,"percent": 99.97
				}
			,{
				"<=msec": 110.000
				,"percent": 99.98
				}
			,{
				"<=msec": 120.000
				,"percent": 99.99
				}
			,{
				"<=msec": 130.000
				,"percent": 99.99
				}
			,{
				"<=msec": 220.000
				,"percent": 100.00
				}
			,{
				"<=msec": 670.000
				,"percent": 100.00
				}
			]
		,"WAIT":[
		]
		}
	}
