{
	"configuration":{
		"server": "10.0.0.9"
		,"port": 11212
		,"unix socket": "(null)"
		,"protocol": "memcache_text"
		,"out_file": "(null)"
		,"client_stats": "(null)"
		,"run_count": 1
		,"debug": 0
		,"requests": 0
		,"clients": 2
		,"threads": 1
		,"test_time": 60
		,"ratio": "1:9"
		,"pipeline": 1
		,"data_size": 4096
		,"data_offset": 0
		,"random_data": "false"
		,"data_size_range": "0:0"
		,"data_size_list": ""
		,"data_size_pattern": "R"
		,"expiry_range": "9999:10000"
		,"data_import": "(null)"
		,"data_verify": "false"
		,"verify_only": "false"
		,"generate_keys": "false"
		,"key_prefix": "memtier-"
		,"key_minimum":           0
		,"key_maximum":        1000
		,"key_pattern": "R:R"
		,"key_stddev": 0.000000
		,"key_median": 0.000000
		,"reconnect_interval": 0
		,"multi_key_get": 9
		,"authenticate": ""
		,"select-db": 0
		,"no-expiry": "false"
		,"wait-ratio": "0:0"
		,"num-slaves": "0:0"
		,"wait-timeout": "0-0"
		}
	,"run information":{
		"Threads": 1
		,"Connections per thread": 2
		,"Seconds": 60
		}
	,"ALL STATS":{
		"Sets":{
			"Ops/sec": 192.36
			,"Hits/sec": 0.00
			,"Misses/sec": 0.00
			,"Latency": 4.54
			,"KB/sec": 776.83
			}
		,"Gets":{
			"Ops/sec": 192.32
			,"Hits/sec": 1730.92
			,"Misses/sec": 0.00
			,"Latency": 5.83
			,"KB/sec": 6992.80
			}
		,"Waits":{
			"Ops/sec": 0.00
			,"Hits/sec": 0.00
			,"Misses/sec": 0.00
			,"Latency": 0.00
			,"KB/sec": 0.00
			}
		,"Totals":{
			"Ops/sec": 384.68
			,"Hits/sec": 1730.92
			,"Misses/sec": 0.00
			,"Latency": 5.18
			,"KB/sec": 7769.63
			}
		,"SET":[
			{
				"<=msec": 0.900
				,"percent": 0.01
				}
			,{
				"<=msec": 0.970
				,"percent": 0.02
				}
			,{
				"<=msec": 0.990
				,"percent": 0.03
				}
			,{
				"<=msec": 1.000
				,"percent": 0.14
				}
			,{
				"<=msec": 1.100
				,"percent": 0.78
				}
			,{
				"<=msec": 1.200
				,"percent": 2.30
				}
			,{
				"<=msec": 1.300
				,"percent": 5.51
				}
			,{
				"<=msec": 1.400
				,"percent": 10.11
				}
			,{
				"<=msec": 1.500
				,"percent": 16.39
				}
			,{
				"<=msec": 1.600
				,"percent": 22.85
				}
			,{
				"<=msec": 1.700
				,"percent": 29.27
				}
			,{
				"<=msec": 1.800
				,"percent": 35.10
				}
			,{
				"<=msec": 1.900
				,"percent": 39.97
				}
			,{
				"<=msec": 2.000
				,"percent": 43.70
				}
			,{
				"<=msec": 2.100
				,"percent": 47.34
				}
			,{
				"<=msec": 2.200
				,"percent": 49.90
				}
			,{
				"<=msec": 2.300
				,"percent": 51.85
				}
			,{
				"<=msec": 2.400
				,"percent": 53.47
				}
			,{
				"<=msec": 2.500
				,"percent": 54.82
				}
			,{
				"<=msec": 2.600
				,"percent": 56.12
				}
			,{
				"<=msec": 2.700
				,"percent": 57.06
				}
			,{
				"<=msec": 2.800
				,"percent": 58.03
				}
			,{
				"<=msec": 2.900
				,"percent": 58.79
				}
			,{
				"<=msec": 3.000
				,"percent": 59.50
				}
			,{
				"<=msec": 3.100
				,"percent": 60.06
				}
			,{
				"<=msec": 3.200
				,"percent": 60.66
				}
			,{
				"<=msec": 3.300
				,"percent": 61.16
				}
			,{
				"<=msec": 3.400
				,"percent": 61.59
				}
			,{
				"<=msec": 3.500
				,"percent": 62.08
				}
			,{
				"<=msec": 3.600
				,"percent": 62.68
				}
			,{
				"<=msec": 3.700
				,"percent": 63.03
				}
			,{
				"<=msec": 3.800
				,"percent": 63.44
				}
			,{
				"<=msec": 3.900
				,"percent": 63.77
				}
			,{
				"<=msec": 4.000
				,"percent": 64.19
				}
			,{
				"<=msec": 4.100
				,"percent": 64.48
				}
			,{
				"<=msec": 4.200
				,"percent": 64.92
				}
			,{
				"<=msec": 4.300
				,"percent": 65.19
				}
			,{
				"<=msec": 4.400
				,"percent": 65.57
				}
			,{
				"<=msec": 4.500
				,"percent": 65.92
				}
			,{
				"<=msec": 4.600
				,"percent": 66.23
				}
			,{
				"<=msec": 4.700
				,"percent": 66.62
				}
			,{
				"<=msec": 4.800
				,"percent": 66.89
				}
			,{
				"<=msec": 4.900
				,"percent": 67.27
				}
			,{
				"<=msec": 5.000
				,"percent": 67.51
				}
			,{
				"<=msec": 5.100
				,"percent": 67.80
				}
			,{
				"<=msec": 5.200
				,"percent": 68.09
				}
			,{
				"<=msec": 5.300
				,"percent": 68.35
				}
			,{
				"<=msec": 5.400
				,"percent": 68.66
				}
			,{
				"<=msec": 5.500
				,"percent": 68.90
				}
			,{
				"<=msec": 5.600
				,"percent": 69.17
				}
			,{
				"<=msec": 5.700
				,"percent": 69.50
				}
			,{
				"<=msec": 5.800
				,"percent": 69.93
				}
			,{
				"<=msec": 5.900
				,"percent": 70.29
				}
			,{
				"<=msec": 6.000
				,"percent": 70.59
				}
			,{
				"<=msec": 6.100
				,"percent": 70.90
				}
			,{
				"<=msec": 6.200
				,"percent": 71.26
				}
			,{
				"<=msec": 6.300
				,"percent": 71.52
				}
			,{
				"<=msec": 6.400
				,"percent": 71.93
				}
			,{
				"<=msec": 6.500
				,"percent": 72.21
				}
			,{
				"<=msec": 6.600
				,"percent": 72.47
				}
			,{
				"<=msec": 6.700
				,"percent": 72.71
				}
			,{
				"<=msec": 6.800
				,"percent": 72.92
				}
			,{
				"<=msec": 6.900
				,"percent": 73.12
				}
			,{
				"<=msec": 7.000
				,"percent": 73.41
				}
			,{
				"<=msec": 7.100
				,"percent": 73.77
				}
			,{
				"<=msec": 7.200
				,"percent": 74.05
				}
			,{
				"<=msec": 7.300
				,"percent": 74.38
				}
			,{
				"<=msec": 7.400
				,"percent": 74.60
				}
			,{
				"<=msec": 7.500
				,"percent": 74.92
				}
			,{
				"<=msec": 7.600
				,"percent": 75.25
				}
			,{
				"<=msec": 7.700
				,"percent": 75.52
				}
			,{
				"<=msec": 7.800
				,"percent": 75.81
				}
			,{
				"<=msec": 7.900
				,"percent": 76.04
				}
			,{
				"<=msec": 8.000
				,"percent": 76.28
				}
			,{
				"<=msec": 8.100
				,"percent": 76.53
				}
			,{
				"<=msec": 8.200
				,"percent": 76.70
				}
			,{
				"<=msec": 8.300
				,"percent": 76.96
				}
			,{
				"<=msec": 8.400
				,"percent": 77.16
				}
			,{
				"<=msec": 8.500
				,"percent": 77.36
				}
			,{
				"<=msec": 8.600
				,"percent": 77.70
				}
			,{
				"<=msec": 8.700
				,"percent": 77.98
				}
			,{
				"<=msec": 8.800
				,"percent": 78.23
				}
			,{
				"<=msec": 8.900
				,"percent": 78.47
				}
			,{
				"<=msec": 9.000
				,"percent": 78.79
				}
			,{
				"<=msec": 9.100
				,"percent": 79.06
				}
			,{
				"<=msec": 9.200
				,"percent": 79.41
				}
			,{
				"<=msec": 9.300
				,"percent": 79.77
				}
			,{
				"<=msec": 9.400
				,"percent": 80.19
				}
			,{
				"<=msec": 9.500
				,"percent": 80.63
				}
			,{
				"<=msec": 9.600
				,"percent": 81.16
				}
			,{
				"<=msec": 9.700
				,"percent": 81.61
				}
			,{
				"<=msec": 9.800
				,"percent": 82.08
				}
			,{
				"<=msec": 9.900
				,"percent": 82.67
				}
			,{
				"<=msec": 10.000
				,"percent": 86.34
				}
			,{
				"<=msec": 11.000
				,"percent": 95.49
				}
			,{
				"<=msec": 12.000
				,"percent": 98.55
				}
			,{
				"<=msec": 13.000
				,"percent": 99.13
				}
			,{
				"<=msec": 14.000
				,"percent": 99.36
				}
			,{
				"<=msec": 15.000
				,"percent": 99.58
				}
			,{
				"<=msec": 16.000
				,"percent": 99.68
				}
			,{
				"<=msec": 17.000
				,"percent": 99.73
				}
			,{
				"<=msec": 18.000
				,"percent": 99.77
				}
			,{
				"<=msec": 19.000
				,"percent": 99.79
				}
			,{
				"<=msec": 20.000
				,"percent": 99.80
				}
			,{
				"<=msec": 21.000
				,"percent": 99.83
				}
			,{
				"<=msec": 22.000
				,"percent": 99.84
				}
			,{
				"<=msec": 23.000
				,"percent": 99.86
				}
			,{
				"<=msec": 24.000
				,"percent": 99.87
				}
			,{
				"<=msec": 25.000
				,"percent": 99.90
				}
			,{
				"<=msec": 26.000
				,"percent": 99.94
				}
			,{
				"<=msec": 27.000
				,"percent": 99.95
				}
			,{
				"<=msec": 28.000
				,"percent": 99.96
				}
			,{
				"<=msec": 29.000
				,"percent": 99.97
				}
			,{
				"<=msec": 30.000
				,"percent": 99.98
				}
			,{
				"<=msec": 31.000
				,"percent": 99.99
				}
			,{
				"<=msec": 110.000
				,"percent": 100.00
				}
			]
		,"GET":[
			{
				"<=msec": 1.400
				,"percent": 0.01
				}
			,{
				"<=msec": 1.500
				,"percent": 0.10
				}
			,{
				"<=msec": 1.600
				,"percent": 0.70
				}
			,{
				"<=msec": 1.700
				,"percent": 2.21
				}
			,{
				"<=msec": 1.800
				,"percent": 4.76
				}
			,{
				"<=msec": 1.900
				,"percent": 8.63
				}
			,{
				"<=msec": 2.000
				,"percent": 13.05
				}
			,{
				"<=msec": 2.100
				,"percent": 18.44
				}
			,{
				"<=msec": 2.200
				,"percent": 23.80
				}
			,{
				"<=msec": 2.300
				,"percent": 28.54
				}
			,{
				"<=msec": 2.400
				,"percent": 32.87
				}
			,{
				"<=msec": 2.500
				,"percent": 36.84
				}
			,{
				"<=msec": 2.600
				,"percent": 39.83
				}
			,{
				"<=msec": 2.700
				,"percent": 42.41
				}
			,{
				"<=msec": 2.800
				,"percent": 44.85
				}
			,{
				"<=msec": 2.900
				,"percent": 46.60
				}
			,{
				"<=msec": 3.000
				,"percent": 47.94
				}
			,{
				"<=msec": 3.100
				,"percent": 49.07
				}
			,{
				"<=msec": 3.200
				,"percent": 50.07
				}
			,{
				"<=msec": 3.300
				,"percent": 50.96
				}
			,{
				"<=msec": 3.400
				,"percent": 51.63
				}
			,{
				"<=msec": 3.500
				,"percent": 52.24
				}
			,{
				"<=msec": 3.600
				,"percent": 52.77
				}
			,{
				"<=msec": 3.700
				,"percent": 53.34
				}
			,{
				"<=msec": 3.800
				,"percent": 53.73
				}
			,{
				"<=msec": 3.900
				,"percent": 54.18
				}
			,{
				"<=msec": 4.000
				,"percent": 54.67
				}
			,{
				"<=msec": 4.100
				,"percent": 54.99
				}
			,{
				"<=msec": 4.200
				,"percent": 55.35
				}
			,{
				"<=msec": 4.300
				,"percent": 55.60
				}
			,{
				"<=msec": 4.400
				,"percent": 55.90
				}
			,{
				"<=msec": 4.500
				,"percent": 56.31
				}
			,{
				"<=msec": 4.600
				,"percent": 56.64
				}
			,{
				"<=msec": 4.700
				,"percent": 56.95
				}
			,{
				"<=msec": 4.800
				,"percent": 57.26
				}
			,{
				"<=msec": 4.900
				,"percent": 57.51
				}
			,{
				"<=msec": 5.000
				,"percent": 57.71
				}
			,{
				"<=msec": 5.100
				,"percent": 58.02
				}
			,{
				"<=msec": 5.200
				,"percent": 58.28
				}
			,{
				"<=msec": 5.300
				,"percent": 58.59
				}
			,{
				"<=msec": 5.400
				,"percent": 58.92
				}
			,{
				"<=msec": 5.500
				,"percent": 59.18
				}
			,{
				"<=msec": 5.600
				,"percent": 59.50
				}
			,{
				"<=msec": 5.700
				,"percent": 59.84
				}
			,{
				"<=msec": 5.800
				,"percent": 60.15
				}
			,{
				"<=msec": 5.900
				,"percent": 60.41
				}
			,{
				"<=msec": 6.000
				,"percent": 60.72
				}
			,{
				"<=msec": 6.100
				,"percent": 61.02
				}
			,{
				"<=msec": 6.200
				,"percent": 61.30
				}
			,{
				"<=msec": 6.300
				,"percent": 61.60
				}
			,{
				"<=msec": 6.400
				,"percent": 61.96
				}
			,{
				"<=msec": 6.500
				,"percent": 62.24
				}
			,{
				"<=msec": 6.600
				,"percent": 62.64
				}
			,{
				"<=msec": 6.700
				,"percent": 62.84
				}
			,{
				"<=msec": 6.800
				,"percent": 63.22
				}
			,{
				"<=msec": 6.900
				,"percent": 63.54
				}
			,{
				"<=msec": 7.000
				,"percent": 63.91
				}
			,{
				"<=msec": 7.100
				,"percent": 64.20
				}
			,{
				"<=msec": 7.200
				,"percent": 64.52
				}
			,{
				"<=msec": 7.300
				,"percent": 64.82
				}
			,{
				"<=msec": 7.400
				,"percent": 65.16
				}
			,{
				"<=msec": 7.500
				,"percent": 65.49
				}
			,{
				"<=msec": 7.600
				,"percent": 65.87
				}
			,{
				"<=msec": 7.700
				,"percent": 66.13
				}
			,{
				"<=msec": 7.800
				,"percent": 66.60
				}
			,{
				"<=msec": 7.900
				,"percent": 66.92
				}
			,{
				"<=msec": 8.000
				,"percent": 67.30
				}
			,{
				"<=msec": 8.100
				,"percent": 67.75
				}
			,{
				"<=msec": 8.200
				,"percent": 68.11
				}
			,{
				"<=msec": 8.300
				,"percent": 68.44
				}
			,{
				"<=msec": 8.400
				,"percent": 68.73
				}
			,{
				"<=msec": 8.500
				,"percent": 69.11
				}
			,{
				"<=msec": 8.600
				,"percent": 69.55
				}
			,{
				"<=msec": 8.700
				,"percent": 69.97
				}
			,{
				"<=msec": 8.800
				,"percent": 70.32
				}
			,{
				"<=msec": 8.900
				,"percent": 70.68
				}
			,{
				"<=msec": 9.000
				,"percent": 70.97
				}
			,{
				"<=msec": 9.100
				,"percent": 71.32
				}
			,{
				"<=msec": 9.200
				,"percent": 71.69
				}
			,{
				"<=msec": 9.300
				,"percent": 72.13
				}
			,{
				"<=msec": 9.400
				,"percent": 72.62
				}
			,{
				"<=msec": 9.500
				,"percent": 73.07
				}
			,{
				"<=msec": 9.600
				,"percent": 73.66
				}
			,{
				"<=msec": 9.700
				,"percent": 74.19
				}
			,{
				"<=msec": 9.800
				,"percent": 74.71
				}
			,{
				"<=msec": 9.900
				,"percent": 75.08
				}
			,{
				"<=msec": 10.000
				,"percent": 77.59
				}
			,{
				"<=msec": 11.000
				,"percent": 83.83
				}
			,{
				"<=msec": 12.000
				,"percent": 93.14
				}
			,{
				"<=msec": 13.000
				,"percent": 97.90
				}
			,{
				"<=msec": 14.000
				,"percent": 99.09
				}
			,{
				"<=msec": 15.000
				,"percent": 99.33
				}
			,{
				"<=msec": 16.000
				,"percent": 99.55
				}
			,{
				"<=msec": 17.000
				,"percent": 99.67
				}
			,{
				"<=msec": 18.000
				,"percent": 99.77
				}
			,{
				"<=msec": 19.000
				,"percent": 99.81
				}
			,{
				"<=msec": 20.000
				,"percent": 99.86
				}
			,{
				"<=msec": 21.000
				,"percent": 99.88
				}
			,{
				"<=msec": 23.000
				,"percent": 99.90
				}
			,{
				"<=msec": 24.000
				,"percent": 99.91
				}
			,{
				"<=msec": 25.000
				,"percent": 99.94
				}
			,{
				"<=msec": 26.000
				,"percent": 99.95
				}
			,{
				"<=msec": 27.000
				,"percent": 99.97
				}
			,{
				"<=msec": 110.000
				,"percent": 99.99
				}
			,{
				"<=msec": 120.000
				,"percent": 100.00
				}
			]
		,"WAIT":[
		]
		}
	}
